14-Jun-2021 13:30:41 CEST  Initiating request to open file file:/eos/cms/store/user/tsarkar/SIM_Condor_output_Vector_MonoZLL_NLO_Mphi-500_Mchi-150_gSM-0p25_gDM-1p0_ctau0p1/step_SIM_2017UL_8.root
14-Jun-2021 13:30:46 CEST  Successfully opened file file:/eos/cms/store/user/tsarkar/SIM_Condor_output_Vector_MonoZLL_NLO_Mphi-500_Mchi-150_gSM-0p25_gDM-1p0_ctau0p1/step_SIM_2017UL_8.root
14-Jun-2021 13:30:51 CEST  Initiating request to open file root://eoscms.cern.ch//eos/cms/store/mc/RunIISummer20ULPrePremix/Neutrino_E-10_gun/PREMIX/UL17_106X_mc2017_realistic_v6-v3/210002/7F161E8B-28D2-9A4F-976B-FA2343186C06.root
%MSG-w XrdAdaptor:  PreMixingModule:mixData@ctor 14-Jun-2021 13:30:53 CEST  pre-events
Data is served from cern.ch instead of original site eoscms
%MSG
14-Jun-2021 13:30:53 CEST  Successfully opened file root://eoscms.cern.ch//eos/cms/store/mc/RunIISummer20ULPrePremix/Neutrino_E-10_gun/PREMIX/UL17_106X_mc2017_realistic_v6-v3/210002/7F161E8B-28D2-9A4F-976B-FA2343186C06.root
Begin processing the 1st record. Run 1, Event 351, LumiSection 8 on stream 0 at 14-Jun-2021 13:31:33.302 CEST
14-Jun-2021 13:40:18 CEST  Closed file root://eoscms.cern.ch//eos/cms/store/mc/RunIISummer20ULPrePremix/Neutrino_E-10_gun/PREMIX/UL17_106X_mc2017_realistic_v6-v3/210002/7F161E8B-28D2-9A4F-976B-FA2343186C06.root
14-Jun-2021 13:40:18 CEST  Initiating request to open file root://eoscms.cern.ch//eos/cms/store/mc/RunIISummer20ULPrePremix/Neutrino_E-10_gun/PREMIX/UL17_106X_mc2017_realistic_v6-v3/210018/87D360BA-7877-F74B-90CA-24492FA4E737.root
%MSG-w XrdAdaptor:  PreMixingModule:mixData 14-Jun-2021 13:40:21 CEST  Run: 1 Event: 351
Data is served from cern.ch instead of original site eoscms
%MSG
14-Jun-2021 13:40:21 CEST  Successfully opened file root://eoscms.cern.ch//eos/cms/store/mc/RunIISummer20ULPrePremix/Neutrino_E-10_gun/PREMIX/UL17_106X_mc2017_realistic_v6-v3/210018/87D360BA-7877-F74B-90CA-24492FA4E737.root
Begin processing the 2nd record. Run 1, Event 353, LumiSection 8 on stream 0 at 14-Jun-2021 13:40:54.227 CEST
Begin processing the 3rd record. Run 1, Event 352, LumiSection 8 on stream 0 at 14-Jun-2021 13:40:57.740 CEST
Begin processing the 4th record. Run 1, Event 354, LumiSection 8 on stream 0 at 14-Jun-2021 13:41:01.229 CEST
Begin processing the 5th record. Run 1, Event 358, LumiSection 8 on stream 0 at 14-Jun-2021 13:41:05.774 CEST
Begin processing the 6th record. Run 1, Event 355, LumiSection 8 on stream 0 at 14-Jun-2021 13:41:09.168 CEST
Begin processing the 7th record. Run 1, Event 357, LumiSection 8 on stream 0 at 14-Jun-2021 13:41:13.424 CEST
Begin processing the 8th record. Run 1, Event 356, LumiSection 8 on stream 0 at 14-Jun-2021 13:41:17.143 CEST
Begin processing the 9th record. Run 1, Event 359, LumiSection 8 on stream 0 at 14-Jun-2021 13:41:21.298 CEST
Begin processing the 10th record. Run 1, Event 360, LumiSection 8 on stream 0 at 14-Jun-2021 13:41:27.688 CEST
Begin processing the 11th record. Run 1, Event 361, LumiSection 8 on stream 0 at 14-Jun-2021 13:41:32.206 CEST
Begin processing the 12th record. Run 1, Event 363, LumiSection 8 on stream 0 at 14-Jun-2021 13:41:36.368 CEST
Begin processing the 13th record. Run 1, Event 362, LumiSection 8 on stream 0 at 14-Jun-2021 13:41:41.300 CEST
Begin processing the 14th record. Run 1, Event 364, LumiSection 8 on stream 0 at 14-Jun-2021 13:41:46.688 CEST
Begin processing the 15th record. Run 1, Event 367, LumiSection 8 on stream 0 at 14-Jun-2021 13:41:51.589 CEST
Begin processing the 16th record. Run 1, Event 365, LumiSection 8 on stream 0 at 14-Jun-2021 13:41:56.484 CEST
Begin processing the 17th record. Run 1, Event 366, LumiSection 8 on stream 0 at 14-Jun-2021 13:42:00.847 CEST
Begin processing the 18th record. Run 1, Event 368, LumiSection 8 on stream 0 at 14-Jun-2021 13:42:04.872 CEST
Begin processing the 19th record. Run 1, Event 372, LumiSection 8 on stream 0 at 14-Jun-2021 13:42:08.535 CEST
Begin processing the 20th record. Run 1, Event 369, LumiSection 8 on stream 0 at 14-Jun-2021 13:42:12.959 CEST
Begin processing the 21st record. Run 1, Event 370, LumiSection 8 on stream 0 at 14-Jun-2021 13:42:16.842 CEST
Begin processing the 22nd record. Run 1, Event 373, LumiSection 8 on stream 0 at 14-Jun-2021 13:42:22.507 CEST
Begin processing the 23rd record. Run 1, Event 371, LumiSection 8 on stream 0 at 14-Jun-2021 13:42:27.248 CEST
Begin processing the 24th record. Run 1, Event 375, LumiSection 8 on stream 0 at 14-Jun-2021 13:42:32.221 CEST
Begin processing the 25th record. Run 1, Event 376, LumiSection 8 on stream 0 at 14-Jun-2021 13:42:36.075 CEST
Begin processing the 26th record. Run 1, Event 377, LumiSection 8 on stream 0 at 14-Jun-2021 13:42:41.135 CEST
Begin processing the 27th record. Run 1, Event 374, LumiSection 8 on stream 0 at 14-Jun-2021 13:42:44.991 CEST
Begin processing the 28th record. Run 1, Event 378, LumiSection 8 on stream 0 at 14-Jun-2021 13:42:50.179 CEST
Begin processing the 29th record. Run 1, Event 381, LumiSection 8 on stream 0 at 14-Jun-2021 13:42:55.000 CEST
Begin processing the 30th record. Run 1, Event 379, LumiSection 8 on stream 0 at 14-Jun-2021 13:42:59.228 CEST
Begin processing the 31st record. Run 1, Event 382, LumiSection 8 on stream 0 at 14-Jun-2021 13:43:03.626 CEST
Begin processing the 32nd record. Run 1, Event 383, LumiSection 8 on stream 0 at 14-Jun-2021 13:43:07.908 CEST
Begin processing the 33rd record. Run 1, Event 380, LumiSection 8 on stream 0 at 14-Jun-2021 13:43:11.659 CEST
Begin processing the 34th record. Run 1, Event 384, LumiSection 8 on stream 0 at 14-Jun-2021 13:43:16.280 CEST
Begin processing the 35th record. Run 1, Event 386, LumiSection 8 on stream 0 at 14-Jun-2021 13:43:19.880 CEST
Begin processing the 36th record. Run 1, Event 387, LumiSection 8 on stream 0 at 14-Jun-2021 13:43:26.631 CEST
Begin processing the 37th record. Run 1, Event 385, LumiSection 8 on stream 0 at 14-Jun-2021 13:43:30.563 CEST
Begin processing the 38th record. Run 1, Event 388, LumiSection 8 on stream 0 at 14-Jun-2021 13:43:34.723 CEST
Begin processing the 39th record. Run 1, Event 389, LumiSection 8 on stream 0 at 14-Jun-2021 13:43:39.497 CEST
Begin processing the 40th record. Run 1, Event 390, LumiSection 8 on stream 0 at 14-Jun-2021 13:43:45.591 CEST
Begin processing the 41st record. Run 1, Event 391, LumiSection 8 on stream 0 at 14-Jun-2021 13:43:50.286 CEST
Begin processing the 42nd record. Run 1, Event 393, LumiSection 8 on stream 0 at 14-Jun-2021 13:43:54.492 CEST
Begin processing the 43rd record. Run 1, Event 395, LumiSection 8 on stream 0 at 14-Jun-2021 13:43:58.865 CEST
Begin processing the 44th record. Run 1, Event 396, LumiSection 8 on stream 0 at 14-Jun-2021 13:44:03.239 CEST
Begin processing the 45th record. Run 1, Event 392, LumiSection 8 on stream 0 at 14-Jun-2021 13:44:06.979 CEST
Begin processing the 46th record. Run 1, Event 394, LumiSection 8 on stream 0 at 14-Jun-2021 13:44:11.010 CEST
Begin processing the 47th record. Run 1, Event 398, LumiSection 8 on stream 0 at 14-Jun-2021 13:44:15.665 CEST
Begin processing the 48th record. Run 1, Event 397, LumiSection 8 on stream 0 at 14-Jun-2021 13:44:19.573 CEST
Begin processing the 49th record. Run 1, Event 399, LumiSection 8 on stream 0 at 14-Jun-2021 13:44:24.483 CEST
Begin processing the 50th record. Run 1, Event 400, LumiSection 8 on stream 0 at 14-Jun-2021 13:44:28.463 CEST
14-Jun-2021 13:44:33 CEST  Closed file file:/eos/cms/store/user/tsarkar/SIM_Condor_output_Vector_MonoZLL_NLO_Mphi-500_Mchi-150_gSM-0p25_gDM-1p0_ctau0p1/step_SIM_2017UL_8.root
14-Jun-2021 13:44:33 CEST  Closed file root://eoscms.cern.ch//eos/cms/store/mc/RunIISummer20ULPrePremix/Neutrino_E-10_gun/PREMIX/UL17_106X_mc2017_realistic_v6-v3/210018/87D360BA-7877-F74B-90CA-24492FA4E737.root

=============================================

MessageLogger Summary

 type     category        sev    module        subroutine        count    total
 ---- -------------------- -- ---------------- ----------------  -----    -----
    1 XrdAdaptor           -w PreMixingModule:                       1        1
    2 XrdAdaptor           -w PreMixingModule:                       1        1
    3 fileAction           -s PreMixingModule:                       3        3
    4 fileAction           -s PreMixingModule:                       2        2
    5 fileAction           -s PreMixingModule:                       1        1
    6 fileAction           -s file_close                             1        1
    7 fileAction           -s file_open                              2        2

 type    category    Examples: run/evt        run/evt          run/evt
 ---- -------------------- ---------------- ---------------- ----------------
    1 XrdAdaptor           1/351                             
    2 XrdAdaptor           pre-events                        
    3 fileAction           1/351            1/351            1/351
    4 fileAction           pre-events       pre-events       
    5 fileAction           PostGlobalEndRun                  
    6 fileAction           PostGlobalEndRun                  
    7 fileAction           pre-events       pre-events       

Severity    # Occurrences   Total Occurrences
--------    -------------   -----------------
Warning                 2                   2
System                  9                   9

dropped waiting message count 0
