000 (7309366.000.000) 06/14 11:24:22 Job submitted from host: <137.138.44.75:9618?addrs=137.138.44.75-9618+[2001-1458-d00-1a--b]-9618&alias=bigbird14.cern.ch&noUDP&sock=schedd_3149486_02ef>
...
040 (7309366.000.000) 06/14 13:26:45 Started transferring input files
	Transferring to host: <128.142.86.18:9618?addrs=128.142.86.18-9618+[2001-1458-301-f6--100-3f3]-9618&alias=b7s14n4116.cern.ch&noUDP&sock=slot1_3_27395_0173_48482>
...
040 (7309366.000.000) 06/14 13:26:45 Finished transferring input files
...
001 (7309366.000.000) 06/14 13:26:46 Job executing on host: <128.142.86.18:9618?addrs=128.142.86.18-9618+[2001-1458-301-f6--100-3f3]-9618&alias=b7s14n4116.cern.ch&noUDP&sock=startd_4082_7dae>
...
006 (7309366.000.000) 06/14 13:26:55 Image size of job updated: 45748
	31  -  MemoryUsage of job (MB)
	31284  -  ResidentSetSize of job (KB)
...
006 (7309366.000.000) 06/14 13:31:56 Image size of job updated: 3000888
	1640  -  MemoryUsage of job (MB)
	1678916  -  ResidentSetSize of job (KB)
...
006 (7309366.000.000) 06/14 13:33:31 Image size of job updated: 3000900
	1640  -  MemoryUsage of job (MB)
	1678916  -  ResidentSetSize of job (KB)
...
040 (7309366.000.000) 06/14 13:33:31 Started transferring output files
...
040 (7309366.000.000) 06/14 13:33:31 Finished transferring output files
...
005 (7309366.000.000) 06/14 13:33:31 Job terminated.
	(1) Normal termination (return value 0)
		Usr 0 00:05:23, Sys 0 00:00:08  -  Run Remote Usage
		Usr 0 00:00:00, Sys 0 00:00:00  -  Run Local Usage
		Usr 0 00:05:23, Sys 0 00:00:08  -  Total Remote Usage
		Usr 0 00:00:00, Sys 0 00:00:00  -  Total Local Usage
	15295  -  Run Bytes Sent By Job
	442  -  Run Bytes Received By Job
	15295  -  Total Bytes Sent By Job
	442  -  Total Bytes Received By Job
	Partitionable Resources :    Usage  Request Allocated 
	   Cpus                 :                 1         1 
	   Disk (KB)            :       29        1    282536 
	   Memory (MB)          :     1640     2000      2000 

	Job terminated of its own accord at 2021-06-14T11:33:31Z.
...
