14-Jun-2021 13:27:09 CEST  Initiating request to open file file:/eos/cms/store/user/tsarkar/SIM_Condor_output_Vector_MonoZLL_NLO_Mphi-500_Mchi-150_gSM-0p25_gDM-1p0_ctau0p1/step_SIM_2017UL_4.root
14-Jun-2021 13:27:11 CEST  Successfully opened file file:/eos/cms/store/user/tsarkar/SIM_Condor_output_Vector_MonoZLL_NLO_Mphi-500_Mchi-150_gSM-0p25_gDM-1p0_ctau0p1/step_SIM_2017UL_4.root
14-Jun-2021 13:27:15 CEST  Initiating request to open file root://eoscms.cern.ch//eos/cms/store/mc/RunIISummer20ULPrePremix/Neutrino_E-10_gun/PREMIX/UL17_106X_mc2017_realistic_v6-v3/20000/605FCEE4-2B9F-FD48-8B92-94202D7BEEA4.root
%MSG-w XrdAdaptor:  PreMixingModule:mixData@ctor 14-Jun-2021 13:27:17 CEST  pre-events
Data is served from cern.ch instead of original site eoscms
%MSG
14-Jun-2021 13:27:17 CEST  Successfully opened file root://eoscms.cern.ch//eos/cms/store/mc/RunIISummer20ULPrePremix/Neutrino_E-10_gun/PREMIX/UL17_106X_mc2017_realistic_v6-v3/20000/605FCEE4-2B9F-FD48-8B92-94202D7BEEA4.root
Begin processing the 1st record. Run 1, Event 154, LumiSection 4 on stream 0 at 14-Jun-2021 13:27:31.482 CEST
14-Jun-2021 13:29:31 CEST  Closed file root://eoscms.cern.ch//eos/cms/store/mc/RunIISummer20ULPrePremix/Neutrino_E-10_gun/PREMIX/UL17_106X_mc2017_realistic_v6-v3/20000/605FCEE4-2B9F-FD48-8B92-94202D7BEEA4.root
14-Jun-2021 13:29:31 CEST  Initiating request to open file root://eoscms.cern.ch//eos/cms/store/mc/RunIISummer20ULPrePremix/Neutrino_E-10_gun/PREMIX/UL17_106X_mc2017_realistic_v6-v3/210017/5651650A-CAAA-8942-A5AE-D0E609FABADC.root
%MSG-w XrdAdaptor:  PreMixingModule:mixData 14-Jun-2021 13:29:33 CEST  Run: 1 Event: 154
Data is served from cern.ch instead of original site eoscms
%MSG
14-Jun-2021 13:29:33 CEST  Successfully opened file root://eoscms.cern.ch//eos/cms/store/mc/RunIISummer20ULPrePremix/Neutrino_E-10_gun/PREMIX/UL17_106X_mc2017_realistic_v6-v3/210017/5651650A-CAAA-8942-A5AE-D0E609FABADC.root
Begin processing the 2nd record. Run 1, Event 153, LumiSection 4 on stream 0 at 14-Jun-2021 13:29:44.449 CEST
Begin processing the 3rd record. Run 1, Event 151, LumiSection 4 on stream 0 at 14-Jun-2021 13:29:47.225 CEST
Begin processing the 4th record. Run 1, Event 152, LumiSection 4 on stream 0 at 14-Jun-2021 13:29:50.617 CEST
Begin processing the 5th record. Run 1, Event 155, LumiSection 4 on stream 0 at 14-Jun-2021 13:29:54.335 CEST
Begin processing the 6th record. Run 1, Event 157, LumiSection 4 on stream 0 at 14-Jun-2021 13:29:57.827 CEST
Begin processing the 7th record. Run 1, Event 156, LumiSection 4 on stream 0 at 14-Jun-2021 13:30:01.002 CEST
Begin processing the 8th record. Run 1, Event 158, LumiSection 4 on stream 0 at 14-Jun-2021 13:30:04.346 CEST
Begin processing the 9th record. Run 1, Event 161, LumiSection 4 on stream 0 at 14-Jun-2021 13:30:07.827 CEST
Begin processing the 10th record. Run 1, Event 159, LumiSection 4 on stream 0 at 14-Jun-2021 13:30:11.170 CEST
Begin processing the 11th record. Run 1, Event 163, LumiSection 4 on stream 0 at 14-Jun-2021 13:30:15.154 CEST
Begin processing the 12th record. Run 1, Event 162, LumiSection 4 on stream 0 at 14-Jun-2021 13:30:18.284 CEST
Begin processing the 13th record. Run 1, Event 160, LumiSection 4 on stream 0 at 14-Jun-2021 13:30:21.418 CEST
Begin processing the 14th record. Run 1, Event 166, LumiSection 4 on stream 0 at 14-Jun-2021 13:30:25.850 CEST
Begin processing the 15th record. Run 1, Event 165, LumiSection 4 on stream 0 at 14-Jun-2021 13:30:28.725 CEST
Begin processing the 16th record. Run 1, Event 164, LumiSection 4 on stream 0 at 14-Jun-2021 13:30:32.580 CEST
Begin processing the 17th record. Run 1, Event 169, LumiSection 4 on stream 0 at 14-Jun-2021 13:30:36.571 CEST
Begin processing the 18th record. Run 1, Event 167, LumiSection 4 on stream 0 at 14-Jun-2021 13:30:39.772 CEST
Begin processing the 19th record. Run 1, Event 172, LumiSection 4 on stream 0 at 14-Jun-2021 13:30:42.725 CEST
Begin processing the 20th record. Run 1, Event 171, LumiSection 4 on stream 0 at 14-Jun-2021 13:30:45.356 CEST
Begin processing the 21st record. Run 1, Event 170, LumiSection 4 on stream 0 at 14-Jun-2021 13:30:47.973 CEST
Begin processing the 22nd record. Run 1, Event 168, LumiSection 4 on stream 0 at 14-Jun-2021 13:30:50.882 CEST
Begin processing the 23rd record. Run 1, Event 173, LumiSection 4 on stream 0 at 14-Jun-2021 13:30:54.588 CEST
Begin processing the 24th record. Run 1, Event 175, LumiSection 4 on stream 0 at 14-Jun-2021 13:30:57.077 CEST
Begin processing the 25th record. Run 1, Event 177, LumiSection 4 on stream 0 at 14-Jun-2021 13:31:00.073 CEST
Begin processing the 26th record. Run 1, Event 174, LumiSection 4 on stream 0 at 14-Jun-2021 13:31:03.360 CEST
Begin processing the 27th record. Run 1, Event 176, LumiSection 4 on stream 0 at 14-Jun-2021 13:31:06.542 CEST
Begin processing the 28th record. Run 1, Event 179, LumiSection 4 on stream 0 at 14-Jun-2021 13:31:09.841 CEST
Begin processing the 29th record. Run 1, Event 178, LumiSection 4 on stream 0 at 14-Jun-2021 13:31:12.329 CEST
Begin processing the 30th record. Run 1, Event 182, LumiSection 4 on stream 0 at 14-Jun-2021 13:31:15.147 CEST
Begin processing the 31st record. Run 1, Event 180, LumiSection 4 on stream 0 at 14-Jun-2021 13:31:17.547 CEST
Begin processing the 32nd record. Run 1, Event 184, LumiSection 4 on stream 0 at 14-Jun-2021 13:31:20.932 CEST
Begin processing the 33rd record. Run 1, Event 185, LumiSection 4 on stream 0 at 14-Jun-2021 13:31:23.718 CEST
Begin processing the 34th record. Run 1, Event 183, LumiSection 4 on stream 0 at 14-Jun-2021 13:31:27.083 CEST
Begin processing the 35th record. Run 1, Event 186, LumiSection 4 on stream 0 at 14-Jun-2021 13:31:30.924 CEST
Begin processing the 36th record. Run 1, Event 181, LumiSection 4 on stream 0 at 14-Jun-2021 13:31:34.255 CEST
Begin processing the 37th record. Run 1, Event 187, LumiSection 4 on stream 0 at 14-Jun-2021 13:31:37.801 CEST
Begin processing the 38th record. Run 1, Event 188, LumiSection 4 on stream 0 at 14-Jun-2021 13:31:41.716 CEST
Begin processing the 39th record. Run 1, Event 189, LumiSection 4 on stream 0 at 14-Jun-2021 13:31:44.670 CEST
Begin processing the 40th record. Run 1, Event 192, LumiSection 4 on stream 0 at 14-Jun-2021 13:31:48.428 CEST
Begin processing the 41st record. Run 1, Event 191, LumiSection 4 on stream 0 at 14-Jun-2021 13:31:51.543 CEST
Begin processing the 42nd record. Run 1, Event 194, LumiSection 4 on stream 0 at 14-Jun-2021 13:31:55.467 CEST
Begin processing the 43rd record. Run 1, Event 193, LumiSection 4 on stream 0 at 14-Jun-2021 13:31:58.357 CEST
Begin processing the 44th record. Run 1, Event 190, LumiSection 4 on stream 0 at 14-Jun-2021 13:32:02.190 CEST
Begin processing the 45th record. Run 1, Event 197, LumiSection 4 on stream 0 at 14-Jun-2021 13:32:05.209 CEST
Begin processing the 46th record. Run 1, Event 196, LumiSection 4 on stream 0 at 14-Jun-2021 13:32:08.370 CEST
Begin processing the 47th record. Run 1, Event 195, LumiSection 4 on stream 0 at 14-Jun-2021 13:32:11.413 CEST
Begin processing the 48th record. Run 1, Event 199, LumiSection 4 on stream 0 at 14-Jun-2021 13:32:14.499 CEST
Begin processing the 49th record. Run 1, Event 200, LumiSection 4 on stream 0 at 14-Jun-2021 13:32:17.606 CEST
Begin processing the 50th record. Run 1, Event 198, LumiSection 4 on stream 0 at 14-Jun-2021 13:32:20.715 CEST
14-Jun-2021 13:32:25 CEST  Closed file file:/eos/cms/store/user/tsarkar/SIM_Condor_output_Vector_MonoZLL_NLO_Mphi-500_Mchi-150_gSM-0p25_gDM-1p0_ctau0p1/step_SIM_2017UL_4.root
14-Jun-2021 13:32:25 CEST  Closed file root://eoscms.cern.ch//eos/cms/store/mc/RunIISummer20ULPrePremix/Neutrino_E-10_gun/PREMIX/UL17_106X_mc2017_realistic_v6-v3/210017/5651650A-CAAA-8942-A5AE-D0E609FABADC.root

=============================================

MessageLogger Summary

 type     category        sev    module        subroutine        count    total
 ---- -------------------- -- ---------------- ----------------  -----    -----
    1 XrdAdaptor           -w PreMixingModule:                       1        1
    2 XrdAdaptor           -w PreMixingModule:                       1        1
    3 fileAction           -s PreMixingModule:                       3        3
    4 fileAction           -s PreMixingModule:                       2        2
    5 fileAction           -s PreMixingModule:                       1        1
    6 fileAction           -s file_close                             1        1
    7 fileAction           -s file_open                              2        2

 type    category    Examples: run/evt        run/evt          run/evt
 ---- -------------------- ---------------- ---------------- ----------------
    1 XrdAdaptor           1/154                             
    2 XrdAdaptor           pre-events                        
    3 fileAction           1/154            1/154            1/154
    4 fileAction           pre-events       pre-events       
    5 fileAction           PostGlobalEndRun                  
    6 fileAction           PostGlobalEndRun                  
    7 fileAction           pre-events       pre-events       

Severity    # Occurrences   Total Occurrences
--------    -------------   -----------------
Warning                 2                   2
System                  9                   9

dropped waiting message count 0
