000 (7309364.000.000) 06/14 11:24:11 Job submitted from host: <137.138.44.75:9618?addrs=137.138.44.75-9618+[2001-1458-d00-1a--b]-9618&alias=bigbird14.cern.ch&noUDP&sock=schedd_3149486_02ef>
...
040 (7309364.000.000) 06/14 13:26:45 Started transferring input files
	Transferring to host: <128.142.85.56:9618?addrs=128.142.85.56-9618+[2001-1458-301-f6--100-5bd]-9618&alias=b7s14n5281.cern.ch&noUDP&sock=slot1_3_5453_e1b7_41459>
...
040 (7309364.000.000) 06/14 13:26:45 Finished transferring input files
...
001 (7309364.000.000) 06/14 13:26:46 Job executing on host: <128.142.85.56:9618?addrs=128.142.85.56-9618+[2001-1458-301-f6--100-5bd]-9618&alias=b7s14n5281.cern.ch&noUDP&sock=startd_4283_5c38>
...
006 (7309364.000.000) 06/14 13:26:55 Image size of job updated: 50184
	35  -  MemoryUsage of job (MB)
	35720  -  ResidentSetSize of job (KB)
...
006 (7309364.000.000) 06/14 13:31:56 Image size of job updated: 3000928
	1674  -  MemoryUsage of job (MB)
	1714004  -  ResidentSetSize of job (KB)
...
006 (7309364.000.000) 06/14 13:33:40 Image size of job updated: 3000952
	1674  -  MemoryUsage of job (MB)
	1714004  -  ResidentSetSize of job (KB)
...
040 (7309364.000.000) 06/14 13:33:40 Started transferring output files
...
040 (7309364.000.000) 06/14 13:33:40 Finished transferring output files
...
005 (7309364.000.000) 06/14 13:33:40 Job terminated.
	(1) Normal termination (return value 0)
		Usr 0 00:05:13, Sys 0 00:00:07  -  Run Remote Usage
		Usr 0 00:00:00, Sys 0 00:00:00  -  Run Local Usage
		Usr 0 00:05:13, Sys 0 00:00:07  -  Total Remote Usage
		Usr 0 00:00:00, Sys 0 00:00:00  -  Total Local Usage
	15477  -  Run Bytes Sent By Job
	442  -  Run Bytes Received By Job
	15477  -  Total Bytes Sent By Job
	442  -  Total Bytes Received By Job
	Partitionable Resources :    Usage  Request Allocated 
	   Cpus                 :     0.99        1         1 
	   Disk (KB)            :    36           1    286019 
	   Memory (MB)          :  1674        2000      2000 

	Job terminated of its own accord at 2021-06-14T11:33:40Z.
...
