14-Jun-2021 13:27:06 CEST  Initiating request to open file file:/eos/cms/store/user/tsarkar/SIM_Condor_output_Vector_MonoZLL_NLO_Mphi-500_Mchi-150_gSM-0p25_gDM-1p0_ctau0p1/step_SIM_2017UL_19.root
14-Jun-2021 13:27:08 CEST  Successfully opened file file:/eos/cms/store/user/tsarkar/SIM_Condor_output_Vector_MonoZLL_NLO_Mphi-500_Mchi-150_gSM-0p25_gDM-1p0_ctau0p1/step_SIM_2017UL_19.root
14-Jun-2021 13:27:12 CEST  Initiating request to open file root://eoscms.cern.ch//eos/cms/store/mc/RunIISummer20ULPrePremix/Neutrino_E-10_gun/PREMIX/UL17_106X_mc2017_realistic_v6-v3/210000/12B01268-24D8-E345-B3D8-92906903E1ED.root
%MSG-w XrdAdaptor:  PreMixingModule:mixData@ctor 14-Jun-2021 13:27:14 CEST  pre-events
Data is served from cern.ch instead of original site eoscms
%MSG
14-Jun-2021 13:27:14 CEST  Successfully opened file root://eoscms.cern.ch//eos/cms/store/mc/RunIISummer20ULPrePremix/Neutrino_E-10_gun/PREMIX/UL17_106X_mc2017_realistic_v6-v3/210000/12B01268-24D8-E345-B3D8-92906903E1ED.root
Begin processing the 1st record. Run 1, Event 901, LumiSection 19 on stream 0 at 14-Jun-2021 13:27:37.715 CEST
14-Jun-2021 13:29:34 CEST  Closed file root://eoscms.cern.ch//eos/cms/store/mc/RunIISummer20ULPrePremix/Neutrino_E-10_gun/PREMIX/UL17_106X_mc2017_realistic_v6-v3/210000/12B01268-24D8-E345-B3D8-92906903E1ED.root
14-Jun-2021 13:29:34 CEST  Initiating request to open file root://eoscms.cern.ch//eos/cms/store/mc/RunIISummer20ULPrePremix/Neutrino_E-10_gun/PREMIX/UL17_106X_mc2017_realistic_v6-v3/210002/A21ADC7C-CFE7-4E42-A661-36C200E32435.root
%MSG-w XrdAdaptor:  PreMixingModule:mixData 14-Jun-2021 13:29:37 CEST  Run: 1 Event: 901
Data is served from cern.ch instead of original site eoscms
%MSG
14-Jun-2021 13:29:37 CEST  Successfully opened file root://eoscms.cern.ch//eos/cms/store/mc/RunIISummer20ULPrePremix/Neutrino_E-10_gun/PREMIX/UL17_106X_mc2017_realistic_v6-v3/210002/A21ADC7C-CFE7-4E42-A661-36C200E32435.root
Begin processing the 2nd record. Run 1, Event 903, LumiSection 19 on stream 0 at 14-Jun-2021 13:29:49.953 CEST
Begin processing the 3rd record. Run 1, Event 902, LumiSection 19 on stream 0 at 14-Jun-2021 13:29:53.298 CEST
Begin processing the 4th record. Run 1, Event 904, LumiSection 19 on stream 0 at 14-Jun-2021 13:29:56.222 CEST
Begin processing the 5th record. Run 1, Event 905, LumiSection 19 on stream 0 at 14-Jun-2021 13:30:00.244 CEST
Begin processing the 6th record. Run 1, Event 906, LumiSection 19 on stream 0 at 14-Jun-2021 13:30:04.651 CEST
Begin processing the 7th record. Run 1, Event 908, LumiSection 19 on stream 0 at 14-Jun-2021 13:30:08.210 CEST
Begin processing the 8th record. Run 1, Event 910, LumiSection 19 on stream 0 at 14-Jun-2021 13:30:11.042 CEST
Begin processing the 9th record. Run 1, Event 912, LumiSection 19 on stream 0 at 14-Jun-2021 13:30:14.055 CEST
Begin processing the 10th record. Run 1, Event 907, LumiSection 19 on stream 0 at 14-Jun-2021 13:30:17.813 CEST
Begin processing the 11th record. Run 1, Event 909, LumiSection 19 on stream 0 at 14-Jun-2021 13:30:21.372 CEST
Begin processing the 12th record. Run 1, Event 911, LumiSection 19 on stream 0 at 14-Jun-2021 13:30:24.516 CEST
Begin processing the 13th record. Run 1, Event 913, LumiSection 19 on stream 0 at 14-Jun-2021 13:30:28.270 CEST
Begin processing the 14th record. Run 1, Event 916, LumiSection 19 on stream 0 at 14-Jun-2021 13:30:31.121 CEST
Begin processing the 15th record. Run 1, Event 915, LumiSection 19 on stream 0 at 14-Jun-2021 13:30:34.531 CEST
Begin processing the 16th record. Run 1, Event 917, LumiSection 19 on stream 0 at 14-Jun-2021 13:30:37.563 CEST
Begin processing the 17th record. Run 1, Event 918, LumiSection 19 on stream 0 at 14-Jun-2021 13:30:40.292 CEST
Begin processing the 18th record. Run 1, Event 914, LumiSection 19 on stream 0 at 14-Jun-2021 13:30:43.618 CEST
Begin processing the 19th record. Run 1, Event 919, LumiSection 19 on stream 0 at 14-Jun-2021 13:30:47.052 CEST
Begin processing the 20th record. Run 1, Event 920, LumiSection 19 on stream 0 at 14-Jun-2021 13:30:50.293 CEST
Begin processing the 21st record. Run 1, Event 922, LumiSection 19 on stream 0 at 14-Jun-2021 13:30:53.826 CEST
Begin processing the 22nd record. Run 1, Event 924, LumiSection 19 on stream 0 at 14-Jun-2021 13:30:57.410 CEST
Begin processing the 23rd record. Run 1, Event 921, LumiSection 19 on stream 0 at 14-Jun-2021 13:31:00.925 CEST
Begin processing the 24th record. Run 1, Event 927, LumiSection 19 on stream 0 at 14-Jun-2021 13:31:04.719 CEST
Begin processing the 25th record. Run 1, Event 926, LumiSection 19 on stream 0 at 14-Jun-2021 13:31:08.018 CEST
Begin processing the 26th record. Run 1, Event 923, LumiSection 19 on stream 0 at 14-Jun-2021 13:31:10.733 CEST
Begin processing the 27th record. Run 1, Event 929, LumiSection 19 on stream 0 at 14-Jun-2021 13:31:14.047 CEST
Begin processing the 28th record. Run 1, Event 925, LumiSection 19 on stream 0 at 14-Jun-2021 13:31:16.361 CEST
Begin processing the 29th record. Run 1, Event 928, LumiSection 19 on stream 0 at 14-Jun-2021 13:31:19.309 CEST
Begin processing the 30th record. Run 1, Event 932, LumiSection 19 on stream 0 at 14-Jun-2021 13:31:23.632 CEST
Begin processing the 31st record. Run 1, Event 930, LumiSection 19 on stream 0 at 14-Jun-2021 13:31:26.476 CEST
Begin processing the 32nd record. Run 1, Event 931, LumiSection 19 on stream 0 at 14-Jun-2021 13:31:30.272 CEST
Begin processing the 33rd record. Run 1, Event 935, LumiSection 19 on stream 0 at 14-Jun-2021 13:31:33.704 CEST
Begin processing the 34th record. Run 1, Event 933, LumiSection 19 on stream 0 at 14-Jun-2021 13:31:37.581 CEST
Begin processing the 35th record. Run 1, Event 934, LumiSection 19 on stream 0 at 14-Jun-2021 13:31:41.060 CEST
Begin processing the 36th record. Run 1, Event 938, LumiSection 19 on stream 0 at 14-Jun-2021 13:31:44.811 CEST
Begin processing the 37th record. Run 1, Event 939, LumiSection 19 on stream 0 at 14-Jun-2021 13:31:47.731 CEST
Begin processing the 38th record. Run 1, Event 937, LumiSection 19 on stream 0 at 14-Jun-2021 13:31:50.966 CEST
Begin processing the 39th record. Run 1, Event 936, LumiSection 19 on stream 0 at 14-Jun-2021 13:31:53.513 CEST
Begin processing the 40th record. Run 1, Event 940, LumiSection 19 on stream 0 at 14-Jun-2021 13:31:56.721 CEST
Begin processing the 41st record. Run 1, Event 942, LumiSection 19 on stream 0 at 14-Jun-2021 13:32:00.238 CEST
Begin processing the 42nd record. Run 1, Event 943, LumiSection 19 on stream 0 at 14-Jun-2021 13:32:02.897 CEST
Begin processing the 43rd record. Run 1, Event 941, LumiSection 19 on stream 0 at 14-Jun-2021 13:32:05.645 CEST
Begin processing the 44th record. Run 1, Event 944, LumiSection 19 on stream 0 at 14-Jun-2021 13:32:08.150 CEST
Begin processing the 45th record. Run 1, Event 947, LumiSection 19 on stream 0 at 14-Jun-2021 13:32:11.599 CEST
Begin processing the 46th record. Run 1, Event 946, LumiSection 19 on stream 0 at 14-Jun-2021 13:32:13.923 CEST
Begin processing the 47th record. Run 1, Event 950, LumiSection 19 on stream 0 at 14-Jun-2021 13:32:16.749 CEST
Begin processing the 48th record. Run 1, Event 948, LumiSection 19 on stream 0 at 14-Jun-2021 13:32:19.161 CEST
Begin processing the 49th record. Run 1, Event 945, LumiSection 19 on stream 0 at 14-Jun-2021 13:32:22.611 CEST
Begin processing the 50th record. Run 1, Event 949, LumiSection 19 on stream 0 at 14-Jun-2021 13:32:26.666 CEST
14-Jun-2021 13:32:30 CEST  Closed file file:/eos/cms/store/user/tsarkar/SIM_Condor_output_Vector_MonoZLL_NLO_Mphi-500_Mchi-150_gSM-0p25_gDM-1p0_ctau0p1/step_SIM_2017UL_19.root
14-Jun-2021 13:32:31 CEST  Closed file root://eoscms.cern.ch//eos/cms/store/mc/RunIISummer20ULPrePremix/Neutrino_E-10_gun/PREMIX/UL17_106X_mc2017_realistic_v6-v3/210002/A21ADC7C-CFE7-4E42-A661-36C200E32435.root

=============================================

MessageLogger Summary

 type     category        sev    module        subroutine        count    total
 ---- -------------------- -- ---------------- ----------------  -----    -----
    1 XrdAdaptor           -w PreMixingModule:                       1        1
    2 XrdAdaptor           -w PreMixingModule:                       1        1
    3 fileAction           -s PreMixingModule:                       3        3
    4 fileAction           -s PreMixingModule:                       2        2
    5 fileAction           -s PreMixingModule:                       1        1
    6 fileAction           -s file_close                             1        1
    7 fileAction           -s file_open                              2        2

 type    category    Examples: run/evt        run/evt          run/evt
 ---- -------------------- ---------------- ---------------- ----------------
    1 XrdAdaptor           1/901                             
    2 XrdAdaptor           pre-events                        
    3 fileAction           1/901            1/901            1/901
    4 fileAction           pre-events       pre-events       
    5 fileAction           PostGlobalEndRun                  
    6 fileAction           PostGlobalEndRun                  
    7 fileAction           pre-events       pre-events       

Severity    # Occurrences   Total Occurrences
--------    -------------   -----------------
Warning                 2                   2
System                  9                   9

dropped waiting message count 0
