14-Jun-2021 13:27:22 CEST  Initiating request to open file file:/eos/cms/store/user/tsarkar/SIM_Condor_output_Vector_MonoZLL_NLO_Mphi-500_Mchi-150_gSM-0p25_gDM-1p0_ctau0p1/step_SIM_2017UL_3.root
14-Jun-2021 13:27:24 CEST  Successfully opened file file:/eos/cms/store/user/tsarkar/SIM_Condor_output_Vector_MonoZLL_NLO_Mphi-500_Mchi-150_gSM-0p25_gDM-1p0_ctau0p1/step_SIM_2017UL_3.root
14-Jun-2021 13:27:30 CEST  Initiating request to open file root://eoscms.cern.ch//eos/cms/store/mc/RunIISummer20ULPrePremix/Neutrino_E-10_gun/PREMIX/UL17_106X_mc2017_realistic_v6-v3/210014/89FD2E22-A396-7B42-8F0C-7DC8A6C14150.root
%MSG-w XrdAdaptor:  PreMixingModule:mixData@ctor 14-Jun-2021 13:27:32 CEST  pre-events
Data is served from cern.ch instead of original site eoscms
%MSG
14-Jun-2021 13:27:32 CEST  Successfully opened file root://eoscms.cern.ch//eos/cms/store/mc/RunIISummer20ULPrePremix/Neutrino_E-10_gun/PREMIX/UL17_106X_mc2017_realistic_v6-v3/210014/89FD2E22-A396-7B42-8F0C-7DC8A6C14150.root
Begin processing the 1st record. Run 1, Event 101, LumiSection 3 on stream 0 at 14-Jun-2021 13:27:52.589 CEST
14-Jun-2021 13:30:28 CEST  Closed file root://eoscms.cern.ch//eos/cms/store/mc/RunIISummer20ULPrePremix/Neutrino_E-10_gun/PREMIX/UL17_106X_mc2017_realistic_v6-v3/210014/89FD2E22-A396-7B42-8F0C-7DC8A6C14150.root
14-Jun-2021 13:30:28 CEST  Initiating request to open file root://eoscms.cern.ch//eos/cms/store/mc/RunIISummer20ULPrePremix/Neutrino_E-10_gun/PREMIX/UL17_106X_mc2017_realistic_v6-v3/210012/C808F772-C095-E540-8B50-0A196CBA79DA.root
%MSG-w XrdAdaptor:  PreMixingModule:mixData 14-Jun-2021 13:30:30 CEST  Run: 1 Event: 101
Data is served from cern.ch instead of original site eoscms
%MSG
14-Jun-2021 13:30:31 CEST  Successfully opened file root://eoscms.cern.ch//eos/cms/store/mc/RunIISummer20ULPrePremix/Neutrino_E-10_gun/PREMIX/UL17_106X_mc2017_realistic_v6-v3/210012/C808F772-C095-E540-8B50-0A196CBA79DA.root
Begin processing the 2nd record. Run 1, Event 102, LumiSection 3 on stream 0 at 14-Jun-2021 13:30:44.079 CEST
Begin processing the 3rd record. Run 1, Event 103, LumiSection 3 on stream 0 at 14-Jun-2021 13:30:46.890 CEST
Begin processing the 4th record. Run 1, Event 105, LumiSection 3 on stream 0 at 14-Jun-2021 13:30:51.105 CEST
Begin processing the 5th record. Run 1, Event 104, LumiSection 3 on stream 0 at 14-Jun-2021 13:30:54.527 CEST
Begin processing the 6th record. Run 1, Event 106, LumiSection 3 on stream 0 at 14-Jun-2021 13:30:58.483 CEST
Begin processing the 7th record. Run 1, Event 107, LumiSection 3 on stream 0 at 14-Jun-2021 13:31:01.840 CEST
Begin processing the 8th record. Run 1, Event 109, LumiSection 3 on stream 0 at 14-Jun-2021 13:31:06.029 CEST
Begin processing the 9th record. Run 1, Event 108, LumiSection 3 on stream 0 at 14-Jun-2021 13:31:11.348 CEST
Begin processing the 10th record. Run 1, Event 110, LumiSection 3 on stream 0 at 14-Jun-2021 13:31:15.512 CEST
Begin processing the 11th record. Run 1, Event 111, LumiSection 3 on stream 0 at 14-Jun-2021 13:31:19.134 CEST
Begin processing the 12th record. Run 1, Event 113, LumiSection 3 on stream 0 at 14-Jun-2021 13:31:23.041 CEST
Begin processing the 13th record. Run 1, Event 114, LumiSection 3 on stream 0 at 14-Jun-2021 13:31:26.754 CEST
Begin processing the 14th record. Run 1, Event 112, LumiSection 3 on stream 0 at 14-Jun-2021 13:31:30.211 CEST
Begin processing the 15th record. Run 1, Event 115, LumiSection 3 on stream 0 at 14-Jun-2021 13:31:33.708 CEST
Begin processing the 16th record. Run 1, Event 116, LumiSection 3 on stream 0 at 14-Jun-2021 13:31:36.887 CEST
Begin processing the 17th record. Run 1, Event 119, LumiSection 3 on stream 0 at 14-Jun-2021 13:31:40.489 CEST
Begin processing the 18th record. Run 1, Event 118, LumiSection 3 on stream 0 at 14-Jun-2021 13:31:44.505 CEST
Begin processing the 19th record. Run 1, Event 121, LumiSection 3 on stream 0 at 14-Jun-2021 13:31:48.330 CEST
Begin processing the 20th record. Run 1, Event 120, LumiSection 3 on stream 0 at 14-Jun-2021 13:31:52.539 CEST
Begin processing the 21st record. Run 1, Event 117, LumiSection 3 on stream 0 at 14-Jun-2021 13:31:57.144 CEST
Begin processing the 22nd record. Run 1, Event 122, LumiSection 3 on stream 0 at 14-Jun-2021 13:32:01.456 CEST
Begin processing the 23rd record. Run 1, Event 126, LumiSection 3 on stream 0 at 14-Jun-2021 13:32:04.852 CEST
Begin processing the 24th record. Run 1, Event 125, LumiSection 3 on stream 0 at 14-Jun-2021 13:32:07.720 CEST
Begin processing the 25th record. Run 1, Event 124, LumiSection 3 on stream 0 at 14-Jun-2021 13:32:12.448 CEST
Begin processing the 26th record. Run 1, Event 123, LumiSection 3 on stream 0 at 14-Jun-2021 13:32:15.982 CEST
Begin processing the 27th record. Run 1, Event 129, LumiSection 3 on stream 0 at 14-Jun-2021 13:32:20.191 CEST
Begin processing the 28th record. Run 1, Event 128, LumiSection 3 on stream 0 at 14-Jun-2021 13:32:23.509 CEST
Begin processing the 29th record. Run 1, Event 127, LumiSection 3 on stream 0 at 14-Jun-2021 13:32:26.528 CEST
Begin processing the 30th record. Run 1, Event 132, LumiSection 3 on stream 0 at 14-Jun-2021 13:32:30.738 CEST
Begin processing the 31st record. Run 1, Event 131, LumiSection 3 on stream 0 at 14-Jun-2021 13:32:34.033 CEST
Begin processing the 32nd record. Run 1, Event 134, LumiSection 3 on stream 0 at 14-Jun-2021 13:32:37.562 CEST
Begin processing the 33rd record. Run 1, Event 130, LumiSection 3 on stream 0 at 14-Jun-2021 13:32:40.511 CEST
Begin processing the 34th record. Run 1, Event 133, LumiSection 3 on stream 0 at 14-Jun-2021 13:32:44.647 CEST
Begin processing the 35th record. Run 1, Event 136, LumiSection 3 on stream 0 at 14-Jun-2021 13:32:49.270 CEST
Begin processing the 36th record. Run 1, Event 135, LumiSection 3 on stream 0 at 14-Jun-2021 13:32:53.107 CEST
Begin processing the 37th record. Run 1, Event 138, LumiSection 3 on stream 0 at 14-Jun-2021 13:32:56.830 CEST
Begin processing the 38th record. Run 1, Event 139, LumiSection 3 on stream 0 at 14-Jun-2021 13:33:00.128 CEST
Begin processing the 39th record. Run 1, Event 140, LumiSection 3 on stream 0 at 14-Jun-2021 13:33:04.371 CEST
Begin processing the 40th record. Run 1, Event 143, LumiSection 3 on stream 0 at 14-Jun-2021 13:33:08.044 CEST
Begin processing the 41st record. Run 1, Event 137, LumiSection 3 on stream 0 at 14-Jun-2021 13:33:11.823 CEST
Begin processing the 42nd record. Run 1, Event 142, LumiSection 3 on stream 0 at 14-Jun-2021 13:33:17.140 CEST
Begin processing the 43rd record. Run 1, Event 146, LumiSection 3 on stream 0 at 14-Jun-2021 13:33:21.102 CEST
Begin processing the 44th record. Run 1, Event 141, LumiSection 3 on stream 0 at 14-Jun-2021 13:33:25.132 CEST
Begin processing the 45th record. Run 1, Event 145, LumiSection 3 on stream 0 at 14-Jun-2021 13:33:28.778 CEST
Begin processing the 46th record. Run 1, Event 144, LumiSection 3 on stream 0 at 14-Jun-2021 13:33:32.685 CEST
Begin processing the 47th record. Run 1, Event 147, LumiSection 3 on stream 0 at 14-Jun-2021 13:33:36.751 CEST
Begin processing the 48th record. Run 1, Event 149, LumiSection 3 on stream 0 at 14-Jun-2021 13:33:40.809 CEST
Begin processing the 49th record. Run 1, Event 148, LumiSection 3 on stream 0 at 14-Jun-2021 13:33:44.970 CEST
Begin processing the 50th record. Run 1, Event 150, LumiSection 3 on stream 0 at 14-Jun-2021 13:33:48.673 CEST
14-Jun-2021 13:33:53 CEST  Closed file file:/eos/cms/store/user/tsarkar/SIM_Condor_output_Vector_MonoZLL_NLO_Mphi-500_Mchi-150_gSM-0p25_gDM-1p0_ctau0p1/step_SIM_2017UL_3.root
14-Jun-2021 13:33:53 CEST  Closed file root://eoscms.cern.ch//eos/cms/store/mc/RunIISummer20ULPrePremix/Neutrino_E-10_gun/PREMIX/UL17_106X_mc2017_realistic_v6-v3/210012/C808F772-C095-E540-8B50-0A196CBA79DA.root

=============================================

MessageLogger Summary

 type     category        sev    module        subroutine        count    total
 ---- -------------------- -- ---------------- ----------------  -----    -----
    1 XrdAdaptor           -w PreMixingModule:                       1        1
    2 XrdAdaptor           -w PreMixingModule:                       1        1
    3 fileAction           -s PreMixingModule:                       3        3
    4 fileAction           -s PreMixingModule:                       2        2
    5 fileAction           -s PreMixingModule:                       1        1
    6 fileAction           -s file_close                             1        1
    7 fileAction           -s file_open                              2        2

 type    category    Examples: run/evt        run/evt          run/evt
 ---- -------------------- ---------------- ---------------- ----------------
    1 XrdAdaptor           1/101                             
    2 XrdAdaptor           pre-events                        
    3 fileAction           1/101            1/101            1/101
    4 fileAction           pre-events       pre-events       
    5 fileAction           PostGlobalEndRun                  
    6 fileAction           PostGlobalEndRun                  
    7 fileAction           pre-events       pre-events       

Severity    # Occurrences   Total Occurrences
--------    -------------   -----------------
Warning                 2                   2
System                  9                   9

dropped waiting message count 0
