14-Jun-2021 13:27:12 CEST  Initiating request to open file file:/eos/cms/store/user/tsarkar/SIM_Condor_output_Vector_MonoZLL_NLO_Mphi-500_Mchi-150_gSM-0p25_gDM-1p0_ctau0p1/step_SIM_2017UL_7.root
14-Jun-2021 13:27:15 CEST  Successfully opened file file:/eos/cms/store/user/tsarkar/SIM_Condor_output_Vector_MonoZLL_NLO_Mphi-500_Mchi-150_gSM-0p25_gDM-1p0_ctau0p1/step_SIM_2017UL_7.root
14-Jun-2021 13:27:18 CEST  Initiating request to open file root://eoscms.cern.ch//eos/cms/store/mc/RunIISummer20ULPrePremix/Neutrino_E-10_gun/PREMIX/UL17_106X_mc2017_realistic_v6-v3/210011/53D4FEB5-E701-1643-9F75-BC19FC85F70A.root
%MSG-w XrdAdaptor:  PreMixingModule:mixData@ctor 14-Jun-2021 13:27:21 CEST  pre-events
Data is served from cern.ch instead of original site eoscms
%MSG
14-Jun-2021 13:27:21 CEST  Successfully opened file root://eoscms.cern.ch//eos/cms/store/mc/RunIISummer20ULPrePremix/Neutrino_E-10_gun/PREMIX/UL17_106X_mc2017_realistic_v6-v3/210011/53D4FEB5-E701-1643-9F75-BC19FC85F70A.root
Begin processing the 1st record. Run 1, Event 301, LumiSection 7 on stream 0 at 14-Jun-2021 13:27:44.577 CEST
14-Jun-2021 13:29:51 CEST  Closed file root://eoscms.cern.ch//eos/cms/store/mc/RunIISummer20ULPrePremix/Neutrino_E-10_gun/PREMIX/UL17_106X_mc2017_realistic_v6-v3/210011/53D4FEB5-E701-1643-9F75-BC19FC85F70A.root
14-Jun-2021 13:29:51 CEST  Initiating request to open file root://eoscms.cern.ch//eos/cms/store/mc/RunIISummer20ULPrePremix/Neutrino_E-10_gun/PREMIX/UL17_106X_mc2017_realistic_v6-v3/210016/4F854425-D4B2-E844-8D2C-1F4F748264B0.root
%MSG-w XrdAdaptor:  PreMixingModule:mixData 14-Jun-2021 13:29:54 CEST  Run: 1 Event: 301
Data is served from cern.ch instead of original site eoscms
%MSG
14-Jun-2021 13:29:54 CEST  Successfully opened file root://eoscms.cern.ch//eos/cms/store/mc/RunIISummer20ULPrePremix/Neutrino_E-10_gun/PREMIX/UL17_106X_mc2017_realistic_v6-v3/210016/4F854425-D4B2-E844-8D2C-1F4F748264B0.root
Begin processing the 2nd record. Run 1, Event 305, LumiSection 7 on stream 0 at 14-Jun-2021 13:30:05.758 CEST
Begin processing the 3rd record. Run 1, Event 304, LumiSection 7 on stream 0 at 14-Jun-2021 13:30:08.858 CEST
Begin processing the 4th record. Run 1, Event 302, LumiSection 7 on stream 0 at 14-Jun-2021 13:30:12.565 CEST
Begin processing the 5th record. Run 1, Event 307, LumiSection 7 on stream 0 at 14-Jun-2021 13:30:15.797 CEST
Begin processing the 6th record. Run 1, Event 303, LumiSection 7 on stream 0 at 14-Jun-2021 13:30:18.718 CEST
Begin processing the 7th record. Run 1, Event 306, LumiSection 7 on stream 0 at 14-Jun-2021 13:30:22.189 CEST
Begin processing the 8th record. Run 1, Event 308, LumiSection 7 on stream 0 at 14-Jun-2021 13:30:25.063 CEST
Begin processing the 9th record. Run 1, Event 310, LumiSection 7 on stream 0 at 14-Jun-2021 13:30:28.627 CEST
Begin processing the 10th record. Run 1, Event 311, LumiSection 7 on stream 0 at 14-Jun-2021 13:30:31.818 CEST
Begin processing the 11th record. Run 1, Event 312, LumiSection 7 on stream 0 at 14-Jun-2021 13:30:35.148 CEST
Begin processing the 12th record. Run 1, Event 314, LumiSection 7 on stream 0 at 14-Jun-2021 13:30:38.260 CEST
Begin processing the 13th record. Run 1, Event 309, LumiSection 7 on stream 0 at 14-Jun-2021 13:30:41.889 CEST
Begin processing the 14th record. Run 1, Event 315, LumiSection 7 on stream 0 at 14-Jun-2021 13:30:45.568 CEST
Begin processing the 15th record. Run 1, Event 318, LumiSection 7 on stream 0 at 14-Jun-2021 13:30:48.427 CEST
Begin processing the 16th record. Run 1, Event 316, LumiSection 7 on stream 0 at 14-Jun-2021 13:30:51.885 CEST
Begin processing the 17th record. Run 1, Event 313, LumiSection 7 on stream 0 at 14-Jun-2021 13:30:54.251 CEST
Begin processing the 18th record. Run 1, Event 317, LumiSection 7 on stream 0 at 14-Jun-2021 13:30:57.807 CEST
Begin processing the 19th record. Run 1, Event 320, LumiSection 7 on stream 0 at 14-Jun-2021 13:31:00.713 CEST
Begin processing the 20th record. Run 1, Event 319, LumiSection 7 on stream 0 at 14-Jun-2021 13:31:03.422 CEST
Begin processing the 21st record. Run 1, Event 323, LumiSection 7 on stream 0 at 14-Jun-2021 13:31:06.394 CEST
Begin processing the 22nd record. Run 1, Event 321, LumiSection 7 on stream 0 at 14-Jun-2021 13:31:09.724 CEST
Begin processing the 23rd record. Run 1, Event 324, LumiSection 7 on stream 0 at 14-Jun-2021 13:31:12.986 CEST
Begin processing the 24th record. Run 1, Event 322, LumiSection 7 on stream 0 at 14-Jun-2021 13:31:16.921 CEST
Begin processing the 25th record. Run 1, Event 325, LumiSection 7 on stream 0 at 14-Jun-2021 13:31:21.266 CEST
Begin processing the 26th record. Run 1, Event 326, LumiSection 7 on stream 0 at 14-Jun-2021 13:31:24.359 CEST
Begin processing the 27th record. Run 1, Event 327, LumiSection 7 on stream 0 at 14-Jun-2021 13:31:27.208 CEST
Begin processing the 28th record. Run 1, Event 328, LumiSection 7 on stream 0 at 14-Jun-2021 13:31:31.718 CEST
Begin processing the 29th record. Run 1, Event 329, LumiSection 7 on stream 0 at 14-Jun-2021 13:31:35.304 CEST
Begin processing the 30th record. Run 1, Event 331, LumiSection 7 on stream 0 at 14-Jun-2021 13:31:38.829 CEST
Begin processing the 31st record. Run 1, Event 330, LumiSection 7 on stream 0 at 14-Jun-2021 13:31:41.752 CEST
Begin processing the 32nd record. Run 1, Event 334, LumiSection 7 on stream 0 at 14-Jun-2021 13:31:45.852 CEST
Begin processing the 33rd record. Run 1, Event 332, LumiSection 7 on stream 0 at 14-Jun-2021 13:31:49.501 CEST
Begin processing the 34th record. Run 1, Event 337, LumiSection 7 on stream 0 at 14-Jun-2021 13:31:53.037 CEST
Begin processing the 35th record. Run 1, Event 336, LumiSection 7 on stream 0 at 14-Jun-2021 13:31:56.518 CEST
Begin processing the 36th record. Run 1, Event 333, LumiSection 7 on stream 0 at 14-Jun-2021 13:31:59.359 CEST
Begin processing the 37th record. Run 1, Event 335, LumiSection 7 on stream 0 at 14-Jun-2021 13:32:03.690 CEST
Begin processing the 38th record. Run 1, Event 340, LumiSection 7 on stream 0 at 14-Jun-2021 13:32:06.971 CEST
Begin processing the 39th record. Run 1, Event 339, LumiSection 7 on stream 0 at 14-Jun-2021 13:32:10.336 CEST
Begin processing the 40th record. Run 1, Event 338, LumiSection 7 on stream 0 at 14-Jun-2021 13:32:13.700 CEST
Begin processing the 41st record. Run 1, Event 342, LumiSection 7 on stream 0 at 14-Jun-2021 13:32:18.430 CEST
Begin processing the 42nd record. Run 1, Event 341, LumiSection 7 on stream 0 at 14-Jun-2021 13:32:21.846 CEST
Begin processing the 43rd record. Run 1, Event 343, LumiSection 7 on stream 0 at 14-Jun-2021 13:32:25.485 CEST
Begin processing the 44th record. Run 1, Event 345, LumiSection 7 on stream 0 at 14-Jun-2021 13:32:29.398 CEST
Begin processing the 45th record. Run 1, Event 344, LumiSection 7 on stream 0 at 14-Jun-2021 13:32:32.637 CEST
Begin processing the 46th record. Run 1, Event 346, LumiSection 7 on stream 0 at 14-Jun-2021 13:32:35.972 CEST
Begin processing the 47th record. Run 1, Event 347, LumiSection 7 on stream 0 at 14-Jun-2021 13:32:39.627 CEST
Begin processing the 48th record. Run 1, Event 349, LumiSection 7 on stream 0 at 14-Jun-2021 13:32:42.921 CEST
Begin processing the 49th record. Run 1, Event 350, LumiSection 7 on stream 0 at 14-Jun-2021 13:32:45.746 CEST
Begin processing the 50th record. Run 1, Event 348, LumiSection 7 on stream 0 at 14-Jun-2021 13:32:49.354 CEST
14-Jun-2021 13:32:53 CEST  Closed file file:/eos/cms/store/user/tsarkar/SIM_Condor_output_Vector_MonoZLL_NLO_Mphi-500_Mchi-150_gSM-0p25_gDM-1p0_ctau0p1/step_SIM_2017UL_7.root
14-Jun-2021 13:32:53 CEST  Closed file root://eoscms.cern.ch//eos/cms/store/mc/RunIISummer20ULPrePremix/Neutrino_E-10_gun/PREMIX/UL17_106X_mc2017_realistic_v6-v3/210016/4F854425-D4B2-E844-8D2C-1F4F748264B0.root

=============================================

MessageLogger Summary

 type     category        sev    module        subroutine        count    total
 ---- -------------------- -- ---------------- ----------------  -----    -----
    1 XrdAdaptor           -w PreMixingModule:                       1        1
    2 XrdAdaptor           -w PreMixingModule:                       1        1
    3 fileAction           -s PreMixingModule:                       3        3
    4 fileAction           -s PreMixingModule:                       2        2
    5 fileAction           -s PreMixingModule:                       1        1
    6 fileAction           -s file_close                             1        1
    7 fileAction           -s file_open                              2        2

 type    category    Examples: run/evt        run/evt          run/evt
 ---- -------------------- ---------------- ---------------- ----------------
    1 XrdAdaptor           1/301                             
    2 XrdAdaptor           pre-events                        
    3 fileAction           1/301            1/301            1/301
    4 fileAction           pre-events       pre-events       
    5 fileAction           PostGlobalEndRun                  
    6 fileAction           PostGlobalEndRun                  
    7 fileAction           pre-events       pre-events       

Severity    # Occurrences   Total Occurrences
--------    -------------   -----------------
Warning                 2                   2
System                  9                   9

dropped waiting message count 0
