14-Jun-2021 13:27:37 CEST  Initiating request to open file file:/eos/cms/store/user/tsarkar/SIM_Condor_output_Vector_MonoZLL_NLO_Mphi-500_Mchi-150_gSM-0p25_gDM-1p0_ctau0p1/step_SIM_2017UL_20.root
14-Jun-2021 13:27:41 CEST  Successfully opened file file:/eos/cms/store/user/tsarkar/SIM_Condor_output_Vector_MonoZLL_NLO_Mphi-500_Mchi-150_gSM-0p25_gDM-1p0_ctau0p1/step_SIM_2017UL_20.root
14-Jun-2021 13:27:47 CEST  Initiating request to open file root://eoscms.cern.ch//eos/cms/store/mc/RunIISummer20ULPrePremix/Neutrino_E-10_gun/PREMIX/UL17_106X_mc2017_realistic_v6-v3/210001/EA27FEFA-7B8A-DA42-BB08-9943D1E631AA.root
%MSG-w XrdAdaptor:  PreMixingModule:mixData@ctor 14-Jun-2021 13:27:49 CEST  pre-events
Data is served from cern.ch instead of original site eoscms
%MSG
14-Jun-2021 13:27:49 CEST  Successfully opened file root://eoscms.cern.ch//eos/cms/store/mc/RunIISummer20ULPrePremix/Neutrino_E-10_gun/PREMIX/UL17_106X_mc2017_realistic_v6-v3/210001/EA27FEFA-7B8A-DA42-BB08-9943D1E631AA.root
Begin processing the 1st record. Run 1, Event 952, LumiSection 20 on stream 0 at 14-Jun-2021 13:28:08.300 CEST
14-Jun-2021 13:30:22 CEST  Closed file root://eoscms.cern.ch//eos/cms/store/mc/RunIISummer20ULPrePremix/Neutrino_E-10_gun/PREMIX/UL17_106X_mc2017_realistic_v6-v3/210001/EA27FEFA-7B8A-DA42-BB08-9943D1E631AA.root
14-Jun-2021 13:30:22 CEST  Initiating request to open file root://eoscms.cern.ch//eos/cms/store/mc/RunIISummer20ULPrePremix/Neutrino_E-10_gun/PREMIX/UL17_106X_mc2017_realistic_v6-v3/210001/2DC860D8-6FCF-3F41-9499-D06FEA993FF3.root
%MSG-w XrdAdaptor:  PreMixingModule:mixData 14-Jun-2021 13:30:24 CEST  Run: 1 Event: 952
Data is served from cern.ch instead of original site eoscms
%MSG
14-Jun-2021 13:30:24 CEST  Successfully opened file root://eoscms.cern.ch//eos/cms/store/mc/RunIISummer20ULPrePremix/Neutrino_E-10_gun/PREMIX/UL17_106X_mc2017_realistic_v6-v3/210001/2DC860D8-6FCF-3F41-9499-D06FEA993FF3.root
Begin processing the 2nd record. Run 1, Event 955, LumiSection 20 on stream 0 at 14-Jun-2021 13:30:35.717 CEST
Begin processing the 3rd record. Run 1, Event 951, LumiSection 20 on stream 0 at 14-Jun-2021 13:30:39.776 CEST
Begin processing the 4th record. Run 1, Event 954, LumiSection 20 on stream 0 at 14-Jun-2021 13:30:43.294 CEST
Begin processing the 5th record. Run 1, Event 953, LumiSection 20 on stream 0 at 14-Jun-2021 13:30:47.213 CEST
Begin processing the 6th record. Run 1, Event 956, LumiSection 20 on stream 0 at 14-Jun-2021 13:30:50.845 CEST
Begin processing the 7th record. Run 1, Event 957, LumiSection 20 on stream 0 at 14-Jun-2021 13:30:54.334 CEST
Begin processing the 8th record. Run 1, Event 958, LumiSection 20 on stream 0 at 14-Jun-2021 13:30:58.622 CEST
Begin processing the 9th record. Run 1, Event 959, LumiSection 20 on stream 0 at 14-Jun-2021 13:31:03.123 CEST
Begin processing the 10th record. Run 1, Event 961, LumiSection 20 on stream 0 at 14-Jun-2021 13:31:06.566 CEST
Begin processing the 11th record. Run 1, Event 960, LumiSection 20 on stream 0 at 14-Jun-2021 13:31:11.740 CEST
Begin processing the 12th record. Run 1, Event 962, LumiSection 20 on stream 0 at 14-Jun-2021 13:31:14.828 CEST
Begin processing the 13th record. Run 1, Event 963, LumiSection 20 on stream 0 at 14-Jun-2021 13:31:18.228 CEST
Begin processing the 14th record. Run 1, Event 965, LumiSection 20 on stream 0 at 14-Jun-2021 13:31:21.944 CEST
Begin processing the 15th record. Run 1, Event 964, LumiSection 20 on stream 0 at 14-Jun-2021 13:31:26.581 CEST
Begin processing the 16th record. Run 1, Event 967, LumiSection 20 on stream 0 at 14-Jun-2021 13:31:30.771 CEST
Begin processing the 17th record. Run 1, Event 966, LumiSection 20 on stream 0 at 14-Jun-2021 13:31:35.324 CEST
Begin processing the 18th record. Run 1, Event 968, LumiSection 20 on stream 0 at 14-Jun-2021 13:31:39.045 CEST
Begin processing the 19th record. Run 1, Event 971, LumiSection 20 on stream 0 at 14-Jun-2021 13:31:43.607 CEST
Begin processing the 20th record. Run 1, Event 969, LumiSection 20 on stream 0 at 14-Jun-2021 13:31:47.737 CEST
Begin processing the 21st record. Run 1, Event 970, LumiSection 20 on stream 0 at 14-Jun-2021 13:31:51.984 CEST
Begin processing the 22nd record. Run 1, Event 973, LumiSection 20 on stream 0 at 14-Jun-2021 13:31:55.581 CEST
Begin processing the 23rd record. Run 1, Event 975, LumiSection 20 on stream 0 at 14-Jun-2021 13:32:00.255 CEST
Begin processing the 24th record. Run 1, Event 974, LumiSection 20 on stream 0 at 14-Jun-2021 13:32:03.057 CEST
Begin processing the 25th record. Run 1, Event 972, LumiSection 20 on stream 0 at 14-Jun-2021 13:32:07.542 CEST
Begin processing the 26th record. Run 1, Event 977, LumiSection 20 on stream 0 at 14-Jun-2021 13:32:11.498 CEST
Begin processing the 27th record. Run 1, Event 978, LumiSection 20 on stream 0 at 14-Jun-2021 13:32:16.713 CEST
Begin processing the 28th record. Run 1, Event 976, LumiSection 20 on stream 0 at 14-Jun-2021 13:32:20.603 CEST
Begin processing the 29th record. Run 1, Event 979, LumiSection 20 on stream 0 at 14-Jun-2021 13:32:25.715 CEST
Begin processing the 30th record. Run 1, Event 981, LumiSection 20 on stream 0 at 14-Jun-2021 13:32:29.803 CEST
Begin processing the 31st record. Run 1, Event 980, LumiSection 20 on stream 0 at 14-Jun-2021 13:32:32.941 CEST
Begin processing the 32nd record. Run 1, Event 982, LumiSection 20 on stream 0 at 14-Jun-2021 13:32:37.209 CEST
Begin processing the 33rd record. Run 1, Event 983, LumiSection 20 on stream 0 at 14-Jun-2021 13:32:42.210 CEST
Begin processing the 34th record. Run 1, Event 987, LumiSection 20 on stream 0 at 14-Jun-2021 13:32:47.028 CEST
Begin processing the 35th record. Run 1, Event 986, LumiSection 20 on stream 0 at 14-Jun-2021 13:32:50.728 CEST
Begin processing the 36th record. Run 1, Event 985, LumiSection 20 on stream 0 at 14-Jun-2021 13:32:53.761 CEST
Begin processing the 37th record. Run 1, Event 984, LumiSection 20 on stream 0 at 14-Jun-2021 13:32:58.586 CEST
Begin processing the 38th record. Run 1, Event 988, LumiSection 20 on stream 0 at 14-Jun-2021 13:33:04.019 CEST
Begin processing the 39th record. Run 1, Event 991, LumiSection 20 on stream 0 at 14-Jun-2021 13:33:07.752 CEST
Begin processing the 40th record. Run 1, Event 989, LumiSection 20 on stream 0 at 14-Jun-2021 13:33:11.054 CEST
Begin processing the 41st record. Run 1, Event 992, LumiSection 20 on stream 0 at 14-Jun-2021 13:33:15.222 CEST
Begin processing the 42nd record. Run 1, Event 990, LumiSection 20 on stream 0 at 14-Jun-2021 13:33:19.028 CEST
Begin processing the 43rd record. Run 1, Event 993, LumiSection 20 on stream 0 at 14-Jun-2021 13:33:23.210 CEST
Begin processing the 44th record. Run 1, Event 994, LumiSection 20 on stream 0 at 14-Jun-2021 13:33:27.040 CEST
Begin processing the 45th record. Run 1, Event 996, LumiSection 20 on stream 0 at 14-Jun-2021 13:33:31.194 CEST
Begin processing the 46th record. Run 1, Event 997, LumiSection 20 on stream 0 at 14-Jun-2021 13:33:35.019 CEST
Begin processing the 47th record. Run 1, Event 995, LumiSection 20 on stream 0 at 14-Jun-2021 13:33:38.607 CEST
Begin processing the 48th record. Run 1, Event 998, LumiSection 20 on stream 0 at 14-Jun-2021 13:33:43.202 CEST
Begin processing the 49th record. Run 1, Event 999, LumiSection 20 on stream 0 at 14-Jun-2021 13:33:46.474 CEST
Begin processing the 50th record. Run 1, Event 1000, LumiSection 20 on stream 0 at 14-Jun-2021 13:33:49.945 CEST
14-Jun-2021 13:33:53 CEST  Closed file file:/eos/cms/store/user/tsarkar/SIM_Condor_output_Vector_MonoZLL_NLO_Mphi-500_Mchi-150_gSM-0p25_gDM-1p0_ctau0p1/step_SIM_2017UL_20.root
14-Jun-2021 13:33:54 CEST  Closed file root://eoscms.cern.ch//eos/cms/store/mc/RunIISummer20ULPrePremix/Neutrino_E-10_gun/PREMIX/UL17_106X_mc2017_realistic_v6-v3/210001/2DC860D8-6FCF-3F41-9499-D06FEA993FF3.root

=============================================

MessageLogger Summary

 type     category        sev    module        subroutine        count    total
 ---- -------------------- -- ---------------- ----------------  -----    -----
    1 XrdAdaptor           -w PreMixingModule:                       1        1
    2 XrdAdaptor           -w PreMixingModule:                       1        1
    3 fileAction           -s PreMixingModule:                       3        3
    4 fileAction           -s PreMixingModule:                       2        2
    5 fileAction           -s PreMixingModule:                       1        1
    6 fileAction           -s file_close                             1        1
    7 fileAction           -s file_open                              2        2

 type    category    Examples: run/evt        run/evt          run/evt
 ---- -------------------- ---------------- ---------------- ----------------
    1 XrdAdaptor           1/952                             
    2 XrdAdaptor           pre-events                        
    3 fileAction           1/952            1/952            1/952
    4 fileAction           pre-events       pre-events       
    5 fileAction           PostGlobalEndRun                  
    6 fileAction           PostGlobalEndRun                  
    7 fileAction           pre-events       pre-events       

Severity    # Occurrences   Total Occurrences
--------    -------------   -----------------
Warning                 2                   2
System                  9                   9

dropped waiting message count 0
