000 (7309372.000.000) 06/14 11:24:35 Job submitted from host: <137.138.44.75:9618?addrs=137.138.44.75-9618+[2001-1458-d00-1a--b]-9618&alias=bigbird14.cern.ch&noUDP&sock=schedd_3149486_02ef>
...
040 (7309372.000.000) 06/14 13:26:47 Started transferring input files
	Transferring to host: <188.184.169.12:9618?addrs=188.184.169.12-9618+[2001-1458-301-c0--100-3dd]-9618&alias=b7g52n6865.cern.ch&noUDP&sock=slot1_15_2544_3a61_95961>
...
040 (7309372.000.000) 06/14 13:26:47 Finished transferring input files
...
001 (7309372.000.000) 06/14 13:26:48 Job executing on host: <188.184.169.12:9618?addrs=188.184.169.12-9618+[2001-1458-301-c0--100-3dd]-9618&alias=b7g52n6865.cern.ch&noUDP&sock=startd_18774_fb1d>
...
006 (7309372.000.000) 06/14 13:26:57 Image size of job updated: 1046152
	44  -  MemoryUsage of job (MB)
	44636  -  ResidentSetSize of job (KB)
...
006 (7309372.000.000) 06/14 13:31:57 Image size of job updated: 3000904
	1768  -  MemoryUsage of job (MB)
	1810032  -  ResidentSetSize of job (KB)
...
040 (7309372.000.000) 06/14 13:32:32 Started transferring output files
...
040 (7309372.000.000) 06/14 13:32:32 Finished transferring output files
...
005 (7309372.000.000) 06/14 13:32:32 Job terminated.
	(1) Normal termination (return value 0)
		Usr 0 00:04:36, Sys 0 00:00:06  -  Run Remote Usage
		Usr 0 00:00:00, Sys 0 00:00:00  -  Run Local Usage
		Usr 0 00:04:36, Sys 0 00:00:06  -  Total Remote Usage
		Usr 0 00:00:00, Sys 0 00:00:00  -  Total Local Usage
	15113  -  Run Bytes Sent By Job
	443  -  Run Bytes Received By Job
	15113  -  Total Bytes Sent By Job
	443  -  Total Bytes Received By Job
	Partitionable Resources :    Usage  Request Allocated 
	   Cpus                 :                 1         1 
	   Disk (KB)            :       28        1    273305 
	   Memory (MB)          :     1768     2000      2000 

	Job terminated of its own accord at 2021-06-14T11:32:32Z.
...
