000 (7309368.000.000) 06/14 11:24:26 Job submitted from host: <137.138.44.75:9618?addrs=137.138.44.75-9618+[2001-1458-d00-1a--b]-9618&alias=bigbird14.cern.ch&noUDP&sock=schedd_3149486_02ef>
...
040 (7309368.000.000) 06/14 13:26:46 Started transferring input files
	Transferring to host: <128.142.85.228:9618?addrs=128.142.85.228-9618+[2001-1458-301-f6--100-3b7]-9618&alias=b7s14n6738.cern.ch&noUDP&sock=slot1_4_7379_ec45_94207>
...
040 (7309368.000.000) 06/14 13:26:46 Finished transferring input files
...
001 (7309368.000.000) 06/14 13:26:47 Job executing on host: <128.142.85.228:9618?addrs=128.142.85.228-9618+[2001-1458-301-f6--100-3b7]-9618&alias=b7s14n6738.cern.ch&noUDP&sock=startd_16609_f893>
...
006 (7309368.000.000) 06/14 13:26:56 Image size of job updated: 252564
	37  -  MemoryUsage of job (MB)
	37824  -  ResidentSetSize of job (KB)
...
006 (7309368.000.000) 06/14 13:31:56 Image size of job updated: 3000916
	1776  -  MemoryUsage of job (MB)
	1818168  -  ResidentSetSize of job (KB)
...
040 (7309368.000.000) 06/14 13:33:20 Started transferring output files
...
040 (7309368.000.000) 06/14 13:33:20 Finished transferring output files
...
005 (7309368.000.000) 06/14 13:33:20 Job terminated.
	(1) Normal termination (return value 0)
		Usr 0 00:05:13, Sys 0 00:00:07  -  Run Remote Usage
		Usr 0 00:00:00, Sys 0 00:00:00  -  Run Local Usage
		Usr 0 00:05:13, Sys 0 00:00:07  -  Total Remote Usage
		Usr 0 00:00:00, Sys 0 00:00:00  -  Total Local Usage
	15113  -  Run Bytes Sent By Job
	442  -  Run Bytes Received By Job
	15113  -  Total Bytes Sent By Job
	442  -  Total Bytes Received By Job
	Partitionable Resources :    Usage  Request Allocated 
	   Cpus                 :                 1         1 
	   Disk (KB)            :       28        1    289197 
	   Memory (MB)          :     1776     2000      2000 

	Job terminated of its own accord at 2021-06-14T11:33:20Z.
...
