14-Jun-2021 13:27:12 CEST  Initiating request to open file file:/eos/cms/store/user/tsarkar/SIM_Condor_output_Vector_MonoZLL_NLO_Mphi-500_Mchi-150_gSM-0p25_gDM-1p0_ctau0p1/step_SIM_2017UL_5.root
14-Jun-2021 13:27:15 CEST  Successfully opened file file:/eos/cms/store/user/tsarkar/SIM_Condor_output_Vector_MonoZLL_NLO_Mphi-500_Mchi-150_gSM-0p25_gDM-1p0_ctau0p1/step_SIM_2017UL_5.root
14-Jun-2021 13:27:18 CEST  Initiating request to open file root://eoscms.cern.ch//eos/cms/store/mc/RunIISummer20ULPrePremix/Neutrino_E-10_gun/PREMIX/UL17_106X_mc2017_realistic_v6-v3/210000/FE70140C-0DF1-0841-9EF2-06CDBA6F8048.root
%MSG-w XrdAdaptor:  PreMixingModule:mixData@ctor 14-Jun-2021 13:27:21 CEST  pre-events
Data is served from cern.ch instead of original site eoscms
%MSG
14-Jun-2021 13:27:21 CEST  Successfully opened file root://eoscms.cern.ch//eos/cms/store/mc/RunIISummer20ULPrePremix/Neutrino_E-10_gun/PREMIX/UL17_106X_mc2017_realistic_v6-v3/210000/FE70140C-0DF1-0841-9EF2-06CDBA6F8048.root
Begin processing the 1st record. Run 1, Event 202, LumiSection 5 on stream 0 at 14-Jun-2021 13:27:36.762 CEST
14-Jun-2021 13:29:45 CEST  Closed file root://eoscms.cern.ch//eos/cms/store/mc/RunIISummer20ULPrePremix/Neutrino_E-10_gun/PREMIX/UL17_106X_mc2017_realistic_v6-v3/210000/FE70140C-0DF1-0841-9EF2-06CDBA6F8048.root
14-Jun-2021 13:29:45 CEST  Initiating request to open file root://eoscms.cern.ch//eos/cms/store/mc/RunIISummer20ULPrePremix/Neutrino_E-10_gun/PREMIX/UL17_106X_mc2017_realistic_v6-v3/00005/915AC752-F3EB-A149-8C1E-4B495C95E558.root
%MSG-w XrdAdaptor:  PreMixingModule:mixData 14-Jun-2021 13:29:47 CEST  Run: 1 Event: 202
Data is served from cern.ch instead of original site eoscms
%MSG
14-Jun-2021 13:29:47 CEST  Successfully opened file root://eoscms.cern.ch//eos/cms/store/mc/RunIISummer20ULPrePremix/Neutrino_E-10_gun/PREMIX/UL17_106X_mc2017_realistic_v6-v3/00005/915AC752-F3EB-A149-8C1E-4B495C95E558.root
Begin processing the 2nd record. Run 1, Event 204, LumiSection 5 on stream 0 at 14-Jun-2021 13:29:58.273 CEST
Begin processing the 3rd record. Run 1, Event 203, LumiSection 5 on stream 0 at 14-Jun-2021 13:30:01.572 CEST
Begin processing the 4th record. Run 1, Event 206, LumiSection 5 on stream 0 at 14-Jun-2021 13:30:05.344 CEST
Begin processing the 5th record. Run 1, Event 201, LumiSection 5 on stream 0 at 14-Jun-2021 13:30:08.416 CEST
Begin processing the 6th record. Run 1, Event 205, LumiSection 5 on stream 0 at 14-Jun-2021 13:30:11.811 CEST
Begin processing the 7th record. Run 1, Event 207, LumiSection 5 on stream 0 at 14-Jun-2021 13:30:16.010 CEST
Begin processing the 8th record. Run 1, Event 208, LumiSection 5 on stream 0 at 14-Jun-2021 13:30:19.113 CEST
Begin processing the 9th record. Run 1, Event 209, LumiSection 5 on stream 0 at 14-Jun-2021 13:30:23.062 CEST
Begin processing the 10th record. Run 1, Event 211, LumiSection 5 on stream 0 at 14-Jun-2021 13:30:26.146 CEST
Begin processing the 11th record. Run 1, Event 212, LumiSection 5 on stream 0 at 14-Jun-2021 13:30:30.233 CEST
Begin processing the 12th record. Run 1, Event 210, LumiSection 5 on stream 0 at 14-Jun-2021 13:30:33.684 CEST
Begin processing the 13th record. Run 1, Event 213, LumiSection 5 on stream 0 at 14-Jun-2021 13:30:36.671 CEST
Begin processing the 14th record. Run 1, Event 215, LumiSection 5 on stream 0 at 14-Jun-2021 13:30:40.165 CEST
Begin processing the 15th record. Run 1, Event 214, LumiSection 5 on stream 0 at 14-Jun-2021 13:30:43.228 CEST
Begin processing the 16th record. Run 1, Event 218, LumiSection 5 on stream 0 at 14-Jun-2021 13:30:46.830 CEST
Begin processing the 17th record. Run 1, Event 219, LumiSection 5 on stream 0 at 14-Jun-2021 13:30:49.450 CEST
Begin processing the 18th record. Run 1, Event 216, LumiSection 5 on stream 0 at 14-Jun-2021 13:30:52.281 CEST
Begin processing the 19th record. Run 1, Event 217, LumiSection 5 on stream 0 at 14-Jun-2021 13:30:55.626 CEST
Begin processing the 20th record. Run 1, Event 220, LumiSection 5 on stream 0 at 14-Jun-2021 13:30:59.377 CEST
Begin processing the 21st record. Run 1, Event 221, LumiSection 5 on stream 0 at 14-Jun-2021 13:31:02.800 CEST
Begin processing the 22nd record. Run 1, Event 224, LumiSection 5 on stream 0 at 14-Jun-2021 13:31:06.118 CEST
Begin processing the 23rd record. Run 1, Event 223, LumiSection 5 on stream 0 at 14-Jun-2021 13:31:09.692 CEST
Begin processing the 24th record. Run 1, Event 226, LumiSection 5 on stream 0 at 14-Jun-2021 13:31:13.729 CEST
Begin processing the 25th record. Run 1, Event 222, LumiSection 5 on stream 0 at 14-Jun-2021 13:31:17.041 CEST
Begin processing the 26th record. Run 1, Event 227, LumiSection 5 on stream 0 at 14-Jun-2021 13:31:21.096 CEST
Begin processing the 27th record. Run 1, Event 225, LumiSection 5 on stream 0 at 14-Jun-2021 13:31:24.113 CEST
Begin processing the 28th record. Run 1, Event 230, LumiSection 5 on stream 0 at 14-Jun-2021 13:31:27.367 CEST
Begin processing the 29th record. Run 1, Event 228, LumiSection 5 on stream 0 at 14-Jun-2021 13:31:30.256 CEST
Begin processing the 30th record. Run 1, Event 231, LumiSection 5 on stream 0 at 14-Jun-2021 13:31:33.989 CEST
Begin processing the 31st record. Run 1, Event 232, LumiSection 5 on stream 0 at 14-Jun-2021 13:31:38.306 CEST
Begin processing the 32nd record. Run 1, Event 229, LumiSection 5 on stream 0 at 14-Jun-2021 13:31:41.356 CEST
Begin processing the 33rd record. Run 1, Event 233, LumiSection 5 on stream 0 at 14-Jun-2021 13:31:45.546 CEST
Begin processing the 34th record. Run 1, Event 234, LumiSection 5 on stream 0 at 14-Jun-2021 13:31:48.641 CEST
Begin processing the 35th record. Run 1, Event 237, LumiSection 5 on stream 0 at 14-Jun-2021 13:31:50.995 CEST
Begin processing the 36th record. Run 1, Event 235, LumiSection 5 on stream 0 at 14-Jun-2021 13:31:53.672 CEST
Begin processing the 37th record. Run 1, Event 236, LumiSection 5 on stream 0 at 14-Jun-2021 13:31:56.958 CEST
Begin processing the 38th record. Run 1, Event 239, LumiSection 5 on stream 0 at 14-Jun-2021 13:32:00.715 CEST
Begin processing the 39th record. Run 1, Event 238, LumiSection 5 on stream 0 at 14-Jun-2021 13:32:03.624 CEST
Begin processing the 40th record. Run 1, Event 240, LumiSection 5 on stream 0 at 14-Jun-2021 13:32:07.576 CEST
Begin processing the 41st record. Run 1, Event 242, LumiSection 5 on stream 0 at 14-Jun-2021 13:32:09.994 CEST
Begin processing the 42nd record. Run 1, Event 241, LumiSection 5 on stream 0 at 14-Jun-2021 13:32:13.424 CEST
Begin processing the 43rd record. Run 1, Event 246, LumiSection 5 on stream 0 at 14-Jun-2021 13:32:16.459 CEST
Begin processing the 44th record. Run 1, Event 244, LumiSection 5 on stream 0 at 14-Jun-2021 13:32:19.259 CEST
Begin processing the 45th record. Run 1, Event 245, LumiSection 5 on stream 0 at 14-Jun-2021 13:32:24.276 CEST
Begin processing the 46th record. Run 1, Event 243, LumiSection 5 on stream 0 at 14-Jun-2021 13:32:27.882 CEST
Begin processing the 47th record. Run 1, Event 247, LumiSection 5 on stream 0 at 14-Jun-2021 13:32:30.697 CEST
Begin processing the 48th record. Run 1, Event 248, LumiSection 5 on stream 0 at 14-Jun-2021 13:32:33.721 CEST
Begin processing the 49th record. Run 1, Event 249, LumiSection 5 on stream 0 at 14-Jun-2021 13:32:37.277 CEST
Begin processing the 50th record. Run 1, Event 250, LumiSection 5 on stream 0 at 14-Jun-2021 13:32:40.394 CEST
14-Jun-2021 13:32:43 CEST  Closed file file:/eos/cms/store/user/tsarkar/SIM_Condor_output_Vector_MonoZLL_NLO_Mphi-500_Mchi-150_gSM-0p25_gDM-1p0_ctau0p1/step_SIM_2017UL_5.root
14-Jun-2021 13:32:44 CEST  Closed file root://eoscms.cern.ch//eos/cms/store/mc/RunIISummer20ULPrePremix/Neutrino_E-10_gun/PREMIX/UL17_106X_mc2017_realistic_v6-v3/00005/915AC752-F3EB-A149-8C1E-4B495C95E558.root

=============================================

MessageLogger Summary

 type     category        sev    module        subroutine        count    total
 ---- -------------------- -- ---------------- ----------------  -----    -----
    1 XrdAdaptor           -w PreMixingModule:                       1        1
    2 XrdAdaptor           -w PreMixingModule:                       1        1
    3 fileAction           -s PreMixingModule:                       3        3
    4 fileAction           -s PreMixingModule:                       2        2
    5 fileAction           -s PreMixingModule:                       1        1
    6 fileAction           -s file_close                             1        1
    7 fileAction           -s file_open                              2        2

 type    category    Examples: run/evt        run/evt          run/evt
 ---- -------------------- ---------------- ---------------- ----------------
    1 XrdAdaptor           1/202                             
    2 XrdAdaptor           pre-events                        
    3 fileAction           1/202            1/202            1/202
    4 fileAction           pre-events       pre-events       
    5 fileAction           PostGlobalEndRun                  
    6 fileAction           PostGlobalEndRun                  
    7 fileAction           pre-events       pre-events       

Severity    # Occurrences   Total Occurrences
--------    -------------   -----------------
Warning                 2                   2
System                  9                   9

dropped waiting message count 0
