000 (7309381.000.000) 06/14 11:24:54 Job submitted from host: <137.138.44.75:9618?addrs=137.138.44.75-9618+[2001-1458-d00-1a--b]-9618&alias=bigbird14.cern.ch&noUDP&sock=schedd_3149486_02ef>
...
040 (7309381.000.000) 06/14 13:26:50 Started transferring input files
	Transferring to host: <128.142.78.110:9618?addrs=128.142.78.110-9618+[2001-1458-301-f4--100-566]-9618&alias=b7s12n3200.cern.ch&noUDP&sock=slot1_2_4290_7168_54631>
...
040 (7309381.000.000) 06/14 13:26:50 Finished transferring input files
...
001 (7309381.000.000) 06/14 13:26:51 Job executing on host: <128.142.78.110:9618?addrs=128.142.78.110-9618+[2001-1458-301-f4--100-566]-9618&alias=b7s12n3200.cern.ch&noUDP&sock=startd_3697_69b8>
...
006 (7309381.000.000) 06/14 13:27:00 Image size of job updated: 28608
	15  -  MemoryUsage of job (MB)
	15036  -  ResidentSetSize of job (KB)
...
006 (7309381.000.000) 06/14 13:32:00 Image size of job updated: 3000940
	1555  -  MemoryUsage of job (MB)
	1591872  -  ResidentSetSize of job (KB)
...
006 (7309381.000.000) 06/14 13:34:43 Image size of job updated: 3000944
	1555  -  MemoryUsage of job (MB)
	1591872  -  ResidentSetSize of job (KB)
...
040 (7309381.000.000) 06/14 13:34:43 Started transferring output files
...
040 (7309381.000.000) 06/14 13:34:43 Finished transferring output files
...
005 (7309381.000.000) 06/14 13:34:43 Job terminated.
	(1) Normal termination (return value 0)
		Usr 0 00:05:32, Sys 0 00:00:07  -  Run Remote Usage
		Usr 0 00:00:00, Sys 0 00:00:00  -  Run Local Usage
		Usr 0 00:05:32, Sys 0 00:00:07  -  Total Remote Usage
		Usr 0 00:00:00, Sys 0 00:00:00  -  Total Local Usage
	15239  -  Run Bytes Sent By Job
	443  -  Run Bytes Received By Job
	15239  -  Total Bytes Sent By Job
	443  -  Total Bytes Received By Job
	Partitionable Resources :    Usage  Request Allocated 
	   Cpus                 :     0.30        1         1 
	   Disk (KB)            :    36           1    270573 
	   Memory (MB)          :  1555        2000      2000 

	Job terminated of its own accord at 2021-06-14T11:34:43Z.
...
