000 (7309363.000.000) 06/14 11:24:06 Job submitted from host: <137.138.44.75:9618?addrs=137.138.44.75-9618+[2001-1458-d00-1a--b]-9618&alias=bigbird14.cern.ch&noUDP&sock=schedd_3149486_02ef>
...
040 (7309363.000.000) 06/14 13:26:45 Started transferring input files
	Transferring to host: <128.142.193.185:9618?addrs=128.142.193.185-9618+[2001-1458-301-cc--100-269]-9618&alias=b7g52n7657.cern.ch&noUDP&sock=slot1_3_7459_4a48_48878>
...
040 (7309363.000.000) 06/14 13:26:45 Finished transferring input files
...
001 (7309363.000.000) 06/14 13:26:46 Job executing on host: <128.142.193.185:9618?addrs=128.142.193.185-9618+[2001-1458-301-cc--100-269]-9618&alias=b7g52n7657.cern.ch&noUDP&sock=startd_6593_d3fd>
...
006 (7309363.000.000) 06/14 13:26:55 Image size of job updated: 25776
	12  -  MemoryUsage of job (MB)
	12204  -  ResidentSetSize of job (KB)
...
006 (7309363.000.000) 06/14 13:31:55 Image size of job updated: 3000928
	1815  -  MemoryUsage of job (MB)
	1858500  -  ResidentSetSize of job (KB)
...
006 (7309363.000.000) 06/14 13:34:10 Image size of job updated: 3000940
	1815  -  MemoryUsage of job (MB)
	1858500  -  ResidentSetSize of job (KB)
...
040 (7309363.000.000) 06/14 13:34:10 Started transferring output files
...
040 (7309363.000.000) 06/14 13:34:10 Finished transferring output files
...
005 (7309363.000.000) 06/14 13:34:10 Job terminated.
	(1) Normal termination (return value 0)
		Usr 0 00:05:36, Sys 0 00:00:07  -  Run Remote Usage
		Usr 0 00:00:00, Sys 0 00:00:00  -  Run Local Usage
		Usr 0 00:05:36, Sys 0 00:00:07  -  Total Remote Usage
		Usr 0 00:00:00, Sys 0 00:00:00  -  Total Local Usage
	15110  -  Run Bytes Sent By Job
	442  -  Run Bytes Received By Job
	15110  -  Total Bytes Sent By Job
	442  -  Total Bytes Received By Job
	Partitionable Resources :    Usage  Request Allocated 
	   Cpus                 :                 1         1 
	   Disk (KB)            :       28        1    276581 
	   Memory (MB)          :     1815     2000      2000 

	Job terminated of its own accord at 2021-06-14T11:34:10Z.
...
