000 (7309362.000.000) 06/14 11:24:04 Job submitted from host: <137.138.44.75:9618?addrs=137.138.44.75-9618+[2001-1458-d00-1a--b]-9618&alias=bigbird14.cern.ch&noUDP&sock=schedd_3149486_02ef>
...
040 (7309362.000.000) 06/14 13:26:45 Started transferring input files
	Transferring to host: <128.142.76.211:9618?addrs=128.142.76.211-9618+[2001-1458-301-f4--100-74]-9618&alias=b7s12n1536.cern.ch&noUDP&sock=slot1_9_13968_7831_89665>
...
040 (7309362.000.000) 06/14 13:26:45 Finished transferring input files
...
001 (7309362.000.000) 06/14 13:26:46 Job executing on host: <128.142.76.211:9618?addrs=128.142.76.211-9618+[2001-1458-301-f4--100-74]-9618&alias=b7s12n1536.cern.ch&noUDP&sock=startd_16471_5081>
...
006 (7309362.000.000) 06/14 13:26:55 Image size of job updated: 52316
	37  -  MemoryUsage of job (MB)
	37832  -  ResidentSetSize of job (KB)
...
006 (7309362.000.000) 06/14 13:31:56 Image size of job updated: 3000892
	1810  -  MemoryUsage of job (MB)
	1853004  -  ResidentSetSize of job (KB)
...
006 (7309362.000.000) 06/14 13:33:50 Image size of job updated: 3000904
	1810  -  MemoryUsage of job (MB)
	1853004  -  ResidentSetSize of job (KB)
...
040 (7309362.000.000) 06/14 13:33:50 Started transferring output files
...
040 (7309362.000.000) 06/14 13:33:50 Finished transferring output files
...
005 (7309362.000.000) 06/14 13:33:50 Job terminated.
	(1) Normal termination (return value 0)
		Usr 0 00:05:15, Sys 0 00:00:08  -  Run Remote Usage
		Usr 0 00:00:00, Sys 0 00:00:00  -  Run Local Usage
		Usr 0 00:05:15, Sys 0 00:00:08  -  Total Remote Usage
		Usr 0 00:00:00, Sys 0 00:00:00  -  Total Local Usage
	15085  -  Run Bytes Sent By Job
	442  -  Run Bytes Received By Job
	15085  -  Total Bytes Sent By Job
	442  -  Total Bytes Received By Job
	Partitionable Resources :    Usage  Request Allocated 
	   Cpus                 :                 1         1 
	   Disk (KB)            :       28        1    271144 
	   Memory (MB)          :     1810     2000      2000 

	Job terminated of its own accord at 2021-06-14T11:33:50Z.
...
