14-Jun-2021 13:27:23 CEST  Initiating request to open file file:/eos/cms/store/user/tsarkar/SIM_Condor_output_Vector_MonoZLL_NLO_Mphi-500_Mchi-150_gSM-0p25_gDM-1p0_ctau0p1/step_SIM_2017UL_10.root
14-Jun-2021 13:27:26 CEST  Successfully opened file file:/eos/cms/store/user/tsarkar/SIM_Condor_output_Vector_MonoZLL_NLO_Mphi-500_Mchi-150_gSM-0p25_gDM-1p0_ctau0p1/step_SIM_2017UL_10.root
14-Jun-2021 13:27:31 CEST  Initiating request to open file root://eoscms.cern.ch//eos/cms/store/mc/RunIISummer20ULPrePremix/Neutrino_E-10_gun/PREMIX/UL17_106X_mc2017_realistic_v6-v3/210010/0361B0EE-CFFF-B041-9A8F-0FAA0FA67FBA.root
%MSG-w XrdAdaptor:  PreMixingModule:mixData@ctor 14-Jun-2021 13:27:33 CEST  pre-events
Data is served from cern.ch instead of original site eoscms
%MSG
14-Jun-2021 13:27:33 CEST  Successfully opened file root://eoscms.cern.ch//eos/cms/store/mc/RunIISummer20ULPrePremix/Neutrino_E-10_gun/PREMIX/UL17_106X_mc2017_realistic_v6-v3/210010/0361B0EE-CFFF-B041-9A8F-0FAA0FA67FBA.root
Begin processing the 1st record. Run 1, Event 453, LumiSection 10 on stream 0 at 14-Jun-2021 13:27:51.788 CEST
14-Jun-2021 13:30:31 CEST  Closed file root://eoscms.cern.ch//eos/cms/store/mc/RunIISummer20ULPrePremix/Neutrino_E-10_gun/PREMIX/UL17_106X_mc2017_realistic_v6-v3/210010/0361B0EE-CFFF-B041-9A8F-0FAA0FA67FBA.root
14-Jun-2021 13:30:31 CEST  Initiating request to open file root://eoscms.cern.ch//eos/cms/store/mc/RunIISummer20ULPrePremix/Neutrino_E-10_gun/PREMIX/UL17_106X_mc2017_realistic_v6-v3/20002/10351223-EEA7-5B4D-8609-94A19E2B55C0.root
%MSG-w XrdAdaptor:  PreMixingModule:mixData 14-Jun-2021 13:30:33 CEST  Run: 1 Event: 453
Data is served from cern.ch instead of original site eoscms
%MSG
14-Jun-2021 13:30:33 CEST  Successfully opened file root://eoscms.cern.ch//eos/cms/store/mc/RunIISummer20ULPrePremix/Neutrino_E-10_gun/PREMIX/UL17_106X_mc2017_realistic_v6-v3/20002/10351223-EEA7-5B4D-8609-94A19E2B55C0.root
Begin processing the 2nd record. Run 1, Event 452, LumiSection 10 on stream 0 at 14-Jun-2021 13:30:51.204 CEST
Begin processing the 3rd record. Run 1, Event 455, LumiSection 10 on stream 0 at 14-Jun-2021 13:30:55.279 CEST
Begin processing the 4th record. Run 1, Event 454, LumiSection 10 on stream 0 at 14-Jun-2021 13:30:58.248 CEST
Begin processing the 5th record. Run 1, Event 451, LumiSection 10 on stream 0 at 14-Jun-2021 13:31:02.261 CEST
Begin processing the 6th record. Run 1, Event 459, LumiSection 10 on stream 0 at 14-Jun-2021 13:31:06.219 CEST
Begin processing the 7th record. Run 1, Event 456, LumiSection 10 on stream 0 at 14-Jun-2021 13:31:09.687 CEST
Begin processing the 8th record. Run 1, Event 457, LumiSection 10 on stream 0 at 14-Jun-2021 13:31:14.388 CEST
Begin processing the 9th record. Run 1, Event 458, LumiSection 10 on stream 0 at 14-Jun-2021 13:31:18.045 CEST
Begin processing the 10th record. Run 1, Event 462, LumiSection 10 on stream 0 at 14-Jun-2021 13:31:22.131 CEST
Begin processing the 11th record. Run 1, Event 464, LumiSection 10 on stream 0 at 14-Jun-2021 13:31:26.104 CEST
Begin processing the 12th record. Run 1, Event 460, LumiSection 10 on stream 0 at 14-Jun-2021 13:31:29.427 CEST
Begin processing the 13th record. Run 1, Event 461, LumiSection 10 on stream 0 at 14-Jun-2021 13:31:33.597 CEST
Begin processing the 14th record. Run 1, Event 465, LumiSection 10 on stream 0 at 14-Jun-2021 13:31:37.886 CEST
Begin processing the 15th record. Run 1, Event 466, LumiSection 10 on stream 0 at 14-Jun-2021 13:31:41.947 CEST
Begin processing the 16th record. Run 1, Event 463, LumiSection 10 on stream 0 at 14-Jun-2021 13:31:45.579 CEST
Begin processing the 17th record. Run 1, Event 467, LumiSection 10 on stream 0 at 14-Jun-2021 13:31:50.654 CEST
Begin processing the 18th record. Run 1, Event 468, LumiSection 10 on stream 0 at 14-Jun-2021 13:31:55.211 CEST
Begin processing the 19th record. Run 1, Event 471, LumiSection 10 on stream 0 at 14-Jun-2021 13:31:58.706 CEST
Begin processing the 20th record. Run 1, Event 470, LumiSection 10 on stream 0 at 14-Jun-2021 13:32:02.626 CEST
Begin processing the 21st record. Run 1, Event 469, LumiSection 10 on stream 0 at 14-Jun-2021 13:32:06.991 CEST
Begin processing the 22nd record. Run 1, Event 473, LumiSection 10 on stream 0 at 14-Jun-2021 13:32:11.701 CEST
Begin processing the 23rd record. Run 1, Event 472, LumiSection 10 on stream 0 at 14-Jun-2021 13:32:15.509 CEST
Begin processing the 24th record. Run 1, Event 476, LumiSection 10 on stream 0 at 14-Jun-2021 13:32:19.823 CEST
Begin processing the 25th record. Run 1, Event 474, LumiSection 10 on stream 0 at 14-Jun-2021 13:32:23.527 CEST
Begin processing the 26th record. Run 1, Event 475, LumiSection 10 on stream 0 at 14-Jun-2021 13:32:27.744 CEST
Begin processing the 27th record. Run 1, Event 477, LumiSection 10 on stream 0 at 14-Jun-2021 13:32:31.875 CEST
Begin processing the 28th record. Run 1, Event 479, LumiSection 10 on stream 0 at 14-Jun-2021 13:32:36.245 CEST
Begin processing the 29th record. Run 1, Event 478, LumiSection 10 on stream 0 at 14-Jun-2021 13:32:39.926 CEST
Begin processing the 30th record. Run 1, Event 482, LumiSection 10 on stream 0 at 14-Jun-2021 13:32:43.705 CEST
Begin processing the 31st record. Run 1, Event 481, LumiSection 10 on stream 0 at 14-Jun-2021 13:32:47.987 CEST
Begin processing the 32nd record. Run 1, Event 480, LumiSection 10 on stream 0 at 14-Jun-2021 13:32:53.107 CEST
Begin processing the 33rd record. Run 1, Event 483, LumiSection 10 on stream 0 at 14-Jun-2021 13:32:58.419 CEST
Begin processing the 34th record. Run 1, Event 484, LumiSection 10 on stream 0 at 14-Jun-2021 13:33:02.031 CEST
Begin processing the 35th record. Run 1, Event 488, LumiSection 10 on stream 0 at 14-Jun-2021 13:33:05.699 CEST
Begin processing the 36th record. Run 1, Event 487, LumiSection 10 on stream 0 at 14-Jun-2021 13:33:09.434 CEST
Begin processing the 37th record. Run 1, Event 485, LumiSection 10 on stream 0 at 14-Jun-2021 13:33:15.119 CEST
Begin processing the 38th record. Run 1, Event 486, LumiSection 10 on stream 0 at 14-Jun-2021 13:33:20.073 CEST
Begin processing the 39th record. Run 1, Event 491, LumiSection 10 on stream 0 at 14-Jun-2021 13:33:23.852 CEST
Begin processing the 40th record. Run 1, Event 489, LumiSection 10 on stream 0 at 14-Jun-2021 13:33:26.875 CEST
Begin processing the 41st record. Run 1, Event 490, LumiSection 10 on stream 0 at 14-Jun-2021 13:33:30.586 CEST
Begin processing the 42nd record. Run 1, Event 494, LumiSection 10 on stream 0 at 14-Jun-2021 13:33:34.868 CEST
Begin processing the 43rd record. Run 1, Event 493, LumiSection 10 on stream 0 at 14-Jun-2021 13:33:37.493 CEST
Begin processing the 44th record. Run 1, Event 492, LumiSection 10 on stream 0 at 14-Jun-2021 13:33:41.228 CEST
Begin processing the 45th record. Run 1, Event 497, LumiSection 10 on stream 0 at 14-Jun-2021 13:33:45.552 CEST
Begin processing the 46th record. Run 1, Event 495, LumiSection 10 on stream 0 at 14-Jun-2021 13:33:48.012 CEST
Begin processing the 47th record. Run 1, Event 499, LumiSection 10 on stream 0 at 14-Jun-2021 13:33:51.517 CEST
Begin processing the 48th record. Run 1, Event 496, LumiSection 10 on stream 0 at 14-Jun-2021 13:33:54.829 CEST
Begin processing the 49th record. Run 1, Event 500, LumiSection 10 on stream 0 at 14-Jun-2021 13:33:58.515 CEST
Begin processing the 50th record. Run 1, Event 498, LumiSection 10 on stream 0 at 14-Jun-2021 13:34:02.263 CEST
14-Jun-2021 13:34:06 CEST  Closed file file:/eos/cms/store/user/tsarkar/SIM_Condor_output_Vector_MonoZLL_NLO_Mphi-500_Mchi-150_gSM-0p25_gDM-1p0_ctau0p1/step_SIM_2017UL_10.root
14-Jun-2021 13:34:08 CEST  Closed file root://eoscms.cern.ch//eos/cms/store/mc/RunIISummer20ULPrePremix/Neutrino_E-10_gun/PREMIX/UL17_106X_mc2017_realistic_v6-v3/20002/10351223-EEA7-5B4D-8609-94A19E2B55C0.root

=============================================

MessageLogger Summary

 type     category        sev    module        subroutine        count    total
 ---- -------------------- -- ---------------- ----------------  -----    -----
    1 XrdAdaptor           -w PreMixingModule:                       1        1
    2 XrdAdaptor           -w PreMixingModule:                       1        1
    3 fileAction           -s PreMixingModule:                       3        3
    4 fileAction           -s PreMixingModule:                       2        2
    5 fileAction           -s PreMixingModule:                       1        1
    6 fileAction           -s file_close                             1        1
    7 fileAction           -s file_open                              2        2

 type    category    Examples: run/evt        run/evt          run/evt
 ---- -------------------- ---------------- ---------------- ----------------
    1 XrdAdaptor           1/453                             
    2 XrdAdaptor           pre-events                        
    3 fileAction           1/453            1/453            1/453
    4 fileAction           pre-events       pre-events       
    5 fileAction           PostGlobalEndRun                  
    6 fileAction           PostGlobalEndRun                  
    7 fileAction           pre-events       pre-events       

Severity    # Occurrences   Total Occurrences
--------    -------------   -----------------
Warning                 2                   2
System                  9                   9

dropped waiting message count 0
