000 (7309379.000.000) 06/14 11:24:50 Job submitted from host: <137.138.44.75:9618?addrs=137.138.44.75-9618+[2001-1458-d00-1a--b]-9618&alias=bigbird14.cern.ch&noUDP&sock=schedd_3149486_02ef>
...
040 (7309379.000.000) 06/14 13:26:49 Started transferring input files
	Transferring to host: <128.142.80.237:9618?addrs=128.142.80.237-9618+[2001-1458-301-f5--100-3d1]-9618&alias=b7s13n9139.cern.ch&noUDP&sock=slot1_11_28649_8fe6_89975>
...
040 (7309379.000.000) 06/14 13:26:49 Finished transferring input files
...
001 (7309379.000.000) 06/14 13:26:50 Job executing on host: <128.142.80.237:9618?addrs=128.142.80.237-9618+[2001-1458-301-f5--100-3d1]-9618&alias=b7s13n9139.cern.ch&noUDP&sock=startd_16727_e8c0>
...
006 (7309379.000.000) 06/14 13:26:59 Image size of job updated: 286980
	43  -  MemoryUsage of job (MB)
	43036  -  ResidentSetSize of job (KB)
...
006 (7309379.000.000) 06/14 13:32:00 Image size of job updated: 3000904
	1737  -  MemoryUsage of job (MB)
	1778028  -  ResidentSetSize of job (KB)
...
040 (7309379.000.000) 06/14 13:32:55 Started transferring output files
...
040 (7309379.000.000) 06/14 13:32:55 Finished transferring output files
...
005 (7309379.000.000) 06/14 13:32:55 Job terminated.
	(1) Normal termination (return value 0)
		Usr 0 00:04:49, Sys 0 00:00:06  -  Run Remote Usage
		Usr 0 00:00:00, Sys 0 00:00:00  -  Run Local Usage
		Usr 0 00:04:49, Sys 0 00:00:06  -  Total Remote Usage
		Usr 0 00:00:00, Sys 0 00:00:00  -  Total Local Usage
	15060  -  Run Bytes Sent By Job
	443  -  Run Bytes Received By Job
	15060  -  Total Bytes Sent By Job
	443  -  Total Bytes Received By Job
	Partitionable Resources :    Usage  Request Allocated 
	   Cpus                 :     0.99        1         1 
	   Disk (KB)            :    36           1    284558 
	   Memory (MB)          :  1737        2000      2000 

	Job terminated of its own accord at 2021-06-14T11:32:54Z.
...
