000 (7309373.000.000) 06/14 11:24:37 Job submitted from host: <137.138.44.75:9618?addrs=137.138.44.75-9618+[2001-1458-d00-1a--b]-9618&alias=bigbird14.cern.ch&noUDP&sock=schedd_3149486_02ef>
...
040 (7309373.000.000) 06/14 13:26:47 Started transferring input files
	Transferring to host: <128.142.79.223:9618?addrs=128.142.79.223-9618+[2001-1458-301-f4--100-13f]-9618&alias=b7s12n2794.cern.ch&noUDP&sock=slot1_3_3247_8e1d_94172>
...
040 (7309373.000.000) 06/14 13:26:47 Finished transferring input files
...
001 (7309373.000.000) 06/14 13:26:48 Job executing on host: <128.142.79.223:9618?addrs=128.142.79.223-9618+[2001-1458-301-f4--100-13f]-9618&alias=b7s12n2794.cern.ch&noUDP&sock=startd_16769_b7ba>
...
006 (7309373.000.000) 06/14 13:26:57 Image size of job updated: 127460
	38  -  MemoryUsage of job (MB)
	38912  -  ResidentSetSize of job (KB)
...
006 (7309373.000.000) 06/14 13:31:57 Image size of job updated: 3000916
	1540  -  MemoryUsage of job (MB)
	1576796  -  ResidentSetSize of job (KB)
...
040 (7309373.000.000) 06/14 13:33:30 Started transferring output files
...
040 (7309373.000.000) 06/14 13:33:30 Finished transferring output files
...
005 (7309373.000.000) 06/14 13:33:30 Job terminated.
	(1) Normal termination (return value 0)
		Usr 0 00:05:27, Sys 0 00:00:08  -  Run Remote Usage
		Usr 0 00:00:00, Sys 0 00:00:00  -  Run Local Usage
		Usr 0 00:05:27, Sys 0 00:00:08  -  Total Remote Usage
		Usr 0 00:00:00, Sys 0 00:00:00  -  Total Local Usage
	15191  -  Run Bytes Sent By Job
	443  -  Run Bytes Received By Job
	15191  -  Total Bytes Sent By Job
	443  -  Total Bytes Received By Job
	Partitionable Resources :    Usage  Request Allocated 
	   Cpus                 :     0.99        1         1 
	   Disk (KB)            :    36           1    284741 
	   Memory (MB)          :  1540        2000      2000 

	Job terminated of its own accord at 2021-06-14T11:33:29Z.
...
