000 (7309369.000.000) 06/14 11:24:28 Job submitted from host: <137.138.44.75:9618?addrs=137.138.44.75-9618+[2001-1458-d00-1a--b]-9618&alias=bigbird14.cern.ch&noUDP&sock=schedd_3149486_02ef>
...
040 (7309369.000.000) 06/14 13:26:46 Started transferring input files
	Transferring to host: <128.142.193.182:9618?addrs=128.142.193.182-9618+[2001-1458-301-cc--100-166]-9618&alias=b7g52n3090.cern.ch&noUDP&sock=slot1_4_12109_a2c5_92746>
...
040 (7309369.000.000) 06/14 13:26:46 Finished transferring input files
...
001 (7309369.000.000) 06/14 13:26:47 Job executing on host: <128.142.193.182:9618?addrs=128.142.193.182-9618+[2001-1458-301-cc--100-166]-9618&alias=b7g52n3090.cern.ch&noUDP&sock=startd_17821_4d5c>
...
006 (7309369.000.000) 06/14 13:26:56 Image size of job updated: 55524
	41  -  MemoryUsage of job (MB)
	41040  -  ResidentSetSize of job (KB)
...
006 (7309369.000.000) 06/14 13:31:56 Image size of job updated: 3000908
	1760  -  MemoryUsage of job (MB)
	1801632  -  ResidentSetSize of job (KB)
...
040 (7309369.000.000) 06/14 13:32:01 Started transferring output files
...
040 (7309369.000.000) 06/14 13:32:01 Finished transferring output files
...
005 (7309369.000.000) 06/14 13:32:01 Job terminated.
	(1) Normal termination (return value 0)
		Usr 0 00:04:09, Sys 0 00:00:06  -  Run Remote Usage
		Usr 0 00:00:00, Sys 0 00:00:00  -  Run Local Usage
		Usr 0 00:04:09, Sys 0 00:00:06  -  Total Remote Usage
		Usr 0 00:00:00, Sys 0 00:00:00  -  Total Local Usage
	15204  -  Run Bytes Sent By Job
	442  -  Run Bytes Received By Job
	15204  -  Total Bytes Sent By Job
	442  -  Total Bytes Received By Job
	Partitionable Resources :    Usage  Request Allocated 
	   Cpus                 :     0.57        1         1 
	   Disk (KB)            :    36           1    271562 
	   Memory (MB)          :  1760        2000      2000 

	Job terminated of its own accord at 2021-06-14T11:32:01Z.
...
