14-Jun-2021 13:27:18 CEST  Initiating request to open file file:/eos/cms/store/user/tsarkar/SIM_Condor_output_Vector_MonoZLL_NLO_Mphi-500_Mchi-150_gSM-0p25_gDM-1p0_ctau0p1/step_SIM_2017UL_17.root
14-Jun-2021 13:27:22 CEST  Successfully opened file file:/eos/cms/store/user/tsarkar/SIM_Condor_output_Vector_MonoZLL_NLO_Mphi-500_Mchi-150_gSM-0p25_gDM-1p0_ctau0p1/step_SIM_2017UL_17.root
14-Jun-2021 13:27:28 CEST  Initiating request to open file root://eoscms.cern.ch//eos/cms/store/mc/RunIISummer20ULPrePremix/Neutrino_E-10_gun/PREMIX/UL17_106X_mc2017_realistic_v6-v3/210008/63E7262F-3DE4-5B46-94CC-0587E355D77F.root
%MSG-w XrdAdaptor:  PreMixingModule:mixData@ctor 14-Jun-2021 13:27:30 CEST  pre-events
Data is served from cern.ch instead of original site eoscms
%MSG
14-Jun-2021 13:27:30 CEST  Successfully opened file root://eoscms.cern.ch//eos/cms/store/mc/RunIISummer20ULPrePremix/Neutrino_E-10_gun/PREMIX/UL17_106X_mc2017_realistic_v6-v3/210008/63E7262F-3DE4-5B46-94CC-0587E355D77F.root
Begin processing the 1st record. Run 1, Event 803, LumiSection 17 on stream 0 at 14-Jun-2021 13:27:48.426 CEST
14-Jun-2021 13:30:08 CEST  Closed file root://eoscms.cern.ch//eos/cms/store/mc/RunIISummer20ULPrePremix/Neutrino_E-10_gun/PREMIX/UL17_106X_mc2017_realistic_v6-v3/210008/63E7262F-3DE4-5B46-94CC-0587E355D77F.root
14-Jun-2021 13:30:08 CEST  Initiating request to open file root://eoscms.cern.ch//eos/cms/store/mc/RunIISummer20ULPrePremix/Neutrino_E-10_gun/PREMIX/UL17_106X_mc2017_realistic_v6-v3/210013/9B633F99-0CE0-D246-871D-491000E38D0A.root
%MSG-w XrdAdaptor:  PreMixingModule:mixData 14-Jun-2021 13:30:10 CEST  Run: 1 Event: 803
Data is served from cern.ch instead of original site eoscms
%MSG
14-Jun-2021 13:30:11 CEST  Successfully opened file root://eoscms.cern.ch//eos/cms/store/mc/RunIISummer20ULPrePremix/Neutrino_E-10_gun/PREMIX/UL17_106X_mc2017_realistic_v6-v3/210013/9B633F99-0CE0-D246-871D-491000E38D0A.root
Begin processing the 2nd record. Run 1, Event 802, LumiSection 17 on stream 0 at 14-Jun-2021 13:30:23.115 CEST
Begin processing the 3rd record. Run 1, Event 801, LumiSection 17 on stream 0 at 14-Jun-2021 13:30:25.868 CEST
Begin processing the 4th record. Run 1, Event 804, LumiSection 17 on stream 0 at 14-Jun-2021 13:30:29.071 CEST
Begin processing the 5th record. Run 1, Event 806, LumiSection 17 on stream 0 at 14-Jun-2021 13:30:32.695 CEST
Begin processing the 6th record. Run 1, Event 805, LumiSection 17 on stream 0 at 14-Jun-2021 13:30:36.343 CEST
Begin processing the 7th record. Run 1, Event 807, LumiSection 17 on stream 0 at 14-Jun-2021 13:30:40.290 CEST
Begin processing the 8th record. Run 1, Event 810, LumiSection 17 on stream 0 at 14-Jun-2021 13:30:42.983 CEST
Begin processing the 9th record. Run 1, Event 808, LumiSection 17 on stream 0 at 14-Jun-2021 13:30:46.857 CEST
Begin processing the 10th record. Run 1, Event 812, LumiSection 17 on stream 0 at 14-Jun-2021 13:30:49.843 CEST
Begin processing the 11th record. Run 1, Event 811, LumiSection 17 on stream 0 at 14-Jun-2021 13:30:53.974 CEST
Begin processing the 12th record. Run 1, Event 809, LumiSection 17 on stream 0 at 14-Jun-2021 13:30:56.760 CEST
Begin processing the 13th record. Run 1, Event 814, LumiSection 17 on stream 0 at 14-Jun-2021 13:31:00.899 CEST
Begin processing the 14th record. Run 1, Event 813, LumiSection 17 on stream 0 at 14-Jun-2021 13:31:04.489 CEST
Begin processing the 15th record. Run 1, Event 816, LumiSection 17 on stream 0 at 14-Jun-2021 13:31:08.271 CEST
Begin processing the 16th record. Run 1, Event 815, LumiSection 17 on stream 0 at 14-Jun-2021 13:31:11.759 CEST
Begin processing the 17th record. Run 1, Event 817, LumiSection 17 on stream 0 at 14-Jun-2021 13:31:15.325 CEST
Begin processing the 18th record. Run 1, Event 818, LumiSection 17 on stream 0 at 14-Jun-2021 13:31:18.667 CEST
Begin processing the 19th record. Run 1, Event 820, LumiSection 17 on stream 0 at 14-Jun-2021 13:31:21.335 CEST
Begin processing the 20th record. Run 1, Event 821, LumiSection 17 on stream 0 at 14-Jun-2021 13:31:24.073 CEST
Begin processing the 21st record. Run 1, Event 819, LumiSection 17 on stream 0 at 14-Jun-2021 13:31:27.370 CEST
Begin processing the 22nd record. Run 1, Event 824, LumiSection 17 on stream 0 at 14-Jun-2021 13:31:31.461 CEST
Begin processing the 23rd record. Run 1, Event 822, LumiSection 17 on stream 0 at 14-Jun-2021 13:31:33.879 CEST
Begin processing the 24th record. Run 1, Event 823, LumiSection 17 on stream 0 at 14-Jun-2021 13:31:37.207 CEST
Begin processing the 25th record. Run 1, Event 825, LumiSection 17 on stream 0 at 14-Jun-2021 13:31:40.931 CEST
Begin processing the 26th record. Run 1, Event 827, LumiSection 17 on stream 0 at 14-Jun-2021 13:31:44.054 CEST
Begin processing the 27th record. Run 1, Event 829, LumiSection 17 on stream 0 at 14-Jun-2021 13:31:47.042 CEST
Begin processing the 28th record. Run 1, Event 826, LumiSection 17 on stream 0 at 14-Jun-2021 13:31:50.092 CEST
Begin processing the 29th record. Run 1, Event 831, LumiSection 17 on stream 0 at 14-Jun-2021 13:31:53.380 CEST
Begin processing the 30th record. Run 1, Event 828, LumiSection 17 on stream 0 at 14-Jun-2021 13:31:56.191 CEST
Begin processing the 31st record. Run 1, Event 832, LumiSection 17 on stream 0 at 14-Jun-2021 13:31:58.885 CEST
Begin processing the 32nd record. Run 1, Event 833, LumiSection 17 on stream 0 at 14-Jun-2021 13:32:03.852 CEST
Begin processing the 33rd record. Run 1, Event 830, LumiSection 17 on stream 0 at 14-Jun-2021 13:32:07.532 CEST
Begin processing the 34th record. Run 1, Event 834, LumiSection 17 on stream 0 at 14-Jun-2021 13:32:11.990 CEST
Begin processing the 35th record. Run 1, Event 835, LumiSection 17 on stream 0 at 14-Jun-2021 13:32:15.790 CEST
Begin processing the 36th record. Run 1, Event 837, LumiSection 17 on stream 0 at 14-Jun-2021 13:32:20.144 CEST
Begin processing the 37th record. Run 1, Event 836, LumiSection 17 on stream 0 at 14-Jun-2021 13:32:23.549 CEST
Begin processing the 38th record. Run 1, Event 840, LumiSection 17 on stream 0 at 14-Jun-2021 13:32:27.075 CEST
Begin processing the 39th record. Run 1, Event 839, LumiSection 17 on stream 0 at 14-Jun-2021 13:32:30.447 CEST
Begin processing the 40th record. Run 1, Event 838, LumiSection 17 on stream 0 at 14-Jun-2021 13:32:34.347 CEST
Begin processing the 41st record. Run 1, Event 841, LumiSection 17 on stream 0 at 14-Jun-2021 13:32:37.753 CEST
Begin processing the 42nd record. Run 1, Event 843, LumiSection 17 on stream 0 at 14-Jun-2021 13:32:40.795 CEST
Begin processing the 43rd record. Run 1, Event 844, LumiSection 17 on stream 0 at 14-Jun-2021 13:32:44.029 CEST
Begin processing the 44th record. Run 1, Event 847, LumiSection 17 on stream 0 at 14-Jun-2021 13:32:47.453 CEST
Begin processing the 45th record. Run 1, Event 842, LumiSection 17 on stream 0 at 14-Jun-2021 13:32:50.205 CEST
Begin processing the 46th record. Run 1, Event 846, LumiSection 17 on stream 0 at 14-Jun-2021 13:32:54.189 CEST
Begin processing the 47th record. Run 1, Event 845, LumiSection 17 on stream 0 at 14-Jun-2021 13:32:57.069 CEST
Begin processing the 48th record. Run 1, Event 848, LumiSection 17 on stream 0 at 14-Jun-2021 13:33:01.551 CEST
Begin processing the 49th record. Run 1, Event 850, LumiSection 17 on stream 0 at 14-Jun-2021 13:33:04.476 CEST
Begin processing the 50th record. Run 1, Event 849, LumiSection 17 on stream 0 at 14-Jun-2021 13:33:07.623 CEST
14-Jun-2021 13:33:11 CEST  Closed file file:/eos/cms/store/user/tsarkar/SIM_Condor_output_Vector_MonoZLL_NLO_Mphi-500_Mchi-150_gSM-0p25_gDM-1p0_ctau0p1/step_SIM_2017UL_17.root
14-Jun-2021 13:33:11 CEST  Closed file root://eoscms.cern.ch//eos/cms/store/mc/RunIISummer20ULPrePremix/Neutrino_E-10_gun/PREMIX/UL17_106X_mc2017_realistic_v6-v3/210013/9B633F99-0CE0-D246-871D-491000E38D0A.root

=============================================

MessageLogger Summary

 type     category        sev    module        subroutine        count    total
 ---- -------------------- -- ---------------- ----------------  -----    -----
    1 XrdAdaptor           -w PreMixingModule:                       1        1
    2 XrdAdaptor           -w PreMixingModule:                       1        1
    3 fileAction           -s PreMixingModule:                       3        3
    4 fileAction           -s PreMixingModule:                       2        2
    5 fileAction           -s PreMixingModule:                       1        1
    6 fileAction           -s file_close                             1        1
    7 fileAction           -s file_open                              2        2

 type    category    Examples: run/evt        run/evt          run/evt
 ---- -------------------- ---------------- ---------------- ----------------
    1 XrdAdaptor           1/803                             
    2 XrdAdaptor           pre-events                        
    3 fileAction           1/803            1/803            1/803
    4 fileAction           pre-events       pre-events       
    5 fileAction           PostGlobalEndRun                  
    6 fileAction           PostGlobalEndRun                  
    7 fileAction           pre-events       pre-events       

Severity    # Occurrences   Total Occurrences
--------    -------------   -----------------
Warning                 2                   2
System                  9                   9

dropped waiting message count 0
