000 (7309377.000.000) 06/14 11:24:46 Job submitted from host: <137.138.44.75:9618?addrs=137.138.44.75-9618+[2001-1458-d00-1a--b]-9618&alias=bigbird14.cern.ch&noUDP&sock=schedd_3149486_02ef>
...
040 (7309377.000.000) 06/14 13:26:49 Started transferring input files
	Transferring to host: <188.184.198.140:9618?addrs=188.184.198.140-9618+[2001-1458-301-c1--100-48d]-9618&alias=b7g52n6068.cern.ch&noUDP&sock=slot1_5_5861_5ac7_41092>
...
040 (7309377.000.000) 06/14 13:26:49 Finished transferring input files
...
001 (7309377.000.000) 06/14 13:26:50 Job executing on host: <188.184.198.140:9618?addrs=188.184.198.140-9618+[2001-1458-301-c1--100-48d]-9618&alias=b7g52n6068.cern.ch&noUDP&sock=startd_4650_177a>
...
006 (7309377.000.000) 06/14 13:26:59 Image size of job updated: 57372
	42  -  MemoryUsage of job (MB)
	42888  -  ResidentSetSize of job (KB)
...
006 (7309377.000.000) 06/14 13:32:00 Image size of job updated: 3000920
	1734  -  MemoryUsage of job (MB)
	1775132  -  ResidentSetSize of job (KB)
...
040 (7309377.000.000) 06/14 13:32:46 Started transferring output files
...
040 (7309377.000.000) 06/14 13:32:46 Finished transferring output files
...
005 (7309377.000.000) 06/14 13:32:46 Job terminated.
	(1) Normal termination (return value 0)
		Usr 0 00:04:43, Sys 0 00:00:06  -  Run Remote Usage
		Usr 0 00:00:00, Sys 0 00:00:00  -  Run Local Usage
		Usr 0 00:04:43, Sys 0 00:00:06  -  Total Remote Usage
		Usr 0 00:00:00, Sys 0 00:00:00  -  Total Local Usage
	15148  -  Run Bytes Sent By Job
	443  -  Run Bytes Received By Job
	15148  -  Total Bytes Sent By Job
	443  -  Total Bytes Received By Job
	Partitionable Resources :    Usage  Request Allocated 
	   Cpus                 :     1.00        1         1 
	   Disk (KB)            :    36           1    273285 
	   Memory (MB)          :  1734        2000      2000 

	Job terminated of its own accord at 2021-06-14T11:32:46Z.
...
