14-Jun-2021 13:27:16 CEST  Initiating request to open file file:/eos/cms/store/user/tsarkar/SIM_Condor_output_Vector_MonoZLL_NLO_Mphi-500_Mchi-150_gSM-0p25_gDM-1p0_ctau0p1/step_SIM_2017UL_2.root
14-Jun-2021 13:27:19 CEST  Successfully opened file file:/eos/cms/store/user/tsarkar/SIM_Condor_output_Vector_MonoZLL_NLO_Mphi-500_Mchi-150_gSM-0p25_gDM-1p0_ctau0p1/step_SIM_2017UL_2.root
14-Jun-2021 13:27:23 CEST  Initiating request to open file root://eoscms.cern.ch//eos/cms/store/mc/RunIISummer20ULPrePremix/Neutrino_E-10_gun/PREMIX/UL17_106X_mc2017_realistic_v6-v3/210003/ADC5AB69-1508-DF45-8F41-51592DBDB600.root
%MSG-w XrdAdaptor:  PreMixingModule:mixData@ctor 14-Jun-2021 13:27:26 CEST  pre-events
Data is served from cern.ch instead of original site eoscms
%MSG
14-Jun-2021 13:27:26 CEST  Successfully opened file root://eoscms.cern.ch//eos/cms/store/mc/RunIISummer20ULPrePremix/Neutrino_E-10_gun/PREMIX/UL17_106X_mc2017_realistic_v6-v3/210003/ADC5AB69-1508-DF45-8F41-51592DBDB600.root
Begin processing the 1st record. Run 1, Event 52, LumiSection 2 on stream 0 at 14-Jun-2021 13:27:44.914 CEST
14-Jun-2021 13:30:00 CEST  Closed file root://eoscms.cern.ch//eos/cms/store/mc/RunIISummer20ULPrePremix/Neutrino_E-10_gun/PREMIX/UL17_106X_mc2017_realistic_v6-v3/210003/ADC5AB69-1508-DF45-8F41-51592DBDB600.root
14-Jun-2021 13:30:00 CEST  Initiating request to open file root://eoscms.cern.ch//eos/cms/store/mc/RunIISummer20ULPrePremix/Neutrino_E-10_gun/PREMIX/UL17_106X_mc2017_realistic_v6-v3/210017/01EE93D9-D50E-B741-9C96-968B9376CAA1.root
%MSG-w XrdAdaptor:  PreMixingModule:mixData 14-Jun-2021 13:30:02 CEST  Run: 1 Event: 52
Data is served from cern.ch instead of original site eoscms
%MSG
14-Jun-2021 13:30:02 CEST  Successfully opened file root://eoscms.cern.ch//eos/cms/store/mc/RunIISummer20ULPrePremix/Neutrino_E-10_gun/PREMIX/UL17_106X_mc2017_realistic_v6-v3/210017/01EE93D9-D50E-B741-9C96-968B9376CAA1.root
Begin processing the 2nd record. Run 1, Event 54, LumiSection 2 on stream 0 at 14-Jun-2021 13:30:16.277 CEST
Begin processing the 3rd record. Run 1, Event 53, LumiSection 2 on stream 0 at 14-Jun-2021 13:30:20.854 CEST
Begin processing the 4th record. Run 1, Event 51, LumiSection 2 on stream 0 at 14-Jun-2021 13:30:25.049 CEST
Begin processing the 5th record. Run 1, Event 56, LumiSection 2 on stream 0 at 14-Jun-2021 13:30:28.976 CEST
Begin processing the 6th record. Run 1, Event 59, LumiSection 2 on stream 0 at 14-Jun-2021 13:30:32.450 CEST
Begin processing the 7th record. Run 1, Event 55, LumiSection 2 on stream 0 at 14-Jun-2021 13:30:35.245 CEST
Begin processing the 8th record. Run 1, Event 58, LumiSection 2 on stream 0 at 14-Jun-2021 13:30:39.585 CEST
Begin processing the 9th record. Run 1, Event 60, LumiSection 2 on stream 0 at 14-Jun-2021 13:30:43.680 CEST
Begin processing the 10th record. Run 1, Event 62, LumiSection 2 on stream 0 at 14-Jun-2021 13:30:47.018 CEST
Begin processing the 11th record. Run 1, Event 63, LumiSection 2 on stream 0 at 14-Jun-2021 13:30:51.731 CEST
Begin processing the 12th record. Run 1, Event 57, LumiSection 2 on stream 0 at 14-Jun-2021 13:30:54.932 CEST
Begin processing the 13th record. Run 1, Event 64, LumiSection 2 on stream 0 at 14-Jun-2021 13:30:58.670 CEST
Begin processing the 14th record. Run 1, Event 61, LumiSection 2 on stream 0 at 14-Jun-2021 13:31:02.221 CEST
Begin processing the 15th record. Run 1, Event 65, LumiSection 2 on stream 0 at 14-Jun-2021 13:31:06.300 CEST
Begin processing the 16th record. Run 1, Event 68, LumiSection 2 on stream 0 at 14-Jun-2021 13:31:09.935 CEST
Begin processing the 17th record. Run 1, Event 67, LumiSection 2 on stream 0 at 14-Jun-2021 13:31:13.449 CEST
Begin processing the 18th record. Run 1, Event 66, LumiSection 2 on stream 0 at 14-Jun-2021 13:31:16.856 CEST
Begin processing the 19th record. Run 1, Event 72, LumiSection 2 on stream 0 at 14-Jun-2021 13:31:21.291 CEST
Begin processing the 20th record. Run 1, Event 70, LumiSection 2 on stream 0 at 14-Jun-2021 13:31:24.588 CEST
Begin processing the 21st record. Run 1, Event 69, LumiSection 2 on stream 0 at 14-Jun-2021 13:31:28.585 CEST
Begin processing the 22nd record. Run 1, Event 71, LumiSection 2 on stream 0 at 14-Jun-2021 13:31:33.626 CEST
Begin processing the 23rd record. Run 1, Event 73, LumiSection 2 on stream 0 at 14-Jun-2021 13:31:37.889 CEST
Begin processing the 24th record. Run 1, Event 74, LumiSection 2 on stream 0 at 14-Jun-2021 13:31:40.651 CEST
Begin processing the 25th record. Run 1, Event 76, LumiSection 2 on stream 0 at 14-Jun-2021 13:31:43.978 CEST
Begin processing the 26th record. Run 1, Event 77, LumiSection 2 on stream 0 at 14-Jun-2021 13:31:47.879 CEST
Begin processing the 27th record. Run 1, Event 75, LumiSection 2 on stream 0 at 14-Jun-2021 13:31:51.449 CEST
Begin processing the 28th record. Run 1, Event 78, LumiSection 2 on stream 0 at 14-Jun-2021 13:31:55.025 CEST
Begin processing the 29th record. Run 1, Event 81, LumiSection 2 on stream 0 at 14-Jun-2021 13:31:59.237 CEST
Begin processing the 30th record. Run 1, Event 79, LumiSection 2 on stream 0 at 14-Jun-2021 13:32:02.810 CEST
Begin processing the 31st record. Run 1, Event 83, LumiSection 2 on stream 0 at 14-Jun-2021 13:32:06.040 CEST
Begin processing the 32nd record. Run 1, Event 80, LumiSection 2 on stream 0 at 14-Jun-2021 13:32:09.551 CEST
Begin processing the 33rd record. Run 1, Event 82, LumiSection 2 on stream 0 at 14-Jun-2021 13:32:13.307 CEST
Begin processing the 34th record. Run 1, Event 84, LumiSection 2 on stream 0 at 14-Jun-2021 13:32:16.259 CEST
Begin processing the 35th record. Run 1, Event 85, LumiSection 2 on stream 0 at 14-Jun-2021 13:32:20.818 CEST
Begin processing the 36th record. Run 1, Event 87, LumiSection 2 on stream 0 at 14-Jun-2021 13:32:23.922 CEST
Begin processing the 37th record. Run 1, Event 88, LumiSection 2 on stream 0 at 14-Jun-2021 13:32:28.039 CEST
Begin processing the 38th record. Run 1, Event 86, LumiSection 2 on stream 0 at 14-Jun-2021 13:32:32.069 CEST
Begin processing the 39th record. Run 1, Event 91, LumiSection 2 on stream 0 at 14-Jun-2021 13:32:35.928 CEST
Begin processing the 40th record. Run 1, Event 89, LumiSection 2 on stream 0 at 14-Jun-2021 13:32:39.527 CEST
Begin processing the 41st record. Run 1, Event 92, LumiSection 2 on stream 0 at 14-Jun-2021 13:32:44.923 CEST
Begin processing the 42nd record. Run 1, Event 90, LumiSection 2 on stream 0 at 14-Jun-2021 13:32:48.968 CEST
Begin processing the 43rd record. Run 1, Event 93, LumiSection 2 on stream 0 at 14-Jun-2021 13:32:52.829 CEST
Begin processing the 44th record. Run 1, Event 95, LumiSection 2 on stream 0 at 14-Jun-2021 13:32:57.805 CEST
Begin processing the 45th record. Run 1, Event 97, LumiSection 2 on stream 0 at 14-Jun-2021 13:33:01.307 CEST
Begin processing the 46th record. Run 1, Event 96, LumiSection 2 on stream 0 at 14-Jun-2021 13:33:04.228 CEST
Begin processing the 47th record. Run 1, Event 94, LumiSection 2 on stream 0 at 14-Jun-2021 13:33:08.047 CEST
Begin processing the 48th record. Run 1, Event 99, LumiSection 2 on stream 0 at 14-Jun-2021 13:33:12.918 CEST
Begin processing the 49th record. Run 1, Event 100, LumiSection 2 on stream 0 at 14-Jun-2021 13:33:15.916 CEST
Begin processing the 50th record. Run 1, Event 98, LumiSection 2 on stream 0 at 14-Jun-2021 13:33:20.426 CEST
14-Jun-2021 13:33:24 CEST  Closed file file:/eos/cms/store/user/tsarkar/SIM_Condor_output_Vector_MonoZLL_NLO_Mphi-500_Mchi-150_gSM-0p25_gDM-1p0_ctau0p1/step_SIM_2017UL_2.root
14-Jun-2021 13:33:24 CEST  Closed file root://eoscms.cern.ch//eos/cms/store/mc/RunIISummer20ULPrePremix/Neutrino_E-10_gun/PREMIX/UL17_106X_mc2017_realistic_v6-v3/210017/01EE93D9-D50E-B741-9C96-968B9376CAA1.root

=============================================

MessageLogger Summary

 type     category        sev    module        subroutine        count    total
 ---- -------------------- -- ---------------- ----------------  -----    -----
    1 XrdAdaptor           -w PreMixingModule:                       1        1
    2 XrdAdaptor           -w PreMixingModule:                       1        1
    3 fileAction           -s PreMixingModule:                       3        3
    4 fileAction           -s PreMixingModule:                       2        2
    5 fileAction           -s PreMixingModule:                       1        1
    6 fileAction           -s file_close                             1        1
    7 fileAction           -s file_open                              2        2

 type    category    Examples: run/evt        run/evt          run/evt
 ---- -------------------- ---------------- ---------------- ----------------
    1 XrdAdaptor           1/52                              
    2 XrdAdaptor           pre-events                        
    3 fileAction           1/52             1/52             1/52
    4 fileAction           pre-events       pre-events       
    5 fileAction           PostGlobalEndRun                  
    6 fileAction           PostGlobalEndRun                  
    7 fileAction           pre-events       pre-events       

Severity    # Occurrences   Total Occurrences
--------    -------------   -----------------
Warning                 2                   2
System                  9                   9

dropped waiting message count 0
