000 (7309378.000.000) 06/14 11:24:48 Job submitted from host: <137.138.44.75:9618?addrs=137.138.44.75-9618+[2001-1458-d00-1a--b]-9618&alias=bigbird14.cern.ch&noUDP&sock=schedd_3149486_02ef>
...
040 (7309378.000.000) 06/14 13:26:49 Started transferring input files
	Transferring to host: <128.142.76.55:9618?addrs=128.142.76.55-9618+[2001-1458-301-f4--100-714]-9618&alias=b7s12n9949.cern.ch&noUDP&sock=slot1_9_5590_691c_48162>
...
040 (7309378.000.000) 06/14 13:26:49 Finished transferring input files
...
001 (7309378.000.000) 06/14 13:26:50 Job executing on host: <128.142.76.55:9618?addrs=128.142.76.55-9618+[2001-1458-301-f4--100-714]-9618&alias=b7s12n9949.cern.ch&noUDP&sock=startd_4447_d9c0>
...
006 (7309378.000.000) 06/14 13:26:59 Image size of job updated: 59384
	44  -  MemoryUsage of job (MB)
	44900  -  ResidentSetSize of job (KB)
...
006 (7309378.000.000) 06/14 13:32:00 Image size of job updated: 3000908
	1760  -  MemoryUsage of job (MB)
	1802060  -  ResidentSetSize of job (KB)
...
006 (7309378.000.000) 06/14 13:32:44 Image size of job updated: 3000912
	1760  -  MemoryUsage of job (MB)
	1802060  -  ResidentSetSize of job (KB)
...
040 (7309378.000.000) 06/14 13:32:44 Started transferring output files
...
040 (7309378.000.000) 06/14 13:32:44 Finished transferring output files
...
005 (7309378.000.000) 06/14 13:32:44 Job terminated.
	(1) Normal termination (return value 0)
		Usr 0 00:04:46, Sys 0 00:00:06  -  Run Remote Usage
		Usr 0 00:00:00, Sys 0 00:00:00  -  Run Local Usage
		Usr 0 00:04:46, Sys 0 00:00:06  -  Total Remote Usage
		Usr 0 00:00:00, Sys 0 00:00:00  -  Total Local Usage
	15151  -  Run Bytes Sent By Job
	443  -  Run Bytes Received By Job
	15151  -  Total Bytes Sent By Job
	443  -  Total Bytes Received By Job
	Partitionable Resources :    Usage  Request Allocated 
	   Cpus                 :     0.99        1         1 
	   Disk (KB)            :    36           1    279355 
	   Memory (MB)          :  1760        2000      2000 

	Job terminated of its own accord at 2021-06-14T11:32:44Z.
...
