000 (7309376.000.000) 06/14 11:24:43 Job submitted from host: <137.138.44.75:9618?addrs=137.138.44.75-9618+[2001-1458-d00-1a--b]-9618&alias=bigbird14.cern.ch&noUDP&sock=schedd_3149486_02ef>
...
040 (7309376.000.000) 06/14 13:26:49 Started transferring input files
	Transferring to host: <128.142.193.150:9618?addrs=128.142.193.150-9618+[2001-1458-301-cc--100-8f]-9618&alias=b7g52n4152.cern.ch&noUDP&sock=slot1_10_3674_6a4e_200>
...
040 (7309376.000.000) 06/14 13:26:49 Finished transferring input files
...
001 (7309376.000.000) 06/14 13:26:50 Job executing on host: <128.142.193.150:9618?addrs=128.142.193.150-9618+[2001-1458-301-cc--100-8f]-9618&alias=b7g52n4152.cern.ch&noUDP&sock=startd_3037_b536>
...
006 (7309376.000.000) 06/14 13:26:58 Image size of job updated: 54012
	39  -  MemoryUsage of job (MB)
	39528  -  ResidentSetSize of job (KB)
...
006 (7309376.000.000) 06/14 13:31:58 Image size of job updated: 3000924
	1752  -  MemoryUsage of job (MB)
	1793408  -  ResidentSetSize of job (KB)
...
040 (7309376.000.000) 06/14 13:32:26 Started transferring output files
...
040 (7309376.000.000) 06/14 13:32:26 Finished transferring output files
...
005 (7309376.000.000) 06/14 13:32:26 Job terminated.
	(1) Normal termination (return value 0)
		Usr 0 00:04:38, Sys 0 00:00:06  -  Run Remote Usage
		Usr 0 00:00:00, Sys 0 00:00:00  -  Run Local Usage
		Usr 0 00:04:38, Sys 0 00:00:06  -  Total Remote Usage
		Usr 0 00:00:00, Sys 0 00:00:00  -  Total Local Usage
	15148  -  Run Bytes Sent By Job
	443  -  Run Bytes Received By Job
	15148  -  Total Bytes Sent By Job
	443  -  Total Bytes Received By Job
	Partitionable Resources :    Usage  Request Allocated 
	   Cpus                 :                 1         1 
	   Disk (KB)            :       28        1    274097 
	   Memory (MB)          :     1752     2000      2000 

	Job terminated of its own accord at 2021-06-14T11:32:26Z.
...
