000 (7309374.000.000) 06/14 11:24:40 Job submitted from host: <137.138.44.75:9618?addrs=137.138.44.75-9618+[2001-1458-d00-1a--b]-9618&alias=bigbird14.cern.ch&noUDP&sock=schedd_3149486_02ef>
...
040 (7309374.000.000) 06/14 13:27:04 Started transferring input files
	Transferring to host: <128.142.73.126:9618?addrs=128.142.73.126-9618+[2001-1458-301-75--100-507]-9618&alias=b7s11n2032.cern.ch&noUDP&sock=slot1_4_20210_85ef_94671>
...
040 (7309374.000.000) 06/14 13:27:04 Finished transferring input files
...
001 (7309374.000.000) 06/14 13:27:05 Job executing on host: <128.142.73.126:9618?addrs=128.142.73.126-9618+[2001-1458-301-75--100-507]-9618&alias=b7s11n2032.cern.ch&noUDP&sock=startd_16530_c898>
...
006 (7309374.000.000) 06/14 13:27:14 Image size of job updated: 276740
	36  -  MemoryUsage of job (MB)
	36312  -  ResidentSetSize of job (KB)
...
006 (7309374.000.000) 06/14 13:32:15 Image size of job updated: 3000900
	1813  -  MemoryUsage of job (MB)
	1856444  -  ResidentSetSize of job (KB)
...
040 (7309374.000.000) 06/14 13:33:56 Started transferring output files
...
040 (7309374.000.000) 06/14 13:33:56 Finished transferring output files
...
005 (7309374.000.000) 06/14 13:33:56 Job terminated.
	(1) Normal termination (return value 0)
		Usr 0 00:05:32, Sys 0 00:00:08  -  Run Remote Usage
		Usr 0 00:00:00, Sys 0 00:00:00  -  Run Local Usage
		Usr 0 00:05:32, Sys 0 00:00:08  -  Total Remote Usage
		Usr 0 00:00:00, Sys 0 00:00:00  -  Total Local Usage
	15478  -  Run Bytes Sent By Job
	443  -  Run Bytes Received By Job
	15478  -  Total Bytes Sent By Job
	443  -  Total Bytes Received By Job
	Partitionable Resources :    Usage  Request Allocated 
	   Cpus                 :     0.87        1         1 
	   Disk (KB)            :    36           1    271592 
	   Memory (MB)          :  1813        2000      2000 

	Job terminated of its own accord at 2021-06-14T11:33:56Z.
...
