000 (7309375.000.000) 06/14 11:24:42 Job submitted from host: <137.138.44.75:9618?addrs=137.138.44.75-9618+[2001-1458-d00-1a--b]-9618&alias=bigbird14.cern.ch&noUDP&sock=schedd_3149486_02ef>
...
040 (7309375.000.000) 06/14 13:26:49 Started transferring input files
	Transferring to host: <128.142.80.145:9618?addrs=128.142.80.145-9618+[2001-1458-301-f5--100-184]-9618&alias=b7s13n7185.cern.ch&noUDP&sock=slot1_3_30717_a7ba_93018>
...
040 (7309375.000.000) 06/14 13:26:49 Finished transferring input files
...
001 (7309375.000.000) 06/14 13:26:50 Job executing on host: <128.142.80.145:9618?addrs=128.142.80.145-9618+[2001-1458-301-f5--100-184]-9618&alias=b7s13n7185.cern.ch&noUDP&sock=startd_16596_0dd8>
...
006 (7309375.000.000) 06/14 13:26:58 Image size of job updated: 252560
	31  -  MemoryUsage of job (MB)
	31172  -  ResidentSetSize of job (KB)
...
006 (7309375.000.000) 06/14 13:31:58 Image size of job updated: 3000904
	1812  -  MemoryUsage of job (MB)
	1855044  -  ResidentSetSize of job (KB)
...
006 (7309375.000.000) 06/14 13:33:55 Image size of job updated: 3000912
	1812  -  MemoryUsage of job (MB)
	1855048  -  ResidentSetSize of job (KB)
...
040 (7309375.000.000) 06/14 13:33:55 Started transferring output files
...
040 (7309375.000.000) 06/14 13:33:55 Finished transferring output files
...
005 (7309375.000.000) 06/14 13:33:55 Job terminated.
	(1) Normal termination (return value 0)
		Usr 0 00:05:27, Sys 0 00:00:08  -  Run Remote Usage
		Usr 0 00:00:00, Sys 0 00:00:00  -  Run Local Usage
		Usr 0 00:05:27, Sys 0 00:00:08  -  Total Remote Usage
		Usr 0 00:00:00, Sys 0 00:00:00  -  Total Local Usage
	15242  -  Run Bytes Sent By Job
	443  -  Run Bytes Received By Job
	15242  -  Total Bytes Sent By Job
	443  -  Total Bytes Received By Job
	Partitionable Resources :    Usage  Request Allocated 
	   Cpus                 :     0.98        1         1 
	   Disk (KB)            :    36           1    276784 
	   Memory (MB)          :  1812        2000      2000 

	Job terminated of its own accord at 2021-06-14T11:33:55Z.
...
