000 (7309367.000.000) 06/14 11:24:24 Job submitted from host: <137.138.44.75:9618?addrs=137.138.44.75-9618+[2001-1458-d00-1a--b]-9618&alias=bigbird14.cern.ch&noUDP&sock=schedd_3149486_02ef>
...
040 (7309367.000.000) 06/14 13:26:45 Started transferring input files
	Transferring to host: <128.142.82.179:9618?addrs=128.142.82.179-9618+[2001-1458-301-f5--100-5a6]-9618&alias=b7s13n8232.cern.ch&noUDP&sock=slot1_7_4896_6cc0_5212>
...
040 (7309367.000.000) 06/14 13:26:45 Finished transferring input files
...
001 (7309367.000.000) 06/14 13:26:46 Job executing on host: <128.142.82.179:9618?addrs=128.142.82.179-9618+[2001-1458-301-f5--100-5a6]-9618&alias=b7s13n8232.cern.ch&noUDP&sock=startd_3833_b299>
...
006 (7309367.000.000) 06/14 13:26:55 Image size of job updated: 50968
	36  -  MemoryUsage of job (MB)
	36504  -  ResidentSetSize of job (KB)
...
006 (7309367.000.000) 06/14 13:31:56 Image size of job updated: 3000904
	1767  -  MemoryUsage of job (MB)
	1808704  -  ResidentSetSize of job (KB)
...
040 (7309367.000.000) 06/14 13:32:53 Started transferring output files
...
040 (7309367.000.000) 06/14 13:32:53 Finished transferring output files
...
005 (7309367.000.000) 06/14 13:32:54 Job terminated.
	(1) Normal termination (return value 0)
		Usr 0 00:04:50, Sys 0 00:00:06  -  Run Remote Usage
		Usr 0 00:00:00, Sys 0 00:00:00  -  Run Local Usage
		Usr 0 00:04:50, Sys 0 00:00:06  -  Total Remote Usage
		Usr 0 00:00:00, Sys 0 00:00:00  -  Total Local Usage
	15295  -  Run Bytes Sent By Job
	442  -  Run Bytes Received By Job
	15295  -  Total Bytes Sent By Job
	442  -  Total Bytes Received By Job
	Partitionable Resources :    Usage  Request Allocated 
	   Cpus                 :                 1         1 
	   Disk (KB)            :       29        1    285063 
	   Memory (MB)          :     1767     2000      2000 

	Job terminated of its own accord at 2021-06-14T11:32:53Z.
...
