000 (7309365.000.000) 06/14 11:24:20 Job submitted from host: <137.138.44.75:9618?addrs=137.138.44.75-9618+[2001-1458-d00-1a--b]-9618&alias=bigbird14.cern.ch&noUDP&sock=schedd_3149486_02ef>
...
040 (7309365.000.000) 06/14 13:26:45 Started transferring input files
	Transferring to host: <188.184.169.56:9618?addrs=188.184.169.56-9618+[2001-1458-301-c0--100-57]-9618&alias=b7g52n6100.cern.ch&noUDP&sock=slot1_4_3261_6b5e_48970>
...
040 (7309365.000.000) 06/14 13:26:45 Finished transferring input files
...
001 (7309365.000.000) 06/14 13:26:46 Job executing on host: <188.184.169.56:9618?addrs=188.184.169.56-9618+[2001-1458-301-c0--100-57]-9618&alias=b7g52n6100.cern.ch&noUDP&sock=startd_3979_d76d>
...
006 (7309365.000.000) 06/14 13:26:55 Image size of job updated: 273292
	40  -  MemoryUsage of job (MB)
	40416  -  ResidentSetSize of job (KB)
...
006 (7309365.000.000) 06/14 13:31:56 Image size of job updated: 3000892
	1785  -  MemoryUsage of job (MB)
	1827116  -  ResidentSetSize of job (KB)
...
006 (7309365.000.000) 06/14 13:33:19 Image size of job updated: 3000896
	1785  -  MemoryUsage of job (MB)
	1827116  -  ResidentSetSize of job (KB)
...
040 (7309365.000.000) 06/14 13:33:19 Started transferring output files
...
040 (7309365.000.000) 06/14 13:33:19 Finished transferring output files
...
005 (7309365.000.000) 06/14 13:33:19 Job terminated.
	(1) Normal termination (return value 0)
		Usr 0 00:05:09, Sys 0 00:00:07  -  Run Remote Usage
		Usr 0 00:00:00, Sys 0 00:00:00  -  Run Local Usage
		Usr 0 00:05:09, Sys 0 00:00:07  -  Total Remote Usage
		Usr 0 00:00:00, Sys 0 00:00:00  -  Total Local Usage
	15204  -  Run Bytes Sent By Job
	442  -  Run Bytes Received By Job
	15204  -  Total Bytes Sent By Job
	442  -  Total Bytes Received By Job
	Partitionable Resources :    Usage  Request Allocated 
	   Cpus                 :                 1         1 
	   Disk (KB)            :       29        1    276607 
	   Memory (MB)          :     1785     2000      2000 

	Job terminated of its own accord at 2021-06-14T11:33:19Z.
...
