14-Jun-2021 13:27:14 CEST  Initiating request to open file file:/eos/cms/store/user/tsarkar/SIM_Condor_output_Vector_MonoZLL_NLO_Mphi-500_Mchi-150_gSM-0p25_gDM-1p0_ctau0p1/step_SIM_2017UL_14.root
14-Jun-2021 13:27:16 CEST  Successfully opened file file:/eos/cms/store/user/tsarkar/SIM_Condor_output_Vector_MonoZLL_NLO_Mphi-500_Mchi-150_gSM-0p25_gDM-1p0_ctau0p1/step_SIM_2017UL_14.root
14-Jun-2021 13:27:21 CEST  Initiating request to open file root://eoscms.cern.ch//eos/cms/store/mc/RunIISummer20ULPrePremix/Neutrino_E-10_gun/PREMIX/UL17_106X_mc2017_realistic_v6-v3/210021/2FAEDE1B-7201-F24D-B646-2958B09B7ADE.root
%MSG-w XrdAdaptor:  PreMixingModule:mixData@ctor 14-Jun-2021 13:27:23 CEST  pre-events
Data is served from cern.ch instead of original site eoscms
%MSG
14-Jun-2021 13:27:23 CEST  Successfully opened file root://eoscms.cern.ch//eos/cms/store/mc/RunIISummer20ULPrePremix/Neutrino_E-10_gun/PREMIX/UL17_106X_mc2017_realistic_v6-v3/210021/2FAEDE1B-7201-F24D-B646-2958B09B7ADE.root
Begin processing the 1st record. Run 1, Event 651, LumiSection 14 on stream 0 at 14-Jun-2021 13:27:40.002 CEST
14-Jun-2021 13:29:44 CEST  Closed file root://eoscms.cern.ch//eos/cms/store/mc/RunIISummer20ULPrePremix/Neutrino_E-10_gun/PREMIX/UL17_106X_mc2017_realistic_v6-v3/210021/2FAEDE1B-7201-F24D-B646-2958B09B7ADE.root
14-Jun-2021 13:29:44 CEST  Initiating request to open file root://eoscms.cern.ch//eos/cms/store/mc/RunIISummer20ULPrePremix/Neutrino_E-10_gun/PREMIX/UL17_106X_mc2017_realistic_v6-v3/210013/D83635F9-786A-C249-88B1-F859085E81D0.root
%MSG-w XrdAdaptor:  PreMixingModule:mixData 14-Jun-2021 13:29:46 CEST  Run: 1 Event: 651
Data is served from cern.ch instead of original site eoscms
%MSG
14-Jun-2021 13:29:46 CEST  Successfully opened file root://eoscms.cern.ch//eos/cms/store/mc/RunIISummer20ULPrePremix/Neutrino_E-10_gun/PREMIX/UL17_106X_mc2017_realistic_v6-v3/210013/D83635F9-786A-C249-88B1-F859085E81D0.root
Begin processing the 2nd record. Run 1, Event 652, LumiSection 14 on stream 0 at 14-Jun-2021 13:29:59.822 CEST
Begin processing the 3rd record. Run 1, Event 655, LumiSection 14 on stream 0 at 14-Jun-2021 13:30:04.226 CEST
Begin processing the 4th record. Run 1, Event 653, LumiSection 14 on stream 0 at 14-Jun-2021 13:30:07.443 CEST
Begin processing the 5th record. Run 1, Event 654, LumiSection 14 on stream 0 at 14-Jun-2021 13:30:11.521 CEST
Begin processing the 6th record. Run 1, Event 659, LumiSection 14 on stream 0 at 14-Jun-2021 13:30:14.746 CEST
Begin processing the 7th record. Run 1, Event 657, LumiSection 14 on stream 0 at 14-Jun-2021 13:30:17.878 CEST
Begin processing the 8th record. Run 1, Event 656, LumiSection 14 on stream 0 at 14-Jun-2021 13:30:21.699 CEST
Begin processing the 9th record. Run 1, Event 658, LumiSection 14 on stream 0 at 14-Jun-2021 13:30:25.362 CEST
Begin processing the 10th record. Run 1, Event 661, LumiSection 14 on stream 0 at 14-Jun-2021 13:30:29.532 CEST
Begin processing the 11th record. Run 1, Event 660, LumiSection 14 on stream 0 at 14-Jun-2021 13:30:33.383 CEST
Begin processing the 12th record. Run 1, Event 662, LumiSection 14 on stream 0 at 14-Jun-2021 13:30:36.407 CEST
Begin processing the 13th record. Run 1, Event 665, LumiSection 14 on stream 0 at 14-Jun-2021 13:30:40.478 CEST
Begin processing the 14th record. Run 1, Event 663, LumiSection 14 on stream 0 at 14-Jun-2021 13:30:43.395 CEST
Begin processing the 15th record. Run 1, Event 666, LumiSection 14 on stream 0 at 14-Jun-2021 13:30:47.239 CEST
Begin processing the 16th record. Run 1, Event 664, LumiSection 14 on stream 0 at 14-Jun-2021 13:30:51.003 CEST
Begin processing the 17th record. Run 1, Event 667, LumiSection 14 on stream 0 at 14-Jun-2021 13:30:55.168 CEST
Begin processing the 18th record. Run 1, Event 669, LumiSection 14 on stream 0 at 14-Jun-2021 13:30:58.182 CEST
Begin processing the 19th record. Run 1, Event 670, LumiSection 14 on stream 0 at 14-Jun-2021 13:31:02.101 CEST
Begin processing the 20th record. Run 1, Event 668, LumiSection 14 on stream 0 at 14-Jun-2021 13:31:05.460 CEST
Begin processing the 21st record. Run 1, Event 673, LumiSection 14 on stream 0 at 14-Jun-2021 13:31:10.140 CEST
Begin processing the 22nd record. Run 1, Event 674, LumiSection 14 on stream 0 at 14-Jun-2021 13:31:12.827 CEST
Begin processing the 23rd record. Run 1, Event 672, LumiSection 14 on stream 0 at 14-Jun-2021 13:31:15.974 CEST
Begin processing the 24th record. Run 1, Event 671, LumiSection 14 on stream 0 at 14-Jun-2021 13:31:19.115 CEST
Begin processing the 25th record. Run 1, Event 675, LumiSection 14 on stream 0 at 14-Jun-2021 13:31:22.566 CEST
Begin processing the 26th record. Run 1, Event 676, LumiSection 14 on stream 0 at 14-Jun-2021 13:31:25.826 CEST
Begin processing the 27th record. Run 1, Event 677, LumiSection 14 on stream 0 at 14-Jun-2021 13:31:29.616 CEST
Begin processing the 28th record. Run 1, Event 679, LumiSection 14 on stream 0 at 14-Jun-2021 13:31:32.837 CEST
Begin processing the 29th record. Run 1, Event 680, LumiSection 14 on stream 0 at 14-Jun-2021 13:31:35.966 CEST
Begin processing the 30th record. Run 1, Event 681, LumiSection 14 on stream 0 at 14-Jun-2021 13:31:39.596 CEST
Begin processing the 31st record. Run 1, Event 678, LumiSection 14 on stream 0 at 14-Jun-2021 13:31:43.876 CEST
Begin processing the 32nd record. Run 1, Event 682, LumiSection 14 on stream 0 at 14-Jun-2021 13:31:47.853 CEST
Begin processing the 33rd record. Run 1, Event 683, LumiSection 14 on stream 0 at 14-Jun-2021 13:31:50.710 CEST
Begin processing the 34th record. Run 1, Event 685, LumiSection 14 on stream 0 at 14-Jun-2021 13:31:54.349 CEST
Begin processing the 35th record. Run 1, Event 688, LumiSection 14 on stream 0 at 14-Jun-2021 13:31:57.743 CEST
Begin processing the 36th record. Run 1, Event 684, LumiSection 14 on stream 0 at 14-Jun-2021 13:32:00.843 CEST
Begin processing the 37th record. Run 1, Event 686, LumiSection 14 on stream 0 at 14-Jun-2021 13:32:03.843 CEST
Begin processing the 38th record. Run 1, Event 687, LumiSection 14 on stream 0 at 14-Jun-2021 13:32:07.643 CEST
Begin processing the 39th record. Run 1, Event 690, LumiSection 14 on stream 0 at 14-Jun-2021 13:32:11.082 CEST
Begin processing the 40th record. Run 1, Event 691, LumiSection 14 on stream 0 at 14-Jun-2021 13:32:14.797 CEST
Begin processing the 41st record. Run 1, Event 689, LumiSection 14 on stream 0 at 14-Jun-2021 13:32:18.032 CEST
Begin processing the 42nd record. Run 1, Event 693, LumiSection 14 on stream 0 at 14-Jun-2021 13:32:22.338 CEST
Begin processing the 43rd record. Run 1, Event 694, LumiSection 14 on stream 0 at 14-Jun-2021 13:32:25.024 CEST
Begin processing the 44th record. Run 1, Event 692, LumiSection 14 on stream 0 at 14-Jun-2021 13:32:27.678 CEST
Begin processing the 45th record. Run 1, Event 696, LumiSection 14 on stream 0 at 14-Jun-2021 13:32:30.933 CEST
Begin processing the 46th record. Run 1, Event 695, LumiSection 14 on stream 0 at 14-Jun-2021 13:32:34.073 CEST
Begin processing the 47th record. Run 1, Event 699, LumiSection 14 on stream 0 at 14-Jun-2021 13:32:38.213 CEST
Begin processing the 48th record. Run 1, Event 700, LumiSection 14 on stream 0 at 14-Jun-2021 13:32:41.508 CEST
Begin processing the 49th record. Run 1, Event 697, LumiSection 14 on stream 0 at 14-Jun-2021 13:32:44.533 CEST
Begin processing the 50th record. Run 1, Event 698, LumiSection 14 on stream 0 at 14-Jun-2021 13:32:47.941 CEST
14-Jun-2021 13:32:51 CEST  Closed file file:/eos/cms/store/user/tsarkar/SIM_Condor_output_Vector_MonoZLL_NLO_Mphi-500_Mchi-150_gSM-0p25_gDM-1p0_ctau0p1/step_SIM_2017UL_14.root
14-Jun-2021 13:32:52 CEST  Closed file root://eoscms.cern.ch//eos/cms/store/mc/RunIISummer20ULPrePremix/Neutrino_E-10_gun/PREMIX/UL17_106X_mc2017_realistic_v6-v3/210013/D83635F9-786A-C249-88B1-F859085E81D0.root

=============================================

MessageLogger Summary

 type     category        sev    module        subroutine        count    total
 ---- -------------------- -- ---------------- ----------------  -----    -----
    1 XrdAdaptor           -w PreMixingModule:                       1        1
    2 XrdAdaptor           -w PreMixingModule:                       1        1
    3 fileAction           -s PreMixingModule:                       3        3
    4 fileAction           -s PreMixingModule:                       2        2
    5 fileAction           -s PreMixingModule:                       1        1
    6 fileAction           -s file_close                             1        1
    7 fileAction           -s file_open                              2        2

 type    category    Examples: run/evt        run/evt          run/evt
 ---- -------------------- ---------------- ---------------- ----------------
    1 XrdAdaptor           1/651                             
    2 XrdAdaptor           pre-events                        
    3 fileAction           1/651            1/651            1/651
    4 fileAction           pre-events       pre-events       
    5 fileAction           PostGlobalEndRun                  
    6 fileAction           PostGlobalEndRun                  
    7 fileAction           pre-events       pre-events       

Severity    # Occurrences   Total Occurrences
--------    -------------   -----------------
Warning                 2                   2
System                  9                   9

dropped waiting message count 0
