14-Jun-2021 13:27:11 CEST  Initiating request to open file file:/eos/cms/store/user/tsarkar/SIM_Condor_output_Vector_MonoZLL_NLO_Mphi-500_Mchi-150_gSM-0p25_gDM-1p0_ctau0p1/step_SIM_2017UL_16.root
14-Jun-2021 13:27:13 CEST  Successfully opened file file:/eos/cms/store/user/tsarkar/SIM_Condor_output_Vector_MonoZLL_NLO_Mphi-500_Mchi-150_gSM-0p25_gDM-1p0_ctau0p1/step_SIM_2017UL_16.root
14-Jun-2021 13:27:16 CEST  Initiating request to open file root://eoscms.cern.ch//eos/cms/store/mc/RunIISummer20ULPrePremix/Neutrino_E-10_gun/PREMIX/UL17_106X_mc2017_realistic_v6-v3/210016/4A4F7225-97C7-9F45-910A-3BEF691B8771.root
%MSG-w XrdAdaptor:  PreMixingModule:mixData@ctor 14-Jun-2021 13:27:18 CEST  pre-events
Data is served from cern.ch instead of original site eoscms
%MSG
14-Jun-2021 13:27:18 CEST  Successfully opened file root://eoscms.cern.ch//eos/cms/store/mc/RunIISummer20ULPrePremix/Neutrino_E-10_gun/PREMIX/UL17_106X_mc2017_realistic_v6-v3/210016/4A4F7225-97C7-9F45-910A-3BEF691B8771.root
Begin processing the 1st record. Run 1, Event 751, LumiSection 16 on stream 0 at 14-Jun-2021 13:27:33.182 CEST
14-Jun-2021 13:29:16 CEST  Closed file root://eoscms.cern.ch//eos/cms/store/mc/RunIISummer20ULPrePremix/Neutrino_E-10_gun/PREMIX/UL17_106X_mc2017_realistic_v6-v3/210016/4A4F7225-97C7-9F45-910A-3BEF691B8771.root
14-Jun-2021 13:29:16 CEST  Initiating request to open file root://eoscms.cern.ch//eos/cms/store/mc/RunIISummer20ULPrePremix/Neutrino_E-10_gun/PREMIX/UL17_106X_mc2017_realistic_v6-v3/210010/73EE9C68-9E7A-DC45-8777-23A375E776F1.root
%MSG-w XrdAdaptor:  PreMixingModule:mixData 14-Jun-2021 13:29:18 CEST  Run: 1 Event: 751
Data is served from cern.ch instead of original site eoscms
%MSG
14-Jun-2021 13:29:18 CEST  Successfully opened file root://eoscms.cern.ch//eos/cms/store/mc/RunIISummer20ULPrePremix/Neutrino_E-10_gun/PREMIX/UL17_106X_mc2017_realistic_v6-v3/210010/73EE9C68-9E7A-DC45-8777-23A375E776F1.root
Begin processing the 2nd record. Run 1, Event 752, LumiSection 16 on stream 0 at 14-Jun-2021 13:29:30.024 CEST
Begin processing the 3rd record. Run 1, Event 756, LumiSection 16 on stream 0 at 14-Jun-2021 13:29:32.610 CEST
Begin processing the 4th record. Run 1, Event 754, LumiSection 16 on stream 0 at 14-Jun-2021 13:29:35.041 CEST
Begin processing the 5th record. Run 1, Event 753, LumiSection 16 on stream 0 at 14-Jun-2021 13:29:38.061 CEST
Begin processing the 6th record. Run 1, Event 755, LumiSection 16 on stream 0 at 14-Jun-2021 13:29:41.103 CEST
Begin processing the 7th record. Run 1, Event 757, LumiSection 16 on stream 0 at 14-Jun-2021 13:29:44.095 CEST
Begin processing the 8th record. Run 1, Event 758, LumiSection 16 on stream 0 at 14-Jun-2021 13:29:46.309 CEST
Begin processing the 9th record. Run 1, Event 760, LumiSection 16 on stream 0 at 14-Jun-2021 13:29:49.264 CEST
Begin processing the 10th record. Run 1, Event 762, LumiSection 16 on stream 0 at 14-Jun-2021 13:29:52.138 CEST
Begin processing the 11th record. Run 1, Event 759, LumiSection 16 on stream 0 at 14-Jun-2021 13:29:55.316 CEST
Begin processing the 12th record. Run 1, Event 763, LumiSection 16 on stream 0 at 14-Jun-2021 13:29:58.640 CEST
Begin processing the 13th record. Run 1, Event 761, LumiSection 16 on stream 0 at 14-Jun-2021 13:30:01.319 CEST
Begin processing the 14th record. Run 1, Event 764, LumiSection 16 on stream 0 at 14-Jun-2021 13:30:04.462 CEST
Begin processing the 15th record. Run 1, Event 767, LumiSection 16 on stream 0 at 14-Jun-2021 13:30:07.222 CEST
Begin processing the 16th record. Run 1, Event 769, LumiSection 16 on stream 0 at 14-Jun-2021 13:30:10.148 CEST
Begin processing the 17th record. Run 1, Event 765, LumiSection 16 on stream 0 at 14-Jun-2021 13:30:13.499 CEST
Begin processing the 18th record. Run 1, Event 770, LumiSection 16 on stream 0 at 14-Jun-2021 13:30:16.576 CEST
Begin processing the 19th record. Run 1, Event 766, LumiSection 16 on stream 0 at 14-Jun-2021 13:30:19.051 CEST
Begin processing the 20th record. Run 1, Event 768, LumiSection 16 on stream 0 at 14-Jun-2021 13:30:22.250 CEST
Begin processing the 21st record. Run 1, Event 771, LumiSection 16 on stream 0 at 14-Jun-2021 13:30:24.876 CEST
Begin processing the 22nd record. Run 1, Event 773, LumiSection 16 on stream 0 at 14-Jun-2021 13:30:28.042 CEST
Begin processing the 23rd record. Run 1, Event 772, LumiSection 16 on stream 0 at 14-Jun-2021 13:30:31.397 CEST
Begin processing the 24th record. Run 1, Event 774, LumiSection 16 on stream 0 at 14-Jun-2021 13:30:34.537 CEST
Begin processing the 25th record. Run 1, Event 776, LumiSection 16 on stream 0 at 14-Jun-2021 13:30:38.073 CEST
Begin processing the 26th record. Run 1, Event 775, LumiSection 16 on stream 0 at 14-Jun-2021 13:30:41.216 CEST
Begin processing the 27th record. Run 1, Event 780, LumiSection 16 on stream 0 at 14-Jun-2021 13:30:44.341 CEST
Begin processing the 28th record. Run 1, Event 777, LumiSection 16 on stream 0 at 14-Jun-2021 13:30:48.311 CEST
Begin processing the 29th record. Run 1, Event 779, LumiSection 16 on stream 0 at 14-Jun-2021 13:30:51.825 CEST
Begin processing the 30th record. Run 1, Event 781, LumiSection 16 on stream 0 at 14-Jun-2021 13:30:54.962 CEST
Begin processing the 31st record. Run 1, Event 782, LumiSection 16 on stream 0 at 14-Jun-2021 13:30:58.043 CEST
Begin processing the 32nd record. Run 1, Event 778, LumiSection 16 on stream 0 at 14-Jun-2021 13:31:00.560 CEST
Begin processing the 33rd record. Run 1, Event 785, LumiSection 16 on stream 0 at 14-Jun-2021 13:31:03.731 CEST
Begin processing the 34th record. Run 1, Event 783, LumiSection 16 on stream 0 at 14-Jun-2021 13:31:06.655 CEST
Begin processing the 35th record. Run 1, Event 784, LumiSection 16 on stream 0 at 14-Jun-2021 13:31:10.060 CEST
Begin processing the 36th record. Run 1, Event 786, LumiSection 16 on stream 0 at 14-Jun-2021 13:31:13.171 CEST
Begin processing the 37th record. Run 1, Event 788, LumiSection 16 on stream 0 at 14-Jun-2021 13:31:16.714 CEST
Begin processing the 38th record. Run 1, Event 787, LumiSection 16 on stream 0 at 14-Jun-2021 13:31:19.198 CEST
Begin processing the 39th record. Run 1, Event 789, LumiSection 16 on stream 0 at 14-Jun-2021 13:31:22.768 CEST
Begin processing the 40th record. Run 1, Event 790, LumiSection 16 on stream 0 at 14-Jun-2021 13:31:25.856 CEST
Begin processing the 41st record. Run 1, Event 791, LumiSection 16 on stream 0 at 14-Jun-2021 13:31:29.856 CEST
Begin processing the 42nd record. Run 1, Event 792, LumiSection 16 on stream 0 at 14-Jun-2021 13:31:33.170 CEST
Begin processing the 43rd record. Run 1, Event 795, LumiSection 16 on stream 0 at 14-Jun-2021 13:31:35.374 CEST
Begin processing the 44th record. Run 1, Event 793, LumiSection 16 on stream 0 at 14-Jun-2021 13:31:38.576 CEST
Begin processing the 45th record. Run 1, Event 794, LumiSection 16 on stream 0 at 14-Jun-2021 13:31:41.792 CEST
Begin processing the 46th record. Run 1, Event 796, LumiSection 16 on stream 0 at 14-Jun-2021 13:31:44.539 CEST
Begin processing the 47th record. Run 1, Event 798, LumiSection 16 on stream 0 at 14-Jun-2021 13:31:47.891 CEST
Begin processing the 48th record. Run 1, Event 799, LumiSection 16 on stream 0 at 14-Jun-2021 13:31:50.733 CEST
Begin processing the 49th record. Run 1, Event 797, LumiSection 16 on stream 0 at 14-Jun-2021 13:31:53.111 CEST
Begin processing the 50th record. Run 1, Event 800, LumiSection 16 on stream 0 at 14-Jun-2021 13:31:56.658 CEST
14-Jun-2021 13:31:59 CEST  Closed file file:/eos/cms/store/user/tsarkar/SIM_Condor_output_Vector_MonoZLL_NLO_Mphi-500_Mchi-150_gSM-0p25_gDM-1p0_ctau0p1/step_SIM_2017UL_16.root
14-Jun-2021 13:32:00 CEST  Closed file root://eoscms.cern.ch//eos/cms/store/mc/RunIISummer20ULPrePremix/Neutrino_E-10_gun/PREMIX/UL17_106X_mc2017_realistic_v6-v3/210010/73EE9C68-9E7A-DC45-8777-23A375E776F1.root

=============================================

MessageLogger Summary

 type     category        sev    module        subroutine        count    total
 ---- -------------------- -- ---------------- ----------------  -----    -----
    1 XrdAdaptor           -w PreMixingModule:                       1        1
    2 XrdAdaptor           -w PreMixingModule:                       1        1
    3 fileAction           -s PreMixingModule:                       3        3
    4 fileAction           -s PreMixingModule:                       2        2
    5 fileAction           -s PreMixingModule:                       1        1
    6 fileAction           -s file_close                             1        1
    7 fileAction           -s file_open                              2        2

 type    category    Examples: run/evt        run/evt          run/evt
 ---- -------------------- ---------------- ---------------- ----------------
    1 XrdAdaptor           1/751                             
    2 XrdAdaptor           pre-events                        
    3 fileAction           1/751            1/751            1/751
    4 fileAction           pre-events       pre-events       
    5 fileAction           PostGlobalEndRun                  
    6 fileAction           PostGlobalEndRun                  
    7 fileAction           pre-events       pre-events       

Severity    # Occurrences   Total Occurrences
--------    -------------   -----------------
Warning                 2                   2
System                  9                   9

dropped waiting message count 0
