14-Jun-2021 13:27:16 CEST  Initiating request to open file file:/eos/cms/store/user/tsarkar/SIM_Condor_output_Vector_MonoZLL_NLO_Mphi-500_Mchi-150_gSM-0p25_gDM-1p0_ctau0p1/step_SIM_2017UL_1.root
14-Jun-2021 13:27:19 CEST  Successfully opened file file:/eos/cms/store/user/tsarkar/SIM_Condor_output_Vector_MonoZLL_NLO_Mphi-500_Mchi-150_gSM-0p25_gDM-1p0_ctau0p1/step_SIM_2017UL_1.root
14-Jun-2021 13:27:25 CEST  Initiating request to open file root://eoscms.cern.ch//eos/cms/store/mc/RunIISummer20ULPrePremix/Neutrino_E-10_gun/PREMIX/UL17_106X_mc2017_realistic_v6-v3/10000/E74442FE-53E6-B840-8485-371F34911828.root
%MSG-w XrdAdaptor:  PreMixingModule:mixData@ctor 14-Jun-2021 13:27:27 CEST  pre-events
Data is served from cern.ch instead of original site eoscms
%MSG
14-Jun-2021 13:27:27 CEST  Successfully opened file root://eoscms.cern.ch//eos/cms/store/mc/RunIISummer20ULPrePremix/Neutrino_E-10_gun/PREMIX/UL17_106X_mc2017_realistic_v6-v3/10000/E74442FE-53E6-B840-8485-371F34911828.root
Begin processing the 1st record. Run 1, Event 3, LumiSection 1 on stream 0 at 14-Jun-2021 13:27:52.263 CEST
14-Jun-2021 13:30:24 CEST  Closed file root://eoscms.cern.ch//eos/cms/store/mc/RunIISummer20ULPrePremix/Neutrino_E-10_gun/PREMIX/UL17_106X_mc2017_realistic_v6-v3/10000/E74442FE-53E6-B840-8485-371F34911828.root
14-Jun-2021 13:30:24 CEST  Initiating request to open file root://eoscms.cern.ch//eos/cms/store/mc/RunIISummer20ULPrePremix/Neutrino_E-10_gun/PREMIX/UL17_106X_mc2017_realistic_v6-v3/210005/D8779058-CB3B-0F42-A393-63264EBE805F.root
%MSG-w XrdAdaptor:  PreMixingModule:mixData 14-Jun-2021 13:30:26 CEST  Run: 1 Event: 3
Data is served from cern.ch instead of original site eoscms
%MSG
14-Jun-2021 13:30:27 CEST  Successfully opened file root://eoscms.cern.ch//eos/cms/store/mc/RunIISummer20ULPrePremix/Neutrino_E-10_gun/PREMIX/UL17_106X_mc2017_realistic_v6-v3/210005/D8779058-CB3B-0F42-A393-63264EBE805F.root
Begin processing the 2nd record. Run 1, Event 4, LumiSection 1 on stream 0 at 14-Jun-2021 13:30:44.828 CEST
Begin processing the 3rd record. Run 1, Event 6, LumiSection 1 on stream 0 at 14-Jun-2021 13:30:48.987 CEST
Begin processing the 4th record. Run 1, Event 2, LumiSection 1 on stream 0 at 14-Jun-2021 13:30:52.131 CEST
Begin processing the 5th record. Run 1, Event 1, LumiSection 1 on stream 0 at 14-Jun-2021 13:30:56.012 CEST
Begin processing the 6th record. Run 1, Event 7, LumiSection 1 on stream 0 at 14-Jun-2021 13:31:01.143 CEST
Begin processing the 7th record. Run 1, Event 5, LumiSection 1 on stream 0 at 14-Jun-2021 13:31:05.111 CEST
Begin processing the 8th record. Run 1, Event 8, LumiSection 1 on stream 0 at 14-Jun-2021 13:31:09.887 CEST
Begin processing the 9th record. Run 1, Event 9, LumiSection 1 on stream 0 at 14-Jun-2021 13:31:13.641 CEST
Begin processing the 10th record. Run 1, Event 12, LumiSection 1 on stream 0 at 14-Jun-2021 13:31:17.892 CEST
Begin processing the 11th record. Run 1, Event 10, LumiSection 1 on stream 0 at 14-Jun-2021 13:31:21.243 CEST
Begin processing the 12th record. Run 1, Event 11, LumiSection 1 on stream 0 at 14-Jun-2021 13:31:25.167 CEST
Begin processing the 13th record. Run 1, Event 13, LumiSection 1 on stream 0 at 14-Jun-2021 13:31:28.802 CEST
Begin processing the 14th record. Run 1, Event 16, LumiSection 1 on stream 0 at 14-Jun-2021 13:31:32.498 CEST
Begin processing the 15th record. Run 1, Event 15, LumiSection 1 on stream 0 at 14-Jun-2021 13:31:35.554 CEST
Begin processing the 16th record. Run 1, Event 18, LumiSection 1 on stream 0 at 14-Jun-2021 13:31:40.344 CEST
Begin processing the 17th record. Run 1, Event 20, LumiSection 1 on stream 0 at 14-Jun-2021 13:31:43.176 CEST
Begin processing the 18th record. Run 1, Event 17, LumiSection 1 on stream 0 at 14-Jun-2021 13:31:46.376 CEST
Begin processing the 19th record. Run 1, Event 14, LumiSection 1 on stream 0 at 14-Jun-2021 13:31:50.843 CEST
Begin processing the 20th record. Run 1, Event 19, LumiSection 1 on stream 0 at 14-Jun-2021 13:31:55.645 CEST
Begin processing the 21st record. Run 1, Event 22, LumiSection 1 on stream 0 at 14-Jun-2021 13:31:59.384 CEST
Begin processing the 22nd record. Run 1, Event 23, LumiSection 1 on stream 0 at 14-Jun-2021 13:32:02.487 CEST
Begin processing the 23rd record. Run 1, Event 21, LumiSection 1 on stream 0 at 14-Jun-2021 13:32:05.953 CEST
Begin processing the 24th record. Run 1, Event 24, LumiSection 1 on stream 0 at 14-Jun-2021 13:32:10.371 CEST
Begin processing the 25th record. Run 1, Event 26, LumiSection 1 on stream 0 at 14-Jun-2021 13:32:13.733 CEST
Begin processing the 26th record. Run 1, Event 25, LumiSection 1 on stream 0 at 14-Jun-2021 13:32:16.688 CEST
Begin processing the 27th record. Run 1, Event 28, LumiSection 1 on stream 0 at 14-Jun-2021 13:32:20.249 CEST
Begin processing the 28th record. Run 1, Event 29, LumiSection 1 on stream 0 at 14-Jun-2021 13:32:24.077 CEST
Begin processing the 29th record. Run 1, Event 27, LumiSection 1 on stream 0 at 14-Jun-2021 13:32:28.050 CEST
Begin processing the 30th record. Run 1, Event 30, LumiSection 1 on stream 0 at 14-Jun-2021 13:32:32.014 CEST
Begin processing the 31st record. Run 1, Event 31, LumiSection 1 on stream 0 at 14-Jun-2021 13:32:35.721 CEST
Begin processing the 32nd record. Run 1, Event 34, LumiSection 1 on stream 0 at 14-Jun-2021 13:32:39.289 CEST
Begin processing the 33rd record. Run 1, Event 32, LumiSection 1 on stream 0 at 14-Jun-2021 13:32:42.369 CEST
Begin processing the 34th record. Run 1, Event 35, LumiSection 1 on stream 0 at 14-Jun-2021 13:32:45.159 CEST
Begin processing the 35th record. Run 1, Event 33, LumiSection 1 on stream 0 at 14-Jun-2021 13:32:48.509 CEST
Begin processing the 36th record. Run 1, Event 36, LumiSection 1 on stream 0 at 14-Jun-2021 13:32:52.890 CEST
Begin processing the 37th record. Run 1, Event 38, LumiSection 1 on stream 0 at 14-Jun-2021 13:32:57.513 CEST
Begin processing the 38th record. Run 1, Event 37, LumiSection 1 on stream 0 at 14-Jun-2021 13:33:02.269 CEST
Begin processing the 39th record. Run 1, Event 39, LumiSection 1 on stream 0 at 14-Jun-2021 13:33:06.459 CEST
Begin processing the 40th record. Run 1, Event 40, LumiSection 1 on stream 0 at 14-Jun-2021 13:33:10.081 CEST
Begin processing the 41st record. Run 1, Event 41, LumiSection 1 on stream 0 at 14-Jun-2021 13:33:13.565 CEST
Begin processing the 42nd record. Run 1, Event 43, LumiSection 1 on stream 0 at 14-Jun-2021 13:33:17.514 CEST
Begin processing the 43rd record. Run 1, Event 42, LumiSection 1 on stream 0 at 14-Jun-2021 13:33:21.232 CEST
Begin processing the 44th record. Run 1, Event 45, LumiSection 1 on stream 0 at 14-Jun-2021 13:33:24.950 CEST
Begin processing the 45th record. Run 1, Event 44, LumiSection 1 on stream 0 at 14-Jun-2021 13:33:28.952 CEST
Begin processing the 46th record. Run 1, Event 47, LumiSection 1 on stream 0 at 14-Jun-2021 13:33:32.033 CEST
Begin processing the 47th record. Run 1, Event 49, LumiSection 1 on stream 0 at 14-Jun-2021 13:33:35.490 CEST
Begin processing the 48th record. Run 1, Event 46, LumiSection 1 on stream 0 at 14-Jun-2021 13:33:38.698 CEST
Begin processing the 49th record. Run 1, Event 48, LumiSection 1 on stream 0 at 14-Jun-2021 13:33:41.798 CEST
Begin processing the 50th record. Run 1, Event 50, LumiSection 1 on stream 0 at 14-Jun-2021 13:33:45.263 CEST
14-Jun-2021 13:33:48 CEST  Closed file file:/eos/cms/store/user/tsarkar/SIM_Condor_output_Vector_MonoZLL_NLO_Mphi-500_Mchi-150_gSM-0p25_gDM-1p0_ctau0p1/step_SIM_2017UL_1.root
14-Jun-2021 13:33:48 CEST  Closed file root://eoscms.cern.ch//eos/cms/store/mc/RunIISummer20ULPrePremix/Neutrino_E-10_gun/PREMIX/UL17_106X_mc2017_realistic_v6-v3/210005/D8779058-CB3B-0F42-A393-63264EBE805F.root

=============================================

MessageLogger Summary

 type     category        sev    module        subroutine        count    total
 ---- -------------------- -- ---------------- ----------------  -----    -----
    1 XrdAdaptor           -w PreMixingModule:                       1        1
    2 XrdAdaptor           -w PreMixingModule:                       1        1
    3 fileAction           -s PreMixingModule:                       3        3
    4 fileAction           -s PreMixingModule:                       2        2
    5 fileAction           -s PreMixingModule:                       1        1
    6 fileAction           -s file_close                             1        1
    7 fileAction           -s file_open                              2        2

 type    category    Examples: run/evt        run/evt          run/evt
 ---- -------------------- ---------------- ---------------- ----------------
    1 XrdAdaptor           1/3                               
    2 XrdAdaptor           pre-events                        
    3 fileAction           1/3              1/3              1/3
    4 fileAction           pre-events       pre-events       
    5 fileAction           PostGlobalEndRun                  
    6 fileAction           PostGlobalEndRun                  
    7 fileAction           pre-events       pre-events       

Severity    # Occurrences   Total Occurrences
--------    -------------   -----------------
Warning                 2                   2
System                  9                   9

dropped waiting message count 0
