14-Jun-2021 13:27:22 CEST  Initiating request to open file file:/eos/cms/store/user/tsarkar/SIM_Condor_output_Vector_MonoZLL_NLO_Mphi-500_Mchi-150_gSM-0p25_gDM-1p0_ctau10p0/step_SIM_2017UL_17.root
14-Jun-2021 13:27:24 CEST  Successfully opened file file:/eos/cms/store/user/tsarkar/SIM_Condor_output_Vector_MonoZLL_NLO_Mphi-500_Mchi-150_gSM-0p25_gDM-1p0_ctau10p0/step_SIM_2017UL_17.root
14-Jun-2021 13:27:29 CEST  Initiating request to open file root://eoscms.cern.ch//eos/cms/store/mc/RunIISummer20ULPrePremix/Neutrino_E-10_gun/PREMIX/UL17_106X_mc2017_realistic_v6-v3/00000/697F2238-0B46-3541-B7EA-6A1B89D87DB3.root
%MSG-w XrdAdaptor:  PreMixingModule:mixData@ctor 14-Jun-2021 13:27:31 CEST  pre-events
Data is served from cern.ch instead of original site eoscms
%MSG
14-Jun-2021 13:27:31 CEST  Successfully opened file root://eoscms.cern.ch//eos/cms/store/mc/RunIISummer20ULPrePremix/Neutrino_E-10_gun/PREMIX/UL17_106X_mc2017_realistic_v6-v3/00000/697F2238-0B46-3541-B7EA-6A1B89D87DB3.root
Begin processing the 1st record. Run 1, Event 803, LumiSection 17 on stream 0 at 14-Jun-2021 13:27:47.913 CEST
14-Jun-2021 13:30:09 CEST  Closed file root://eoscms.cern.ch//eos/cms/store/mc/RunIISummer20ULPrePremix/Neutrino_E-10_gun/PREMIX/UL17_106X_mc2017_realistic_v6-v3/00000/697F2238-0B46-3541-B7EA-6A1B89D87DB3.root
14-Jun-2021 13:30:09 CEST  Initiating request to open file root://eoscms.cern.ch//eos/cms/store/mc/RunIISummer20ULPrePremix/Neutrino_E-10_gun/PREMIX/UL17_106X_mc2017_realistic_v6-v3/210008/7B6BF7DB-200A-4A44-8C93-EA3118C5FCFA.root
%MSG-w XrdAdaptor:  PreMixingModule:mixData 14-Jun-2021 13:30:11 CEST  Run: 1 Event: 803
Data is served from cern.ch instead of original site eoscms
%MSG
14-Jun-2021 13:30:11 CEST  Successfully opened file root://eoscms.cern.ch//eos/cms/store/mc/RunIISummer20ULPrePremix/Neutrino_E-10_gun/PREMIX/UL17_106X_mc2017_realistic_v6-v3/210008/7B6BF7DB-200A-4A44-8C93-EA3118C5FCFA.root
Begin processing the 2nd record. Run 1, Event 804, LumiSection 17 on stream 0 at 14-Jun-2021 13:30:30.265 CEST
Begin processing the 3rd record. Run 1, Event 805, LumiSection 17 on stream 0 at 14-Jun-2021 13:30:34.437 CEST
Begin processing the 4th record. Run 1, Event 801, LumiSection 17 on stream 0 at 14-Jun-2021 13:30:37.405 CEST
Begin processing the 5th record. Run 1, Event 807, LumiSection 17 on stream 0 at 14-Jun-2021 13:30:41.944 CEST
Begin processing the 6th record. Run 1, Event 802, LumiSection 17 on stream 0 at 14-Jun-2021 13:30:46.464 CEST
Begin processing the 7th record. Run 1, Event 806, LumiSection 17 on stream 0 at 14-Jun-2021 13:30:50.915 CEST
Begin processing the 8th record. Run 1, Event 808, LumiSection 17 on stream 0 at 14-Jun-2021 13:30:54.685 CEST
Begin processing the 9th record. Run 1, Event 811, LumiSection 17 on stream 0 at 14-Jun-2021 13:30:59.337 CEST
Begin processing the 10th record. Run 1, Event 810, LumiSection 17 on stream 0 at 14-Jun-2021 13:31:03.627 CEST
Begin processing the 11th record. Run 1, Event 809, LumiSection 17 on stream 0 at 14-Jun-2021 13:31:07.420 CEST
Begin processing the 12th record. Run 1, Event 814, LumiSection 17 on stream 0 at 14-Jun-2021 13:31:10.720 CEST
Begin processing the 13th record. Run 1, Event 815, LumiSection 17 on stream 0 at 14-Jun-2021 13:31:14.935 CEST
Begin processing the 14th record. Run 1, Event 812, LumiSection 17 on stream 0 at 14-Jun-2021 13:31:19.292 CEST
Begin processing the 15th record. Run 1, Event 817, LumiSection 17 on stream 0 at 14-Jun-2021 13:31:24.060 CEST
Begin processing the 16th record. Run 1, Event 813, LumiSection 17 on stream 0 at 14-Jun-2021 13:31:27.623 CEST
Begin processing the 17th record. Run 1, Event 816, LumiSection 17 on stream 0 at 14-Jun-2021 13:31:32.439 CEST
Begin processing the 18th record. Run 1, Event 818, LumiSection 17 on stream 0 at 14-Jun-2021 13:31:36.558 CEST
Begin processing the 19th record. Run 1, Event 820, LumiSection 17 on stream 0 at 14-Jun-2021 13:31:41.074 CEST
Begin processing the 20th record. Run 1, Event 823, LumiSection 17 on stream 0 at 14-Jun-2021 13:31:45.160 CEST
Begin processing the 21st record. Run 1, Event 819, LumiSection 17 on stream 0 at 14-Jun-2021 13:31:48.903 CEST
Begin processing the 22nd record. Run 1, Event 822, LumiSection 17 on stream 0 at 14-Jun-2021 13:31:53.560 CEST
Begin processing the 23rd record. Run 1, Event 821, LumiSection 17 on stream 0 at 14-Jun-2021 13:31:56.696 CEST
Begin processing the 24th record. Run 1, Event 824, LumiSection 17 on stream 0 at 14-Jun-2021 13:32:01.652 CEST
Begin processing the 25th record. Run 1, Event 825, LumiSection 17 on stream 0 at 14-Jun-2021 13:32:05.742 CEST
Begin processing the 26th record. Run 1, Event 826, LumiSection 17 on stream 0 at 14-Jun-2021 13:32:09.957 CEST
Begin processing the 27th record. Run 1, Event 829, LumiSection 17 on stream 0 at 14-Jun-2021 13:32:13.962 CEST
Begin processing the 28th record. Run 1, Event 828, LumiSection 17 on stream 0 at 14-Jun-2021 13:32:17.866 CEST
Begin processing the 29th record. Run 1, Event 827, LumiSection 17 on stream 0 at 14-Jun-2021 13:32:20.938 CEST
Begin processing the 30th record. Run 1, Event 830, LumiSection 17 on stream 0 at 14-Jun-2021 13:32:25.077 CEST
Begin processing the 31st record. Run 1, Event 832, LumiSection 17 on stream 0 at 14-Jun-2021 13:32:28.859 CEST
Begin processing the 32nd record. Run 1, Event 833, LumiSection 17 on stream 0 at 14-Jun-2021 13:32:32.342 CEST
Begin processing the 33rd record. Run 1, Event 831, LumiSection 17 on stream 0 at 14-Jun-2021 13:32:36.546 CEST
Begin processing the 34th record. Run 1, Event 836, LumiSection 17 on stream 0 at 14-Jun-2021 13:32:40.638 CEST
Begin processing the 35th record. Run 1, Event 834, LumiSection 17 on stream 0 at 14-Jun-2021 13:32:44.570 CEST
Begin processing the 36th record. Run 1, Event 835, LumiSection 17 on stream 0 at 14-Jun-2021 13:32:48.751 CEST
Begin processing the 37th record. Run 1, Event 837, LumiSection 17 on stream 0 at 14-Jun-2021 13:32:51.284 CEST
Begin processing the 38th record. Run 1, Event 839, LumiSection 17 on stream 0 at 14-Jun-2021 13:32:56.340 CEST
Begin processing the 39th record. Run 1, Event 838, LumiSection 17 on stream 0 at 14-Jun-2021 13:33:00.406 CEST
Begin processing the 40th record. Run 1, Event 840, LumiSection 17 on stream 0 at 14-Jun-2021 13:33:04.476 CEST
Begin processing the 41st record. Run 1, Event 842, LumiSection 17 on stream 0 at 14-Jun-2021 13:33:09.769 CEST
Begin processing the 42nd record. Run 1, Event 845, LumiSection 17 on stream 0 at 14-Jun-2021 13:33:13.368 CEST
Begin processing the 43rd record. Run 1, Event 844, LumiSection 17 on stream 0 at 14-Jun-2021 13:33:16.997 CEST
Begin processing the 44th record. Run 1, Event 843, LumiSection 17 on stream 0 at 14-Jun-2021 13:33:21.048 CEST
Begin processing the 45th record. Run 1, Event 841, LumiSection 17 on stream 0 at 14-Jun-2021 13:33:24.583 CEST
Begin processing the 46th record. Run 1, Event 846, LumiSection 17 on stream 0 at 14-Jun-2021 13:33:29.110 CEST
Begin processing the 47th record. Run 1, Event 848, LumiSection 17 on stream 0 at 14-Jun-2021 13:33:33.021 CEST
Begin processing the 48th record. Run 1, Event 850, LumiSection 17 on stream 0 at 14-Jun-2021 13:33:36.954 CEST
Begin processing the 49th record. Run 1, Event 847, LumiSection 17 on stream 0 at 14-Jun-2021 13:33:41.769 CEST
Begin processing the 50th record. Run 1, Event 849, LumiSection 17 on stream 0 at 14-Jun-2021 13:33:46.375 CEST
14-Jun-2021 13:33:50 CEST  Closed file file:/eos/cms/store/user/tsarkar/SIM_Condor_output_Vector_MonoZLL_NLO_Mphi-500_Mchi-150_gSM-0p25_gDM-1p0_ctau10p0/step_SIM_2017UL_17.root
14-Jun-2021 13:33:51 CEST  Closed file root://eoscms.cern.ch//eos/cms/store/mc/RunIISummer20ULPrePremix/Neutrino_E-10_gun/PREMIX/UL17_106X_mc2017_realistic_v6-v3/210008/7B6BF7DB-200A-4A44-8C93-EA3118C5FCFA.root

=============================================

MessageLogger Summary

 type     category        sev    module        subroutine        count    total
 ---- -------------------- -- ---------------- ----------------  -----    -----
    1 XrdAdaptor           -w PreMixingModule:                       1        1
    2 XrdAdaptor           -w PreMixingModule:                       1        1
    3 fileAction           -s PreMixingModule:                       3        3
    4 fileAction           -s PreMixingModule:                       2        2
    5 fileAction           -s PreMixingModule:                       1        1
    6 fileAction           -s file_close                             1        1
    7 fileAction           -s file_open                              2        2

 type    category    Examples: run/evt        run/evt          run/evt
 ---- -------------------- ---------------- ---------------- ----------------
    1 XrdAdaptor           1/803                             
    2 XrdAdaptor           pre-events                        
    3 fileAction           1/803            1/803            1/803
    4 fileAction           pre-events       pre-events       
    5 fileAction           PostGlobalEndRun                  
    6 fileAction           PostGlobalEndRun                  
    7 fileAction           pre-events       pre-events       

Severity    # Occurrences   Total Occurrences
--------    -------------   -----------------
Warning                 2                   2
System                  9                   9

dropped waiting message count 0
