14-Jun-2021 13:27:36 CEST  Initiating request to open file file:/eos/cms/store/user/tsarkar/SIM_Condor_output_Vector_MonoZLL_NLO_Mphi-500_Mchi-150_gSM-0p25_gDM-1p0_ctau10p0/step_SIM_2017UL_10.root
14-Jun-2021 13:27:37 CEST  Successfully opened file file:/eos/cms/store/user/tsarkar/SIM_Condor_output_Vector_MonoZLL_NLO_Mphi-500_Mchi-150_gSM-0p25_gDM-1p0_ctau10p0/step_SIM_2017UL_10.root
14-Jun-2021 13:27:40 CEST  Initiating request to open file root://eoscms.cern.ch//eos/cms/store/mc/RunIISummer20ULPrePremix/Neutrino_E-10_gun/PREMIX/UL17_106X_mc2017_realistic_v6-v3/210020/7FFA0082-3416-324C-B850-DA9247C1D411.root
%MSG-w XrdAdaptor:  PreMixingModule:mixData@ctor 14-Jun-2021 13:27:43 CEST  pre-events
Data is served from cern.ch instead of original site eoscms
%MSG
14-Jun-2021 13:27:43 CEST  Successfully opened file root://eoscms.cern.ch//eos/cms/store/mc/RunIISummer20ULPrePremix/Neutrino_E-10_gun/PREMIX/UL17_106X_mc2017_realistic_v6-v3/210020/7FFA0082-3416-324C-B850-DA9247C1D411.root
Begin processing the 1st record. Run 1, Event 454, LumiSection 10 on stream 0 at 14-Jun-2021 13:28:03.010 CEST
14-Jun-2021 13:30:11 CEST  Closed file root://eoscms.cern.ch//eos/cms/store/mc/RunIISummer20ULPrePremix/Neutrino_E-10_gun/PREMIX/UL17_106X_mc2017_realistic_v6-v3/210020/7FFA0082-3416-324C-B850-DA9247C1D411.root
14-Jun-2021 13:30:11 CEST  Initiating request to open file root://eoscms.cern.ch//eos/cms/store/mc/RunIISummer20ULPrePremix/Neutrino_E-10_gun/PREMIX/UL17_106X_mc2017_realistic_v6-v3/210005/3B9CF0E3-8EBC-8347-B3EF-F6C331FDFF74.root
%MSG-w XrdAdaptor:  PreMixingModule:mixData 14-Jun-2021 13:30:13 CEST  Run: 1 Event: 454
Data is served from cern.ch instead of original site eoscms
%MSG
14-Jun-2021 13:30:13 CEST  Successfully opened file root://eoscms.cern.ch//eos/cms/store/mc/RunIISummer20ULPrePremix/Neutrino_E-10_gun/PREMIX/UL17_106X_mc2017_realistic_v6-v3/210005/3B9CF0E3-8EBC-8347-B3EF-F6C331FDFF74.root
Begin processing the 2nd record. Run 1, Event 451, LumiSection 10 on stream 0 at 14-Jun-2021 13:30:26.314 CEST
Begin processing the 3rd record. Run 1, Event 452, LumiSection 10 on stream 0 at 14-Jun-2021 13:30:28.937 CEST
Begin processing the 4th record. Run 1, Event 453, LumiSection 10 on stream 0 at 14-Jun-2021 13:30:31.748 CEST
Begin processing the 5th record. Run 1, Event 455, LumiSection 10 on stream 0 at 14-Jun-2021 13:30:34.707 CEST
Begin processing the 6th record. Run 1, Event 457, LumiSection 10 on stream 0 at 14-Jun-2021 13:30:37.557 CEST
Begin processing the 7th record. Run 1, Event 456, LumiSection 10 on stream 0 at 14-Jun-2021 13:30:40.053 CEST
Begin processing the 8th record. Run 1, Event 459, LumiSection 10 on stream 0 at 14-Jun-2021 13:30:42.914 CEST
Begin processing the 9th record. Run 1, Event 461, LumiSection 10 on stream 0 at 14-Jun-2021 13:30:45.658 CEST
Begin processing the 10th record. Run 1, Event 460, LumiSection 10 on stream 0 at 14-Jun-2021 13:30:48.480 CEST
Begin processing the 11th record. Run 1, Event 463, LumiSection 10 on stream 0 at 14-Jun-2021 13:30:51.171 CEST
Begin processing the 12th record. Run 1, Event 458, LumiSection 10 on stream 0 at 14-Jun-2021 13:30:53.273 CEST
Begin processing the 13th record. Run 1, Event 462, LumiSection 10 on stream 0 at 14-Jun-2021 13:30:55.931 CEST
Begin processing the 14th record. Run 1, Event 464, LumiSection 10 on stream 0 at 14-Jun-2021 13:30:58.077 CEST
Begin processing the 15th record. Run 1, Event 467, LumiSection 10 on stream 0 at 14-Jun-2021 13:31:00.454 CEST
Begin processing the 16th record. Run 1, Event 466, LumiSection 10 on stream 0 at 14-Jun-2021 13:31:02.784 CEST
Begin processing the 17th record. Run 1, Event 468, LumiSection 10 on stream 0 at 14-Jun-2021 13:31:05.485 CEST
Begin processing the 18th record. Run 1, Event 465, LumiSection 10 on stream 0 at 14-Jun-2021 13:31:08.206 CEST
Begin processing the 19th record. Run 1, Event 469, LumiSection 10 on stream 0 at 14-Jun-2021 13:31:10.626 CEST
Begin processing the 20th record. Run 1, Event 470, LumiSection 10 on stream 0 at 14-Jun-2021 13:31:13.950 CEST
Begin processing the 21st record. Run 1, Event 471, LumiSection 10 on stream 0 at 14-Jun-2021 13:31:16.365 CEST
Begin processing the 22nd record. Run 1, Event 475, LumiSection 10 on stream 0 at 14-Jun-2021 13:31:18.721 CEST
Begin processing the 23rd record. Run 1, Event 472, LumiSection 10 on stream 0 at 14-Jun-2021 13:31:20.935 CEST
Begin processing the 24th record. Run 1, Event 473, LumiSection 10 on stream 0 at 14-Jun-2021 13:31:24.302 CEST
Begin processing the 25th record. Run 1, Event 474, LumiSection 10 on stream 0 at 14-Jun-2021 13:31:27.058 CEST
Begin processing the 26th record. Run 1, Event 477, LumiSection 10 on stream 0 at 14-Jun-2021 13:31:30.120 CEST
Begin processing the 27th record. Run 1, Event 476, LumiSection 10 on stream 0 at 14-Jun-2021 13:31:32.308 CEST
Begin processing the 28th record. Run 1, Event 478, LumiSection 10 on stream 0 at 14-Jun-2021 13:31:34.992 CEST
Begin processing the 29th record. Run 1, Event 479, LumiSection 10 on stream 0 at 14-Jun-2021 13:31:37.503 CEST
Begin processing the 30th record. Run 1, Event 480, LumiSection 10 on stream 0 at 14-Jun-2021 13:31:39.473 CEST
Begin processing the 31st record. Run 1, Event 481, LumiSection 10 on stream 0 at 14-Jun-2021 13:31:42.115 CEST
Begin processing the 32nd record. Run 1, Event 482, LumiSection 10 on stream 0 at 14-Jun-2021 13:31:44.872 CEST
Begin processing the 33rd record. Run 1, Event 483, LumiSection 10 on stream 0 at 14-Jun-2021 13:31:47.367 CEST
Begin processing the 34th record. Run 1, Event 484, LumiSection 10 on stream 0 at 14-Jun-2021 13:31:49.951 CEST
Begin processing the 35th record. Run 1, Event 485, LumiSection 10 on stream 0 at 14-Jun-2021 13:31:52.427 CEST
Begin processing the 36th record. Run 1, Event 486, LumiSection 10 on stream 0 at 14-Jun-2021 13:31:55.574 CEST
Begin processing the 37th record. Run 1, Event 487, LumiSection 10 on stream 0 at 14-Jun-2021 13:31:58.879 CEST
Begin processing the 38th record. Run 1, Event 490, LumiSection 10 on stream 0 at 14-Jun-2021 13:32:01.116 CEST
Begin processing the 39th record. Run 1, Event 489, LumiSection 10 on stream 0 at 14-Jun-2021 13:32:04.821 CEST
Begin processing the 40th record. Run 1, Event 488, LumiSection 10 on stream 0 at 14-Jun-2021 13:32:07.810 CEST
Begin processing the 41st record. Run 1, Event 491, LumiSection 10 on stream 0 at 14-Jun-2021 13:32:10.470 CEST
Begin processing the 42nd record. Run 1, Event 495, LumiSection 10 on stream 0 at 14-Jun-2021 13:32:12.979 CEST
Begin processing the 43rd record. Run 1, Event 493, LumiSection 10 on stream 0 at 14-Jun-2021 13:32:15.096 CEST
Begin processing the 44th record. Run 1, Event 494, LumiSection 10 on stream 0 at 14-Jun-2021 13:32:17.393 CEST
Begin processing the 45th record. Run 1, Event 492, LumiSection 10 on stream 0 at 14-Jun-2021 13:32:19.831 CEST
Begin processing the 46th record. Run 1, Event 496, LumiSection 10 on stream 0 at 14-Jun-2021 13:32:22.891 CEST
Begin processing the 47th record. Run 1, Event 499, LumiSection 10 on stream 0 at 14-Jun-2021 13:32:25.796 CEST
Begin processing the 48th record. Run 1, Event 498, LumiSection 10 on stream 0 at 14-Jun-2021 13:32:28.090 CEST
Begin processing the 49th record. Run 1, Event 497, LumiSection 10 on stream 0 at 14-Jun-2021 13:32:30.894 CEST
Begin processing the 50th record. Run 1, Event 500, LumiSection 10 on stream 0 at 14-Jun-2021 13:32:33.739 CEST
14-Jun-2021 13:32:36 CEST  Closed file file:/eos/cms/store/user/tsarkar/SIM_Condor_output_Vector_MonoZLL_NLO_Mphi-500_Mchi-150_gSM-0p25_gDM-1p0_ctau10p0/step_SIM_2017UL_10.root
14-Jun-2021 13:32:36 CEST  Closed file root://eoscms.cern.ch//eos/cms/store/mc/RunIISummer20ULPrePremix/Neutrino_E-10_gun/PREMIX/UL17_106X_mc2017_realistic_v6-v3/210005/3B9CF0E3-8EBC-8347-B3EF-F6C331FDFF74.root

=============================================

MessageLogger Summary

 type     category        sev    module        subroutine        count    total
 ---- -------------------- -- ---------------- ----------------  -----    -----
    1 XrdAdaptor           -w PreMixingModule:                       1        1
    2 XrdAdaptor           -w PreMixingModule:                       1        1
    3 fileAction           -s PreMixingModule:                       3        3
    4 fileAction           -s PreMixingModule:                       2        2
    5 fileAction           -s PreMixingModule:                       1        1
    6 fileAction           -s file_close                             1        1
    7 fileAction           -s file_open                              2        2

 type    category    Examples: run/evt        run/evt          run/evt
 ---- -------------------- ---------------- ---------------- ----------------
    1 XrdAdaptor           1/454                             
    2 XrdAdaptor           pre-events                        
    3 fileAction           1/454            1/454            1/454
    4 fileAction           pre-events       pre-events       
    5 fileAction           PostGlobalEndRun                  
    6 fileAction           PostGlobalEndRun                  
    7 fileAction           pre-events       pre-events       

Severity    # Occurrences   Total Occurrences
--------    -------------   -----------------
Warning                 2                   2
System                  9                   9

dropped waiting message count 0
