000 (7309417.000.000) 06/14 11:26:25 Job submitted from host: <137.138.44.75:9618?addrs=137.138.44.75-9618+[2001-1458-d00-1a--b]-9618&alias=bigbird14.cern.ch&noUDP&sock=schedd_3149486_02ef>
...
040 (7309417.000.000) 06/14 13:27:02 Started transferring input files
	Transferring to host: <128.142.193.212:9618?addrs=128.142.193.212-9618+[2001-1458-301-cc--100-20a]-9618&alias=b7g52n3828.cern.ch&noUDP&sock=slot1_6_5985_b94c_36323>
...
040 (7309417.000.000) 06/14 13:27:02 Finished transferring input files
...
001 (7309417.000.000) 06/14 13:27:03 Job executing on host: <128.142.193.212:9618?addrs=128.142.193.212-9618+[2001-1458-301-cc--100-20a]-9618&alias=b7g52n3828.cern.ch&noUDP&sock=startd_4859_72c5>
...
006 (7309417.000.000) 06/14 13:27:12 Image size of job updated: 160536
	33  -  MemoryUsage of job (MB)
	32860  -  ResidentSetSize of job (KB)
...
006 (7309417.000.000) 06/14 13:32:13 Image size of job updated: 3000880
	1757  -  MemoryUsage of job (MB)
	1798180  -  ResidentSetSize of job (KB)
...
006 (7309417.000.000) 06/14 13:34:26 Image size of job updated: 3000932
	1757  -  MemoryUsage of job (MB)
	1798180  -  ResidentSetSize of job (KB)
...
040 (7309417.000.000) 06/14 13:34:26 Started transferring output files
...
040 (7309417.000.000) 06/14 13:34:26 Finished transferring output files
...
005 (7309417.000.000) 06/14 13:34:26 Job terminated.
	(1) Normal termination (return value 0)
		Usr 0 00:05:31, Sys 0 00:00:07  -  Run Remote Usage
		Usr 0 00:00:00, Sys 0 00:00:00  -  Run Local Usage
		Usr 0 00:05:31, Sys 0 00:00:07  -  Total Remote Usage
		Usr 0 00:00:00, Sys 0 00:00:00  -  Total Local Usage
	15154  -  Run Bytes Sent By Job
	444  -  Run Bytes Received By Job
	15154  -  Total Bytes Sent By Job
	444  -  Total Bytes Received By Job
	Partitionable Resources :    Usage  Request Allocated 
	   Cpus                 :     0.99        1         1 
	   Disk (KB)            :    36           1    244888 
	   Memory (MB)          :  1757        2000      2000 

	Job terminated of its own accord at 2021-06-14T11:34:26Z.
...
