14-Jun-2021 13:27:26 CEST  Initiating request to open file file:/eos/cms/store/user/tsarkar/SIM_Condor_output_Vector_MonoZLL_NLO_Mphi-500_Mchi-150_gSM-0p25_gDM-1p0_ctau10p0/step_SIM_2017UL_14.root
14-Jun-2021 13:27:28 CEST  Successfully opened file file:/eos/cms/store/user/tsarkar/SIM_Condor_output_Vector_MonoZLL_NLO_Mphi-500_Mchi-150_gSM-0p25_gDM-1p0_ctau10p0/step_SIM_2017UL_14.root
14-Jun-2021 13:27:32 CEST  Initiating request to open file root://eoscms.cern.ch//eos/cms/store/mc/RunIISummer20ULPrePremix/Neutrino_E-10_gun/PREMIX/UL17_106X_mc2017_realistic_v6-v3/230001/A72C1931-8C1F-274D-AA6D-CCC3514CCADD.root
%MSG-w XrdAdaptor:  PreMixingModule:mixData@ctor 14-Jun-2021 13:27:34 CEST  pre-events
Data is served from cern.ch instead of original site eoscms
%MSG
14-Jun-2021 13:27:34 CEST  Successfully opened file root://eoscms.cern.ch//eos/cms/store/mc/RunIISummer20ULPrePremix/Neutrino_E-10_gun/PREMIX/UL17_106X_mc2017_realistic_v6-v3/230001/A72C1931-8C1F-274D-AA6D-CCC3514CCADD.root
Begin processing the 1st record. Run 1, Event 651, LumiSection 14 on stream 0 at 14-Jun-2021 13:27:56.752 CEST
14-Jun-2021 13:30:15 CEST  Closed file root://eoscms.cern.ch//eos/cms/store/mc/RunIISummer20ULPrePremix/Neutrino_E-10_gun/PREMIX/UL17_106X_mc2017_realistic_v6-v3/230001/A72C1931-8C1F-274D-AA6D-CCC3514CCADD.root
14-Jun-2021 13:30:15 CEST  Initiating request to open file root://eoscms.cern.ch//eos/cms/store/mc/RunIISummer20ULPrePremix/Neutrino_E-10_gun/PREMIX/UL17_106X_mc2017_realistic_v6-v3/210001/FD7EFDF6-23F9-554E-8002-99791EAE9D69.root
%MSG-w XrdAdaptor:  PreMixingModule:mixData 14-Jun-2021 13:30:17 CEST  Run: 1 Event: 651
Data is served from cern.ch instead of original site eoscms
%MSG
14-Jun-2021 13:30:17 CEST  Successfully opened file root://eoscms.cern.ch//eos/cms/store/mc/RunIISummer20ULPrePremix/Neutrino_E-10_gun/PREMIX/UL17_106X_mc2017_realistic_v6-v3/210001/FD7EFDF6-23F9-554E-8002-99791EAE9D69.root
Begin processing the 2nd record. Run 1, Event 652, LumiSection 14 on stream 0 at 14-Jun-2021 13:30:29.163 CEST
Begin processing the 3rd record. Run 1, Event 653, LumiSection 14 on stream 0 at 14-Jun-2021 13:30:33.156 CEST
Begin processing the 4th record. Run 1, Event 654, LumiSection 14 on stream 0 at 14-Jun-2021 13:30:37.214 CEST
Begin processing the 5th record. Run 1, Event 655, LumiSection 14 on stream 0 at 14-Jun-2021 13:30:41.162 CEST
Begin processing the 6th record. Run 1, Event 657, LumiSection 14 on stream 0 at 14-Jun-2021 13:30:45.105 CEST
Begin processing the 7th record. Run 1, Event 656, LumiSection 14 on stream 0 at 14-Jun-2021 13:30:49.414 CEST
Begin processing the 8th record. Run 1, Event 658, LumiSection 14 on stream 0 at 14-Jun-2021 13:30:54.246 CEST
Begin processing the 9th record. Run 1, Event 660, LumiSection 14 on stream 0 at 14-Jun-2021 13:30:58.199 CEST
Begin processing the 10th record. Run 1, Event 659, LumiSection 14 on stream 0 at 14-Jun-2021 13:31:02.047 CEST
Begin processing the 11th record. Run 1, Event 661, LumiSection 14 on stream 0 at 14-Jun-2021 13:31:06.894 CEST
Begin processing the 12th record. Run 1, Event 663, LumiSection 14 on stream 0 at 14-Jun-2021 13:31:11.094 CEST
Begin processing the 13th record. Run 1, Event 665, LumiSection 14 on stream 0 at 14-Jun-2021 13:31:14.443 CEST
Begin processing the 14th record. Run 1, Event 666, LumiSection 14 on stream 0 at 14-Jun-2021 13:31:17.953 CEST
Begin processing the 15th record. Run 1, Event 664, LumiSection 14 on stream 0 at 14-Jun-2021 13:31:21.730 CEST
Begin processing the 16th record. Run 1, Event 662, LumiSection 14 on stream 0 at 14-Jun-2021 13:31:26.281 CEST
Begin processing the 17th record. Run 1, Event 670, LumiSection 14 on stream 0 at 14-Jun-2021 13:31:31.145 CEST
Begin processing the 18th record. Run 1, Event 668, LumiSection 14 on stream 0 at 14-Jun-2021 13:31:34.990 CEST
Begin processing the 19th record. Run 1, Event 667, LumiSection 14 on stream 0 at 14-Jun-2021 13:31:39.406 CEST
Begin processing the 20th record. Run 1, Event 671, LumiSection 14 on stream 0 at 14-Jun-2021 13:31:43.955 CEST
Begin processing the 21st record. Run 1, Event 672, LumiSection 14 on stream 0 at 14-Jun-2021 13:31:47.235 CEST
Begin processing the 22nd record. Run 1, Event 669, LumiSection 14 on stream 0 at 14-Jun-2021 13:31:50.919 CEST
Begin processing the 23rd record. Run 1, Event 676, LumiSection 14 on stream 0 at 14-Jun-2021 13:31:55.142 CEST
Begin processing the 24th record. Run 1, Event 674, LumiSection 14 on stream 0 at 14-Jun-2021 13:31:57.666 CEST
Begin processing the 25th record. Run 1, Event 673, LumiSection 14 on stream 0 at 14-Jun-2021 13:32:01.157 CEST
Begin processing the 26th record. Run 1, Event 677, LumiSection 14 on stream 0 at 14-Jun-2021 13:32:05.071 CEST
Begin processing the 27th record. Run 1, Event 675, LumiSection 14 on stream 0 at 14-Jun-2021 13:32:08.554 CEST
Begin processing the 28th record. Run 1, Event 678, LumiSection 14 on stream 0 at 14-Jun-2021 13:32:13.287 CEST
Begin processing the 29th record. Run 1, Event 681, LumiSection 14 on stream 0 at 14-Jun-2021 13:32:17.200 CEST
Begin processing the 30th record. Run 1, Event 680, LumiSection 14 on stream 0 at 14-Jun-2021 13:32:20.280 CEST
Begin processing the 31st record. Run 1, Event 679, LumiSection 14 on stream 0 at 14-Jun-2021 13:32:23.307 CEST
Begin processing the 32nd record. Run 1, Event 682, LumiSection 14 on stream 0 at 14-Jun-2021 13:32:27.046 CEST
Begin processing the 33rd record. Run 1, Event 683, LumiSection 14 on stream 0 at 14-Jun-2021 13:32:30.543 CEST
Begin processing the 34th record. Run 1, Event 686, LumiSection 14 on stream 0 at 14-Jun-2021 13:32:36.378 CEST
Begin processing the 35th record. Run 1, Event 684, LumiSection 14 on stream 0 at 14-Jun-2021 13:32:39.807 CEST
Begin processing the 36th record. Run 1, Event 687, LumiSection 14 on stream 0 at 14-Jun-2021 13:32:44.926 CEST
Begin processing the 37th record. Run 1, Event 685, LumiSection 14 on stream 0 at 14-Jun-2021 13:32:49.081 CEST
Begin processing the 38th record. Run 1, Event 689, LumiSection 14 on stream 0 at 14-Jun-2021 13:32:52.511 CEST
Begin processing the 39th record. Run 1, Event 688, LumiSection 14 on stream 0 at 14-Jun-2021 13:32:55.250 CEST
Begin processing the 40th record. Run 1, Event 690, LumiSection 14 on stream 0 at 14-Jun-2021 13:32:58.053 CEST
Begin processing the 41st record. Run 1, Event 692, LumiSection 14 on stream 0 at 14-Jun-2021 13:33:00.854 CEST
Begin processing the 42nd record. Run 1, Event 694, LumiSection 14 on stream 0 at 14-Jun-2021 13:33:03.294 CEST
Begin processing the 43rd record. Run 1, Event 691, LumiSection 14 on stream 0 at 14-Jun-2021 13:33:05.620 CEST
Begin processing the 44th record. Run 1, Event 693, LumiSection 14 on stream 0 at 14-Jun-2021 13:33:08.226 CEST
Begin processing the 45th record. Run 1, Event 695, LumiSection 14 on stream 0 at 14-Jun-2021 13:33:11.394 CEST
Begin processing the 46th record. Run 1, Event 696, LumiSection 14 on stream 0 at 14-Jun-2021 13:33:13.693 CEST
Begin processing the 47th record. Run 1, Event 697, LumiSection 14 on stream 0 at 14-Jun-2021 13:33:16.185 CEST
Begin processing the 48th record. Run 1, Event 698, LumiSection 14 on stream 0 at 14-Jun-2021 13:33:19.173 CEST
Begin processing the 49th record. Run 1, Event 700, LumiSection 14 on stream 0 at 14-Jun-2021 13:33:21.663 CEST
Begin processing the 50th record. Run 1, Event 699, LumiSection 14 on stream 0 at 14-Jun-2021 13:33:24.005 CEST
14-Jun-2021 13:33:26 CEST  Closed file file:/eos/cms/store/user/tsarkar/SIM_Condor_output_Vector_MonoZLL_NLO_Mphi-500_Mchi-150_gSM-0p25_gDM-1p0_ctau10p0/step_SIM_2017UL_14.root
14-Jun-2021 13:33:27 CEST  Closed file root://eoscms.cern.ch//eos/cms/store/mc/RunIISummer20ULPrePremix/Neutrino_E-10_gun/PREMIX/UL17_106X_mc2017_realistic_v6-v3/210001/FD7EFDF6-23F9-554E-8002-99791EAE9D69.root

=============================================

MessageLogger Summary

 type     category        sev    module        subroutine        count    total
 ---- -------------------- -- ---------------- ----------------  -----    -----
    1 XrdAdaptor           -w PreMixingModule:                       1        1
    2 XrdAdaptor           -w PreMixingModule:                       1        1
    3 fileAction           -s PreMixingModule:                       3        3
    4 fileAction           -s PreMixingModule:                       2        2
    5 fileAction           -s PreMixingModule:                       1        1
    6 fileAction           -s file_close                             1        1
    7 fileAction           -s file_open                              2        2

 type    category    Examples: run/evt        run/evt          run/evt
 ---- -------------------- ---------------- ---------------- ----------------
    1 XrdAdaptor           1/651                             
    2 XrdAdaptor           pre-events                        
    3 fileAction           1/651            1/651            1/651
    4 fileAction           pre-events       pre-events       
    5 fileAction           PostGlobalEndRun                  
    6 fileAction           PostGlobalEndRun                  
    7 fileAction           pre-events       pre-events       

Severity    # Occurrences   Total Occurrences
--------    -------------   -----------------
Warning                 2                   2
System                  9                   9

dropped waiting message count 0
