14-Jun-2021 13:27:29 CEST  Initiating request to open file file:/eos/cms/store/user/tsarkar/SIM_Condor_output_Vector_MonoZLL_NLO_Mphi-500_Mchi-150_gSM-0p25_gDM-1p0_ctau10p0/step_SIM_2017UL_12.root
14-Jun-2021 13:27:32 CEST  Successfully opened file file:/eos/cms/store/user/tsarkar/SIM_Condor_output_Vector_MonoZLL_NLO_Mphi-500_Mchi-150_gSM-0p25_gDM-1p0_ctau10p0/step_SIM_2017UL_12.root
14-Jun-2021 13:27:37 CEST  Initiating request to open file root://eoscms.cern.ch//eos/cms/store/mc/RunIISummer20ULPrePremix/Neutrino_E-10_gun/PREMIX/UL17_106X_mc2017_realistic_v6-v3/00000/03C7989B-D2BB-4246-BBE0-47EE9742A01E.root
%MSG-w XrdAdaptor:  PreMixingModule:mixData@ctor 14-Jun-2021 13:27:39 CEST  pre-events
Data is served from cern.ch instead of original site eoscms
%MSG
14-Jun-2021 13:27:39 CEST  Successfully opened file root://eoscms.cern.ch//eos/cms/store/mc/RunIISummer20ULPrePremix/Neutrino_E-10_gun/PREMIX/UL17_106X_mc2017_realistic_v6-v3/00000/03C7989B-D2BB-4246-BBE0-47EE9742A01E.root
Begin processing the 1st record. Run 1, Event 552, LumiSection 12 on stream 0 at 14-Jun-2021 13:27:56.731 CEST
14-Jun-2021 13:30:15 CEST  Closed file root://eoscms.cern.ch//eos/cms/store/mc/RunIISummer20ULPrePremix/Neutrino_E-10_gun/PREMIX/UL17_106X_mc2017_realistic_v6-v3/00000/03C7989B-D2BB-4246-BBE0-47EE9742A01E.root
14-Jun-2021 13:30:15 CEST  Initiating request to open file root://eoscms.cern.ch//eos/cms/store/mc/RunIISummer20ULPrePremix/Neutrino_E-10_gun/PREMIX/UL17_106X_mc2017_realistic_v6-v3/210009/B8EEB0B8-B480-F642-BED4-8A306C1B6CA0.root
%MSG-w XrdAdaptor:  PreMixingModule:mixData 14-Jun-2021 13:30:17 CEST  Run: 1 Event: 552
Data is served from cern.ch instead of original site eoscms
%MSG
14-Jun-2021 13:30:17 CEST  Successfully opened file root://eoscms.cern.ch//eos/cms/store/mc/RunIISummer20ULPrePremix/Neutrino_E-10_gun/PREMIX/UL17_106X_mc2017_realistic_v6-v3/210009/B8EEB0B8-B480-F642-BED4-8A306C1B6CA0.root
Begin processing the 2nd record. Run 1, Event 554, LumiSection 12 on stream 0 at 14-Jun-2021 13:30:31.056 CEST
Begin processing the 3rd record. Run 1, Event 553, LumiSection 12 on stream 0 at 14-Jun-2021 13:30:34.171 CEST
Begin processing the 4th record. Run 1, Event 556, LumiSection 12 on stream 0 at 14-Jun-2021 13:30:37.300 CEST
Begin processing the 5th record. Run 1, Event 551, LumiSection 12 on stream 0 at 14-Jun-2021 13:30:40.549 CEST
Begin processing the 6th record. Run 1, Event 558, LumiSection 12 on stream 0 at 14-Jun-2021 13:30:43.694 CEST
Begin processing the 7th record. Run 1, Event 557, LumiSection 12 on stream 0 at 14-Jun-2021 13:30:47.639 CEST
Begin processing the 8th record. Run 1, Event 555, LumiSection 12 on stream 0 at 14-Jun-2021 13:30:51.875 CEST
Begin processing the 9th record. Run 1, Event 560, LumiSection 12 on stream 0 at 14-Jun-2021 13:30:55.472 CEST
Begin processing the 10th record. Run 1, Event 559, LumiSection 12 on stream 0 at 14-Jun-2021 13:30:59.638 CEST
Begin processing the 11th record. Run 1, Event 562, LumiSection 12 on stream 0 at 14-Jun-2021 13:31:03.398 CEST
Begin processing the 12th record. Run 1, Event 563, LumiSection 12 on stream 0 at 14-Jun-2021 13:31:06.970 CEST
Begin processing the 13th record. Run 1, Event 564, LumiSection 12 on stream 0 at 14-Jun-2021 13:31:10.110 CEST
Begin processing the 14th record. Run 1, Event 561, LumiSection 12 on stream 0 at 14-Jun-2021 13:31:13.204 CEST
Begin processing the 15th record. Run 1, Event 568, LumiSection 12 on stream 0 at 14-Jun-2021 13:31:17.628 CEST
Begin processing the 16th record. Run 1, Event 566, LumiSection 12 on stream 0 at 14-Jun-2021 13:31:21.239 CEST
Begin processing the 17th record. Run 1, Event 565, LumiSection 12 on stream 0 at 14-Jun-2021 13:31:24.905 CEST
Begin processing the 18th record. Run 1, Event 571, LumiSection 12 on stream 0 at 14-Jun-2021 13:31:28.898 CEST
Begin processing the 19th record. Run 1, Event 569, LumiSection 12 on stream 0 at 14-Jun-2021 13:31:33.359 CEST
Begin processing the 20th record. Run 1, Event 567, LumiSection 12 on stream 0 at 14-Jun-2021 13:31:36.437 CEST
Begin processing the 21st record. Run 1, Event 572, LumiSection 12 on stream 0 at 14-Jun-2021 13:31:40.262 CEST
Begin processing the 22nd record. Run 1, Event 575, LumiSection 12 on stream 0 at 14-Jun-2021 13:31:44.383 CEST
Begin processing the 23rd record. Run 1, Event 573, LumiSection 12 on stream 0 at 14-Jun-2021 13:31:47.813 CEST
Begin processing the 24th record. Run 1, Event 576, LumiSection 12 on stream 0 at 14-Jun-2021 13:31:52.203 CEST
Begin processing the 25th record. Run 1, Event 574, LumiSection 12 on stream 0 at 14-Jun-2021 13:31:56.094 CEST
Begin processing the 26th record. Run 1, Event 570, LumiSection 12 on stream 0 at 14-Jun-2021 13:32:00.142 CEST
Begin processing the 27th record. Run 1, Event 579, LumiSection 12 on stream 0 at 14-Jun-2021 13:32:05.628 CEST
Begin processing the 28th record. Run 1, Event 578, LumiSection 12 on stream 0 at 14-Jun-2021 13:32:09.693 CEST
Begin processing the 29th record. Run 1, Event 577, LumiSection 12 on stream 0 at 14-Jun-2021 13:32:13.383 CEST
Begin processing the 30th record. Run 1, Event 580, LumiSection 12 on stream 0 at 14-Jun-2021 13:32:17.599 CEST
Begin processing the 31st record. Run 1, Event 581, LumiSection 12 on stream 0 at 14-Jun-2021 13:32:21.806 CEST
Begin processing the 32nd record. Run 1, Event 582, LumiSection 12 on stream 0 at 14-Jun-2021 13:32:26.640 CEST
Begin processing the 33rd record. Run 1, Event 585, LumiSection 12 on stream 0 at 14-Jun-2021 13:32:30.247 CEST
Begin processing the 34th record. Run 1, Event 583, LumiSection 12 on stream 0 at 14-Jun-2021 13:32:33.739 CEST
Begin processing the 35th record. Run 1, Event 584, LumiSection 12 on stream 0 at 14-Jun-2021 13:32:37.382 CEST
Begin processing the 36th record. Run 1, Event 586, LumiSection 12 on stream 0 at 14-Jun-2021 13:32:40.742 CEST
Begin processing the 37th record. Run 1, Event 587, LumiSection 12 on stream 0 at 14-Jun-2021 13:32:45.642 CEST
Begin processing the 38th record. Run 1, Event 589, LumiSection 12 on stream 0 at 14-Jun-2021 13:32:49.369 CEST
Begin processing the 39th record. Run 1, Event 588, LumiSection 12 on stream 0 at 14-Jun-2021 13:32:52.974 CEST
Begin processing the 40th record. Run 1, Event 591, LumiSection 12 on stream 0 at 14-Jun-2021 13:32:57.168 CEST
Begin processing the 41st record. Run 1, Event 590, LumiSection 12 on stream 0 at 14-Jun-2021 13:33:01.838 CEST
Begin processing the 42nd record. Run 1, Event 592, LumiSection 12 on stream 0 at 14-Jun-2021 13:33:06.069 CEST
Begin processing the 43rd record. Run 1, Event 593, LumiSection 12 on stream 0 at 14-Jun-2021 13:33:08.750 CEST
Begin processing the 44th record. Run 1, Event 594, LumiSection 12 on stream 0 at 14-Jun-2021 13:33:12.401 CEST
Begin processing the 45th record. Run 1, Event 595, LumiSection 12 on stream 0 at 14-Jun-2021 13:33:16.097 CEST
Begin processing the 46th record. Run 1, Event 598, LumiSection 12 on stream 0 at 14-Jun-2021 13:33:19.815 CEST
Begin processing the 47th record. Run 1, Event 600, LumiSection 12 on stream 0 at 14-Jun-2021 13:33:22.904 CEST
Begin processing the 48th record. Run 1, Event 596, LumiSection 12 on stream 0 at 14-Jun-2021 13:33:25.930 CEST
Begin processing the 49th record. Run 1, Event 597, LumiSection 12 on stream 0 at 14-Jun-2021 13:33:29.601 CEST
Begin processing the 50th record. Run 1, Event 599, LumiSection 12 on stream 0 at 14-Jun-2021 13:33:33.764 CEST
14-Jun-2021 13:33:38 CEST  Closed file file:/eos/cms/store/user/tsarkar/SIM_Condor_output_Vector_MonoZLL_NLO_Mphi-500_Mchi-150_gSM-0p25_gDM-1p0_ctau10p0/step_SIM_2017UL_12.root
14-Jun-2021 13:33:39 CEST  Closed file root://eoscms.cern.ch//eos/cms/store/mc/RunIISummer20ULPrePremix/Neutrino_E-10_gun/PREMIX/UL17_106X_mc2017_realistic_v6-v3/210009/B8EEB0B8-B480-F642-BED4-8A306C1B6CA0.root

=============================================

MessageLogger Summary

 type     category        sev    module        subroutine        count    total
 ---- -------------------- -- ---------------- ----------------  -----    -----
    1 XrdAdaptor           -w PreMixingModule:                       1        1
    2 XrdAdaptor           -w PreMixingModule:                       1        1
    3 fileAction           -s PreMixingModule:                       3        3
    4 fileAction           -s PreMixingModule:                       2        2
    5 fileAction           -s PreMixingModule:                       1        1
    6 fileAction           -s file_close                             1        1
    7 fileAction           -s file_open                              2        2

 type    category    Examples: run/evt        run/evt          run/evt
 ---- -------------------- ---------------- ---------------- ----------------
    1 XrdAdaptor           1/552                             
    2 XrdAdaptor           pre-events                        
    3 fileAction           1/552            1/552            1/552
    4 fileAction           pre-events       pre-events       
    5 fileAction           PostGlobalEndRun                  
    6 fileAction           PostGlobalEndRun                  
    7 fileAction           pre-events       pre-events       

Severity    # Occurrences   Total Occurrences
--------    -------------   -----------------
Warning                 2                   2
System                  9                   9

dropped waiting message count 0
