000 (7309414.000.000) 06/14 11:26:12 Job submitted from host: <137.138.44.75:9618?addrs=137.138.44.75-9618+[2001-1458-d00-1a--b]-9618&alias=bigbird14.cern.ch&noUDP&sock=schedd_3149486_02ef>
...
040 (7309414.000.000) 06/14 13:27:02 Started transferring input files
	Transferring to host: <188.184.169.82:9618?addrs=188.184.169.82-9618+[2001-1458-301-c0--100-370]-9618&alias=b7g52n9490.cern.ch&noUDP&sock=slot1_2_5257_c82f_36026>
...
040 (7309414.000.000) 06/14 13:27:02 Finished transferring input files
...
001 (7309414.000.000) 06/14 13:27:03 Job executing on host: <188.184.169.82:9618?addrs=188.184.169.82-9618+[2001-1458-301-c0--100-370]-9618&alias=b7g52n9490.cern.ch&noUDP&sock=startd_4037_9feb>
...
006 (7309414.000.000) 06/14 13:27:11 Image size of job updated: 172072
	40  -  MemoryUsage of job (MB)
	40464  -  ResidentSetSize of job (KB)
...
006 (7309414.000.000) 06/14 13:32:11 Image size of job updated: 3000892
	1755  -  MemoryUsage of job (MB)
	1797028  -  ResidentSetSize of job (KB)
...
006 (7309414.000.000) 06/14 13:33:38 Image size of job updated: 3000904
	1755  -  MemoryUsage of job (MB)
	1797028  -  ResidentSetSize of job (KB)
...
040 (7309414.000.000) 06/14 13:33:38 Started transferring output files
...
040 (7309414.000.000) 06/14 13:33:38 Finished transferring output files
...
005 (7309414.000.000) 06/14 13:33:38 Job terminated.
	(1) Normal termination (return value 0)
		Usr 0 00:05:15, Sys 0 00:00:07  -  Run Remote Usage
		Usr 0 00:00:00, Sys 0 00:00:00  -  Run Local Usage
		Usr 0 00:05:15, Sys 0 00:00:07  -  Total Remote Usage
		Usr 0 00:00:00, Sys 0 00:00:00  -  Total Local Usage
	15208  -  Run Bytes Sent By Job
	444  -  Run Bytes Received By Job
	15208  -  Total Bytes Sent By Job
	444  -  Total Bytes Received By Job
	Partitionable Resources :    Usage  Request Allocated 
	   Cpus                 :                 1         1 
	   Disk (KB)            :       29        1    250946 
	   Memory (MB)          :     1755     2000      2000 

	Job terminated of its own accord at 2021-06-14T11:33:38Z.
...
