000 (7309404.000.000) 06/14 11:25:51 Job submitted from host: <137.138.44.75:9618?addrs=137.138.44.75-9618+[2001-1458-d00-1a--b]-9618&alias=bigbird14.cern.ch&noUDP&sock=schedd_3149486_02ef>
...
040 (7309404.000.000) 06/14 13:26:58 Started transferring input files
	Transferring to host: <128.142.74.118:9618?addrs=128.142.74.118-9618+[2001-1458-301-75--100-16f]-9618&alias=b7s11n4491.cern.ch&noUDP&sock=slot1_6_6151_af93_47429>
...
040 (7309404.000.000) 06/14 13:26:58 Finished transferring input files
...
001 (7309404.000.000) 06/14 13:26:59 Job executing on host: <128.142.74.118:9618?addrs=128.142.74.118-9618+[2001-1458-301-75--100-16f]-9618&alias=b7s11n4491.cern.ch&noUDP&sock=startd_4992_acdd>
...
006 (7309404.000.000) 06/14 13:27:08 Image size of job updated: 198520
	31  -  MemoryUsage of job (MB)
	31172  -  ResidentSetSize of job (KB)
...
006 (7309404.000.000) 06/14 13:32:09 Image size of job updated: 3000900
	1744  -  MemoryUsage of job (MB)
	1785852  -  ResidentSetSize of job (KB)
...
006 (7309404.000.000) 06/14 13:33:11 Image size of job updated: 3000908
	1744  -  MemoryUsage of job (MB)
	1785852  -  ResidentSetSize of job (KB)
...
040 (7309404.000.000) 06/14 13:33:11 Started transferring output files
...
040 (7309404.000.000) 06/14 13:33:11 Finished transferring output files
...
005 (7309404.000.000) 06/14 13:33:11 Job terminated.
	(1) Normal termination (return value 0)
		Usr 0 00:04:36, Sys 0 00:00:07  -  Run Remote Usage
		Usr 0 00:00:00, Sys 0 00:00:00  -  Run Local Usage
		Usr 0 00:04:36, Sys 0 00:00:07  -  Total Remote Usage
		Usr 0 00:00:00, Sys 0 00:00:00  -  Total Local Usage
	15113  -  Run Bytes Sent By Job
	443  -  Run Bytes Received By Job
	15113  -  Total Bytes Sent By Job
	443  -  Total Bytes Received By Job
	Partitionable Resources :    Usage  Request Allocated 
	   Cpus                 :                 1         1 
	   Disk (KB)            :       28        1    242208 
	   Memory (MB)          :     1744     2000      2000 

	Job terminated of its own accord at 2021-06-14T11:33:11Z.
...
