000 (7309410.000.000) 06/14 11:26:03 Job submitted from host: <137.138.44.75:9618?addrs=137.138.44.75-9618+[2001-1458-d00-1a--b]-9618&alias=bigbird14.cern.ch&noUDP&sock=schedd_3149486_02ef>
...
040 (7309410.000.000) 06/14 13:27:00 Started transferring input files
	Transferring to host: <128.142.82.38:9618?addrs=128.142.82.38-9618+[2001-1458-301-f5--100-526]-9618&alias=b7s13n9328.cern.ch&noUDP&sock=slot1_2_24337_5e37_94728>
...
040 (7309410.000.000) 06/14 13:27:00 Finished transferring input files
...
001 (7309410.000.000) 06/14 13:27:01 Job executing on host: <128.142.82.38:9618?addrs=128.142.82.38-9618+[2001-1458-301-f5--100-526]-9618&alias=b7s13n9328.cern.ch&noUDP&sock=startd_16569_88c9>
...
006 (7309410.000.000) 06/14 13:27:10 Image size of job updated: 57512
	43  -  MemoryUsage of job (MB)
	43028  -  ResidentSetSize of job (KB)
...
006 (7309410.000.000) 06/14 13:32:11 Image size of job updated: 3000904
	1574  -  MemoryUsage of job (MB)
	1611252  -  ResidentSetSize of job (KB)
...
006 (7309410.000.000) 06/14 13:34:00 Image size of job updated: 3000920
	1574  -  MemoryUsage of job (MB)
	1611252  -  ResidentSetSize of job (KB)
...
040 (7309410.000.000) 06/14 13:34:00 Started transferring output files
...
040 (7309410.000.000) 06/14 13:34:01 Finished transferring output files
...
005 (7309410.000.000) 06/14 13:34:01 Job terminated.
	(1) Normal termination (return value 0)
		Usr 0 00:05:21, Sys 0 00:00:07  -  Run Remote Usage
		Usr 0 00:00:00, Sys 0 00:00:00  -  Run Local Usage
		Usr 0 00:05:21, Sys 0 00:00:07  -  Total Remote Usage
		Usr 0 00:00:00, Sys 0 00:00:00  -  Total Local Usage
	15659  -  Run Bytes Sent By Job
	443  -  Run Bytes Received By Job
	15659  -  Total Bytes Sent By Job
	443  -  Total Bytes Received By Job
	Partitionable Resources :    Usage  Request Allocated 
	   Cpus                 :     0.97        1         1 
	   Disk (KB)            :    36           1    239873 
	   Memory (MB)          :  1574        2000      2000 

	Job terminated of its own accord at 2021-06-14T11:34:00Z.
...
