000 (7309407.000.000) 06/14 11:25:57 Job submitted from host: <137.138.44.75:9618?addrs=137.138.44.75-9618+[2001-1458-d00-1a--b]-9618&alias=bigbird14.cern.ch&noUDP&sock=schedd_3149486_02ef>
...
040 (7309407.000.000) 06/14 13:27:00 Started transferring input files
	Transferring to host: <188.184.198.114:9618?addrs=188.184.198.114-9618+[2001-1458-301-c1--100-97]-9618&alias=b7g52n0390.cern.ch&noUDP&sock=slot1_2_5449_1037_48298>
...
040 (7309407.000.000) 06/14 13:27:00 Finished transferring input files
...
001 (7309407.000.000) 06/14 13:27:01 Job executing on host: <188.184.198.114:9618?addrs=188.184.198.114-9618+[2001-1458-301-c1--100-97]-9618&alias=b7g52n0390.cern.ch&noUDP&sock=startd_4204_2c3c>
...
006 (7309407.000.000) 06/14 13:27:10 Image size of job updated: 287236
	41  -  MemoryUsage of job (MB)
	41004  -  ResidentSetSize of job (KB)
...
006 (7309407.000.000) 06/14 13:32:11 Image size of job updated: 3000948
	1550  -  MemoryUsage of job (MB)
	1586772  -  ResidentSetSize of job (KB)
...
040 (7309407.000.000) 06/14 13:33:29 Started transferring output files
...
040 (7309407.000.000) 06/14 13:33:29 Finished transferring output files
...
005 (7309407.000.000) 06/14 13:33:30 Job terminated.
	(1) Normal termination (return value 0)
		Usr 0 00:05:04, Sys 0 00:00:07  -  Run Remote Usage
		Usr 0 00:00:00, Sys 0 00:00:00  -  Run Local Usage
		Usr 0 00:05:04, Sys 0 00:00:07  -  Total Remote Usage
		Usr 0 00:00:00, Sys 0 00:00:00  -  Total Local Usage
	15389  -  Run Bytes Sent By Job
	443  -  Run Bytes Received By Job
	15389  -  Total Bytes Sent By Job
	443  -  Total Bytes Received By Job
	Partitionable Resources :    Usage  Request Allocated 
	   Cpus                 :     0.96        1         1 
	   Disk (KB)            :    36           1    239226 
	   Memory (MB)          :  1550        2000      2000 

	Job terminated of its own accord at 2021-06-14T11:33:29Z.
...
