14-Jun-2021 13:27:18 CEST  Initiating request to open file file:/eos/cms/store/user/tsarkar/SIM_Condor_output_Vector_MonoZLL_NLO_Mphi-500_Mchi-150_gSM-0p25_gDM-1p0_ctau10p0/step_SIM_2017UL_6.root
14-Jun-2021 13:27:22 CEST  Successfully opened file file:/eos/cms/store/user/tsarkar/SIM_Condor_output_Vector_MonoZLL_NLO_Mphi-500_Mchi-150_gSM-0p25_gDM-1p0_ctau10p0/step_SIM_2017UL_6.root
14-Jun-2021 13:27:26 CEST  Initiating request to open file root://eoscms.cern.ch//eos/cms/store/mc/RunIISummer20ULPrePremix/Neutrino_E-10_gun/PREMIX/UL17_106X_mc2017_realistic_v6-v3/210016/F77468D0-AE0D-F641-9F09-D872623F054C.root
%MSG-w XrdAdaptor:  PreMixingModule:mixData@ctor 14-Jun-2021 13:27:28 CEST  pre-events
Data is served from cern.ch instead of original site eoscms
%MSG
14-Jun-2021 13:27:28 CEST  Successfully opened file root://eoscms.cern.ch//eos/cms/store/mc/RunIISummer20ULPrePremix/Neutrino_E-10_gun/PREMIX/UL17_106X_mc2017_realistic_v6-v3/210016/F77468D0-AE0D-F641-9F09-D872623F054C.root
Begin processing the 1st record. Run 1, Event 251, LumiSection 6 on stream 0 at 14-Jun-2021 13:27:49.703 CEST
14-Jun-2021 13:29:42 CEST  Closed file root://eoscms.cern.ch//eos/cms/store/mc/RunIISummer20ULPrePremix/Neutrino_E-10_gun/PREMIX/UL17_106X_mc2017_realistic_v6-v3/210016/F77468D0-AE0D-F641-9F09-D872623F054C.root
14-Jun-2021 13:29:42 CEST  Initiating request to open file root://eoscms.cern.ch//eos/cms/store/mc/RunIISummer20ULPrePremix/Neutrino_E-10_gun/PREMIX/UL17_106X_mc2017_realistic_v6-v3/210002/CEBBBB03-D387-C349-838D-AB2E91E04D80.root
%MSG-w XrdAdaptor:  PreMixingModule:mixData 14-Jun-2021 13:29:44 CEST  Run: 1 Event: 251
Data is served from cern.ch instead of original site eoscms
%MSG
14-Jun-2021 13:29:44 CEST  Successfully opened file root://eoscms.cern.ch//eos/cms/store/mc/RunIISummer20ULPrePremix/Neutrino_E-10_gun/PREMIX/UL17_106X_mc2017_realistic_v6-v3/210002/CEBBBB03-D387-C349-838D-AB2E91E04D80.root
Begin processing the 2nd record. Run 1, Event 254, LumiSection 6 on stream 0 at 14-Jun-2021 13:29:56.370 CEST
Begin processing the 3rd record. Run 1, Event 252, LumiSection 6 on stream 0 at 14-Jun-2021 13:29:58.953 CEST
Begin processing the 4th record. Run 1, Event 256, LumiSection 6 on stream 0 at 14-Jun-2021 13:30:02.773 CEST
Begin processing the 5th record. Run 1, Event 253, LumiSection 6 on stream 0 at 14-Jun-2021 13:30:05.437 CEST
Begin processing the 6th record. Run 1, Event 255, LumiSection 6 on stream 0 at 14-Jun-2021 13:30:08.846 CEST
Begin processing the 7th record. Run 1, Event 258, LumiSection 6 on stream 0 at 14-Jun-2021 13:30:11.941 CEST
Begin processing the 8th record. Run 1, Event 257, LumiSection 6 on stream 0 at 14-Jun-2021 13:30:14.800 CEST
Begin processing the 9th record. Run 1, Event 260, LumiSection 6 on stream 0 at 14-Jun-2021 13:30:19.121 CEST
Begin processing the 10th record. Run 1, Event 261, LumiSection 6 on stream 0 at 14-Jun-2021 13:30:22.230 CEST
Begin processing the 11th record. Run 1, Event 259, LumiSection 6 on stream 0 at 14-Jun-2021 13:30:25.236 CEST
Begin processing the 12th record. Run 1, Event 263, LumiSection 6 on stream 0 at 14-Jun-2021 13:30:28.935 CEST
Begin processing the 13th record. Run 1, Event 262, LumiSection 6 on stream 0 at 14-Jun-2021 13:30:32.709 CEST
Begin processing the 14th record. Run 1, Event 265, LumiSection 6 on stream 0 at 14-Jun-2021 13:30:36.914 CEST
Begin processing the 15th record. Run 1, Event 264, LumiSection 6 on stream 0 at 14-Jun-2021 13:30:40.436 CEST
Begin processing the 16th record. Run 1, Event 268, LumiSection 6 on stream 0 at 14-Jun-2021 13:30:44.250 CEST
Begin processing the 17th record. Run 1, Event 267, LumiSection 6 on stream 0 at 14-Jun-2021 13:30:47.354 CEST
Begin processing the 18th record. Run 1, Event 266, LumiSection 6 on stream 0 at 14-Jun-2021 13:30:50.516 CEST
Begin processing the 19th record. Run 1, Event 270, LumiSection 6 on stream 0 at 14-Jun-2021 13:30:53.719 CEST
Begin processing the 20th record. Run 1, Event 271, LumiSection 6 on stream 0 at 14-Jun-2021 13:30:57.131 CEST
Begin processing the 21st record. Run 1, Event 274, LumiSection 6 on stream 0 at 14-Jun-2021 13:31:00.300 CEST
Begin processing the 22nd record. Run 1, Event 269, LumiSection 6 on stream 0 at 14-Jun-2021 13:31:03.325 CEST
Begin processing the 23rd record. Run 1, Event 276, LumiSection 6 on stream 0 at 14-Jun-2021 13:31:07.062 CEST
Begin processing the 24th record. Run 1, Event 273, LumiSection 6 on stream 0 at 14-Jun-2021 13:31:10.276 CEST
Begin processing the 25th record. Run 1, Event 272, LumiSection 6 on stream 0 at 14-Jun-2021 13:31:14.146 CEST
Begin processing the 26th record. Run 1, Event 277, LumiSection 6 on stream 0 at 14-Jun-2021 13:31:17.811 CEST
Begin processing the 27th record. Run 1, Event 275, LumiSection 6 on stream 0 at 14-Jun-2021 13:31:21.099 CEST
Begin processing the 28th record. Run 1, Event 279, LumiSection 6 on stream 0 at 14-Jun-2021 13:31:24.262 CEST
Begin processing the 29th record. Run 1, Event 281, LumiSection 6 on stream 0 at 14-Jun-2021 13:31:27.853 CEST
Begin processing the 30th record. Run 1, Event 282, LumiSection 6 on stream 0 at 14-Jun-2021 13:31:30.976 CEST
Begin processing the 31st record. Run 1, Event 278, LumiSection 6 on stream 0 at 14-Jun-2021 13:31:34.593 CEST
Begin processing the 32nd record. Run 1, Event 280, LumiSection 6 on stream 0 at 14-Jun-2021 13:31:37.984 CEST
Begin processing the 33rd record. Run 1, Event 283, LumiSection 6 on stream 0 at 14-Jun-2021 13:31:41.797 CEST
Begin processing the 34th record. Run 1, Event 284, LumiSection 6 on stream 0 at 14-Jun-2021 13:31:44.560 CEST
Begin processing the 35th record. Run 1, Event 286, LumiSection 6 on stream 0 at 14-Jun-2021 13:31:47.819 CEST
Begin processing the 36th record. Run 1, Event 285, LumiSection 6 on stream 0 at 14-Jun-2021 13:31:52.310 CEST
Begin processing the 37th record. Run 1, Event 288, LumiSection 6 on stream 0 at 14-Jun-2021 13:31:55.658 CEST
Begin processing the 38th record. Run 1, Event 290, LumiSection 6 on stream 0 at 14-Jun-2021 13:31:59.234 CEST
Begin processing the 39th record. Run 1, Event 287, LumiSection 6 on stream 0 at 14-Jun-2021 13:32:02.067 CEST
Begin processing the 40th record. Run 1, Event 289, LumiSection 6 on stream 0 at 14-Jun-2021 13:32:05.495 CEST
Begin processing the 41st record. Run 1, Event 291, LumiSection 6 on stream 0 at 14-Jun-2021 13:32:08.534 CEST
Begin processing the 42nd record. Run 1, Event 295, LumiSection 6 on stream 0 at 14-Jun-2021 13:32:11.518 CEST
Begin processing the 43rd record. Run 1, Event 293, LumiSection 6 on stream 0 at 14-Jun-2021 13:32:14.255 CEST
Begin processing the 44th record. Run 1, Event 292, LumiSection 6 on stream 0 at 14-Jun-2021 13:32:17.038 CEST
Begin processing the 45th record. Run 1, Event 294, LumiSection 6 on stream 0 at 14-Jun-2021 13:32:20.615 CEST
Begin processing the 46th record. Run 1, Event 298, LumiSection 6 on stream 0 at 14-Jun-2021 13:32:24.712 CEST
Begin processing the 47th record. Run 1, Event 300, LumiSection 6 on stream 0 at 14-Jun-2021 13:32:27.540 CEST
Begin processing the 48th record. Run 1, Event 299, LumiSection 6 on stream 0 at 14-Jun-2021 13:32:30.727 CEST
Begin processing the 49th record. Run 1, Event 297, LumiSection 6 on stream 0 at 14-Jun-2021 13:32:34.116 CEST
Begin processing the 50th record. Run 1, Event 296, LumiSection 6 on stream 0 at 14-Jun-2021 13:32:37.008 CEST
14-Jun-2021 13:32:40 CEST  Closed file file:/eos/cms/store/user/tsarkar/SIM_Condor_output_Vector_MonoZLL_NLO_Mphi-500_Mchi-150_gSM-0p25_gDM-1p0_ctau10p0/step_SIM_2017UL_6.root
14-Jun-2021 13:32:40 CEST  Closed file root://eoscms.cern.ch//eos/cms/store/mc/RunIISummer20ULPrePremix/Neutrino_E-10_gun/PREMIX/UL17_106X_mc2017_realistic_v6-v3/210002/CEBBBB03-D387-C349-838D-AB2E91E04D80.root

=============================================

MessageLogger Summary

 type     category        sev    module        subroutine        count    total
 ---- -------------------- -- ---------------- ----------------  -----    -----
    1 XrdAdaptor           -w PreMixingModule:                       1        1
    2 XrdAdaptor           -w PreMixingModule:                       1        1
    3 fileAction           -s PreMixingModule:                       3        3
    4 fileAction           -s PreMixingModule:                       2        2
    5 fileAction           -s PreMixingModule:                       1        1
    6 fileAction           -s file_close                             1        1
    7 fileAction           -s file_open                              2        2

 type    category    Examples: run/evt        run/evt          run/evt
 ---- -------------------- ---------------- ---------------- ----------------
    1 XrdAdaptor           1/251                             
    2 XrdAdaptor           pre-events                        
    3 fileAction           1/251            1/251            1/251
    4 fileAction           pre-events       pre-events       
    5 fileAction           PostGlobalEndRun                  
    6 fileAction           PostGlobalEndRun                  
    7 fileAction           pre-events       pre-events       

Severity    # Occurrences   Total Occurrences
--------    -------------   -----------------
Warning                 2                   2
System                  9                   9

dropped waiting message count 0
