14-Jun-2021 13:27:41 CEST  Initiating request to open file file:/eos/cms/store/user/tsarkar/SIM_Condor_output_Vector_MonoZLL_NLO_Mphi-500_Mchi-150_gSM-0p25_gDM-1p0_ctau10p0/step_SIM_2017UL_4.root
14-Jun-2021 13:27:43 CEST  Successfully opened file file:/eos/cms/store/user/tsarkar/SIM_Condor_output_Vector_MonoZLL_NLO_Mphi-500_Mchi-150_gSM-0p25_gDM-1p0_ctau10p0/step_SIM_2017UL_4.root
14-Jun-2021 13:27:47 CEST  Initiating request to open file root://eoscms.cern.ch//eos/cms/store/mc/RunIISummer20ULPrePremix/Neutrino_E-10_gun/PREMIX/UL17_106X_mc2017_realistic_v6-v3/210006/C244D00E-FF25-844D-963B-A112838C8A71.root
%MSG-w XrdAdaptor:  PreMixingModule:mixData@ctor 14-Jun-2021 13:27:49 CEST  pre-events
Data is served from cern.ch instead of original site eoscms
%MSG
14-Jun-2021 13:27:49 CEST  Successfully opened file root://eoscms.cern.ch//eos/cms/store/mc/RunIISummer20ULPrePremix/Neutrino_E-10_gun/PREMIX/UL17_106X_mc2017_realistic_v6-v3/210006/C244D00E-FF25-844D-963B-A112838C8A71.root
Begin processing the 1st record. Run 1, Event 152, LumiSection 4 on stream 0 at 14-Jun-2021 13:28:06.091 CEST
14-Jun-2021 13:30:28 CEST  Closed file root://eoscms.cern.ch//eos/cms/store/mc/RunIISummer20ULPrePremix/Neutrino_E-10_gun/PREMIX/UL17_106X_mc2017_realistic_v6-v3/210006/C244D00E-FF25-844D-963B-A112838C8A71.root
14-Jun-2021 13:30:28 CEST  Initiating request to open file root://eoscms.cern.ch//eos/cms/store/mc/RunIISummer20ULPrePremix/Neutrino_E-10_gun/PREMIX/UL17_106X_mc2017_realistic_v6-v3/20001/8490BB0E-DAB3-0145-BEA8-24936C47B5B7.root
%MSG-w XrdAdaptor:  PreMixingModule:mixData 14-Jun-2021 13:30:30 CEST  Run: 1 Event: 152
Data is served from cern.ch instead of original site eoscms
%MSG
14-Jun-2021 13:30:30 CEST  Successfully opened file root://eoscms.cern.ch//eos/cms/store/mc/RunIISummer20ULPrePremix/Neutrino_E-10_gun/PREMIX/UL17_106X_mc2017_realistic_v6-v3/20001/8490BB0E-DAB3-0145-BEA8-24936C47B5B7.root
Begin processing the 2nd record. Run 1, Event 154, LumiSection 4 on stream 0 at 14-Jun-2021 13:30:48.946 CEST
Begin processing the 3rd record. Run 1, Event 153, LumiSection 4 on stream 0 at 14-Jun-2021 13:30:52.096 CEST
Begin processing the 4th record. Run 1, Event 151, LumiSection 4 on stream 0 at 14-Jun-2021 13:30:55.897 CEST
Begin processing the 5th record. Run 1, Event 156, LumiSection 4 on stream 0 at 14-Jun-2021 13:30:59.104 CEST
Begin processing the 6th record. Run 1, Event 155, LumiSection 4 on stream 0 at 14-Jun-2021 13:31:02.944 CEST
Begin processing the 7th record. Run 1, Event 157, LumiSection 4 on stream 0 at 14-Jun-2021 13:31:06.947 CEST
Begin processing the 8th record. Run 1, Event 158, LumiSection 4 on stream 0 at 14-Jun-2021 13:31:10.417 CEST
Begin processing the 9th record. Run 1, Event 160, LumiSection 4 on stream 0 at 14-Jun-2021 13:31:15.018 CEST
Begin processing the 10th record. Run 1, Event 162, LumiSection 4 on stream 0 at 14-Jun-2021 13:31:19.699 CEST
Begin processing the 11th record. Run 1, Event 163, LumiSection 4 on stream 0 at 14-Jun-2021 13:31:24.778 CEST
Begin processing the 12th record. Run 1, Event 159, LumiSection 4 on stream 0 at 14-Jun-2021 13:31:28.967 CEST
Begin processing the 13th record. Run 1, Event 161, LumiSection 4 on stream 0 at 14-Jun-2021 13:31:33.352 CEST
Begin processing the 14th record. Run 1, Event 165, LumiSection 4 on stream 0 at 14-Jun-2021 13:31:38.052 CEST
Begin processing the 15th record. Run 1, Event 166, LumiSection 4 on stream 0 at 14-Jun-2021 13:31:42.015 CEST
Begin processing the 16th record. Run 1, Event 164, LumiSection 4 on stream 0 at 14-Jun-2021 13:31:46.203 CEST
Begin processing the 17th record. Run 1, Event 168, LumiSection 4 on stream 0 at 14-Jun-2021 13:31:49.829 CEST
Begin processing the 18th record. Run 1, Event 167, LumiSection 4 on stream 0 at 14-Jun-2021 13:31:53.158 CEST
Begin processing the 19th record. Run 1, Event 170, LumiSection 4 on stream 0 at 14-Jun-2021 13:31:56.754 CEST
Begin processing the 20th record. Run 1, Event 171, LumiSection 4 on stream 0 at 14-Jun-2021 13:32:00.725 CEST
Begin processing the 21st record. Run 1, Event 174, LumiSection 4 on stream 0 at 14-Jun-2021 13:32:04.679 CEST
Begin processing the 22nd record. Run 1, Event 169, LumiSection 4 on stream 0 at 14-Jun-2021 13:32:08.211 CEST
Begin processing the 23rd record. Run 1, Event 173, LumiSection 4 on stream 0 at 14-Jun-2021 13:32:12.848 CEST
Begin processing the 24th record. Run 1, Event 172, LumiSection 4 on stream 0 at 14-Jun-2021 13:32:17.353 CEST
Begin processing the 25th record. Run 1, Event 175, LumiSection 4 on stream 0 at 14-Jun-2021 13:32:22.285 CEST
Begin processing the 26th record. Run 1, Event 176, LumiSection 4 on stream 0 at 14-Jun-2021 13:32:26.335 CEST
Begin processing the 27th record. Run 1, Event 177, LumiSection 4 on stream 0 at 14-Jun-2021 13:32:30.565 CEST
Begin processing the 28th record. Run 1, Event 178, LumiSection 4 on stream 0 at 14-Jun-2021 13:32:35.138 CEST
Begin processing the 29th record. Run 1, Event 179, LumiSection 4 on stream 0 at 14-Jun-2021 13:32:38.712 CEST
Begin processing the 30th record. Run 1, Event 181, LumiSection 4 on stream 0 at 14-Jun-2021 13:32:42.277 CEST
Begin processing the 31st record. Run 1, Event 183, LumiSection 4 on stream 0 at 14-Jun-2021 13:32:46.213 CEST
Begin processing the 32nd record. Run 1, Event 180, LumiSection 4 on stream 0 at 14-Jun-2021 13:32:48.961 CEST
Begin processing the 33rd record. Run 1, Event 184, LumiSection 4 on stream 0 at 14-Jun-2021 13:32:53.101 CEST
Begin processing the 34th record. Run 1, Event 186, LumiSection 4 on stream 0 at 14-Jun-2021 13:32:57.557 CEST
Begin processing the 35th record. Run 1, Event 182, LumiSection 4 on stream 0 at 14-Jun-2021 13:33:01.489 CEST
Begin processing the 36th record. Run 1, Event 188, LumiSection 4 on stream 0 at 14-Jun-2021 13:33:05.914 CEST
Begin processing the 37th record. Run 1, Event 185, LumiSection 4 on stream 0 at 14-Jun-2021 13:33:09.213 CEST
Begin processing the 38th record. Run 1, Event 191, LumiSection 4 on stream 0 at 14-Jun-2021 13:33:12.933 CEST
Begin processing the 39th record. Run 1, Event 190, LumiSection 4 on stream 0 at 14-Jun-2021 13:33:17.126 CEST
Begin processing the 40th record. Run 1, Event 187, LumiSection 4 on stream 0 at 14-Jun-2021 13:33:20.870 CEST
Begin processing the 41st record. Run 1, Event 189, LumiSection 4 on stream 0 at 14-Jun-2021 13:33:25.275 CEST
Begin processing the 42nd record. Run 1, Event 193, LumiSection 4 on stream 0 at 14-Jun-2021 13:33:30.853 CEST
Begin processing the 43rd record. Run 1, Event 192, LumiSection 4 on stream 0 at 14-Jun-2021 13:33:34.703 CEST
Begin processing the 44th record. Run 1, Event 195, LumiSection 4 on stream 0 at 14-Jun-2021 13:33:38.452 CEST
Begin processing the 45th record. Run 1, Event 194, LumiSection 4 on stream 0 at 14-Jun-2021 13:33:42.440 CEST
Begin processing the 46th record. Run 1, Event 196, LumiSection 4 on stream 0 at 14-Jun-2021 13:33:45.418 CEST
Begin processing the 47th record. Run 1, Event 199, LumiSection 4 on stream 0 at 14-Jun-2021 13:33:49.773 CEST
Begin processing the 48th record. Run 1, Event 200, LumiSection 4 on stream 0 at 14-Jun-2021 13:33:55.097 CEST
Begin processing the 49th record. Run 1, Event 198, LumiSection 4 on stream 0 at 14-Jun-2021 13:33:58.038 CEST
Begin processing the 50th record. Run 1, Event 197, LumiSection 4 on stream 0 at 14-Jun-2021 13:34:01.433 CEST
14-Jun-2021 13:34:05 CEST  Closed file file:/eos/cms/store/user/tsarkar/SIM_Condor_output_Vector_MonoZLL_NLO_Mphi-500_Mchi-150_gSM-0p25_gDM-1p0_ctau10p0/step_SIM_2017UL_4.root
14-Jun-2021 13:34:06 CEST  Closed file root://eoscms.cern.ch//eos/cms/store/mc/RunIISummer20ULPrePremix/Neutrino_E-10_gun/PREMIX/UL17_106X_mc2017_realistic_v6-v3/20001/8490BB0E-DAB3-0145-BEA8-24936C47B5B7.root

=============================================

MessageLogger Summary

 type     category        sev    module        subroutine        count    total
 ---- -------------------- -- ---------------- ----------------  -----    -----
    1 XrdAdaptor           -w PreMixingModule:                       1        1
    2 XrdAdaptor           -w PreMixingModule:                       1        1
    3 fileAction           -s PreMixingModule:                       3        3
    4 fileAction           -s PreMixingModule:                       2        2
    5 fileAction           -s PreMixingModule:                       1        1
    6 fileAction           -s file_close                             1        1
    7 fileAction           -s file_open                              2        2

 type    category    Examples: run/evt        run/evt          run/evt
 ---- -------------------- ---------------- ---------------- ----------------
    1 XrdAdaptor           1/152                             
    2 XrdAdaptor           pre-events                        
    3 fileAction           1/152            1/152            1/152
    4 fileAction           pre-events       pre-events       
    5 fileAction           PostGlobalEndRun                  
    6 fileAction           PostGlobalEndRun                  
    7 fileAction           pre-events       pre-events       

Severity    # Occurrences   Total Occurrences
--------    -------------   -----------------
Warning                 2                   2
System                  9                   9

dropped waiting message count 0
