000 (7309403.000.000) 06/14 11:25:49 Job submitted from host: <137.138.44.75:9618?addrs=137.138.44.75-9618+[2001-1458-d00-1a--b]-9618&alias=bigbird14.cern.ch&noUDP&sock=schedd_3149486_02ef>
...
040 (7309403.000.000) 06/14 13:27:13 Started transferring input files
	Transferring to host: <188.184.198.29:9618?addrs=188.184.198.29-9618+[2001-1458-301-c1--100-21f]-9618&alias=b7g52n6119.cern.ch&noUDP&sock=slot1_2_28000_486c_90204>
...
040 (7309403.000.000) 06/14 13:27:14 Finished transferring input files
...
001 (7309403.000.000) 06/14 13:27:15 Job executing on host: <188.184.198.29:9618?addrs=188.184.198.29-9618+[2001-1458-301-c1--100-21f]-9618&alias=b7g52n6119.cern.ch&noUDP&sock=startd_18274_05c3>
...
006 (7309403.000.000) 06/14 13:27:23 Image size of job updated: 56476
	42  -  MemoryUsage of job (MB)
	41992  -  ResidentSetSize of job (KB)
...
006 (7309403.000.000) 06/14 13:32:23 Image size of job updated: 3000936
	1811  -  MemoryUsage of job (MB)
	1853760  -  ResidentSetSize of job (KB)
...
040 (7309403.000.000) 06/14 13:32:38 Started transferring output files
...
040 (7309403.000.000) 06/14 13:32:38 Finished transferring output files
...
005 (7309403.000.000) 06/14 13:32:38 Job terminated.
	(1) Normal termination (return value 0)
		Usr 0 00:04:07, Sys 0 00:00:06  -  Run Remote Usage
		Usr 0 00:00:00, Sys 0 00:00:00  -  Run Local Usage
		Usr 0 00:04:07, Sys 0 00:00:06  -  Total Remote Usage
		Usr 0 00:00:00, Sys 0 00:00:00  -  Total Local Usage
	15480  -  Run Bytes Sent By Job
	443  -  Run Bytes Received By Job
	15480  -  Total Bytes Sent By Job
	443  -  Total Bytes Received By Job
	Partitionable Resources :    Usage  Request Allocated 
	   Cpus                 :     0.98        1         1 
	   Disk (KB)            :    36           1    226971 
	   Memory (MB)          :  1811        2000      2000 

	Job terminated of its own accord at 2021-06-14T11:32:38Z.
...
