14-Jun-2021 13:27:30 CEST  Initiating request to open file file:/eos/cms/store/user/tsarkar/SIM_Condor_output_Vector_MonoZLL_NLO_Mphi-500_Mchi-150_gSM-0p25_gDM-1p0_ctau10p0/step_SIM_2017UL_15.root
14-Jun-2021 13:27:33 CEST  Successfully opened file file:/eos/cms/store/user/tsarkar/SIM_Condor_output_Vector_MonoZLL_NLO_Mphi-500_Mchi-150_gSM-0p25_gDM-1p0_ctau10p0/step_SIM_2017UL_15.root
14-Jun-2021 13:27:37 CEST  Initiating request to open file root://eoscms.cern.ch//eos/cms/store/mc/RunIISummer20ULPrePremix/Neutrino_E-10_gun/PREMIX/UL17_106X_mc2017_realistic_v6-v3/210002/0799D47E-9238-CB4A-A018-D184AB5D8EF9.root
%MSG-w XrdAdaptor:  PreMixingModule:mixData@ctor 14-Jun-2021 13:27:39 CEST  pre-events
Data is served from cern.ch instead of original site eoscms
%MSG
14-Jun-2021 13:27:39 CEST  Successfully opened file root://eoscms.cern.ch//eos/cms/store/mc/RunIISummer20ULPrePremix/Neutrino_E-10_gun/PREMIX/UL17_106X_mc2017_realistic_v6-v3/210002/0799D47E-9238-CB4A-A018-D184AB5D8EF9.root
Begin processing the 1st record. Run 1, Event 701, LumiSection 15 on stream 0 at 14-Jun-2021 13:27:56.592 CEST
14-Jun-2021 13:30:07 CEST  Closed file root://eoscms.cern.ch//eos/cms/store/mc/RunIISummer20ULPrePremix/Neutrino_E-10_gun/PREMIX/UL17_106X_mc2017_realistic_v6-v3/210002/0799D47E-9238-CB4A-A018-D184AB5D8EF9.root
14-Jun-2021 13:30:07 CEST  Initiating request to open file root://eoscms.cern.ch//eos/cms/store/mc/RunIISummer20ULPrePremix/Neutrino_E-10_gun/PREMIX/UL17_106X_mc2017_realistic_v6-v3/210008/FA9C6C09-F31C-334C-B7CB-0B7F9F00E3FE.root
%MSG-w XrdAdaptor:  PreMixingModule:mixData 14-Jun-2021 13:30:09 CEST  Run: 1 Event: 701
Data is served from cern.ch instead of original site eoscms
%MSG
14-Jun-2021 13:30:09 CEST  Successfully opened file root://eoscms.cern.ch//eos/cms/store/mc/RunIISummer20ULPrePremix/Neutrino_E-10_gun/PREMIX/UL17_106X_mc2017_realistic_v6-v3/210008/FA9C6C09-F31C-334C-B7CB-0B7F9F00E3FE.root
Begin processing the 2nd record. Run 1, Event 703, LumiSection 15 on stream 0 at 14-Jun-2021 13:30:25.169 CEST
Begin processing the 3rd record. Run 1, Event 704, LumiSection 15 on stream 0 at 14-Jun-2021 13:30:29.515 CEST
Begin processing the 4th record. Run 1, Event 702, LumiSection 15 on stream 0 at 14-Jun-2021 13:30:32.580 CEST
Begin processing the 5th record. Run 1, Event 705, LumiSection 15 on stream 0 at 14-Jun-2021 13:30:36.485 CEST
Begin processing the 6th record. Run 1, Event 707, LumiSection 15 on stream 0 at 14-Jun-2021 13:30:40.939 CEST
Begin processing the 7th record. Run 1, Event 706, LumiSection 15 on stream 0 at 14-Jun-2021 13:30:44.767 CEST
Begin processing the 8th record. Run 1, Event 708, LumiSection 15 on stream 0 at 14-Jun-2021 13:30:48.851 CEST
Begin processing the 9th record. Run 1, Event 709, LumiSection 15 on stream 0 at 14-Jun-2021 13:30:52.743 CEST
Begin processing the 10th record. Run 1, Event 710, LumiSection 15 on stream 0 at 14-Jun-2021 13:30:56.514 CEST
Begin processing the 11th record. Run 1, Event 713, LumiSection 15 on stream 0 at 14-Jun-2021 13:30:59.534 CEST
Begin processing the 12th record. Run 1, Event 711, LumiSection 15 on stream 0 at 14-Jun-2021 13:31:02.291 CEST
Begin processing the 13th record. Run 1, Event 712, LumiSection 15 on stream 0 at 14-Jun-2021 13:31:05.523 CEST
Begin processing the 14th record. Run 1, Event 714, LumiSection 15 on stream 0 at 14-Jun-2021 13:31:09.880 CEST
Begin processing the 15th record. Run 1, Event 715, LumiSection 15 on stream 0 at 14-Jun-2021 13:31:12.972 CEST
Begin processing the 16th record. Run 1, Event 716, LumiSection 15 on stream 0 at 14-Jun-2021 13:31:16.398 CEST
Begin processing the 17th record. Run 1, Event 717, LumiSection 15 on stream 0 at 14-Jun-2021 13:31:19.147 CEST
Begin processing the 18th record. Run 1, Event 721, LumiSection 15 on stream 0 at 14-Jun-2021 13:31:22.497 CEST
Begin processing the 19th record. Run 1, Event 718, LumiSection 15 on stream 0 at 14-Jun-2021 13:31:25.860 CEST
Begin processing the 20th record. Run 1, Event 722, LumiSection 15 on stream 0 at 14-Jun-2021 13:31:28.976 CEST
Begin processing the 21st record. Run 1, Event 720, LumiSection 15 on stream 0 at 14-Jun-2021 13:31:32.461 CEST
Begin processing the 22nd record. Run 1, Event 724, LumiSection 15 on stream 0 at 14-Jun-2021 13:31:37.039 CEST
Begin processing the 23rd record. Run 1, Event 719, LumiSection 15 on stream 0 at 14-Jun-2021 13:31:41.311 CEST
Begin processing the 24th record. Run 1, Event 725, LumiSection 15 on stream 0 at 14-Jun-2021 13:31:44.959 CEST
Begin processing the 25th record. Run 1, Event 726, LumiSection 15 on stream 0 at 14-Jun-2021 13:31:48.710 CEST
Begin processing the 26th record. Run 1, Event 723, LumiSection 15 on stream 0 at 14-Jun-2021 13:31:52.598 CEST
Begin processing the 27th record. Run 1, Event 728, LumiSection 15 on stream 0 at 14-Jun-2021 13:31:56.161 CEST
Begin processing the 28th record. Run 1, Event 730, LumiSection 15 on stream 0 at 14-Jun-2021 13:32:00.281 CEST
Begin processing the 29th record. Run 1, Event 727, LumiSection 15 on stream 0 at 14-Jun-2021 13:32:03.481 CEST
Begin processing the 30th record. Run 1, Event 731, LumiSection 15 on stream 0 at 14-Jun-2021 13:32:07.788 CEST
Begin processing the 31st record. Run 1, Event 732, LumiSection 15 on stream 0 at 14-Jun-2021 13:32:10.585 CEST
Begin processing the 32nd record. Run 1, Event 729, LumiSection 15 on stream 0 at 14-Jun-2021 13:32:14.197 CEST
Begin processing the 33rd record. Run 1, Event 733, LumiSection 15 on stream 0 at 14-Jun-2021 13:32:18.889 CEST
Begin processing the 34th record. Run 1, Event 735, LumiSection 15 on stream 0 at 14-Jun-2021 13:32:23.371 CEST
Begin processing the 35th record. Run 1, Event 734, LumiSection 15 on stream 0 at 14-Jun-2021 13:32:26.790 CEST
Begin processing the 36th record. Run 1, Event 736, LumiSection 15 on stream 0 at 14-Jun-2021 13:32:31.245 CEST
Begin processing the 37th record. Run 1, Event 738, LumiSection 15 on stream 0 at 14-Jun-2021 13:32:34.397 CEST
Begin processing the 38th record. Run 1, Event 739, LumiSection 15 on stream 0 at 14-Jun-2021 13:32:37.944 CEST
Begin processing the 39th record. Run 1, Event 737, LumiSection 15 on stream 0 at 14-Jun-2021 13:32:41.865 CEST
Begin processing the 40th record. Run 1, Event 740, LumiSection 15 on stream 0 at 14-Jun-2021 13:32:46.967 CEST
Begin processing the 41st record. Run 1, Event 741, LumiSection 15 on stream 0 at 14-Jun-2021 13:32:50.392 CEST
Begin processing the 42nd record. Run 1, Event 742, LumiSection 15 on stream 0 at 14-Jun-2021 13:32:54.067 CEST
Begin processing the 43rd record. Run 1, Event 743, LumiSection 15 on stream 0 at 14-Jun-2021 13:32:59.229 CEST
Begin processing the 44th record. Run 1, Event 744, LumiSection 15 on stream 0 at 14-Jun-2021 13:33:02.443 CEST
Begin processing the 45th record. Run 1, Event 747, LumiSection 15 on stream 0 at 14-Jun-2021 13:33:06.218 CEST
Begin processing the 46th record. Run 1, Event 746, LumiSection 15 on stream 0 at 14-Jun-2021 13:33:10.693 CEST
Begin processing the 47th record. Run 1, Event 745, LumiSection 15 on stream 0 at 14-Jun-2021 13:33:14.557 CEST
Begin processing the 48th record. Run 1, Event 749, LumiSection 15 on stream 0 at 14-Jun-2021 13:33:19.247 CEST
Begin processing the 49th record. Run 1, Event 748, LumiSection 15 on stream 0 at 14-Jun-2021 13:33:22.820 CEST
Begin processing the 50th record. Run 1, Event 750, LumiSection 15 on stream 0 at 14-Jun-2021 13:33:28.332 CEST
14-Jun-2021 13:33:31 CEST  Closed file file:/eos/cms/store/user/tsarkar/SIM_Condor_output_Vector_MonoZLL_NLO_Mphi-500_Mchi-150_gSM-0p25_gDM-1p0_ctau10p0/step_SIM_2017UL_15.root
14-Jun-2021 13:33:32 CEST  Closed file root://eoscms.cern.ch//eos/cms/store/mc/RunIISummer20ULPrePremix/Neutrino_E-10_gun/PREMIX/UL17_106X_mc2017_realistic_v6-v3/210008/FA9C6C09-F31C-334C-B7CB-0B7F9F00E3FE.root

=============================================

MessageLogger Summary

 type     category        sev    module        subroutine        count    total
 ---- -------------------- -- ---------------- ----------------  -----    -----
    1 XrdAdaptor           -w PreMixingModule:                       1        1
    2 XrdAdaptor           -w PreMixingModule:                       1        1
    3 fileAction           -s PreMixingModule:                       3        3
    4 fileAction           -s PreMixingModule:                       2        2
    5 fileAction           -s PreMixingModule:                       1        1
    6 fileAction           -s file_close                             1        1
    7 fileAction           -s file_open                              2        2

 type    category    Examples: run/evt        run/evt          run/evt
 ---- -------------------- ---------------- ---------------- ----------------
    1 XrdAdaptor           1/701                             
    2 XrdAdaptor           pre-events                        
    3 fileAction           1/701            1/701            1/701
    4 fileAction           pre-events       pre-events       
    5 fileAction           PostGlobalEndRun                  
    6 fileAction           PostGlobalEndRun                  
    7 fileAction           pre-events       pre-events       

Severity    # Occurrences   Total Occurrences
--------    -------------   -----------------
Warning                 2                   2
System                  9                   9

dropped waiting message count 0
