14-Jun-2021 13:27:34 CEST  Initiating request to open file file:/eos/cms/store/user/tsarkar/SIM_Condor_output_Vector_MonoZLL_NLO_Mphi-500_Mchi-150_gSM-0p25_gDM-1p0_ctau10p0/step_SIM_2017UL_5.root
14-Jun-2021 13:27:36 CEST  Successfully opened file file:/eos/cms/store/user/tsarkar/SIM_Condor_output_Vector_MonoZLL_NLO_Mphi-500_Mchi-150_gSM-0p25_gDM-1p0_ctau10p0/step_SIM_2017UL_5.root
14-Jun-2021 13:27:41 CEST  Initiating request to open file root://eoscms.cern.ch//eos/cms/store/mc/RunIISummer20ULPrePremix/Neutrino_E-10_gun/PREMIX/UL17_106X_mc2017_realistic_v6-v3/240001/E291BE25-B83B-854F-AA6E-9497BAEE7CBD.root
%MSG-w XrdAdaptor:  PreMixingModule:mixData@ctor 14-Jun-2021 13:27:44 CEST  pre-events
Data is served from cern.ch instead of original site eoscms
%MSG
14-Jun-2021 13:27:44 CEST  Successfully opened file root://eoscms.cern.ch//eos/cms/store/mc/RunIISummer20ULPrePremix/Neutrino_E-10_gun/PREMIX/UL17_106X_mc2017_realistic_v6-v3/240001/E291BE25-B83B-854F-AA6E-9497BAEE7CBD.root
Begin processing the 1st record. Run 1, Event 204, LumiSection 5 on stream 0 at 14-Jun-2021 13:28:08.055 CEST
14-Jun-2021 13:30:46 CEST  Closed file root://eoscms.cern.ch//eos/cms/store/mc/RunIISummer20ULPrePremix/Neutrino_E-10_gun/PREMIX/UL17_106X_mc2017_realistic_v6-v3/240001/E291BE25-B83B-854F-AA6E-9497BAEE7CBD.root
14-Jun-2021 13:30:46 CEST  Initiating request to open file root://eoscms.cern.ch//eos/cms/store/mc/RunIISummer20ULPrePremix/Neutrino_E-10_gun/PREMIX/UL17_106X_mc2017_realistic_v6-v3/210005/348AB010-DAE1-8C45-BD2B-1A17E36CBFFC.root
%MSG-w XrdAdaptor:  PreMixingModule:mixData 14-Jun-2021 13:30:48 CEST  Run: 1 Event: 204
Data is served from cern.ch instead of original site eoscms
%MSG
14-Jun-2021 13:30:48 CEST  Successfully opened file root://eoscms.cern.ch//eos/cms/store/mc/RunIISummer20ULPrePremix/Neutrino_E-10_gun/PREMIX/UL17_106X_mc2017_realistic_v6-v3/210005/348AB010-DAE1-8C45-BD2B-1A17E36CBFFC.root
Begin processing the 2nd record. Run 1, Event 201, LumiSection 5 on stream 0 at 14-Jun-2021 13:31:01.568 CEST
Begin processing the 3rd record. Run 1, Event 203, LumiSection 5 on stream 0 at 14-Jun-2021 13:31:06.202 CEST
Begin processing the 4th record. Run 1, Event 205, LumiSection 5 on stream 0 at 14-Jun-2021 13:31:09.799 CEST
Begin processing the 5th record. Run 1, Event 202, LumiSection 5 on stream 0 at 14-Jun-2021 13:31:13.407 CEST
Begin processing the 6th record. Run 1, Event 206, LumiSection 5 on stream 0 at 14-Jun-2021 13:31:17.541 CEST
Begin processing the 7th record. Run 1, Event 209, LumiSection 5 on stream 0 at 14-Jun-2021 13:31:21.582 CEST
Begin processing the 8th record. Run 1, Event 207, LumiSection 5 on stream 0 at 14-Jun-2021 13:31:25.935 CEST
Begin processing the 9th record. Run 1, Event 211, LumiSection 5 on stream 0 at 14-Jun-2021 13:31:30.030 CEST
Begin processing the 10th record. Run 1, Event 210, LumiSection 5 on stream 0 at 14-Jun-2021 13:31:34.314 CEST
Begin processing the 11th record. Run 1, Event 213, LumiSection 5 on stream 0 at 14-Jun-2021 13:31:38.783 CEST
Begin processing the 12th record. Run 1, Event 212, LumiSection 5 on stream 0 at 14-Jun-2021 13:31:42.400 CEST
Begin processing the 13th record. Run 1, Event 208, LumiSection 5 on stream 0 at 14-Jun-2021 13:31:45.678 CEST
Begin processing the 14th record. Run 1, Event 214, LumiSection 5 on stream 0 at 14-Jun-2021 13:31:49.948 CEST
Begin processing the 15th record. Run 1, Event 218, LumiSection 5 on stream 0 at 14-Jun-2021 13:31:53.247 CEST
Begin processing the 16th record. Run 1, Event 215, LumiSection 5 on stream 0 at 14-Jun-2021 13:31:57.756 CEST
Begin processing the 17th record. Run 1, Event 216, LumiSection 5 on stream 0 at 14-Jun-2021 13:32:01.193 CEST
Begin processing the 18th record. Run 1, Event 217, LumiSection 5 on stream 0 at 14-Jun-2021 13:32:06.427 CEST
Begin processing the 19th record. Run 1, Event 220, LumiSection 5 on stream 0 at 14-Jun-2021 13:32:10.587 CEST
Begin processing the 20th record. Run 1, Event 219, LumiSection 5 on stream 0 at 14-Jun-2021 13:32:14.469 CEST
Begin processing the 21st record. Run 1, Event 221, LumiSection 5 on stream 0 at 14-Jun-2021 13:32:19.758 CEST
Begin processing the 22nd record. Run 1, Event 224, LumiSection 5 on stream 0 at 14-Jun-2021 13:32:25.036 CEST
Begin processing the 23rd record. Run 1, Event 222, LumiSection 5 on stream 0 at 14-Jun-2021 13:32:28.912 CEST
Begin processing the 24th record. Run 1, Event 225, LumiSection 5 on stream 0 at 14-Jun-2021 13:32:33.471 CEST
Begin processing the 25th record. Run 1, Event 223, LumiSection 5 on stream 0 at 14-Jun-2021 13:32:37.526 CEST
Begin processing the 26th record. Run 1, Event 226, LumiSection 5 on stream 0 at 14-Jun-2021 13:32:41.336 CEST
Begin processing the 27th record. Run 1, Event 227, LumiSection 5 on stream 0 at 14-Jun-2021 13:32:45.131 CEST
Begin processing the 28th record. Run 1, Event 229, LumiSection 5 on stream 0 at 14-Jun-2021 13:32:48.676 CEST
Begin processing the 29th record. Run 1, Event 230, LumiSection 5 on stream 0 at 14-Jun-2021 13:32:52.251 CEST
Begin processing the 30th record. Run 1, Event 231, LumiSection 5 on stream 0 at 14-Jun-2021 13:32:55.424 CEST
Begin processing the 31st record. Run 1, Event 228, LumiSection 5 on stream 0 at 14-Jun-2021 13:32:59.813 CEST
Begin processing the 32nd record. Run 1, Event 233, LumiSection 5 on stream 0 at 14-Jun-2021 13:33:04.383 CEST
Begin processing the 33rd record. Run 1, Event 234, LumiSection 5 on stream 0 at 14-Jun-2021 13:33:08.532 CEST
Begin processing the 34th record. Run 1, Event 232, LumiSection 5 on stream 0 at 14-Jun-2021 13:33:12.089 CEST
Begin processing the 35th record. Run 1, Event 237, LumiSection 5 on stream 0 at 14-Jun-2021 13:33:15.775 CEST
Begin processing the 36th record. Run 1, Event 235, LumiSection 5 on stream 0 at 14-Jun-2021 13:33:19.782 CEST
Begin processing the 37th record. Run 1, Event 236, LumiSection 5 on stream 0 at 14-Jun-2021 13:33:23.873 CEST
Begin processing the 38th record. Run 1, Event 238, LumiSection 5 on stream 0 at 14-Jun-2021 13:33:28.718 CEST
Begin processing the 39th record. Run 1, Event 242, LumiSection 5 on stream 0 at 14-Jun-2021 13:33:32.430 CEST
Begin processing the 40th record. Run 1, Event 241, LumiSection 5 on stream 0 at 14-Jun-2021 13:33:36.391 CEST
Begin processing the 41st record. Run 1, Event 239, LumiSection 5 on stream 0 at 14-Jun-2021 13:33:40.292 CEST
Begin processing the 42nd record. Run 1, Event 240, LumiSection 5 on stream 0 at 14-Jun-2021 13:33:44.191 CEST
Begin processing the 43rd record. Run 1, Event 243, LumiSection 5 on stream 0 at 14-Jun-2021 13:33:48.125 CEST
Begin processing the 44th record. Run 1, Event 244, LumiSection 5 on stream 0 at 14-Jun-2021 13:33:51.551 CEST
Begin processing the 45th record. Run 1, Event 247, LumiSection 5 on stream 0 at 14-Jun-2021 13:33:54.741 CEST
Begin processing the 46th record. Run 1, Event 246, LumiSection 5 on stream 0 at 14-Jun-2021 13:33:58.505 CEST
Begin processing the 47th record. Run 1, Event 245, LumiSection 5 on stream 0 at 14-Jun-2021 13:34:03.396 CEST
Begin processing the 48th record. Run 1, Event 248, LumiSection 5 on stream 0 at 14-Jun-2021 13:34:07.701 CEST
Begin processing the 49th record. Run 1, Event 249, LumiSection 5 on stream 0 at 14-Jun-2021 13:34:12.974 CEST
Begin processing the 50th record. Run 1, Event 250, LumiSection 5 on stream 0 at 14-Jun-2021 13:34:18.325 CEST
14-Jun-2021 13:34:22 CEST  Closed file file:/eos/cms/store/user/tsarkar/SIM_Condor_output_Vector_MonoZLL_NLO_Mphi-500_Mchi-150_gSM-0p25_gDM-1p0_ctau10p0/step_SIM_2017UL_5.root
14-Jun-2021 13:34:23 CEST  Closed file root://eoscms.cern.ch//eos/cms/store/mc/RunIISummer20ULPrePremix/Neutrino_E-10_gun/PREMIX/UL17_106X_mc2017_realistic_v6-v3/210005/348AB010-DAE1-8C45-BD2B-1A17E36CBFFC.root

=============================================

MessageLogger Summary

 type     category        sev    module        subroutine        count    total
 ---- -------------------- -- ---------------- ----------------  -----    -----
    1 XrdAdaptor           -w PreMixingModule:                       1        1
    2 XrdAdaptor           -w PreMixingModule:                       1        1
    3 fileAction           -s PreMixingModule:                       3        3
    4 fileAction           -s PreMixingModule:                       2        2
    5 fileAction           -s PreMixingModule:                       1        1
    6 fileAction           -s file_close                             1        1
    7 fileAction           -s file_open                              2        2

 type    category    Examples: run/evt        run/evt          run/evt
 ---- -------------------- ---------------- ---------------- ----------------
    1 XrdAdaptor           1/204                             
    2 XrdAdaptor           pre-events                        
    3 fileAction           1/204            1/204            1/204
    4 fileAction           pre-events       pre-events       
    5 fileAction           PostGlobalEndRun                  
    6 fileAction           PostGlobalEndRun                  
    7 fileAction           pre-events       pre-events       

Severity    # Occurrences   Total Occurrences
--------    -------------   -----------------
Warning                 2                   2
System                  9                   9

dropped waiting message count 0
