000 (7309409.000.000) 06/14 11:26:01 Job submitted from host: <137.138.44.75:9618?addrs=137.138.44.75-9618+[2001-1458-d00-1a--b]-9618&alias=bigbird14.cern.ch&noUDP&sock=schedd_3149486_02ef>
...
040 (7309409.000.000) 06/14 13:27:00 Started transferring input files
	Transferring to host: <188.184.198.77:9618?addrs=188.184.198.77-9618+[2001-1458-301-c1--100-298]-9618&alias=b7g52n1089.cern.ch&noUDP&sock=slot1_2_17717_faaa_36960>
...
040 (7309409.000.000) 06/14 13:27:00 Finished transferring input files
...
001 (7309409.000.000) 06/14 13:27:01 Job executing on host: <188.184.198.77:9618?addrs=188.184.198.77-9618+[2001-1458-301-c1--100-298]-9618&alias=b7g52n1089.cern.ch&noUDP&sock=startd_17671_6a27>
...
006 (7309409.000.000) 06/14 13:27:10 Image size of job updated: 1045280
	30  -  MemoryUsage of job (MB)
	30684  -  ResidentSetSize of job (KB)
...
006 (7309409.000.000) 06/14 13:32:11 Image size of job updated: 3000900
	1806  -  MemoryUsage of job (MB)
	1848808  -  ResidentSetSize of job (KB)
...
006 (7309409.000.000) 06/14 13:34:36 Image size of job updated: 3000976
	1806  -  MemoryUsage of job (MB)
	1848808  -  ResidentSetSize of job (KB)
...
040 (7309409.000.000) 06/14 13:34:36 Started transferring output files
...
040 (7309409.000.000) 06/14 13:34:36 Finished transferring output files
...
005 (7309409.000.000) 06/14 13:34:37 Job terminated.
	(1) Normal termination (return value 0)
		Usr 0 00:05:47, Sys 0 00:00:06  -  Run Remote Usage
		Usr 0 00:00:00, Sys 0 00:00:00  -  Run Local Usage
		Usr 0 00:05:47, Sys 0 00:00:06  -  Total Remote Usage
		Usr 0 00:00:00, Sys 0 00:00:00  -  Total Local Usage
	15386  -  Run Bytes Sent By Job
	443  -  Run Bytes Received By Job
	15386  -  Total Bytes Sent By Job
	443  -  Total Bytes Received By Job
	Partitionable Resources :    Usage  Request Allocated 
	   Cpus                 :                 1         1 
	   Disk (KB)            :       29        1    229737 
	   Memory (MB)          :     1806     2000      2000 

	Job terminated of its own accord at 2021-06-14T11:34:36Z.
...
