000 (7309419.000.000) 06/14 11:26:32 Job submitted from host: <137.138.44.75:9618?addrs=137.138.44.75-9618+[2001-1458-d00-1a--b]-9618&alias=bigbird14.cern.ch&noUDP&sock=schedd_3149486_02ef>
...
040 (7309419.000.000) 06/14 13:27:03 Started transferring input files
	Transferring to host: <128.142.161.140:9618?addrs=128.142.161.140-9618+[2001-1458-301-b9--100-9]-9618&alias=b7g03p7872.cern.ch&noUDP&sock=slot1_57_37168_f7e1_13729>
...
040 (7309419.000.000) 06/14 13:27:03 Finished transferring input files
...
001 (7309419.000.000) 06/14 13:27:04 Job executing on host: <128.142.161.140:9618?addrs=128.142.161.140-9618+[2001-1458-301-b9--100-9]-9618&alias=b7g03p7872.cern.ch&noUDP&sock=startd_70334_da33>
...
006 (7309419.000.000) 06/14 13:27:13 Image size of job updated: 290308
	93  -  MemoryUsage of job (MB)
	94624  -  ResidentSetSize of job (KB)
...
006 (7309419.000.000) 06/14 13:32:13 Image size of job updated: 3000900
	1780  -  MemoryUsage of job (MB)
	1822380  -  ResidentSetSize of job (KB)
...
006 (7309419.000.000) 06/14 13:33:03 Image size of job updated: 3000908
	1780  -  MemoryUsage of job (MB)
	1822380  -  ResidentSetSize of job (KB)
...
040 (7309419.000.000) 06/14 13:33:03 Started transferring output files
...
040 (7309419.000.000) 06/14 13:33:03 Finished transferring output files
...
005 (7309419.000.000) 06/14 13:33:03 Job terminated.
	(1) Normal termination (return value 0)
		Usr 0 00:05:11, Sys 0 00:00:07  -  Run Remote Usage
		Usr 0 00:00:00, Sys 0 00:00:00  -  Run Local Usage
		Usr 0 00:05:11, Sys 0 00:00:07  -  Total Remote Usage
		Usr 0 00:00:00, Sys 0 00:00:00  -  Total Local Usage
	15154  -  Run Bytes Sent By Job
	444  -  Run Bytes Received By Job
	15154  -  Total Bytes Sent By Job
	444  -  Total Bytes Received By Job
	Partitionable Resources :    Usage  Request Allocated 
	   Cpus                 :     0.99        1         1 
	   Disk (KB)            :    36           1   1387634 
	   Memory (MB)          :  1780        2000      2000 

	Job terminated of its own accord at 2021-06-14T11:33:03Z.
...
