14-Jun-2021 13:27:42 CEST  Initiating request to open file file:/eos/cms/store/user/tsarkar/SIM_Condor_output_Vector_MonoZLL_NLO_Mphi-500_Mchi-150_gSM-0p25_gDM-1p0_ctau10p0/step_SIM_2017UL_18.root
14-Jun-2021 13:27:45 CEST  Successfully opened file file:/eos/cms/store/user/tsarkar/SIM_Condor_output_Vector_MonoZLL_NLO_Mphi-500_Mchi-150_gSM-0p25_gDM-1p0_ctau10p0/step_SIM_2017UL_18.root
14-Jun-2021 13:27:51 CEST  Initiating request to open file root://eoscms.cern.ch//eos/cms/store/mc/RunIISummer20ULPrePremix/Neutrino_E-10_gun/PREMIX/UL17_106X_mc2017_realistic_v6-v3/210014/86450395-E66F-F844-9984-852A32542A66.root
%MSG-w XrdAdaptor:  PreMixingModule:mixData@ctor 14-Jun-2021 13:27:53 CEST  pre-events
Data is served from cern.ch instead of original site eoscms
%MSG
14-Jun-2021 13:27:53 CEST  Successfully opened file root://eoscms.cern.ch//eos/cms/store/mc/RunIISummer20ULPrePremix/Neutrino_E-10_gun/PREMIX/UL17_106X_mc2017_realistic_v6-v3/210014/86450395-E66F-F844-9984-852A32542A66.root
Begin processing the 1st record. Run 1, Event 853, LumiSection 18 on stream 0 at 14-Jun-2021 13:28:13.299 CEST
14-Jun-2021 13:30:43 CEST  Closed file root://eoscms.cern.ch//eos/cms/store/mc/RunIISummer20ULPrePremix/Neutrino_E-10_gun/PREMIX/UL17_106X_mc2017_realistic_v6-v3/210014/86450395-E66F-F844-9984-852A32542A66.root
14-Jun-2021 13:30:43 CEST  Initiating request to open file root://eoscms.cern.ch//eos/cms/store/mc/RunIISummer20ULPrePremix/Neutrino_E-10_gun/PREMIX/UL17_106X_mc2017_realistic_v6-v3/230003/D1702B37-18FD-C447-9F1B-D15C25A66CCE.root
%MSG-w XrdAdaptor:  PreMixingModule:mixData 14-Jun-2021 13:30:45 CEST  Run: 1 Event: 853
Data is served from cern.ch instead of original site eoscms
%MSG
14-Jun-2021 13:30:45 CEST  Successfully opened file root://eoscms.cern.ch//eos/cms/store/mc/RunIISummer20ULPrePremix/Neutrino_E-10_gun/PREMIX/UL17_106X_mc2017_realistic_v6-v3/230003/D1702B37-18FD-C447-9F1B-D15C25A66CCE.root
Begin processing the 2nd record. Run 1, Event 851, LumiSection 18 on stream 0 at 14-Jun-2021 13:31:00.124 CEST
Begin processing the 3rd record. Run 1, Event 852, LumiSection 18 on stream 0 at 14-Jun-2021 13:31:04.429 CEST
Begin processing the 4th record. Run 1, Event 855, LumiSection 18 on stream 0 at 14-Jun-2021 13:31:09.294 CEST
Begin processing the 5th record. Run 1, Event 857, LumiSection 18 on stream 0 at 14-Jun-2021 13:31:12.517 CEST
Begin processing the 6th record. Run 1, Event 854, LumiSection 18 on stream 0 at 14-Jun-2021 13:31:15.653 CEST
Begin processing the 7th record. Run 1, Event 856, LumiSection 18 on stream 0 at 14-Jun-2021 13:31:19.013 CEST
Begin processing the 8th record. Run 1, Event 860, LumiSection 18 on stream 0 at 14-Jun-2021 13:31:23.752 CEST
Begin processing the 9th record. Run 1, Event 858, LumiSection 18 on stream 0 at 14-Jun-2021 13:31:27.120 CEST
Begin processing the 10th record. Run 1, Event 859, LumiSection 18 on stream 0 at 14-Jun-2021 13:31:32.623 CEST
Begin processing the 11th record. Run 1, Event 864, LumiSection 18 on stream 0 at 14-Jun-2021 13:31:37.619 CEST
Begin processing the 12th record. Run 1, Event 861, LumiSection 18 on stream 0 at 14-Jun-2021 13:31:40.372 CEST
Begin processing the 13th record. Run 1, Event 863, LumiSection 18 on stream 0 at 14-Jun-2021 13:31:44.976 CEST
Begin processing the 14th record. Run 1, Event 862, LumiSection 18 on stream 0 at 14-Jun-2021 13:31:47.382 CEST
Begin processing the 15th record. Run 1, Event 866, LumiSection 18 on stream 0 at 14-Jun-2021 13:31:52.600 CEST
Begin processing the 16th record. Run 1, Event 865, LumiSection 18 on stream 0 at 14-Jun-2021 13:31:56.763 CEST
Begin processing the 17th record. Run 1, Event 868, LumiSection 18 on stream 0 at 14-Jun-2021 13:32:00.307 CEST
Begin processing the 18th record. Run 1, Event 867, LumiSection 18 on stream 0 at 14-Jun-2021 13:32:03.560 CEST
Begin processing the 19th record. Run 1, Event 870, LumiSection 18 on stream 0 at 14-Jun-2021 13:32:07.834 CEST
Begin processing the 20th record. Run 1, Event 871, LumiSection 18 on stream 0 at 14-Jun-2021 13:32:12.689 CEST
Begin processing the 21st record. Run 1, Event 869, LumiSection 18 on stream 0 at 14-Jun-2021 13:32:15.742 CEST
Begin processing the 22nd record. Run 1, Event 874, LumiSection 18 on stream 0 at 14-Jun-2021 13:32:19.173 CEST
Begin processing the 23rd record. Run 1, Event 872, LumiSection 18 on stream 0 at 14-Jun-2021 13:32:22.847 CEST
Begin processing the 24th record. Run 1, Event 873, LumiSection 18 on stream 0 at 14-Jun-2021 13:32:26.872 CEST
Begin processing the 25th record. Run 1, Event 875, LumiSection 18 on stream 0 at 14-Jun-2021 13:32:31.249 CEST
Begin processing the 26th record. Run 1, Event 879, LumiSection 18 on stream 0 at 14-Jun-2021 13:32:35.015 CEST
Begin processing the 27th record. Run 1, Event 878, LumiSection 18 on stream 0 at 14-Jun-2021 13:32:38.451 CEST
Begin processing the 28th record. Run 1, Event 877, LumiSection 18 on stream 0 at 14-Jun-2021 13:32:42.133 CEST
Begin processing the 29th record. Run 1, Event 880, LumiSection 18 on stream 0 at 14-Jun-2021 13:32:45.315 CEST
Begin processing the 30th record. Run 1, Event 876, LumiSection 18 on stream 0 at 14-Jun-2021 13:32:48.054 CEST
Begin processing the 31st record. Run 1, Event 881, LumiSection 18 on stream 0 at 14-Jun-2021 13:32:52.744 CEST
Begin processing the 32nd record. Run 1, Event 882, LumiSection 18 on stream 0 at 14-Jun-2021 13:32:56.415 CEST
Begin processing the 33rd record. Run 1, Event 884, LumiSection 18 on stream 0 at 14-Jun-2021 13:33:00.498 CEST
Begin processing the 34th record. Run 1, Event 883, LumiSection 18 on stream 0 at 14-Jun-2021 13:33:04.512 CEST
Begin processing the 35th record. Run 1, Event 886, LumiSection 18 on stream 0 at 14-Jun-2021 13:33:08.171 CEST
Begin processing the 36th record. Run 1, Event 885, LumiSection 18 on stream 0 at 14-Jun-2021 13:33:11.031 CEST
Begin processing the 37th record. Run 1, Event 888, LumiSection 18 on stream 0 at 14-Jun-2021 13:33:15.210 CEST
Begin processing the 38th record. Run 1, Event 889, LumiSection 18 on stream 0 at 14-Jun-2021 13:33:19.750 CEST
Begin processing the 39th record. Run 1, Event 891, LumiSection 18 on stream 0 at 14-Jun-2021 13:33:23.774 CEST
Begin processing the 40th record. Run 1, Event 892, LumiSection 18 on stream 0 at 14-Jun-2021 13:33:26.989 CEST
Begin processing the 41st record. Run 1, Event 890, LumiSection 18 on stream 0 at 14-Jun-2021 13:33:30.573 CEST
Begin processing the 42nd record. Run 1, Event 887, LumiSection 18 on stream 0 at 14-Jun-2021 13:33:34.302 CEST
Begin processing the 43rd record. Run 1, Event 895, LumiSection 18 on stream 0 at 14-Jun-2021 13:33:37.707 CEST
Begin processing the 44th record. Run 1, Event 893, LumiSection 18 on stream 0 at 14-Jun-2021 13:33:41.542 CEST
Begin processing the 45th record. Run 1, Event 896, LumiSection 18 on stream 0 at 14-Jun-2021 13:33:44.812 CEST
Begin processing the 46th record. Run 1, Event 894, LumiSection 18 on stream 0 at 14-Jun-2021 13:33:48.283 CEST
Begin processing the 47th record. Run 1, Event 897, LumiSection 18 on stream 0 at 14-Jun-2021 13:33:52.789 CEST
Begin processing the 48th record. Run 1, Event 899, LumiSection 18 on stream 0 at 14-Jun-2021 13:33:56.378 CEST
Begin processing the 49th record. Run 1, Event 898, LumiSection 18 on stream 0 at 14-Jun-2021 13:33:59.399 CEST
Begin processing the 50th record. Run 1, Event 900, LumiSection 18 on stream 0 at 14-Jun-2021 13:34:03.310 CEST
14-Jun-2021 13:34:07 CEST  Closed file file:/eos/cms/store/user/tsarkar/SIM_Condor_output_Vector_MonoZLL_NLO_Mphi-500_Mchi-150_gSM-0p25_gDM-1p0_ctau10p0/step_SIM_2017UL_18.root
14-Jun-2021 13:34:08 CEST  Closed file root://eoscms.cern.ch//eos/cms/store/mc/RunIISummer20ULPrePremix/Neutrino_E-10_gun/PREMIX/UL17_106X_mc2017_realistic_v6-v3/230003/D1702B37-18FD-C447-9F1B-D15C25A66CCE.root

=============================================

MessageLogger Summary

 type     category        sev    module        subroutine        count    total
 ---- -------------------- -- ---------------- ----------------  -----    -----
    1 XrdAdaptor           -w PreMixingModule:                       1        1
    2 XrdAdaptor           -w PreMixingModule:                       1        1
    3 fileAction           -s PreMixingModule:                       3        3
    4 fileAction           -s PreMixingModule:                       2        2
    5 fileAction           -s PreMixingModule:                       1        1
    6 fileAction           -s file_close                             1        1
    7 fileAction           -s file_open                              2        2

 type    category    Examples: run/evt        run/evt          run/evt
 ---- -------------------- ---------------- ---------------- ----------------
    1 XrdAdaptor           1/853                             
    2 XrdAdaptor           pre-events                        
    3 fileAction           1/853            1/853            1/853
    4 fileAction           pre-events       pre-events       
    5 fileAction           PostGlobalEndRun                  
    6 fileAction           PostGlobalEndRun                  
    7 fileAction           pre-events       pre-events       

Severity    # Occurrences   Total Occurrences
--------    -------------   -----------------
Warning                 2                   2
System                  9                   9

dropped waiting message count 0
