000 (7309406.000.000) 06/14 11:25:55 Job submitted from host: <137.138.44.75:9618?addrs=137.138.44.75-9618+[2001-1458-d00-1a--b]-9618&alias=bigbird14.cern.ch&noUDP&sock=schedd_3149486_02ef>
...
040 (7309406.000.000) 06/14 13:26:58 Started transferring input files
	Transferring to host: <128.142.86.217:9618?addrs=128.142.86.217-9618+[2001-1458-301-f6--100-449]-9618&alias=b7s14n9131.cern.ch&noUDP&sock=slot1_3_5235_47ee_36522>
...
040 (7309406.000.000) 06/14 13:26:58 Finished transferring input files
...
001 (7309406.000.000) 06/14 13:26:59 Job executing on host: <128.142.86.217:9618?addrs=128.142.86.217-9618+[2001-1458-301-f6--100-449]-9618&alias=b7s14n9131.cern.ch&noUDP&sock=startd_4053_996f>
...
006 (7309406.000.000) 06/14 13:27:08 Image size of job updated: 56604
	42  -  MemoryUsage of job (MB)
	42120  -  ResidentSetSize of job (KB)
...
006 (7309406.000.000) 06/14 13:32:09 Image size of job updated: 3000932
	1745  -  MemoryUsage of job (MB)
	1786576  -  ResidentSetSize of job (KB)
...
006 (7309406.000.000) 06/14 13:33:17 Image size of job updated: 3000976
	1745  -  MemoryUsage of job (MB)
	1786576  -  ResidentSetSize of job (KB)
...
040 (7309406.000.000) 06/14 13:33:17 Started transferring output files
...
040 (7309406.000.000) 06/14 13:33:17 Finished transferring output files
...
005 (7309406.000.000) 06/14 13:33:17 Job terminated.
	(1) Normal termination (return value 0)
		Usr 0 00:05:09, Sys 0 00:00:06  -  Run Remote Usage
		Usr 0 00:00:00, Sys 0 00:00:00  -  Run Local Usage
		Usr 0 00:05:09, Sys 0 00:00:06  -  Total Remote Usage
		Usr 0 00:00:00, Sys 0 00:00:00  -  Total Local Usage
	15207  -  Run Bytes Sent By Job
	443  -  Run Bytes Received By Job
	15207  -  Total Bytes Sent By Job
	443  -  Total Bytes Received By Job
	Partitionable Resources :    Usage  Request Allocated 
	   Cpus                 :                 1         1 
	   Disk (KB)            :       29        1    277714 
	   Memory (MB)          :     1745     2000      2000 

	Job terminated of its own accord at 2021-06-14T11:33:17Z.
...
