14-Jun-2021 13:27:18 CEST  Initiating request to open file file:/eos/cms/store/user/tsarkar/SIM_Condor_output_Vector_MonoZLL_NLO_Mphi-500_Mchi-150_gSM-0p25_gDM-1p0_ctau10p0/step_SIM_2017UL_9.root
14-Jun-2021 13:27:22 CEST  Successfully opened file file:/eos/cms/store/user/tsarkar/SIM_Condor_output_Vector_MonoZLL_NLO_Mphi-500_Mchi-150_gSM-0p25_gDM-1p0_ctau10p0/step_SIM_2017UL_9.root
14-Jun-2021 13:27:25 CEST  Initiating request to open file root://eoscms.cern.ch//eos/cms/store/mc/RunIISummer20ULPrePremix/Neutrino_E-10_gun/PREMIX/UL17_106X_mc2017_realistic_v6-v3/210002/DB1A35AC-30E1-174E-9137-71B397CD08F1.root
%MSG-w XrdAdaptor:  PreMixingModule:mixData@ctor 14-Jun-2021 13:27:27 CEST  pre-events
Data is served from cern.ch instead of original site eoscms
%MSG
14-Jun-2021 13:27:27 CEST  Successfully opened file root://eoscms.cern.ch//eos/cms/store/mc/RunIISummer20ULPrePremix/Neutrino_E-10_gun/PREMIX/UL17_106X_mc2017_realistic_v6-v3/210002/DB1A35AC-30E1-174E-9137-71B397CD08F1.root
Begin processing the 1st record. Run 1, Event 403, LumiSection 9 on stream 0 at 14-Jun-2021 13:27:49.515 CEST
14-Jun-2021 13:29:47 CEST  Closed file root://eoscms.cern.ch//eos/cms/store/mc/RunIISummer20ULPrePremix/Neutrino_E-10_gun/PREMIX/UL17_106X_mc2017_realistic_v6-v3/210002/DB1A35AC-30E1-174E-9137-71B397CD08F1.root
14-Jun-2021 13:29:47 CEST  Initiating request to open file root://eoscms.cern.ch//eos/cms/store/mc/RunIISummer20ULPrePremix/Neutrino_E-10_gun/PREMIX/UL17_106X_mc2017_realistic_v6-v3/230000/FCBB7D15-5F63-2C46-BCA2-E0D3A07F01E6.root
%MSG-w XrdAdaptor:  PreMixingModule:mixData 14-Jun-2021 13:29:50 CEST  Run: 1 Event: 403
Data is served from cern.ch instead of original site eoscms
%MSG
14-Jun-2021 13:29:50 CEST  Successfully opened file root://eoscms.cern.ch//eos/cms/store/mc/RunIISummer20ULPrePremix/Neutrino_E-10_gun/PREMIX/UL17_106X_mc2017_realistic_v6-v3/230000/FCBB7D15-5F63-2C46-BCA2-E0D3A07F01E6.root
Begin processing the 2nd record. Run 1, Event 404, LumiSection 9 on stream 0 at 14-Jun-2021 13:30:06.414 CEST
Begin processing the 3rd record. Run 1, Event 401, LumiSection 9 on stream 0 at 14-Jun-2021 13:30:10.475 CEST
Begin processing the 4th record. Run 1, Event 406, LumiSection 9 on stream 0 at 14-Jun-2021 13:30:14.047 CEST
Begin processing the 5th record. Run 1, Event 402, LumiSection 9 on stream 0 at 14-Jun-2021 13:30:17.959 CEST
Begin processing the 6th record. Run 1, Event 407, LumiSection 9 on stream 0 at 14-Jun-2021 13:30:22.102 CEST
Begin processing the 7th record. Run 1, Event 408, LumiSection 9 on stream 0 at 14-Jun-2021 13:30:25.058 CEST
Begin processing the 8th record. Run 1, Event 409, LumiSection 9 on stream 0 at 14-Jun-2021 13:30:27.805 CEST
Begin processing the 9th record. Run 1, Event 405, LumiSection 9 on stream 0 at 14-Jun-2021 13:30:30.462 CEST
Begin processing the 10th record. Run 1, Event 412, LumiSection 9 on stream 0 at 14-Jun-2021 13:30:34.457 CEST
Begin processing the 11th record. Run 1, Event 414, LumiSection 9 on stream 0 at 14-Jun-2021 13:30:37.715 CEST
Begin processing the 12th record. Run 1, Event 411, LumiSection 9 on stream 0 at 14-Jun-2021 13:30:41.366 CEST
Begin processing the 13th record. Run 1, Event 410, LumiSection 9 on stream 0 at 14-Jun-2021 13:30:44.946 CEST
Begin processing the 14th record. Run 1, Event 413, LumiSection 9 on stream 0 at 14-Jun-2021 13:30:48.630 CEST
Begin processing the 15th record. Run 1, Event 416, LumiSection 9 on stream 0 at 14-Jun-2021 13:30:52.469 CEST
Begin processing the 16th record. Run 1, Event 417, LumiSection 9 on stream 0 at 14-Jun-2021 13:30:55.454 CEST
Begin processing the 17th record. Run 1, Event 418, LumiSection 9 on stream 0 at 14-Jun-2021 13:30:57.902 CEST
Begin processing the 18th record. Run 1, Event 415, LumiSection 9 on stream 0 at 14-Jun-2021 13:31:01.372 CEST
Begin processing the 19th record. Run 1, Event 422, LumiSection 9 on stream 0 at 14-Jun-2021 13:31:05.166 CEST
Begin processing the 20th record. Run 1, Event 421, LumiSection 9 on stream 0 at 14-Jun-2021 13:31:08.465 CEST
Begin processing the 21st record. Run 1, Event 419, LumiSection 9 on stream 0 at 14-Jun-2021 13:31:11.488 CEST
Begin processing the 22nd record. Run 1, Event 420, LumiSection 9 on stream 0 at 14-Jun-2021 13:31:16.033 CEST
Begin processing the 23rd record. Run 1, Event 423, LumiSection 9 on stream 0 at 14-Jun-2021 13:31:19.163 CEST
Begin processing the 24th record. Run 1, Event 425, LumiSection 9 on stream 0 at 14-Jun-2021 13:31:24.647 CEST
Begin processing the 25th record. Run 1, Event 424, LumiSection 9 on stream 0 at 14-Jun-2021 13:31:28.831 CEST
Begin processing the 26th record. Run 1, Event 426, LumiSection 9 on stream 0 at 14-Jun-2021 13:31:33.215 CEST
Begin processing the 27th record. Run 1, Event 427, LumiSection 9 on stream 0 at 14-Jun-2021 13:31:36.523 CEST
Begin processing the 28th record. Run 1, Event 428, LumiSection 9 on stream 0 at 14-Jun-2021 13:31:39.659 CEST
Begin processing the 29th record. Run 1, Event 429, LumiSection 9 on stream 0 at 14-Jun-2021 13:31:43.351 CEST
Begin processing the 30th record. Run 1, Event 430, LumiSection 9 on stream 0 at 14-Jun-2021 13:31:47.374 CEST
Begin processing the 31st record. Run 1, Event 431, LumiSection 9 on stream 0 at 14-Jun-2021 13:31:50.698 CEST
Begin processing the 32nd record. Run 1, Event 434, LumiSection 9 on stream 0 at 14-Jun-2021 13:31:54.300 CEST
Begin processing the 33rd record. Run 1, Event 433, LumiSection 9 on stream 0 at 14-Jun-2021 13:31:57.123 CEST
Begin processing the 34th record. Run 1, Event 432, LumiSection 9 on stream 0 at 14-Jun-2021 13:32:00.145 CEST
Begin processing the 35th record. Run 1, Event 435, LumiSection 9 on stream 0 at 14-Jun-2021 13:32:04.923 CEST
Begin processing the 36th record. Run 1, Event 437, LumiSection 9 on stream 0 at 14-Jun-2021 13:32:08.846 CEST
Begin processing the 37th record. Run 1, Event 439, LumiSection 9 on stream 0 at 14-Jun-2021 13:32:11.631 CEST
Begin processing the 38th record. Run 1, Event 440, LumiSection 9 on stream 0 at 14-Jun-2021 13:32:14.496 CEST
Begin processing the 39th record. Run 1, Event 436, LumiSection 9 on stream 0 at 14-Jun-2021 13:32:17.747 CEST
Begin processing the 40th record. Run 1, Event 441, LumiSection 9 on stream 0 at 14-Jun-2021 13:32:21.349 CEST
Begin processing the 41st record. Run 1, Event 438, LumiSection 9 on stream 0 at 14-Jun-2021 13:32:24.956 CEST
Begin processing the 42nd record. Run 1, Event 443, LumiSection 9 on stream 0 at 14-Jun-2021 13:32:28.734 CEST
Begin processing the 43rd record. Run 1, Event 445, LumiSection 9 on stream 0 at 14-Jun-2021 13:32:32.755 CEST
Begin processing the 44th record. Run 1, Event 442, LumiSection 9 on stream 0 at 14-Jun-2021 13:32:35.802 CEST
Begin processing the 45th record. Run 1, Event 448, LumiSection 9 on stream 0 at 14-Jun-2021 13:32:39.179 CEST
Begin processing the 46th record. Run 1, Event 447, LumiSection 9 on stream 0 at 14-Jun-2021 13:32:42.588 CEST
Begin processing the 47th record. Run 1, Event 444, LumiSection 9 on stream 0 at 14-Jun-2021 13:32:45.575 CEST
Begin processing the 48th record. Run 1, Event 446, LumiSection 9 on stream 0 at 14-Jun-2021 13:32:49.507 CEST
Begin processing the 49th record. Run 1, Event 449, LumiSection 9 on stream 0 at 14-Jun-2021 13:32:53.341 CEST
Begin processing the 50th record. Run 1, Event 450, LumiSection 9 on stream 0 at 14-Jun-2021 13:32:57.057 CEST
14-Jun-2021 13:33:01 CEST  Closed file file:/eos/cms/store/user/tsarkar/SIM_Condor_output_Vector_MonoZLL_NLO_Mphi-500_Mchi-150_gSM-0p25_gDM-1p0_ctau10p0/step_SIM_2017UL_9.root
14-Jun-2021 13:33:01 CEST  Closed file root://eoscms.cern.ch//eos/cms/store/mc/RunIISummer20ULPrePremix/Neutrino_E-10_gun/PREMIX/UL17_106X_mc2017_realistic_v6-v3/230000/FCBB7D15-5F63-2C46-BCA2-E0D3A07F01E6.root

=============================================

MessageLogger Summary

 type     category        sev    module        subroutine        count    total
 ---- -------------------- -- ---------------- ----------------  -----    -----
    1 XrdAdaptor           -w PreMixingModule:                       1        1
    2 XrdAdaptor           -w PreMixingModule:                       1        1
    3 fileAction           -s PreMixingModule:                       3        3
    4 fileAction           -s PreMixingModule:                       2        2
    5 fileAction           -s PreMixingModule:                       1        1
    6 fileAction           -s file_close                             1        1
    7 fileAction           -s file_open                              2        2

 type    category    Examples: run/evt        run/evt          run/evt
 ---- -------------------- ---------------- ---------------- ----------------
    1 XrdAdaptor           1/403                             
    2 XrdAdaptor           pre-events                        
    3 fileAction           1/403            1/403            1/403
    4 fileAction           pre-events       pre-events       
    5 fileAction           PostGlobalEndRun                  
    6 fileAction           PostGlobalEndRun                  
    7 fileAction           pre-events       pre-events       

Severity    # Occurrences   Total Occurrences
--------    -------------   -----------------
Warning                 2                   2
System                  9                   9

dropped waiting message count 0
