000 (7309416.000.000) 06/14 11:26:21 Job submitted from host: <137.138.44.75:9618?addrs=137.138.44.75-9618+[2001-1458-d00-1a--b]-9618&alias=bigbird14.cern.ch&noUDP&sock=schedd_3149486_02ef>
...
040 (7309416.000.000) 06/14 13:27:18 Started transferring input files
	Transferring to host: <188.184.198.55:9618?addrs=188.184.198.55-9618+[2001-1458-301-c1--100-25]-9618&alias=b7g52n3197.cern.ch&noUDP&sock=slot1_6_31878_af49_89127>
...
040 (7309416.000.000) 06/14 13:27:18 Finished transferring input files
...
001 (7309416.000.000) 06/14 13:27:19 Job executing on host: <188.184.198.55:9618?addrs=188.184.198.55-9618+[2001-1458-301-c1--100-25]-9618&alias=b7g52n3197.cern.ch&noUDP&sock=startd_18265_d969>
...
006 (7309416.000.000) 06/14 13:27:28 Image size of job updated: 271760
	43  -  MemoryUsage of job (MB)
	43100  -  ResidentSetSize of job (KB)
...
006 (7309416.000.000) 06/14 13:32:29 Image size of job updated: 3000912
	1781  -  MemoryUsage of job (MB)
	1822732  -  ResidentSetSize of job (KB)
...
006 (7309416.000.000) 06/14 13:34:08 Image size of job updated: 3000916
	1781  -  MemoryUsage of job (MB)
	1822732  -  ResidentSetSize of job (KB)
...
040 (7309416.000.000) 06/14 13:34:08 Started transferring output files
...
040 (7309416.000.000) 06/14 13:34:08 Finished transferring output files
...
005 (7309416.000.000) 06/14 13:34:09 Job terminated.
	(1) Normal termination (return value 0)
		Usr 0 00:05:33, Sys 0 00:00:06  -  Run Remote Usage
		Usr 0 00:00:00, Sys 0 00:00:00  -  Run Local Usage
		Usr 0 00:05:33, Sys 0 00:00:06  -  Total Remote Usage
		Usr 0 00:00:00, Sys 0 00:00:00  -  Total Local Usage
	15151  -  Run Bytes Sent By Job
	444  -  Run Bytes Received By Job
	15151  -  Total Bytes Sent By Job
	444  -  Total Bytes Received By Job
	Partitionable Resources :    Usage  Request Allocated 
	   Cpus                 :                 1         1 
	   Disk (KB)            :       28        1    154161 
	   Memory (MB)          :     1781     2000      2000 

	Job terminated of its own accord at 2021-06-14T11:34:08Z.
...
