14-Jun-2021 13:27:19 CEST  Initiating request to open file file:/eos/cms/store/user/tsarkar/SIM_Condor_output_Vector_MonoZLL_NLO_Mphi-500_Mchi-150_gSM-0p25_gDM-1p0_ctau10p0/step_SIM_2017UL_8.root
14-Jun-2021 13:27:22 CEST  Successfully opened file file:/eos/cms/store/user/tsarkar/SIM_Condor_output_Vector_MonoZLL_NLO_Mphi-500_Mchi-150_gSM-0p25_gDM-1p0_ctau10p0/step_SIM_2017UL_8.root
14-Jun-2021 13:27:26 CEST  Initiating request to open file root://eoscms.cern.ch//eos/cms/store/mc/RunIISummer20ULPrePremix/Neutrino_E-10_gun/PREMIX/UL17_106X_mc2017_realistic_v6-v3/210015/9EE2B75C-23F2-844A-8C22-A01386F912EA.root
%MSG-w XrdAdaptor:  PreMixingModule:mixData@ctor 14-Jun-2021 13:27:28 CEST  pre-events
Data is served from cern.ch instead of original site eoscms
%MSG
14-Jun-2021 13:27:28 CEST  Successfully opened file root://eoscms.cern.ch//eos/cms/store/mc/RunIISummer20ULPrePremix/Neutrino_E-10_gun/PREMIX/UL17_106X_mc2017_realistic_v6-v3/210015/9EE2B75C-23F2-844A-8C22-A01386F912EA.root
Begin processing the 1st record. Run 1, Event 354, LumiSection 8 on stream 0 at 14-Jun-2021 13:27:41.010 CEST
14-Jun-2021 13:29:37 CEST  Closed file root://eoscms.cern.ch//eos/cms/store/mc/RunIISummer20ULPrePremix/Neutrino_E-10_gun/PREMIX/UL17_106X_mc2017_realistic_v6-v3/210015/9EE2B75C-23F2-844A-8C22-A01386F912EA.root
14-Jun-2021 13:29:37 CEST  Initiating request to open file root://eoscms.cern.ch//eos/cms/store/mc/RunIISummer20ULPrePremix/Neutrino_E-10_gun/PREMIX/UL17_106X_mc2017_realistic_v6-v3/210021/F3B000F4-EA56-2F41-9DE0-7494D8612689.root
%MSG-w XrdAdaptor:  PreMixingModule:mixData 14-Jun-2021 13:29:39 CEST  Run: 1 Event: 354
Data is served from cern.ch instead of original site eoscms
%MSG
14-Jun-2021 13:29:39 CEST  Successfully opened file root://eoscms.cern.ch//eos/cms/store/mc/RunIISummer20ULPrePremix/Neutrino_E-10_gun/PREMIX/UL17_106X_mc2017_realistic_v6-v3/210021/F3B000F4-EA56-2F41-9DE0-7494D8612689.root
Begin processing the 2nd record. Run 1, Event 351, LumiSection 8 on stream 0 at 14-Jun-2021 13:29:50.782 CEST
Begin processing the 3rd record. Run 1, Event 353, LumiSection 8 on stream 0 at 14-Jun-2021 13:29:54.128 CEST
Begin processing the 4th record. Run 1, Event 352, LumiSection 8 on stream 0 at 14-Jun-2021 13:29:57.741 CEST
Begin processing the 5th record. Run 1, Event 355, LumiSection 8 on stream 0 at 14-Jun-2021 13:30:01.652 CEST
Begin processing the 6th record. Run 1, Event 358, LumiSection 8 on stream 0 at 14-Jun-2021 13:30:05.671 CEST
Begin processing the 7th record. Run 1, Event 356, LumiSection 8 on stream 0 at 14-Jun-2021 13:30:08.318 CEST
Begin processing the 8th record. Run 1, Event 357, LumiSection 8 on stream 0 at 14-Jun-2021 13:30:12.134 CEST
Begin processing the 9th record. Run 1, Event 360, LumiSection 8 on stream 0 at 14-Jun-2021 13:30:15.478 CEST
Begin processing the 10th record. Run 1, Event 359, LumiSection 8 on stream 0 at 14-Jun-2021 13:30:19.222 CEST
Begin processing the 11th record. Run 1, Event 363, LumiSection 8 on stream 0 at 14-Jun-2021 13:30:23.065 CEST
Begin processing the 12th record. Run 1, Event 364, LumiSection 8 on stream 0 at 14-Jun-2021 13:30:26.242 CEST
Begin processing the 13th record. Run 1, Event 361, LumiSection 8 on stream 0 at 14-Jun-2021 13:30:29.338 CEST
Begin processing the 14th record. Run 1, Event 362, LumiSection 8 on stream 0 at 14-Jun-2021 13:30:33.930 CEST
Begin processing the 15th record. Run 1, Event 367, LumiSection 8 on stream 0 at 14-Jun-2021 13:30:37.779 CEST
Begin processing the 16th record. Run 1, Event 366, LumiSection 8 on stream 0 at 14-Jun-2021 13:30:41.386 CEST
Begin processing the 17th record. Run 1, Event 365, LumiSection 8 on stream 0 at 14-Jun-2021 13:30:44.529 CEST
Begin processing the 18th record. Run 1, Event 368, LumiSection 8 on stream 0 at 14-Jun-2021 13:30:48.051 CEST
Begin processing the 19th record. Run 1, Event 369, LumiSection 8 on stream 0 at 14-Jun-2021 13:30:51.325 CEST
Begin processing the 20th record. Run 1, Event 370, LumiSection 8 on stream 0 at 14-Jun-2021 13:30:54.940 CEST
Begin processing the 21st record. Run 1, Event 373, LumiSection 8 on stream 0 at 14-Jun-2021 13:30:58.505 CEST
Begin processing the 22nd record. Run 1, Event 372, LumiSection 8 on stream 0 at 14-Jun-2021 13:31:01.767 CEST
Begin processing the 23rd record. Run 1, Event 371, LumiSection 8 on stream 0 at 14-Jun-2021 13:31:05.444 CEST
Begin processing the 24th record. Run 1, Event 375, LumiSection 8 on stream 0 at 14-Jun-2021 13:31:08.371 CEST
Begin processing the 25th record. Run 1, Event 374, LumiSection 8 on stream 0 at 14-Jun-2021 13:31:11.580 CEST
Begin processing the 26th record. Run 1, Event 377, LumiSection 8 on stream 0 at 14-Jun-2021 13:31:15.656 CEST
Begin processing the 27th record. Run 1, Event 376, LumiSection 8 on stream 0 at 14-Jun-2021 13:31:18.976 CEST
Begin processing the 28th record. Run 1, Event 378, LumiSection 8 on stream 0 at 14-Jun-2021 13:31:21.702 CEST
Begin processing the 29th record. Run 1, Event 382, LumiSection 8 on stream 0 at 14-Jun-2021 13:31:25.232 CEST
Begin processing the 30th record. Run 1, Event 381, LumiSection 8 on stream 0 at 14-Jun-2021 13:31:28.398 CEST
Begin processing the 31st record. Run 1, Event 379, LumiSection 8 on stream 0 at 14-Jun-2021 13:31:32.120 CEST
Begin processing the 32nd record. Run 1, Event 380, LumiSection 8 on stream 0 at 14-Jun-2021 13:31:36.127 CEST
Begin processing the 33rd record. Run 1, Event 384, LumiSection 8 on stream 0 at 14-Jun-2021 13:31:39.346 CEST
Begin processing the 34th record. Run 1, Event 383, LumiSection 8 on stream 0 at 14-Jun-2021 13:31:42.380 CEST
Begin processing the 35th record. Run 1, Event 387, LumiSection 8 on stream 0 at 14-Jun-2021 13:31:46.000 CEST
Begin processing the 36th record. Run 1, Event 386, LumiSection 8 on stream 0 at 14-Jun-2021 13:31:49.573 CEST
Begin processing the 37th record. Run 1, Event 390, LumiSection 8 on stream 0 at 14-Jun-2021 13:31:53.274 CEST
Begin processing the 38th record. Run 1, Event 385, LumiSection 8 on stream 0 at 14-Jun-2021 13:31:56.960 CEST
Begin processing the 39th record. Run 1, Event 389, LumiSection 8 on stream 0 at 14-Jun-2021 13:32:01.240 CEST
Begin processing the 40th record. Run 1, Event 388, LumiSection 8 on stream 0 at 14-Jun-2021 13:32:04.918 CEST
Begin processing the 41st record. Run 1, Event 392, LumiSection 8 on stream 0 at 14-Jun-2021 13:32:07.375 CEST
Begin processing the 42nd record. Run 1, Event 391, LumiSection 8 on stream 0 at 14-Jun-2021 13:32:11.337 CEST
Begin processing the 43rd record. Run 1, Event 394, LumiSection 8 on stream 0 at 14-Jun-2021 13:32:14.191 CEST
Begin processing the 44th record. Run 1, Event 396, LumiSection 8 on stream 0 at 14-Jun-2021 13:32:18.150 CEST
Begin processing the 45th record. Run 1, Event 393, LumiSection 8 on stream 0 at 14-Jun-2021 13:32:21.095 CEST
Begin processing the 46th record. Run 1, Event 395, LumiSection 8 on stream 0 at 14-Jun-2021 13:32:25.148 CEST
Begin processing the 47th record. Run 1, Event 399, LumiSection 8 on stream 0 at 14-Jun-2021 13:32:28.298 CEST
Begin processing the 48th record. Run 1, Event 397, LumiSection 8 on stream 0 at 14-Jun-2021 13:32:31.738 CEST
Begin processing the 49th record. Run 1, Event 400, LumiSection 8 on stream 0 at 14-Jun-2021 13:32:35.396 CEST
Begin processing the 50th record. Run 1, Event 398, LumiSection 8 on stream 0 at 14-Jun-2021 13:32:38.950 CEST
14-Jun-2021 13:32:42 CEST  Closed file file:/eos/cms/store/user/tsarkar/SIM_Condor_output_Vector_MonoZLL_NLO_Mphi-500_Mchi-150_gSM-0p25_gDM-1p0_ctau10p0/step_SIM_2017UL_8.root
14-Jun-2021 13:32:42 CEST  Closed file root://eoscms.cern.ch//eos/cms/store/mc/RunIISummer20ULPrePremix/Neutrino_E-10_gun/PREMIX/UL17_106X_mc2017_realistic_v6-v3/210021/F3B000F4-EA56-2F41-9DE0-7494D8612689.root

=============================================

MessageLogger Summary

 type     category        sev    module        subroutine        count    total
 ---- -------------------- -- ---------------- ----------------  -----    -----
    1 XrdAdaptor           -w PreMixingModule:                       1        1
    2 XrdAdaptor           -w PreMixingModule:                       1        1
    3 fileAction           -s PreMixingModule:                       3        3
    4 fileAction           -s PreMixingModule:                       2        2
    5 fileAction           -s PreMixingModule:                       1        1
    6 fileAction           -s file_close                             1        1
    7 fileAction           -s file_open                              2        2

 type    category    Examples: run/evt        run/evt          run/evt
 ---- -------------------- ---------------- ---------------- ----------------
    1 XrdAdaptor           1/354                             
    2 XrdAdaptor           pre-events                        
    3 fileAction           1/354            1/354            1/354
    4 fileAction           pre-events       pre-events       
    5 fileAction           PostGlobalEndRun                  
    6 fileAction           PostGlobalEndRun                  
    7 fileAction           pre-events       pre-events       

Severity    # Occurrences   Total Occurrences
--------    -------------   -----------------
Warning                 2                   2
System                  9                   9

dropped waiting message count 0
