000 (7309411.000.000) 06/14 11:26:05 Job submitted from host: <137.138.44.75:9618?addrs=137.138.44.75-9618+[2001-1458-d00-1a--b]-9618&alias=bigbird14.cern.ch&noUDP&sock=schedd_3149486_02ef>
...
040 (7309411.000.000) 06/14 13:27:00 Started transferring input files
	Transferring to host: <128.142.84.214:9618?addrs=128.142.84.214-9618+[2001-1458-301-f6--100-bb]-9618&alias=b7s14n2892.cern.ch&noUDP&sock=slot1_8_6182_8734_47555>
...
040 (7309411.000.000) 06/14 13:27:00 Finished transferring input files
...
001 (7309411.000.000) 06/14 13:27:01 Job executing on host: <128.142.84.214:9618?addrs=128.142.84.214-9618+[2001-1458-301-f6--100-bb]-9618&alias=b7s14n2892.cern.ch&noUDP&sock=startd_4980_71ba>
...
006 (7309411.000.000) 06/14 13:27:10 Image size of job updated: 126384
	34  -  MemoryUsage of job (MB)
	34728  -  ResidentSetSize of job (KB)
...
006 (7309411.000.000) 06/14 13:32:11 Image size of job updated: 3000896
	1555  -  MemoryUsage of job (MB)
	1592064  -  ResidentSetSize of job (KB)
...
006 (7309411.000.000) 06/14 13:34:12 Image size of job updated: 3000920
	1555  -  MemoryUsage of job (MB)
	1592064  -  ResidentSetSize of job (KB)
...
040 (7309411.000.000) 06/14 13:34:12 Started transferring output files
...
040 (7309411.000.000) 06/14 13:34:12 Finished transferring output files
...
005 (7309411.000.000) 06/14 13:34:12 Job terminated.
	(1) Normal termination (return value 0)
		Usr 0 00:05:15, Sys 0 00:00:07  -  Run Remote Usage
		Usr 0 00:00:00, Sys 0 00:00:00  -  Run Local Usage
		Usr 0 00:05:15, Sys 0 00:00:07  -  Total Remote Usage
		Usr 0 00:00:00, Sys 0 00:00:00  -  Total Local Usage
	15389  -  Run Bytes Sent By Job
	444  -  Run Bytes Received By Job
	15389  -  Total Bytes Sent By Job
	444  -  Total Bytes Received By Job
	Partitionable Resources :    Usage  Request Allocated 
	   Cpus                 :     0.15        1         1 
	   Disk (KB)            :    36           1    259155 
	   Memory (MB)          :  1555        2000      2000 

	Job terminated of its own accord at 2021-06-14T11:34:12Z.
...
