000 (7309413.000.000) 06/14 11:26:09 Job submitted from host: <137.138.44.75:9618?addrs=137.138.44.75-9618+[2001-1458-d00-1a--b]-9618&alias=bigbird14.cern.ch&noUDP&sock=schedd_3149486_02ef>
...
040 (7309413.000.000) 06/14 13:27:01 Started transferring input files
	Transferring to host: <128.142.86.122:9618?addrs=128.142.86.122-9618+[2001-1458-301-f6--100-434]-9618&alias=b7s14n1817.cern.ch&noUDP&sock=slot1_2_5860_a667_46877>
...
040 (7309413.000.000) 06/14 13:27:01 Finished transferring input files
...
001 (7309413.000.000) 06/14 13:27:02 Job executing on host: <128.142.86.122:9618?addrs=128.142.86.122-9618+[2001-1458-301-f6--100-434]-9618&alias=b7s14n1817.cern.ch&noUDP&sock=startd_4784_012a>
...
006 (7309413.000.000) 06/14 13:27:11 Image size of job updated: 57216
	42  -  MemoryUsage of job (MB)
	42732  -  ResidentSetSize of job (KB)
...
006 (7309413.000.000) 06/14 13:32:12 Image size of job updated: 3000916
	1531  -  MemoryUsage of job (MB)
	1567348  -  ResidentSetSize of job (KB)
...
040 (7309413.000.000) 06/14 13:32:19 Started transferring output files
...
040 (7309413.000.000) 06/14 13:32:19 Finished transferring output files
...
005 (7309413.000.000) 06/14 13:32:19 Job terminated.
	(1) Normal termination (return value 0)
		Usr 0 00:04:02, Sys 0 00:00:08  -  Run Remote Usage
		Usr 0 00:00:00, Sys 0 00:00:00  -  Run Local Usage
		Usr 0 00:04:02, Sys 0 00:00:08  -  Total Remote Usage
		Usr 0 00:00:00, Sys 0 00:00:00  -  Total Local Usage
	15100  -  Run Bytes Sent By Job
	444  -  Run Bytes Received By Job
	15100  -  Total Bytes Sent By Job
	444  -  Total Bytes Received By Job
	Partitionable Resources :    Usage  Request Allocated 
	   Cpus                 :     1.00        1         1 
	   Disk (KB)            :    36           1    272219 
	   Memory (MB)          :  1531        2000      2000 

	Job terminated of its own accord at 2021-06-14T11:32:19Z.
...
