14-Jun-2021 13:27:26 CEST  Initiating request to open file file:/eos/cms/store/user/tsarkar/SIM_Condor_output_Vector_MonoZLL_NLO_Mphi-500_Mchi-150_gSM-0p25_gDM-1p0_ctau10p0/step_SIM_2017UL_2.root
14-Jun-2021 13:27:28 CEST  Successfully opened file file:/eos/cms/store/user/tsarkar/SIM_Condor_output_Vector_MonoZLL_NLO_Mphi-500_Mchi-150_gSM-0p25_gDM-1p0_ctau10p0/step_SIM_2017UL_2.root
14-Jun-2021 13:27:32 CEST  Initiating request to open file root://eoscms.cern.ch//eos/cms/store/mc/RunIISummer20ULPrePremix/Neutrino_E-10_gun/PREMIX/UL17_106X_mc2017_realistic_v6-v3/210015/962727F1-EDDA-C742-9F8C-7F07D53DEFEB.root
%MSG-w XrdAdaptor:  PreMixingModule:mixData@ctor 14-Jun-2021 13:27:34 CEST  pre-events
Data is served from cern.ch instead of original site eoscms
%MSG
14-Jun-2021 13:27:34 CEST  Successfully opened file root://eoscms.cern.ch//eos/cms/store/mc/RunIISummer20ULPrePremix/Neutrino_E-10_gun/PREMIX/UL17_106X_mc2017_realistic_v6-v3/210015/962727F1-EDDA-C742-9F8C-7F07D53DEFEB.root
Begin processing the 1st record. Run 1, Event 51, LumiSection 2 on stream 0 at 14-Jun-2021 13:27:50.843 CEST
14-Jun-2021 13:29:34 CEST  Closed file root://eoscms.cern.ch//eos/cms/store/mc/RunIISummer20ULPrePremix/Neutrino_E-10_gun/PREMIX/UL17_106X_mc2017_realistic_v6-v3/210015/962727F1-EDDA-C742-9F8C-7F07D53DEFEB.root
14-Jun-2021 13:29:34 CEST  Initiating request to open file root://eoscms.cern.ch//eos/cms/store/mc/RunIISummer20ULPrePremix/Neutrino_E-10_gun/PREMIX/UL17_106X_mc2017_realistic_v6-v3/10003/4ADD03EB-A711-024D-A2EC-0DE99F393CF4.root
%MSG-w XrdAdaptor:  PreMixingModule:mixData 14-Jun-2021 13:29:36 CEST  Run: 1 Event: 51
Data is served from cern.ch instead of original site eoscms
%MSG
14-Jun-2021 13:29:36 CEST  Successfully opened file root://eoscms.cern.ch//eos/cms/store/mc/RunIISummer20ULPrePremix/Neutrino_E-10_gun/PREMIX/UL17_106X_mc2017_realistic_v6-v3/10003/4ADD03EB-A711-024D-A2EC-0DE99F393CF4.root
Begin processing the 2nd record. Run 1, Event 53, LumiSection 2 on stream 0 at 14-Jun-2021 13:29:51.295 CEST
Begin processing the 3rd record. Run 1, Event 54, LumiSection 2 on stream 0 at 14-Jun-2021 13:29:53.619 CEST
Begin processing the 4th record. Run 1, Event 52, LumiSection 2 on stream 0 at 14-Jun-2021 13:29:56.208 CEST
Begin processing the 5th record. Run 1, Event 57, LumiSection 2 on stream 0 at 14-Jun-2021 13:29:59.770 CEST
Begin processing the 6th record. Run 1, Event 56, LumiSection 2 on stream 0 at 14-Jun-2021 13:30:02.599 CEST
Begin processing the 7th record. Run 1, Event 55, LumiSection 2 on stream 0 at 14-Jun-2021 13:30:06.680 CEST
Begin processing the 8th record. Run 1, Event 58, LumiSection 2 on stream 0 at 14-Jun-2021 13:30:09.668 CEST
Begin processing the 9th record. Run 1, Event 62, LumiSection 2 on stream 0 at 14-Jun-2021 13:30:12.629 CEST
Begin processing the 10th record. Run 1, Event 59, LumiSection 2 on stream 0 at 14-Jun-2021 13:30:14.960 CEST
Begin processing the 11th record. Run 1, Event 60, LumiSection 2 on stream 0 at 14-Jun-2021 13:30:17.899 CEST
Begin processing the 12th record. Run 1, Event 64, LumiSection 2 on stream 0 at 14-Jun-2021 13:30:20.940 CEST
Begin processing the 13th record. Run 1, Event 66, LumiSection 2 on stream 0 at 14-Jun-2021 13:30:23.897 CEST
Begin processing the 14th record. Run 1, Event 61, LumiSection 2 on stream 0 at 14-Jun-2021 13:30:26.270 CEST
Begin processing the 15th record. Run 1, Event 65, LumiSection 2 on stream 0 at 14-Jun-2021 13:30:29.409 CEST
Begin processing the 16th record. Run 1, Event 63, LumiSection 2 on stream 0 at 14-Jun-2021 13:30:32.083 CEST
Begin processing the 17th record. Run 1, Event 67, LumiSection 2 on stream 0 at 14-Jun-2021 13:30:35.170 CEST
Begin processing the 18th record. Run 1, Event 69, LumiSection 2 on stream 0 at 14-Jun-2021 13:30:38.156 CEST
Begin processing the 19th record. Run 1, Event 70, LumiSection 2 on stream 0 at 14-Jun-2021 13:30:40.858 CEST
Begin processing the 20th record. Run 1, Event 72, LumiSection 2 on stream 0 at 14-Jun-2021 13:30:44.199 CEST
Begin processing the 21st record. Run 1, Event 68, LumiSection 2 on stream 0 at 14-Jun-2021 13:30:46.691 CEST
Begin processing the 22nd record. Run 1, Event 71, LumiSection 2 on stream 0 at 14-Jun-2021 13:30:49.724 CEST
Begin processing the 23rd record. Run 1, Event 74, LumiSection 2 on stream 0 at 14-Jun-2021 13:30:52.614 CEST
Begin processing the 24th record. Run 1, Event 76, LumiSection 2 on stream 0 at 14-Jun-2021 13:30:55.312 CEST
Begin processing the 25th record. Run 1, Event 75, LumiSection 2 on stream 0 at 14-Jun-2021 13:30:58.286 CEST
Begin processing the 26th record. Run 1, Event 73, LumiSection 2 on stream 0 at 14-Jun-2021 13:31:00.800 CEST
Begin processing the 27th record. Run 1, Event 77, LumiSection 2 on stream 0 at 14-Jun-2021 13:31:03.512 CEST
Begin processing the 28th record. Run 1, Event 78, LumiSection 2 on stream 0 at 14-Jun-2021 13:31:06.318 CEST
Begin processing the 29th record. Run 1, Event 79, LumiSection 2 on stream 0 at 14-Jun-2021 13:31:08.752 CEST
Begin processing the 30th record. Run 1, Event 80, LumiSection 2 on stream 0 at 14-Jun-2021 13:31:11.498 CEST
Begin processing the 31st record. Run 1, Event 82, LumiSection 2 on stream 0 at 14-Jun-2021 13:31:14.197 CEST
Begin processing the 32nd record. Run 1, Event 81, LumiSection 2 on stream 0 at 14-Jun-2021 13:31:16.913 CEST
Begin processing the 33rd record. Run 1, Event 83, LumiSection 2 on stream 0 at 14-Jun-2021 13:31:20.669 CEST
Begin processing the 34th record. Run 1, Event 84, LumiSection 2 on stream 0 at 14-Jun-2021 13:31:24.269 CEST
Begin processing the 35th record. Run 1, Event 86, LumiSection 2 on stream 0 at 14-Jun-2021 13:31:27.271 CEST
Begin processing the 36th record. Run 1, Event 87, LumiSection 2 on stream 0 at 14-Jun-2021 13:31:29.988 CEST
Begin processing the 37th record. Run 1, Event 85, LumiSection 2 on stream 0 at 14-Jun-2021 13:31:32.299 CEST
Begin processing the 38th record. Run 1, Event 89, LumiSection 2 on stream 0 at 14-Jun-2021 13:31:35.126 CEST
Begin processing the 39th record. Run 1, Event 88, LumiSection 2 on stream 0 at 14-Jun-2021 13:31:37.464 CEST
Begin processing the 40th record. Run 1, Event 90, LumiSection 2 on stream 0 at 14-Jun-2021 13:31:41.209 CEST
Begin processing the 41st record. Run 1, Event 91, LumiSection 2 on stream 0 at 14-Jun-2021 13:31:44.625 CEST
Begin processing the 42nd record. Run 1, Event 94, LumiSection 2 on stream 0 at 14-Jun-2021 13:31:47.842 CEST
Begin processing the 43rd record. Run 1, Event 93, LumiSection 2 on stream 0 at 14-Jun-2021 13:31:49.874 CEST
Begin processing the 44th record. Run 1, Event 92, LumiSection 2 on stream 0 at 14-Jun-2021 13:31:53.804 CEST
Begin processing the 45th record. Run 1, Event 96, LumiSection 2 on stream 0 at 14-Jun-2021 13:31:57.061 CEST
Begin processing the 46th record. Run 1, Event 97, LumiSection 2 on stream 0 at 14-Jun-2021 13:32:00.096 CEST
Begin processing the 47th record. Run 1, Event 95, LumiSection 2 on stream 0 at 14-Jun-2021 13:32:02.906 CEST
Begin processing the 48th record. Run 1, Event 98, LumiSection 2 on stream 0 at 14-Jun-2021 13:32:05.275 CEST
Begin processing the 49th record. Run 1, Event 100, LumiSection 2 on stream 0 at 14-Jun-2021 13:32:09.928 CEST
Begin processing the 50th record. Run 1, Event 99, LumiSection 2 on stream 0 at 14-Jun-2021 13:32:12.144 CEST
14-Jun-2021 13:32:15 CEST  Closed file file:/eos/cms/store/user/tsarkar/SIM_Condor_output_Vector_MonoZLL_NLO_Mphi-500_Mchi-150_gSM-0p25_gDM-1p0_ctau10p0/step_SIM_2017UL_2.root
14-Jun-2021 13:32:15 CEST  Closed file root://eoscms.cern.ch//eos/cms/store/mc/RunIISummer20ULPrePremix/Neutrino_E-10_gun/PREMIX/UL17_106X_mc2017_realistic_v6-v3/10003/4ADD03EB-A711-024D-A2EC-0DE99F393CF4.root

=============================================

MessageLogger Summary

 type     category        sev    module        subroutine        count    total
 ---- -------------------- -- ---------------- ----------------  -----    -----
    1 XrdAdaptor           -w PreMixingModule:                       1        1
    2 XrdAdaptor           -w PreMixingModule:                       1        1
    3 fileAction           -s PreMixingModule:                       3        3
    4 fileAction           -s PreMixingModule:                       2        2
    5 fileAction           -s PreMixingModule:                       1        1
    6 fileAction           -s file_close                             1        1
    7 fileAction           -s file_open                              2        2

 type    category    Examples: run/evt        run/evt          run/evt
 ---- -------------------- ---------------- ---------------- ----------------
    1 XrdAdaptor           1/51                              
    2 XrdAdaptor           pre-events                        
    3 fileAction           1/51             1/51             1/51
    4 fileAction           pre-events       pre-events       
    5 fileAction           PostGlobalEndRun                  
    6 fileAction           PostGlobalEndRun                  
    7 fileAction           pre-events       pre-events       

Severity    # Occurrences   Total Occurrences
--------    -------------   -----------------
Warning                 2                   2
System                  9                   9

dropped waiting message count 0
