14-Jun-2021 13:27:50 CEST  Initiating request to open file file:/eos/cms/store/user/tsarkar/SIM_Condor_output_Vector_MonoZLL_NLO_Mphi-500_Mchi-150_gSM-0p25_gDM-1p0_ctau10p0/step_SIM_2017UL_19.root
14-Jun-2021 13:27:52 CEST  Successfully opened file file:/eos/cms/store/user/tsarkar/SIM_Condor_output_Vector_MonoZLL_NLO_Mphi-500_Mchi-150_gSM-0p25_gDM-1p0_ctau10p0/step_SIM_2017UL_19.root
14-Jun-2021 13:27:58 CEST  Initiating request to open file root://eoscms.cern.ch//eos/cms/store/mc/RunIISummer20ULPrePremix/Neutrino_E-10_gun/PREMIX/UL17_106X_mc2017_realistic_v6-v3/20000/3BC7EA8A-7D94-B646-8FFC-9C3F0C098846.root
%MSG-w XrdAdaptor:  PreMixingModule:mixData@ctor 14-Jun-2021 13:28:00 CEST  pre-events
Data is served from cern.ch instead of original site eoscms
%MSG
14-Jun-2021 13:28:00 CEST  Successfully opened file root://eoscms.cern.ch//eos/cms/store/mc/RunIISummer20ULPrePremix/Neutrino_E-10_gun/PREMIX/UL17_106X_mc2017_realistic_v6-v3/20000/3BC7EA8A-7D94-B646-8FFC-9C3F0C098846.root
Begin processing the 1st record. Run 1, Event 903, LumiSection 19 on stream 0 at 14-Jun-2021 13:28:18.582 CEST
14-Jun-2021 13:30:28 CEST  Closed file root://eoscms.cern.ch//eos/cms/store/mc/RunIISummer20ULPrePremix/Neutrino_E-10_gun/PREMIX/UL17_106X_mc2017_realistic_v6-v3/20000/3BC7EA8A-7D94-B646-8FFC-9C3F0C098846.root
14-Jun-2021 13:30:28 CEST  Initiating request to open file root://eoscms.cern.ch//eos/cms/store/mc/RunIISummer20ULPrePremix/Neutrino_E-10_gun/PREMIX/UL17_106X_mc2017_realistic_v6-v3/210011/8A3AB25D-817C-3445-B56A-5B8DD750340E.root
%MSG-w XrdAdaptor:  PreMixingModule:mixData 14-Jun-2021 13:30:30 CEST  Run: 1 Event: 903
Data is served from cern.ch instead of original site eoscms
%MSG
14-Jun-2021 13:30:30 CEST  Successfully opened file root://eoscms.cern.ch//eos/cms/store/mc/RunIISummer20ULPrePremix/Neutrino_E-10_gun/PREMIX/UL17_106X_mc2017_realistic_v6-v3/210011/8A3AB25D-817C-3445-B56A-5B8DD750340E.root
Begin processing the 2nd record. Run 1, Event 901, LumiSection 19 on stream 0 at 14-Jun-2021 13:30:51.779 CEST
Begin processing the 3rd record. Run 1, Event 904, LumiSection 19 on stream 0 at 14-Jun-2021 13:30:56.028 CEST
Begin processing the 4th record. Run 1, Event 905, LumiSection 19 on stream 0 at 14-Jun-2021 13:31:00.480 CEST
Begin processing the 5th record. Run 1, Event 902, LumiSection 19 on stream 0 at 14-Jun-2021 13:31:04.213 CEST
Begin processing the 6th record. Run 1, Event 908, LumiSection 19 on stream 0 at 14-Jun-2021 13:31:08.575 CEST
Begin processing the 7th record. Run 1, Event 909, LumiSection 19 on stream 0 at 14-Jun-2021 13:31:11.864 CEST
Begin processing the 8th record. Run 1, Event 907, LumiSection 19 on stream 0 at 14-Jun-2021 13:31:15.338 CEST
Begin processing the 9th record. Run 1, Event 911, LumiSection 19 on stream 0 at 14-Jun-2021 13:31:19.461 CEST
Begin processing the 10th record. Run 1, Event 910, LumiSection 19 on stream 0 at 14-Jun-2021 13:31:22.686 CEST
Begin processing the 11th record. Run 1, Event 906, LumiSection 19 on stream 0 at 14-Jun-2021 13:31:27.019 CEST
Begin processing the 12th record. Run 1, Event 912, LumiSection 19 on stream 0 at 14-Jun-2021 13:31:31.492 CEST
Begin processing the 13th record. Run 1, Event 914, LumiSection 19 on stream 0 at 14-Jun-2021 13:31:34.597 CEST
Begin processing the 14th record. Run 1, Event 915, LumiSection 19 on stream 0 at 14-Jun-2021 13:31:38.016 CEST
Begin processing the 15th record. Run 1, Event 913, LumiSection 19 on stream 0 at 14-Jun-2021 13:31:41.275 CEST
Begin processing the 16th record. Run 1, Event 917, LumiSection 19 on stream 0 at 14-Jun-2021 13:31:46.257 CEST
Begin processing the 17th record. Run 1, Event 919, LumiSection 19 on stream 0 at 14-Jun-2021 13:31:49.596 CEST
Begin processing the 18th record. Run 1, Event 916, LumiSection 19 on stream 0 at 14-Jun-2021 13:31:52.777 CEST
Begin processing the 19th record. Run 1, Event 918, LumiSection 19 on stream 0 at 14-Jun-2021 13:31:57.265 CEST
Begin processing the 20th record. Run 1, Event 920, LumiSection 19 on stream 0 at 14-Jun-2021 13:32:01.198 CEST
Begin processing the 21st record. Run 1, Event 921, LumiSection 19 on stream 0 at 14-Jun-2021 13:32:05.002 CEST
Begin processing the 22nd record. Run 1, Event 923, LumiSection 19 on stream 0 at 14-Jun-2021 13:32:08.083 CEST
Begin processing the 23rd record. Run 1, Event 924, LumiSection 19 on stream 0 at 14-Jun-2021 13:32:10.990 CEST
Begin processing the 24th record. Run 1, Event 922, LumiSection 19 on stream 0 at 14-Jun-2021 13:32:14.196 CEST
Begin processing the 25th record. Run 1, Event 925, LumiSection 19 on stream 0 at 14-Jun-2021 13:32:18.386 CEST
Begin processing the 26th record. Run 1, Event 927, LumiSection 19 on stream 0 at 14-Jun-2021 13:32:23.000 CEST
Begin processing the 27th record. Run 1, Event 926, LumiSection 19 on stream 0 at 14-Jun-2021 13:32:25.969 CEST
Begin processing the 28th record. Run 1, Event 928, LumiSection 19 on stream 0 at 14-Jun-2021 13:32:29.870 CEST
Begin processing the 29th record. Run 1, Event 930, LumiSection 19 on stream 0 at 14-Jun-2021 13:32:33.719 CEST
Begin processing the 30th record. Run 1, Event 932, LumiSection 19 on stream 0 at 14-Jun-2021 13:32:37.910 CEST
Begin processing the 31st record. Run 1, Event 929, LumiSection 19 on stream 0 at 14-Jun-2021 13:32:40.938 CEST
Begin processing the 32nd record. Run 1, Event 934, LumiSection 19 on stream 0 at 14-Jun-2021 13:32:45.028 CEST
Begin processing the 33rd record. Run 1, Event 936, LumiSection 19 on stream 0 at 14-Jun-2021 13:32:48.227 CEST
Begin processing the 34th record. Run 1, Event 933, LumiSection 19 on stream 0 at 14-Jun-2021 13:32:51.860 CEST
Begin processing the 35th record. Run 1, Event 935, LumiSection 19 on stream 0 at 14-Jun-2021 13:32:55.129 CEST
Begin processing the 36th record. Run 1, Event 931, LumiSection 19 on stream 0 at 14-Jun-2021 13:32:59.588 CEST
Begin processing the 37th record. Run 1, Event 937, LumiSection 19 on stream 0 at 14-Jun-2021 13:33:03.800 CEST
Begin processing the 38th record. Run 1, Event 940, LumiSection 19 on stream 0 at 14-Jun-2021 13:33:08.763 CEST
Begin processing the 39th record. Run 1, Event 939, LumiSection 19 on stream 0 at 14-Jun-2021 13:33:12.452 CEST
Begin processing the 40th record. Run 1, Event 941, LumiSection 19 on stream 0 at 14-Jun-2021 13:33:17.010 CEST
Begin processing the 41st record. Run 1, Event 938, LumiSection 19 on stream 0 at 14-Jun-2021 13:33:20.609 CEST
Begin processing the 42nd record. Run 1, Event 942, LumiSection 19 on stream 0 at 14-Jun-2021 13:33:24.784 CEST
Begin processing the 43rd record. Run 1, Event 943, LumiSection 19 on stream 0 at 14-Jun-2021 13:33:28.346 CEST
Begin processing the 44th record. Run 1, Event 944, LumiSection 19 on stream 0 at 14-Jun-2021 13:33:32.538 CEST
Begin processing the 45th record. Run 1, Event 946, LumiSection 19 on stream 0 at 14-Jun-2021 13:33:35.948 CEST
Begin processing the 46th record. Run 1, Event 948, LumiSection 19 on stream 0 at 14-Jun-2021 13:33:39.077 CEST
Begin processing the 47th record. Run 1, Event 945, LumiSection 19 on stream 0 at 14-Jun-2021 13:33:42.908 CEST
Begin processing the 48th record. Run 1, Event 947, LumiSection 19 on stream 0 at 14-Jun-2021 13:33:47.155 CEST
Begin processing the 49th record. Run 1, Event 949, LumiSection 19 on stream 0 at 14-Jun-2021 13:33:51.313 CEST
Begin processing the 50th record. Run 1, Event 950, LumiSection 19 on stream 0 at 14-Jun-2021 13:33:54.702 CEST
14-Jun-2021 13:34:00 CEST  Closed file file:/eos/cms/store/user/tsarkar/SIM_Condor_output_Vector_MonoZLL_NLO_Mphi-500_Mchi-150_gSM-0p25_gDM-1p0_ctau10p0/step_SIM_2017UL_19.root
14-Jun-2021 13:34:01 CEST  Closed file root://eoscms.cern.ch//eos/cms/store/mc/RunIISummer20ULPrePremix/Neutrino_E-10_gun/PREMIX/UL17_106X_mc2017_realistic_v6-v3/210011/8A3AB25D-817C-3445-B56A-5B8DD750340E.root

=============================================

MessageLogger Summary

 type     category        sev    module        subroutine        count    total
 ---- -------------------- -- ---------------- ----------------  -----    -----
    1 XrdAdaptor           -w PreMixingModule:                       1        1
    2 XrdAdaptor           -w PreMixingModule:                       1        1
    3 fileAction           -s PreMixingModule:                       3        3
    4 fileAction           -s PreMixingModule:                       2        2
    5 fileAction           -s PreMixingModule:                       1        1
    6 fileAction           -s file_close                             1        1
    7 fileAction           -s file_open                              2        2

 type    category    Examples: run/evt        run/evt          run/evt
 ---- -------------------- ---------------- ---------------- ----------------
    1 XrdAdaptor           1/903                             
    2 XrdAdaptor           pre-events                        
    3 fileAction           1/903            1/903            1/903
    4 fileAction           pre-events       pre-events       
    5 fileAction           PostGlobalEndRun                  
    6 fileAction           PostGlobalEndRun                  
    7 fileAction           pre-events       pre-events       

Severity    # Occurrences   Total Occurrences
--------    -------------   -----------------
Warning                 2                   2
System                  9                   9

dropped waiting message count 0
