14-Jun-2021 13:27:23 CEST  Initiating request to open file file:/eos/cms/store/user/tsarkar/SIM_Condor_output_Vector_MonoZLL_NLO_Mphi-500_Mchi-150_gSM-0p25_gDM-1p0_ctau10p0/step_SIM_2017UL_13.root
14-Jun-2021 13:27:25 CEST  Successfully opened file file:/eos/cms/store/user/tsarkar/SIM_Condor_output_Vector_MonoZLL_NLO_Mphi-500_Mchi-150_gSM-0p25_gDM-1p0_ctau10p0/step_SIM_2017UL_13.root
14-Jun-2021 13:27:30 CEST  Initiating request to open file root://eoscms.cern.ch//eos/cms/store/mc/RunIISummer20ULPrePremix/Neutrino_E-10_gun/PREMIX/UL17_106X_mc2017_realistic_v6-v3/210016/A188A0E7-4281-1B40-A83E-C9C1E929CCE1.root
%MSG-w XrdAdaptor:  PreMixingModule:mixData@ctor 14-Jun-2021 13:27:32 CEST  pre-events
Data is served from cern.ch instead of original site eoscms
%MSG
14-Jun-2021 13:27:32 CEST  Successfully opened file root://eoscms.cern.ch//eos/cms/store/mc/RunIISummer20ULPrePremix/Neutrino_E-10_gun/PREMIX/UL17_106X_mc2017_realistic_v6-v3/210016/A188A0E7-4281-1B40-A83E-C9C1E929CCE1.root
Begin processing the 1st record. Run 1, Event 601, LumiSection 13 on stream 0 at 14-Jun-2021 13:27:48.444 CEST
14-Jun-2021 13:29:51 CEST  Closed file root://eoscms.cern.ch//eos/cms/store/mc/RunIISummer20ULPrePremix/Neutrino_E-10_gun/PREMIX/UL17_106X_mc2017_realistic_v6-v3/210016/A188A0E7-4281-1B40-A83E-C9C1E929CCE1.root
14-Jun-2021 13:29:51 CEST  Initiating request to open file root://eoscms.cern.ch//eos/cms/store/mc/RunIISummer20ULPrePremix/Neutrino_E-10_gun/PREMIX/UL17_106X_mc2017_realistic_v6-v3/210019/25728D86-35C3-2246-A642-A74ED42ABB83.root
%MSG-w XrdAdaptor:  PreMixingModule:mixData 14-Jun-2021 13:29:53 CEST  Run: 1 Event: 601
Data is served from cern.ch instead of original site eoscms
%MSG
14-Jun-2021 13:29:53 CEST  Successfully opened file root://eoscms.cern.ch//eos/cms/store/mc/RunIISummer20ULPrePremix/Neutrino_E-10_gun/PREMIX/UL17_106X_mc2017_realistic_v6-v3/210019/25728D86-35C3-2246-A642-A74ED42ABB83.root
Begin processing the 2nd record. Run 1, Event 602, LumiSection 13 on stream 0 at 14-Jun-2021 13:30:14.720 CEST
Begin processing the 3rd record. Run 1, Event 604, LumiSection 13 on stream 0 at 14-Jun-2021 13:30:17.648 CEST
Begin processing the 4th record. Run 1, Event 603, LumiSection 13 on stream 0 at 14-Jun-2021 13:30:20.387 CEST
Begin processing the 5th record. Run 1, Event 607, LumiSection 13 on stream 0 at 14-Jun-2021 13:30:23.976 CEST
Begin processing the 6th record. Run 1, Event 606, LumiSection 13 on stream 0 at 14-Jun-2021 13:30:26.546 CEST
Begin processing the 7th record. Run 1, Event 605, LumiSection 13 on stream 0 at 14-Jun-2021 13:30:29.440 CEST
Begin processing the 8th record. Run 1, Event 608, LumiSection 13 on stream 0 at 14-Jun-2021 13:30:32.340 CEST
Begin processing the 9th record. Run 1, Event 609, LumiSection 13 on stream 0 at 14-Jun-2021 13:30:35.940 CEST
Begin processing the 10th record. Run 1, Event 610, LumiSection 13 on stream 0 at 14-Jun-2021 13:30:41.193 CEST
Begin processing the 11th record. Run 1, Event 611, LumiSection 13 on stream 0 at 14-Jun-2021 13:30:44.860 CEST
Begin processing the 12th record. Run 1, Event 613, LumiSection 13 on stream 0 at 14-Jun-2021 13:30:48.757 CEST
Begin processing the 13th record. Run 1, Event 612, LumiSection 13 on stream 0 at 14-Jun-2021 13:30:53.235 CEST
Begin processing the 14th record. Run 1, Event 615, LumiSection 13 on stream 0 at 14-Jun-2021 13:30:56.682 CEST
Begin processing the 15th record. Run 1, Event 614, LumiSection 13 on stream 0 at 14-Jun-2021 13:30:59.338 CEST
Begin processing the 16th record. Run 1, Event 617, LumiSection 13 on stream 0 at 14-Jun-2021 13:31:03.452 CEST
Begin processing the 17th record. Run 1, Event 616, LumiSection 13 on stream 0 at 14-Jun-2021 13:31:06.443 CEST
Begin processing the 18th record. Run 1, Event 618, LumiSection 13 on stream 0 at 14-Jun-2021 13:31:09.662 CEST
Begin processing the 19th record. Run 1, Event 620, LumiSection 13 on stream 0 at 14-Jun-2021 13:31:13.228 CEST
Begin processing the 20th record. Run 1, Event 619, LumiSection 13 on stream 0 at 14-Jun-2021 13:31:17.046 CEST
Begin processing the 21st record. Run 1, Event 622, LumiSection 13 on stream 0 at 14-Jun-2021 13:31:21.387 CEST
Begin processing the 22nd record. Run 1, Event 621, LumiSection 13 on stream 0 at 14-Jun-2021 13:31:24.819 CEST
Begin processing the 23rd record. Run 1, Event 624, LumiSection 13 on stream 0 at 14-Jun-2021 13:31:29.399 CEST
Begin processing the 24th record. Run 1, Event 623, LumiSection 13 on stream 0 at 14-Jun-2021 13:31:33.543 CEST
Begin processing the 25th record. Run 1, Event 627, LumiSection 13 on stream 0 at 14-Jun-2021 13:31:36.967 CEST
Begin processing the 26th record. Run 1, Event 626, LumiSection 13 on stream 0 at 14-Jun-2021 13:31:39.970 CEST
Begin processing the 27th record. Run 1, Event 628, LumiSection 13 on stream 0 at 14-Jun-2021 13:31:43.785 CEST
Begin processing the 28th record. Run 1, Event 625, LumiSection 13 on stream 0 at 14-Jun-2021 13:31:47.085 CEST
Begin processing the 29th record. Run 1, Event 630, LumiSection 13 on stream 0 at 14-Jun-2021 13:31:51.343 CEST
Begin processing the 30th record. Run 1, Event 631, LumiSection 13 on stream 0 at 14-Jun-2021 13:31:55.000 CEST
Begin processing the 31st record. Run 1, Event 633, LumiSection 13 on stream 0 at 14-Jun-2021 13:31:58.475 CEST
Begin processing the 32nd record. Run 1, Event 629, LumiSection 13 on stream 0 at 14-Jun-2021 13:32:03.173 CEST
Begin processing the 33rd record. Run 1, Event 634, LumiSection 13 on stream 0 at 14-Jun-2021 13:32:06.710 CEST
Begin processing the 34th record. Run 1, Event 636, LumiSection 13 on stream 0 at 14-Jun-2021 13:32:10.693 CEST
Begin processing the 35th record. Run 1, Event 632, LumiSection 13 on stream 0 at 14-Jun-2021 13:32:14.186 CEST
Begin processing the 36th record. Run 1, Event 635, LumiSection 13 on stream 0 at 14-Jun-2021 13:32:19.247 CEST
Begin processing the 37th record. Run 1, Event 639, LumiSection 13 on stream 0 at 14-Jun-2021 13:32:22.876 CEST
Begin processing the 38th record. Run 1, Event 638, LumiSection 13 on stream 0 at 14-Jun-2021 13:32:26.931 CEST
Begin processing the 39th record. Run 1, Event 637, LumiSection 13 on stream 0 at 14-Jun-2021 13:32:31.341 CEST
Begin processing the 40th record. Run 1, Event 640, LumiSection 13 on stream 0 at 14-Jun-2021 13:32:35.726 CEST
Begin processing the 41st record. Run 1, Event 644, LumiSection 13 on stream 0 at 14-Jun-2021 13:32:39.397 CEST
Begin processing the 42nd record. Run 1, Event 641, LumiSection 13 on stream 0 at 14-Jun-2021 13:32:42.170 CEST
Begin processing the 43rd record. Run 1, Event 642, LumiSection 13 on stream 0 at 14-Jun-2021 13:32:45.747 CEST
Begin processing the 44th record. Run 1, Event 646, LumiSection 13 on stream 0 at 14-Jun-2021 13:32:49.475 CEST
Begin processing the 45th record. Run 1, Event 645, LumiSection 13 on stream 0 at 14-Jun-2021 13:32:53.366 CEST
Begin processing the 46th record. Run 1, Event 643, LumiSection 13 on stream 0 at 14-Jun-2021 13:32:58.340 CEST
Begin processing the 47th record. Run 1, Event 650, LumiSection 13 on stream 0 at 14-Jun-2021 13:33:01.940 CEST
Begin processing the 48th record. Run 1, Event 649, LumiSection 13 on stream 0 at 14-Jun-2021 13:33:04.989 CEST
Begin processing the 49th record. Run 1, Event 648, LumiSection 13 on stream 0 at 14-Jun-2021 13:33:08.838 CEST
Begin processing the 50th record. Run 1, Event 647, LumiSection 13 on stream 0 at 14-Jun-2021 13:33:12.328 CEST
14-Jun-2021 13:33:15 CEST  Closed file file:/eos/cms/store/user/tsarkar/SIM_Condor_output_Vector_MonoZLL_NLO_Mphi-500_Mchi-150_gSM-0p25_gDM-1p0_ctau10p0/step_SIM_2017UL_13.root
14-Jun-2021 13:33:15 CEST  Closed file root://eoscms.cern.ch//eos/cms/store/mc/RunIISummer20ULPrePremix/Neutrino_E-10_gun/PREMIX/UL17_106X_mc2017_realistic_v6-v3/210019/25728D86-35C3-2246-A642-A74ED42ABB83.root

=============================================

MessageLogger Summary

 type     category        sev    module        subroutine        count    total
 ---- -------------------- -- ---------------- ----------------  -----    -----
    1 XrdAdaptor           -w PreMixingModule:                       1        1
    2 XrdAdaptor           -w PreMixingModule:                       1        1
    3 fileAction           -s PreMixingModule:                       3        3
    4 fileAction           -s PreMixingModule:                       2        2
    5 fileAction           -s PreMixingModule:                       1        1
    6 fileAction           -s file_close                             1        1
    7 fileAction           -s file_open                              2        2

 type    category    Examples: run/evt        run/evt          run/evt
 ---- -------------------- ---------------- ---------------- ----------------
    1 XrdAdaptor           1/601                             
    2 XrdAdaptor           pre-events                        
    3 fileAction           1/601            1/601            1/601
    4 fileAction           pre-events       pre-events       
    5 fileAction           PostGlobalEndRun                  
    6 fileAction           PostGlobalEndRun                  
    7 fileAction           pre-events       pre-events       

Severity    # Occurrences   Total Occurrences
--------    -------------   -----------------
Warning                 2                   2
System                  9                   9

dropped waiting message count 0
