14-Jun-2021 13:27:34 CEST  Initiating request to open file file:/eos/cms/store/user/tsarkar/SIM_Condor_output_Vector_MonoZLL_NLO_Mphi-500_Mchi-150_gSM-0p25_gDM-1p0_ctau10p0/step_SIM_2017UL_3.root
14-Jun-2021 13:27:36 CEST  Successfully opened file file:/eos/cms/store/user/tsarkar/SIM_Condor_output_Vector_MonoZLL_NLO_Mphi-500_Mchi-150_gSM-0p25_gDM-1p0_ctau10p0/step_SIM_2017UL_3.root
14-Jun-2021 13:27:41 CEST  Initiating request to open file root://eoscms.cern.ch//eos/cms/store/mc/RunIISummer20ULPrePremix/Neutrino_E-10_gun/PREMIX/UL17_106X_mc2017_realistic_v6-v3/210007/3EB19D30-5012-C748-8C66-9EE59F1606EC.root
%MSG-w XrdAdaptor:  PreMixingModule:mixData@ctor 14-Jun-2021 13:27:43 CEST  pre-events
Data is served from cern.ch instead of original site eoscms
%MSG
14-Jun-2021 13:27:43 CEST  Successfully opened file root://eoscms.cern.ch//eos/cms/store/mc/RunIISummer20ULPrePremix/Neutrino_E-10_gun/PREMIX/UL17_106X_mc2017_realistic_v6-v3/210007/3EB19D30-5012-C748-8C66-9EE59F1606EC.root
Begin processing the 1st record. Run 1, Event 102, LumiSection 3 on stream 0 at 14-Jun-2021 13:28:05.773 CEST
14-Jun-2021 13:30:22 CEST  Closed file root://eoscms.cern.ch//eos/cms/store/mc/RunIISummer20ULPrePremix/Neutrino_E-10_gun/PREMIX/UL17_106X_mc2017_realistic_v6-v3/210007/3EB19D30-5012-C748-8C66-9EE59F1606EC.root
14-Jun-2021 13:30:22 CEST  Initiating request to open file root://eoscms.cern.ch//eos/cms/store/mc/RunIISummer20ULPrePremix/Neutrino_E-10_gun/PREMIX/UL17_106X_mc2017_realistic_v6-v3/210012/14C0485E-DF6B-EE49-95BB-15BB4FE7276F.root
%MSG-w XrdAdaptor:  PreMixingModule:mixData 14-Jun-2021 13:30:24 CEST  Run: 1 Event: 102
Data is served from cern.ch instead of original site eoscms
%MSG
14-Jun-2021 13:30:24 CEST  Successfully opened file root://eoscms.cern.ch//eos/cms/store/mc/RunIISummer20ULPrePremix/Neutrino_E-10_gun/PREMIX/UL17_106X_mc2017_realistic_v6-v3/210012/14C0485E-DF6B-EE49-95BB-15BB4FE7276F.root
Begin processing the 2nd record. Run 1, Event 101, LumiSection 3 on stream 0 at 14-Jun-2021 13:30:46.481 CEST
Begin processing the 3rd record. Run 1, Event 105, LumiSection 3 on stream 0 at 14-Jun-2021 13:30:50.037 CEST
Begin processing the 4th record. Run 1, Event 103, LumiSection 3 on stream 0 at 14-Jun-2021 13:30:53.559 CEST
Begin processing the 5th record. Run 1, Event 106, LumiSection 3 on stream 0 at 14-Jun-2021 13:30:57.589 CEST
Begin processing the 6th record. Run 1, Event 104, LumiSection 3 on stream 0 at 14-Jun-2021 13:31:00.515 CEST
Begin processing the 7th record. Run 1, Event 108, LumiSection 3 on stream 0 at 14-Jun-2021 13:31:04.792 CEST
Begin processing the 8th record. Run 1, Event 107, LumiSection 3 on stream 0 at 14-Jun-2021 13:31:08.083 CEST
Begin processing the 9th record. Run 1, Event 109, LumiSection 3 on stream 0 at 14-Jun-2021 13:31:11.159 CEST
Begin processing the 10th record. Run 1, Event 110, LumiSection 3 on stream 0 at 14-Jun-2021 13:31:14.441 CEST
Begin processing the 11th record. Run 1, Event 112, LumiSection 3 on stream 0 at 14-Jun-2021 13:31:17.589 CEST
Begin processing the 12th record. Run 1, Event 113, LumiSection 3 on stream 0 at 14-Jun-2021 13:31:20.452 CEST
Begin processing the 13th record. Run 1, Event 111, LumiSection 3 on stream 0 at 14-Jun-2021 13:31:22.880 CEST
Begin processing the 14th record. Run 1, Event 114, LumiSection 3 on stream 0 at 14-Jun-2021 13:31:26.235 CEST
Begin processing the 15th record. Run 1, Event 115, LumiSection 3 on stream 0 at 14-Jun-2021 13:31:29.010 CEST
Begin processing the 16th record. Run 1, Event 119, LumiSection 3 on stream 0 at 14-Jun-2021 13:31:32.416 CEST
Begin processing the 17th record. Run 1, Event 118, LumiSection 3 on stream 0 at 14-Jun-2021 13:31:34.950 CEST
Begin processing the 18th record. Run 1, Event 117, LumiSection 3 on stream 0 at 14-Jun-2021 13:31:39.507 CEST
Begin processing the 19th record. Run 1, Event 120, LumiSection 3 on stream 0 at 14-Jun-2021 13:31:43.060 CEST
Begin processing the 20th record. Run 1, Event 116, LumiSection 3 on stream 0 at 14-Jun-2021 13:31:46.636 CEST
Begin processing the 21st record. Run 1, Event 121, LumiSection 3 on stream 0 at 14-Jun-2021 13:31:50.106 CEST
Begin processing the 22nd record. Run 1, Event 123, LumiSection 3 on stream 0 at 14-Jun-2021 13:31:52.715 CEST
Begin processing the 23rd record. Run 1, Event 122, LumiSection 3 on stream 0 at 14-Jun-2021 13:31:55.481 CEST
Begin processing the 24th record. Run 1, Event 127, LumiSection 3 on stream 0 at 14-Jun-2021 13:31:58.949 CEST
Begin processing the 25th record. Run 1, Event 126, LumiSection 3 on stream 0 at 14-Jun-2021 13:32:02.273 CEST
Begin processing the 26th record. Run 1, Event 125, LumiSection 3 on stream 0 at 14-Jun-2021 13:32:05.910 CEST
Begin processing the 27th record. Run 1, Event 124, LumiSection 3 on stream 0 at 14-Jun-2021 13:32:08.739 CEST
Begin processing the 28th record. Run 1, Event 129, LumiSection 3 on stream 0 at 14-Jun-2021 13:32:11.633 CEST
Begin processing the 29th record. Run 1, Event 128, LumiSection 3 on stream 0 at 14-Jun-2021 13:32:15.134 CEST
Begin processing the 30th record. Run 1, Event 130, LumiSection 3 on stream 0 at 14-Jun-2021 13:32:18.165 CEST
Begin processing the 31st record. Run 1, Event 132, LumiSection 3 on stream 0 at 14-Jun-2021 13:32:21.724 CEST
Begin processing the 32nd record. Run 1, Event 134, LumiSection 3 on stream 0 at 14-Jun-2021 13:32:24.270 CEST
Begin processing the 33rd record. Run 1, Event 131, LumiSection 3 on stream 0 at 14-Jun-2021 13:32:27.107 CEST
Begin processing the 34th record. Run 1, Event 136, LumiSection 3 on stream 0 at 14-Jun-2021 13:32:30.611 CEST
Begin processing the 35th record. Run 1, Event 137, LumiSection 3 on stream 0 at 14-Jun-2021 13:32:34.022 CEST
Begin processing the 36th record. Run 1, Event 135, LumiSection 3 on stream 0 at 14-Jun-2021 13:32:36.812 CEST
Begin processing the 37th record. Run 1, Event 140, LumiSection 3 on stream 0 at 14-Jun-2021 13:32:39.790 CEST
Begin processing the 38th record. Run 1, Event 139, LumiSection 3 on stream 0 at 14-Jun-2021 13:32:43.368 CEST
Begin processing the 39th record. Run 1, Event 133, LumiSection 3 on stream 0 at 14-Jun-2021 13:32:45.968 CEST
Begin processing the 40th record. Run 1, Event 138, LumiSection 3 on stream 0 at 14-Jun-2021 13:32:49.641 CEST
Begin processing the 41st record. Run 1, Event 143, LumiSection 3 on stream 0 at 14-Jun-2021 13:32:54.681 CEST
Begin processing the 42nd record. Run 1, Event 142, LumiSection 3 on stream 0 at 14-Jun-2021 13:32:58.196 CEST
Begin processing the 43rd record. Run 1, Event 144, LumiSection 3 on stream 0 at 14-Jun-2021 13:33:01.109 CEST
Begin processing the 44th record. Run 1, Event 141, LumiSection 3 on stream 0 at 14-Jun-2021 13:33:05.093 CEST
Begin processing the 45th record. Run 1, Event 147, LumiSection 3 on stream 0 at 14-Jun-2021 13:33:10.259 CEST
Begin processing the 46th record. Run 1, Event 145, LumiSection 3 on stream 0 at 14-Jun-2021 13:33:15.832 CEST
Begin processing the 47th record. Run 1, Event 146, LumiSection 3 on stream 0 at 14-Jun-2021 13:33:20.183 CEST
Begin processing the 48th record. Run 1, Event 150, LumiSection 3 on stream 0 at 14-Jun-2021 13:33:24.925 CEST
Begin processing the 49th record. Run 1, Event 148, LumiSection 3 on stream 0 at 14-Jun-2021 13:33:28.665 CEST
Begin processing the 50th record. Run 1, Event 149, LumiSection 3 on stream 0 at 14-Jun-2021 13:33:33.394 CEST
14-Jun-2021 13:33:37 CEST  Closed file file:/eos/cms/store/user/tsarkar/SIM_Condor_output_Vector_MonoZLL_NLO_Mphi-500_Mchi-150_gSM-0p25_gDM-1p0_ctau10p0/step_SIM_2017UL_3.root
14-Jun-2021 13:33:38 CEST  Closed file root://eoscms.cern.ch//eos/cms/store/mc/RunIISummer20ULPrePremix/Neutrino_E-10_gun/PREMIX/UL17_106X_mc2017_realistic_v6-v3/210012/14C0485E-DF6B-EE49-95BB-15BB4FE7276F.root

=============================================

MessageLogger Summary

 type     category        sev    module        subroutine        count    total
 ---- -------------------- -- ---------------- ----------------  -----    -----
    1 XrdAdaptor           -w PreMixingModule:                       1        1
    2 XrdAdaptor           -w PreMixingModule:                       1        1
    3 fileAction           -s PreMixingModule:                       3        3
    4 fileAction           -s PreMixingModule:                       2        2
    5 fileAction           -s PreMixingModule:                       1        1
    6 fileAction           -s file_close                             1        1
    7 fileAction           -s file_open                              2        2

 type    category    Examples: run/evt        run/evt          run/evt
 ---- -------------------- ---------------- ---------------- ----------------
    1 XrdAdaptor           1/102                             
    2 XrdAdaptor           pre-events                        
    3 fileAction           1/102            1/102            1/102
    4 fileAction           pre-events       pre-events       
    5 fileAction           PostGlobalEndRun                  
    6 fileAction           PostGlobalEndRun                  
    7 fileAction           pre-events       pre-events       

Severity    # Occurrences   Total Occurrences
--------    -------------   -----------------
Warning                 2                   2
System                  9                   9

dropped waiting message count 0
