14-Jun-2021 13:27:44 CEST  Initiating request to open file file:/eos/cms/store/user/tsarkar/SIM_Condor_output_Vector_MonoZLL_NLO_Mphi-500_Mchi-150_gSM-0p25_gDM-1p0_ctau10p0/step_SIM_2017UL_1.root
14-Jun-2021 13:27:47 CEST  Successfully opened file file:/eos/cms/store/user/tsarkar/SIM_Condor_output_Vector_MonoZLL_NLO_Mphi-500_Mchi-150_gSM-0p25_gDM-1p0_ctau10p0/step_SIM_2017UL_1.root
14-Jun-2021 13:27:51 CEST  Initiating request to open file root://eoscms.cern.ch//eos/cms/store/mc/RunIISummer20ULPrePremix/Neutrino_E-10_gun/PREMIX/UL17_106X_mc2017_realistic_v6-v3/210012/7A6BA4EA-189B-494F-8F14-82034810733F.root
%MSG-w XrdAdaptor:  PreMixingModule:mixData@ctor 14-Jun-2021 13:27:53 CEST  pre-events
Data is served from cern.ch instead of original site eoscms
%MSG
14-Jun-2021 13:27:53 CEST  Successfully opened file root://eoscms.cern.ch//eos/cms/store/mc/RunIISummer20ULPrePremix/Neutrino_E-10_gun/PREMIX/UL17_106X_mc2017_realistic_v6-v3/210012/7A6BA4EA-189B-494F-8F14-82034810733F.root
Begin processing the 1st record. Run 1, Event 2, LumiSection 1 on stream 0 at 14-Jun-2021 13:28:12.169 CEST
14-Jun-2021 13:30:35 CEST  Closed file root://eoscms.cern.ch//eos/cms/store/mc/RunIISummer20ULPrePremix/Neutrino_E-10_gun/PREMIX/UL17_106X_mc2017_realistic_v6-v3/210012/7A6BA4EA-189B-494F-8F14-82034810733F.root
14-Jun-2021 13:30:35 CEST  Initiating request to open file root://eoscms.cern.ch//eos/cms/store/mc/RunIISummer20ULPrePremix/Neutrino_E-10_gun/PREMIX/UL17_106X_mc2017_realistic_v6-v3/230001/79479F46-277D-B244-A472-AE31AF0DDA8B.root
%MSG-w XrdAdaptor:  PreMixingModule:mixData 14-Jun-2021 13:30:37 CEST  Run: 1 Event: 2
Data is served from cern.ch instead of original site eoscms
%MSG
14-Jun-2021 13:30:37 CEST  Successfully opened file root://eoscms.cern.ch//eos/cms/store/mc/RunIISummer20ULPrePremix/Neutrino_E-10_gun/PREMIX/UL17_106X_mc2017_realistic_v6-v3/230001/79479F46-277D-B244-A472-AE31AF0DDA8B.root
Begin processing the 2nd record. Run 1, Event 4, LumiSection 1 on stream 0 at 14-Jun-2021 13:30:50.859 CEST
Begin processing the 3rd record. Run 1, Event 1, LumiSection 1 on stream 0 at 14-Jun-2021 13:30:54.043 CEST
Begin processing the 4th record. Run 1, Event 5, LumiSection 1 on stream 0 at 14-Jun-2021 13:30:58.120 CEST
Begin processing the 5th record. Run 1, Event 3, LumiSection 1 on stream 0 at 14-Jun-2021 13:31:01.713 CEST
Begin processing the 6th record. Run 1, Event 8, LumiSection 1 on stream 0 at 14-Jun-2021 13:31:05.521 CEST
Begin processing the 7th record. Run 1, Event 9, LumiSection 1 on stream 0 at 14-Jun-2021 13:31:09.195 CEST
Begin processing the 8th record. Run 1, Event 10, LumiSection 1 on stream 0 at 14-Jun-2021 13:31:12.867 CEST
Begin processing the 9th record. Run 1, Event 6, LumiSection 1 on stream 0 at 14-Jun-2021 13:31:16.620 CEST
Begin processing the 10th record. Run 1, Event 7, LumiSection 1 on stream 0 at 14-Jun-2021 13:31:21.325 CEST
Begin processing the 11th record. Run 1, Event 11, LumiSection 1 on stream 0 at 14-Jun-2021 13:31:26.246 CEST
Begin processing the 12th record. Run 1, Event 14, LumiSection 1 on stream 0 at 14-Jun-2021 13:31:29.724 CEST
Begin processing the 13th record. Run 1, Event 12, LumiSection 1 on stream 0 at 14-Jun-2021 13:31:34.072 CEST
Begin processing the 14th record. Run 1, Event 16, LumiSection 1 on stream 0 at 14-Jun-2021 13:31:38.388 CEST
Begin processing the 15th record. Run 1, Event 15, LumiSection 1 on stream 0 at 14-Jun-2021 13:31:41.722 CEST
Begin processing the 16th record. Run 1, Event 13, LumiSection 1 on stream 0 at 14-Jun-2021 13:31:45.279 CEST
Begin processing the 17th record. Run 1, Event 18, LumiSection 1 on stream 0 at 14-Jun-2021 13:31:49.048 CEST
Begin processing the 18th record. Run 1, Event 20, LumiSection 1 on stream 0 at 14-Jun-2021 13:31:53.011 CEST
Begin processing the 19th record. Run 1, Event 17, LumiSection 1 on stream 0 at 14-Jun-2021 13:31:57.649 CEST
Begin processing the 20th record. Run 1, Event 19, LumiSection 1 on stream 0 at 14-Jun-2021 13:32:02.146 CEST
Begin processing the 21st record. Run 1, Event 22, LumiSection 1 on stream 0 at 14-Jun-2021 13:32:06.415 CEST
Begin processing the 22nd record. Run 1, Event 24, LumiSection 1 on stream 0 at 14-Jun-2021 13:32:10.179 CEST
Begin processing the 23rd record. Run 1, Event 23, LumiSection 1 on stream 0 at 14-Jun-2021 13:32:13.812 CEST
Begin processing the 24th record. Run 1, Event 21, LumiSection 1 on stream 0 at 14-Jun-2021 13:32:16.942 CEST
Begin processing the 25th record. Run 1, Event 25, LumiSection 1 on stream 0 at 14-Jun-2021 13:32:20.822 CEST
Begin processing the 26th record. Run 1, Event 27, LumiSection 1 on stream 0 at 14-Jun-2021 13:32:25.274 CEST
Begin processing the 27th record. Run 1, Event 26, LumiSection 1 on stream 0 at 14-Jun-2021 13:32:28.881 CEST
Begin processing the 28th record. Run 1, Event 29, LumiSection 1 on stream 0 at 14-Jun-2021 13:32:32.996 CEST
Begin processing the 29th record. Run 1, Event 30, LumiSection 1 on stream 0 at 14-Jun-2021 13:32:37.329 CEST
Begin processing the 30th record. Run 1, Event 28, LumiSection 1 on stream 0 at 14-Jun-2021 13:32:41.521 CEST
Begin processing the 31st record. Run 1, Event 33, LumiSection 1 on stream 0 at 14-Jun-2021 13:32:46.588 CEST
Begin processing the 32nd record. Run 1, Event 32, LumiSection 1 on stream 0 at 14-Jun-2021 13:32:50.276 CEST
Begin processing the 33rd record. Run 1, Event 34, LumiSection 1 on stream 0 at 14-Jun-2021 13:32:53.848 CEST
Begin processing the 34th record. Run 1, Event 31, LumiSection 1 on stream 0 at 14-Jun-2021 13:32:57.695 CEST
Begin processing the 35th record. Run 1, Event 37, LumiSection 1 on stream 0 at 14-Jun-2021 13:33:01.572 CEST
Begin processing the 36th record. Run 1, Event 35, LumiSection 1 on stream 0 at 14-Jun-2021 13:33:04.828 CEST
Begin processing the 37th record. Run 1, Event 38, LumiSection 1 on stream 0 at 14-Jun-2021 13:33:08.193 CEST
Begin processing the 38th record. Run 1, Event 39, LumiSection 1 on stream 0 at 14-Jun-2021 13:33:11.202 CEST
Begin processing the 39th record. Run 1, Event 40, LumiSection 1 on stream 0 at 14-Jun-2021 13:33:15.297 CEST
Begin processing the 40th record. Run 1, Event 36, LumiSection 1 on stream 0 at 14-Jun-2021 13:33:19.091 CEST
Begin processing the 41st record. Run 1, Event 42, LumiSection 1 on stream 0 at 14-Jun-2021 13:33:22.448 CEST
Begin processing the 42nd record. Run 1, Event 43, LumiSection 1 on stream 0 at 14-Jun-2021 13:33:25.235 CEST
Begin processing the 43rd record. Run 1, Event 41, LumiSection 1 on stream 0 at 14-Jun-2021 13:33:27.726 CEST
Begin processing the 44th record. Run 1, Event 45, LumiSection 1 on stream 0 at 14-Jun-2021 13:33:30.526 CEST
Begin processing the 45th record. Run 1, Event 47, LumiSection 1 on stream 0 at 14-Jun-2021 13:33:32.879 CEST
Begin processing the 46th record. Run 1, Event 46, LumiSection 1 on stream 0 at 14-Jun-2021 13:33:35.443 CEST
Begin processing the 47th record. Run 1, Event 50, LumiSection 1 on stream 0 at 14-Jun-2021 13:33:38.876 CEST
Begin processing the 48th record. Run 1, Event 44, LumiSection 1 on stream 0 at 14-Jun-2021 13:33:41.280 CEST
Begin processing the 49th record. Run 1, Event 48, LumiSection 1 on stream 0 at 14-Jun-2021 13:33:44.525 CEST
Begin processing the 50th record. Run 1, Event 49, LumiSection 1 on stream 0 at 14-Jun-2021 13:33:47.091 CEST
14-Jun-2021 13:33:49 CEST  Closed file file:/eos/cms/store/user/tsarkar/SIM_Condor_output_Vector_MonoZLL_NLO_Mphi-500_Mchi-150_gSM-0p25_gDM-1p0_ctau10p0/step_SIM_2017UL_1.root
14-Jun-2021 13:33:50 CEST  Closed file root://eoscms.cern.ch//eos/cms/store/mc/RunIISummer20ULPrePremix/Neutrino_E-10_gun/PREMIX/UL17_106X_mc2017_realistic_v6-v3/230001/79479F46-277D-B244-A472-AE31AF0DDA8B.root

=============================================

MessageLogger Summary

 type     category        sev    module        subroutine        count    total
 ---- -------------------- -- ---------------- ----------------  -----    -----
    1 XrdAdaptor           -w PreMixingModule:                       1        1
    2 XrdAdaptor           -w PreMixingModule:                       1        1
    3 fileAction           -s PreMixingModule:                       3        3
    4 fileAction           -s PreMixingModule:                       2        2
    5 fileAction           -s PreMixingModule:                       1        1
    6 fileAction           -s file_close                             1        1
    7 fileAction           -s file_open                              2        2

 type    category    Examples: run/evt        run/evt          run/evt
 ---- -------------------- ---------------- ---------------- ----------------
    1 XrdAdaptor           1/2                               
    2 XrdAdaptor           pre-events                        
    3 fileAction           1/2              1/2              1/2
    4 fileAction           pre-events       pre-events       
    5 fileAction           PostGlobalEndRun                  
    6 fileAction           PostGlobalEndRun                  
    7 fileAction           pre-events       pre-events       

Severity    # Occurrences   Total Occurrences
--------    -------------   -----------------
Warning                 2                   2
System                  9                   9

dropped waiting message count 0
