000 (7309402.000.000) 06/14 11:25:47 Job submitted from host: <137.138.44.75:9618?addrs=137.138.44.75-9618+[2001-1458-d00-1a--b]-9618&alias=bigbird14.cern.ch&noUDP&sock=schedd_3149486_02ef>
...
040 (7309402.000.000) 06/14 13:27:13 Started transferring input files
	Transferring to host: <128.142.85.233:9618?addrs=128.142.85.233-9618+[2001-1458-301-f6--100-259]-9618&alias=b7s14n8240.cern.ch&noUDP&sock=slot1_2_13792_762a_89473>
...
040 (7309402.000.000) 06/14 13:27:13 Finished transferring input files
...
001 (7309402.000.000) 06/14 13:27:14 Job executing on host: <128.142.85.233:9618?addrs=128.142.85.233-9618+[2001-1458-301-f6--100-259]-9618&alias=b7s14n8240.cern.ch&noUDP&sock=startd_16619_d485>
...
006 (7309402.000.000) 06/14 13:27:23 Image size of job updated: 46160
	31  -  MemoryUsage of job (MB)
	31696  -  ResidentSetSize of job (KB)
...
006 (7309402.000.000) 06/14 13:32:24 Image size of job updated: 3000912
	1580  -  MemoryUsage of job (MB)
	1617364  -  ResidentSetSize of job (KB)
...
006 (7309402.000.000) 06/14 13:33:52 Image size of job updated: 3000916
	1580  -  MemoryUsage of job (MB)
	1617364  -  ResidentSetSize of job (KB)
...
040 (7309402.000.000) 06/14 13:33:52 Started transferring output files
...
040 (7309402.000.000) 06/14 13:33:52 Finished transferring output files
...
005 (7309402.000.000) 06/14 13:33:52 Job terminated.
	(1) Normal termination (return value 0)
		Usr 0 00:05:05, Sys 0 00:00:07  -  Run Remote Usage
		Usr 0 00:00:00, Sys 0 00:00:00  -  Run Local Usage
		Usr 0 00:05:05, Sys 0 00:00:07  -  Total Remote Usage
		Usr 0 00:00:00, Sys 0 00:00:00  -  Total Local Usage
	15091  -  Run Bytes Sent By Job
	443  -  Run Bytes Received By Job
	15091  -  Total Bytes Sent By Job
	443  -  Total Bytes Received By Job
	Partitionable Resources :    Usage  Request Allocated 
	   Cpus                 :                 1         1 
	   Disk (KB)            :       28        1    252680 
	   Memory (MB)          :     1580     2000      2000 

	Job terminated of its own accord at 2021-06-14T11:33:52Z.
...
