000 (7309405.000.000) 06/14 11:25:53 Job submitted from host: <137.138.44.75:9618?addrs=137.138.44.75-9618+[2001-1458-d00-1a--b]-9618&alias=bigbird14.cern.ch&noUDP&sock=schedd_3149486_02ef>
...
040 (7309405.000.000) 06/14 13:26:58 Started transferring input files
	Transferring to host: <128.142.73.105:9618?addrs=128.142.73.105-9618+[2001-1458-301-75--100-27d]-9618&alias=b7s11n8076.cern.ch&noUDP&sock=slot1_8_4523_9cd1_41503>
...
040 (7309405.000.000) 06/14 13:26:58 Finished transferring input files
...
001 (7309405.000.000) 06/14 13:26:59 Job executing on host: <128.142.73.105:9618?addrs=128.142.73.105-9618+[2001-1458-301-75--100-27d]-9618&alias=b7s11n8076.cern.ch&noUDP&sock=startd_3700_7881>
...
006 (7309405.000.000) 06/14 13:27:08 Image size of job updated: 252556
	39  -  MemoryUsage of job (MB)
	39720  -  ResidentSetSize of job (KB)
...
006 (7309405.000.000) 06/14 13:32:09 Image size of job updated: 3000940
	1585  -  MemoryUsage of job (MB)
	1622796  -  ResidentSetSize of job (KB)
...
040 (7309405.000.000) 06/14 13:33:43 Started transferring output files
...
040 (7309405.000.000) 06/14 13:33:43 Finished transferring output files
...
005 (7309405.000.000) 06/14 13:33:44 Job terminated.
	(1) Normal termination (return value 0)
		Usr 0 00:05:11, Sys 0 00:00:06  -  Run Remote Usage
		Usr 0 00:00:00, Sys 0 00:00:00  -  Run Local Usage
		Usr 0 00:05:11, Sys 0 00:00:06  -  Total Remote Usage
		Usr 0 00:00:00, Sys 0 00:00:00  -  Total Local Usage
	15386  -  Run Bytes Sent By Job
	443  -  Run Bytes Received By Job
	15386  -  Total Bytes Sent By Job
	443  -  Total Bytes Received By Job
	Partitionable Resources :    Usage  Request Allocated 
	   Cpus                 :     0.77        1         1 
	   Disk (KB)            :    36           1    263362 
	   Memory (MB)          :  1585        2000      2000 

	Job terminated of its own accord at 2021-06-14T11:33:43Z.
...
