000 (7309420.000.000) 06/14 11:26:39 Job submitted from host: <137.138.44.75:9618?addrs=137.138.44.75-9618+[2001-1458-d00-1a--b]-9618&alias=bigbird14.cern.ch&noUDP&sock=schedd_3149486_02ef>
...
040 (7309420.000.000) 06/14 13:27:03 Started transferring input files
	Transferring to host: <128.142.161.89:9618?addrs=128.142.161.89-9618&alias=b7g03p4898.cern.ch&noUDP&sock=slot1_34_3720_d390_52085>
...
040 (7309420.000.000) 06/14 13:27:03 Finished transferring input files
...
001 (7309420.000.000) 06/14 13:27:04 Job executing on host: <128.142.161.89:9618?addrs=128.142.161.89-9618&alias=b7g03p4898.cern.ch&noUDP&sock=startd_2969_10c6>
...
006 (7309420.000.000) 06/14 13:27:13 Image size of job updated: 287492
	89  -  MemoryUsage of job (MB)
	90208  -  ResidentSetSize of job (KB)
...
006 (7309420.000.000) 06/14 13:32:13 Image size of job updated: 3000932
	1734  -  MemoryUsage of job (MB)
	1775068  -  ResidentSetSize of job (KB)
...
040 (7309420.000.000) 06/14 13:32:44 Started transferring output files
...
040 (7309420.000.000) 06/14 13:32:44 Finished transferring output files
...
005 (7309420.000.000) 06/14 13:32:44 Job terminated.
	(1) Normal termination (return value 0)
		Usr 0 00:04:57, Sys 0 00:00:06  -  Run Remote Usage
		Usr 0 00:00:00, Sys 0 00:00:00  -  Run Local Usage
		Usr 0 00:04:57, Sys 0 00:00:06  -  Total Remote Usage
		Usr 0 00:00:00, Sys 0 00:00:00  -  Total Local Usage
	15245  -  Run Bytes Sent By Job
	444  -  Run Bytes Received By Job
	15245  -  Total Bytes Sent By Job
	444  -  Total Bytes Received By Job
	Partitionable Resources :    Usage  Request Allocated 
	   Cpus                 :                 1         1 
	   Disk (KB)            :       28        1   1435442 
	   Memory (MB)          :     1734     2000      2000 

	Job terminated of its own accord at 2021-06-14T11:32:44Z.
...
