000 (7309408.000.000) 06/14 11:26:00 Job submitted from host: <137.138.44.75:9618?addrs=137.138.44.75-9618+[2001-1458-d00-1a--b]-9618&alias=bigbird14.cern.ch&noUDP&sock=schedd_3149486_02ef>
...
040 (7309408.000.000) 06/14 13:27:00 Started transferring input files
	Transferring to host: <128.142.73.4:9618?addrs=128.142.73.4-9618+[2001-1458-301-75--100-344]-9618&alias=b7s11n6662.cern.ch&noUDP&sock=slot1_3_4152_35a2_55042>
...
040 (7309408.000.000) 06/14 13:27:00 Finished transferring input files
...
001 (7309408.000.000) 06/14 13:27:01 Job executing on host: <128.142.73.4:9618?addrs=128.142.73.4-9618+[2001-1458-301-75--100-344]-9618&alias=b7s11n6662.cern.ch&noUDP&sock=startd_3873_2263>
...
006 (7309408.000.000) 06/14 13:27:10 Image size of job updated: 399752
	36  -  MemoryUsage of job (MB)
	36052  -  ResidentSetSize of job (KB)
...
006 (7309408.000.000) 06/14 13:32:11 Image size of job updated: 3000908
	1787  -  MemoryUsage of job (MB)
	1829352  -  ResidentSetSize of job (KB)
...
040 (7309408.000.000) 06/14 13:33:37 Started transferring output files
...
040 (7309408.000.000) 06/14 13:33:37 Finished transferring output files
...
005 (7309408.000.000) 06/14 13:33:38 Job terminated.
	(1) Normal termination (return value 0)
		Usr 0 00:05:10, Sys 0 00:00:06  -  Run Remote Usage
		Usr 0 00:00:00, Sys 0 00:00:00  -  Run Local Usage
		Usr 0 00:05:10, Sys 0 00:00:06  -  Total Remote Usage
		Usr 0 00:00:00, Sys 0 00:00:00  -  Total Local Usage
	15116  -  Run Bytes Sent By Job
	443  -  Run Bytes Received By Job
	15116  -  Total Bytes Sent By Job
	443  -  Total Bytes Received By Job
	Partitionable Resources :    Usage  Request Allocated 
	   Cpus                 :                 1         1 
	   Disk (KB)            :       28        1    264367 
	   Memory (MB)          :     1787     2000      2000 

	Job terminated of its own accord at 2021-06-14T11:33:37Z.
...
