14-Jun-2021 13:27:37 CEST  Initiating request to open file file:/eos/cms/store/user/tsarkar/SIM_Condor_output_Vector_MonoZLL_NLO_Mphi-500_Mchi-150_gSM-0p25_gDM-1p0_ctau10p0/step_SIM_2017UL_16.root
14-Jun-2021 13:27:40 CEST  Successfully opened file file:/eos/cms/store/user/tsarkar/SIM_Condor_output_Vector_MonoZLL_NLO_Mphi-500_Mchi-150_gSM-0p25_gDM-1p0_ctau10p0/step_SIM_2017UL_16.root
14-Jun-2021 13:27:45 CEST  Initiating request to open file root://eoscms.cern.ch//eos/cms/store/mc/RunIISummer20ULPrePremix/Neutrino_E-10_gun/PREMIX/UL17_106X_mc2017_realistic_v6-v3/210018/87C69F3F-4399-C94A-BC3A-50613C7BAFE3.root
%MSG-w XrdAdaptor:  PreMixingModule:mixData@ctor 14-Jun-2021 13:27:47 CEST  pre-events
Data is served from cern.ch instead of original site eoscms
%MSG
14-Jun-2021 13:27:48 CEST  Successfully opened file root://eoscms.cern.ch//eos/cms/store/mc/RunIISummer20ULPrePremix/Neutrino_E-10_gun/PREMIX/UL17_106X_mc2017_realistic_v6-v3/210018/87C69F3F-4399-C94A-BC3A-50613C7BAFE3.root
Begin processing the 1st record. Run 1, Event 751, LumiSection 16 on stream 0 at 14-Jun-2021 13:28:07.968 CEST
14-Jun-2021 13:30:49 CEST  Closed file root://eoscms.cern.ch//eos/cms/store/mc/RunIISummer20ULPrePremix/Neutrino_E-10_gun/PREMIX/UL17_106X_mc2017_realistic_v6-v3/210018/87C69F3F-4399-C94A-BC3A-50613C7BAFE3.root
14-Jun-2021 13:30:49 CEST  Initiating request to open file root://eoscms.cern.ch//eos/cms/store/mc/RunIISummer20ULPrePremix/Neutrino_E-10_gun/PREMIX/UL17_106X_mc2017_realistic_v6-v3/10003/B6A54C76-4157-8A4F-938C-4ABCE9DD609B.root
%MSG-w XrdAdaptor:  PreMixingModule:mixData 14-Jun-2021 13:30:51 CEST  Run: 1 Event: 751
Data is served from cern.ch instead of original site eoscms
%MSG
14-Jun-2021 13:30:51 CEST  Successfully opened file root://eoscms.cern.ch//eos/cms/store/mc/RunIISummer20ULPrePremix/Neutrino_E-10_gun/PREMIX/UL17_106X_mc2017_realistic_v6-v3/10003/B6A54C76-4157-8A4F-938C-4ABCE9DD609B.root
Begin processing the 2nd record. Run 1, Event 754, LumiSection 16 on stream 0 at 14-Jun-2021 13:31:04.010 CEST
Begin processing the 3rd record. Run 1, Event 753, LumiSection 16 on stream 0 at 14-Jun-2021 13:31:08.184 CEST
Begin processing the 4th record. Run 1, Event 752, LumiSection 16 on stream 0 at 14-Jun-2021 13:31:12.558 CEST
Begin processing the 5th record. Run 1, Event 755, LumiSection 16 on stream 0 at 14-Jun-2021 13:31:17.020 CEST
Begin processing the 6th record. Run 1, Event 756, LumiSection 16 on stream 0 at 14-Jun-2021 13:31:20.633 CEST
Begin processing the 7th record. Run 1, Event 759, LumiSection 16 on stream 0 at 14-Jun-2021 13:31:24.318 CEST
Begin processing the 8th record. Run 1, Event 760, LumiSection 16 on stream 0 at 14-Jun-2021 13:31:28.981 CEST
Begin processing the 9th record. Run 1, Event 761, LumiSection 16 on stream 0 at 14-Jun-2021 13:31:33.665 CEST
Begin processing the 10th record. Run 1, Event 758, LumiSection 16 on stream 0 at 14-Jun-2021 13:31:39.076 CEST
Begin processing the 11th record. Run 1, Event 757, LumiSection 16 on stream 0 at 14-Jun-2021 13:31:42.579 CEST
Begin processing the 12th record. Run 1, Event 762, LumiSection 16 on stream 0 at 14-Jun-2021 13:31:47.885 CEST
Begin processing the 13th record. Run 1, Event 763, LumiSection 16 on stream 0 at 14-Jun-2021 13:31:52.089 CEST
Begin processing the 14th record. Run 1, Event 764, LumiSection 16 on stream 0 at 14-Jun-2021 13:31:56.129 CEST
Begin processing the 15th record. Run 1, Event 765, LumiSection 16 on stream 0 at 14-Jun-2021 13:32:00.912 CEST
Begin processing the 16th record. Run 1, Event 766, LumiSection 16 on stream 0 at 14-Jun-2021 13:32:05.332 CEST
Begin processing the 17th record. Run 1, Event 767, LumiSection 16 on stream 0 at 14-Jun-2021 13:32:09.339 CEST
Begin processing the 18th record. Run 1, Event 768, LumiSection 16 on stream 0 at 14-Jun-2021 13:32:12.738 CEST
Begin processing the 19th record. Run 1, Event 769, LumiSection 16 on stream 0 at 14-Jun-2021 13:32:16.772 CEST
Begin processing the 20th record. Run 1, Event 771, LumiSection 16 on stream 0 at 14-Jun-2021 13:32:21.228 CEST
Begin processing the 21st record. Run 1, Event 770, LumiSection 16 on stream 0 at 14-Jun-2021 13:32:24.546 CEST
Begin processing the 22nd record. Run 1, Event 772, LumiSection 16 on stream 0 at 14-Jun-2021 13:32:28.986 CEST
Begin processing the 23rd record. Run 1, Event 774, LumiSection 16 on stream 0 at 14-Jun-2021 13:32:32.524 CEST
Begin processing the 24th record. Run 1, Event 775, LumiSection 16 on stream 0 at 14-Jun-2021 13:32:37.694 CEST
Begin processing the 25th record. Run 1, Event 773, LumiSection 16 on stream 0 at 14-Jun-2021 13:32:41.436 CEST
Begin processing the 26th record. Run 1, Event 776, LumiSection 16 on stream 0 at 14-Jun-2021 13:32:45.705 CEST
Begin processing the 27th record. Run 1, Event 777, LumiSection 16 on stream 0 at 14-Jun-2021 13:32:50.148 CEST
Begin processing the 28th record. Run 1, Event 778, LumiSection 16 on stream 0 at 14-Jun-2021 13:32:53.914 CEST
Begin processing the 29th record. Run 1, Event 779, LumiSection 16 on stream 0 at 14-Jun-2021 13:32:57.661 CEST
Begin processing the 30th record. Run 1, Event 780, LumiSection 16 on stream 0 at 14-Jun-2021 13:33:02.856 CEST
Begin processing the 31st record. Run 1, Event 781, LumiSection 16 on stream 0 at 14-Jun-2021 13:33:07.460 CEST
Begin processing the 32nd record. Run 1, Event 783, LumiSection 16 on stream 0 at 14-Jun-2021 13:33:11.518 CEST
Begin processing the 33rd record. Run 1, Event 782, LumiSection 16 on stream 0 at 14-Jun-2021 13:33:15.585 CEST
Begin processing the 34th record. Run 1, Event 784, LumiSection 16 on stream 0 at 14-Jun-2021 13:33:21.007 CEST
Begin processing the 35th record. Run 1, Event 786, LumiSection 16 on stream 0 at 14-Jun-2021 13:33:24.747 CEST
Begin processing the 36th record. Run 1, Event 789, LumiSection 16 on stream 0 at 14-Jun-2021 13:33:28.899 CEST
Begin processing the 37th record. Run 1, Event 787, LumiSection 16 on stream 0 at 14-Jun-2021 13:33:32.822 CEST
Begin processing the 38th record. Run 1, Event 785, LumiSection 16 on stream 0 at 14-Jun-2021 13:33:37.092 CEST
Begin processing the 39th record. Run 1, Event 788, LumiSection 16 on stream 0 at 14-Jun-2021 13:33:43.177 CEST
Begin processing the 40th record. Run 1, Event 791, LumiSection 16 on stream 0 at 14-Jun-2021 13:33:47.761 CEST
Begin processing the 41st record. Run 1, Event 793, LumiSection 16 on stream 0 at 14-Jun-2021 13:33:51.471 CEST
Begin processing the 42nd record. Run 1, Event 792, LumiSection 16 on stream 0 at 14-Jun-2021 13:33:55.304 CEST
Begin processing the 43rd record. Run 1, Event 790, LumiSection 16 on stream 0 at 14-Jun-2021 13:33:58.990 CEST
Begin processing the 44th record. Run 1, Event 794, LumiSection 16 on stream 0 at 14-Jun-2021 13:34:03.729 CEST
Begin processing the 45th record. Run 1, Event 795, LumiSection 16 on stream 0 at 14-Jun-2021 13:34:08.612 CEST
Begin processing the 46th record. Run 1, Event 796, LumiSection 16 on stream 0 at 14-Jun-2021 13:34:12.578 CEST
Begin processing the 47th record. Run 1, Event 798, LumiSection 16 on stream 0 at 14-Jun-2021 13:34:16.955 CEST
Begin processing the 48th record. Run 1, Event 799, LumiSection 16 on stream 0 at 14-Jun-2021 13:34:21.546 CEST
Begin processing the 49th record. Run 1, Event 797, LumiSection 16 on stream 0 at 14-Jun-2021 13:34:25.793 CEST
Begin processing the 50th record. Run 1, Event 800, LumiSection 16 on stream 0 at 14-Jun-2021 13:34:30.155 CEST
14-Jun-2021 13:34:34 CEST  Closed file file:/eos/cms/store/user/tsarkar/SIM_Condor_output_Vector_MonoZLL_NLO_Mphi-500_Mchi-150_gSM-0p25_gDM-1p0_ctau10p0/step_SIM_2017UL_16.root
14-Jun-2021 13:34:34 CEST  Closed file root://eoscms.cern.ch//eos/cms/store/mc/RunIISummer20ULPrePremix/Neutrino_E-10_gun/PREMIX/UL17_106X_mc2017_realistic_v6-v3/10003/B6A54C76-4157-8A4F-938C-4ABCE9DD609B.root

=============================================

MessageLogger Summary

 type     category        sev    module        subroutine        count    total
 ---- -------------------- -- ---------------- ----------------  -----    -----
    1 XrdAdaptor           -w PreMixingModule:                       1        1
    2 XrdAdaptor           -w PreMixingModule:                       1        1
    3 fileAction           -s PreMixingModule:                       3        3
    4 fileAction           -s PreMixingModule:                       2        2
    5 fileAction           -s PreMixingModule:                       1        1
    6 fileAction           -s file_close                             1        1
    7 fileAction           -s file_open                              2        2

 type    category    Examples: run/evt        run/evt          run/evt
 ---- -------------------- ---------------- ---------------- ----------------
    1 XrdAdaptor           1/751                             
    2 XrdAdaptor           pre-events                        
    3 fileAction           1/751            1/751            1/751
    4 fileAction           pre-events       pre-events       
    5 fileAction           PostGlobalEndRun                  
    6 fileAction           PostGlobalEndRun                  
    7 fileAction           pre-events       pre-events       

Severity    # Occurrences   Total Occurrences
--------    -------------   -----------------
Warning                 2                   2
System                  9                   9

dropped waiting message count 0
