000 (7309415.000.000) 06/14 11:26:16 Job submitted from host: <137.138.44.75:9618?addrs=137.138.44.75-9618+[2001-1458-d00-1a--b]-9618&alias=bigbird14.cern.ch&noUDP&sock=schedd_3149486_02ef>
...
040 (7309415.000.000) 06/14 13:27:02 Started transferring input files
	Transferring to host: <128.142.87.162:9618?addrs=128.142.87.162-9618+[2001-1458-301-f6--100-3d5]-9618&alias=b7s14n9006.cern.ch&noUDP&sock=slot1_2_6093_d1d1_36455>
...
040 (7309415.000.000) 06/14 13:27:02 Finished transferring input files
...
001 (7309415.000.000) 06/14 13:27:03 Job executing on host: <128.142.87.162:9618?addrs=128.142.87.162-9618+[2001-1458-301-f6--100-3d5]-9618&alias=b7s14n9006.cern.ch&noUDP&sock=startd_4917_3b43>
...
006 (7309415.000.000) 06/14 13:27:12 Image size of job updated: 406148
	36  -  MemoryUsage of job (MB)
	36852  -  ResidentSetSize of job (KB)
...
006 (7309415.000.000) 06/14 13:32:13 Image size of job updated: 3000920
	1607  -  MemoryUsage of job (MB)
	1645432  -  ResidentSetSize of job (KB)
...
040 (7309415.000.000) 06/14 13:33:45 Started transferring output files
...
040 (7309415.000.000) 06/14 13:33:45 Finished transferring output files
...
005 (7309415.000.000) 06/14 13:33:45 Job terminated.
	(1) Normal termination (return value 0)
		Usr 0 00:04:46, Sys 0 00:00:08  -  Run Remote Usage
		Usr 0 00:00:00, Sys 0 00:00:00  -  Run Local Usage
		Usr 0 00:04:46, Sys 0 00:00:08  -  Total Remote Usage
		Usr 0 00:00:00, Sys 0 00:00:00  -  Total Local Usage
	15245  -  Run Bytes Sent By Job
	444  -  Run Bytes Received By Job
	15245  -  Total Bytes Sent By Job
	444  -  Total Bytes Received By Job
	Partitionable Resources :    Usage  Request Allocated 
	   Cpus                 :                 1         1 
	   Disk (KB)            :       29        1    258554 
	   Memory (MB)          :     1607     2000      2000 

	Job terminated of its own accord at 2021-06-14T11:33:45Z.
...
