000 (7309412.000.000) 06/14 11:26:07 Job submitted from host: <137.138.44.75:9618?addrs=137.138.44.75-9618+[2001-1458-d00-1a--b]-9618&alias=bigbird14.cern.ch&noUDP&sock=schedd_3149486_02ef>
...
040 (7309412.000.000) 06/14 13:27:16 Started transferring input files
	Transferring to host: <128.142.87.176:9618?addrs=128.142.87.176-9618+[2001-1458-301-f6--100-3aa]-9618&alias=b7s14n9252.cern.ch&noUDP&sock=slot1_7_11827_f0fa_95053>
...
040 (7309412.000.000) 06/14 13:27:17 Finished transferring input files
...
001 (7309412.000.000) 06/14 13:27:18 Job executing on host: <128.142.87.176:9618?addrs=128.142.87.176-9618+[2001-1458-301-f6--100-3aa]-9618&alias=b7s14n9252.cern.ch&noUDP&sock=startd_16740_d37b>
...
006 (7309412.000.000) 06/14 13:27:26 Image size of job updated: 46712
	32  -  MemoryUsage of job (MB)
	32248  -  ResidentSetSize of job (KB)
...
006 (7309412.000.000) 06/14 13:32:26 Image size of job updated: 3000900
	1576  -  MemoryUsage of job (MB)
	1613180  -  ResidentSetSize of job (KB)
...
006 (7309412.000.000) 06/14 13:34:09 Image size of job updated: 3000924
	1576  -  MemoryUsage of job (MB)
	1613180  -  ResidentSetSize of job (KB)
...
040 (7309412.000.000) 06/14 13:34:09 Started transferring output files
...
040 (7309412.000.000) 06/14 13:34:09 Finished transferring output files
...
005 (7309412.000.000) 06/14 13:34:09 Job terminated.
	(1) Normal termination (return value 0)
		Usr 0 00:05:19, Sys 0 00:00:08  -  Run Remote Usage
		Usr 0 00:00:00, Sys 0 00:00:00  -  Run Local Usage
		Usr 0 00:05:19, Sys 0 00:00:08  -  Total Remote Usage
		Usr 0 00:00:00, Sys 0 00:00:00  -  Total Local Usage
	15477  -  Run Bytes Sent By Job
	444  -  Run Bytes Received By Job
	15477  -  Total Bytes Sent By Job
	444  -  Total Bytes Received By Job
	Partitionable Resources :    Usage  Request Allocated 
	   Cpus                 :     0.48        1         1 
	   Disk (KB)            :    36           1    282009 
	   Memory (MB)          :  1576        2000      2000 

	Job terminated of its own accord at 2021-06-14T11:34:09Z.
...
