14-Jun-2021 15:40:44 CEST  Initiating request to open file file:/eos/cms/store/user/tsarkar/DIGIPremix_Condor_output_Vector_MonoZLL_NLO_Mphi-500_Mchi-150_gSM-0p25_gDM-1p0_ctau1p0/step_DIGIPremix_2017UL_19.root
14-Jun-2021 15:40:49 CEST  Successfully opened file file:/eos/cms/store/user/tsarkar/DIGIPremix_Condor_output_Vector_MonoZLL_NLO_Mphi-500_Mchi-150_gSM-0p25_gDM-1p0_ctau1p0/step_DIGIPremix_2017UL_19.root
Begin processing the 1st record. Run 1, Event 351, LumiSection 8 at 14-Jun-2021 15:42:37.539 CEST
Begin processing the 2nd record. Run 1, Event 354, LumiSection 8 at 14-Jun-2021 15:42:46.282 CEST
%MSG-w EnergyInDeadEB_FE:  EcalRecHitProducer:hltEcalRecHit  14-Jun-2021 15:42:46 CEST Run: 1 Event: 354
TP energy in the dead TT = 57 at (EcalTT subDet Barrel iz +  ieta 12 iphi 8)
%MSG
Begin processing the 3rd record. Run 1, Event 355, LumiSection 8 at 14-Jun-2021 15:42:50.014 CEST
Begin processing the 4th record. Run 1, Event 352, LumiSection 8 at 14-Jun-2021 15:42:56.756 CEST
%MSG-w InvalidInputTag:  CSCHaloDataProducer:hltCSCHaloData  14-Jun-2021 15:43:03 CEST Run: 1 Event: 352
 The Cosmic Muon collection does not appear to be in the event. These beam halo  identification variables will be empty
%MSG
Begin processing the 5th record. Run 1, Event 353, LumiSection 8 at 14-Jun-2021 15:43:03.846 CEST
%MSG-w InvalidHelix:   SeedCreatorFromRegionConsecutiveHitsEDProducer:hltFullIter9TobTecSeedsTripl  14-Jun-2021 15:43:15 CEST Run: 1 Event: 353
PixelClusterShapeSeedComparitor helix is not valid, result is bad
%MSG
Begin processing the 6th record. Run 1, Event 357, LumiSection 8 at 14-Jun-2021 15:43:16.626 CEST
Begin processing the 7th record. Run 1, Event 356, LumiSection 8 at 14-Jun-2021 15:43:21.875 CEST
Begin processing the 8th record. Run 1, Event 358, LumiSection 8 at 14-Jun-2021 15:43:27.928 CEST
Begin processing the 9th record. Run 1, Event 360, LumiSection 8 at 14-Jun-2021 15:43:42.875 CEST
Begin processing the 10th record. Run 1, Event 361, LumiSection 8 at 14-Jun-2021 15:43:48.843 CEST
Begin processing the 11th record. Run 1, Event 362, LumiSection 8 at 14-Jun-2021 15:43:54.024 CEST
Begin processing the 12th record. Run 1, Event 363, LumiSection 8 at 14-Jun-2021 15:43:58.522 CEST
Begin processing the 13th record. Run 1, Event 359, LumiSection 8 at 14-Jun-2021 15:44:04.670 CEST
Begin processing the 14th record. Run 1, Event 364, LumiSection 8 at 14-Jun-2021 15:44:08.769 CEST
Begin processing the 15th record. Run 1, Event 366, LumiSection 8 at 14-Jun-2021 15:44:10.225 CEST
Begin processing the 16th record. Run 1, Event 367, LumiSection 8 at 14-Jun-2021 15:44:14.228 CEST
Begin processing the 17th record. Run 1, Event 369, LumiSection 8 at 14-Jun-2021 15:44:17.650 CEST
Begin processing the 18th record. Run 1, Event 368, LumiSection 8 at 14-Jun-2021 15:44:21.671 CEST
Begin processing the 19th record. Run 1, Event 371, LumiSection 8 at 14-Jun-2021 15:44:23.881 CEST
Begin processing the 20th record. Run 1, Event 365, LumiSection 8 at 14-Jun-2021 15:44:30.310 CEST
Begin processing the 21st record. Run 1, Event 370, LumiSection 8 at 14-Jun-2021 15:44:36.770 CEST
%MSG-w InvalidHelix:   SeedCreatorFromRegionConsecutiveHitsEDProducer:hltFullIter9TobTecSeedsPair  14-Jun-2021 15:44:44 CEST Run: 1 Event: 370
PixelClusterShapeSeedComparitor helix is not valid, result is bad
%MSG
%MSG-w InvalidHelix:   SeedCreatorFromRegionConsecutiveHitsEDProducer:hltFullIter9TobTecSeedsPair  14-Jun-2021 15:44:44 CEST Run: 1 Event: 370
PixelClusterShapeSeedComparitor helix is not valid, result is bad
%MSG
Begin processing the 22nd record. Run 1, Event 372, LumiSection 8 at 14-Jun-2021 15:44:45.598 CEST
%MSG-w InvalidHelix:   SeedCreatorFromRegionConsecutiveHitsEDProducer:hltFullIter9TobTecSeedsPair  14-Jun-2021 15:44:52 CEST Run: 1 Event: 372
PixelClusterShapeSeedComparitor helix is not valid, result is bad
%MSG
Begin processing the 23rd record. Run 1, Event 375, LumiSection 8 at 14-Jun-2021 15:44:53.856 CEST
Begin processing the 24th record. Run 1, Event 374, LumiSection 8 at 14-Jun-2021 15:44:58.777 CEST
Begin processing the 25th record. Run 1, Event 373, LumiSection 8 at 14-Jun-2021 15:45:00.263 CEST
%MSG-e TrajectoryNotPosDef:   TrackProducer:hltIter2PFlowCtfWithMaterialTracksForPhotons  14-Jun-2021 15:45:00 CEST Run: 1 Event: 373
Trajectory covariance is not positive-definite
%MSG
Begin processing the 26th record. Run 1, Event 376, LumiSection 8 at 14-Jun-2021 15:45:04.980 CEST
Begin processing the 27th record. Run 1, Event 378, LumiSection 8 at 14-Jun-2021 15:45:07.517 CEST
Begin processing the 28th record. Run 1, Event 377, LumiSection 8 at 14-Jun-2021 15:45:08.593 CEST
Begin processing the 29th record. Run 1, Event 379, LumiSection 8 at 14-Jun-2021 15:45:17.267 CEST
Begin processing the 30th record. Run 1, Event 382, LumiSection 8 at 14-Jun-2021 15:45:18.270 CEST
%MSG-e TrajectoryNotPosDef:   TrackProducer:hltIter2ElectronsCtfWithMaterialTracks 14-Jun-2021 15:45:19 CEST  Run: 1 Event: 382
Trajectory covariance is not positive-definite
%MSG
%MSG-w InvalidHelix:   SeedCreatorFromRegionConsecutiveHitsEDProducer:hltFullIter9TobTecSeedsTripl  14-Jun-2021 15:45:27 CEST Run: 1 Event: 382
PixelClusterShapeSeedComparitor helix is not valid, result is bad
%MSG
%MSG-w InvalidHelix:   SeedCreatorFromRegionConsecutiveHitsEDProducer:hltFullIter9TobTecSeedsTripl  14-Jun-2021 15:45:27 CEST Run: 1 Event: 382
PixelClusterShapeSeedComparitor helix is not valid, result is bad
%MSG
%MSG-w InvalidHelix:   SeedCreatorFromRegionConsecutiveHitsEDProducer:hltFullIter9TobTecSeedsTripl  14-Jun-2021 15:45:27 CEST Run: 1 Event: 382
PixelClusterShapeSeedComparitor helix is not valid, result is bad
%MSG
Begin processing the 31st record. Run 1, Event 380, LumiSection 8 at 14-Jun-2021 15:45:28.307 CEST
Begin processing the 32nd record. Run 1, Event 383, LumiSection 8 at 14-Jun-2021 15:45:34.269 CEST
Begin processing the 33rd record. Run 1, Event 381, LumiSection 8 at 14-Jun-2021 15:45:40.578 CEST
Begin processing the 34th record. Run 1, Event 387, LumiSection 8 at 14-Jun-2021 15:45:46.930 CEST
%MSG-w InvalidHelix:   SeedCreatorFromRegionConsecutiveHitsEDProducer:hltFullIter9TobTecSeedsTripl  14-Jun-2021 15:45:51 CEST Run: 1 Event: 387
PixelClusterShapeSeedComparitor helix is not valid, result is bad
%MSG
Begin processing the 35th record. Run 1, Event 384, LumiSection 8 at 14-Jun-2021 15:45:51.774 CEST
Begin processing the 36th record. Run 1, Event 386, LumiSection 8 at 14-Jun-2021 15:45:55.056 CEST
Begin processing the 37th record. Run 1, Event 388, LumiSection 8 at 14-Jun-2021 15:45:58.907 CEST
Begin processing the 38th record. Run 1, Event 385, LumiSection 8 at 14-Jun-2021 15:46:03.524 CEST
Begin processing the 39th record. Run 1, Event 391, LumiSection 8 at 14-Jun-2021 15:46:12.507 CEST
Begin processing the 40th record. Run 1, Event 389, LumiSection 8 at 14-Jun-2021 15:46:21.042 CEST
Begin processing the 41st record. Run 1, Event 392, LumiSection 8 at 14-Jun-2021 15:46:24.936 CEST
Begin processing the 42nd record. Run 1, Event 394, LumiSection 8 at 14-Jun-2021 15:46:29.434 CEST
Begin processing the 43rd record. Run 1, Event 396, LumiSection 8 at 14-Jun-2021 15:46:34.214 CEST
Begin processing the 44th record. Run 1, Event 393, LumiSection 8 at 14-Jun-2021 15:46:40.731 CEST
Begin processing the 45th record. Run 1, Event 390, LumiSection 8 at 14-Jun-2021 15:46:43.820 CEST
Begin processing the 46th record. Run 1, Event 395, LumiSection 8 at 14-Jun-2021 15:46:46.607 CEST
Begin processing the 47th record. Run 1, Event 398, LumiSection 8 at 14-Jun-2021 15:46:47.548 CEST
Begin processing the 48th record. Run 1, Event 397, LumiSection 8 at 14-Jun-2021 15:46:55.667 CEST
Begin processing the 49th record. Run 1, Event 400, LumiSection 8 at 14-Jun-2021 15:47:05.911 CEST
%MSG-w InvalidHelix:   SeedCreatorFromRegionConsecutiveHitsEDProducer:hltFullIter9TobTecSeedsPair  14-Jun-2021 15:47:10 CEST Run: 1 Event: 400
PixelClusterShapeSeedComparitor helix is not valid, result is bad
%MSG
Begin processing the 50th record. Run 1, Event 399, LumiSection 8 at 14-Jun-2021 15:47:10.870 CEST
14-Jun-2021 15:47:17 CEST  Closed file file:/eos/cms/store/user/tsarkar/DIGIPremix_Condor_output_Vector_MonoZLL_NLO_Mphi-500_Mchi-150_gSM-0p25_gDM-1p0_ctau1p0/step_DIGIPremix_2017UL_19.root

=============================================

MessageLogger Summary

 type     category        sev    module        subroutine        count    total
 ---- -------------------- -- ---------------- ----------------  -----    -----
    1 EnergyInDeadEB_FE    -w EcalRecHitProduc                       1        1
    2 InvalidHelix         -w SeedCreatorFromR                       4        4
    3 InvalidHelix         -w SeedCreatorFromR                       5        5
    4 InvalidInputTag      -w CSCHaloDataProdu                       1        1
    5 TrajectoryNotPosDef  -e TrackProducer:hl                       1        1
    6 TrajectoryNotPosDef  -e TrackProducer:hl                       1        1
    7 fileAction           -s file_close                             1        1
    8 fileAction           -s file_open                              2        2

 type    category    Examples: run/evt        run/evt          run/evt
 ---- -------------------- ---------------- ---------------- ----------------
    1 EnergyInDeadEB_FE    1/354                             
    2 InvalidHelix         1/370            1/370            1/400
    3 InvalidHelix         1/353            1/382            1/387
    4 InvalidInputTag      1/352                             
    5 TrajectoryNotPosDef  1/382                             
    6 TrajectoryNotPosDef  1/373                             
    7 fileAction           PostGlobalEndRun                  
    8 fileAction           pre-events       pre-events       

Severity    # Occurrences   Total Occurrences
--------    -------------   -----------------
Warning                11                  11
Error                   2                   2
System                  3                   3

dropped waiting message count 0
