000 (7312063.000.000) 06/14 14:45:19 Job submitted from host: <137.138.44.75:9618?addrs=137.138.44.75-9618+[2001-1458-d00-1a--b]-9618&alias=bigbird14.cern.ch&noUDP&sock=schedd_3149486_02ef>
...
040 (7312063.000.000) 06/14 15:39:51 Started transferring input files
	Transferring to host: <188.184.196.227:9618?addrs=188.184.196.227-9618+[2001-1458-301-102--100-cd]-9618&alias=b7g24n0416.cern.ch&noUDP&sock=slot1_6_4646_46f6_24082>
...
040 (7312063.000.000) 06/14 15:39:51 Finished transferring input files
...
001 (7312063.000.000) 06/14 15:39:52 Job executing on host: <188.184.196.227:9618?addrs=188.184.196.227-9618+[2001-1458-301-102--100-cd]-9618&alias=b7g24n0416.cern.ch&noUDP&sock=startd_3774_3a83>
...
006 (7312063.000.000) 06/14 15:40:00 Image size of job updated: 26000
	13  -  MemoryUsage of job (MB)
	12888  -  ResidentSetSize of job (KB)
...
006 (7312063.000.000) 06/14 15:45:00 Image size of job updated: 2411704
	1193  -  MemoryUsage of job (MB)
	1221280  -  ResidentSetSize of job (KB)
...
006 (7312063.000.000) 06/14 15:47:27 Image size of job updated: 2411704
	1194  -  MemoryUsage of job (MB)
	1221848  -  ResidentSetSize of job (KB)
...
040 (7312063.000.000) 06/14 15:47:27 Started transferring output files
...
040 (7312063.000.000) 06/14 15:47:27 Finished transferring output files
...
005 (7312063.000.000) 06/14 15:47:27 Job terminated.
	(1) Normal termination (return value 0)
		Usr 0 00:06:16, Sys 0 00:00:08  -  Run Remote Usage
		Usr 0 00:00:00, Sys 0 00:00:00  -  Run Local Usage
		Usr 0 00:06:16, Sys 0 00:00:08  -  Total Remote Usage
		Usr 0 00:00:00, Sys 0 00:00:00  -  Total Local Usage
	14106  -  Run Bytes Sent By Job
	430  -  Run Bytes Received By Job
	14106  -  Total Bytes Sent By Job
	430  -  Total Bytes Received By Job
	Partitionable Resources :    Usage  Request Allocated 
	   Cpus                 :                 1         1 
	   Disk (KB)            :       27        1    288612 
	   Memory (MB)          :     1194     2000      2000 

	Job terminated of its own accord at 2021-06-14T13:47:27Z.
...
