14-Jun-2021 15:40:47 CEST  Initiating request to open file file:/eos/cms/store/user/tsarkar/DIGIPremix_Condor_output_Vector_MonoZLL_NLO_Mphi-500_Mchi-150_gSM-0p25_gDM-1p0_ctau1p0/step_DIGIPremix_2017UL_9.root
14-Jun-2021 15:40:53 CEST  Successfully opened file file:/eos/cms/store/user/tsarkar/DIGIPremix_Condor_output_Vector_MonoZLL_NLO_Mphi-500_Mchi-150_gSM-0p25_gDM-1p0_ctau1p0/step_DIGIPremix_2017UL_9.root
Begin processing the 1st record. Run 1, Event 804, LumiSection 17 at 14-Jun-2021 15:43:00.390 CEST
%MSG-w InvalidInputTag:  CSCHaloDataProducer:hltCSCHaloData  14-Jun-2021 15:43:12 CEST Run: 1 Event: 804
 The Cosmic Muon collection does not appear to be in the event. These beam halo  identification variables will be empty
%MSG
Begin processing the 2nd record. Run 1, Event 801, LumiSection 17 at 14-Jun-2021 15:43:12.756 CEST
Begin processing the 3rd record. Run 1, Event 802, LumiSection 17 at 14-Jun-2021 15:43:19.533 CEST
Begin processing the 4th record. Run 1, Event 805, LumiSection 17 at 14-Jun-2021 15:43:31.375 CEST
Begin processing the 5th record. Run 1, Event 803, LumiSection 17 at 14-Jun-2021 15:43:42.431 CEST
Begin processing the 6th record. Run 1, Event 806, LumiSection 17 at 14-Jun-2021 15:43:47.665 CEST
Begin processing the 7th record. Run 1, Event 808, LumiSection 17 at 14-Jun-2021 15:43:58.463 CEST
Begin processing the 8th record. Run 1, Event 809, LumiSection 17 at 14-Jun-2021 15:43:59.048 CEST
Begin processing the 9th record. Run 1, Event 807, LumiSection 17 at 14-Jun-2021 15:44:00.033 CEST
Begin processing the 10th record. Run 1, Event 810, LumiSection 17 at 14-Jun-2021 15:44:01.234 CEST
Begin processing the 11th record. Run 1, Event 811, LumiSection 17 at 14-Jun-2021 15:44:05.333 CEST
Begin processing the 12th record. Run 1, Event 813, LumiSection 17 at 14-Jun-2021 15:44:13.062 CEST
Begin processing the 13th record. Run 1, Event 814, LumiSection 17 at 14-Jun-2021 15:44:19.729 CEST
Begin processing the 14th record. Run 1, Event 816, LumiSection 17 at 14-Jun-2021 15:44:30.678 CEST
Begin processing the 15th record. Run 1, Event 815, LumiSection 17 at 14-Jun-2021 15:44:31.826 CEST
Begin processing the 16th record. Run 1, Event 812, LumiSection 17 at 14-Jun-2021 15:44:37.277 CEST
Begin processing the 17th record. Run 1, Event 819, LumiSection 17 at 14-Jun-2021 15:44:46.354 CEST
%MSG-e TrajectoryNotPosDef:   TrackProducer:hltIter2PFlowCtfWithMaterialTracksForPhotons  14-Jun-2021 15:44:46 CEST Run: 1 Event: 819
Trajectory covariance is not positive-definite
%MSG
Begin processing the 18th record. Run 1, Event 818, LumiSection 17 at 14-Jun-2021 15:44:47.557 CEST
Begin processing the 19th record. Run 1, Event 820, LumiSection 17 at 14-Jun-2021 15:44:55.100 CEST
Begin processing the 20th record. Run 1, Event 821, LumiSection 17 at 14-Jun-2021 15:44:58.733 CEST
%MSG-w InvalidHelix:   SeedCreatorFromRegionConsecutiveHitsTripletOnlyEDProducer:hltFullIter8PixelLessSeeds  14-Jun-2021 15:45:08 CEST Run: 1 Event: 821
PixelClusterShapeSeedComparitor helix is not valid, result is bad
%MSG
Begin processing the 21st record. Run 1, Event 817, LumiSection 17 at 14-Jun-2021 15:45:10.285 CEST
Begin processing the 22nd record. Run 1, Event 823, LumiSection 17 at 14-Jun-2021 15:45:14.290 CEST
Begin processing the 23rd record. Run 1, Event 824, LumiSection 17 at 14-Jun-2021 15:45:18.914 CEST
Begin processing the 24th record. Run 1, Event 822, LumiSection 17 at 14-Jun-2021 15:45:24.172 CEST
Begin processing the 25th record. Run 1, Event 827, LumiSection 17 at 14-Jun-2021 15:45:28.150 CEST
Begin processing the 26th record. Run 1, Event 825, LumiSection 17 at 14-Jun-2021 15:45:30.323 CEST
Begin processing the 27th record. Run 1, Event 826, LumiSection 17 at 14-Jun-2021 15:45:35.376 CEST
Begin processing the 28th record. Run 1, Event 830, LumiSection 17 at 14-Jun-2021 15:45:39.027 CEST
Begin processing the 29th record. Run 1, Event 828, LumiSection 17 at 14-Jun-2021 15:45:42.871 CEST
Begin processing the 30th record. Run 1, Event 829, LumiSection 17 at 14-Jun-2021 15:45:48.522 CEST
Begin processing the 31st record. Run 1, Event 834, LumiSection 17 at 14-Jun-2021 15:45:49.379 CEST
%MSG-w InvalidHelix:   SeedCreatorFromRegionConsecutiveHitsEDProducer:hltFullIter9TobTecSeedsTripl  14-Jun-2021 15:45:55 CEST Run: 1 Event: 834
PixelClusterShapeSeedComparitor helix is not valid, result is bad
%MSG
Begin processing the 32nd record. Run 1, Event 831, LumiSection 17 at 14-Jun-2021 15:45:56.202 CEST
Begin processing the 33rd record. Run 1, Event 833, LumiSection 17 at 14-Jun-2021 15:45:59.489 CEST
Begin processing the 34th record. Run 1, Event 835, LumiSection 17 at 14-Jun-2021 15:46:03.853 CEST
%MSG-w InvalidHelix:   SeedCreatorFromRegionConsecutiveHitsEDProducer:hltFullIter9TobTecSeedsPair  14-Jun-2021 15:46:08 CEST Run: 1 Event: 835
PixelClusterShapeSeedComparitor helix is not valid, result is bad
%MSG
Begin processing the 35th record. Run 1, Event 832, LumiSection 17 at 14-Jun-2021 15:46:09.430 CEST
Begin processing the 36th record. Run 1, Event 836, LumiSection 17 at 14-Jun-2021 15:46:23.582 CEST
Begin processing the 37th record. Run 1, Event 838, LumiSection 17 at 14-Jun-2021 15:46:29.088 CEST
Begin processing the 38th record. Run 1, Event 837, LumiSection 17 at 14-Jun-2021 15:46:34.595 CEST
Begin processing the 39th record. Run 1, Event 842, LumiSection 17 at 14-Jun-2021 15:46:43.830 CEST
Begin processing the 40th record. Run 1, Event 840, LumiSection 17 at 14-Jun-2021 15:46:51.130 CEST
Begin processing the 41st record. Run 1, Event 841, LumiSection 17 at 14-Jun-2021 15:46:58.710 CEST
Begin processing the 42nd record. Run 1, Event 843, LumiSection 17 at 14-Jun-2021 15:47:15.662 CEST
Begin processing the 43rd record. Run 1, Event 844, LumiSection 17 at 14-Jun-2021 15:47:18.423 CEST
Begin processing the 44th record. Run 1, Event 839, LumiSection 17 at 14-Jun-2021 15:47:28.860 CEST
Begin processing the 45th record. Run 1, Event 845, LumiSection 17 at 14-Jun-2021 15:47:42.962 CEST
Begin processing the 46th record. Run 1, Event 846, LumiSection 17 at 14-Jun-2021 15:47:48.085 CEST
Begin processing the 47th record. Run 1, Event 849, LumiSection 17 at 14-Jun-2021 15:47:54.345 CEST
Begin processing the 48th record. Run 1, Event 847, LumiSection 17 at 14-Jun-2021 15:47:58.348 CEST
Begin processing the 49th record. Run 1, Event 850, LumiSection 17 at 14-Jun-2021 15:48:02.495 CEST
Begin processing the 50th record. Run 1, Event 848, LumiSection 17 at 14-Jun-2021 15:48:03.543 CEST
14-Jun-2021 15:48:14 CEST  Closed file file:/eos/cms/store/user/tsarkar/DIGIPremix_Condor_output_Vector_MonoZLL_NLO_Mphi-500_Mchi-150_gSM-0p25_gDM-1p0_ctau1p0/step_DIGIPremix_2017UL_9.root

=============================================

MessageLogger Summary

 type     category        sev    module        subroutine        count    total
 ---- -------------------- -- ---------------- ----------------  -----    -----
    1 InvalidHelix         -w SeedCreatorFromR                       1        1
    2 InvalidHelix         -w SeedCreatorFromR                       1        1
    3 InvalidHelix         -w SeedCreatorFromR                       1        1
    4 InvalidInputTag      -w CSCHaloDataProdu                       1        1
    5 TrajectoryNotPosDef  -e TrackProducer:hl                       1        1
    6 fileAction           -s file_close                             1        1
    7 fileAction           -s file_open                              2        2

 type    category    Examples: run/evt        run/evt          run/evt
 ---- -------------------- ---------------- ---------------- ----------------
    1 InvalidHelix         1/835                             
    2 InvalidHelix         1/834                             
    3 InvalidHelix         1/821                             
    4 InvalidInputTag      1/804                             
    5 TrajectoryNotPosDef  1/819                             
    6 fileAction           PostGlobalEndRun                  
    7 fileAction           pre-events       pre-events       

Severity    # Occurrences   Total Occurrences
--------    -------------   -----------------
Warning                 4                   4
Error                   1                   1
System                  3                   3

dropped waiting message count 0
