14-Jun-2021 15:40:36 CEST  Initiating request to open file file:/eos/cms/store/user/tsarkar/DIGIPremix_Condor_output_Vector_MonoZLL_NLO_Mphi-500_Mchi-150_gSM-0p25_gDM-1p0_ctau1p0/step_DIGIPremix_2017UL_6.root
14-Jun-2021 15:40:40 CEST  Successfully opened file file:/eos/cms/store/user/tsarkar/DIGIPremix_Condor_output_Vector_MonoZLL_NLO_Mphi-500_Mchi-150_gSM-0p25_gDM-1p0_ctau1p0/step_DIGIPremix_2017UL_6.root
Begin processing the 1st record. Run 1, Event 652, LumiSection 14 at 14-Jun-2021 15:42:25.378 CEST
Begin processing the 2nd record. Run 1, Event 653, LumiSection 14 at 14-Jun-2021 15:42:37.674 CEST
Begin processing the 3rd record. Run 1, Event 651, LumiSection 14 at 14-Jun-2021 15:42:39.483 CEST
Begin processing the 4th record. Run 1, Event 654, LumiSection 14 at 14-Jun-2021 15:42:41.500 CEST
Begin processing the 5th record. Run 1, Event 655, LumiSection 14 at 14-Jun-2021 15:42:49.237 CEST
Begin processing the 6th record. Run 1, Event 656, LumiSection 14 at 14-Jun-2021 15:42:52.257 CEST
Begin processing the 7th record. Run 1, Event 657, LumiSection 14 at 14-Jun-2021 15:42:57.339 CEST
Begin processing the 8th record. Run 1, Event 658, LumiSection 14 at 14-Jun-2021 15:43:11.214 CEST
Begin processing the 9th record. Run 1, Event 659, LumiSection 14 at 14-Jun-2021 15:43:15.220 CEST
Begin processing the 10th record. Run 1, Event 662, LumiSection 14 at 14-Jun-2021 15:43:18.699 CEST
Begin processing the 11th record. Run 1, Event 660, LumiSection 14 at 14-Jun-2021 15:43:24.609 CEST
Begin processing the 12th record. Run 1, Event 661, LumiSection 14 at 14-Jun-2021 15:43:28.006 CEST
%MSG-w InvalidInputTag:  CSCHaloDataProducer:hltCSCHaloData  14-Jun-2021 15:43:31 CEST Run: 1 Event: 661
 The Cosmic Muon collection does not appear to be in the event. These beam halo  identification variables will be empty
%MSG
Begin processing the 13th record. Run 1, Event 664, LumiSection 14 at 14-Jun-2021 15:43:31.881 CEST
Begin processing the 14th record. Run 1, Event 666, LumiSection 14 at 14-Jun-2021 15:43:34.857 CEST
Begin processing the 15th record. Run 1, Event 667, LumiSection 14 at 14-Jun-2021 15:43:42.011 CEST
Begin processing the 16th record. Run 1, Event 663, LumiSection 14 at 14-Jun-2021 15:43:44.468 CEST
Begin processing the 17th record. Run 1, Event 665, LumiSection 14 at 14-Jun-2021 15:43:48.104 CEST
Begin processing the 18th record. Run 1, Event 669, LumiSection 14 at 14-Jun-2021 15:43:53.517 CEST
%MSG-w InvalidHelix:   SeedCreatorFromRegionConsecutiveHitsEDProducer:hltFullIter6PixelSeedsA  14-Jun-2021 15:43:57 CEST Run: 1 Event: 669
PixelClusterShapeSeedComparitor helix is not valid, result is bad
%MSG
Begin processing the 19th record. Run 1, Event 668, LumiSection 14 at 14-Jun-2021 15:43:58.579 CEST
Begin processing the 20th record. Run 1, Event 670, LumiSection 14 at 14-Jun-2021 15:44:05.699 CEST
Begin processing the 21st record. Run 1, Event 673, LumiSection 14 at 14-Jun-2021 15:44:12.579 CEST
%MSG-w BasicTrajectoryState:   TrackProducer:hltIter2ElectronsCtfWithMaterialTracks 14-Jun-2021 15:44:15 CEST  Run: 1 Event: 673
curv error not pos-def
[   1.0565e+06     66.3028     -127796    -245.521    -99.2957
       66.3028  0.00434091    -8.02006   -0.015308 -0.00242262
       -127796    -8.02006     15458.3       29.69     12.0112
      -245.521   -0.015308       29.69  -0.0111062   0.0254973
      -99.2957 -0.00242262     12.0112   0.0254973   0.0899471 ]
pos/mom/mf  (3.39299,-10.1615,16.3525)   (3.08012,-9.02149,23.447)   (0.000109355,-0.000327502,3.81087) 
%MSG
%MSG-w BasicTrajectoryState:   TrackProducer:hltIter2ElectronsCtfWithMaterialTracks 14-Jun-2021 15:44:15 CEST  Run: 1 Event: 673
local error not pos-def
[   1.0565e+06      127874     8707.88    -245.604     247.796
        127874     15477.4     1053.96    -29.7182     29.9936
       8707.88     1053.96     71.7809    -2.02305     1.97122
      -245.604    -29.7182    -2.02305  -0.0111147  -0.0684291
       247.796     29.9936     1.97122  -0.0684291    0.625233 ]
pos/mom/mf  (3.39299,-10.1615,16.3525)   (3.08012,-9.02149,23.447)   (0.000109355,-0.000327502,3.81087) 
%MSG
Begin processing the 22nd record. Run 1, Event 671, LumiSection 14 at 14-Jun-2021 15:44:26.653 CEST
Begin processing the 23rd record. Run 1, Event 672, LumiSection 14 at 14-Jun-2021 15:44:29.315 CEST
Begin processing the 24th record. Run 1, Event 676, LumiSection 14 at 14-Jun-2021 15:44:32.143 CEST
Begin processing the 25th record. Run 1, Event 675, LumiSection 14 at 14-Jun-2021 15:44:33.394 CEST
%MSG-w EnergyInDeadEE_FE:  EcalRecHitProducer:hltEcalRecHit  14-Jun-2021 15:44:33 CEST Run: 1 Event: 675
TP energy in the dead TT = 85.594 at (EE iz +  ix 17 , iy 6)
%MSG
Begin processing the 26th record. Run 1, Event 674, LumiSection 14 at 14-Jun-2021 15:44:35.208 CEST
Begin processing the 27th record. Run 1, Event 678, LumiSection 14 at 14-Jun-2021 15:44:37.575 CEST
Begin processing the 28th record. Run 1, Event 680, LumiSection 14 at 14-Jun-2021 15:44:38.427 CEST
%MSG-e TrajectoryNotPosDef:   TrackProducer:hltDoubletRecoveryPFlowCtfWithMaterialTracks  14-Jun-2021 15:44:38 CEST Run: 1 Event: 680
Trajectory covariance is not positive-definite
%MSG
Begin processing the 29th record. Run 1, Event 679, LumiSection 14 at 14-Jun-2021 15:44:51.870 CEST
Begin processing the 30th record. Run 1, Event 681, LumiSection 14 at 14-Jun-2021 15:44:53.167 CEST
Begin processing the 31st record. Run 1, Event 677, LumiSection 14 at 14-Jun-2021 15:44:55.413 CEST
Begin processing the 32nd record. Run 1, Event 682, LumiSection 14 at 14-Jun-2021 15:45:05.657 CEST
Begin processing the 33rd record. Run 1, Event 683, LumiSection 14 at 14-Jun-2021 15:45:09.884 CEST
Begin processing the 34th record. Run 1, Event 684, LumiSection 14 at 14-Jun-2021 15:45:20.740 CEST
Begin processing the 35th record. Run 1, Event 687, LumiSection 14 at 14-Jun-2021 15:45:28.145 CEST
Begin processing the 36th record. Run 1, Event 688, LumiSection 14 at 14-Jun-2021 15:45:31.648 CEST
Begin processing the 37th record. Run 1, Event 685, LumiSection 14 at 14-Jun-2021 15:45:33.131 CEST
Begin processing the 38th record. Run 1, Event 686, LumiSection 14 at 14-Jun-2021 15:45:36.057 CEST
Begin processing the 39th record. Run 1, Event 690, LumiSection 14 at 14-Jun-2021 15:45:44.632 CEST
Begin processing the 40th record. Run 1, Event 692, LumiSection 14 at 14-Jun-2021 15:45:45.893 CEST
Begin processing the 41st record. Run 1, Event 693, LumiSection 14 at 14-Jun-2021 15:45:51.193 CEST
Begin processing the 42nd record. Run 1, Event 695, LumiSection 14 at 14-Jun-2021 15:45:53.478 CEST
Begin processing the 43rd record. Run 1, Event 691, LumiSection 14 at 14-Jun-2021 15:46:01.074 CEST
Begin processing the 44th record. Run 1, Event 694, LumiSection 14 at 14-Jun-2021 15:46:07.752 CEST
Begin processing the 45th record. Run 1, Event 689, LumiSection 14 at 14-Jun-2021 15:46:14.115 CEST
Begin processing the 46th record. Run 1, Event 696, LumiSection 14 at 14-Jun-2021 15:46:18.543 CEST
Begin processing the 47th record. Run 1, Event 698, LumiSection 14 at 14-Jun-2021 15:46:19.494 CEST
Begin processing the 48th record. Run 1, Event 699, LumiSection 14 at 14-Jun-2021 15:46:25.412 CEST
Begin processing the 49th record. Run 1, Event 700, LumiSection 14 at 14-Jun-2021 15:46:34.505 CEST
Begin processing the 50th record. Run 1, Event 697, LumiSection 14 at 14-Jun-2021 15:46:35.377 CEST
14-Jun-2021 15:46:48 CEST  Closed file file:/eos/cms/store/user/tsarkar/DIGIPremix_Condor_output_Vector_MonoZLL_NLO_Mphi-500_Mchi-150_gSM-0p25_gDM-1p0_ctau1p0/step_DIGIPremix_2017UL_6.root

=============================================

MessageLogger Summary

 type     category        sev    module        subroutine        count    total
 ---- -------------------- -- ---------------- ----------------  -----    -----
    1 BasicTrajectoryState -w TrackProducer:hl                       2        2
    2 EnergyInDeadEE_FE    -w EcalRecHitProduc                       1        1
    3 InvalidHelix         -w SeedCreatorFromR                       1        1
    4 InvalidInputTag      -w CSCHaloDataProdu                       1        1
    5 TrajectoryNotPosDef  -e TrackProducer:hl                       1        1
    6 fileAction           -s file_close                             1        1
    7 fileAction           -s file_open                              2        2

 type    category    Examples: run/evt        run/evt          run/evt
 ---- -------------------- ---------------- ---------------- ----------------
    1 BasicTrajectoryState 1/673            1/673            
    2 EnergyInDeadEE_FE    1/675                             
    3 InvalidHelix         1/669                             
    4 InvalidInputTag      1/661                             
    5 TrajectoryNotPosDef  1/680                             
    6 fileAction           PostGlobalEndRun                  
    7 fileAction           pre-events       pre-events       

Severity    # Occurrences   Total Occurrences
--------    -------------   -----------------
Warning                 5                   5
Error                   1                   1
System                  3                   3

dropped waiting message count 0
