000 (7312080.000.000) 06/14 14:45:46 Job submitted from host: <137.138.44.75:9618?addrs=137.138.44.75-9618+[2001-1458-d00-1a--b]-9618&alias=bigbird14.cern.ch&noUDP&sock=schedd_3149486_02ef>
...
040 (7312080.000.000) 06/14 15:39:57 Started transferring input files
	Transferring to host: <188.184.197.26:9618?addrs=188.184.197.26-9618+[2001-1458-301-103--100-45c]-9618&alias=b7g23n9994.cern.ch&noUDP&sock=slot1_1_5079_5d68_49074>
...
040 (7312080.000.000) 06/14 15:39:57 Finished transferring input files
...
001 (7312080.000.000) 06/14 15:39:58 Job executing on host: <188.184.197.26:9618?addrs=188.184.197.26-9618+[2001-1458-301-103--100-45c]-9618&alias=b7g23n9994.cern.ch&noUDP&sock=startd_4063_7562>
...
006 (7312080.000.000) 06/14 15:40:07 Image size of job updated: 26488
	14  -  MemoryUsage of job (MB)
	13356  -  ResidentSetSize of job (KB)
...
006 (7312080.000.000) 06/14 15:45:08 Image size of job updated: 2264752
	1202  -  MemoryUsage of job (MB)
	1230368  -  ResidentSetSize of job (KB)
...
006 (7312080.000.000) 06/14 15:47:04 Image size of job updated: 2401968
	1202  -  MemoryUsage of job (MB)
	1230368  -  ResidentSetSize of job (KB)
...
040 (7312080.000.000) 06/14 15:47:05 Started transferring output files
...
040 (7312080.000.000) 06/14 15:47:05 Finished transferring output files
...
005 (7312080.000.000) 06/14 15:47:05 Job terminated.
	(1) Normal termination (return value 0)
		Usr 0 00:05:49, Sys 0 00:00:12  -  Run Remote Usage
		Usr 0 00:00:00, Sys 0 00:00:00  -  Run Local Usage
		Usr 0 00:05:49, Sys 0 00:00:12  -  Total Remote Usage
		Usr 0 00:00:00, Sys 0 00:00:00  -  Total Local Usage
	16255  -  Run Bytes Sent By Job
	431  -  Run Bytes Received By Job
	16255  -  Total Bytes Sent By Job
	431  -  Total Bytes Received By Job
	Partitionable Resources :    Usage  Request Allocated 
	   Cpus                 :     1.00        1         1 
	   Disk (KB)            :    37           1    354425 
	   Memory (MB)          :  1202        2000      2000 

	Job terminated of its own accord at 2021-06-14T13:47:04Z.
...
