14-Jun-2021 15:40:46 CEST  Initiating request to open file file:/eos/cms/store/user/tsarkar/DIGIPremix_Condor_output_Vector_MonoZLL_NLO_Mphi-500_Mchi-150_gSM-0p25_gDM-1p0_ctau1p0/step_DIGIPremix_2017UL_11.root
14-Jun-2021 15:40:50 CEST  Successfully opened file file:/eos/cms/store/user/tsarkar/DIGIPremix_Condor_output_Vector_MonoZLL_NLO_Mphi-500_Mchi-150_gSM-0p25_gDM-1p0_ctau1p0/step_DIGIPremix_2017UL_11.root
Begin processing the 1st record. Run 1, Event 901, LumiSection 19 at 14-Jun-2021 15:43:04.547 CEST
%MSG-w InvalidHelix:   SeedCreatorFromRegionConsecutiveHitsEDProducer:hltFullIter9TobTecSeedsTripl  14-Jun-2021 15:43:24 CEST Run: 1 Event: 901
PixelClusterShapeSeedComparitor helix is not valid, result is bad
%MSG
%MSG-w InvalidHelix:   SeedCreatorFromRegionConsecutiveHitsEDProducer:hltFullIter9TobTecSeedsPair  14-Jun-2021 15:43:24 CEST Run: 1 Event: 901
PixelClusterShapeSeedComparitor helix is not valid, result is bad
%MSG
Begin processing the 2nd record. Run 1, Event 902, LumiSection 19 at 14-Jun-2021 15:43:25.687 CEST
Begin processing the 3rd record. Run 1, Event 903, LumiSection 19 at 14-Jun-2021 15:43:35.938 CEST
Begin processing the 4th record. Run 1, Event 904, LumiSection 19 at 14-Jun-2021 15:43:40.001 CEST
%MSG-w InvalidInputTag:  CSCHaloDataProducer:hltCSCHaloData  14-Jun-2021 15:43:41 CEST Run: 1 Event: 904
 The Cosmic Muon collection does not appear to be in the event. These beam halo  identification variables will be empty
%MSG
Begin processing the 5th record. Run 1, Event 908, LumiSection 19 at 14-Jun-2021 15:43:41.849 CEST
Begin processing the 6th record. Run 1, Event 905, LumiSection 19 at 14-Jun-2021 15:43:44.610 CEST
Begin processing the 7th record. Run 1, Event 906, LumiSection 19 at 14-Jun-2021 15:43:45.409 CEST
Begin processing the 8th record. Run 1, Event 907, LumiSection 19 at 14-Jun-2021 15:43:52.726 CEST
Begin processing the 9th record. Run 1, Event 911, LumiSection 19 at 14-Jun-2021 15:44:01.364 CEST
Begin processing the 10th record. Run 1, Event 909, LumiSection 19 at 14-Jun-2021 15:44:04.555 CEST
Begin processing the 11th record. Run 1, Event 910, LumiSection 19 at 14-Jun-2021 15:44:10.205 CEST
Begin processing the 12th record. Run 1, Event 912, LumiSection 19 at 14-Jun-2021 15:44:18.899 CEST
Begin processing the 13th record. Run 1, Event 913, LumiSection 19 at 14-Jun-2021 15:44:24.389 CEST
Begin processing the 14th record. Run 1, Event 915, LumiSection 19 at 14-Jun-2021 15:44:30.215 CEST
Begin processing the 15th record. Run 1, Event 914, LumiSection 19 at 14-Jun-2021 15:44:38.068 CEST
Begin processing the 16th record. Run 1, Event 917, LumiSection 19 at 14-Jun-2021 15:44:43.947 CEST
Begin processing the 17th record. Run 1, Event 919, LumiSection 19 at 14-Jun-2021 15:44:51.020 CEST
%MSG-e TrajectoryNotPosDef:   TrackProducer:hltIter2ElectronsCtfWithMaterialTracks 14-Jun-2021 15:44:51 CEST  Run: 1 Event: 919
Trajectory covariance is not positive-definite
%MSG
Begin processing the 18th record. Run 1, Event 918, LumiSection 19 at 14-Jun-2021 15:44:55.391 CEST
Begin processing the 19th record. Run 1, Event 916, LumiSection 19 at 14-Jun-2021 15:45:00.646 CEST
Begin processing the 20th record. Run 1, Event 923, LumiSection 19 at 14-Jun-2021 15:45:05.555 CEST
Begin processing the 21st record. Run 1, Event 920, LumiSection 19 at 14-Jun-2021 15:45:10.065 CEST
Begin processing the 22nd record. Run 1, Event 921, LumiSection 19 at 14-Jun-2021 15:45:13.257 CEST
Begin processing the 23rd record. Run 1, Event 922, LumiSection 19 at 14-Jun-2021 15:45:19.401 CEST
Begin processing the 24th record. Run 1, Event 925, LumiSection 19 at 14-Jun-2021 15:45:24.527 CEST
Begin processing the 25th record. Run 1, Event 924, LumiSection 19 at 14-Jun-2021 15:45:25.981 CEST
%MSG-e TrajectoryNotPosDef:   TrackProducer:hltIter2PFlowCtfWithMaterialTracksForPhotons  14-Jun-2021 15:45:26 CEST Run: 1 Event: 924
Trajectory covariance is not positive-definite
%MSG
%MSG-e TrajectoryNotPosDef:   TrackProducer:hltIter2PFlowCtfWithMaterialTracksForPhotons  14-Jun-2021 15:45:26 CEST Run: 1 Event: 924
Trajectory covariance is not positive-definite
%MSG
%MSG-e TrajectoryNotPosDef:   TrackProducer:hltIter2ElectronsCtfWithMaterialTracks 14-Jun-2021 15:45:28 CEST  Run: 1 Event: 924
Trajectory covariance is not positive-definite
%MSG
%MSG-e TrajectoryNotPosDef:   TrackProducer:hltIter2ElectronsCtfWithMaterialTracks 14-Jun-2021 15:45:28 CEST  Run: 1 Event: 924
Trajectory covariance is not positive-definite
%MSG
Begin processing the 26th record. Run 1, Event 926, LumiSection 19 at 14-Jun-2021 15:45:38.875 CEST
Begin processing the 27th record. Run 1, Event 929, LumiSection 19 at 14-Jun-2021 15:45:44.807 CEST
Begin processing the 28th record. Run 1, Event 927, LumiSection 19 at 14-Jun-2021 15:45:54.812 CEST
Begin processing the 29th record. Run 1, Event 928, LumiSection 19 at 14-Jun-2021 15:46:00.283 CEST
Begin processing the 30th record. Run 1, Event 930, LumiSection 19 at 14-Jun-2021 15:46:04.140 CEST
Begin processing the 31st record. Run 1, Event 932, LumiSection 19 at 14-Jun-2021 15:46:08.866 CEST
%MSG-w InvalidHelix:   SeedCreatorFromRegionConsecutiveHitsEDProducer:hltIter2HighPtTkMuPixelSeeds  14-Jun-2021 15:46:13 CEST Run: 1 Event: 932
PixelClusterShapeSeedComparitor helix is not valid, result is bad
%MSG
Begin processing the 32nd record. Run 1, Event 931, LumiSection 19 at 14-Jun-2021 15:46:13.794 CEST
Begin processing the 33rd record. Run 1, Event 935, LumiSection 19 at 14-Jun-2021 15:46:15.658 CEST
Begin processing the 34th record. Run 1, Event 934, LumiSection 19 at 14-Jun-2021 15:46:16.806 CEST
Begin processing the 35th record. Run 1, Event 933, LumiSection 19 at 14-Jun-2021 15:46:20.556 CEST
Begin processing the 36th record. Run 1, Event 937, LumiSection 19 at 14-Jun-2021 15:46:23.407 CEST
%MSG-w InvalidHelix:   SeedCreatorFromRegionConsecutiveHitsTripletOnlyEDProducer:hltFullIter8PixelLessSeeds  14-Jun-2021 15:46:31 CEST Run: 1 Event: 937
PixelClusterShapeSeedComparitor helix is not valid, result is bad
%MSG
%MSG-w InvalidHelix:   SeedCreatorFromRegionConsecutiveHitsTripletOnlyEDProducer:hltFullIter8PixelLessSeeds  14-Jun-2021 15:46:31 CEST Run: 1 Event: 937
PixelClusterShapeSeedComparitor helix is not valid, result is bad
%MSG
Begin processing the 37th record. Run 1, Event 940, LumiSection 19 at 14-Jun-2021 15:46:33.718 CEST
Begin processing the 38th record. Run 1, Event 936, LumiSection 19 at 14-Jun-2021 15:46:40.134 CEST
Begin processing the 39th record. Run 1, Event 938, LumiSection 19 at 14-Jun-2021 15:46:44.325 CEST
Begin processing the 40th record. Run 1, Event 941, LumiSection 19 at 14-Jun-2021 15:47:20.275 CEST
%MSG-e TrajectoryNotPosDef:   TrackProducer:hltIter2ElectronsCtfWithMaterialTracks 14-Jun-2021 15:47:21 CEST  Run: 1 Event: 941
Trajectory covariance is not positive-definite
%MSG
Begin processing the 41st record. Run 1, Event 939, LumiSection 19 at 14-Jun-2021 15:47:27.357 CEST
%MSG-w BasicTrajectoryState:   TrackProducer:hltIter2ElectronsCtfWithMaterialTracks 14-Jun-2021 15:47:28 CEST  Run: 1 Event: 939
curv error not pos-def
[  9.09157e+06     138.445     -287767    -72.7449   -0.839747
       138.445  0.00289381    -4.38201-0.000901804  0.00433603
       -287767    -4.38201     9108.43     2.30007   0.0268717
      -72.7449-0.000901804     2.30007 -0.00877701  0.00116735
     -0.839747  0.00433603   0.0268717  0.00116735   0.0240903 ]
pos/mom/mf  (0.727528,-6.53806,-8.94534)   (0.811167,-7.45916,-7.95607)   (-1.73676e-05,0.000156077,3.81101) 
%MSG
%MSG-w BasicTrajectoryState:   TrackProducer:hltIter2ElectronsCtfWithMaterialTracks 14-Jun-2021 15:47:28 CEST  Run: 1 Event: 939
local error not pos-def
[  9.09157e+06      287884     -5888.2    -72.7597     2.78648
        287884     9115.81    -186.449    -2.30147   0.0886451
       -5888.2    -186.449     3.81707   0.0475077  -0.0152909
      -72.7597    -2.30147   0.0475077 -0.00878067 -0.00151206
       2.78648   0.0886451  -0.0152909 -0.00151206   0.0512454 ]
pos/mom/mf  (0.727528,-6.53806,-8.94534)   (0.811167,-7.45916,-7.95607)   (-1.73676e-05,0.000156077,3.81101) 
%MSG
Begin processing the 42nd record. Run 1, Event 944, LumiSection 19 at 14-Jun-2021 15:47:31.324 CEST
Begin processing the 43rd record. Run 1, Event 942, LumiSection 19 at 14-Jun-2021 15:47:34.926 CEST
Begin processing the 44th record. Run 1, Event 946, LumiSection 19 at 14-Jun-2021 15:47:40.047 CEST
Begin processing the 45th record. Run 1, Event 945, LumiSection 19 at 14-Jun-2021 15:47:43.429 CEST
Begin processing the 46th record. Run 1, Event 943, LumiSection 19 at 14-Jun-2021 15:47:49.605 CEST
Begin processing the 47th record. Run 1, Event 948, LumiSection 19 at 14-Jun-2021 15:47:58.516 CEST
Begin processing the 48th record. Run 1, Event 947, LumiSection 19 at 14-Jun-2021 15:47:59.275 CEST
%MSG-w Muon:  L3MuonProducer:hltL3NoFiltersNoVtxMuonsOIHit  14-Jun-2021 15:48:04 CEST Run: 1 Event: 947
     Failed to load tracker track trajectory
%MSG
%MSG-w RecoMuon:  L3MuonProducer:hltL3NoFiltersNoVtxMuonsOIHit  14-Jun-2021 15:48:04 CEST Run: 1 Event: 947
     Failed to load tracker track trajectory
%MSG
%MSG-w GlobalMuon:  L3MuonProducer:hltL3NoFiltersNoVtxMuonsOIHit  14-Jun-2021 15:48:04 CEST Run: 1 Event: 947
     Failed to load tracker track trajectory
%MSG
%MSG-w GlobalTrajectoryBuilderBase:   L3MuonProducer:hltL3NoFiltersNoVtxMuonsOIHit 14-Jun-2021 15:48:04 CEST  Run: 1 Event: 947
     Failed to load tracker track trajectory
%MSG
Begin processing the 49th record. Run 1, Event 950, LumiSection 19 at 14-Jun-2021 15:48:05.266 CEST
Begin processing the 50th record. Run 1, Event 949, LumiSection 19 at 14-Jun-2021 15:48:14.887 CEST
14-Jun-2021 15:48:19 CEST  Closed file file:/eos/cms/store/user/tsarkar/DIGIPremix_Condor_output_Vector_MonoZLL_NLO_Mphi-500_Mchi-150_gSM-0p25_gDM-1p0_ctau1p0/step_DIGIPremix_2017UL_11.root

=============================================

MessageLogger Summary

 type     category        sev    module        subroutine        count    total
 ---- -------------------- -- ---------------- ----------------  -----    -----
    1 BasicTrajectoryState -w TrackProducer:hl                       2        2
    2 GlobalMuon           -w L3MuonProducer:h                       1        1
    3 GlobalTrajectoryBuil -w L3MuonProducer:h                       1        1
    4 InvalidHelix         -w SeedCreatorFromR                       1        1
    5 InvalidHelix         -w SeedCreatorFromR                       1        1
    6 InvalidHelix         -w SeedCreatorFromR                       1        1
    7 InvalidHelix         -w SeedCreatorFromR                       2        2
    8 InvalidInputTag      -w CSCHaloDataProdu                       1        1
    9 Muon                 -w L3MuonProducer:h                       1        1
   10 RecoMuon             -w L3MuonProducer:h                       1        1
   11 TrajectoryNotPosDef  -e TrackProducer:hl                       4        4
   12 TrajectoryNotPosDef  -e TrackProducer:hl                       2        2
   13 fileAction           -s file_close                             1        1
   14 fileAction           -s file_open                              2        2

 type    category    Examples: run/evt        run/evt          run/evt
 ---- -------------------- ---------------- ---------------- ----------------
    1 BasicTrajectoryState 1/939            1/939            
    2 GlobalMuon           1/947                             
    3 GlobalTrajectoryBuilderBase 1/947                             
    4 InvalidHelix         1/901                             
    5 InvalidHelix         1/901                             
    6 InvalidHelix         1/932                             
    7 InvalidHelix         1/937            1/937            
    8 InvalidInputTag      1/904                             
    9 Muon                 1/947                             
   10 RecoMuon             1/947                             
   11 TrajectoryNotPosDef  1/919            1/924            1/941
   12 TrajectoryNotPosDef  1/924            1/924            
   13 fileAction           PostGlobalEndRun                  
   14 fileAction           pre-events       pre-events       

Severity    # Occurrences   Total Occurrences
--------    -------------   -----------------
Warning                12                  12
Error                   6                   6
System                  3                   3

dropped waiting message count 0
