14-Jun-2021 15:40:24 CEST  Initiating request to open file file:/eos/cms/store/user/tsarkar/DIGIPremix_Condor_output_Vector_MonoZLL_NLO_Mphi-500_Mchi-150_gSM-0p25_gDM-1p0_ctau1p0/step_DIGIPremix_2017UL_3.root
14-Jun-2021 15:40:27 CEST  Successfully opened file file:/eos/cms/store/user/tsarkar/DIGIPremix_Condor_output_Vector_MonoZLL_NLO_Mphi-500_Mchi-150_gSM-0p25_gDM-1p0_ctau1p0/step_DIGIPremix_2017UL_3.root
Begin processing the 1st record. Run 1, Event 502, LumiSection 11 at 14-Jun-2021 15:42:00.268 CEST
Begin processing the 2nd record. Run 1, Event 501, LumiSection 11 at 14-Jun-2021 15:42:12.556 CEST
Begin processing the 3rd record. Run 1, Event 504, LumiSection 11 at 14-Jun-2021 15:42:15.648 CEST
Begin processing the 4th record. Run 1, Event 506, LumiSection 11 at 14-Jun-2021 15:42:22.862 CEST
Begin processing the 5th record. Run 1, Event 503, LumiSection 11 at 14-Jun-2021 15:42:27.369 CEST
Begin processing the 6th record. Run 1, Event 505, LumiSection 11 at 14-Jun-2021 15:42:32.685 CEST
%MSG-w InvalidInputTag:  CSCHaloDataProducer:hltCSCHaloData  14-Jun-2021 15:42:35 CEST Run: 1 Event: 505
 The Cosmic Muon collection does not appear to be in the event. These beam halo  identification variables will be empty
%MSG
Begin processing the 7th record. Run 1, Event 507, LumiSection 11 at 14-Jun-2021 15:42:36.218 CEST
Begin processing the 8th record. Run 1, Event 510, LumiSection 11 at 14-Jun-2021 15:42:41.686 CEST
Begin processing the 9th record. Run 1, Event 508, LumiSection 11 at 14-Jun-2021 15:42:43.475 CEST
Begin processing the 10th record. Run 1, Event 512, LumiSection 11 at 14-Jun-2021 15:42:48.050 CEST
Begin processing the 11th record. Run 1, Event 511, LumiSection 11 at 14-Jun-2021 15:42:53.521 CEST
Begin processing the 12th record. Run 1, Event 509, LumiSection 11 at 14-Jun-2021 15:42:57.006 CEST
Begin processing the 13th record. Run 1, Event 514, LumiSection 11 at 14-Jun-2021 15:43:03.596 CEST
Begin processing the 14th record. Run 1, Event 513, LumiSection 11 at 14-Jun-2021 15:43:06.719 CEST
Begin processing the 15th record. Run 1, Event 516, LumiSection 11 at 14-Jun-2021 15:43:10.624 CEST
Begin processing the 16th record. Run 1, Event 518, LumiSection 11 at 14-Jun-2021 15:43:15.386 CEST
%MSG-w InvalidHelix:   SeedCreatorFromRegionConsecutiveHitsEDProducer:hltFullIter9TobTecSeedsPair  14-Jun-2021 15:43:33 CEST Run: 1 Event: 518
PixelClusterShapeSeedComparitor helix is not valid, result is bad
%MSG
Begin processing the 17th record. Run 1, Event 517, LumiSection 11 at 14-Jun-2021 15:43:35.575 CEST
Begin processing the 18th record. Run 1, Event 515, LumiSection 11 at 14-Jun-2021 15:43:40.337 CEST
Begin processing the 19th record. Run 1, Event 519, LumiSection 11 at 14-Jun-2021 15:43:45.261 CEST
Begin processing the 20th record. Run 1, Event 522, LumiSection 11 at 14-Jun-2021 15:43:52.339 CEST
Begin processing the 21st record. Run 1, Event 521, LumiSection 11 at 14-Jun-2021 15:43:56.998 CEST
Begin processing the 22nd record. Run 1, Event 520, LumiSection 11 at 14-Jun-2021 15:44:02.913 CEST
Begin processing the 23rd record. Run 1, Event 523, LumiSection 11 at 14-Jun-2021 15:44:12.353 CEST
Begin processing the 24th record. Run 1, Event 525, LumiSection 11 at 14-Jun-2021 15:44:17.687 CEST
Begin processing the 25th record. Run 1, Event 527, LumiSection 11 at 14-Jun-2021 15:44:27.471 CEST
%MSG-w InvalidHelix:   SeedCreatorFromRegionConsecutiveHitsEDProducer:hltFullIter9TobTecSeedsPair  14-Jun-2021 15:44:34 CEST Run: 1 Event: 527
PixelClusterShapeSeedComparitor helix is not valid, result is bad
%MSG
Begin processing the 26th record. Run 1, Event 524, LumiSection 11 at 14-Jun-2021 15:44:35.518 CEST
Begin processing the 27th record. Run 1, Event 526, LumiSection 11 at 14-Jun-2021 15:44:40.844 CEST
Begin processing the 28th record. Run 1, Event 528, LumiSection 11 at 14-Jun-2021 15:44:43.331 CEST
Begin processing the 29th record. Run 1, Event 529, LumiSection 11 at 14-Jun-2021 15:44:46.306 CEST
Begin processing the 30th record. Run 1, Event 531, LumiSection 11 at 14-Jun-2021 15:44:50.381 CEST
Begin processing the 31st record. Run 1, Event 530, LumiSection 11 at 14-Jun-2021 15:44:52.161 CEST
Begin processing the 32nd record. Run 1, Event 535, LumiSection 11 at 14-Jun-2021 15:44:56.686 CEST
Begin processing the 33rd record. Run 1, Event 533, LumiSection 11 at 14-Jun-2021 15:45:00.192 CEST
Begin processing the 34th record. Run 1, Event 534, LumiSection 11 at 14-Jun-2021 15:45:01.958 CEST
Begin processing the 35th record. Run 1, Event 536, LumiSection 11 at 14-Jun-2021 15:45:04.839 CEST
Begin processing the 36th record. Run 1, Event 532, LumiSection 11 at 14-Jun-2021 15:45:06.145 CEST
Begin processing the 37th record. Run 1, Event 537, LumiSection 11 at 14-Jun-2021 15:45:10.279 CEST
Begin processing the 38th record. Run 1, Event 539, LumiSection 11 at 14-Jun-2021 15:45:17.685 CEST
Begin processing the 39th record. Run 1, Event 542, LumiSection 11 at 14-Jun-2021 15:45:25.266 CEST
Begin processing the 40th record. Run 1, Event 538, LumiSection 11 at 14-Jun-2021 15:45:35.257 CEST
Begin processing the 41st record. Run 1, Event 540, LumiSection 11 at 14-Jun-2021 15:45:42.993 CEST
Begin processing the 42nd record. Run 1, Event 541, LumiSection 11 at 14-Jun-2021 15:45:48.385 CEST
Begin processing the 43rd record. Run 1, Event 544, LumiSection 11 at 14-Jun-2021 15:45:54.630 CEST
Begin processing the 44th record. Run 1, Event 543, LumiSection 11 at 14-Jun-2021 15:45:57.139 CEST
Begin processing the 45th record. Run 1, Event 546, LumiSection 11 at 14-Jun-2021 15:46:03.175 CEST
Begin processing the 46th record. Run 1, Event 545, LumiSection 11 at 14-Jun-2021 15:46:05.903 CEST
Begin processing the 47th record. Run 1, Event 547, LumiSection 11 at 14-Jun-2021 15:46:08.552 CEST
Begin processing the 48th record. Run 1, Event 549, LumiSection 11 at 14-Jun-2021 15:46:12.902 CEST
Begin processing the 49th record. Run 1, Event 548, LumiSection 11 at 14-Jun-2021 15:46:20.862 CEST
Begin processing the 50th record. Run 1, Event 550, LumiSection 11 at 14-Jun-2021 15:46:23.674 CEST
14-Jun-2021 15:46:24 CEST  Closed file file:/eos/cms/store/user/tsarkar/DIGIPremix_Condor_output_Vector_MonoZLL_NLO_Mphi-500_Mchi-150_gSM-0p25_gDM-1p0_ctau1p0/step_DIGIPremix_2017UL_3.root

=============================================

MessageLogger Summary

 type     category        sev    module        subroutine        count    total
 ---- -------------------- -- ---------------- ----------------  -----    -----
    1 InvalidHelix         -w SeedCreatorFromR                       2        2
    2 InvalidInputTag      -w CSCHaloDataProdu                       1        1
    3 fileAction           -s file_close                             1        1
    4 fileAction           -s file_open                              2        2

 type    category    Examples: run/evt        run/evt          run/evt
 ---- -------------------- ---------------- ---------------- ----------------
    1 InvalidHelix         1/518            1/527            
    2 InvalidInputTag      1/505                             
    3 fileAction           PostGlobalEndRun                  
    4 fileAction           pre-events       pre-events       

Severity    # Occurrences   Total Occurrences
--------    -------------   -----------------
Warning                 3                   3
System                  3                   3

dropped waiting message count 0
