14-Jun-2021 15:40:33 CEST  Initiating request to open file file:/eos/cms/store/user/tsarkar/DIGIPremix_Condor_output_Vector_MonoZLL_NLO_Mphi-500_Mchi-150_gSM-0p25_gDM-1p0_ctau1p0/step_DIGIPremix_2017UL_4.root
14-Jun-2021 15:40:37 CEST  Successfully opened file file:/eos/cms/store/user/tsarkar/DIGIPremix_Condor_output_Vector_MonoZLL_NLO_Mphi-500_Mchi-150_gSM-0p25_gDM-1p0_ctau1p0/step_DIGIPremix_2017UL_4.root
Begin processing the 1st record. Run 1, Event 554, LumiSection 12 at 14-Jun-2021 15:42:09.867 CEST
Begin processing the 2nd record. Run 1, Event 553, LumiSection 12 at 14-Jun-2021 15:42:21.035 CEST
Begin processing the 3rd record. Run 1, Event 556, LumiSection 12 at 14-Jun-2021 15:42:32.847 CEST
Begin processing the 4th record. Run 1, Event 557, LumiSection 12 at 14-Jun-2021 15:42:37.482 CEST
Begin processing the 5th record. Run 1, Event 552, LumiSection 12 at 14-Jun-2021 15:42:43.608 CEST
%MSG-w InvalidInputTag:  CSCHaloDataProducer:hltCSCHaloData  14-Jun-2021 15:42:48 CEST Run: 1 Event: 552
 The Cosmic Muon collection does not appear to be in the event. These beam halo  identification variables will be empty
%MSG
Begin processing the 6th record. Run 1, Event 555, LumiSection 12 at 14-Jun-2021 15:42:48.629 CEST
Begin processing the 7th record. Run 1, Event 551, LumiSection 12 at 14-Jun-2021 15:42:50.681 CEST
%MSG-w InvalidHelix:   SeedCreatorFromRegionConsecutiveHitsEDProducer:hltFullIter9TobTecSeedsTripl  14-Jun-2021 15:42:55 CEST Run: 1 Event: 551
PixelClusterShapeSeedComparitor helix is not valid, result is bad
%MSG
Begin processing the 8th record. Run 1, Event 558, LumiSection 12 at 14-Jun-2021 15:42:56.522 CEST
Begin processing the 9th record. Run 1, Event 561, LumiSection 12 at 14-Jun-2021 15:43:01.625 CEST
Begin processing the 10th record. Run 1, Event 560, LumiSection 12 at 14-Jun-2021 15:43:04.013 CEST
Begin processing the 11th record. Run 1, Event 563, LumiSection 12 at 14-Jun-2021 15:43:07.911 CEST
Begin processing the 12th record. Run 1, Event 562, LumiSection 12 at 14-Jun-2021 15:43:13.913 CEST
Begin processing the 13th record. Run 1, Event 566, LumiSection 12 at 14-Jun-2021 15:43:20.182 CEST
Begin processing the 14th record. Run 1, Event 559, LumiSection 12 at 14-Jun-2021 15:43:26.570 CEST
Begin processing the 15th record. Run 1, Event 565, LumiSection 12 at 14-Jun-2021 15:43:31.278 CEST
Begin processing the 16th record. Run 1, Event 567, LumiSection 12 at 14-Jun-2021 15:43:36.848 CEST
Begin processing the 17th record. Run 1, Event 564, LumiSection 12 at 14-Jun-2021 15:43:41.981 CEST
Begin processing the 18th record. Run 1, Event 568, LumiSection 12 at 14-Jun-2021 15:43:44.961 CEST
Begin processing the 19th record. Run 1, Event 569, LumiSection 12 at 14-Jun-2021 15:43:45.893 CEST
Begin processing the 20th record. Run 1, Event 570, LumiSection 12 at 14-Jun-2021 15:44:04.202 CEST
Begin processing the 21st record. Run 1, Event 573, LumiSection 12 at 14-Jun-2021 15:44:05.388 CEST
Begin processing the 22nd record. Run 1, Event 571, LumiSection 12 at 14-Jun-2021 15:44:07.241 CEST
Begin processing the 23rd record. Run 1, Event 572, LumiSection 12 at 14-Jun-2021 15:44:07.882 CEST
Begin processing the 24th record. Run 1, Event 575, LumiSection 12 at 14-Jun-2021 15:44:08.607 CEST
Begin processing the 25th record. Run 1, Event 574, LumiSection 12 at 14-Jun-2021 15:44:11.502 CEST
Begin processing the 26th record. Run 1, Event 576, LumiSection 12 at 14-Jun-2021 15:44:15.448 CEST
Begin processing the 27th record. Run 1, Event 578, LumiSection 12 at 14-Jun-2021 15:44:20.549 CEST
%MSG-w EnergyInDeadEB_FE:  EcalRecHitProducer:hltEcalRecHit  14-Jun-2021 15:44:20 CEST Run: 1 Event: 578
TP energy in the dead TT = 94.5 at (EcalTT subDet Barrel iz -  ieta 9 iphi 64)
%MSG
Begin processing the 28th record. Run 1, Event 579, LumiSection 12 at 14-Jun-2021 15:44:21.374 CEST
Begin processing the 29th record. Run 1, Event 582, LumiSection 12 at 14-Jun-2021 15:44:31.121 CEST
Begin processing the 30th record. Run 1, Event 577, LumiSection 12 at 14-Jun-2021 15:44:32.092 CEST
Begin processing the 31st record. Run 1, Event 581, LumiSection 12 at 14-Jun-2021 15:44:37.695 CEST
Begin processing the 32nd record. Run 1, Event 580, LumiSection 12 at 14-Jun-2021 15:44:38.437 CEST
Begin processing the 33rd record. Run 1, Event 583, LumiSection 12 at 14-Jun-2021 15:44:43.451 CEST
%MSG-e TrajectoryNotPosDef:   TrackProducer:hltIter2ElectronsCtfWithMaterialTracks 14-Jun-2021 15:44:44 CEST  Run: 1 Event: 583
Trajectory covariance is not positive-definite
%MSG
Begin processing the 34th record. Run 1, Event 585, LumiSection 12 at 14-Jun-2021 15:44:47.144 CEST
Begin processing the 35th record. Run 1, Event 584, LumiSection 12 at 14-Jun-2021 15:44:54.207 CEST
Begin processing the 36th record. Run 1, Event 587, LumiSection 12 at 14-Jun-2021 15:45:03.151 CEST
Begin processing the 37th record. Run 1, Event 589, LumiSection 12 at 14-Jun-2021 15:45:12.395 CEST
Begin processing the 38th record. Run 1, Event 586, LumiSection 12 at 14-Jun-2021 15:45:14.422 CEST
Begin processing the 39th record. Run 1, Event 590, LumiSection 12 at 14-Jun-2021 15:45:21.611 CEST
Begin processing the 40th record. Run 1, Event 592, LumiSection 12 at 14-Jun-2021 15:45:25.664 CEST
Begin processing the 41st record. Run 1, Event 588, LumiSection 12 at 14-Jun-2021 15:45:35.863 CEST
Begin processing the 42nd record. Run 1, Event 593, LumiSection 12 at 14-Jun-2021 15:45:42.582 CEST
Begin processing the 43rd record. Run 1, Event 594, LumiSection 12 at 14-Jun-2021 15:45:49.684 CEST
Begin processing the 44th record. Run 1, Event 596, LumiSection 12 at 14-Jun-2021 15:45:51.050 CEST
Begin processing the 45th record. Run 1, Event 591, LumiSection 12 at 14-Jun-2021 15:45:56.317 CEST
Begin processing the 46th record. Run 1, Event 598, LumiSection 12 at 14-Jun-2021 15:46:02.015 CEST
Begin processing the 47th record. Run 1, Event 595, LumiSection 12 at 14-Jun-2021 15:46:02.597 CEST
Begin processing the 48th record. Run 1, Event 599, LumiSection 12 at 14-Jun-2021 15:46:07.784 CEST
Begin processing the 49th record. Run 1, Event 597, LumiSection 12 at 14-Jun-2021 15:46:10.942 CEST
Begin processing the 50th record. Run 1, Event 600, LumiSection 12 at 14-Jun-2021 15:46:12.742 CEST
14-Jun-2021 15:46:19 CEST  Closed file file:/eos/cms/store/user/tsarkar/DIGIPremix_Condor_output_Vector_MonoZLL_NLO_Mphi-500_Mchi-150_gSM-0p25_gDM-1p0_ctau1p0/step_DIGIPremix_2017UL_4.root

=============================================

MessageLogger Summary

 type     category        sev    module        subroutine        count    total
 ---- -------------------- -- ---------------- ----------------  -----    -----
    1 EnergyInDeadEB_FE    -w EcalRecHitProduc                       1        1
    2 InvalidHelix         -w SeedCreatorFromR                       1        1
    3 InvalidInputTag      -w CSCHaloDataProdu                       1        1
    4 TrajectoryNotPosDef  -e TrackProducer:hl                       1        1
    5 fileAction           -s file_close                             1        1
    6 fileAction           -s file_open                              2        2

 type    category    Examples: run/evt        run/evt          run/evt
 ---- -------------------- ---------------- ---------------- ----------------
    1 EnergyInDeadEB_FE    1/578                             
    2 InvalidHelix         1/551                             
    3 InvalidInputTag      1/552                             
    4 TrajectoryNotPosDef  1/583                             
    5 fileAction           PostGlobalEndRun                  
    6 fileAction           pre-events       pre-events       

Severity    # Occurrences   Total Occurrences
--------    -------------   -----------------
Warning                 3                   3
Error                   1                   1
System                  3                   3

dropped waiting message count 0
