000 (7312066.000.000) 06/14 14:45:24 Job submitted from host: <137.138.44.75:9618?addrs=137.138.44.75-9618+[2001-1458-d00-1a--b]-9618&alias=bigbird14.cern.ch&noUDP&sock=schedd_3149486_02ef>
...
040 (7312066.000.000) 06/14 15:39:51 Started transferring input files
	Transferring to host: <188.184.138.57:9618?addrs=188.184.138.57-9618+[2001-1458-301-45--100-2f]-9618&alias=b7g42n0095.cern.ch&noUDP&sock=slot1_1_4240_36a5_37075>
...
040 (7312066.000.000) 06/14 15:39:51 Finished transferring input files
...
001 (7312066.000.000) 06/14 15:39:52 Job executing on host: <188.184.138.57:9618?addrs=188.184.138.57-9618+[2001-1458-301-45--100-2f]-9618&alias=b7g42n0095.cern.ch&noUDP&sock=startd_3624_574e>
...
006 (7312066.000.000) 06/14 15:40:01 Image size of job updated: 419728
	47  -  MemoryUsage of job (MB)
	47636  -  ResidentSetSize of job (KB)
...
006 (7312066.000.000) 06/14 15:45:01 Image size of job updated: 2306744
	1196  -  MemoryUsage of job (MB)
	1224392  -  ResidentSetSize of job (KB)
...
006 (7312066.000.000) 06/14 15:47:30 Image size of job updated: 2388664
	1196  -  MemoryUsage of job (MB)
	1224416  -  ResidentSetSize of job (KB)
...
040 (7312066.000.000) 06/14 15:47:30 Started transferring output files
...
040 (7312066.000.000) 06/14 15:47:30 Finished transferring output files
...
005 (7312066.000.000) 06/14 15:47:30 Job terminated.
	(1) Normal termination (return value 0)
		Usr 0 00:06:36, Sys 0 00:00:09  -  Run Remote Usage
		Usr 0 00:00:00, Sys 0 00:00:00  -  Run Local Usage
		Usr 0 00:06:36, Sys 0 00:00:09  -  Total Remote Usage
		Usr 0 00:00:00, Sys 0 00:00:00  -  Total Local Usage
	14295  -  Run Bytes Sent By Job
	430  -  Run Bytes Received By Job
	14295  -  Total Bytes Sent By Job
	430  -  Total Bytes Received By Job
	Partitionable Resources :    Usage  Request Allocated 
	   Cpus                 :                 1         1 
	   Disk (KB)            :       28        1    296076 
	   Memory (MB)          :     1196     2000      2000 

	Job terminated of its own accord at 2021-06-14T13:47:30Z.
...
