14-Jun-2021 15:40:43 CEST  Initiating request to open file file:/eos/cms/store/user/tsarkar/DIGIPremix_Condor_output_Vector_MonoZLL_NLO_Mphi-500_Mchi-150_gSM-0p25_gDM-1p0_ctau1p0/step_DIGIPremix_2017UL_10.root
14-Jun-2021 15:40:47 CEST  Successfully opened file file:/eos/cms/store/user/tsarkar/DIGIPremix_Condor_output_Vector_MonoZLL_NLO_Mphi-500_Mchi-150_gSM-0p25_gDM-1p0_ctau1p0/step_DIGIPremix_2017UL_10.root
Begin processing the 1st record. Run 1, Event 854, LumiSection 18 at 14-Jun-2021 15:42:26.488 CEST
Begin processing the 2nd record. Run 1, Event 853, LumiSection 18 at 14-Jun-2021 15:42:40.517 CEST
%MSG-w InvalidHelix:   SeedCreatorFromRegionConsecutiveHitsEDProducer:hltFullIter9TobTecSeedsTripl  14-Jun-2021 15:42:53 CEST Run: 1 Event: 853
PixelClusterShapeSeedComparitor helix is not valid, result is bad
%MSG
Begin processing the 3rd record. Run 1, Event 851, LumiSection 18 at 14-Jun-2021 15:42:54.472 CEST
Begin processing the 4th record. Run 1, Event 852, LumiSection 18 at 14-Jun-2021 15:42:58.412 CEST
Begin processing the 5th record. Run 1, Event 857, LumiSection 18 at 14-Jun-2021 15:43:03.822 CEST
Begin processing the 6th record. Run 1, Event 859, LumiSection 18 at 14-Jun-2021 15:43:11.963 CEST
Begin processing the 7th record. Run 1, Event 855, LumiSection 18 at 14-Jun-2021 15:43:16.088 CEST
%MSG-w InvalidInputTag:  CSCHaloDataProducer:hltCSCHaloData  14-Jun-2021 15:43:19 CEST Run: 1 Event: 855
 The Cosmic Muon collection does not appear to be in the event. These beam halo  identification variables will be empty
%MSG
Begin processing the 8th record. Run 1, Event 856, LumiSection 18 at 14-Jun-2021 15:43:19.811 CEST
%MSG-e TrajectoryNotPosDef:   TrackProducer:hltIter2PFlowCtfWithMaterialTracksForPhotons  14-Jun-2021 15:43:20 CEST Run: 1 Event: 856
Trajectory covariance is not positive-definite
%MSG
Begin processing the 9th record. Run 1, Event 858, LumiSection 18 at 14-Jun-2021 15:43:21.916 CEST
Begin processing the 10th record. Run 1, Event 860, LumiSection 18 at 14-Jun-2021 15:43:34.322 CEST
Begin processing the 11th record. Run 1, Event 863, LumiSection 18 at 14-Jun-2021 15:43:48.092 CEST
Begin processing the 12th record. Run 1, Event 861, LumiSection 18 at 14-Jun-2021 15:43:53.452 CEST
Begin processing the 13th record. Run 1, Event 866, LumiSection 18 at 14-Jun-2021 15:43:55.976 CEST
Begin processing the 14th record. Run 1, Event 862, LumiSection 18 at 14-Jun-2021 15:43:59.748 CEST
Begin processing the 15th record. Run 1, Event 867, LumiSection 18 at 14-Jun-2021 15:44:00.725 CEST
Begin processing the 16th record. Run 1, Event 864, LumiSection 18 at 14-Jun-2021 15:44:02.108 CEST
Begin processing the 17th record. Run 1, Event 865, LumiSection 18 at 14-Jun-2021 15:44:11.728 CEST
Begin processing the 18th record. Run 1, Event 869, LumiSection 18 at 14-Jun-2021 15:44:14.885 CEST
Begin processing the 19th record. Run 1, Event 871, LumiSection 18 at 14-Jun-2021 15:44:15.763 CEST
Begin processing the 20th record. Run 1, Event 870, LumiSection 18 at 14-Jun-2021 15:44:18.138 CEST
Begin processing the 21st record. Run 1, Event 872, LumiSection 18 at 14-Jun-2021 15:44:26.254 CEST
%MSG-w InvalidHelix:   SeedCreatorFromRegionConsecutiveHitsTripletOnlyEDProducer:hltFullIter8PixelLessSeeds  14-Jun-2021 15:44:41 CEST Run: 1 Event: 872
PixelClusterShapeSeedComparitor helix is not valid, result is bad
%MSG
Begin processing the 22nd record. Run 1, Event 875, LumiSection 18 at 14-Jun-2021 15:44:46.594 CEST
Begin processing the 23rd record. Run 1, Event 868, LumiSection 18 at 14-Jun-2021 15:44:47.793 CEST
Begin processing the 24th record. Run 1, Event 873, LumiSection 18 at 14-Jun-2021 15:44:50.332 CEST
Begin processing the 25th record. Run 1, Event 876, LumiSection 18 at 14-Jun-2021 15:44:55.535 CEST
Begin processing the 26th record. Run 1, Event 877, LumiSection 18 at 14-Jun-2021 15:44:58.028 CEST
Begin processing the 27th record. Run 1, Event 874, LumiSection 18 at 14-Jun-2021 15:45:02.017 CEST
Begin processing the 28th record. Run 1, Event 878, LumiSection 18 at 14-Jun-2021 15:45:07.331 CEST
Begin processing the 29th record. Run 1, Event 880, LumiSection 18 at 14-Jun-2021 15:45:19.616 CEST
Begin processing the 30th record. Run 1, Event 882, LumiSection 18 at 14-Jun-2021 15:45:24.934 CEST
Begin processing the 31st record. Run 1, Event 879, LumiSection 18 at 14-Jun-2021 15:45:29.665 CEST
Begin processing the 32nd record. Run 1, Event 881, LumiSection 18 at 14-Jun-2021 15:45:30.820 CEST
Begin processing the 33rd record. Run 1, Event 884, LumiSection 18 at 14-Jun-2021 15:45:35.677 CEST
Begin processing the 34th record. Run 1, Event 885, LumiSection 18 at 14-Jun-2021 15:45:39.933 CEST
Begin processing the 35th record. Run 1, Event 883, LumiSection 18 at 14-Jun-2021 15:45:42.079 CEST
Begin processing the 36th record. Run 1, Event 888, LumiSection 18 at 14-Jun-2021 15:45:49.715 CEST
Begin processing the 37th record. Run 1, Event 886, LumiSection 18 at 14-Jun-2021 15:45:57.626 CEST
Begin processing the 38th record. Run 1, Event 887, LumiSection 18 at 14-Jun-2021 15:46:03.767 CEST
Begin processing the 39th record. Run 1, Event 890, LumiSection 18 at 14-Jun-2021 15:46:07.926 CEST
%MSG-w InvalidHelix:   SeedCreatorFromRegionConsecutiveHitsEDProducer:hltFullIter9TobTecSeedsTripl  14-Jun-2021 15:46:20 CEST Run: 1 Event: 890
PixelClusterShapeSeedComparitor helix is not valid, result is bad
%MSG
%MSG-w InvalidHelix:   SeedCreatorFromRegionConsecutiveHitsEDProducer:hltFullIter9TobTecSeedsTripl  14-Jun-2021 15:46:20 CEST Run: 1 Event: 890
PixelClusterShapeSeedComparitor helix is not valid, result is bad
%MSG
Begin processing the 40th record. Run 1, Event 891, LumiSection 18 at 14-Jun-2021 15:46:22.358 CEST
Begin processing the 41st record. Run 1, Event 889, LumiSection 18 at 14-Jun-2021 15:46:26.112 CEST
Begin processing the 42nd record. Run 1, Event 892, LumiSection 18 at 14-Jun-2021 15:46:28.821 CEST
Begin processing the 43rd record. Run 1, Event 893, LumiSection 18 at 14-Jun-2021 15:46:37.170 CEST
Begin processing the 44th record. Run 1, Event 894, LumiSection 18 at 14-Jun-2021 15:46:42.928 CEST
Begin processing the 45th record. Run 1, Event 895, LumiSection 18 at 14-Jun-2021 15:46:51.284 CEST
Begin processing the 46th record. Run 1, Event 896, LumiSection 18 at 14-Jun-2021 15:46:54.713 CEST
Begin processing the 47th record. Run 1, Event 898, LumiSection 18 at 14-Jun-2021 15:46:58.219 CEST
Begin processing the 48th record. Run 1, Event 899, LumiSection 18 at 14-Jun-2021 15:46:59.462 CEST
Begin processing the 49th record. Run 1, Event 897, LumiSection 18 at 14-Jun-2021 15:47:00.466 CEST
Begin processing the 50th record. Run 1, Event 900, LumiSection 18 at 14-Jun-2021 15:47:07.477 CEST
14-Jun-2021 15:47:20 CEST  Closed file file:/eos/cms/store/user/tsarkar/DIGIPremix_Condor_output_Vector_MonoZLL_NLO_Mphi-500_Mchi-150_gSM-0p25_gDM-1p0_ctau1p0/step_DIGIPremix_2017UL_10.root

=============================================

MessageLogger Summary

 type     category        sev    module        subroutine        count    total
 ---- -------------------- -- ---------------- ----------------  -----    -----
    1 InvalidHelix         -w SeedCreatorFromR                       3        3
    2 InvalidHelix         -w SeedCreatorFromR                       1        1
    3 InvalidInputTag      -w CSCHaloDataProdu                       1        1
    4 TrajectoryNotPosDef  -e TrackProducer:hl                       1        1
    5 fileAction           -s file_close                             1        1
    6 fileAction           -s file_open                              2        2

 type    category    Examples: run/evt        run/evt          run/evt
 ---- -------------------- ---------------- ---------------- ----------------
    1 InvalidHelix         1/853            1/890            1/890
    2 InvalidHelix         1/872                             
    3 InvalidInputTag      1/855                             
    4 TrajectoryNotPosDef  1/856                             
    5 fileAction           PostGlobalEndRun                  
    6 fileAction           pre-events       pre-events       

Severity    # Occurrences   Total Occurrences
--------    -------------   -----------------
Warning                 5                   5
Error                   1                   1
System                  3                   3

dropped waiting message count 0
