000 (7312075.000.000) 06/14 14:45:40 Job submitted from host: <137.138.44.75:9618?addrs=137.138.44.75-9618+[2001-1458-d00-1a--b]-9618&alias=bigbird14.cern.ch&noUDP&sock=schedd_3149486_02ef>
...
040 (7312075.000.000) 06/14 15:39:54 Started transferring input files
	Transferring to host: <188.184.190.111:9618?addrs=188.184.190.111-9618+[2001-1458-301-4b--100-4e]-9618&alias=b7g42n0240.cern.ch&noUDP&sock=slot1_2_5641_583e_49313>
...
040 (7312075.000.000) 06/14 15:39:54 Finished transferring input files
...
001 (7312075.000.000) 06/14 15:39:55 Job executing on host: <188.184.190.111:9618?addrs=188.184.190.111-9618+[2001-1458-301-4b--100-4e]-9618&alias=b7g42n0240.cern.ch&noUDP&sock=startd_4364_eb63>
...
006 (7312075.000.000) 06/14 15:40:04 Image size of job updated: 252332
	69  -  MemoryUsage of job (MB)
	69864  -  ResidentSetSize of job (KB)
...
006 (7312075.000.000) 06/14 15:45:05 Image size of job updated: 2339768
	1204  -  MemoryUsage of job (MB)
	1232628  -  ResidentSetSize of job (KB)
...
006 (7312075.000.000) 06/14 15:46:31 Image size of job updated: 2360256
	1204  -  MemoryUsage of job (MB)
	1232628  -  ResidentSetSize of job (KB)
...
040 (7312075.000.000) 06/14 15:46:31 Started transferring output files
...
040 (7312075.000.000) 06/14 15:46:31 Finished transferring output files
...
005 (7312075.000.000) 06/14 15:46:31 Job terminated.
	(1) Normal termination (return value 0)
		Usr 0 00:05:47, Sys 0 00:00:08  -  Run Remote Usage
		Usr 0 00:00:00, Sys 0 00:00:00  -  Run Local Usage
		Usr 0 00:05:47, Sys 0 00:00:08  -  Total Remote Usage
		Usr 0 00:00:00, Sys 0 00:00:00  -  Total Local Usage
	13141  -  Run Bytes Sent By Job
	431  -  Run Bytes Received By Job
	13141  -  Total Bytes Sent By Job
	431  -  Total Bytes Received By Job
	Partitionable Resources :    Usage  Request Allocated 
	   Cpus                 :                 1         1 
	   Disk (KB)            :       27        1    302992 
	   Memory (MB)          :     1204     2000      2000 

	Job terminated of its own accord at 2021-06-14T13:46:31Z.
...
