000 (7312076.000.000) 06/14 14:45:41 Job submitted from host: <137.138.44.75:9618?addrs=137.138.44.75-9618+[2001-1458-d00-1a--b]-9618&alias=bigbird14.cern.ch&noUDP&sock=schedd_3149486_02ef>
...
040 (7312076.000.000) 06/14 15:39:54 Started transferring input files
	Transferring to host: <188.184.138.134:9618?addrs=188.184.138.134-9618+[2001-1458-301-45--100-5f]-9618&alias=b7g42n0218.cern.ch&noUDP&sock=slot1_8_4626_2f75_38130>
...
040 (7312076.000.000) 06/14 15:39:54 Finished transferring input files
...
001 (7312076.000.000) 06/14 15:39:55 Job executing on host: <188.184.138.134:9618?addrs=188.184.138.134-9618+[2001-1458-301-45--100-5f]-9618&alias=b7g42n0218.cern.ch&noUDP&sock=startd_3750_c43d>
...
006 (7312076.000.000) 06/14 15:40:04 Image size of job updated: 252076
	21  -  MemoryUsage of job (MB)
	20896  -  ResidentSetSize of job (KB)
...
006 (7312076.000.000) 06/14 15:45:05 Image size of job updated: 2311352
	1207  -  MemoryUsage of job (MB)
	1235140  -  ResidentSetSize of job (KB)
...
006 (7312076.000.000) 06/14 15:46:25 Image size of job updated: 2340024
	1207  -  MemoryUsage of job (MB)
	1235140  -  ResidentSetSize of job (KB)
...
040 (7312076.000.000) 06/14 15:46:25 Started transferring output files
...
040 (7312076.000.000) 06/14 15:46:25 Finished transferring output files
...
005 (7312076.000.000) 06/14 15:46:25 Job terminated.
	(1) Normal termination (return value 0)
		Usr 0 00:05:25, Sys 0 00:00:08  -  Run Remote Usage
		Usr 0 00:00:00, Sys 0 00:00:00  -  Run Local Usage
		Usr 0 00:05:25, Sys 0 00:00:08  -  Total Remote Usage
		Usr 0 00:00:00, Sys 0 00:00:00  -  Total Local Usage
	13627  -  Run Bytes Sent By Job
	431  -  Run Bytes Received By Job
	13627  -  Total Bytes Sent By Job
	431  -  Total Bytes Received By Job
	Partitionable Resources :    Usage  Request Allocated 
	   Cpus                 :     0.78        1         1 
	   Disk (KB)            :    34           1    299809 
	   Memory (MB)          :  1207        2000      2000 

	Job terminated of its own accord at 2021-06-14T13:46:25Z.
...
