000 (7312062.000.000) 06/14 14:45:17 Job submitted from host: <137.138.44.75:9618?addrs=137.138.44.75-9618+[2001-1458-d00-1a--b]-9618&alias=bigbird14.cern.ch&noUDP&sock=schedd_3149486_02ef>
...
040 (7312062.000.000) 06/14 15:40:06 Started transferring input files
	Transferring to host: <188.184.196.11:9618?addrs=188.184.196.11-9618+[2001-1458-301-102--100-8]-9618&alias=b7g24n0004.cern.ch&noUDP&sock=slot1_3_20368_d935_89305>
...
040 (7312062.000.000) 06/14 15:40:06 Finished transferring input files
...
001 (7312062.000.000) 06/14 15:40:07 Job executing on host: <188.184.196.11:9618?addrs=188.184.196.11-9618+[2001-1458-301-102--100-8]-9618&alias=b7g24n0004.cern.ch&noUDP&sock=startd_23125_67af>
...
006 (7312062.000.000) 06/14 15:40:16 Image size of job updated: 69508
	55  -  MemoryUsage of job (MB)
	55636  -  ResidentSetSize of job (KB)
...
006 (7312062.000.000) 06/14 15:45:17 Image size of job updated: 2358716
	1268  -  MemoryUsage of job (MB)
	1297720  -  ResidentSetSize of job (KB)
...
006 (7312062.000.000) 06/14 15:46:53 Image size of job updated: 2411964
	1268  -  MemoryUsage of job (MB)
	1297720  -  ResidentSetSize of job (KB)
...
040 (7312062.000.000) 06/14 15:46:53 Started transferring output files
...
040 (7312062.000.000) 06/14 15:46:53 Finished transferring output files
...
005 (7312062.000.000) 06/14 15:46:53 Job terminated.
	(1) Normal termination (return value 0)
		Usr 0 00:05:45, Sys 0 00:00:08  -  Run Remote Usage
		Usr 0 00:00:00, Sys 0 00:00:00  -  Run Local Usage
		Usr 0 00:05:45, Sys 0 00:00:08  -  Total Remote Usage
		Usr 0 00:00:00, Sys 0 00:00:00  -  Total Local Usage
	17073  -  Run Bytes Sent By Job
	430  -  Run Bytes Received By Job
	17073  -  Total Bytes Sent By Job
	430  -  Total Bytes Received By Job
	Partitionable Resources :    Usage  Request Allocated 
	   Cpus                 :     1.00        1         1 
	   Disk (KB)            :    37           1    308925 
	   Memory (MB)          :  1268        2000      2000 

	Job terminated of its own accord at 2021-06-14T13:46:53Z.
...
