14-Jun-2021 15:40:45 CEST  Initiating request to open file file:/eos/cms/store/user/tsarkar/DIGIPremix_Condor_output_Vector_MonoZLL_NLO_Mphi-500_Mchi-150_gSM-0p25_gDM-1p0_ctau1p0/step_DIGIPremix_2017UL_18.root
14-Jun-2021 15:40:49 CEST  Successfully opened file file:/eos/cms/store/user/tsarkar/DIGIPremix_Condor_output_Vector_MonoZLL_NLO_Mphi-500_Mchi-150_gSM-0p25_gDM-1p0_ctau1p0/step_DIGIPremix_2017UL_18.root
Begin processing the 1st record. Run 1, Event 301, LumiSection 7 at 14-Jun-2021 15:43:20.127 CEST
Begin processing the 2nd record. Run 1, Event 303, LumiSection 7 at 14-Jun-2021 15:43:29.648 CEST
Begin processing the 3rd record. Run 1, Event 302, LumiSection 7 at 14-Jun-2021 15:43:35.749 CEST
Begin processing the 4th record. Run 1, Event 305, LumiSection 7 at 14-Jun-2021 15:43:40.427 CEST
Begin processing the 5th record. Run 1, Event 304, LumiSection 7 at 14-Jun-2021 15:43:51.463 CEST
%MSG-w InvalidInputTag:  CSCHaloDataProducer:hltCSCHaloData  14-Jun-2021 15:43:57 CEST Run: 1 Event: 304
 The Cosmic Muon collection does not appear to be in the event. These beam halo  identification variables will be empty
%MSG
Begin processing the 6th record. Run 1, Event 309, LumiSection 7 at 14-Jun-2021 15:43:58.080 CEST
%MSG-w PrimaryVertexProducer:  PrimaryVertexProducer:hltVerticesL3  14-Jun-2021 15:43:59 CEST Run: 1 Event: 309
no vertex found with 8 tracks and 1 vertex-candidates
%MSG
Begin processing the 7th record. Run 1, Event 310, LumiSection 7 at 14-Jun-2021 15:44:06.048 CEST
Begin processing the 8th record. Run 1, Event 306, LumiSection 7 at 14-Jun-2021 15:44:10.955 CEST
Begin processing the 9th record. Run 1, Event 307, LumiSection 7 at 14-Jun-2021 15:44:16.777 CEST
Begin processing the 10th record. Run 1, Event 308, LumiSection 7 at 14-Jun-2021 15:44:22.023 CEST
Begin processing the 11th record. Run 1, Event 312, LumiSection 7 at 14-Jun-2021 15:44:26.114 CEST
Begin processing the 12th record. Run 1, Event 311, LumiSection 7 at 14-Jun-2021 15:44:32.465 CEST
Begin processing the 13th record. Run 1, Event 315, LumiSection 7 at 14-Jun-2021 15:44:33.343 CEST
Begin processing the 14th record. Run 1, Event 313, LumiSection 7 at 14-Jun-2021 15:44:36.014 CEST
Begin processing the 15th record. Run 1, Event 316, LumiSection 7 at 14-Jun-2021 15:44:39.922 CEST
Begin processing the 16th record. Run 1, Event 314, LumiSection 7 at 14-Jun-2021 15:44:43.731 CEST
Begin processing the 17th record. Run 1, Event 318, LumiSection 7 at 14-Jun-2021 15:44:47.721 CEST
Begin processing the 18th record. Run 1, Event 317, LumiSection 7 at 14-Jun-2021 15:44:55.197 CEST
Begin processing the 19th record. Run 1, Event 319, LumiSection 7 at 14-Jun-2021 15:44:57.816 CEST
Begin processing the 20th record. Run 1, Event 321, LumiSection 7 at 14-Jun-2021 15:45:02.690 CEST
Begin processing the 21st record. Run 1, Event 320, LumiSection 7 at 14-Jun-2021 15:45:08.774 CEST
Begin processing the 22nd record. Run 1, Event 324, LumiSection 7 at 14-Jun-2021 15:45:13.059 CEST
Begin processing the 23rd record. Run 1, Event 322, LumiSection 7 at 14-Jun-2021 15:45:18.928 CEST
Begin processing the 24th record. Run 1, Event 323, LumiSection 7 at 14-Jun-2021 15:45:25.515 CEST
Begin processing the 25th record. Run 1, Event 325, LumiSection 7 at 14-Jun-2021 15:45:31.554 CEST
Begin processing the 26th record. Run 1, Event 327, LumiSection 7 at 14-Jun-2021 15:45:35.413 CEST
Begin processing the 27th record. Run 1, Event 326, LumiSection 7 at 14-Jun-2021 15:45:38.816 CEST
Begin processing the 28th record. Run 1, Event 331, LumiSection 7 at 14-Jun-2021 15:45:40.621 CEST
Begin processing the 29th record. Run 1, Event 328, LumiSection 7 at 14-Jun-2021 15:45:48.255 CEST
Begin processing the 30th record. Run 1, Event 329, LumiSection 7 at 14-Jun-2021 15:45:56.827 CEST
Begin processing the 31st record. Run 1, Event 332, LumiSection 7 at 14-Jun-2021 15:45:59.613 CEST
Begin processing the 32nd record. Run 1, Event 334, LumiSection 7 at 14-Jun-2021 15:46:00.966 CEST
Begin processing the 33rd record. Run 1, Event 330, LumiSection 7 at 14-Jun-2021 15:46:06.169 CEST
Begin processing the 34th record. Run 1, Event 336, LumiSection 7 at 14-Jun-2021 15:46:16.840 CEST
Begin processing the 35th record. Run 1, Event 333, LumiSection 7 at 14-Jun-2021 15:46:19.296 CEST
Begin processing the 36th record. Run 1, Event 338, LumiSection 7 at 14-Jun-2021 15:46:28.859 CEST
Begin processing the 37th record. Run 1, Event 335, LumiSection 7 at 14-Jun-2021 15:46:30.662 CEST
%MSG-w InvalidHelix:   SeedCreatorFromRegionConsecutiveHitsTripletOnlyEDProducer:hltFullIter8PixelLessSeeds  14-Jun-2021 15:46:44 CEST Run: 1 Event: 335
PixelClusterShapeSeedComparitor helix is not valid, result is bad
%MSG
Begin processing the 38th record. Run 1, Event 337, LumiSection 7 at 14-Jun-2021 15:46:49.766 CEST
%MSG-w InvalidHelix:   SeedCreatorFromRegionConsecutiveHitsTripletOnlyEDProducer:hltFullIter8PixelLessSeeds  14-Jun-2021 15:47:00 CEST Run: 1 Event: 337
PixelClusterShapeSeedComparitor helix is not valid, result is bad
%MSG
Begin processing the 39th record. Run 1, Event 340, LumiSection 7 at 14-Jun-2021 15:47:04.817 CEST
%MSG-w BasicTrajectoryState:   TrackProducer:hltIter2ElectronsCtfWithMaterialTracks 14-Jun-2021 15:47:07 CEST  Run: 1 Event: 340
local error not pos-def
[  6.02209e-07-9.73621e-07 2.51399e-07 1.04093e-05-4.69107e-06
  -9.73621e-07-5.82077e-09-2.60661e-07 5.04361e-06-3.12379e-06
   2.51399e-07-2.60661e-07 9.09474e-06-3.76694e-06 5.07041e-05
   1.04093e-05 5.04361e-06-3.76694e-06 0.000112445-6.52684e-05
  -4.69107e-06-3.12379e-06 5.07041e-05-6.52684e-05 0.000661304 ]
pos/mom/mf  (8.60063,-26.3532,53.7717)   (3.54948,-11.2606,22.137)   (0.000946934,-0.0029015,3.80632) 
%MSG
%MSG-w BasicTrajectoryState:   TrackProducer:hltIter2ElectronsCtfWithMaterialTracks 14-Jun-2021 15:47:07 CEST  Run: 1 Event: 340
curv error not pos-def
[  6.02209e-07  5.2725e-08 9.05851e-07-1.00046e-05-2.94332e-07
    5.2725e-08 4.06731e-07 -4.6182e-08-2.34141e-07 4.92032e-06
   9.05851e-07 -4.6182e-08-8.25456e-09 4.46301e-06-9.65975e-08
  -1.00046e-05-2.34141e-07 4.46301e-06  0.00010384-3.23826e-06
  -2.94332e-07 4.92032e-06-9.65975e-08-3.23826e-06 0.000139368 ]
pos/mom/mf  (8.60063,-26.3532,53.7717)   (3.54948,-11.2606,22.137)   (0.000946934,-0.0029015,3.80632) 
%MSG
%MSG-w TrackNaN:  TrackProducer:hltIter2ElectronsCtfWithMaterialTracks  14-Jun-2021 15:47:07 CEST Run: 1 Event: 340
Track has NaN or the cov is not pos-definite
%MSG
Begin processing the 40th record. Run 1, Event 341, LumiSection 7 at 14-Jun-2021 15:47:18.821 CEST
Begin processing the 41st record. Run 1, Event 342, LumiSection 7 at 14-Jun-2021 15:47:24.763 CEST
Begin processing the 42nd record. Run 1, Event 343, LumiSection 7 at 14-Jun-2021 15:47:34.086 CEST
Begin processing the 43rd record. Run 1, Event 339, LumiSection 7 at 14-Jun-2021 15:47:35.387 CEST
Begin processing the 44th record. Run 1, Event 344, LumiSection 7 at 14-Jun-2021 15:47:39.483 CEST
Begin processing the 45th record. Run 1, Event 345, LumiSection 7 at 14-Jun-2021 15:47:40.393 CEST
Begin processing the 46th record. Run 1, Event 347, LumiSection 7 at 14-Jun-2021 15:47:46.268 CEST
Begin processing the 47th record. Run 1, Event 346, LumiSection 7 at 14-Jun-2021 15:47:51.004 CEST
Begin processing the 48th record. Run 1, Event 349, LumiSection 7 at 14-Jun-2021 15:47:55.829 CEST
%MSG-w InvalidHelix:   SeedCreatorFromRegionConsecutiveHitsEDProducer:hltFullIter9TobTecSeedsPair  14-Jun-2021 15:48:00 CEST Run: 1 Event: 349
PixelClusterShapeSeedComparitor helix is not valid, result is bad
%MSG
Begin processing the 49th record. Run 1, Event 348, LumiSection 7 at 14-Jun-2021 15:48:00.823 CEST
Begin processing the 50th record. Run 1, Event 350, LumiSection 7 at 14-Jun-2021 15:48:04.893 CEST
14-Jun-2021 15:48:08 CEST  Closed file file:/eos/cms/store/user/tsarkar/DIGIPremix_Condor_output_Vector_MonoZLL_NLO_Mphi-500_Mchi-150_gSM-0p25_gDM-1p0_ctau1p0/step_DIGIPremix_2017UL_18.root

=============================================

MessageLogger Summary

 type     category        sev    module        subroutine        count    total
 ---- -------------------- -- ---------------- ----------------  -----    -----
    1 BasicTrajectoryState -w TrackProducer:hl                       2        2
    2 InvalidHelix         -w SeedCreatorFromR                       1        1
    3 InvalidHelix         -w SeedCreatorFromR                       2        2
    4 InvalidInputTag      -w CSCHaloDataProdu                       1        1
    5 PrimaryVertexProduce -w PrimaryVertexPro                       1        1
    6 TrackNaN             -w TrackProducer:hl                       1        1
    7 fileAction           -s file_close                             1        1
    8 fileAction           -s file_open                              2        2

 type    category    Examples: run/evt        run/evt          run/evt
 ---- -------------------- ---------------- ---------------- ----------------
    1 BasicTrajectoryState 1/340            1/340            
    2 InvalidHelix         1/349                             
    3 InvalidHelix         1/335            1/337            
    4 InvalidInputTag      1/304                             
    5 PrimaryVertexProducer 1/309                             
    6 TrackNaN             1/340                             
    7 fileAction           PostGlobalEndRun                  
    8 fileAction           pre-events       pre-events       

Severity    # Occurrences   Total Occurrences
--------    -------------   -----------------
Warning                 8                   8
System                  3                   3

dropped waiting message count 0
