14-Jun-2021 15:40:37 CEST  Initiating request to open file file:/eos/cms/store/user/tsarkar/DIGIPremix_Condor_output_Vector_MonoZLL_NLO_Mphi-500_Mchi-150_gSM-0p25_gDM-1p0_ctau1p0/step_DIGIPremix_2017UL_12.root
14-Jun-2021 15:40:41 CEST  Successfully opened file file:/eos/cms/store/user/tsarkar/DIGIPremix_Condor_output_Vector_MonoZLL_NLO_Mphi-500_Mchi-150_gSM-0p25_gDM-1p0_ctau1p0/step_DIGIPremix_2017UL_12.root
Begin processing the 1st record. Run 1, Event 54, LumiSection 2 at 14-Jun-2021 15:42:51.605 CEST
Begin processing the 2nd record. Run 1, Event 51, LumiSection 2 at 14-Jun-2021 15:43:00.591 CEST
Begin processing the 3rd record. Run 1, Event 52, LumiSection 2 at 14-Jun-2021 15:43:13.274 CEST
Begin processing the 4th record. Run 1, Event 53, LumiSection 2 at 14-Jun-2021 15:43:22.582 CEST
%MSG-w InvalidInputTag:  CSCHaloDataProducer:hltCSCHaloData  14-Jun-2021 15:43:28 CEST Run: 1 Event: 53
 The Cosmic Muon collection does not appear to be in the event. These beam halo  identification variables will be empty
%MSG
Begin processing the 5th record. Run 1, Event 55, LumiSection 2 at 14-Jun-2021 15:43:28.323 CEST
Begin processing the 6th record. Run 1, Event 56, LumiSection 2 at 14-Jun-2021 15:43:39.773 CEST
Begin processing the 7th record. Run 1, Event 57, LumiSection 2 at 14-Jun-2021 15:43:43.356 CEST
%MSG-e TrajectoryNotPosDef:   TrackProducer:hltIter2ElectronsCtfWithMaterialTracks 14-Jun-2021 15:43:44 CEST  Run: 1 Event: 57
Trajectory covariance is not positive-definite
%MSG
Begin processing the 8th record. Run 1, Event 59, LumiSection 2 at 14-Jun-2021 15:43:51.516 CEST
Begin processing the 9th record. Run 1, Event 61, LumiSection 2 at 14-Jun-2021 15:43:56.991 CEST
Begin processing the 10th record. Run 1, Event 60, LumiSection 2 at 14-Jun-2021 15:43:59.054 CEST
%MSG-w InvalidHelix:   SeedCreatorFromRegionConsecutiveHitsEDProducer:hltFullIter9TobTecSeedsTripl  14-Jun-2021 15:44:06 CEST Run: 1 Event: 60
PixelClusterShapeSeedComparitor helix is not valid, result is bad
%MSG
Begin processing the 11th record. Run 1, Event 63, LumiSection 2 at 14-Jun-2021 15:44:07.404 CEST
Begin processing the 12th record. Run 1, Event 62, LumiSection 2 at 14-Jun-2021 15:44:12.632 CEST
Begin processing the 13th record. Run 1, Event 58, LumiSection 2 at 14-Jun-2021 15:44:17.147 CEST
Begin processing the 14th record. Run 1, Event 65, LumiSection 2 at 14-Jun-2021 15:44:28.267 CEST
Begin processing the 15th record. Run 1, Event 66, LumiSection 2 at 14-Jun-2021 15:44:34.488 CEST
Begin processing the 16th record. Run 1, Event 64, LumiSection 2 at 14-Jun-2021 15:44:38.708 CEST
Begin processing the 17th record. Run 1, Event 67, LumiSection 2 at 14-Jun-2021 15:44:39.666 CEST
Begin processing the 18th record. Run 1, Event 70, LumiSection 2 at 14-Jun-2021 15:44:46.063 CEST
Begin processing the 19th record. Run 1, Event 69, LumiSection 2 at 14-Jun-2021 15:44:47.865 CEST
Begin processing the 20th record. Run 1, Event 73, LumiSection 2 at 14-Jun-2021 15:44:54.310 CEST
Begin processing the 21st record. Run 1, Event 71, LumiSection 2 at 14-Jun-2021 15:45:02.820 CEST
%MSG-w InvalidHelix:   SeedCreatorFromRegionConsecutiveHitsEDProducer:hltFullIter9TobTecSeedsPair  14-Jun-2021 15:45:07 CEST Run: 1 Event: 71
PixelClusterShapeSeedComparitor helix is not valid, result is bad
%MSG
Begin processing the 22nd record. Run 1, Event 68, LumiSection 2 at 14-Jun-2021 15:45:08.455 CEST
Begin processing the 23rd record. Run 1, Event 72, LumiSection 2 at 14-Jun-2021 15:45:20.182 CEST
Begin processing the 24th record. Run 1, Event 74, LumiSection 2 at 14-Jun-2021 15:45:27.778 CEST
Begin processing the 25th record. Run 1, Event 78, LumiSection 2 at 14-Jun-2021 15:45:29.953 CEST
Begin processing the 26th record. Run 1, Event 76, LumiSection 2 at 14-Jun-2021 15:45:32.783 CEST
Begin processing the 27th record. Run 1, Event 75, LumiSection 2 at 14-Jun-2021 15:45:33.922 CEST
Begin processing the 28th record. Run 1, Event 77, LumiSection 2 at 14-Jun-2021 15:45:38.820 CEST
Begin processing the 29th record. Run 1, Event 82, LumiSection 2 at 14-Jun-2021 15:45:45.415 CEST
Begin processing the 30th record. Run 1, Event 80, LumiSection 2 at 14-Jun-2021 15:45:48.731 CEST
Begin processing the 31st record. Run 1, Event 79, LumiSection 2 at 14-Jun-2021 15:45:52.292 CEST
Begin processing the 32nd record. Run 1, Event 81, LumiSection 2 at 14-Jun-2021 15:45:55.448 CEST
%MSG-w InvalidHelix:   SeedCreatorFromRegionConsecutiveHitsEDProducer:hltFullIter9TobTecSeedsPair  14-Jun-2021 15:46:09 CEST Run: 1 Event: 81
PixelClusterShapeSeedComparitor helix is not valid, result is bad
%MSG
Begin processing the 33rd record. Run 1, Event 83, LumiSection 2 at 14-Jun-2021 15:46:11.460 CEST
Begin processing the 34th record. Run 1, Event 85, LumiSection 2 at 14-Jun-2021 15:46:16.359 CEST
Begin processing the 35th record. Run 1, Event 86, LumiSection 2 at 14-Jun-2021 15:46:20.016 CEST
%MSG-w InvalidHelix:   SeedCreatorFromRegionConsecutiveHitsEDProducer:hltFullIter9TobTecSeedsTripl  14-Jun-2021 15:46:29 CEST Run: 1 Event: 86
PixelClusterShapeSeedComparitor helix is not valid, result is bad
%MSG
Begin processing the 36th record. Run 1, Event 84, LumiSection 2 at 14-Jun-2021 15:46:30.529 CEST
Begin processing the 37th record. Run 1, Event 87, LumiSection 2 at 14-Jun-2021 15:46:36.411 CEST
Begin processing the 38th record. Run 1, Event 89, LumiSection 2 at 14-Jun-2021 15:46:39.078 CEST
Begin processing the 39th record. Run 1, Event 90, LumiSection 2 at 14-Jun-2021 15:46:40.310 CEST
Begin processing the 40th record. Run 1, Event 88, LumiSection 2 at 14-Jun-2021 15:46:47.626 CEST
Begin processing the 41st record. Run 1, Event 91, LumiSection 2 at 14-Jun-2021 15:46:57.038 CEST
Begin processing the 42nd record. Run 1, Event 92, LumiSection 2 at 14-Jun-2021 15:47:03.588 CEST
%MSG-w BasicTrajectoryState:   TrackProducer:hltIter2PFlowCtfWithMaterialTracksForPhotons  14-Jun-2021 15:47:04 CEST Run: 1 Event: 92
local error not pos-def
[  3.35409e-05  8.4925e-07 1.02356e-06  8.6555e-05-1.08077e-07
    8.4925e-07 1.83535e-06-1.00663e-08 8.22771e-06 2.43009e-07
   1.02356e-06-1.00663e-08 4.92381e-06-6.66944e-07-1.13173e-05
    8.6555e-05 8.22771e-06-6.66944e-07-1.27208e-05-1.00529e-06
  -1.08077e-07 2.43009e-07-1.13173e-05-1.00529e-06 5.92219e-05 ]
pos/mom/mf  (-12.7914,-9.30361,-10.5272)   (-1.59512,-1.04716,-1.394)   (0.000349509,0.000254209,3.81113) 
%MSG
%MSG-w BasicTrajectoryState:   TrackProducer:hltIter2PFlowCtfWithMaterialTracksForPhotons  14-Jun-2021 15:47:04 CEST Run: 1 Event: 92
curv error not pos-def
[  3.35409e-05 6.89722e-07-8.66802e-07 8.64078e-05-2.86849e-06
   6.89722e-07 2.08778e-06-6.57022e-08-2.09474e-07 5.95131e-06
  -8.66802e-07-6.57022e-08 1.82602e-06-8.18618e-06 3.36395e-07
   8.64078e-05-2.09474e-07-8.18618e-06-1.26782e-05 1.23015e-06
  -2.86849e-06 5.95131e-06 3.36395e-07 1.23015e-06 3.85496e-05 ]
pos/mom/mf  (-12.7914,-9.30361,-10.5272)   (-1.59512,-1.04716,-1.394)   (0.000349509,0.000254209,3.81113) 
%MSG
%MSG-w TrackNaN:  TrackProducer:hltIter2PFlowCtfWithMaterialTracksForPhotons  14-Jun-2021 15:47:04 CEST Run: 1 Event: 92
Track has NaN or the cov is not pos-definite
%MSG
%MSG-w BasicTrajectoryState:   TrackProducer:hltIter2PFlowCtfWithMaterialTracksForPhotons  14-Jun-2021 15:47:04 CEST Run: 1 Event: 92
curv error not pos-def
[  5.25312e+06     305.018     -305283    -152.009  -0.0853992
       305.018   0.0184367     -17.726 -0.00847582  0.00737782
       -305283     -17.726     17741.4     8.83276  0.00536464
      -152.009 -0.00847582     8.83276 -0.00516436  0.00360228
    -0.0853992  0.00737782  0.00536464  0.00360228   0.0750804 ]
pos/mom/mf  (8.87733,6.55774,-6.90767)   (6.06817,4.34504,-5.33945)   (-0.000172135,-0.000127157,3.81116) 
%MSG
%MSG-w BasicTrajectoryState:   TrackProducer:hltIter2PFlowCtfWithMaterialTracksForPhotons  14-Jun-2021 15:47:04 CEST Run: 1 Event: 92
local error not pos-def
[  5.25312e+06      305416      3682.5     152.036     2.16779
        305416     17756.9       214.1     8.83823    0.126597
        3682.5       214.1     2.58314    0.107095   0.0152636
       152.036     8.83823    0.107095 -0.00516553  0.00436952
       2.16779    0.126597   0.0152636  0.00436952    0.113644 ]
pos/mom/mf  (8.87733,6.55774,-6.90767)   (6.06817,4.34504,-5.33945)   (-0.000172135,-0.000127157,3.81116) 
%MSG
Begin processing the 43rd record. Run 1, Event 95, LumiSection 2 at 14-Jun-2021 15:47:14.853 CEST
Begin processing the 44th record. Run 1, Event 94, LumiSection 2 at 14-Jun-2021 15:47:18.134 CEST
Begin processing the 45th record. Run 1, Event 93, LumiSection 2 at 14-Jun-2021 15:47:22.411 CEST
%MSG-w Muon:  L3MuonProducer:hltL3NoFiltersNoVtxMuonsOIState  14-Jun-2021 15:47:23 CEST Run: 1 Event: 93
     Failed to load tracker track trajectory
%MSG
%MSG-w RecoMuon:  L3MuonProducer:hltL3NoFiltersNoVtxMuonsOIState  14-Jun-2021 15:47:23 CEST Run: 1 Event: 93
     Failed to load tracker track trajectory
%MSG
%MSG-w GlobalMuon:  L3MuonProducer:hltL3NoFiltersNoVtxMuonsOIState  14-Jun-2021 15:47:23 CEST Run: 1 Event: 93
     Failed to load tracker track trajectory
%MSG
%MSG-w GlobalTrajectoryBuilderBase:   L3MuonProducer:hltL3NoFiltersNoVtxMuonsOIState 14-Jun-2021 15:47:23 CEST  Run: 1 Event: 93
     Failed to load tracker track trajectory
%MSG
%MSG-w Muon:  L3MuonProducer:hltL3NoFiltersNoVtxMuonsOIHit  14-Jun-2021 15:47:23 CEST Run: 1 Event: 93
     Failed to load tracker track trajectory
%MSG
%MSG-w RecoMuon:  L3MuonProducer:hltL3NoFiltersNoVtxMuonsOIHit  14-Jun-2021 15:47:23 CEST Run: 1 Event: 93
     Failed to load tracker track trajectory
%MSG
%MSG-w GlobalMuon:  L3MuonProducer:hltL3NoFiltersNoVtxMuonsOIHit  14-Jun-2021 15:47:23 CEST Run: 1 Event: 93
     Failed to load tracker track trajectory
%MSG
%MSG-w GlobalTrajectoryBuilderBase:   L3MuonProducer:hltL3NoFiltersNoVtxMuonsOIHit 14-Jun-2021 15:47:23 CEST  Run: 1 Event: 93
     Failed to load tracker track trajectory
%MSG
Begin processing the 46th record. Run 1, Event 96, LumiSection 2 at 14-Jun-2021 15:47:27.671 CEST
Begin processing the 47th record. Run 1, Event 97, LumiSection 2 at 14-Jun-2021 15:47:30.908 CEST
Begin processing the 48th record. Run 1, Event 99, LumiSection 2 at 14-Jun-2021 15:47:41.148 CEST
Begin processing the 49th record. Run 1, Event 98, LumiSection 2 at 14-Jun-2021 15:47:45.741 CEST
%MSG-w InvalidHelix:   SeedCreatorFromRegionConsecutiveHitsEDProducer:hltFullIter9TobTecSeedsTripl  14-Jun-2021 15:47:52 CEST Run: 1 Event: 98
PixelClusterShapeSeedComparitor helix is not valid, result is bad
%MSG
Begin processing the 50th record. Run 1, Event 100, LumiSection 2 at 14-Jun-2021 15:47:52.809 CEST
14-Jun-2021 15:47:53 CEST  Closed file file:/eos/cms/store/user/tsarkar/DIGIPremix_Condor_output_Vector_MonoZLL_NLO_Mphi-500_Mchi-150_gSM-0p25_gDM-1p0_ctau1p0/step_DIGIPremix_2017UL_12.root

=============================================

MessageLogger Summary

 type     category        sev    module        subroutine        count    total
 ---- -------------------- -- ---------------- ----------------  -----    -----
    1 BasicTrajectoryState -w TrackProducer:hl                       4        4
    2 GlobalMuon           -w L3MuonProducer:h                       1        1
    3 GlobalMuon           -w L3MuonProducer:h                       1        1
    4 GlobalTrajectoryBuil -w L3MuonProducer:h                       1        1
    5 GlobalTrajectoryBuil -w L3MuonProducer:h                       1        1
    6 InvalidHelix         -w SeedCreatorFromR                       2        2
    7 InvalidHelix         -w SeedCreatorFromR                       3        3
    8 InvalidInputTag      -w CSCHaloDataProdu                       1        1
    9 Muon                 -w L3MuonProducer:h                       1        1
   10 Muon                 -w L3MuonProducer:h                       1        1
   11 RecoMuon             -w L3MuonProducer:h                       1        1
   12 RecoMuon             -w L3MuonProducer:h                       1        1
   13 TrackNaN             -w TrackProducer:hl                       1        1
   14 TrajectoryNotPosDef  -e TrackProducer:hl                       1        1
   15 fileAction           -s file_close                             1        1
   16 fileAction           -s file_open                              2        2

 type    category    Examples: run/evt        run/evt          run/evt
 ---- -------------------- ---------------- ---------------- ----------------
    1 BasicTrajectoryState 1/92             1/92             1/92
    2 GlobalMuon           1/93                              
    3 GlobalMuon           1/93                              
    4 GlobalTrajectoryBuilderBase 1/93                              
    5 GlobalTrajectoryBuilderBase 1/93                              
    6 InvalidHelix         1/71             1/81             
    7 InvalidHelix         1/60             1/86             1/98
    8 InvalidInputTag      1/53                              
    9 Muon                 1/93                              
   10 Muon                 1/93                              
   11 RecoMuon             1/93                              
   12 RecoMuon             1/93                              
   13 TrackNaN             1/92                              
   14 TrajectoryNotPosDef  1/57                              
   15 fileAction           PostGlobalEndRun                  
   16 fileAction           pre-events       pre-events       

Severity    # Occurrences   Total Occurrences
--------    -------------   -----------------
Warning                19                  19
Error                   1                   1
System                  3                   3

dropped waiting message count 0
