000 (7312071.000.000) 06/14 14:45:34 Job submitted from host: <137.138.44.75:9618?addrs=137.138.44.75-9618+[2001-1458-d00-1a--b]-9618&alias=bigbird14.cern.ch&noUDP&sock=schedd_3149486_02ef>
...
040 (7312071.000.000) 06/14 15:39:53 Started transferring input files
	Transferring to host: <188.184.210.85:9618?addrs=188.184.210.85-9618+[2001-1458-301-10b--100-1d0]-9618&alias=b7g23n5539.cern.ch&noUDP&sock=slot1_5_4456_67ae_36811>
...
040 (7312071.000.000) 06/14 15:39:53 Finished transferring input files
...
001 (7312071.000.000) 06/14 15:39:54 Job executing on host: <188.184.210.85:9618?addrs=188.184.210.85-9618+[2001-1458-301-10b--100-1d0]-9618&alias=b7g23n5539.cern.ch&noUDP&sock=startd_3779_a87c>
...
006 (7312071.000.000) 06/14 15:40:03 Image size of job updated: 26736
	14  -  MemoryUsage of job (MB)
	13604  -  ResidentSetSize of job (KB)
...
006 (7312071.000.000) 06/14 15:45:04 Image size of job updated: 2182068
	1210  -  MemoryUsage of job (MB)
	1238080  -  ResidentSetSize of job (KB)
...
006 (7312071.000.000) 06/14 15:48:15 Image size of job updated: 2407348
	1210  -  MemoryUsage of job (MB)
	1238080  -  ResidentSetSize of job (KB)
...
040 (7312071.000.000) 06/14 15:48:15 Started transferring output files
...
040 (7312071.000.000) 06/14 15:48:15 Finished transferring output files
...
005 (7312071.000.000) 06/14 15:48:15 Job terminated.
	(1) Normal termination (return value 0)
		Usr 0 00:06:17, Sys 0 00:00:12  -  Run Remote Usage
		Usr 0 00:00:00, Sys 0 00:00:00  -  Run Local Usage
		Usr 0 00:06:17, Sys 0 00:00:12  -  Total Remote Usage
		Usr 0 00:00:00, Sys 0 00:00:00  -  Total Local Usage
	15389  -  Run Bytes Sent By Job
	431  -  Run Bytes Received By Job
	15389  -  Total Bytes Sent By Job
	431  -  Total Bytes Received By Job
	Partitionable Resources :    Usage  Request Allocated 
	   Cpus                 :     0.50        1         1 
	   Disk (KB)            :    36           1    364055 
	   Memory (MB)          :  1210        2000      2000 

	Job terminated of its own accord at 2021-06-14T13:48:15Z.
...
