000 (7312079.000.000) 06/14 14:45:45 Job submitted from host: <137.138.44.75:9618?addrs=137.138.44.75-9618+[2001-1458-d00-1a--b]-9618&alias=bigbird14.cern.ch&noUDP&sock=schedd_3149486_02ef>
...
040 (7312079.000.000) 06/14 15:39:56 Started transferring input files
	Transferring to host: <188.184.197.213:9618?addrs=188.184.197.213-9618+[2001-1458-301-103--100-461]-9618&alias=b7g23n7194.cern.ch&noUDP&sock=slot1_6_5571_05fc_42926>
...
040 (7312079.000.000) 06/14 15:39:56 Finished transferring input files
...
001 (7312079.000.000) 06/14 15:39:57 Job executing on host: <188.184.197.213:9618?addrs=188.184.197.213-9618+[2001-1458-301-103--100-461]-9618&alias=b7g23n7194.cern.ch&noUDP&sock=startd_4421_0449>
...
006 (7312079.000.000) 06/14 15:40:05 Image size of job updated: 406148
	23  -  MemoryUsage of job (MB)
	23524  -  ResidentSetSize of job (KB)
...
006 (7312079.000.000) 06/14 15:45:05 Image size of job updated: 2280112
	1249  -  MemoryUsage of job (MB)
	1278544  -  ResidentSetSize of job (KB)
...
006 (7312079.000.000) 06/14 15:47:25 Image size of job updated: 2353840
	1249  -  MemoryUsage of job (MB)
	1278588  -  ResidentSetSize of job (KB)
...
040 (7312079.000.000) 06/14 15:47:26 Started transferring output files
...
040 (7312079.000.000) 06/14 15:47:26 Finished transferring output files
...
005 (7312079.000.000) 06/14 15:47:26 Job terminated.
	(1) Normal termination (return value 0)
		Usr 0 00:06:07, Sys 0 00:00:12  -  Run Remote Usage
		Usr 0 00:00:00, Sys 0 00:00:00  -  Run Local Usage
		Usr 0 00:06:07, Sys 0 00:00:12  -  Total Remote Usage
		Usr 0 00:00:00, Sys 0 00:00:00  -  Total Local Usage
	16489  -  Run Bytes Sent By Job
	431  -  Run Bytes Received By Job
	16489  -  Total Bytes Sent By Job
	431  -  Total Bytes Received By Job
	Partitionable Resources :    Usage  Request Allocated 
	   Cpus                 :     0.87        1         1 
	   Disk (KB)            :    37           1    345658 
	   Memory (MB)          :  1249        2000      2000 

	Job terminated of its own accord at 2021-06-14T13:47:25Z.
...
