000 (7312078.000.000) 06/14 14:45:44 Job submitted from host: <137.138.44.75:9618?addrs=137.138.44.75-9618+[2001-1458-d00-1a--b]-9618&alias=bigbird14.cern.ch&noUDP&sock=schedd_3149486_02ef>
...
040 (7312078.000.000) 06/14 15:39:56 Started transferring input files
	Transferring to host: <128.142.240.164:9618?addrs=128.142.240.164-9618+[2001-1458-301-9--100-f9]-9618&alias=b7g41n2113.cern.ch&noUDP&sock=slot1_5_25545_8368_92205>
...
040 (7312078.000.000) 06/14 15:39:56 Finished transferring input files
...
001 (7312078.000.000) 06/14 15:39:57 Job executing on host: <128.142.240.164:9618?addrs=128.142.240.164-9618+[2001-1458-301-9--100-f9]-9618&alias=b7g41n2113.cern.ch&noUDP&sock=startd_12952_92bb>
...
006 (7312078.000.000) 06/14 15:40:05 Image size of job updated: 244656
	17  -  MemoryUsage of job (MB)
	16940  -  ResidentSetSize of job (KB)
...
006 (7312078.000.000) 06/14 15:45:05 Image size of job updated: 2348192
	1299  -  MemoryUsage of job (MB)
	1330064  -  ResidentSetSize of job (KB)
...
006 (7312078.000.000) 06/14 15:46:54 Image size of job updated: 2399408
	1299  -  MemoryUsage of job (MB)
	1330064  -  ResidentSetSize of job (KB)
...
040 (7312078.000.000) 06/14 15:46:54 Started transferring output files
...
040 (7312078.000.000) 06/14 15:46:54 Finished transferring output files
...
005 (7312078.000.000) 06/14 15:46:54 Job terminated.
	(1) Normal termination (return value 0)
		Usr 0 00:05:45, Sys 0 00:00:09  -  Run Remote Usage
		Usr 0 00:00:00, Sys 0 00:00:00  -  Run Local Usage
		Usr 0 00:05:45, Sys 0 00:00:09  -  Total Remote Usage
		Usr 0 00:00:00, Sys 0 00:00:00  -  Total Local Usage
	14911  -  Run Bytes Sent By Job
	431  -  Run Bytes Received By Job
	14911  -  Total Bytes Sent By Job
	431  -  Total Bytes Received By Job
	Partitionable Resources :    Usage  Request Allocated 
	   Cpus                 :     1.00        1         1 
	   Disk (KB)            :    36           1    355408 
	   Memory (MB)          :  1299        2000      2000 

	Job terminated of its own accord at 2021-06-14T13:46:54Z.
...
