000 (7312072.000.000) 06/14 14:45:34 Job submitted from host: <137.138.44.75:9618?addrs=137.138.44.75-9618+[2001-1458-d00-1a--b]-9618&alias=bigbird14.cern.ch&noUDP&sock=schedd_3149486_02ef>
...
040 (7312072.000.000) 06/14 15:39:53 Started transferring input files
	Transferring to host: <188.184.211.151:9618?addrs=188.184.211.151-9618+[2001-1458-301-10b--100-45]-9618&alias=b7g23n3952.cern.ch&noUDP&sock=slot1_8_5768_d3e4_37921>
...
040 (7312072.000.000) 06/14 15:39:53 Finished transferring input files
...
001 (7312072.000.000) 06/14 15:39:54 Job executing on host: <188.184.211.151:9618?addrs=188.184.211.151-9618+[2001-1458-301-10b--100-45]-9618&alias=b7g23n3952.cern.ch&noUDP&sock=startd_4524_aa8b>
...
006 (7312072.000.000) 06/14 15:40:03 Image size of job updated: 244144
	15  -  MemoryUsage of job (MB)
	14652  -  ResidentSetSize of job (KB)
...
006 (7312072.000.000) 06/14 15:45:04 Image size of job updated: 2288564
	1224  -  MemoryUsage of job (MB)
	1252768  -  ResidentSetSize of job (KB)
...
006 (7312072.000.000) 06/14 15:47:24 Image size of job updated: 2298804
	1224  -  MemoryUsage of job (MB)
	1252768  -  ResidentSetSize of job (KB)
...
040 (7312072.000.000) 06/14 15:47:24 Started transferring output files
...
040 (7312072.000.000) 06/14 15:47:24 Finished transferring output files
...
005 (7312072.000.000) 06/14 15:47:24 Job terminated.
	(1) Normal termination (return value 0)
		Usr 0 00:06:05, Sys 0 00:00:09  -  Run Remote Usage
		Usr 0 00:00:00, Sys 0 00:00:00  -  Run Local Usage
		Usr 0 00:06:05, Sys 0 00:00:09  -  Total Remote Usage
		Usr 0 00:00:00, Sys 0 00:00:00  -  Total Local Usage
	15774  -  Run Bytes Sent By Job
	431  -  Run Bytes Received By Job
	15774  -  Total Bytes Sent By Job
	431  -  Total Bytes Received By Job
	Partitionable Resources :    Usage  Request Allocated 
	   Cpus                 :                 1         1 
	   Disk (KB)            :       29        1    363891 
	   Memory (MB)          :     1224     2000      2000 

	Job terminated of its own accord at 2021-06-14T13:47:23Z.
...
