14-Jun-2021 15:40:43 CEST  Initiating request to open file file:/eos/cms/store/user/tsarkar/DIGIPremix_Condor_output_Vector_MonoZLL_NLO_Mphi-500_Mchi-150_gSM-0p25_gDM-1p0_ctau1p0/step_DIGIPremix_2017UL_14.root
14-Jun-2021 15:40:49 CEST  Successfully opened file file:/eos/cms/store/user/tsarkar/DIGIPremix_Condor_output_Vector_MonoZLL_NLO_Mphi-500_Mchi-150_gSM-0p25_gDM-1p0_ctau1p0/step_DIGIPremix_2017UL_14.root
Begin processing the 1st record. Run 1, Event 101, LumiSection 3 at 14-Jun-2021 15:42:39.651 CEST
Begin processing the 2nd record. Run 1, Event 102, LumiSection 3 at 14-Jun-2021 15:42:53.176 CEST
Begin processing the 3rd record. Run 1, Event 103, LumiSection 3 at 14-Jun-2021 15:42:58.834 CEST
%MSG-w InvalidHelix:   SeedCreatorFromRegionConsecutiveHitsEDProducer:hltFullIter9TobTecSeedsPair  14-Jun-2021 15:43:02 CEST Run: 1 Event: 103
PixelClusterShapeSeedComparitor helix is not valid, result is bad
%MSG
%MSG-w InvalidInputTag:  CSCHaloDataProducer:hltCSCHaloData  14-Jun-2021 15:43:02 CEST Run: 1 Event: 103
 The Cosmic Muon collection does not appear to be in the event. These beam halo  identification variables will be empty
%MSG
Begin processing the 4th record. Run 1, Event 105, LumiSection 3 at 14-Jun-2021 15:43:03.074 CEST
Begin processing the 5th record. Run 1, Event 104, LumiSection 3 at 14-Jun-2021 15:43:07.034 CEST
Begin processing the 6th record. Run 1, Event 108, LumiSection 3 at 14-Jun-2021 15:43:10.296 CEST
Begin processing the 7th record. Run 1, Event 106, LumiSection 3 at 14-Jun-2021 15:43:19.637 CEST
%MSG-w InvalidHelix:   SeedCreatorFromRegionConsecutiveHitsEDProducer:hltFullIter9TobTecSeedsPair  14-Jun-2021 15:43:26 CEST Run: 1 Event: 106
PixelClusterShapeSeedComparitor helix is not valid, result is bad
%MSG
Begin processing the 8th record. Run 1, Event 107, LumiSection 3 at 14-Jun-2021 15:43:27.585 CEST
Begin processing the 9th record. Run 1, Event 111, LumiSection 3 at 14-Jun-2021 15:43:28.588 CEST
Begin processing the 10th record. Run 1, Event 110, LumiSection 3 at 14-Jun-2021 15:43:33.291 CEST
%MSG-e TrajectoryNotPosDef:   TrackProducer:hltIter2PFlowCtfWithMaterialTracksForPhotons  14-Jun-2021 15:43:34 CEST Run: 1 Event: 110
Trajectory covariance is not positive-definite
%MSG
Begin processing the 11th record. Run 1, Event 112, LumiSection 3 at 14-Jun-2021 15:43:38.436 CEST
Begin processing the 12th record. Run 1, Event 113, LumiSection 3 at 14-Jun-2021 15:43:55.342 CEST
Begin processing the 13th record. Run 1, Event 109, LumiSection 3 at 14-Jun-2021 15:43:58.382 CEST
Begin processing the 14th record. Run 1, Event 115, LumiSection 3 at 14-Jun-2021 15:44:03.347 CEST
Begin processing the 15th record. Run 1, Event 116, LumiSection 3 at 14-Jun-2021 15:44:07.396 CEST
Begin processing the 16th record. Run 1, Event 118, LumiSection 3 at 14-Jun-2021 15:44:15.993 CEST
Begin processing the 17th record. Run 1, Event 119, LumiSection 3 at 14-Jun-2021 15:44:21.992 CEST
Begin processing the 18th record. Run 1, Event 114, LumiSection 3 at 14-Jun-2021 15:44:23.073 CEST
Begin processing the 19th record. Run 1, Event 120, LumiSection 3 at 14-Jun-2021 15:44:43.907 CEST
Begin processing the 20th record. Run 1, Event 117, LumiSection 3 at 14-Jun-2021 15:44:52.274 CEST
Begin processing the 21st record. Run 1, Event 121, LumiSection 3 at 14-Jun-2021 15:44:58.677 CEST
Begin processing the 22nd record. Run 1, Event 122, LumiSection 3 at 14-Jun-2021 15:44:59.612 CEST
Begin processing the 23rd record. Run 1, Event 123, LumiSection 3 at 14-Jun-2021 15:45:05.597 CEST
Begin processing the 24th record. Run 1, Event 125, LumiSection 3 at 14-Jun-2021 15:45:06.824 CEST
Begin processing the 25th record. Run 1, Event 124, LumiSection 3 at 14-Jun-2021 15:45:07.991 CEST
%MSG-w InvalidHelix:   SeedCreatorFromRegionConsecutiveHitsEDProducer:hltFullIter9TobTecSeedsTripl  14-Jun-2021 15:45:13 CEST Run: 1 Event: 124
PixelClusterShapeSeedComparitor helix is not valid, result is bad
%MSG
Begin processing the 26th record. Run 1, Event 126, LumiSection 3 at 14-Jun-2021 15:45:14.026 CEST
%MSG-w InvalidHelix:   SeedCreatorFromRegionConsecutiveHitsTripletOnlyEDProducer:hltFullIter8PixelLessSeeds  14-Jun-2021 15:45:22 CEST Run: 1 Event: 126
PixelClusterShapeSeedComparitor helix is not valid, result is bad
%MSG
Begin processing the 27th record. Run 1, Event 127, LumiSection 3 at 14-Jun-2021 15:45:24.355 CEST
Begin processing the 28th record. Run 1, Event 129, LumiSection 3 at 14-Jun-2021 15:45:27.302 CEST
Begin processing the 29th record. Run 1, Event 131, LumiSection 3 at 14-Jun-2021 15:45:31.597 CEST
Begin processing the 30th record. Run 1, Event 130, LumiSection 3 at 14-Jun-2021 15:45:33.423 CEST
Begin processing the 31st record. Run 1, Event 128, LumiSection 3 at 14-Jun-2021 15:45:36.129 CEST
Begin processing the 32nd record. Run 1, Event 132, LumiSection 3 at 14-Jun-2021 15:45:50.197 CEST
%MSG-e TrajectoryNotPosDef:  TrackProducer:hltFullIter6CtfWithMaterialTracks  14-Jun-2021 15:45:54 CEST Run: 1 Event: 132
Trajectory covariance is not positive-definite
%MSG
Begin processing the 33rd record. Run 1, Event 133, LumiSection 3 at 14-Jun-2021 15:45:55.660 CEST
Begin processing the 34th record. Run 1, Event 134, LumiSection 3 at 14-Jun-2021 15:46:01.944 CEST
Begin processing the 35th record. Run 1, Event 136, LumiSection 3 at 14-Jun-2021 15:46:02.933 CEST
Begin processing the 36th record. Run 1, Event 135, LumiSection 3 at 14-Jun-2021 15:46:08.203 CEST
Begin processing the 37th record. Run 1, Event 137, LumiSection 3 at 14-Jun-2021 15:46:16.093 CEST
Begin processing the 38th record. Run 1, Event 140, LumiSection 3 at 14-Jun-2021 15:46:19.804 CEST
Begin processing the 39th record. Run 1, Event 142, LumiSection 3 at 14-Jun-2021 15:46:22.920 CEST
Begin processing the 40th record. Run 1, Event 138, LumiSection 3 at 14-Jun-2021 15:46:25.403 CEST
%MSG-w InvalidHelix:   SeedCreatorFromRegionConsecutiveHitsEDProducer:hltFullIter9TobTecSeedsPair  14-Jun-2021 15:46:28 CEST Run: 1 Event: 138
PixelClusterShapeSeedComparitor helix is not valid, result is bad
%MSG
Begin processing the 41st record. Run 1, Event 141, LumiSection 3 at 14-Jun-2021 15:46:29.079 CEST
Begin processing the 42nd record. Run 1, Event 143, LumiSection 3 at 14-Jun-2021 15:46:33.429 CEST
Begin processing the 43rd record. Run 1, Event 139, LumiSection 3 at 14-Jun-2021 15:46:43.581 CEST
Begin processing the 44th record. Run 1, Event 144, LumiSection 3 at 14-Jun-2021 15:46:49.463 CEST
Begin processing the 45th record. Run 1, Event 145, LumiSection 3 at 14-Jun-2021 15:46:50.044 CEST
Begin processing the 46th record. Run 1, Event 148, LumiSection 3 at 14-Jun-2021 15:46:51.075 CEST
%MSG-e TrajectoryNotPosDef:   TrackProducer:hltDoubletRecoveryPFlowCtfWithMaterialTracks  14-Jun-2021 15:46:51 CEST Run: 1 Event: 148
Trajectory covariance is not positive-definite
%MSG
%MSG-w Muon:  L3MuonProducer:hltL3NoFiltersNoVtxMuonsOIHit  14-Jun-2021 15:46:51 CEST Run: 1 Event: 148
     Failed to load tracker track trajectory
%MSG
%MSG-w RecoMuon:  L3MuonProducer:hltL3NoFiltersNoVtxMuonsOIHit  14-Jun-2021 15:46:51 CEST Run: 1 Event: 148
     Failed to load tracker track trajectory
%MSG
%MSG-w GlobalMuon:  L3MuonProducer:hltL3NoFiltersNoVtxMuonsOIHit  14-Jun-2021 15:46:51 CEST Run: 1 Event: 148
     Failed to load tracker track trajectory
%MSG
%MSG-w GlobalTrajectoryBuilderBase:   L3MuonProducer:hltL3NoFiltersNoVtxMuonsOIHit 14-Jun-2021 15:46:51 CEST  Run: 1 Event: 148
     Failed to load tracker track trajectory
%MSG
Begin processing the 47th record. Run 1, Event 146, LumiSection 3 at 14-Jun-2021 15:46:55.172 CEST
Begin processing the 48th record. Run 1, Event 149, LumiSection 3 at 14-Jun-2021 15:46:58.544 CEST
Begin processing the 49th record. Run 1, Event 147, LumiSection 3 at 14-Jun-2021 15:47:03.205 CEST
Begin processing the 50th record. Run 1, Event 150, LumiSection 3 at 14-Jun-2021 15:47:13.083 CEST
14-Jun-2021 15:47:19 CEST  Closed file file:/eos/cms/store/user/tsarkar/DIGIPremix_Condor_output_Vector_MonoZLL_NLO_Mphi-500_Mchi-150_gSM-0p25_gDM-1p0_ctau1p0/step_DIGIPremix_2017UL_14.root

=============================================

MessageLogger Summary

 type     category        sev    module        subroutine        count    total
 ---- -------------------- -- ---------------- ----------------  -----    -----
    1 GlobalMuon           -w L3MuonProducer:h                       1        1
    2 GlobalTrajectoryBuil -w L3MuonProducer:h                       1        1
    3 InvalidHelix         -w SeedCreatorFromR                       3        3
    4 InvalidHelix         -w SeedCreatorFromR                       1        1
    5 InvalidHelix         -w SeedCreatorFromR                       1        1
    6 InvalidInputTag      -w CSCHaloDataProdu                       1        1
    7 Muon                 -w L3MuonProducer:h                       1        1
    8 RecoMuon             -w L3MuonProducer:h                       1        1
    9 TrajectoryNotPosDef  -e TrackProducer:hl                       1        1
   10 TrajectoryNotPosDef  -e TrackProducer:hl                       1        1
   11 TrajectoryNotPosDef  -e TrackProducer:hl                       1        1
   12 fileAction           -s file_close                             1        1
   13 fileAction           -s file_open                              2        2

 type    category    Examples: run/evt        run/evt          run/evt
 ---- -------------------- ---------------- ---------------- ----------------
    1 GlobalMuon           1/148                             
    2 GlobalTrajectoryBuilderBase 1/148                             
    3 InvalidHelix         1/103            1/106            1/138
    4 InvalidHelix         1/124                             
    5 InvalidHelix         1/126                             
    6 InvalidInputTag      1/103                             
    7 Muon                 1/148                             
    8 RecoMuon             1/148                             
    9 TrajectoryNotPosDef  1/148                             
   10 TrajectoryNotPosDef  1/132                             
   11 TrajectoryNotPosDef  1/110                             
   12 fileAction           PostGlobalEndRun                  
   13 fileAction           pre-events       pre-events       

Severity    # Occurrences   Total Occurrences
--------    -------------   -----------------
Warning                10                  10
Error                   3                   3
System                  3                   3

dropped waiting message count 0
