000 (7312064.000.000) 06/14 14:45:20 Job submitted from host: <137.138.44.75:9618?addrs=137.138.44.75-9618+[2001-1458-d00-1a--b]-9618&alias=bigbird14.cern.ch&noUDP&sock=schedd_3149486_02ef>
...
040 (7312064.000.000) 06/14 15:39:52 Started transferring input files
	Transferring to host: <188.184.196.69:9618?addrs=188.184.196.69-9618+[2001-1458-301-102--100-1d]-9618&alias=b7g24n0079.cern.ch&noUDP&sock=slot1_8_4964_5643_43549>
...
040 (7312064.000.000) 06/14 15:39:52 Finished transferring input files
...
001 (7312064.000.000) 06/14 15:39:53 Job executing on host: <188.184.196.69:9618?addrs=188.184.196.69-9618+[2001-1458-301-102--100-1d]-9618&alias=b7g24n0079.cern.ch&noUDP&sock=startd_3948_93fe>
...
006 (7312064.000.000) 06/14 15:40:01 Image size of job updated: 26432
	13  -  MemoryUsage of job (MB)
	13300  -  ResidentSetSize of job (KB)
...
006 (7312064.000.000) 06/14 15:45:01 Image size of job updated: 2257856
	1205  -  MemoryUsage of job (MB)
	1233008  -  ResidentSetSize of job (KB)
...
006 (7312064.000.000) 06/14 15:48:26 Image size of job updated: 2493376
	1205  -  MemoryUsage of job (MB)
	1233008  -  ResidentSetSize of job (KB)
...
040 (7312064.000.000) 06/14 15:48:26 Started transferring output files
...
040 (7312064.000.000) 06/14 15:48:27 Finished transferring output files
...
005 (7312064.000.000) 06/14 15:48:27 Job terminated.
	(1) Normal termination (return value 0)
		Usr 0 00:06:27, Sys 0 00:00:08  -  Run Remote Usage
		Usr 0 00:00:00, Sys 0 00:00:00  -  Run Local Usage
		Usr 0 00:06:27, Sys 0 00:00:08  -  Total Remote Usage
		Usr 0 00:00:00, Sys 0 00:00:00  -  Total Local Usage
	18197  -  Run Bytes Sent By Job
	430  -  Run Bytes Received By Job
	18197  -  Total Bytes Sent By Job
	430  -  Total Bytes Received By Job
	Partitionable Resources :    Usage  Request Allocated 
	   Cpus                 :     0.99        1         1 
	   Disk (KB)            :    39           1    265381 
	   Memory (MB)          :  1205        2000      2000 

	Job terminated of its own accord at 2021-06-14T13:48:26Z.
...
