14-Jun-2021 15:40:48 CEST  Initiating request to open file file:/eos/cms/store/user/tsarkar/DIGIPremix_Condor_output_Vector_MonoZLL_NLO_Mphi-500_Mchi-150_gSM-0p25_gDM-1p0_ctau1p0/step_DIGIPremix_2017UL_8.root
14-Jun-2021 15:40:53 CEST  Successfully opened file file:/eos/cms/store/user/tsarkar/DIGIPremix_Condor_output_Vector_MonoZLL_NLO_Mphi-500_Mchi-150_gSM-0p25_gDM-1p0_ctau1p0/step_DIGIPremix_2017UL_8.root
Begin processing the 1st record. Run 1, Event 753, LumiSection 16 at 14-Jun-2021 15:42:39.852 CEST
Begin processing the 2nd record. Run 1, Event 752, LumiSection 16 at 14-Jun-2021 15:42:49.144 CEST
Begin processing the 3rd record. Run 1, Event 754, LumiSection 16 at 14-Jun-2021 15:42:52.643 CEST
Begin processing the 4th record. Run 1, Event 755, LumiSection 16 at 14-Jun-2021 15:42:53.683 CEST
Begin processing the 5th record. Run 1, Event 751, LumiSection 16 at 14-Jun-2021 15:42:58.208 CEST
%MSG-w InvalidInputTag:  CSCHaloDataProducer:hltCSCHaloData  14-Jun-2021 15:43:01 CEST Run: 1 Event: 751
 The Cosmic Muon collection does not appear to be in the event. These beam halo  identification variables will be empty
%MSG
Begin processing the 6th record. Run 1, Event 758, LumiSection 16 at 14-Jun-2021 15:43:01.508 CEST
Begin processing the 7th record. Run 1, Event 756, LumiSection 16 at 14-Jun-2021 15:43:02.918 CEST
Begin processing the 8th record. Run 1, Event 757, LumiSection 16 at 14-Jun-2021 15:43:03.687 CEST
Begin processing the 9th record. Run 1, Event 760, LumiSection 16 at 14-Jun-2021 15:43:04.808 CEST
Begin processing the 10th record. Run 1, Event 759, LumiSection 16 at 14-Jun-2021 15:43:05.993 CEST
Begin processing the 11th record. Run 1, Event 761, LumiSection 16 at 14-Jun-2021 15:43:17.847 CEST
Begin processing the 12th record. Run 1, Event 763, LumiSection 16 at 14-Jun-2021 15:43:20.813 CEST
Begin processing the 13th record. Run 1, Event 762, LumiSection 16 at 14-Jun-2021 15:43:24.871 CEST
%MSG-w InvalidHelix:   SeedCreatorFromRegionConsecutiveHitsEDProducer:hltFullIter9TobTecSeedsTripl  14-Jun-2021 15:43:33 CEST Run: 1 Event: 762
PixelClusterShapeSeedComparitor helix is not valid, result is bad
%MSG
Begin processing the 14th record. Run 1, Event 764, LumiSection 16 at 14-Jun-2021 15:43:34.382 CEST
%MSG-w InvalidHelix:   SeedCreatorFromRegionConsecutiveHitsEDProducer:hltFullIter9TobTecSeedsPair  14-Jun-2021 15:43:37 CEST Run: 1 Event: 764
PixelClusterShapeSeedComparitor helix is not valid, result is bad
%MSG
Begin processing the 15th record. Run 1, Event 765, LumiSection 16 at 14-Jun-2021 15:43:37.698 CEST
Begin processing the 16th record. Run 1, Event 766, LumiSection 16 at 14-Jun-2021 15:43:38.817 CEST
Begin processing the 17th record. Run 1, Event 768, LumiSection 16 at 14-Jun-2021 15:43:46.375 CEST
Begin processing the 18th record. Run 1, Event 769, LumiSection 16 at 14-Jun-2021 15:43:53.871 CEST
Begin processing the 19th record. Run 1, Event 767, LumiSection 16 at 14-Jun-2021 15:43:56.281 CEST
Begin processing the 20th record. Run 1, Event 771, LumiSection 16 at 14-Jun-2021 15:44:00.806 CEST
Begin processing the 21st record. Run 1, Event 770, LumiSection 16 at 14-Jun-2021 15:44:01.845 CEST
Begin processing the 22nd record. Run 1, Event 775, LumiSection 16 at 14-Jun-2021 15:44:03.056 CEST
%MSG-w InvalidHelix:   SeedCreatorFromRegionConsecutiveHitsEDProducer:hltFullIter9TobTecSeedsTripl  14-Jun-2021 15:44:13 CEST Run: 1 Event: 775
PixelClusterShapeSeedComparitor helix is not valid, result is bad
%MSG
Begin processing the 23rd record. Run 1, Event 773, LumiSection 16 at 14-Jun-2021 15:44:15.243 CEST
Begin processing the 24th record. Run 1, Event 777, LumiSection 16 at 14-Jun-2021 15:44:20.879 CEST
Begin processing the 25th record. Run 1, Event 772, LumiSection 16 at 14-Jun-2021 15:44:24.687 CEST
%MSG-w InvalidHelix:   SeedCreatorFromRegionConsecutiveHitsEDProducer:hltFullIter9TobTecSeedsPair  14-Jun-2021 15:44:29 CEST Run: 1 Event: 772
PixelClusterShapeSeedComparitor helix is not valid, result is bad
%MSG
Begin processing the 26th record. Run 1, Event 774, LumiSection 16 at 14-Jun-2021 15:44:30.528 CEST
Begin processing the 27th record. Run 1, Event 776, LumiSection 16 at 14-Jun-2021 15:44:39.782 CEST
Begin processing the 28th record. Run 1, Event 778, LumiSection 16 at 14-Jun-2021 15:44:44.353 CEST
Begin processing the 29th record. Run 1, Event 780, LumiSection 16 at 14-Jun-2021 15:44:50.946 CEST
Begin processing the 30th record. Run 1, Event 779, LumiSection 16 at 14-Jun-2021 15:44:53.734 CEST
Begin processing the 31st record. Run 1, Event 783, LumiSection 16 at 14-Jun-2021 15:44:55.769 CEST
Begin processing the 32nd record. Run 1, Event 781, LumiSection 16 at 14-Jun-2021 15:44:58.496 CEST
Begin processing the 33rd record. Run 1, Event 782, LumiSection 16 at 14-Jun-2021 15:45:03.113 CEST
Begin processing the 34th record. Run 1, Event 784, LumiSection 16 at 14-Jun-2021 15:45:07.798 CEST
Begin processing the 35th record. Run 1, Event 788, LumiSection 16 at 14-Jun-2021 15:45:18.524 CEST
Begin processing the 36th record. Run 1, Event 787, LumiSection 16 at 14-Jun-2021 15:45:21.610 CEST
Begin processing the 37th record. Run 1, Event 785, LumiSection 16 at 14-Jun-2021 15:45:22.185 CEST
Begin processing the 38th record. Run 1, Event 790, LumiSection 16 at 14-Jun-2021 15:45:30.074 CEST
Begin processing the 39th record. Run 1, Event 786, LumiSection 16 at 14-Jun-2021 15:45:31.024 CEST
Begin processing the 40th record. Run 1, Event 792, LumiSection 16 at 14-Jun-2021 15:45:33.807 CEST
Begin processing the 41st record. Run 1, Event 791, LumiSection 16 at 14-Jun-2021 15:45:39.201 CEST
Begin processing the 42nd record. Run 1, Event 789, LumiSection 16 at 14-Jun-2021 15:45:48.167 CEST
Begin processing the 43rd record. Run 1, Event 793, LumiSection 16 at 14-Jun-2021 15:45:58.650 CEST
Begin processing the 44th record. Run 1, Event 796, LumiSection 16 at 14-Jun-2021 15:46:03.131 CEST
Begin processing the 45th record. Run 1, Event 795, LumiSection 16 at 14-Jun-2021 15:46:22.748 CEST
Begin processing the 46th record. Run 1, Event 794, LumiSection 16 at 14-Jun-2021 15:46:27.452 CEST
Begin processing the 47th record. Run 1, Event 797, LumiSection 16 at 14-Jun-2021 15:46:31.107 CEST
Begin processing the 48th record. Run 1, Event 798, LumiSection 16 at 14-Jun-2021 15:46:37.790 CEST
Begin processing the 49th record. Run 1, Event 799, LumiSection 16 at 14-Jun-2021 15:46:38.640 CEST
%MSG-w BasicTrajectoryState:   TrackProducer:hltIter2PFlowCtfWithMaterialTracksForPhotons  14-Jun-2021 15:46:39 CEST Run: 1 Event: 799
curv error not pos-def
[   6.6536e+06     324.844     -345045    -95.4997     -6.4428
       324.844   0.0166704    -16.8459 -0.00471661  0.00704499
       -345045    -16.8459     17893.5     4.95061    0.334035
      -95.4997 -0.00471661     4.95061    -0.01405-0.000350898
       -6.4428  0.00704499    0.334035-0.000350898   0.0668076 ]
pos/mom/mf  (8.47894,7.09289,-5.02528)   (4.80596,3.88776,-2.71838)   (-0.000129148,-0.000108036,3.81123) 
%MSG
%MSG-w BasicTrajectoryState:   TrackProducer:hltIter2PFlowCtfWithMaterialTracksForPhotons  14-Jun-2021 15:46:39 CEST Run: 1 Event: 799
local error not pos-def
[   6.6536e+06      345589    -6430.12     95.5754     5.36713
        345589     17949.9    -333.981     4.96234    0.278771
      -6430.12    -333.981     6.21529  -0.0923977  0.00441591
       95.5754     4.96234  -0.0923977  -0.0140723-0.000140594
       5.36713    0.278771  0.00441591-0.000140594   0.0797338 ]
pos/mom/mf  (8.47894,7.09289,-5.02528)   (4.80596,3.88776,-2.71838)   (-0.000129148,-0.000108036,3.81123) 
%MSG
Begin processing the 50th record. Run 1, Event 800, LumiSection 16 at 14-Jun-2021 15:46:53.113 CEST
%MSG-w Muon:  L3MuonProducer:hltL3NoFiltersNoVtxMuonsOIHit  14-Jun-2021 15:46:53 CEST Run: 1 Event: 800
     Failed to load tracker track trajectory
%MSG
%MSG-w RecoMuon:  L3MuonProducer:hltL3NoFiltersNoVtxMuonsOIHit  14-Jun-2021 15:46:53 CEST Run: 1 Event: 800
     Failed to load tracker track trajectory
%MSG
%MSG-w GlobalMuon:  L3MuonProducer:hltL3NoFiltersNoVtxMuonsOIHit  14-Jun-2021 15:46:53 CEST Run: 1 Event: 800
     Failed to load tracker track trajectory
%MSG
%MSG-w GlobalTrajectoryBuilderBase:   L3MuonProducer:hltL3NoFiltersNoVtxMuonsOIHit 14-Jun-2021 15:46:53 CEST  Run: 1 Event: 800
     Failed to load tracker track trajectory
%MSG
14-Jun-2021 15:46:58 CEST  Closed file file:/eos/cms/store/user/tsarkar/DIGIPremix_Condor_output_Vector_MonoZLL_NLO_Mphi-500_Mchi-150_gSM-0p25_gDM-1p0_ctau1p0/step_DIGIPremix_2017UL_8.root

=============================================

MessageLogger Summary

 type     category        sev    module        subroutine        count    total
 ---- -------------------- -- ---------------- ----------------  -----    -----
    1 BasicTrajectoryState -w TrackProducer:hl                       2        2
    2 GlobalMuon           -w L3MuonProducer:h                       1        1
    3 GlobalTrajectoryBuil -w L3MuonProducer:h                       1        1
    4 InvalidHelix         -w SeedCreatorFromR                       2        2
    5 InvalidHelix         -w SeedCreatorFromR                       2        2
    6 InvalidInputTag      -w CSCHaloDataProdu                       1        1
    7 Muon                 -w L3MuonProducer:h                       1        1
    8 RecoMuon             -w L3MuonProducer:h                       1        1
    9 fileAction           -s file_close                             1        1
   10 fileAction           -s file_open                              2        2

 type    category    Examples: run/evt        run/evt          run/evt
 ---- -------------------- ---------------- ---------------- ----------------
    1 BasicTrajectoryState 1/799            1/799            
    2 GlobalMuon           1/800                             
    3 GlobalTrajectoryBuilderBase 1/800                             
    4 InvalidHelix         1/764            1/772            
    5 InvalidHelix         1/762            1/775            
    6 InvalidInputTag      1/751                             
    7 Muon                 1/800                             
    8 RecoMuon             1/800                             
    9 fileAction           PostGlobalEndRun                  
   10 fileAction           pre-events       pre-events       

Severity    # Occurrences   Total Occurrences
--------    -------------   -----------------
Warning                11                  11
System                  3                   3

dropped waiting message count 0
