14-Jun-2021 15:40:41 CEST  Initiating request to open file file:/eos/cms/store/user/tsarkar/DIGIPremix_Condor_output_Vector_MonoZLL_NLO_Mphi-500_Mchi-150_gSM-0p25_gDM-1p0_ctau1p0/step_DIGIPremix_2017UL_16.root
14-Jun-2021 15:40:46 CEST  Successfully opened file file:/eos/cms/store/user/tsarkar/DIGIPremix_Condor_output_Vector_MonoZLL_NLO_Mphi-500_Mchi-150_gSM-0p25_gDM-1p0_ctau1p0/step_DIGIPremix_2017UL_16.root
Begin processing the 1st record. Run 1, Event 204, LumiSection 5 at 14-Jun-2021 15:42:36.009 CEST
Begin processing the 2nd record. Run 1, Event 202, LumiSection 5 at 14-Jun-2021 15:42:50.998 CEST
%MSG-w InvalidHelix:   SeedCreatorFromRegionConsecutiveHitsEDProducer:hltFullIter9TobTecSeedsTripl  14-Jun-2021 15:42:55 CEST Run: 1 Event: 202
PixelClusterShapeSeedComparitor helix is not valid, result is bad
%MSG
%MSG-w InvalidHelix:   SeedCreatorFromRegionConsecutiveHitsEDProducer:hltFullIter9TobTecSeedsPair  14-Jun-2021 15:42:55 CEST Run: 1 Event: 202
PixelClusterShapeSeedComparitor helix is not valid, result is bad
%MSG
Begin processing the 3rd record. Run 1, Event 201, LumiSection 5 at 14-Jun-2021 15:42:56.504 CEST
Begin processing the 4th record. Run 1, Event 207, LumiSection 5 at 14-Jun-2021 15:43:01.220 CEST
Begin processing the 5th record. Run 1, Event 203, LumiSection 5 at 14-Jun-2021 15:43:02.406 CEST
%MSG-w InvalidInputTag:  CSCHaloDataProducer:hltCSCHaloData  14-Jun-2021 15:43:05 CEST Run: 1 Event: 203
 The Cosmic Muon collection does not appear to be in the event. These beam halo  identification variables will be empty
%MSG
Begin processing the 6th record. Run 1, Event 205, LumiSection 5 at 14-Jun-2021 15:43:05.911 CEST
%MSG-w InvalidHelix:   SeedCreatorFromRegionConsecutiveHitsEDProducer:hltFullIter6PixelSeedsA  14-Jun-2021 15:43:14 CEST Run: 1 Event: 205
PixelClusterShapeSeedComparitor helix is not valid, result is bad
%MSG
%MSG-w InvalidHelix:   SeedCreatorFromRegionConsecutiveHitsTripletOnlyEDProducer:hltFullIter8PixelLessSeeds  14-Jun-2021 15:43:15 CEST Run: 1 Event: 205
PixelClusterShapeSeedComparitor helix is not valid, result is bad
%MSG
Begin processing the 7th record. Run 1, Event 206, LumiSection 5 at 14-Jun-2021 15:43:18.485 CEST
Begin processing the 8th record. Run 1, Event 209, LumiSection 5 at 14-Jun-2021 15:43:22.991 CEST
Begin processing the 9th record. Run 1, Event 208, LumiSection 5 at 14-Jun-2021 15:43:27.987 CEST
Begin processing the 10th record. Run 1, Event 212, LumiSection 5 at 14-Jun-2021 15:43:28.948 CEST
Begin processing the 11th record. Run 1, Event 211, LumiSection 5 at 14-Jun-2021 15:43:30.466 CEST
Begin processing the 12th record. Run 1, Event 210, LumiSection 5 at 14-Jun-2021 15:43:35.730 CEST
Begin processing the 13th record. Run 1, Event 215, LumiSection 5 at 14-Jun-2021 15:43:38.191 CEST
Begin processing the 14th record. Run 1, Event 214, LumiSection 5 at 14-Jun-2021 15:43:39.750 CEST
Begin processing the 15th record. Run 1, Event 216, LumiSection 5 at 14-Jun-2021 15:43:44.168 CEST
Begin processing the 16th record. Run 1, Event 213, LumiSection 5 at 14-Jun-2021 15:43:47.795 CEST
Begin processing the 17th record. Run 1, Event 217, LumiSection 5 at 14-Jun-2021 15:43:57.192 CEST
Begin processing the 18th record. Run 1, Event 220, LumiSection 5 at 14-Jun-2021 15:44:02.563 CEST
Begin processing the 19th record. Run 1, Event 218, LumiSection 5 at 14-Jun-2021 15:44:07.537 CEST
Begin processing the 20th record. Run 1, Event 221, LumiSection 5 at 14-Jun-2021 15:44:10.426 CEST
Begin processing the 21st record. Run 1, Event 219, LumiSection 5 at 14-Jun-2021 15:44:24.520 CEST
Begin processing the 22nd record. Run 1, Event 224, LumiSection 5 at 14-Jun-2021 15:44:30.742 CEST
Begin processing the 23rd record. Run 1, Event 222, LumiSection 5 at 14-Jun-2021 15:44:32.298 CEST
Begin processing the 24th record. Run 1, Event 223, LumiSection 5 at 14-Jun-2021 15:44:43.961 CEST
Begin processing the 25th record. Run 1, Event 227, LumiSection 5 at 14-Jun-2021 15:44:55.775 CEST
Begin processing the 26th record. Run 1, Event 226, LumiSection 5 at 14-Jun-2021 15:44:57.787 CEST
Begin processing the 27th record. Run 1, Event 225, LumiSection 5 at 14-Jun-2021 15:44:59.821 CEST
Begin processing the 28th record. Run 1, Event 228, LumiSection 5 at 14-Jun-2021 15:45:07.374 CEST
Begin processing the 29th record. Run 1, Event 229, LumiSection 5 at 14-Jun-2021 15:45:17.770 CEST
Begin processing the 30th record. Run 1, Event 230, LumiSection 5 at 14-Jun-2021 15:45:23.239 CEST
Begin processing the 31st record. Run 1, Event 232, LumiSection 5 at 14-Jun-2021 15:45:24.335 CEST
Begin processing the 32nd record. Run 1, Event 231, LumiSection 5 at 14-Jun-2021 15:45:30.540 CEST
Begin processing the 33rd record. Run 1, Event 234, LumiSection 5 at 14-Jun-2021 15:45:36.115 CEST
Begin processing the 34th record. Run 1, Event 236, LumiSection 5 at 14-Jun-2021 15:45:40.336 CEST
Begin processing the 35th record. Run 1, Event 233, LumiSection 5 at 14-Jun-2021 15:45:44.172 CEST
Begin processing the 36th record. Run 1, Event 238, LumiSection 5 at 14-Jun-2021 15:45:50.698 CEST
%MSG-w InvalidHelix:   SeedCreatorFromRegionConsecutiveHitsTripletOnlyEDProducer:hltFullIter8PixelLessSeeds  14-Jun-2021 15:46:04 CEST Run: 1 Event: 238
PixelClusterShapeSeedComparitor helix is not valid, result is bad
%MSG
Begin processing the 37th record. Run 1, Event 239, LumiSection 5 at 14-Jun-2021 15:46:10.899 CEST
Begin processing the 38th record. Run 1, Event 237, LumiSection 5 at 14-Jun-2021 15:46:16.715 CEST
Begin processing the 39th record. Run 1, Event 235, LumiSection 5 at 14-Jun-2021 15:46:27.657 CEST
Begin processing the 40th record. Run 1, Event 240, LumiSection 5 at 14-Jun-2021 15:46:38.240 CEST
%MSG-w EnergyInDeadEB_FE:  EcalRecHitProducer:hltEcalRecHit  14-Jun-2021 15:46:38 CEST Run: 1 Event: 240
TP energy in the dead TT = 75 at (EcalTT subDet Barrel iz -  ieta 6 iphi 32)
%MSG
Begin processing the 41st record. Run 1, Event 241, LumiSection 5 at 14-Jun-2021 15:46:38.907 CEST
Begin processing the 42nd record. Run 1, Event 242, LumiSection 5 at 14-Jun-2021 15:46:46.536 CEST
Begin processing the 43rd record. Run 1, Event 244, LumiSection 5 at 14-Jun-2021 15:47:03.272 CEST
Begin processing the 44th record. Run 1, Event 247, LumiSection 5 at 14-Jun-2021 15:47:09.228 CEST
%MSG-w InvalidHelix:   SeedCreatorFromRegionConsecutiveHitsEDProducer:hltFullIter6PixelSeedsA  14-Jun-2021 15:47:12 CEST Run: 1 Event: 247
PixelClusterShapeSeedComparitor helix is not valid, result is bad
%MSG
Begin processing the 45th record. Run 1, Event 243, LumiSection 5 at 14-Jun-2021 15:47:12.773 CEST
Begin processing the 46th record. Run 1, Event 249, LumiSection 5 at 14-Jun-2021 15:47:15.611 CEST
Begin processing the 47th record. Run 1, Event 248, LumiSection 5 at 14-Jun-2021 15:47:23.581 CEST
Begin processing the 48th record. Run 1, Event 246, LumiSection 5 at 14-Jun-2021 15:47:24.803 CEST
Begin processing the 49th record. Run 1, Event 245, LumiSection 5 at 14-Jun-2021 15:47:29.035 CEST
Begin processing the 50th record. Run 1, Event 250, LumiSection 5 at 14-Jun-2021 15:47:35.659 CEST
14-Jun-2021 15:47:51 CEST  Closed file file:/eos/cms/store/user/tsarkar/DIGIPremix_Condor_output_Vector_MonoZLL_NLO_Mphi-500_Mchi-150_gSM-0p25_gDM-1p0_ctau1p0/step_DIGIPremix_2017UL_16.root

=============================================

MessageLogger Summary

 type     category        sev    module        subroutine        count    total
 ---- -------------------- -- ---------------- ----------------  -----    -----
    1 EnergyInDeadEB_FE    -w EcalRecHitProduc                       1        1
    2 InvalidHelix         -w SeedCreatorFromR                       2        2
    3 InvalidHelix         -w SeedCreatorFromR                       1        1
    4 InvalidHelix         -w SeedCreatorFromR                       1        1
    5 InvalidHelix         -w SeedCreatorFromR                       2        2
    6 InvalidInputTag      -w CSCHaloDataProdu                       1        1
    7 fileAction           -s file_close                             1        1
    8 fileAction           -s file_open                              2        2

 type    category    Examples: run/evt        run/evt          run/evt
 ---- -------------------- ---------------- ---------------- ----------------
    1 EnergyInDeadEB_FE    1/240                             
    2 InvalidHelix         1/205            1/247            
    3 InvalidHelix         1/202                             
    4 InvalidHelix         1/202                             
    5 InvalidHelix         1/205            1/238            
    6 InvalidInputTag      1/203                             
    7 fileAction           PostGlobalEndRun                  
    8 fileAction           pre-events       pre-events       

Severity    # Occurrences   Total Occurrences
--------    -------------   -----------------
Warning                 8                   8
System                  3                   3

dropped waiting message count 0
