000 (7312074.000.000) 06/14 14:45:38 Job submitted from host: <137.138.44.75:9618?addrs=137.138.44.75-9618+[2001-1458-d00-1a--b]-9618&alias=bigbird14.cern.ch&noUDP&sock=schedd_3149486_02ef>
...
040 (7312074.000.000) 06/14 15:40:10 Started transferring input files
	Transferring to host: <188.184.182.134:9618?addrs=188.184.182.134-9618+[2001-1458-301-2b--100-2f3]-9618&alias=b7g41n8420.cern.ch&noUDP&sock=slot1_2_4949_c4a2_31655>
...
040 (7312074.000.000) 06/14 15:40:10 Finished transferring input files
...
001 (7312074.000.000) 06/14 15:40:11 Job executing on host: <188.184.182.134:9618?addrs=188.184.182.134-9618+[2001-1458-301-2b--100-2f3]-9618&alias=b7g41n8420.cern.ch&noUDP&sock=startd_4910_6e19>
...
006 (7312074.000.000) 06/14 15:40:20 Image size of job updated: 27192
	14  -  MemoryUsage of job (MB)
	14060  -  ResidentSetSize of job (KB)
...
006 (7312074.000.000) 06/14 15:45:20 Image size of job updated: 2259380
	1354  -  MemoryUsage of job (MB)
	1386156  -  ResidentSetSize of job (KB)
...
006 (7312074.000.000) 06/14 15:48:02 Image size of job updated: 2410932
	1354  -  MemoryUsage of job (MB)
	1386156  -  ResidentSetSize of job (KB)
...
040 (7312074.000.000) 06/14 15:48:02 Started transferring output files
...
040 (7312074.000.000) 06/14 15:48:02 Finished transferring output files
...
005 (7312074.000.000) 06/14 15:48:02 Job terminated.
	(1) Normal termination (return value 0)
		Usr 0 00:06:29, Sys 0 00:00:10  -  Run Remote Usage
		Usr 0 00:00:00, Sys 0 00:00:00  -  Run Local Usage
		Usr 0 00:06:29, Sys 0 00:00:10  -  Total Remote Usage
		Usr 0 00:00:00, Sys 0 00:00:00  -  Total Local Usage
	15655  -  Run Bytes Sent By Job
	431  -  Run Bytes Received By Job
	15655  -  Total Bytes Sent By Job
	431  -  Total Bytes Received By Job
	Partitionable Resources :    Usage  Request Allocated 
	   Cpus                 :     0.56        1         1 
	   Disk (KB)            :    36           1    342408 
	   Memory (MB)          :  1354        2000      2000 

	Job terminated of its own accord at 2021-06-14T13:48:02Z.
...
