14-Jun-2021 15:40:27 CEST  Initiating request to open file file:/eos/cms/store/user/tsarkar/DIGIPremix_Condor_output_Vector_MonoZLL_NLO_Mphi-500_Mchi-150_gSM-0p25_gDM-1p0_ctau1p0/step_DIGIPremix_2017UL_13.root
14-Jun-2021 15:40:31 CEST  Successfully opened file file:/eos/cms/store/user/tsarkar/DIGIPremix_Condor_output_Vector_MonoZLL_NLO_Mphi-500_Mchi-150_gSM-0p25_gDM-1p0_ctau1p0/step_DIGIPremix_2017UL_13.root
Begin processing the 1st record. Run 1, Event 951, LumiSection 20 at 14-Jun-2021 15:42:14.160 CEST
Begin processing the 2nd record. Run 1, Event 954, LumiSection 20 at 14-Jun-2021 15:42:20.978 CEST
Begin processing the 3rd record. Run 1, Event 952, LumiSection 20 at 14-Jun-2021 15:42:22.204 CEST
Begin processing the 4th record. Run 1, Event 953, LumiSection 20 at 14-Jun-2021 15:42:26.137 CEST
%MSG-w InvalidHelix:   SeedCreatorFromRegionConsecutiveHitsEDProducer:hltFullIter9TobTecSeedsPair  14-Jun-2021 15:42:28 CEST Run: 1 Event: 953
PixelClusterShapeSeedComparitor helix is not valid, result is bad
%MSG
Begin processing the 5th record. Run 1, Event 955, LumiSection 20 at 14-Jun-2021 15:42:28.558 CEST
Begin processing the 6th record. Run 1, Event 957, LumiSection 20 at 14-Jun-2021 15:42:31.359 CEST
Begin processing the 7th record. Run 1, Event 956, LumiSection 20 at 14-Jun-2021 15:42:37.640 CEST
Begin processing the 8th record. Run 1, Event 961, LumiSection 20 at 14-Jun-2021 15:42:42.838 CEST
Begin processing the 9th record. Run 1, Event 960, LumiSection 20 at 14-Jun-2021 15:42:54.736 CEST
%MSG-w InvalidHelix:   SeedCreatorFromRegionConsecutiveHitsEDProducer:hltIter2HighPtTkMuPixelSeeds  14-Jun-2021 15:43:04 CEST Run: 1 Event: 960
PixelClusterShapeSeedComparitor helix is not valid, result is bad
%MSG
Begin processing the 10th record. Run 1, Event 963, LumiSection 20 at 14-Jun-2021 15:43:04.626 CEST
Begin processing the 11th record. Run 1, Event 959, LumiSection 20 at 14-Jun-2021 15:43:09.525 CEST
%MSG-w InvalidInputTag:  CSCHaloDataProducer:hltCSCHaloData  14-Jun-2021 15:43:13 CEST Run: 1 Event: 959
 The Cosmic Muon collection does not appear to be in the event. These beam halo  identification variables will be empty
%MSG
Begin processing the 12th record. Run 1, Event 958, LumiSection 20 at 14-Jun-2021 15:43:13.598 CEST
Begin processing the 13th record. Run 1, Event 962, LumiSection 20 at 14-Jun-2021 15:43:22.672 CEST
Begin processing the 14th record. Run 1, Event 964, LumiSection 20 at 14-Jun-2021 15:43:34.866 CEST
Begin processing the 15th record. Run 1, Event 966, LumiSection 20 at 14-Jun-2021 15:43:42.497 CEST
Begin processing the 16th record. Run 1, Event 965, LumiSection 20 at 14-Jun-2021 15:43:52.051 CEST
Begin processing the 17th record. Run 1, Event 967, LumiSection 20 at 14-Jun-2021 15:44:00.529 CEST
Begin processing the 18th record. Run 1, Event 968, LumiSection 20 at 14-Jun-2021 15:44:02.006 CEST
Begin processing the 19th record. Run 1, Event 971, LumiSection 20 at 14-Jun-2021 15:44:07.452 CEST
Begin processing the 20th record. Run 1, Event 972, LumiSection 20 at 14-Jun-2021 15:44:10.413 CEST
%MSG-w InvalidHelix:   SeedCreatorFromRegionConsecutiveHitsEDProducer:hltFullIter9TobTecSeedsTripl  14-Jun-2021 15:44:18 CEST Run: 1 Event: 972
PixelClusterShapeSeedComparitor helix is not valid, result is bad
%MSG
%MSG-w InvalidHelix:   SeedCreatorFromRegionConsecutiveHitsEDProducer:hltFullIter9TobTecSeedsTripl  14-Jun-2021 15:44:18 CEST Run: 1 Event: 972
PixelClusterShapeSeedComparitor helix is not valid, result is bad
%MSG
Begin processing the 21st record. Run 1, Event 969, LumiSection 20 at 14-Jun-2021 15:44:19.394 CEST
Begin processing the 22nd record. Run 1, Event 975, LumiSection 20 at 14-Jun-2021 15:44:22.780 CEST
Begin processing the 23rd record. Run 1, Event 973, LumiSection 20 at 14-Jun-2021 15:44:23.504 CEST
Begin processing the 24th record. Run 1, Event 974, LumiSection 20 at 14-Jun-2021 15:44:36.852 CEST
Begin processing the 25th record. Run 1, Event 970, LumiSection 20 at 14-Jun-2021 15:44:40.087 CEST
Begin processing the 26th record. Run 1, Event 977, LumiSection 20 at 14-Jun-2021 15:44:48.704 CEST
Begin processing the 27th record. Run 1, Event 980, LumiSection 20 at 14-Jun-2021 15:44:55.457 CEST
Begin processing the 28th record. Run 1, Event 979, LumiSection 20 at 14-Jun-2021 15:44:56.299 CEST
Begin processing the 29th record. Run 1, Event 978, LumiSection 20 at 14-Jun-2021 15:44:59.706 CEST
Begin processing the 30th record. Run 1, Event 976, LumiSection 20 at 14-Jun-2021 15:45:09.046 CEST
Begin processing the 31st record. Run 1, Event 982, LumiSection 20 at 14-Jun-2021 15:45:13.624 CEST
Begin processing the 32nd record. Run 1, Event 981, LumiSection 20 at 14-Jun-2021 15:45:17.061 CEST
Begin processing the 33rd record. Run 1, Event 983, LumiSection 20 at 14-Jun-2021 15:45:24.265 CEST
%MSG-w InvalidHelix:   SeedCreatorFromRegionConsecutiveHitsEDProducer:hltFullIter9TobTecSeedsTripl  14-Jun-2021 15:45:35 CEST Run: 1 Event: 983
PixelClusterShapeSeedComparitor helix is not valid, result is bad
%MSG
Begin processing the 34th record. Run 1, Event 985, LumiSection 20 at 14-Jun-2021 15:45:36.467 CEST
Begin processing the 35th record. Run 1, Event 988, LumiSection 20 at 14-Jun-2021 15:45:37.639 CEST
Begin processing the 36th record. Run 1, Event 986, LumiSection 20 at 14-Jun-2021 15:45:39.223 CEST
%MSG-w InvalidHelix:   SeedCreatorFromRegionConsecutiveHitsEDProducer:hltFullIter9TobTecSeedsTripl  14-Jun-2021 15:45:46 CEST Run: 1 Event: 986
PixelClusterShapeSeedComparitor helix is not valid, result is bad
%MSG
Begin processing the 37th record. Run 1, Event 987, LumiSection 20 at 14-Jun-2021 15:45:47.896 CEST
Begin processing the 38th record. Run 1, Event 984, LumiSection 20 at 14-Jun-2021 15:45:52.832 CEST
Begin processing the 39th record. Run 1, Event 989, LumiSection 20 at 14-Jun-2021 15:45:58.844 CEST
Begin processing the 40th record. Run 1, Event 991, LumiSection 20 at 14-Jun-2021 15:46:00.787 CEST
Begin processing the 41st record. Run 1, Event 990, LumiSection 20 at 14-Jun-2021 15:46:09.768 CEST
Begin processing the 42nd record. Run 1, Event 992, LumiSection 20 at 14-Jun-2021 15:46:22.296 CEST
Begin processing the 43rd record. Run 1, Event 993, LumiSection 20 at 14-Jun-2021 15:46:26.832 CEST
Begin processing the 44th record. Run 1, Event 995, LumiSection 20 at 14-Jun-2021 15:46:30.999 CEST
Begin processing the 45th record. Run 1, Event 994, LumiSection 20 at 14-Jun-2021 15:46:32.788 CEST
Begin processing the 46th record. Run 1, Event 998, LumiSection 20 at 14-Jun-2021 15:46:37.805 CEST
Begin processing the 47th record. Run 1, Event 996, LumiSection 20 at 14-Jun-2021 15:46:47.529 CEST
Begin processing the 48th record. Run 1, Event 1000, LumiSection 20 at 14-Jun-2021 15:46:59.258 CEST
Begin processing the 49th record. Run 1, Event 997, LumiSection 20 at 14-Jun-2021 15:47:07.510 CEST
Begin processing the 50th record. Run 1, Event 999, LumiSection 20 at 14-Jun-2021 15:47:20.293 CEST
14-Jun-2021 15:47:24 CEST  Closed file file:/eos/cms/store/user/tsarkar/DIGIPremix_Condor_output_Vector_MonoZLL_NLO_Mphi-500_Mchi-150_gSM-0p25_gDM-1p0_ctau1p0/step_DIGIPremix_2017UL_13.root

=============================================

MessageLogger Summary

 type     category        sev    module        subroutine        count    total
 ---- -------------------- -- ---------------- ----------------  -----    -----
    1 InvalidHelix         -w SeedCreatorFromR                       1        1
    2 InvalidHelix         -w SeedCreatorFromR                       4        4
    3 InvalidHelix         -w SeedCreatorFromR                       1        1
    4 InvalidInputTag      -w CSCHaloDataProdu                       1        1
    5 fileAction           -s file_close                             1        1
    6 fileAction           -s file_open                              2        2

 type    category    Examples: run/evt        run/evt          run/evt
 ---- -------------------- ---------------- ---------------- ----------------
    1 InvalidHelix         1/953                             
    2 InvalidHelix         1/972            1/972            1/986
    3 InvalidHelix         1/960                             
    4 InvalidInputTag      1/959                             
    5 fileAction           PostGlobalEndRun                  
    6 fileAction           pre-events       pre-events       

Severity    # Occurrences   Total Occurrences
--------    -------------   -----------------
Warning                 7                   7
System                  3                   3

dropped waiting message count 0
