14-Jun-2021 15:40:35 CEST  Initiating request to open file file:/eos/cms/store/user/tsarkar/DIGIPremix_Condor_output_Vector_MonoZLL_NLO_Mphi-500_Mchi-150_gSM-0p25_gDM-1p0_ctau1p0/step_DIGIPremix_2017UL_17.root
14-Jun-2021 15:40:38 CEST  Successfully opened file file:/eos/cms/store/user/tsarkar/DIGIPremix_Condor_output_Vector_MonoZLL_NLO_Mphi-500_Mchi-150_gSM-0p25_gDM-1p0_ctau1p0/step_DIGIPremix_2017UL_17.root
Begin processing the 1st record. Run 1, Event 251, LumiSection 6 at 14-Jun-2021 15:42:12.161 CEST
Begin processing the 2nd record. Run 1, Event 253, LumiSection 6 at 14-Jun-2021 15:42:20.782 CEST
Begin processing the 3rd record. Run 1, Event 254, LumiSection 6 at 14-Jun-2021 15:42:24.572 CEST
%MSG-w BasicTrajectoryState:   TrackProducer:hltIter2ElectronsCtfWithMaterialTracks 14-Jun-2021 15:42:26 CEST  Run: 1 Event: 254
curv error not pos-def
[  1.07759e+07    -10.2548     -234362     -4.9078   0.0111261
      -10.2548 0.000328751    0.223048 7.89334e-05  0.00120389
       -234362    0.223048     5097.07    0.106033-0.000163635
       -4.9078 7.89334e-05    0.106033 -0.00254661 0.000282344
     0.0111261  0.00120389-0.000163635 0.000282344  0.00458303 ]
pos/mom/mf  (-3.04241,-6.26499,-2.10689)   (-20.2191,-42.535,-15.6695)   (2.65994e-05,5.4774e-05,3.81122) 
%MSG
%MSG-w BasicTrajectoryState:   TrackProducer:hltIter2ElectronsCtfWithMaterialTracks 14-Jun-2021 15:42:26 CEST  Run: 1 Event: 254
local error not pos-def
[  1.07759e+07      236757     -7903.1     4.93278   -0.176624
        236757     5201.79    -173.639    0.107661 -0.00377362
       -7903.1    -173.639     5.79656 -0.00351046  0.00153966
       4.93278    0.107661 -0.00351046 -0.00257261 0.000385003
     -0.176624 -0.00377362  0.00153966 0.000385003  0.00506765 ]
pos/mom/mf  (-3.04241,-6.26499,-2.10689)   (-20.2191,-42.535,-15.6695)   (2.65994e-05,5.4774e-05,3.81122) 
%MSG
Begin processing the 4th record. Run 1, Event 256, LumiSection 6 at 14-Jun-2021 15:42:26.423 CEST
Begin processing the 5th record. Run 1, Event 252, LumiSection 6 at 14-Jun-2021 15:42:27.870 CEST
Begin processing the 6th record. Run 1, Event 259, LumiSection 6 at 14-Jun-2021 15:42:28.792 CEST
Begin processing the 7th record. Run 1, Event 255, LumiSection 6 at 14-Jun-2021 15:42:31.019 CEST
Begin processing the 8th record. Run 1, Event 261, LumiSection 6 at 14-Jun-2021 15:42:46.545 CEST
Begin processing the 9th record. Run 1, Event 257, LumiSection 6 at 14-Jun-2021 15:42:52.884 CEST
%MSG-w InvalidInputTag:  CSCHaloDataProducer:hltCSCHaloData  14-Jun-2021 15:43:11 CEST Run: 1 Event: 257
 The Cosmic Muon collection does not appear to be in the event. These beam halo  identification variables will be empty
%MSG
Begin processing the 10th record. Run 1, Event 260, LumiSection 6 at 14-Jun-2021 15:43:12.273 CEST
Begin processing the 11th record. Run 1, Event 262, LumiSection 6 at 14-Jun-2021 15:43:14.529 CEST
Begin processing the 12th record. Run 1, Event 258, LumiSection 6 at 14-Jun-2021 15:43:17.099 CEST
Begin processing the 13th record. Run 1, Event 263, LumiSection 6 at 14-Jun-2021 15:43:21.917 CEST
Begin processing the 14th record. Run 1, Event 265, LumiSection 6 at 14-Jun-2021 15:43:30.208 CEST
%MSG-w InvalidHelix:   SeedCreatorFromRegionConsecutiveHitsEDProducer:hltFullIter9TobTecSeedsTripl  14-Jun-2021 15:43:38 CEST Run: 1 Event: 265
PixelClusterShapeSeedComparitor helix is not valid, result is bad
%MSG
Begin processing the 15th record. Run 1, Event 264, LumiSection 6 at 14-Jun-2021 15:43:39.436 CEST
Begin processing the 16th record. Run 1, Event 267, LumiSection 6 at 14-Jun-2021 15:43:41.075 CEST
Begin processing the 17th record. Run 1, Event 266, LumiSection 6 at 14-Jun-2021 15:43:42.273 CEST
Begin processing the 18th record. Run 1, Event 268, LumiSection 6 at 14-Jun-2021 15:43:43.861 CEST
Begin processing the 19th record. Run 1, Event 270, LumiSection 6 at 14-Jun-2021 15:43:45.870 CEST
Begin processing the 20th record. Run 1, Event 271, LumiSection 6 at 14-Jun-2021 15:43:49.152 CEST
Begin processing the 21st record. Run 1, Event 274, LumiSection 6 at 14-Jun-2021 15:44:03.047 CEST
Begin processing the 22nd record. Run 1, Event 269, LumiSection 6 at 14-Jun-2021 15:44:05.907 CEST
Begin processing the 23rd record. Run 1, Event 273, LumiSection 6 at 14-Jun-2021 15:44:08.843 CEST
Begin processing the 24th record. Run 1, Event 277, LumiSection 6 at 14-Jun-2021 15:44:12.242 CEST
Begin processing the 25th record. Run 1, Event 275, LumiSection 6 at 14-Jun-2021 15:44:20.078 CEST
Begin processing the 26th record. Run 1, Event 272, LumiSection 6 at 14-Jun-2021 15:44:20.853 CEST
%MSG-w InvalidHelix:   SeedCreatorFromRegionConsecutiveHitsEDProducer:hltFullIter9TobTecSeedsPair  14-Jun-2021 15:44:24 CEST Run: 1 Event: 272
PixelClusterShapeSeedComparitor helix is not valid, result is bad
%MSG
Begin processing the 27th record. Run 1, Event 276, LumiSection 6 at 14-Jun-2021 15:44:25.121 CEST
%MSG-e TrajectoryNotPosDef:   TrackProducer:hltIter2ElectronsCtfWithMaterialTracks 14-Jun-2021 15:44:26 CEST  Run: 1 Event: 276
Trajectory covariance is not positive-definite
%MSG
Begin processing the 28th record. Run 1, Event 278, LumiSection 6 at 14-Jun-2021 15:44:28.505 CEST
Begin processing the 29th record. Run 1, Event 282, LumiSection 6 at 14-Jun-2021 15:44:30.227 CEST
Begin processing the 30th record. Run 1, Event 281, LumiSection 6 at 14-Jun-2021 15:44:32.997 CEST
Begin processing the 31st record. Run 1, Event 283, LumiSection 6 at 14-Jun-2021 15:44:39.364 CEST
Begin processing the 32nd record. Run 1, Event 280, LumiSection 6 at 14-Jun-2021 15:44:40.371 CEST
Begin processing the 33rd record. Run 1, Event 279, LumiSection 6 at 14-Jun-2021 15:44:42.353 CEST
Begin processing the 34th record. Run 1, Event 285, LumiSection 6 at 14-Jun-2021 15:44:58.655 CEST
Begin processing the 35th record. Run 1, Event 284, LumiSection 6 at 14-Jun-2021 15:45:05.819 CEST
Begin processing the 36th record. Run 1, Event 286, LumiSection 6 at 14-Jun-2021 15:45:10.219 CEST
Begin processing the 37th record. Run 1, Event 288, LumiSection 6 at 14-Jun-2021 15:45:16.780 CEST
Begin processing the 38th record. Run 1, Event 291, LumiSection 6 at 14-Jun-2021 15:45:19.266 CEST
Begin processing the 39th record. Run 1, Event 287, LumiSection 6 at 14-Jun-2021 15:45:20.410 CEST
Begin processing the 40th record. Run 1, Event 289, LumiSection 6 at 14-Jun-2021 15:45:24.003 CEST
Begin processing the 41st record. Run 1, Event 290, LumiSection 6 at 14-Jun-2021 15:45:29.065 CEST
%MSG-w InvalidHelix:   SeedCreatorFromRegionConsecutiveHitsEDProducer:hltFullIter9TobTecSeedsPair  14-Jun-2021 15:45:47 CEST Run: 1 Event: 290
PixelClusterShapeSeedComparitor helix is not valid, result is bad
%MSG
%MSG-w InvalidHelix:   SeedCreatorFromRegionConsecutiveHitsEDProducer:hltFullIter9TobTecSeedsPair  14-Jun-2021 15:45:47 CEST Run: 1 Event: 290
PixelClusterShapeSeedComparitor helix is not valid, result is bad
%MSG
Begin processing the 42nd record. Run 1, Event 292, LumiSection 6 at 14-Jun-2021 15:45:49.311 CEST
Begin processing the 43rd record. Run 1, Event 294, LumiSection 6 at 14-Jun-2021 15:45:53.174 CEST
Begin processing the 44th record. Run 1, Event 293, LumiSection 6 at 14-Jun-2021 15:45:54.885 CEST
Begin processing the 45th record. Run 1, Event 295, LumiSection 6 at 14-Jun-2021 15:46:05.897 CEST
Begin processing the 46th record. Run 1, Event 296, LumiSection 6 at 14-Jun-2021 15:46:11.740 CEST
Begin processing the 47th record. Run 1, Event 299, LumiSection 6 at 14-Jun-2021 15:46:32.267 CEST
Begin processing the 48th record. Run 1, Event 297, LumiSection 6 at 14-Jun-2021 15:46:37.431 CEST
Begin processing the 49th record. Run 1, Event 300, LumiSection 6 at 14-Jun-2021 15:46:39.889 CEST
Begin processing the 50th record. Run 1, Event 298, LumiSection 6 at 14-Jun-2021 15:46:42.063 CEST
14-Jun-2021 15:46:46 CEST  Closed file file:/eos/cms/store/user/tsarkar/DIGIPremix_Condor_output_Vector_MonoZLL_NLO_Mphi-500_Mchi-150_gSM-0p25_gDM-1p0_ctau1p0/step_DIGIPremix_2017UL_17.root

=============================================

MessageLogger Summary

 type     category        sev    module        subroutine        count    total
 ---- -------------------- -- ---------------- ----------------  -----    -----
    1 BasicTrajectoryState -w TrackProducer:hl                       2        2
    2 InvalidHelix         -w SeedCreatorFromR                       3        3
    3 InvalidHelix         -w SeedCreatorFromR                       1        1
    4 InvalidInputTag      -w CSCHaloDataProdu                       1        1
    5 TrajectoryNotPosDef  -e TrackProducer:hl                       1        1
    6 fileAction           -s file_close                             1        1
    7 fileAction           -s file_open                              2        2

 type    category    Examples: run/evt        run/evt          run/evt
 ---- -------------------- ---------------- ---------------- ----------------
    1 BasicTrajectoryState 1/254            1/254            
    2 InvalidHelix         1/272            1/290            1/290
    3 InvalidHelix         1/265                             
    4 InvalidInputTag      1/257                             
    5 TrajectoryNotPosDef  1/276                             
    6 fileAction           PostGlobalEndRun                  
    7 fileAction           pre-events       pre-events       

Severity    # Occurrences   Total Occurrences
--------    -------------   -----------------
Warning                 7                   7
Error                   1                   1
System                  3                   3

dropped waiting message count 0
