000 (7312081.000.000) 06/14 14:45:48 Job submitted from host: <137.138.44.75:9618?addrs=137.138.44.75-9618+[2001-1458-d00-1a--b]-9618&alias=bigbird14.cern.ch&noUDP&sock=schedd_3149486_02ef>
...
040 (7312081.000.000) 06/14 15:39:57 Started transferring input files
	Transferring to host: <188.184.212.247:9618?addrs=188.184.212.247-9618+[2001-1458-301-10c--100-dc]-9618&alias=b7g24n0448.cern.ch&noUDP&sock=slot1_3_23405_b091_91209>
...
040 (7312081.000.000) 06/14 15:39:57 Finished transferring input files
...
001 (7312081.000.000) 06/14 15:39:58 Job executing on host: <188.184.212.247:9618?addrs=188.184.212.247-9618+[2001-1458-301-10c--100-dc]-9618&alias=b7g24n0448.cern.ch&noUDP&sock=startd_5691_2191>
...
006 (7312081.000.000) 06/14 15:40:07 Image size of job updated: 241640
	15  -  MemoryUsage of job (MB)
	14676  -  ResidentSetSize of job (KB)
...
006 (7312081.000.000) 06/14 15:45:08 Image size of job updated: 2230452
	1288  -  MemoryUsage of job (MB)
	1318160  -  ResidentSetSize of job (KB)
...
006 (7312081.000.000) 06/14 15:48:21 Image size of job updated: 2418884
	1288  -  MemoryUsage of job (MB)
	1318160  -  ResidentSetSize of job (KB)
...
040 (7312081.000.000) 06/14 15:48:21 Started transferring output files
...
040 (7312081.000.000) 06/14 15:48:21 Finished transferring output files
...
005 (7312081.000.000) 06/14 15:48:21 Job terminated.
	(1) Normal termination (return value 0)
		Usr 0 00:06:38, Sys 0 00:00:09  -  Run Remote Usage
		Usr 0 00:00:00, Sys 0 00:00:00  -  Run Local Usage
		Usr 0 00:06:38, Sys 0 00:00:09  -  Total Remote Usage
		Usr 0 00:00:00, Sys 0 00:00:00  -  Total Local Usage
	14024  -  Run Bytes Sent By Job
	431  -  Run Bytes Received By Job
	14024  -  Total Bytes Sent By Job
	431  -  Total Bytes Received By Job
	Partitionable Resources :    Usage  Request Allocated 
	   Cpus                 :     1.00        1         1 
	   Disk (KB)            :    34           1    280724 
	   Memory (MB)          :  1288        2000      2000 

	Job terminated of its own accord at 2021-06-14T13:48:21Z.
...
