000 (7312068.000.000) 06/14 14:45:30 Job submitted from host: <137.138.44.75:9618?addrs=137.138.44.75-9618+[2001-1458-d00-1a--b]-9618&alias=bigbird14.cern.ch&noUDP&sock=schedd_3149486_02ef>
...
040 (7312068.000.000) 06/14 15:39:52 Started transferring input files
	Transferring to host: <188.184.196.243:9618?addrs=188.184.196.243-9618+[2001-1458-301-102--100-f7]-9618&alias=b7g24n0476.cern.ch&noUDP&sock=slot1_4_3191_191b_38335>
...
040 (7312068.000.000) 06/14 15:39:52 Finished transferring input files
...
001 (7312068.000.000) 06/14 15:39:53 Job executing on host: <188.184.196.243:9618?addrs=188.184.196.243-9618+[2001-1458-301-102--100-f7]-9618&alias=b7g24n0476.cern.ch&noUDP&sock=startd_2838_35de>
...
006 (7312068.000.000) 06/14 15:40:02 Image size of job updated: 26728
	14  -  MemoryUsage of job (MB)
	13596  -  ResidentSetSize of job (KB)
...
006 (7312068.000.000) 06/14 15:45:02 Image size of job updated: 2354332
	1244  -  MemoryUsage of job (MB)
	1273480  -  ResidentSetSize of job (KB)
...
006 (7312068.000.000) 06/14 15:48:33 Image size of job updated: 2489500
	1244  -  MemoryUsage of job (MB)
	1273480  -  ResidentSetSize of job (KB)
...
040 (7312068.000.000) 06/14 15:48:33 Started transferring output files
...
040 (7312068.000.000) 06/14 15:48:33 Finished transferring output files
...
005 (7312068.000.000) 06/14 15:48:33 Job terminated.
	(1) Normal termination (return value 0)
		Usr 0 00:07:06, Sys 0 00:00:09  -  Run Remote Usage
		Usr 0 00:00:00, Sys 0 00:00:00  -  Run Local Usage
		Usr 0 00:07:06, Sys 0 00:00:09  -  Total Remote Usage
		Usr 0 00:00:00, Sys 0 00:00:00  -  Total Local Usage
	15815  -  Run Bytes Sent By Job
	430  -  Run Bytes Received By Job
	15815  -  Total Bytes Sent By Job
	430  -  Total Bytes Received By Job
	Partitionable Resources :    Usage  Request Allocated 
	   Cpus                 :     0.51        1         1 
	   Disk (KB)            :    36           1    269113 
	   Memory (MB)          :  1244        2000      2000 

	Job terminated of its own accord at 2021-06-14T13:48:33Z.
...
