000 (7312073.000.000) 06/14 14:45:36 Job submitted from host: <137.138.44.75:9618?addrs=137.138.44.75-9618+[2001-1458-d00-1a--b]-9618&alias=bigbird14.cern.ch&noUDP&sock=schedd_3149486_02ef>
...
040 (7312073.000.000) 06/14 15:46:08 Started transferring input files
	Transferring to host: <188.184.190.18:9618?addrs=188.184.190.18-9618+[2001-1458-301-4b--100-23]-9618&alias=b7g42n0122.cern.ch&noUDP&sock=slot1_6_2902_78af_92169>
...
040 (7312073.000.000) 06/14 15:46:08 Finished transferring input files
...
001 (7312073.000.000) 06/14 15:46:09 Job executing on host: <188.184.190.18:9618?addrs=188.184.190.18-9618+[2001-1458-301-4b--100-23]-9618&alias=b7g42n0122.cern.ch&noUDP&sock=startd_5603_c53b>
...
006 (7312073.000.000) 06/14 15:46:18 Image size of job updated: 254892
	74  -  MemoryUsage of job (MB)
	74828  -  ResidentSetSize of job (KB)
...
006 (7312073.000.000) 06/14 15:51:19 Image size of job updated: 2416572
	1244  -  MemoryUsage of job (MB)
	1273084  -  ResidentSetSize of job (KB)
...
040 (7312073.000.000) 06/14 15:52:57 Started transferring output files
...
040 (7312073.000.000) 06/14 15:52:57 Finished transferring output files
...
005 (7312073.000.000) 06/14 15:52:57 Job terminated.
	(1) Normal termination (return value 0)
		Usr 0 00:06:10, Sys 0 00:00:10  -  Run Remote Usage
		Usr 0 00:00:00, Sys 0 00:00:00  -  Run Local Usage
		Usr 0 00:06:10, Sys 0 00:00:10  -  Total Remote Usage
		Usr 0 00:00:00, Sys 0 00:00:00  -  Total Local Usage
	18818  -  Run Bytes Sent By Job
	431  -  Run Bytes Received By Job
	18818  -  Total Bytes Sent By Job
	431  -  Total Bytes Received By Job
	Partitionable Resources :    Usage  Request Allocated 
	   Cpus                 :                 1         1 
	   Disk (KB)            :       33        1    283100 
	   Memory (MB)          :     1244     2000      2000 

	Job terminated of its own accord at 2021-06-14T13:52:57Z.
...
