000 (7304703.000.000) 06/13 19:13:24 Job submitted from host: <137.138.44.75:9618?addrs=137.138.44.75-9618+[2001-1458-d00-1a--b]-9618&alias=bigbird14.cern.ch&noUDP&sock=schedd_3149486_02ef>
...
040 (7304703.000.000) 06/13 19:17:54 Started transferring input files
	Transferring to host: <188.184.213.171:9618?addrs=188.184.213.171-9618+[2001-1458-301-10c--100-19d]-9618&alias=b7g24n0660.cern.ch&noUDP&sock=slot1_2_3179_a49a_42953>
...
040 (7304703.000.000) 06/13 19:17:54 Finished transferring input files
...
001 (7304703.000.000) 06/13 19:17:55 Job executing on host: <188.184.213.171:9618?addrs=188.184.213.171-9618+[2001-1458-301-10c--100-19d]-9618&alias=b7g24n0660.cern.ch&noUDP&sock=startd_2838_35de>
...
006 (7304703.000.000) 06/13 19:18:04 Image size of job updated: 131144
	69  -  MemoryUsage of job (MB)
	70488  -  ResidentSetSize of job (KB)
...
006 (7304703.000.000) 06/13 19:23:05 Image size of job updated: 1545708
	630  -  MemoryUsage of job (MB)
	644392  -  ResidentSetSize of job (KB)
...
006 (7304703.000.000) 06/13 19:28:05 Image size of job updated: 1676780
	714  -  MemoryUsage of job (MB)
	730928  -  ResidentSetSize of job (KB)
...
040 (7304703.000.000) 06/13 19:31:00 Started transferring output files
...
040 (7304703.000.000) 06/13 19:31:00 Finished transferring output files
...
005 (7304703.000.000) 06/13 19:31:00 Job terminated.
	(1) Normal termination (return value 0)
		Usr 0 00:29:36, Sys 0 00:00:13  -  Run Remote Usage
		Usr 0 00:00:00, Sys 0 00:00:00  -  Run Local Usage
		Usr 0 00:29:36, Sys 0 00:00:13  -  Total Remote Usage
		Usr 0 00:00:00, Sys 0 00:00:00  -  Total Local Usage
	12862  -  Run Bytes Sent By Job
	423  -  Run Bytes Received By Job
	12862  -  Total Bytes Sent By Job
	423  -  Total Bytes Received By Job
	Partitionable Resources :    Usage  Request Allocated 
	   Cpus                 :     2.58        1         1 
	   Disk (KB)            :    33           1    298075 
	   Memory (MB)          :   714        2000      2000 

	Job terminated of its own accord at 2021-06-13T17:31:00Z.
...
