000 (7304701.000.000) 06/13 19:13:22 Job submitted from host: <137.138.44.75:9618?addrs=137.138.44.75-9618+[2001-1458-d00-1a--b]-9618&alias=bigbird14.cern.ch&noUDP&sock=schedd_3149486_02ef>
...
040 (7304701.000.000) 06/13 19:17:53 Started transferring input files
	Transferring to host: <188.184.138.166:9618?addrs=188.184.138.166-9618+[2001-1458-301-45--100-88]-9618&alias=b7g42n0319.cern.ch&noUDP&sock=slot1_7_4442_8a6e_36953>
...
040 (7304701.000.000) 06/13 19:17:53 Finished transferring input files
...
001 (7304701.000.000) 06/13 19:17:54 Job executing on host: <188.184.138.166:9618?addrs=188.184.138.166-9618+[2001-1458-301-45--100-88]-9618&alias=b7g42n0319.cern.ch&noUDP&sock=startd_3712_b3a4>
...
006 (7304701.000.000) 06/13 19:18:04 Image size of job updated: 124032
	63  -  MemoryUsage of job (MB)
	63736  -  ResidentSetSize of job (KB)
...
006 (7304701.000.000) 06/13 19:23:05 Image size of job updated: 1668816
	645  -  MemoryUsage of job (MB)
	659928  -  ResidentSetSize of job (KB)
...
006 (7304701.000.000) 06/13 19:26:58 Image size of job updated: 1742584
	645  -  MemoryUsage of job (MB)
	659928  -  ResidentSetSize of job (KB)
...
040 (7304701.000.000) 06/13 19:26:58 Started transferring output files
...
040 (7304701.000.000) 06/13 19:26:58 Finished transferring output files
...
005 (7304701.000.000) 06/13 19:26:58 Job terminated.
	(1) Normal termination (return value 0)
		Usr 0 00:27:07, Sys 0 00:00:09  -  Run Remote Usage
		Usr 0 00:00:00, Sys 0 00:00:00  -  Run Local Usage
		Usr 0 00:27:07, Sys 0 00:00:09  -  Total Remote Usage
		Usr 0 00:00:00, Sys 0 00:00:00  -  Total Local Usage
	12860  -  Run Bytes Sent By Job
	423  -  Run Bytes Received By Job
	12860  -  Total Bytes Sent By Job
	423  -  Total Bytes Received By Job
	Partitionable Resources :    Usage  Request Allocated 
	   Cpus                 :     3.55        1         1 
	   Disk (KB)            :    33           1    293935 
	   Memory (MB)          :   645        2000      2000 

	Job terminated of its own accord at 2021-06-13T17:26:58Z.
...
