000 (7304706.000.000) 06/13 19:13:28 Job submitted from host: <137.138.44.75:9618?addrs=137.138.44.75-9618+[2001-1458-d00-1a--b]-9618&alias=bigbird14.cern.ch&noUDP&sock=schedd_3149486_02ef>
...
040 (7304706.000.000) 06/13 19:17:55 Started transferring input files
	Transferring to host: <188.184.139.19:9618?addrs=188.184.139.19-9618+[2001-1458-301-45--100-104]-9618&alias=b7g42n0552.cern.ch&noUDP&sock=slot1_7_2985_f3d2_42620>
...
040 (7304706.000.000) 06/13 19:17:56 Finished transferring input files
...
001 (7304706.000.000) 06/13 19:17:57 Job executing on host: <188.184.139.19:9618?addrs=188.184.139.19-9618+[2001-1458-301-45--100-104]-9618&alias=b7g42n0552.cern.ch&noUDP&sock=startd_2410_a355>
...
006 (7304706.000.000) 06/13 19:18:07 Image size of job updated: 41580
	27  -  MemoryUsage of job (MB)
	27096  -  ResidentSetSize of job (KB)
...
006 (7304706.000.000) 06/13 19:23:08 Image size of job updated: 1625320
	666  -  MemoryUsage of job (MB)
	681220  -  ResidentSetSize of job (KB)
...
006 (7304706.000.000) 06/13 19:25:51 Image size of job updated: 1797360
	666  -  MemoryUsage of job (MB)
	681220  -  ResidentSetSize of job (KB)
...
040 (7304706.000.000) 06/13 19:25:51 Started transferring output files
...
040 (7304706.000.000) 06/13 19:25:51 Finished transferring output files
...
005 (7304706.000.000) 06/13 19:25:51 Job terminated.
	(1) Normal termination (return value 0)
		Usr 0 00:26:09, Sys 0 00:00:29  -  Run Remote Usage
		Usr 0 00:00:00, Sys 0 00:00:00  -  Run Local Usage
		Usr 0 00:26:09, Sys 0 00:00:29  -  Total Remote Usage
		Usr 0 00:00:00, Sys 0 00:00:00  -  Total Local Usage
	12913  -  Run Bytes Sent By Job
	424  -  Run Bytes Received By Job
	12913  -  Total Bytes Sent By Job
	424  -  Total Bytes Received By Job
	Partitionable Resources :    Usage  Request Allocated 
	   Cpus                 :     1.97        1         1 
	   Disk (KB)            :    33           1    215146 
	   Memory (MB)          :   666        2000      2000 

	Job terminated of its own accord at 2021-06-13T17:25:51Z.
...
