000 (7304712.000.000) 06/13 19:13:41 Job submitted from host: <137.138.44.75:9618?addrs=137.138.44.75-9618+[2001-1458-d00-1a--b]-9618&alias=bigbird14.cern.ch&noUDP&sock=schedd_3149486_02ef>
...
040 (7304712.000.000) 06/13 19:17:57 Started transferring input files
	Transferring to host: <188.184.190.247:9618?addrs=188.184.190.247-9618+[2001-1458-301-4b--100-da]-9618&alias=b7g42n0499.cern.ch&noUDP&sock=slot1_8_4703_7058_37355>
...
040 (7304712.000.000) 06/13 19:17:57 Finished transferring input files
...
001 (7304712.000.000) 06/13 19:17:58 Job executing on host: <188.184.190.247:9618?addrs=188.184.190.247-9618+[2001-1458-301-4b--100-da]-9618&alias=b7g42n0499.cern.ch&noUDP&sock=startd_3800_0ff9>
...
006 (7304712.000.000) 06/13 19:18:07 Image size of job updated: 48232
	33  -  MemoryUsage of job (MB)
	33076  -  ResidentSetSize of job (KB)
...
006 (7304712.000.000) 06/13 19:23:07 Image size of job updated: 1651384
	638  -  MemoryUsage of job (MB)
	652564  -  ResidentSetSize of job (KB)
...
006 (7304712.000.000) 06/13 19:26:50 Image size of job updated: 1815268
	638  -  MemoryUsage of job (MB)
	652568  -  ResidentSetSize of job (KB)
...
040 (7304712.000.000) 06/13 19:26:50 Started transferring output files
...
040 (7304712.000.000) 06/13 19:26:50 Finished transferring output files
...
005 (7304712.000.000) 06/13 19:26:50 Job terminated.
	(1) Normal termination (return value 0)
		Usr 0 00:22:57, Sys 0 00:00:34  -  Run Remote Usage
		Usr 0 00:00:00, Sys 0 00:00:00  -  Run Local Usage
		Usr 0 00:22:57, Sys 0 00:00:34  -  Total Remote Usage
		Usr 0 00:00:00, Sys 0 00:00:00  -  Total Local Usage
	12914  -  Run Bytes Sent By Job
	424  -  Run Bytes Received By Job
	12914  -  Total Bytes Sent By Job
	424  -  Total Bytes Received By Job
	Partitionable Resources :    Usage  Request Allocated 
	   Cpus                 :                 1         1 
	   Disk (KB)            :       26        1    283127 
	   Memory (MB)          :      638     2000      2000 

	Job terminated of its own accord at 2021-06-13T17:26:50Z.
...
