000 (7304705.000.000) 06/13 19:13:26 Job submitted from host: <137.138.44.75:9618?addrs=137.138.44.75-9618+[2001-1458-d00-1a--b]-9618&alias=bigbird14.cern.ch&noUDP&sock=schedd_3149486_02ef>
...
040 (7304705.000.000) 06/13 19:17:54 Started transferring input files
	Transferring to host: <188.184.213.107:9618?addrs=188.184.213.107-9618+[2001-1458-301-10c--100-174]-9618&alias=b7g24n0602.cern.ch&noUDP&sock=slot1_2_3348_b801_49815>
...
040 (7304705.000.000) 06/13 19:17:54 Finished transferring input files
...
001 (7304705.000.000) 06/13 19:17:55 Job executing on host: <188.184.213.107:9618?addrs=188.184.213.107-9618+[2001-1458-301-10c--100-174]-9618&alias=b7g24n0602.cern.ch&noUDP&sock=startd_2877_f60f>
...
006 (7304705.000.000) 06/13 19:18:04 Image size of job updated: 419728
	29  -  MemoryUsage of job (MB)
	28972  -  ResidentSetSize of job (KB)
...
006 (7304705.000.000) 06/13 19:23:05 Image size of job updated: 1646816
	653  -  MemoryUsage of job (MB)
	668448  -  ResidentSetSize of job (KB)
...
006 (7304705.000.000) 06/13 19:26:47 Image size of job updated: 1761504
	653  -  MemoryUsage of job (MB)
	668456  -  ResidentSetSize of job (KB)
...
040 (7304705.000.000) 06/13 19:26:47 Started transferring output files
...
040 (7304705.000.000) 06/13 19:26:47 Finished transferring output files
...
005 (7304705.000.000) 06/13 19:26:47 Job terminated.
	(1) Normal termination (return value 0)
		Usr 0 00:29:04, Sys 0 00:00:09  -  Run Remote Usage
		Usr 0 00:00:00, Sys 0 00:00:00  -  Run Local Usage
		Usr 0 00:29:04, Sys 0 00:00:09  -  Total Remote Usage
		Usr 0 00:00:00, Sys 0 00:00:00  -  Total Local Usage
	12860  -  Run Bytes Sent By Job
	423  -  Run Bytes Received By Job
	12860  -  Total Bytes Sent By Job
	423  -  Total Bytes Received By Job
	Partitionable Resources :    Usage  Request Allocated 
	   Cpus                 :     3.57        1         1 
	   Disk (KB)            :    33           1    297885 
	   Memory (MB)          :   653        2000      2000 

	Job terminated of its own accord at 2021-06-13T17:26:47Z.
...
