%MSG-i ThreadStreamSetup:  (NoModuleName) 13-Jun-2021 19:18:03 CEST pre-events
setting # threads 4
setting # streams 4
%MSG
13-Jun-2021 19:18:11 CEST  Initiating request to open file file:/eos/cms/store/user/tsarkar/wgen_Vector_MonoZLL_NLO_Mphi-500_Mchi-150_gSM-0p25_gDM-1p0_ctau100p0/RunIISummer20UL17_wmLHEGEN/210607_154034/0000/step_wgen_7.root
13-Jun-2021 19:18:14 CEST  Successfully opened file file:/eos/cms/store/user/tsarkar/wgen_Vector_MonoZLL_NLO_Mphi-500_Mchi-150_gSM-0p25_gDM-1p0_ctau100p0/RunIISummer20UL17_wmLHEGEN/210607_154034/0000/step_wgen_7.root
Begin processing the 1st record. Run 1, Event 301, LumiSection 7 on stream 0 at 13-Jun-2021 19:19:06.449 CEST
Begin processing the 2nd record. Run 1, Event 302, LumiSection 7 on stream 2 at 13-Jun-2021 19:19:06.449 CEST
Begin processing the 3rd record. Run 1, Event 303, LumiSection 7 on stream 3 at 13-Jun-2021 19:19:06.449 CEST
Begin processing the 4th record. Run 1, Event 304, LumiSection 7 on stream 1 at 13-Jun-2021 19:19:06.449 CEST
Begin processing the 5th record. Run 1, Event 305, LumiSection 7 on stream 3 at 13-Jun-2021 19:19:39.851 CEST
Begin processing the 6th record. Run 1, Event 306, LumiSection 7 on stream 0 at 13-Jun-2021 19:20:12.691 CEST
Begin processing the 7th record. Run 1, Event 307, LumiSection 7 on stream 1 at 13-Jun-2021 19:20:33.676 CEST
Begin processing the 8th record. Run 1, Event 308, LumiSection 7 on stream 2 at 13-Jun-2021 19:20:40.801 CEST
Begin processing the 9th record. Run 1, Event 309, LumiSection 7 on stream 3 at 13-Jun-2021 19:20:53.442 CEST
Begin processing the 10th record. Run 1, Event 310, LumiSection 7 on stream 0 at 13-Jun-2021 19:21:00.255 CEST
Begin processing the 11th record. Run 1, Event 311, LumiSection 7 on stream 2 at 13-Jun-2021 19:21:05.709 CEST
Begin processing the 12th record. Run 1, Event 312, LumiSection 7 on stream 1 at 13-Jun-2021 19:21:20.784 CEST
Begin processing the 13th record. Run 1, Event 313, LumiSection 7 on stream 3 at 13-Jun-2021 19:21:30.537 CEST
Begin processing the 14th record. Run 1, Event 314, LumiSection 7 on stream 0 at 13-Jun-2021 19:21:58.182 CEST
Begin processing the 15th record. Run 1, Event 315, LumiSection 7 on stream 2 at 13-Jun-2021 19:22:07.904 CEST
Begin processing the 16th record. Run 1, Event 316, LumiSection 7 on stream 3 at 13-Jun-2021 19:22:14.811 CEST
Begin processing the 17th record. Run 1, Event 317, LumiSection 7 on stream 1 at 13-Jun-2021 19:22:31.847 CEST
Begin processing the 18th record. Run 1, Event 318, LumiSection 7 on stream 0 at 13-Jun-2021 19:22:36.933 CEST
Begin processing the 19th record. Run 1, Event 319, LumiSection 7 on stream 2 at 13-Jun-2021 19:22:47.670 CEST
Begin processing the 20th record. Run 1, Event 320, LumiSection 7 on stream 2 at 13-Jun-2021 19:23:14.737 CEST
Begin processing the 21st record. Run 1, Event 321, LumiSection 7 on stream 3 at 13-Jun-2021 19:23:21.621 CEST
Begin processing the 22nd record. Run 1, Event 322, LumiSection 7 on stream 0 at 13-Jun-2021 19:23:27.805 CEST
Begin processing the 23rd record. Run 1, Event 323, LumiSection 7 on stream 1 at 13-Jun-2021 19:23:39.598 CEST
Begin processing the 24th record. Run 1, Event 324, LumiSection 7 on stream 2 at 13-Jun-2021 19:24:08.425 CEST
Begin processing the 25th record. Run 1, Event 325, LumiSection 7 on stream 0 at 13-Jun-2021 19:24:11.655 CEST
Begin processing the 26th record. Run 1, Event 326, LumiSection 7 on stream 1 at 13-Jun-2021 19:24:23.728 CEST
Begin processing the 27th record. Run 1, Event 327, LumiSection 7 on stream 3 at 13-Jun-2021 19:24:24.992 CEST
Begin processing the 28th record. Run 1, Event 328, LumiSection 7 on stream 2 at 13-Jun-2021 19:24:40.710 CEST
Begin processing the 29th record. Run 1, Event 329, LumiSection 7 on stream 2 at 13-Jun-2021 19:25:01.727 CEST
Begin processing the 30th record. Run 1, Event 330, LumiSection 7 on stream 3 at 13-Jun-2021 19:25:22.298 CEST
Begin processing the 31st record. Run 1, Event 331, LumiSection 7 on stream 0 at 13-Jun-2021 19:25:25.099 CEST
Begin processing the 32nd record. Run 1, Event 332, LumiSection 7 on stream 1 at 13-Jun-2021 19:25:35.952 CEST
Begin processing the 33rd record. Run 1, Event 333, LumiSection 7 on stream 2 at 13-Jun-2021 19:26:00.433 CEST
Begin processing the 34th record. Run 1, Event 334, LumiSection 7 on stream 3 at 13-Jun-2021 19:26:13.745 CEST
Begin processing the 35th record. Run 1, Event 335, LumiSection 7 on stream 1 at 13-Jun-2021 19:26:24.494 CEST
Begin processing the 36th record. Run 1, Event 336, LumiSection 7 on stream 0 at 13-Jun-2021 19:26:30.757 CEST
Begin processing the 37th record. Run 1, Event 337, LumiSection 7 on stream 3 at 13-Jun-2021 19:27:15.385 CEST
Begin processing the 38th record. Run 1, Event 338, LumiSection 7 on stream 1 at 13-Jun-2021 19:27:23.764 CEST
Begin processing the 39th record. Run 1, Event 339, LumiSection 7 on stream 2 at 13-Jun-2021 19:27:42.184 CEST
Begin processing the 40th record. Run 1, Event 340, LumiSection 7 on stream 0 at 13-Jun-2021 19:27:43.535 CEST
Begin processing the 41st record. Run 1, Event 341, LumiSection 7 on stream 3 at 13-Jun-2021 19:27:56.938 CEST
Begin processing the 42nd record. Run 1, Event 342, LumiSection 7 on stream 0 at 13-Jun-2021 19:28:12.213 CEST
Begin processing the 43rd record. Run 1, Event 343, LumiSection 7 on stream 1 at 13-Jun-2021 19:28:27.554 CEST
Begin processing the 44th record. Run 1, Event 344, LumiSection 7 on stream 2 at 13-Jun-2021 19:28:52.311 CEST
Begin processing the 45th record. Run 1, Event 345, LumiSection 7 on stream 3 at 13-Jun-2021 19:28:53.584 CEST
Begin processing the 46th record. Run 1, Event 346, LumiSection 7 on stream 0 at 13-Jun-2021 19:29:00.823 CEST
Begin processing the 47th record. Run 1, Event 347, LumiSection 7 on stream 2 at 13-Jun-2021 19:29:36.815 CEST
Begin processing the 48th record. Run 1, Event 348, LumiSection 7 on stream 1 at 13-Jun-2021 19:29:48.418 CEST
Begin processing the 49th record. Run 1, Event 349, LumiSection 7 on stream 3 at 13-Jun-2021 19:29:51.821 CEST
Begin processing the 50th record. Run 1, Event 350, LumiSection 7 on stream 0 at 13-Jun-2021 19:29:54.202 CEST
13-Jun-2021 19:30:56 CEST  Closed file file:/eos/cms/store/user/tsarkar/wgen_Vector_MonoZLL_NLO_Mphi-500_Mchi-150_gSM-0p25_gDM-1p0_ctau100p0/RunIISummer20UL17_wmLHEGEN/210607_154034/0000/step_wgen_7.root

=============================================

MessageLogger Summary

 type     category        sev    module        subroutine        count    total
 ---- -------------------- -- ---------------- ----------------  -----    -----
    1 fileAction           -s file_close                             1        1
    2 fileAction           -s file_open                              2        2

 type    category    Examples: run/evt        run/evt          run/evt
 ---- -------------------- ---------------- ---------------- ----------------
    1 fileAction           End Run: 1                        
    2 fileAction           pre-events       pre-events       

Severity    # Occurrences   Total Occurrences
--------    -------------   -----------------
System                  3                   3

dropped waiting message count 701
