000 (7304708.000.000) 06/13 19:13:32 Job submitted from host: <137.138.44.75:9618?addrs=137.138.44.75-9618+[2001-1458-d00-1a--b]-9618&alias=bigbird14.cern.ch&noUDP&sock=schedd_3149486_02ef>
...
040 (7304708.000.000) 06/13 19:17:57 Started transferring input files
	Transferring to host: <188.184.182.162:9618?addrs=188.184.182.162-9618&alias=b7g41n4386.cern.ch&noUDP&sock=slot1_4_3877_7277_42719>
...
040 (7304708.000.000) 06/13 19:17:57 Finished transferring input files
...
001 (7304708.000.000) 06/13 19:17:58 Job executing on host: <188.184.182.162:9618?addrs=188.184.182.162-9618&alias=b7g41n4386.cern.ch&noUDP&sock=startd_3063_8aad>
...
006 (7304708.000.000) 06/13 19:18:06 Image size of job updated: 242148
	25  -  MemoryUsage of job (MB)
	25300  -  ResidentSetSize of job (KB)
...
006 (7304708.000.000) 06/13 19:23:06 Image size of job updated: 1571544
	659  -  MemoryUsage of job (MB)
	674296  -  ResidentSetSize of job (KB)
...
006 (7304708.000.000) 06/13 19:26:15 Image size of job updated: 1673944
	659  -  MemoryUsage of job (MB)
	674296  -  ResidentSetSize of job (KB)
...
040 (7304708.000.000) 06/13 19:26:15 Started transferring output files
...
040 (7304708.000.000) 06/13 19:26:15 Finished transferring output files
...
005 (7304708.000.000) 06/13 19:26:15 Job terminated.
	(1) Normal termination (return value 0)
		Usr 0 00:26:33, Sys 0 00:00:39  -  Run Remote Usage
		Usr 0 00:00:00, Sys 0 00:00:00  -  Run Local Usage
		Usr 0 00:26:33, Sys 0 00:00:39  -  Total Remote Usage
		Usr 0 00:00:00, Sys 0 00:00:00  -  Total Local Usage
	12913  -  Run Bytes Sent By Job
	424  -  Run Bytes Received By Job
	12913  -  Total Bytes Sent By Job
	424  -  Total Bytes Received By Job
	Partitionable Resources :    Usage  Request Allocated 
	   Cpus                 :     3.88        1         1 
	   Disk (KB)            :    33           1    350373 
	   Memory (MB)          :   659        2000      2000 

	Job terminated of its own accord at 2021-06-13T17:26:15Z.
...
