%MSG-i ThreadStreamSetup:  (NoModuleName) 13-Jun-2021 19:18:25 CEST pre-events
setting # threads 4
setting # streams 4
%MSG
13-Jun-2021 19:18:38 CEST  Initiating request to open file file:/eos/cms/store/user/tsarkar/wgen_Vector_MonoZLL_NLO_Mphi-500_Mchi-150_gSM-0p25_gDM-1p0_ctau100p0/RunIISummer20UL17_wmLHEGEN/210607_154034/0000/step_wgen_17.root
13-Jun-2021 19:18:41 CEST  Successfully opened file file:/eos/cms/store/user/tsarkar/wgen_Vector_MonoZLL_NLO_Mphi-500_Mchi-150_gSM-0p25_gDM-1p0_ctau100p0/RunIISummer20UL17_wmLHEGEN/210607_154034/0000/step_wgen_17.root
Begin processing the 1st record. Run 1, Event 801, LumiSection 17 on stream 3 at 13-Jun-2021 19:19:40.308 CEST
Begin processing the 2nd record. Run 1, Event 802, LumiSection 17 on stream 2 at 13-Jun-2021 19:19:40.308 CEST
Begin processing the 3rd record. Run 1, Event 803, LumiSection 17 on stream 1 at 13-Jun-2021 19:19:40.308 CEST
Begin processing the 4th record. Run 1, Event 804, LumiSection 17 on stream 0 at 13-Jun-2021 19:19:40.308 CEST
Begin processing the 5th record. Run 1, Event 805, LumiSection 17 on stream 0 at 13-Jun-2021 19:19:53.151 CEST
Begin processing the 6th record. Run 1, Event 806, LumiSection 17 on stream 3 at 13-Jun-2021 19:20:29.190 CEST
Begin processing the 7th record. Run 1, Event 807, LumiSection 17 on stream 1 at 13-Jun-2021 19:20:33.528 CEST
Begin processing the 8th record. Run 1, Event 808, LumiSection 17 on stream 1 at 13-Jun-2021 19:20:43.824 CEST
Begin processing the 9th record. Run 1, Event 809, LumiSection 17 on stream 0 at 13-Jun-2021 19:20:46.197 CEST
Begin processing the 10th record. Run 1, Event 810, LumiSection 17 on stream 2 at 13-Jun-2021 19:20:50.308 CEST
Begin processing the 11th record. Run 1, Event 811, LumiSection 17 on stream 3 at 13-Jun-2021 19:21:02.803 CEST
Begin processing the 12th record. Run 1, Event 812, LumiSection 17 on stream 2 at 13-Jun-2021 19:21:09.498 CEST
Begin processing the 13th record. Run 1, Event 813, LumiSection 17 on stream 3 at 13-Jun-2021 19:21:29.161 CEST
Begin processing the 14th record. Run 1, Event 814, LumiSection 17 on stream 1 at 13-Jun-2021 19:21:32.627 CEST
Begin processing the 15th record. Run 1, Event 815, LumiSection 17 on stream 0 at 13-Jun-2021 19:22:09.400 CEST
Begin processing the 16th record. Run 1, Event 816, LumiSection 17 on stream 2 at 13-Jun-2021 19:22:14.660 CEST
Begin processing the 17th record. Run 1, Event 817, LumiSection 17 on stream 0 at 13-Jun-2021 19:22:21.159 CEST
Begin processing the 18th record. Run 1, Event 818, LumiSection 17 on stream 2 at 13-Jun-2021 19:22:23.984 CEST
Begin processing the 19th record. Run 1, Event 819, LumiSection 17 on stream 1 at 13-Jun-2021 19:22:32.159 CEST
Begin processing the 20th record. Run 1, Event 820, LumiSection 17 on stream 3 at 13-Jun-2021 19:22:42.175 CEST
Begin processing the 21st record. Run 1, Event 821, LumiSection 17 on stream 1 at 13-Jun-2021 19:22:53.005 CEST
Begin processing the 22nd record. Run 1, Event 822, LumiSection 17 on stream 2 at 13-Jun-2021 19:23:01.232 CEST
Begin processing the 23rd record. Run 1, Event 823, LumiSection 17 on stream 0 at 13-Jun-2021 19:23:08.878 CEST
Begin processing the 24th record. Run 1, Event 824, LumiSection 17 on stream 1 at 13-Jun-2021 19:23:09.607 CEST
Begin processing the 25th record. Run 1, Event 825, LumiSection 17 on stream 3 at 13-Jun-2021 19:23:17.091 CEST
Begin processing the 26th record. Run 1, Event 826, LumiSection 17 on stream 2 at 13-Jun-2021 19:23:37.928 CEST
Begin processing the 27th record. Run 1, Event 827, LumiSection 17 on stream 0 at 13-Jun-2021 19:23:38.234 CEST
Begin processing the 28th record. Run 1, Event 828, LumiSection 17 on stream 0 at 13-Jun-2021 19:23:50.565 CEST
Begin processing the 29th record. Run 1, Event 829, LumiSection 17 on stream 1 at 13-Jun-2021 19:23:51.570 CEST
Begin processing the 30th record. Run 1, Event 830, LumiSection 17 on stream 3 at 13-Jun-2021 19:24:08.737 CEST
Begin processing the 31st record. Run 1, Event 831, LumiSection 17 on stream 2 at 13-Jun-2021 19:24:23.309 CEST
Begin processing the 32nd record. Run 1, Event 832, LumiSection 17 on stream 0 at 13-Jun-2021 19:24:29.093 CEST
Begin processing the 33rd record. Run 1, Event 833, LumiSection 17 on stream 1 at 13-Jun-2021 19:24:38.796 CEST
Begin processing the 34th record. Run 1, Event 834, LumiSection 17 on stream 3 at 13-Jun-2021 19:24:39.257 CEST
Begin processing the 35th record. Run 1, Event 835, LumiSection 17 on stream 2 at 13-Jun-2021 19:25:02.684 CEST
Begin processing the 36th record. Run 1, Event 836, LumiSection 17 on stream 1 at 13-Jun-2021 19:25:11.248 CEST
Begin processing the 37th record. Run 1, Event 837, LumiSection 17 on stream 3 at 13-Jun-2021 19:25:15.486 CEST
Begin processing the 38th record. Run 1, Event 838, LumiSection 17 on stream 0 at 13-Jun-2021 19:25:16.484 CEST
Begin processing the 39th record. Run 1, Event 839, LumiSection 17 on stream 3 at 13-Jun-2021 19:25:32.009 CEST
Begin processing the 40th record. Run 1, Event 840, LumiSection 17 on stream 0 at 13-Jun-2021 19:25:40.444 CEST
Begin processing the 41st record. Run 1, Event 841, LumiSection 17 on stream 2 at 13-Jun-2021 19:25:55.471 CEST
Begin processing the 42nd record. Run 1, Event 842, LumiSection 17 on stream 1 at 13-Jun-2021 19:26:00.825 CEST
Begin processing the 43rd record. Run 1, Event 843, LumiSection 17 on stream 0 at 13-Jun-2021 19:26:08.528 CEST
Begin processing the 44th record. Run 1, Event 844, LumiSection 17 on stream 1 at 13-Jun-2021 19:26:25.233 CEST
Begin processing the 45th record. Run 1, Event 845, LumiSection 17 on stream 2 at 13-Jun-2021 19:26:32.565 CEST
Begin processing the 46th record. Run 1, Event 846, LumiSection 17 on stream 3 at 13-Jun-2021 19:26:36.754 CEST
Begin processing the 47th record. Run 1, Event 847, LumiSection 17 on stream 0 at 13-Jun-2021 19:26:49.909 CEST
Begin processing the 48th record. Run 1, Event 848, LumiSection 17 on stream 3 at 13-Jun-2021 19:26:59.009 CEST
Begin processing the 49th record. Run 1, Event 849, LumiSection 17 on stream 1 at 13-Jun-2021 19:27:06.956 CEST
Begin processing the 50th record. Run 1, Event 850, LumiSection 17 on stream 0 at 13-Jun-2021 19:27:15.166 CEST
13-Jun-2021 19:27:45 CEST  Closed file file:/eos/cms/store/user/tsarkar/wgen_Vector_MonoZLL_NLO_Mphi-500_Mchi-150_gSM-0p25_gDM-1p0_ctau100p0/RunIISummer20UL17_wmLHEGEN/210607_154034/0000/step_wgen_17.root

=============================================

MessageLogger Summary

 type     category        sev    module        subroutine        count    total
 ---- -------------------- -- ---------------- ----------------  -----    -----
    1 fileAction           -s file_close                             1        1
    2 fileAction           -s file_open                              2        2

 type    category    Examples: run/evt        run/evt          run/evt
 ---- -------------------- ---------------- ---------------- ----------------
    1 fileAction           PostGlobalEndRun                  
    2 fileAction           pre-events       pre-events       

Severity    # Occurrences   Total Occurrences
--------    -------------   -----------------
System                  3                   3

dropped waiting message count 0
