%MSG-i ThreadStreamSetup:  (NoModuleName) 13-Jun-2021 19:18:23 CEST pre-events
setting # threads 4
setting # streams 4
%MSG
13-Jun-2021 19:18:35 CEST  Initiating request to open file file:/eos/cms/store/user/tsarkar/wgen_Vector_MonoZLL_NLO_Mphi-500_Mchi-150_gSM-0p25_gDM-1p0_ctau100p0/RunIISummer20UL17_wmLHEGEN/210607_154034/0000/step_wgen_11.root
13-Jun-2021 19:18:37 CEST  Successfully opened file file:/eos/cms/store/user/tsarkar/wgen_Vector_MonoZLL_NLO_Mphi-500_Mchi-150_gSM-0p25_gDM-1p0_ctau100p0/RunIISummer20UL17_wmLHEGEN/210607_154034/0000/step_wgen_11.root
Begin processing the 1st record. Run 1, Event 501, LumiSection 11 on stream 0 at 13-Jun-2021 19:19:42.241 CEST
Begin processing the 2nd record. Run 1, Event 502, LumiSection 11 on stream 3 at 13-Jun-2021 19:19:42.241 CEST
Begin processing the 3rd record. Run 1, Event 503, LumiSection 11 on stream 2 at 13-Jun-2021 19:19:42.242 CEST
Begin processing the 4th record. Run 1, Event 504, LumiSection 11 on stream 1 at 13-Jun-2021 19:19:42.242 CEST
Begin processing the 5th record. Run 1, Event 505, LumiSection 11 on stream 0 at 13-Jun-2021 19:20:24.007 CEST
Begin processing the 6th record. Run 1, Event 506, LumiSection 11 on stream 1 at 13-Jun-2021 19:20:25.480 CEST
Begin processing the 7th record. Run 1, Event 507, LumiSection 11 on stream 2 at 13-Jun-2021 19:20:44.486 CEST
Begin processing the 8th record. Run 1, Event 508, LumiSection 11 on stream 3 at 13-Jun-2021 19:20:46.236 CEST
Begin processing the 9th record. Run 1, Event 509, LumiSection 11 on stream 2 at 13-Jun-2021 19:20:59.671 CEST
Begin processing the 10th record. Run 1, Event 510, LumiSection 11 on stream 3 at 13-Jun-2021 19:21:14.037 CEST
Begin processing the 11th record. Run 1, Event 511, LumiSection 11 on stream 0 at 13-Jun-2021 19:21:19.407 CEST
Begin processing the 12th record. Run 1, Event 512, LumiSection 11 on stream 3 at 13-Jun-2021 19:21:31.317 CEST
Begin processing the 13th record. Run 1, Event 513, LumiSection 11 on stream 1 at 13-Jun-2021 19:21:40.366 CEST
Begin processing the 14th record. Run 1, Event 514, LumiSection 11 on stream 3 at 13-Jun-2021 19:21:51.668 CEST
Begin processing the 15th record. Run 1, Event 515, LumiSection 11 on stream 1 at 13-Jun-2021 19:21:54.305 CEST
Begin processing the 16th record. Run 1, Event 516, LumiSection 11 on stream 2 at 13-Jun-2021 19:21:55.752 CEST
Begin processing the 17th record. Run 1, Event 517, LumiSection 11 on stream 2 at 13-Jun-2021 19:22:06.653 CEST
Begin processing the 18th record. Run 1, Event 518, LumiSection 11 on stream 0 at 13-Jun-2021 19:22:44.011 CEST
Begin processing the 19th record. Run 1, Event 519, LumiSection 11 on stream 3 at 13-Jun-2021 19:22:49.453 CEST
Begin processing the 20th record. Run 1, Event 520, LumiSection 11 on stream 1 at 13-Jun-2021 19:22:52.522 CEST
Begin processing the 21st record. Run 1, Event 521, LumiSection 11 on stream 2 at 13-Jun-2021 19:22:56.199 CEST
Begin processing the 22nd record. Run 1, Event 522, LumiSection 11 on stream 0 at 13-Jun-2021 19:23:14.182 CEST
Begin processing the 23rd record. Run 1, Event 523, LumiSection 11 on stream 0 at 13-Jun-2021 19:23:24.641 CEST
Begin processing the 24th record. Run 1, Event 524, LumiSection 11 on stream 1 at 13-Jun-2021 19:23:38.700 CEST
Begin processing the 25th record. Run 1, Event 525, LumiSection 11 on stream 2 at 13-Jun-2021 19:23:46.101 CEST
Begin processing the 26th record. Run 1, Event 526, LumiSection 11 on stream 3 at 13-Jun-2021 19:23:56.366 CEST
Begin processing the 27th record. Run 1, Event 527, LumiSection 11 on stream 0 at 13-Jun-2021 19:24:00.605 CEST
Begin processing the 28th record. Run 1, Event 528, LumiSection 11 on stream 0 at 13-Jun-2021 19:24:09.824 CEST
Begin processing the 29th record. Run 1, Event 529, LumiSection 11 on stream 1 at 13-Jun-2021 19:24:21.023 CEST
Begin processing the 30th record. Run 1, Event 530, LumiSection 11 on stream 3 at 13-Jun-2021 19:24:33.643 CEST
Begin processing the 31st record. Run 1, Event 531, LumiSection 11 on stream 2 at 13-Jun-2021 19:24:34.545 CEST
Begin processing the 32nd record. Run 1, Event 532, LumiSection 11 on stream 0 at 13-Jun-2021 19:24:37.165 CEST
Begin processing the 33rd record. Run 1, Event 533, LumiSection 11 on stream 1 at 13-Jun-2021 19:25:03.698 CEST
Begin processing the 34th record. Run 1, Event 534, LumiSection 11 on stream 2 at 13-Jun-2021 19:25:04.720 CEST
Begin processing the 35th record. Run 1, Event 535, LumiSection 11 on stream 3 at 13-Jun-2021 19:25:30.231 CEST
Begin processing the 36th record. Run 1, Event 536, LumiSection 11 on stream 0 at 13-Jun-2021 19:25:32.979 CEST
Begin processing the 37th record. Run 1, Event 537, LumiSection 11 on stream 2 at 13-Jun-2021 19:25:46.485 CEST
Begin processing the 38th record. Run 1, Event 538, LumiSection 11 on stream 1 at 13-Jun-2021 19:25:49.656 CEST
Begin processing the 39th record. Run 1, Event 539, LumiSection 11 on stream 1 at 13-Jun-2021 19:26:12.403 CEST
Begin processing the 40th record. Run 1, Event 540, LumiSection 11 on stream 0 at 13-Jun-2021 19:26:19.226 CEST
Begin processing the 41st record. Run 1, Event 541, LumiSection 11 on stream 3 at 13-Jun-2021 19:26:39.269 CEST
Begin processing the 42nd record. Run 1, Event 542, LumiSection 11 on stream 2 at 13-Jun-2021 19:26:45.792 CEST
Begin processing the 43rd record. Run 1, Event 543, LumiSection 11 on stream 3 at 13-Jun-2021 19:26:53.241 CEST
Begin processing the 44th record. Run 1, Event 544, LumiSection 11 on stream 0 at 13-Jun-2021 19:27:08.137 CEST
Begin processing the 45th record. Run 1, Event 545, LumiSection 11 on stream 2 at 13-Jun-2021 19:27:10.064 CEST
Begin processing the 46th record. Run 1, Event 546, LumiSection 11 on stream 1 at 13-Jun-2021 19:27:14.001 CEST
Begin processing the 47th record. Run 1, Event 547, LumiSection 11 on stream 3 at 13-Jun-2021 19:27:42.539 CEST
Begin processing the 48th record. Run 1, Event 548, LumiSection 11 on stream 2 at 13-Jun-2021 19:27:51.597 CEST
Begin processing the 49th record. Run 1, Event 549, LumiSection 11 on stream 0 at 13-Jun-2021 19:28:10.916 CEST
Begin processing the 50th record. Run 1, Event 550, LumiSection 11 on stream 1 at 13-Jun-2021 19:28:19.943 CEST
13-Jun-2021 19:28:56 CEST  Closed file file:/eos/cms/store/user/tsarkar/wgen_Vector_MonoZLL_NLO_Mphi-500_Mchi-150_gSM-0p25_gDM-1p0_ctau100p0/RunIISummer20UL17_wmLHEGEN/210607_154034/0000/step_wgen_11.root

=============================================

MessageLogger Summary

 type     category        sev    module        subroutine        count    total
 ---- -------------------- -- ---------------- ----------------  -----    -----
    1 fileAction           -s file_close                             1        1
    2 fileAction           -s file_open                              2        2

 type    category    Examples: run/evt        run/evt          run/evt
 ---- -------------------- ---------------- ---------------- ----------------
    1 fileAction           PostGlobalEndRun                  
    2 fileAction           pre-events       pre-events       

Severity    # Occurrences   Total Occurrences
--------    -------------   -----------------
System                  3                   3

dropped waiting message count 688
