000 (7304698.000.000) 06/13 19:13:19 Job submitted from host: <137.138.44.75:9618?addrs=137.138.44.75-9618+[2001-1458-d00-1a--b]-9618&alias=bigbird14.cern.ch&noUDP&sock=schedd_3149486_02ef>
...
040 (7304698.000.000) 06/13 19:17:53 Started transferring input files
	Transferring to host: <188.184.197.173:9618?addrs=188.184.197.173-9618+[2001-1458-301-103--100-110]-9618&alias=b7g23n1445.cern.ch&noUDP&sock=slot1_1_4902_a700_42201>
...
040 (7304698.000.000) 06/13 19:17:53 Finished transferring input files
...
001 (7304698.000.000) 06/13 19:17:54 Job executing on host: <188.184.197.173:9618?addrs=188.184.197.173-9618+[2001-1458-301-103--100-110]-9618&alias=b7g23n1445.cern.ch&noUDP&sock=startd_3875_8194>
...
006 (7304698.000.000) 06/13 19:18:02 Image size of job updated: 39632
	25  -  MemoryUsage of job (MB)
	25148  -  ResidentSetSize of job (KB)
...
006 (7304698.000.000) 06/13 19:23:02 Image size of job updated: 1667004
	677  -  MemoryUsage of job (MB)
	692836  -  ResidentSetSize of job (KB)
...
006 (7304698.000.000) 06/13 19:27:12 Image size of job updated: 1789920
	677  -  MemoryUsage of job (MB)
	692836  -  ResidentSetSize of job (KB)
...
040 (7304698.000.000) 06/13 19:27:12 Started transferring output files
...
040 (7304698.000.000) 06/13 19:27:12 Finished transferring output files
...
005 (7304698.000.000) 06/13 19:27:12 Job terminated.
	(1) Normal termination (return value 0)
		Usr 0 00:30:30, Sys 0 00:00:09  -  Run Remote Usage
		Usr 0 00:00:00, Sys 0 00:00:00  -  Run Local Usage
		Usr 0 00:30:30, Sys 0 00:00:09  -  Total Remote Usage
		Usr 0 00:00:00, Sys 0 00:00:00  -  Total Local Usage
	12811  -  Run Bytes Sent By Job
	423  -  Run Bytes Received By Job
	12811  -  Total Bytes Sent By Job
	423  -  Total Bytes Received By Job
	Partitionable Resources :    Usage  Request Allocated 
	   Cpus                 :                 1         1 
	   Disk (KB)            :       26        1    339762 
	   Memory (MB)          :      677     2000      2000 

	Job terminated of its own accord at 2021-06-13T17:27:12Z.
...
