%MSG-i ThreadStreamSetup:  (NoModuleName) 13-Jun-2021 19:18:09 CEST pre-events
setting # threads 4
setting # streams 4
%MSG
13-Jun-2021 19:18:19 CEST  Initiating request to open file file:/eos/cms/store/user/tsarkar/wgen_Vector_MonoZLL_NLO_Mphi-500_Mchi-150_gSM-0p25_gDM-1p0_ctau100p0/RunIISummer20UL17_wmLHEGEN/210607_154034/0000/step_wgen_10.root
13-Jun-2021 19:18:21 CEST  Successfully opened file file:/eos/cms/store/user/tsarkar/wgen_Vector_MonoZLL_NLO_Mphi-500_Mchi-150_gSM-0p25_gDM-1p0_ctau100p0/RunIISummer20UL17_wmLHEGEN/210607_154034/0000/step_wgen_10.root
Begin processing the 1st record. Run 1, Event 451, LumiSection 10 on stream 0 at 13-Jun-2021 19:19:18.001 CEST
Begin processing the 2nd record. Run 1, Event 452, LumiSection 10 on stream 3 at 13-Jun-2021 19:19:18.001 CEST
Begin processing the 3rd record. Run 1, Event 453, LumiSection 10 on stream 1 at 13-Jun-2021 19:19:18.001 CEST
Begin processing the 4th record. Run 1, Event 454, LumiSection 10 on stream 2 at 13-Jun-2021 19:19:18.001 CEST
Begin processing the 5th record. Run 1, Event 455, LumiSection 10 on stream 2 at 13-Jun-2021 19:19:31.708 CEST
Begin processing the 6th record. Run 1, Event 456, LumiSection 10 on stream 0 at 13-Jun-2021 19:19:37.965 CEST
Begin processing the 7th record. Run 1, Event 457, LumiSection 10 on stream 1 at 13-Jun-2021 19:19:43.011 CEST
Begin processing the 8th record. Run 1, Event 458, LumiSection 10 on stream 2 at 13-Jun-2021 19:19:50.931 CEST
Begin processing the 9th record. Run 1, Event 459, LumiSection 10 on stream 1 at 13-Jun-2021 19:19:57.891 CEST
Begin processing the 10th record. Run 1, Event 460, LumiSection 10 on stream 3 at 13-Jun-2021 19:20:09.141 CEST
Begin processing the 11th record. Run 1, Event 461, LumiSection 10 on stream 0 at 13-Jun-2021 19:20:15.680 CEST
Begin processing the 12th record. Run 1, Event 462, LumiSection 10 on stream 1 at 13-Jun-2021 19:20:31.826 CEST
Begin processing the 13th record. Run 1, Event 463, LumiSection 10 on stream 3 at 13-Jun-2021 19:20:35.656 CEST
Begin processing the 14th record. Run 1, Event 464, LumiSection 10 on stream 2 at 13-Jun-2021 19:20:37.075 CEST
Begin processing the 15th record. Run 1, Event 465, LumiSection 10 on stream 0 at 13-Jun-2021 19:20:54.596 CEST
Begin processing the 16th record. Run 1, Event 466, LumiSection 10 on stream 3 at 13-Jun-2021 19:21:02.574 CEST
Begin processing the 17th record. Run 1, Event 467, LumiSection 10 on stream 1 at 13-Jun-2021 19:21:04.303 CEST
Begin processing the 18th record. Run 1, Event 468, LumiSection 10 on stream 1 at 13-Jun-2021 19:21:10.480 CEST
Begin processing the 19th record. Run 1, Event 469, LumiSection 10 on stream 1 at 13-Jun-2021 19:21:32.363 CEST
Begin processing the 20th record. Run 1, Event 470, LumiSection 10 on stream 2 at 13-Jun-2021 19:21:33.301 CEST
Begin processing the 21st record. Run 1, Event 471, LumiSection 10 on stream 3 at 13-Jun-2021 19:21:44.290 CEST
Begin processing the 22nd record. Run 1, Event 472, LumiSection 10 on stream 3 at 13-Jun-2021 19:21:52.226 CEST
Begin processing the 23rd record. Run 1, Event 473, LumiSection 10 on stream 1 at 13-Jun-2021 19:21:54.112 CEST
Begin processing the 24th record. Run 1, Event 474, LumiSection 10 on stream 0 at 13-Jun-2021 19:21:57.356 CEST
Begin processing the 25th record. Run 1, Event 475, LumiSection 10 on stream 3 at 13-Jun-2021 19:22:05.036 CEST
Begin processing the 26th record. Run 1, Event 476, LumiSection 10 on stream 2 at 13-Jun-2021 19:22:06.096 CEST
Begin processing the 27th record. Run 1, Event 477, LumiSection 10 on stream 2 at 13-Jun-2021 19:22:10.496 CEST
Begin processing the 28th record. Run 1, Event 478, LumiSection 10 on stream 2 at 13-Jun-2021 19:22:24.046 CEST
Begin processing the 29th record. Run 1, Event 479, LumiSection 10 on stream 3 at 13-Jun-2021 19:22:28.677 CEST
Begin processing the 30th record. Run 1, Event 480, LumiSection 10 on stream 0 at 13-Jun-2021 19:22:39.618 CEST
Begin processing the 31st record. Run 1, Event 481, LumiSection 10 on stream 2 at 13-Jun-2021 19:22:50.305 CEST
Begin processing the 32nd record. Run 1, Event 482, LumiSection 10 on stream 3 at 13-Jun-2021 19:22:59.147 CEST
Begin processing the 33rd record. Run 1, Event 483, LumiSection 10 on stream 1 at 13-Jun-2021 19:23:03.786 CEST
Begin processing the 34th record. Run 1, Event 484, LumiSection 10 on stream 2 at 13-Jun-2021 19:23:07.317 CEST
Begin processing the 35th record. Run 1, Event 485, LumiSection 10 on stream 0 at 13-Jun-2021 19:23:21.472 CEST
Begin processing the 36th record. Run 1, Event 486, LumiSection 10 on stream 1 at 13-Jun-2021 19:23:27.312 CEST
Begin processing the 37th record. Run 1, Event 487, LumiSection 10 on stream 0 at 13-Jun-2021 19:23:38.035 CEST
Begin processing the 38th record. Run 1, Event 488, LumiSection 10 on stream 3 at 13-Jun-2021 19:23:50.274 CEST
Begin processing the 39th record. Run 1, Event 489, LumiSection 10 on stream 2 at 13-Jun-2021 19:23:54.600 CEST
Begin processing the 40th record. Run 1, Event 490, LumiSection 10 on stream 1 at 13-Jun-2021 19:24:04.856 CEST
Begin processing the 41st record. Run 1, Event 491, LumiSection 10 on stream 1 at 13-Jun-2021 19:24:12.949 CEST
Begin processing the 42nd record. Run 1, Event 492, LumiSection 10 on stream 3 at 13-Jun-2021 19:24:22.286 CEST
Begin processing the 43rd record. Run 1, Event 493, LumiSection 10 on stream 0 at 13-Jun-2021 19:24:26.397 CEST
Begin processing the 44th record. Run 1, Event 494, LumiSection 10 on stream 2 at 13-Jun-2021 19:24:31.637 CEST
Begin processing the 45th record. Run 1, Event 495, LumiSection 10 on stream 0 at 13-Jun-2021 19:24:53.176 CEST
Begin processing the 46th record. Run 1, Event 496, LumiSection 10 on stream 3 at 13-Jun-2021 19:24:55.513 CEST
Begin processing the 47th record. Run 1, Event 497, LumiSection 10 on stream 2 at 13-Jun-2021 19:24:56.720 CEST
Begin processing the 48th record. Run 1, Event 498, LumiSection 10 on stream 1 at 13-Jun-2021 19:25:07.748 CEST
Begin processing the 49th record. Run 1, Event 499, LumiSection 10 on stream 3 at 13-Jun-2021 19:25:20.559 CEST
Begin processing the 50th record. Run 1, Event 500, LumiSection 10 on stream 1 at 13-Jun-2021 19:25:21.838 CEST
13-Jun-2021 19:25:48 CEST  Closed file file:/eos/cms/store/user/tsarkar/wgen_Vector_MonoZLL_NLO_Mphi-500_Mchi-150_gSM-0p25_gDM-1p0_ctau100p0/RunIISummer20UL17_wmLHEGEN/210607_154034/0000/step_wgen_10.root

=============================================

MessageLogger Summary

 type     category        sev    module        subroutine        count    total
 ---- -------------------- -- ---------------- ----------------  -----    -----
    1 fileAction           -s file_close                             1        1
    2 fileAction           -s file_open                              2        2

 type    category    Examples: run/evt        run/evt          run/evt
 ---- -------------------- ---------------- ---------------- ----------------
    1 fileAction           PostGlobalEndRun                  
    2 fileAction           pre-events       pre-events       

Severity    # Occurrences   Total Occurrences
--------    -------------   -----------------
System                  3                   3

dropped waiting message count 0
