000 (7304702.000.000) 06/13 19:13:23 Job submitted from host: <137.138.44.75:9618?addrs=137.138.44.75-9618+[2001-1458-d00-1a--b]-9618&alias=bigbird14.cern.ch&noUDP&sock=schedd_3149486_02ef>
...
040 (7304702.000.000) 06/13 19:17:53 Started transferring input files
	Transferring to host: <188.184.139.154:9618?addrs=188.184.139.154-9618+[2001-1458-301-45--100-18c]-9618&alias=b7g42n0671.cern.ch&noUDP&sock=slot1_1_5227_a4ee_43707>
...
040 (7304702.000.000) 06/13 19:17:53 Finished transferring input files
...
001 (7304702.000.000) 06/13 19:17:54 Job executing on host: <188.184.139.154:9618?addrs=188.184.139.154-9618+[2001-1458-301-45--100-18c]-9618&alias=b7g42n0671.cern.ch&noUDP&sock=startd_4210_49ce>
...
006 (7304702.000.000) 06/13 19:18:02 Image size of job updated: 260364
	27  -  MemoryUsage of job (MB)
	26836  -  ResidentSetSize of job (KB)
...
006 (7304702.000.000) 06/13 19:23:02 Image size of job updated: 1580256
	653  -  MemoryUsage of job (MB)
	668464  -  ResidentSetSize of job (KB)
...
006 (7304702.000.000) 06/13 19:26:19 Image size of job updated: 1674464
	653  -  MemoryUsage of job (MB)
	668464  -  ResidentSetSize of job (KB)
...
040 (7304702.000.000) 06/13 19:26:19 Started transferring output files
...
040 (7304702.000.000) 06/13 19:26:19 Finished transferring output files
...
005 (7304702.000.000) 06/13 19:26:19 Job terminated.
	(1) Normal termination (return value 0)
		Usr 0 00:27:28, Sys 0 00:00:33  -  Run Remote Usage
		Usr 0 00:00:00, Sys 0 00:00:00  -  Run Local Usage
		Usr 0 00:27:28, Sys 0 00:00:33  -  Total Remote Usage
		Usr 0 00:00:00, Sys 0 00:00:00  -  Total Local Usage
	12860  -  Run Bytes Sent By Job
	423  -  Run Bytes Received By Job
	12860  -  Total Bytes Sent By Job
	423  -  Total Bytes Received By Job
	Partitionable Resources :    Usage  Request Allocated 
	   Cpus                 :     3.81        1         1 
	   Disk (KB)            :    33           1    230470 
	   Memory (MB)          :   653        2000      2000 

	Job terminated of its own accord at 2021-06-13T17:26:19Z.
...
