000 (7304700.000.000) 06/13 19:13:21 Job submitted from host: <137.138.44.75:9618?addrs=137.138.44.75-9618+[2001-1458-d00-1a--b]-9618&alias=bigbird14.cern.ch&noUDP&sock=schedd_3149486_02ef>
...
040 (7304700.000.000) 06/13 19:17:53 Started transferring input files
	Transferring to host: <188.184.210.202:9618?addrs=188.184.210.202-9618+[2001-1458-301-10b--100-d7]-9618&alias=b7g23n8532.cern.ch&noUDP&sock=slot1_7_2476_50de_96105>
...
040 (7304700.000.000) 06/13 19:17:53 Finished transferring input files
...
001 (7304700.000.000) 06/13 19:17:54 Job executing on host: <188.184.210.202:9618?addrs=188.184.210.202-9618+[2001-1458-301-10b--100-d7]-9618&alias=b7g23n8532.cern.ch&noUDP&sock=startd_18206_6152>
...
006 (7304700.000.000) 06/13 19:18:02 Image size of job updated: 265732
	25  -  MemoryUsage of job (MB)
	25596  -  ResidentSetSize of job (KB)
...
006 (7304700.000.000) 06/13 19:23:02 Image size of job updated: 1597912
	637  -  MemoryUsage of job (MB)
	651792  -  ResidentSetSize of job (KB)
...
006 (7304700.000.000) 06/13 19:26:27 Image size of job updated: 1749464
	637  -  MemoryUsage of job (MB)
	651796  -  ResidentSetSize of job (KB)
...
040 (7304700.000.000) 06/13 19:26:27 Started transferring output files
...
040 (7304700.000.000) 06/13 19:26:27 Finished transferring output files
...
005 (7304700.000.000) 06/13 19:26:27 Job terminated.
	(1) Normal termination (return value 0)
		Usr 0 00:28:18, Sys 0 00:00:39  -  Run Remote Usage
		Usr 0 00:00:00, Sys 0 00:00:00  -  Run Local Usage
		Usr 0 00:28:18, Sys 0 00:00:39  -  Total Remote Usage
		Usr 0 00:00:00, Sys 0 00:00:00  -  Total Local Usage
	12860  -  Run Bytes Sent By Job
	423  -  Run Bytes Received By Job
	12860  -  Total Bytes Sent By Job
	423  -  Total Bytes Received By Job
	Partitionable Resources :    Usage  Request Allocated 
	   Cpus                 :     3.94        1         1 
	   Disk (KB)            :    33           1    276549 
	   Memory (MB)          :   637        2000      2000 

	Job terminated of its own accord at 2021-06-13T17:26:27Z.
...
