%MSG-i ThreadStreamSetup:  (NoModuleName) 13-Jun-2021 19:18:10 CEST pre-events
setting # threads 4
setting # streams 4
%MSG
13-Jun-2021 19:18:24 CEST  Initiating request to open file file:/eos/cms/store/user/tsarkar/wgen_Vector_MonoZLL_NLO_Mphi-500_Mchi-150_gSM-0p25_gDM-1p0_ctau100p0/RunIISummer20UL17_wmLHEGEN/210607_154034/0000/step_wgen_8.root
13-Jun-2021 19:18:27 CEST  Successfully opened file file:/eos/cms/store/user/tsarkar/wgen_Vector_MonoZLL_NLO_Mphi-500_Mchi-150_gSM-0p25_gDM-1p0_ctau100p0/RunIISummer20UL17_wmLHEGEN/210607_154034/0000/step_wgen_8.root
Begin processing the 1st record. Run 1, Event 351, LumiSection 8 on stream 0 at 13-Jun-2021 19:19:45.606 CEST
Begin processing the 2nd record. Run 1, Event 352, LumiSection 8 on stream 1 at 13-Jun-2021 19:19:45.606 CEST
Begin processing the 3rd record. Run 1, Event 353, LumiSection 8 on stream 2 at 13-Jun-2021 19:19:45.606 CEST
Begin processing the 4th record. Run 1, Event 354, LumiSection 8 on stream 3 at 13-Jun-2021 19:19:45.606 CEST
Begin processing the 5th record. Run 1, Event 355, LumiSection 8 on stream 2 at 13-Jun-2021 19:20:13.770 CEST
Begin processing the 6th record. Run 1, Event 356, LumiSection 8 on stream 3 at 13-Jun-2021 19:20:24.812 CEST
Begin processing the 7th record. Run 1, Event 357, LumiSection 8 on stream 1 at 13-Jun-2021 19:20:29.639 CEST
Begin processing the 8th record. Run 1, Event 358, LumiSection 8 on stream 0 at 13-Jun-2021 19:20:43.340 CEST
Begin processing the 9th record. Run 1, Event 359, LumiSection 8 on stream 3 at 13-Jun-2021 19:20:48.292 CEST
Begin processing the 10th record. Run 1, Event 360, LumiSection 8 on stream 1 at 13-Jun-2021 19:20:53.536 CEST
Begin processing the 11th record. Run 1, Event 361, LumiSection 8 on stream 2 at 13-Jun-2021 19:21:00.779 CEST
Begin processing the 12th record. Run 1, Event 362, LumiSection 8 on stream 0 at 13-Jun-2021 19:21:16.833 CEST
Begin processing the 13th record. Run 1, Event 363, LumiSection 8 on stream 1 at 13-Jun-2021 19:21:28.420 CEST
Begin processing the 14th record. Run 1, Event 364, LumiSection 8 on stream 2 at 13-Jun-2021 19:21:31.854 CEST
Begin processing the 15th record. Run 1, Event 365, LumiSection 8 on stream 3 at 13-Jun-2021 19:21:35.931 CEST
Begin processing the 16th record. Run 1, Event 366, LumiSection 8 on stream 0 at 13-Jun-2021 19:21:39.892 CEST
Begin processing the 17th record. Run 1, Event 367, LumiSection 8 on stream 2 at 13-Jun-2021 19:21:46.689 CEST
Begin processing the 18th record. Run 1, Event 368, LumiSection 8 on stream 1 at 13-Jun-2021 19:22:00.795 CEST
Begin processing the 19th record. Run 1, Event 369, LumiSection 8 on stream 2 at 13-Jun-2021 19:22:08.918 CEST
Begin processing the 20th record. Run 1, Event 370, LumiSection 8 on stream 3 at 13-Jun-2021 19:22:13.214 CEST
Begin processing the 21st record. Run 1, Event 371, LumiSection 8 on stream 2 at 13-Jun-2021 19:22:25.239 CEST
Begin processing the 22nd record. Run 1, Event 372, LumiSection 8 on stream 0 at 13-Jun-2021 19:22:26.191 CEST
Begin processing the 23rd record. Run 1, Event 373, LumiSection 8 on stream 1 at 13-Jun-2021 19:22:28.852 CEST
Begin processing the 24th record. Run 1, Event 374, LumiSection 8 on stream 2 at 13-Jun-2021 19:22:30.254 CEST
Begin processing the 25th record. Run 1, Event 375, LumiSection 8 on stream 3 at 13-Jun-2021 19:22:36.782 CEST
Begin processing the 26th record. Run 1, Event 376, LumiSection 8 on stream 3 at 13-Jun-2021 19:22:49.958 CEST
Begin processing the 27th record. Run 1, Event 377, LumiSection 8 on stream 1 at 13-Jun-2021 19:22:50.688 CEST
Begin processing the 28th record. Run 1, Event 378, LumiSection 8 on stream 0 at 13-Jun-2021 19:22:57.948 CEST
Begin processing the 29th record. Run 1, Event 379, LumiSection 8 on stream 2 at 13-Jun-2021 19:23:14.867 CEST
Begin processing the 30th record. Run 1, Event 380, LumiSection 8 on stream 0 at 13-Jun-2021 19:23:22.156 CEST
Begin processing the 31st record. Run 1, Event 381, LumiSection 8 on stream 3 at 13-Jun-2021 19:23:25.052 CEST
Begin processing the 32nd record. Run 1, Event 382, LumiSection 8 on stream 1 at 13-Jun-2021 19:23:31.584 CEST
Begin processing the 33rd record. Run 1, Event 383, LumiSection 8 on stream 3 at 13-Jun-2021 19:23:44.400 CEST
Begin processing the 34th record. Run 1, Event 384, LumiSection 8 on stream 2 at 13-Jun-2021 19:24:04.042 CEST
Begin processing the 35th record. Run 1, Event 385, LumiSection 8 on stream 0 at 13-Jun-2021 19:24:06.034 CEST
Begin processing the 36th record. Run 1, Event 386, LumiSection 8 on stream 2 at 13-Jun-2021 19:24:12.455 CEST
Begin processing the 37th record. Run 1, Event 387, LumiSection 8 on stream 0 at 13-Jun-2021 19:24:22.129 CEST
Begin processing the 38th record. Run 1, Event 388, LumiSection 8 on stream 1 at 13-Jun-2021 19:24:25.204 CEST
Begin processing the 39th record. Run 1, Event 389, LumiSection 8 on stream 3 at 13-Jun-2021 19:24:29.732 CEST
Begin processing the 40th record. Run 1, Event 390, LumiSection 8 on stream 2 at 13-Jun-2021 19:24:30.010 CEST
Begin processing the 41st record. Run 1, Event 391, LumiSection 8 on stream 0 at 13-Jun-2021 19:24:31.389 CEST
Begin processing the 42nd record. Run 1, Event 392, LumiSection 8 on stream 3 at 13-Jun-2021 19:24:53.525 CEST
Begin processing the 43rd record. Run 1, Event 393, LumiSection 8 on stream 0 at 13-Jun-2021 19:25:04.625 CEST
Begin processing the 44th record. Run 1, Event 394, LumiSection 8 on stream 1 at 13-Jun-2021 19:25:23.730 CEST
Begin processing the 45th record. Run 1, Event 395, LumiSection 8 on stream 3 at 13-Jun-2021 19:25:24.091 CEST
Begin processing the 46th record. Run 1, Event 396, LumiSection 8 on stream 2 at 13-Jun-2021 19:25:38.881 CEST
Begin processing the 47th record. Run 1, Event 397, LumiSection 8 on stream 0 at 13-Jun-2021 19:25:51.564 CEST
Begin processing the 48th record. Run 1, Event 398, LumiSection 8 on stream 3 at 13-Jun-2021 19:25:59.711 CEST
Begin processing the 49th record. Run 1, Event 399, LumiSection 8 on stream 0 at 13-Jun-2021 19:26:08.367 CEST
Begin processing the 50th record. Run 1, Event 400, LumiSection 8 on stream 2 at 13-Jun-2021 19:26:21.496 CEST
13-Jun-2021 19:27:01 CEST  Closed file file:/eos/cms/store/user/tsarkar/wgen_Vector_MonoZLL_NLO_Mphi-500_Mchi-150_gSM-0p25_gDM-1p0_ctau100p0/RunIISummer20UL17_wmLHEGEN/210607_154034/0000/step_wgen_8.root

=============================================

MessageLogger Summary

 type     category        sev    module        subroutine        count    total
 ---- -------------------- -- ---------------- ----------------  -----    -----
    1 fileAction           -s file_close                             1        1
    2 fileAction           -s file_open                              2        2

 type    category    Examples: run/evt        run/evt          run/evt
 ---- -------------------- ---------------- ---------------- ----------------
    1 fileAction           PostGlobalEndRun                  
    2 fileAction           pre-events       pre-events       

Severity    # Occurrences   Total Occurrences
--------    -------------   -----------------
System                  3                   3

dropped waiting message count 0
