%MSG-i ThreadStreamSetup:  (NoModuleName) 13-Jun-2021 19:18:05 CEST pre-events
setting # threads 4
setting # streams 4
%MSG
13-Jun-2021 19:18:13 CEST  Initiating request to open file file:/eos/cms/store/user/tsarkar/wgen_Vector_MonoZLL_NLO_Mphi-500_Mchi-150_gSM-0p25_gDM-1p0_ctau100p0/RunIISummer20UL17_wmLHEGEN/210607_154034/0000/step_wgen_9.root
13-Jun-2021 19:18:15 CEST  Successfully opened file file:/eos/cms/store/user/tsarkar/wgen_Vector_MonoZLL_NLO_Mphi-500_Mchi-150_gSM-0p25_gDM-1p0_ctau100p0/RunIISummer20UL17_wmLHEGEN/210607_154034/0000/step_wgen_9.root
Begin processing the 1st record. Run 1, Event 401, LumiSection 9 on stream 3 at 13-Jun-2021 19:19:06.162 CEST
Begin processing the 2nd record. Run 1, Event 402, LumiSection 9 on stream 0 at 13-Jun-2021 19:19:06.162 CEST
Begin processing the 3rd record. Run 1, Event 403, LumiSection 9 on stream 1 at 13-Jun-2021 19:19:06.162 CEST
Begin processing the 4th record. Run 1, Event 404, LumiSection 9 on stream 2 at 13-Jun-2021 19:19:06.163 CEST
Begin processing the 5th record. Run 1, Event 405, LumiSection 9 on stream 0 at 13-Jun-2021 19:19:37.415 CEST
Begin processing the 6th record. Run 1, Event 406, LumiSection 9 on stream 3 at 13-Jun-2021 19:19:43.208 CEST
Begin processing the 7th record. Run 1, Event 407, LumiSection 9 on stream 1 at 13-Jun-2021 19:19:47.789 CEST
Begin processing the 8th record. Run 1, Event 408, LumiSection 9 on stream 3 at 13-Jun-2021 19:19:58.262 CEST
Begin processing the 9th record. Run 1, Event 409, LumiSection 9 on stream 1 at 13-Jun-2021 19:19:59.992 CEST
Begin processing the 10th record. Run 1, Event 410, LumiSection 9 on stream 2 at 13-Jun-2021 19:20:16.277 CEST
Begin processing the 11th record. Run 1, Event 411, LumiSection 9 on stream 0 at 13-Jun-2021 19:20:22.684 CEST
Begin processing the 12th record. Run 1, Event 412, LumiSection 9 on stream 1 at 13-Jun-2021 19:20:23.202 CEST
Begin processing the 13th record. Run 1, Event 413, LumiSection 9 on stream 3 at 13-Jun-2021 19:20:27.004 CEST
Begin processing the 14th record. Run 1, Event 414, LumiSection 9 on stream 2 at 13-Jun-2021 19:20:41.226 CEST
Begin processing the 15th record. Run 1, Event 415, LumiSection 9 on stream 1 at 13-Jun-2021 19:20:59.030 CEST
Begin processing the 16th record. Run 1, Event 416, LumiSection 9 on stream 3 at 13-Jun-2021 19:21:00.374 CEST
Begin processing the 17th record. Run 1, Event 417, LumiSection 9 on stream 2 at 13-Jun-2021 19:21:06.639 CEST
Begin processing the 18th record. Run 1, Event 418, LumiSection 9 on stream 0 at 13-Jun-2021 19:21:15.496 CEST
Begin processing the 19th record. Run 1, Event 419, LumiSection 9 on stream 3 at 13-Jun-2021 19:21:28.211 CEST
Begin processing the 20th record. Run 1, Event 420, LumiSection 9 on stream 2 at 13-Jun-2021 19:21:44.372 CEST
Begin processing the 21st record. Run 1, Event 421, LumiSection 9 on stream 0 at 13-Jun-2021 19:21:46.188 CEST
Begin processing the 22nd record. Run 1, Event 422, LumiSection 9 on stream 1 at 13-Jun-2021 19:21:56.399 CEST
Begin processing the 23rd record. Run 1, Event 423, LumiSection 9 on stream 0 at 13-Jun-2021 19:22:06.830 CEST
Begin processing the 24th record. Run 1, Event 424, LumiSection 9 on stream 3 at 13-Jun-2021 19:22:10.606 CEST
Begin processing the 25th record. Run 1, Event 425, LumiSection 9 on stream 1 at 13-Jun-2021 19:22:22.501 CEST
Begin processing the 26th record. Run 1, Event 426, LumiSection 9 on stream 0 at 13-Jun-2021 19:22:27.548 CEST
Begin processing the 27th record. Run 1, Event 427, LumiSection 9 on stream 1 at 13-Jun-2021 19:22:35.828 CEST
Begin processing the 28th record. Run 1, Event 428, LumiSection 9 on stream 3 at 13-Jun-2021 19:22:42.991 CEST
Begin processing the 29th record. Run 1, Event 429, LumiSection 9 on stream 2 at 13-Jun-2021 19:22:47.564 CEST
Begin processing the 30th record. Run 1, Event 430, LumiSection 9 on stream 0 at 13-Jun-2021 19:22:47.801 CEST
Begin processing the 31st record. Run 1, Event 431, LumiSection 9 on stream 1 at 13-Jun-2021 19:22:52.818 CEST
Begin processing the 32nd record. Run 1, Event 432, LumiSection 9 on stream 3 at 13-Jun-2021 19:23:19.408 CEST
Begin processing the 33rd record. Run 1, Event 433, LumiSection 9 on stream 0 at 13-Jun-2021 19:23:30.357 CEST
Begin processing the 34th record. Run 1, Event 434, LumiSection 9 on stream 2 at 13-Jun-2021 19:23:37.045 CEST
Begin processing the 35th record. Run 1, Event 435, LumiSection 9 on stream 1 at 13-Jun-2021 19:23:41.982 CEST
Begin processing the 36th record. Run 1, Event 436, LumiSection 9 on stream 0 at 13-Jun-2021 19:23:45.780 CEST
Begin processing the 37th record. Run 1, Event 437, LumiSection 9 on stream 3 at 13-Jun-2021 19:24:02.109 CEST
Begin processing the 38th record. Run 1, Event 438, LumiSection 9 on stream 2 at 13-Jun-2021 19:24:08.212 CEST
Begin processing the 39th record. Run 1, Event 439, LumiSection 9 on stream 0 at 13-Jun-2021 19:24:22.910 CEST
Begin processing the 40th record. Run 1, Event 440, LumiSection 9 on stream 1 at 13-Jun-2021 19:24:23.180 CEST
Begin processing the 41st record. Run 1, Event 441, LumiSection 9 on stream 2 at 13-Jun-2021 19:24:35.158 CEST
Begin processing the 42nd record. Run 1, Event 442, LumiSection 9 on stream 1 at 13-Jun-2021 19:24:42.097 CEST
Begin processing the 43rd record. Run 1, Event 443, LumiSection 9 on stream 3 at 13-Jun-2021 19:24:45.575 CEST
Begin processing the 44th record. Run 1, Event 444, LumiSection 9 on stream 0 at 13-Jun-2021 19:24:50.790 CEST
Begin processing the 45th record. Run 1, Event 445, LumiSection 9 on stream 3 at 13-Jun-2021 19:24:58.201 CEST
Begin processing the 46th record. Run 1, Event 446, LumiSection 9 on stream 3 at 13-Jun-2021 19:25:12.860 CEST
Begin processing the 47th record. Run 1, Event 447, LumiSection 9 on stream 1 at 13-Jun-2021 19:25:16.481 CEST
Begin processing the 48th record. Run 1, Event 448, LumiSection 9 on stream 2 at 13-Jun-2021 19:25:21.501 CEST
Begin processing the 49th record. Run 1, Event 449, LumiSection 9 on stream 0 at 13-Jun-2021 19:25:49.763 CEST
Begin processing the 50th record. Run 1, Event 450, LumiSection 9 on stream 3 at 13-Jun-2021 19:26:02.603 CEST
13-Jun-2021 19:26:45 CEST  Closed file file:/eos/cms/store/user/tsarkar/wgen_Vector_MonoZLL_NLO_Mphi-500_Mchi-150_gSM-0p25_gDM-1p0_ctau100p0/RunIISummer20UL17_wmLHEGEN/210607_154034/0000/step_wgen_9.root

=============================================

MessageLogger Summary

 type     category        sev    module        subroutine        count    total
 ---- -------------------- -- ---------------- ----------------  -----    -----
    1 fileAction           -s file_close                             1        1
    2 fileAction           -s file_open                              2        2

 type    category    Examples: run/evt        run/evt          run/evt
 ---- -------------------- ---------------- ---------------- ----------------
    1 fileAction           PostGlobalEndRun                  
    2 fileAction           pre-events       pre-events       

Severity    # Occurrences   Total Occurrences
--------    -------------   -----------------
System                  3                   3

dropped waiting message count 0
