000 (7304707.000.000) 06/13 19:13:30 Job submitted from host: <137.138.44.75:9618?addrs=137.138.44.75-9618+[2001-1458-d00-1a--b]-9618&alias=bigbird14.cern.ch&noUDP&sock=schedd_3149486_02ef>
...
040 (7304707.000.000) 06/13 19:18:12 Started transferring input files
	Transferring to host: <188.184.213.70:9618?addrs=188.184.213.70-9618+[2001-1458-301-10c--100-13e]-9618&alias=b7g24n0555.cern.ch&noUDP&sock=slot1_1_13254_6454_90496>
...
040 (7304707.000.000) 06/13 19:18:12 Finished transferring input files
...
001 (7304707.000.000) 06/13 19:18:13 Job executing on host: <188.184.213.70:9618?addrs=188.184.213.70-9618+[2001-1458-301-10c--100-13e]-9618&alias=b7g24n0555.cern.ch&noUDP&sock=startd_5676_d7a5>
...
006 (7304707.000.000) 06/13 19:18:22 Image size of job updated: 126244
	26  -  MemoryUsage of job (MB)
	26384  -  ResidentSetSize of job (KB)
...
006 (7304707.000.000) 06/13 19:23:23 Image size of job updated: 1630192
	641  -  MemoryUsage of job (MB)
	655440  -  ResidentSetSize of job (KB)
...
006 (7304707.000.000) 06/13 19:28:24 Image size of job updated: 1736688
	723  -  MemoryUsage of job (MB)
	739820  -  ResidentSetSize of job (KB)
...
006 (7304707.000.000) 06/13 19:28:59 Image size of job updated: 1794032
	723  -  MemoryUsage of job (MB)
	739820  -  ResidentSetSize of job (KB)
...
040 (7304707.000.000) 06/13 19:28:59 Started transferring output files
...
040 (7304707.000.000) 06/13 19:28:59 Finished transferring output files
...
005 (7304707.000.000) 06/13 19:28:59 Job terminated.
	(1) Normal termination (return value 0)
		Usr 0 00:29:06, Sys 0 00:00:08  -  Run Remote Usage
		Usr 0 00:00:00, Sys 0 00:00:00  -  Run Local Usage
		Usr 0 00:29:06, Sys 0 00:00:08  -  Total Remote Usage
		Usr 0 00:00:00, Sys 0 00:00:00  -  Total Local Usage
	12915  -  Run Bytes Sent By Job
	424  -  Run Bytes Received By Job
	12915  -  Total Bytes Sent By Job
	424  -  Total Bytes Received By Job
	Partitionable Resources :    Usage  Request Allocated 
	   Cpus                 :     0.02        1         1 
	   Disk (KB)            :    33           1    308706 
	   Memory (MB)          :   723        2000      2000 

	Job terminated of its own accord at 2021-06-13T17:28:59Z.
...
