000 (7304699.000.000) 06/13 19:13:20 Job submitted from host: <137.138.44.75:9618?addrs=137.138.44.75-9618+[2001-1458-d00-1a--b]-9618&alias=bigbird14.cern.ch&noUDP&sock=schedd_3149486_02ef>
...
040 (7304699.000.000) 06/13 19:17:57 Started transferring input files
	Transferring to host: <128.142.149.34:9618?addrs=128.142.149.34-9618+[2001-1458-301-b--100-1bd]-9618&alias=b7g41n1896.cern.ch&noUDP&sock=slot1_4_15390_65ab_109853>
...
040 (7304699.000.000) 06/13 19:17:57 Finished transferring input files
...
001 (7304699.000.000) 06/13 19:17:58 Job executing on host: <128.142.149.34:9618?addrs=128.142.149.34-9618+[2001-1458-301-b--100-1bd]-9618&alias=b7g41n1896.cern.ch&noUDP&sock=startd_6531_4d1e>
...
006 (7304699.000.000) 06/13 19:18:06 Image size of job updated: 812848
	18  -  MemoryUsage of job (MB)
	17728  -  ResidentSetSize of job (KB)
...
006 (7304699.000.000) 06/13 19:23:06 Image size of job updated: 1593792
	637  -  MemoryUsage of job (MB)
	651768  -  ResidentSetSize of job (KB)
...
006 (7304699.000.000) 06/13 19:27:27 Image size of job updated: 1667556
	637  -  MemoryUsage of job (MB)
	651768  -  ResidentSetSize of job (KB)
...
040 (7304699.000.000) 06/13 19:27:27 Started transferring output files
...
040 (7304699.000.000) 06/13 19:27:27 Finished transferring output files
...
005 (7304699.000.000) 06/13 19:27:27 Job terminated.
	(1) Normal termination (return value 0)
		Usr 0 00:29:19, Sys 0 00:00:35  -  Run Remote Usage
		Usr 0 00:00:00, Sys 0 00:00:00  -  Run Local Usage
		Usr 0 00:29:19, Sys 0 00:00:35  -  Total Remote Usage
		Usr 0 00:00:00, Sys 0 00:00:00  -  Total Local Usage
	12860  -  Run Bytes Sent By Job
	423  -  Run Bytes Received By Job
	12860  -  Total Bytes Sent By Job
	423  -  Total Bytes Received By Job
	Partitionable Resources :    Usage  Request Allocated 
	   Cpus                 :     1.74        1         1 
	   Disk (KB)            :    33           1    353879 
	   Memory (MB)          :   637        2000      2000 

	Job terminated of its own accord at 2021-06-13T17:27:27Z.
...
