000 (7304717.000.000) 06/13 19:13:49 Job submitted from host: <137.138.44.75:9618?addrs=137.138.44.75-9618+[2001-1458-d00-1a--b]-9618&alias=bigbird14.cern.ch&noUDP&sock=schedd_3149486_02ef>
...
040 (7304717.000.000) 06/13 19:17:59 Started transferring input files
	Transferring to host: <188.184.211.211:9618?addrs=188.184.211.211-9618+[2001-1458-301-10b--100-13a]-9618&alias=b7g23n0346.cern.ch&noUDP&sock=slot1_6_3505_56e8_111379>
...
040 (7304717.000.000) 06/13 19:17:59 Finished transferring input files
...
001 (7304717.000.000) 06/13 19:18:00 Job executing on host: <188.184.211.211:9618?addrs=188.184.211.211-9618+[2001-1458-301-10b--100-13a]-9618&alias=b7g23n0346.cern.ch&noUDP&sock=startd_3926_7ce8>
...
006 (7304717.000.000) 06/13 19:18:09 Image size of job updated: 271364
	28  -  MemoryUsage of job (MB)
	28080  -  ResidentSetSize of job (KB)
...
006 (7304717.000.000) 06/13 19:18:19 Image size of job updated: 271364
	28  -  MemoryUsage of job (MB)
	28088  -  ResidentSetSize of job (KB)
...
040 (7304717.000.000) 06/13 19:18:19 Started transferring output files
...
040 (7304717.000.000) 06/13 19:18:20 Finished transferring output files
...
005 (7304717.000.000) 06/13 19:18:20 Job terminated.
	(1) Normal termination (return value 73)
		Usr 0 00:00:05, Sys 0 00:00:02  -  Run Remote Usage
		Usr 0 00:00:00, Sys 0 00:00:00  -  Run Local Usage
		Usr 0 00:00:05, Sys 0 00:00:02  -  Total Remote Usage
		Usr 0 00:00:00, Sys 0 00:00:00  -  Total Local Usage
	563  -  Run Bytes Sent By Job
	424  -  Run Bytes Received By Job
	563  -  Total Bytes Sent By Job
	424  -  Total Bytes Received By Job
	Partitionable Resources :    Usage  Request Allocated 
	   Cpus                 :                 1         1 
	   Disk (KB)            :       17        1    305780 
	   Memory (MB)          :       28     2000      2000 

	Job terminated of its own accord at 2021-06-13T17:18:19Z.
...
