000 (7304715.000.000) 06/13 19:13:46 Job submitted from host: <137.138.44.75:9618?addrs=137.138.44.75-9618+[2001-1458-d00-1a--b]-9618&alias=bigbird14.cern.ch&noUDP&sock=schedd_3149486_02ef>
...
040 (7304715.000.000) 06/13 19:17:58 Started transferring input files
	Transferring to host: <188.184.212.9:9618?addrs=188.184.212.9-9618+[2001-1458-301-10c--100-3]-9618&alias=b7g24n0048.cern.ch&noUDP&sock=slot1_6_4913_6721_49406>
...
040 (7304715.000.000) 06/13 19:17:58 Finished transferring input files
...
001 (7304715.000.000) 06/13 19:17:59 Job executing on host: <188.184.212.9:9618?addrs=188.184.212.9-9618+[2001-1458-301-10c--100-3]-9618&alias=b7g24n0048.cern.ch&noUDP&sock=startd_3864_f609>
...
006 (7304715.000.000) 06/13 19:18:08 Image size of job updated: 270604
	73  -  MemoryUsage of job (MB)
	74496  -  ResidentSetSize of job (KB)
...
006 (7304715.000.000) 06/13 19:23:09 Image size of job updated: 1544908
	641  -  MemoryUsage of job (MB)
	656220  -  ResidentSetSize of job (KB)
...
006 (7304715.000.000) 06/13 19:26:18 Image size of job updated: 1708748
	641  -  MemoryUsage of job (MB)
	656220  -  ResidentSetSize of job (KB)
...
040 (7304715.000.000) 06/13 19:26:18 Started transferring output files
...
040 (7304715.000.000) 06/13 19:26:18 Finished transferring output files
...
005 (7304715.000.000) 06/13 19:26:18 Job terminated.
	(1) Normal termination (return value 0)
		Usr 0 00:24:42, Sys 0 00:00:34  -  Run Remote Usage
		Usr 0 00:00:00, Sys 0 00:00:00  -  Run Local Usage
		Usr 0 00:24:42, Sys 0 00:00:34  -  Total Remote Usage
		Usr 0 00:00:00, Sys 0 00:00:00  -  Total Local Usage
	12913  -  Run Bytes Sent By Job
	424  -  Run Bytes Received By Job
	12913  -  Total Bytes Sent By Job
	424  -  Total Bytes Received By Job
	Partitionable Resources :    Usage  Request Allocated 
	   Cpus                 :     3.24        1         1 
	   Disk (KB)            :    33           1    281712 
	   Memory (MB)          :   641        2000      2000 

	Job terminated of its own accord at 2021-06-13T17:26:18Z.
...
