%MSG-i ThreadStreamSetup:  (NoModuleName) 13-Jun-2021 19:18:04 CEST pre-events
setting # threads 4
setting # streams 4
%MSG
13-Jun-2021 19:18:15 CEST  Initiating request to open file file:/eos/cms/store/user/tsarkar/wgen_Vector_MonoZLL_NLO_Mphi-500_Mchi-150_gSM-0p25_gDM-1p0_ctau100p0/RunIISummer20UL17_wmLHEGEN/210607_154034/0000/step_wgen_4.root
13-Jun-2021 19:18:17 CEST  Successfully opened file file:/eos/cms/store/user/tsarkar/wgen_Vector_MonoZLL_NLO_Mphi-500_Mchi-150_gSM-0p25_gDM-1p0_ctau100p0/RunIISummer20UL17_wmLHEGEN/210607_154034/0000/step_wgen_4.root
Begin processing the 1st record. Run 1, Event 151, LumiSection 4 on stream 2 at 13-Jun-2021 19:19:20.186 CEST
Begin processing the 2nd record. Run 1, Event 152, LumiSection 4 on stream 0 at 13-Jun-2021 19:19:20.187 CEST
Begin processing the 3rd record. Run 1, Event 153, LumiSection 4 on stream 3 at 13-Jun-2021 19:19:20.187 CEST
Begin processing the 4th record. Run 1, Event 154, LumiSection 4 on stream 1 at 13-Jun-2021 19:19:20.187 CEST
Begin processing the 5th record. Run 1, Event 155, LumiSection 4 on stream 0 at 13-Jun-2021 19:19:34.628 CEST
Begin processing the 6th record. Run 1, Event 156, LumiSection 4 on stream 0 at 13-Jun-2021 19:19:42.734 CEST
Begin processing the 7th record. Run 1, Event 157, LumiSection 4 on stream 1 at 13-Jun-2021 19:19:47.261 CEST
Begin processing the 8th record. Run 1, Event 158, LumiSection 4 on stream 2 at 13-Jun-2021 19:19:54.076 CEST
Begin processing the 9th record. Run 1, Event 159, LumiSection 4 on stream 3 at 13-Jun-2021 19:20:00.508 CEST
Begin processing the 10th record. Run 1, Event 160, LumiSection 4 on stream 3 at 13-Jun-2021 19:20:16.034 CEST
Begin processing the 11th record. Run 1, Event 161, LumiSection 4 on stream 2 at 13-Jun-2021 19:20:24.128 CEST
Begin processing the 12th record. Run 1, Event 162, LumiSection 4 on stream 0 at 13-Jun-2021 19:20:27.813 CEST
Begin processing the 13th record. Run 1, Event 163, LumiSection 4 on stream 1 at 13-Jun-2021 19:20:45.777 CEST
Begin processing the 14th record. Run 1, Event 164, LumiSection 4 on stream 2 at 13-Jun-2021 19:20:50.891 CEST
Begin processing the 15th record. Run 1, Event 165, LumiSection 4 on stream 3 at 13-Jun-2021 19:20:51.830 CEST
Begin processing the 16th record. Run 1, Event 166, LumiSection 4 on stream 2 at 13-Jun-2021 19:21:18.819 CEST
Begin processing the 17th record. Run 1, Event 167, LumiSection 4 on stream 1 at 13-Jun-2021 19:21:22.018 CEST
Begin processing the 18th record. Run 1, Event 168, LumiSection 4 on stream 0 at 13-Jun-2021 19:21:23.050 CEST
Begin processing the 19th record. Run 1, Event 169, LumiSection 4 on stream 3 at 13-Jun-2021 19:21:24.014 CEST
Begin processing the 20th record. Run 1, Event 170, LumiSection 4 on stream 2 at 13-Jun-2021 19:21:34.665 CEST
Begin processing the 21st record. Run 1, Event 171, LumiSection 4 on stream 1 at 13-Jun-2021 19:21:52.689 CEST
Begin processing the 22nd record. Run 1, Event 172, LumiSection 4 on stream 2 at 13-Jun-2021 19:21:58.054 CEST
Begin processing the 23rd record. Run 1, Event 173, LumiSection 4 on stream 0 at 13-Jun-2021 19:21:59.807 CEST
Begin processing the 24th record. Run 1, Event 174, LumiSection 4 on stream 2 at 13-Jun-2021 19:22:00.899 CEST
Begin processing the 25th record. Run 1, Event 175, LumiSection 4 on stream 3 at 13-Jun-2021 19:22:16.673 CEST
Begin processing the 26th record. Run 1, Event 176, LumiSection 4 on stream 1 at 13-Jun-2021 19:22:29.757 CEST
Begin processing the 27th record. Run 1, Event 177, LumiSection 4 on stream 3 at 13-Jun-2021 19:22:31.902 CEST
Begin processing the 28th record. Run 1, Event 178, LumiSection 4 on stream 0 at 13-Jun-2021 19:22:35.282 CEST
Begin processing the 29th record. Run 1, Event 179, LumiSection 4 on stream 2 at 13-Jun-2021 19:22:39.779 CEST
Begin processing the 30th record. Run 1, Event 180, LumiSection 4 on stream 0 at 13-Jun-2021 19:22:44.478 CEST
Begin processing the 31st record. Run 1, Event 181, LumiSection 4 on stream 3 at 13-Jun-2021 19:23:05.199 CEST
Begin processing the 32nd record. Run 1, Event 182, LumiSection 4 on stream 2 at 13-Jun-2021 19:23:07.446 CEST
Begin processing the 33rd record. Run 1, Event 183, LumiSection 4 on stream 0 at 13-Jun-2021 19:23:19.824 CEST
Begin processing the 34th record. Run 1, Event 184, LumiSection 4 on stream 1 at 13-Jun-2021 19:23:37.732 CEST
Begin processing the 35th record. Run 1, Event 185, LumiSection 4 on stream 2 at 13-Jun-2021 19:23:48.611 CEST
Begin processing the 36th record. Run 1, Event 186, LumiSection 4 on stream 3 at 13-Jun-2021 19:23:53.953 CEST
Begin processing the 37th record. Run 1, Event 187, LumiSection 4 on stream 0 at 13-Jun-2021 19:24:25.797 CEST
Begin processing the 38th record. Run 1, Event 188, LumiSection 4 on stream 2 at 13-Jun-2021 19:24:27.163 CEST
Begin processing the 39th record. Run 1, Event 189, LumiSection 4 on stream 3 at 13-Jun-2021 19:24:27.349 CEST
Begin processing the 40th record. Run 1, Event 190, LumiSection 4 on stream 1 at 13-Jun-2021 19:24:28.096 CEST
Begin processing the 41st record. Run 1, Event 191, LumiSection 4 on stream 2 at 13-Jun-2021 19:24:46.080 CEST
Begin processing the 42nd record. Run 1, Event 192, LumiSection 4 on stream 1 at 13-Jun-2021 19:25:01.364 CEST
Begin processing the 43rd record. Run 1, Event 193, LumiSection 4 on stream 3 at 13-Jun-2021 19:25:03.827 CEST
Begin processing the 44th record. Run 1, Event 194, LumiSection 4 on stream 0 at 13-Jun-2021 19:25:04.112 CEST
Begin processing the 45th record. Run 1, Event 195, LumiSection 4 on stream 1 at 13-Jun-2021 19:25:09.860 CEST
Begin processing the 46th record. Run 1, Event 196, LumiSection 4 on stream 2 at 13-Jun-2021 19:25:16.725 CEST
Begin processing the 47th record. Run 1, Event 197, LumiSection 4 on stream 3 at 13-Jun-2021 19:25:22.637 CEST
Begin processing the 48th record. Run 1, Event 198, LumiSection 4 on stream 3 at 13-Jun-2021 19:25:34.303 CEST
Begin processing the 49th record. Run 1, Event 199, LumiSection 4 on stream 0 at 13-Jun-2021 19:25:34.695 CEST
Begin processing the 50th record. Run 1, Event 200, LumiSection 4 on stream 1 at 13-Jun-2021 19:25:37.279 CEST
13-Jun-2021 19:26:25 CEST  Closed file file:/eos/cms/store/user/tsarkar/wgen_Vector_MonoZLL_NLO_Mphi-500_Mchi-150_gSM-0p25_gDM-1p0_ctau100p0/RunIISummer20UL17_wmLHEGEN/210607_154034/0000/step_wgen_4.root

=============================================

MessageLogger Summary

 type     category        sev    module        subroutine        count    total
 ---- -------------------- -- ---------------- ----------------  -----    -----
    1 fileAction           -s file_close                             1        1
    2 fileAction           -s file_open                              2        2

 type    category    Examples: run/evt        run/evt          run/evt
 ---- -------------------- ---------------- ---------------- ----------------
    1 fileAction           PostGlobalEndRun                  
    2 fileAction           pre-events       pre-events       

Severity    # Occurrences   Total Occurrences
--------    -------------   -----------------
System                  3                   3

dropped waiting message count 0
