000 (7304716.000.000) 06/13 19:13:49 Job submitted from host: <137.138.44.75:9618?addrs=137.138.44.75-9618+[2001-1458-d00-1a--b]-9618&alias=bigbird14.cern.ch&noUDP&sock=schedd_3149486_02ef>
...
040 (7304716.000.000) 06/13 19:17:58 Started transferring input files
	Transferring to host: <188.184.138.41:9618?addrs=188.184.138.41-9618+[2001-1458-301-45--100-a]-9618&alias=b7g42n0057.cern.ch&noUDP&sock=slot1_4_3084_b4f6_42237>
...
040 (7304716.000.000) 06/13 19:17:58 Finished transferring input files
...
001 (7304716.000.000) 06/13 19:17:59 Job executing on host: <188.184.138.41:9618?addrs=188.184.138.41-9618+[2001-1458-301-45--100-a]-9618&alias=b7g42n0057.cern.ch&noUDP&sock=startd_2653_50d8>
...
006 (7304716.000.000) 06/13 19:18:08 Image size of job updated: 124016
	63  -  MemoryUsage of job (MB)
	63720  -  ResidentSetSize of job (KB)
...
006 (7304716.000.000) 06/13 19:23:08 Image size of job updated: 1690832
	649  -  MemoryUsage of job (MB)
	663980  -  ResidentSetSize of job (KB)
...
006 (7304716.000.000) 06/13 19:25:15 Image size of job updated: 1731808
	649  -  MemoryUsage of job (MB)
	663980  -  ResidentSetSize of job (KB)
...
040 (7304716.000.000) 06/13 19:25:15 Started transferring output files
...
040 (7304716.000.000) 06/13 19:25:15 Finished transferring output files
...
005 (7304716.000.000) 06/13 19:25:15 Job terminated.
	(1) Normal termination (return value 0)
		Usr 0 00:23:47, Sys 0 00:00:29  -  Run Remote Usage
		Usr 0 00:00:00, Sys 0 00:00:00  -  Run Local Usage
		Usr 0 00:23:47, Sys 0 00:00:29  -  Total Remote Usage
		Usr 0 00:00:00, Sys 0 00:00:00  -  Total Local Usage
	12914  -  Run Bytes Sent By Job
	424  -  Run Bytes Received By Job
	12914  -  Total Bytes Sent By Job
	424  -  Total Bytes Received By Job
	Partitionable Resources :    Usage  Request Allocated 
	   Cpus                 :                 1         1 
	   Disk (KB)            :       26        1    307184 
	   Memory (MB)          :      649     2000      2000 

	Job terminated of its own accord at 2021-06-13T17:25:15Z.
...
