000 (7304704.000.000) 06/13 19:13:25 Job submitted from host: <137.138.44.75:9618?addrs=137.138.44.75-9618+[2001-1458-d00-1a--b]-9618&alias=bigbird14.cern.ch&noUDP&sock=schedd_3149486_02ef>
...
040 (7304704.000.000) 06/13 19:17:54 Started transferring input files
	Transferring to host: <188.184.213.53:9618?addrs=188.184.213.53-9618+[2001-1458-301-10c--100-114]-9618&alias=b7g24n0545.cern.ch&noUDP&sock=slot1_2_5445_3eb6_41985>
...
040 (7304704.000.000) 06/13 19:17:54 Finished transferring input files
...
001 (7304704.000.000) 06/13 19:17:55 Job executing on host: <188.184.213.53:9618?addrs=188.184.213.53-9618+[2001-1458-301-10c--100-114]-9618&alias=b7g24n0545.cern.ch&noUDP&sock=startd_4279_9dd7>
...
006 (7304704.000.000) 06/13 19:18:04 Image size of job updated: 261644
	19  -  MemoryUsage of job (MB)
	19364  -  ResidentSetSize of job (KB)
...
006 (7304704.000.000) 06/13 19:23:05 Image size of job updated: 1574664
	636  -  MemoryUsage of job (MB)
	650732  -  ResidentSetSize of job (KB)
...
006 (7304704.000.000) 06/13 19:27:03 Image size of job updated: 1677064
	636  -  MemoryUsage of job (MB)
	650732  -  ResidentSetSize of job (KB)
...
040 (7304704.000.000) 06/13 19:27:03 Started transferring output files
...
040 (7304704.000.000) 06/13 19:27:03 Finished transferring output files
...
005 (7304704.000.000) 06/13 19:27:03 Job terminated.
	(1) Normal termination (return value 0)
		Usr 0 00:25:44, Sys 0 00:00:18  -  Run Remote Usage
		Usr 0 00:00:00, Sys 0 00:00:00  -  Run Local Usage
		Usr 0 00:25:44, Sys 0 00:00:18  -  Total Remote Usage
		Usr 0 00:00:00, Sys 0 00:00:00  -  Total Local Usage
	12860  -  Run Bytes Sent By Job
	423  -  Run Bytes Received By Job
	12860  -  Total Bytes Sent By Job
	423  -  Total Bytes Received By Job
	Partitionable Resources :    Usage  Request Allocated 
	   Cpus                 :                 1         1 
	   Disk (KB)            :       26        1    293492 
	   Memory (MB)          :      636     2000      2000 

	Job terminated of its own accord at 2021-06-13T17:27:03Z.
...
