000 (7304713.000.000) 06/13 19:13:44 Job submitted from host: <137.138.44.75:9618?addrs=137.138.44.75-9618+[2001-1458-d00-1a--b]-9618&alias=bigbird14.cern.ch&noUDP&sock=schedd_3149486_02ef>
...
040 (7304713.000.000) 06/13 19:18:13 Started transferring input files
	Transferring to host: <188.184.197.61:9618?addrs=188.184.197.61-9618+[2001-1458-301-103--100-229]-9618&alias=b7g23n4301.cern.ch&noUDP&sock=slot1_1_5702_5321_91261>
...
040 (7304713.000.000) 06/13 19:18:13 Finished transferring input files
...
001 (7304713.000.000) 06/13 19:18:14 Job executing on host: <188.184.197.61:9618?addrs=188.184.197.61-9618+[2001-1458-301-103--100-229]-9618&alias=b7g23n4301.cern.ch&noUDP&sock=startd_18373_eda3>
...
006 (7304713.000.000) 06/13 19:18:23 Image size of job updated: 252556
	23  -  MemoryUsage of job (MB)
	22992  -  ResidentSetSize of job (KB)
...
006 (7304713.000.000) 06/13 19:23:23 Image size of job updated: 1622536
	639  -  MemoryUsage of job (MB)
	653476  -  ResidentSetSize of job (KB)
...
006 (7304713.000.000) 06/13 19:27:48 Image size of job updated: 1724936
	639  -  MemoryUsage of job (MB)
	653476  -  ResidentSetSize of job (KB)
...
040 (7304713.000.000) 06/13 19:27:48 Started transferring output files
...
040 (7304713.000.000) 06/13 19:27:48 Finished transferring output files
...
005 (7304713.000.000) 06/13 19:27:48 Job terminated.
	(1) Normal termination (return value 0)
		Usr 0 00:31:48, Sys 0 00:00:37  -  Run Remote Usage
		Usr 0 00:00:00, Sys 0 00:00:00  -  Run Local Usage
		Usr 0 00:31:48, Sys 0 00:00:37  -  Total Remote Usage
		Usr 0 00:00:00, Sys 0 00:00:00  -  Total Local Usage
	12913  -  Run Bytes Sent By Job
	424  -  Run Bytes Received By Job
	12913  -  Total Bytes Sent By Job
	424  -  Total Bytes Received By Job
	Partitionable Resources :    Usage  Request Allocated 
	   Cpus                 :     0.01        1         1 
	   Disk (KB)            :    33           1    282343 
	   Memory (MB)          :   639        2000      2000 

	Job terminated of its own accord at 2021-06-13T17:27:48Z.
...
