%MSG-i ThreadStreamSetup:  (NoModuleName) 13-Jun-2021 19:18:03 CEST pre-events
setting # threads 4
setting # streams 4
%MSG
13-Jun-2021 19:18:15 CEST  Initiating request to open file file:/eos/cms/store/user/tsarkar/wgen_Vector_MonoZLL_NLO_Mphi-500_Mchi-150_gSM-0p25_gDM-1p0_ctau100p0/RunIISummer20UL17_wmLHEGEN/210607_154034/0000/step_wgen_6.root
13-Jun-2021 19:18:17 CEST  Successfully opened file file:/eos/cms/store/user/tsarkar/wgen_Vector_MonoZLL_NLO_Mphi-500_Mchi-150_gSM-0p25_gDM-1p0_ctau100p0/RunIISummer20UL17_wmLHEGEN/210607_154034/0000/step_wgen_6.root
Begin processing the 1st record. Run 1, Event 251, LumiSection 6 on stream 3 at 13-Jun-2021 19:19:13.649 CEST
Begin processing the 2nd record. Run 1, Event 252, LumiSection 6 on stream 2 at 13-Jun-2021 19:19:13.649 CEST
Begin processing the 3rd record. Run 1, Event 253, LumiSection 6 on stream 1 at 13-Jun-2021 19:19:13.649 CEST
Begin processing the 4th record. Run 1, Event 254, LumiSection 6 on stream 0 at 13-Jun-2021 19:19:13.649 CEST
Begin processing the 5th record. Run 1, Event 255, LumiSection 6 on stream 2 at 13-Jun-2021 19:19:39.155 CEST
Begin processing the 6th record. Run 1, Event 256, LumiSection 6 on stream 3 at 13-Jun-2021 19:19:43.383 CEST
Begin processing the 7th record. Run 1, Event 257, LumiSection 6 on stream 1 at 13-Jun-2021 19:19:49.278 CEST
Begin processing the 8th record. Run 1, Event 258, LumiSection 6 on stream 0 at 13-Jun-2021 19:19:56.868 CEST
Begin processing the 9th record. Run 1, Event 259, LumiSection 6 on stream 2 at 13-Jun-2021 19:20:04.499 CEST
Begin processing the 10th record. Run 1, Event 260, LumiSection 6 on stream 3 at 13-Jun-2021 19:20:11.935 CEST
Begin processing the 11th record. Run 1, Event 261, LumiSection 6 on stream 1 at 13-Jun-2021 19:20:27.862 CEST
Begin processing the 12th record. Run 1, Event 262, LumiSection 6 on stream 0 at 13-Jun-2021 19:20:30.902 CEST
Begin processing the 13th record. Run 1, Event 263, LumiSection 6 on stream 2 at 13-Jun-2021 19:20:37.283 CEST
Begin processing the 14th record. Run 1, Event 264, LumiSection 6 on stream 1 at 13-Jun-2021 19:20:52.162 CEST
Begin processing the 15th record. Run 1, Event 265, LumiSection 6 on stream 3 at 13-Jun-2021 19:20:53.384 CEST
Begin processing the 16th record. Run 1, Event 266, LumiSection 6 on stream 2 at 13-Jun-2021 19:21:04.463 CEST
Begin processing the 17th record. Run 1, Event 267, LumiSection 6 on stream 0 at 13-Jun-2021 19:21:06.315 CEST
Begin processing the 18th record. Run 1, Event 268, LumiSection 6 on stream 3 at 13-Jun-2021 19:21:08.697 CEST
Begin processing the 19th record. Run 1, Event 269, LumiSection 6 on stream 1 at 13-Jun-2021 19:21:27.037 CEST
Begin processing the 20th record. Run 1, Event 270, LumiSection 6 on stream 2 at 13-Jun-2021 19:21:36.639 CEST
Begin processing the 21st record. Run 1, Event 271, LumiSection 6 on stream 2 at 13-Jun-2021 19:21:59.319 CEST
Begin processing the 22nd record. Run 1, Event 272, LumiSection 6 on stream 0 at 13-Jun-2021 19:22:02.255 CEST
Begin processing the 23rd record. Run 1, Event 273, LumiSection 6 on stream 3 at 13-Jun-2021 19:22:08.948 CEST
Begin processing the 24th record. Run 1, Event 274, LumiSection 6 on stream 1 at 13-Jun-2021 19:22:10.131 CEST
Begin processing the 25th record. Run 1, Event 275, LumiSection 6 on stream 2 at 13-Jun-2021 19:22:39.664 CEST
Begin processing the 26th record. Run 1, Event 276, LumiSection 6 on stream 0 at 13-Jun-2021 19:22:46.711 CEST
Begin processing the 27th record. Run 1, Event 277, LumiSection 6 on stream 1 at 13-Jun-2021 19:22:50.625 CEST
Begin processing the 28th record. Run 1, Event 278, LumiSection 6 on stream 3 at 13-Jun-2021 19:22:53.294 CEST
Begin processing the 29th record. Run 1, Event 279, LumiSection 6 on stream 1 at 13-Jun-2021 19:23:18.265 CEST
Begin processing the 30th record. Run 1, Event 280, LumiSection 6 on stream 0 at 13-Jun-2021 19:23:18.621 CEST
Begin processing the 31st record. Run 1, Event 281, LumiSection 6 on stream 3 at 13-Jun-2021 19:23:23.269 CEST
Begin processing the 32nd record. Run 1, Event 282, LumiSection 6 on stream 2 at 13-Jun-2021 19:23:24.336 CEST
Begin processing the 33rd record. Run 1, Event 283, LumiSection 6 on stream 1 at 13-Jun-2021 19:23:44.329 CEST
Begin processing the 34th record. Run 1, Event 284, LumiSection 6 on stream 0 at 13-Jun-2021 19:23:48.444 CEST
Begin processing the 35th record. Run 1, Event 285, LumiSection 6 on stream 3 at 13-Jun-2021 19:23:48.891 CEST
Begin processing the 36th record. Run 1, Event 286, LumiSection 6 on stream 2 at 13-Jun-2021 19:23:58.275 CEST
Begin processing the 37th record. Run 1, Event 287, LumiSection 6 on stream 1 at 13-Jun-2021 19:24:10.786 CEST
Begin processing the 38th record. Run 1, Event 288, LumiSection 6 on stream 0 at 13-Jun-2021 19:24:24.867 CEST
Begin processing the 39th record. Run 1, Event 289, LumiSection 6 on stream 3 at 13-Jun-2021 19:24:29.779 CEST
Begin processing the 40th record. Run 1, Event 290, LumiSection 6 on stream 2 at 13-Jun-2021 19:24:30.796 CEST
Begin processing the 41st record. Run 1, Event 291, LumiSection 6 on stream 1 at 13-Jun-2021 19:24:38.312 CEST
Begin processing the 42nd record. Run 1, Event 292, LumiSection 6 on stream 1 at 13-Jun-2021 19:24:51.531 CEST
Begin processing the 43rd record. Run 1, Event 293, LumiSection 6 on stream 0 at 13-Jun-2021 19:24:58.232 CEST
Begin processing the 44th record. Run 1, Event 294, LumiSection 6 on stream 0 at 13-Jun-2021 19:25:08.074 CEST
Begin processing the 45th record. Run 1, Event 295, LumiSection 6 on stream 3 at 13-Jun-2021 19:25:18.088 CEST
Begin processing the 46th record. Run 1, Event 296, LumiSection 6 on stream 1 at 13-Jun-2021 19:25:22.185 CEST
Begin processing the 47th record. Run 1, Event 297, LumiSection 6 on stream 2 at 13-Jun-2021 19:25:22.750 CEST
Begin processing the 48th record. Run 1, Event 298, LumiSection 6 on stream 1 at 13-Jun-2021 19:25:32.602 CEST
Begin processing the 49th record. Run 1, Event 299, LumiSection 6 on stream 2 at 13-Jun-2021 19:25:47.563 CEST
Begin processing the 50th record. Run 1, Event 300, LumiSection 6 on stream 0 at 13-Jun-2021 19:25:53.795 CEST
13-Jun-2021 19:26:17 CEST  Closed file file:/eos/cms/store/user/tsarkar/wgen_Vector_MonoZLL_NLO_Mphi-500_Mchi-150_gSM-0p25_gDM-1p0_ctau100p0/RunIISummer20UL17_wmLHEGEN/210607_154034/0000/step_wgen_6.root

=============================================

MessageLogger Summary

 type     category        sev    module        subroutine        count    total
 ---- -------------------- -- ---------------- ----------------  -----    -----
    1 fileAction           -s file_close                             1        1
    2 fileAction           -s file_open                              2        2

 type    category    Examples: run/evt        run/evt          run/evt
 ---- -------------------- ---------------- ---------------- ----------------
    1 fileAction           End Run: 1                        
    2 fileAction           pre-events       pre-events       

Severity    # Occurrences   Total Occurrences
--------    -------------   -----------------
System                  3                   3

dropped waiting message count 0
