%MSG-i ThreadStreamSetup:  (NoModuleName) 13-Jun-2021 19:18:05 CEST pre-events
setting # threads 4
setting # streams 4
%MSG
13-Jun-2021 19:18:15 CEST  Initiating request to open file file:/eos/cms/store/user/tsarkar/wgen_Vector_MonoZLL_NLO_Mphi-500_Mchi-150_gSM-0p25_gDM-1p0_ctau100p0/RunIISummer20UL17_wmLHEGEN/210607_154034/0000/step_wgen_2.root
13-Jun-2021 19:18:17 CEST  Successfully opened file file:/eos/cms/store/user/tsarkar/wgen_Vector_MonoZLL_NLO_Mphi-500_Mchi-150_gSM-0p25_gDM-1p0_ctau100p0/RunIISummer20UL17_wmLHEGEN/210607_154034/0000/step_wgen_2.root
Begin processing the 1st record. Run 1, Event 51, LumiSection 2 on stream 0 at 13-Jun-2021 19:19:15.124 CEST
Begin processing the 2nd record. Run 1, Event 52, LumiSection 2 on stream 2 at 13-Jun-2021 19:19:15.125 CEST
Begin processing the 3rd record. Run 1, Event 53, LumiSection 2 on stream 3 at 13-Jun-2021 19:19:15.125 CEST
Begin processing the 4th record. Run 1, Event 54, LumiSection 2 on stream 1 at 13-Jun-2021 19:19:15.125 CEST
Begin processing the 5th record. Run 1, Event 55, LumiSection 2 on stream 3 at 13-Jun-2021 19:19:55.400 CEST
Begin processing the 6th record. Run 1, Event 56, LumiSection 2 on stream 0 at 13-Jun-2021 19:20:06.066 CEST
Begin processing the 7th record. Run 1, Event 57, LumiSection 2 on stream 1 at 13-Jun-2021 19:20:13.540 CEST
Begin processing the 8th record. Run 1, Event 58, LumiSection 2 on stream 2 at 13-Jun-2021 19:20:17.385 CEST
Begin processing the 9th record. Run 1, Event 59, LumiSection 2 on stream 1 at 13-Jun-2021 19:20:28.823 CEST
Begin processing the 10th record. Run 1, Event 60, LumiSection 2 on stream 3 at 13-Jun-2021 19:20:30.793 CEST
Begin processing the 11th record. Run 1, Event 61, LumiSection 2 on stream 3 at 13-Jun-2021 19:20:38.643 CEST
Begin processing the 12th record. Run 1, Event 62, LumiSection 2 on stream 2 at 13-Jun-2021 19:20:45.930 CEST
Begin processing the 13th record. Run 1, Event 63, LumiSection 2 on stream 0 at 13-Jun-2021 19:20:46.435 CEST
Begin processing the 14th record. Run 1, Event 64, LumiSection 2 on stream 3 at 13-Jun-2021 19:21:02.634 CEST
Begin processing the 15th record. Run 1, Event 65, LumiSection 2 on stream 1 at 13-Jun-2021 19:21:06.385 CEST
Begin processing the 16th record. Run 1, Event 66, LumiSection 2 on stream 0 at 13-Jun-2021 19:21:22.172 CEST
Begin processing the 17th record. Run 1, Event 67, LumiSection 2 on stream 2 at 13-Jun-2021 19:21:27.307 CEST
Begin processing the 18th record. Run 1, Event 68, LumiSection 2 on stream 3 at 13-Jun-2021 19:21:35.890 CEST
Begin processing the 19th record. Run 1, Event 69, LumiSection 2 on stream 1 at 13-Jun-2021 19:21:48.026 CEST
Begin processing the 20th record. Run 1, Event 70, LumiSection 2 on stream 3 at 13-Jun-2021 19:22:02.731 CEST
Begin processing the 21st record. Run 1, Event 71, LumiSection 2 on stream 0 at 13-Jun-2021 19:22:05.804 CEST
Begin processing the 22nd record. Run 1, Event 72, LumiSection 2 on stream 0 at 13-Jun-2021 19:22:20.188 CEST
Begin processing the 23rd record. Run 1, Event 73, LumiSection 2 on stream 2 at 13-Jun-2021 19:22:21.024 CEST
Begin processing the 24th record. Run 1, Event 74, LumiSection 2 on stream 1 at 13-Jun-2021 19:22:37.689 CEST
Begin processing the 25th record. Run 1, Event 75, LumiSection 2 on stream 3 at 13-Jun-2021 19:22:40.390 CEST
Begin processing the 26th record. Run 1, Event 76, LumiSection 2 on stream 0 at 13-Jun-2021 19:22:44.019 CEST
Begin processing the 27th record. Run 1, Event 77, LumiSection 2 on stream 2 at 13-Jun-2021 19:23:02.629 CEST
Begin processing the 28th record. Run 1, Event 78, LumiSection 2 on stream 0 at 13-Jun-2021 19:23:04.097 CEST
Begin processing the 29th record. Run 1, Event 79, LumiSection 2 on stream 0 at 13-Jun-2021 19:23:06.473 CEST
Begin processing the 30th record. Run 1, Event 80, LumiSection 2 on stream 1 at 13-Jun-2021 19:23:08.526 CEST
Begin processing the 31st record. Run 1, Event 81, LumiSection 2 on stream 3 at 13-Jun-2021 19:23:16.913 CEST
Begin processing the 32nd record. Run 1, Event 82, LumiSection 2 on stream 1 at 13-Jun-2021 19:23:43.839 CEST
Begin processing the 33rd record. Run 1, Event 83, LumiSection 2 on stream 0 at 13-Jun-2021 19:23:44.304 CEST
Begin processing the 34th record. Run 1, Event 84, LumiSection 2 on stream 2 at 13-Jun-2021 19:23:44.989 CEST
Begin processing the 35th record. Run 1, Event 85, LumiSection 2 on stream 1 at 13-Jun-2021 19:24:16.220 CEST
Begin processing the 36th record. Run 1, Event 86, LumiSection 2 on stream 3 at 13-Jun-2021 19:24:20.651 CEST
Begin processing the 37th record. Run 1, Event 87, LumiSection 2 on stream 0 at 13-Jun-2021 19:24:27.449 CEST
Begin processing the 38th record. Run 1, Event 88, LumiSection 2 on stream 2 at 13-Jun-2021 19:24:27.779 CEST
Begin processing the 39th record. Run 1, Event 89, LumiSection 2 on stream 0 at 13-Jun-2021 19:25:01.063 CEST
Begin processing the 40th record. Run 1, Event 90, LumiSection 2 on stream 1 at 13-Jun-2021 19:25:08.083 CEST
Begin processing the 41st record. Run 1, Event 91, LumiSection 2 on stream 3 at 13-Jun-2021 19:25:12.407 CEST
Begin processing the 42nd record. Run 1, Event 92, LumiSection 2 on stream 2 at 13-Jun-2021 19:25:26.534 CEST
Begin processing the 43rd record. Run 1, Event 93, LumiSection 2 on stream 1 at 13-Jun-2021 19:25:37.702 CEST
Begin processing the 44th record. Run 1, Event 94, LumiSection 2 on stream 0 at 13-Jun-2021 19:25:53.346 CEST
Begin processing the 45th record. Run 1, Event 95, LumiSection 2 on stream 0 at 13-Jun-2021 19:26:00.634 CEST
Begin processing the 46th record. Run 1, Event 96, LumiSection 2 on stream 2 at 13-Jun-2021 19:26:06.949 CEST
Begin processing the 47th record. Run 1, Event 97, LumiSection 2 on stream 1 at 13-Jun-2021 19:26:08.097 CEST
Begin processing the 48th record. Run 1, Event 98, LumiSection 2 on stream 3 at 13-Jun-2021 19:26:20.343 CEST
Begin processing the 49th record. Run 1, Event 99, LumiSection 2 on stream 1 at 13-Jun-2021 19:26:29.352 CEST
Begin processing the 50th record. Run 1, Event 100, LumiSection 2 on stream 3 at 13-Jun-2021 19:26:44.766 CEST
13-Jun-2021 19:27:09 CEST  Closed file file:/eos/cms/store/user/tsarkar/wgen_Vector_MonoZLL_NLO_Mphi-500_Mchi-150_gSM-0p25_gDM-1p0_ctau100p0/RunIISummer20UL17_wmLHEGEN/210607_154034/0000/step_wgen_2.root

=============================================

MessageLogger Summary

 type     category        sev    module        subroutine        count    total
 ---- -------------------- -- ---------------- ----------------  -----    -----
    1 fileAction           -s file_close                             1        1
    2 fileAction           -s file_open                              2        2

 type    category    Examples: run/evt        run/evt          run/evt
 ---- -------------------- ---------------- ---------------- ----------------
    1 fileAction           PostGlobalEndRun                  
    2 fileAction           pre-events       pre-events       

Severity    # Occurrences   Total Occurrences
--------    -------------   -----------------
System                  3                   3

dropped waiting message count 0
