000 (7312056.000.000) 06/14 14:45:09 Job submitted from host: <137.138.44.75:9618?addrs=137.138.44.75-9618+[2001-1458-d00-1a--b]-9618&alias=bigbird14.cern.ch&noUDP&sock=schedd_3149486_02ef>
...
040 (7312056.000.000) 06/14 15:40:04 Started transferring input files
	Transferring to host: <188.184.212.122:9618?addrs=188.184.212.122-9618+[2001-1458-301-10c--100-5d]-9618&alias=b7g24n0206.cern.ch&noUDP&sock=slot1_5_1774_b181_97092>
...
040 (7312056.000.000) 06/14 15:40:04 Finished transferring input files
...
001 (7312056.000.000) 06/14 15:40:05 Job executing on host: <188.184.212.122:9618?addrs=188.184.212.122-9618+[2001-1458-301-10c--100-5d]-9618&alias=b7g24n0206.cern.ch&noUDP&sock=startd_20301_603b>
...
006 (7312056.000.000) 06/14 15:40:14 Image size of job updated: 254892
	27  -  MemoryUsage of job (MB)
	26732  -  ResidentSetSize of job (KB)
...
006 (7312056.000.000) 06/14 15:45:15 Image size of job updated: 2341048
	1256  -  MemoryUsage of job (MB)
	1285216  -  ResidentSetSize of job (KB)
...
006 (7312056.000.000) 06/14 15:47:51 Image size of job updated: 2513080
	1256  -  MemoryUsage of job (MB)
	1285316  -  ResidentSetSize of job (KB)
...
040 (7312056.000.000) 06/14 15:47:51 Started transferring output files
...
040 (7312056.000.000) 06/14 15:47:51 Finished transferring output files
...
005 (7312056.000.000) 06/14 15:47:51 Job terminated.
	(1) Normal termination (return value 0)
		Usr 0 00:06:41, Sys 0 00:00:08  -  Run Remote Usage
		Usr 0 00:00:00, Sys 0 00:00:00  -  Run Local Usage
		Usr 0 00:06:41, Sys 0 00:00:08  -  Total Remote Usage
		Usr 0 00:00:00, Sys 0 00:00:00  -  Total Local Usage
	15753  -  Run Bytes Sent By Job
	431  -  Run Bytes Received By Job
	15753  -  Total Bytes Sent By Job
	431  -  Total Bytes Received By Job
	Partitionable Resources :    Usage  Request Allocated 
	   Cpus                 :                 1         1 
	   Disk (KB)            :       29        1    301615 
	   Memory (MB)          :     1256     2000      2000 

	Job terminated of its own accord at 2021-06-14T13:47:51Z.
...
