000 (7312057.000.000) 06/14 14:45:10 Job submitted from host: <137.138.44.75:9618?addrs=137.138.44.75-9618+[2001-1458-d00-1a--b]-9618&alias=bigbird14.cern.ch&noUDP&sock=schedd_3149486_02ef>
...
040 (7312057.000.000) 06/14 15:46:03 Started transferring input files
	Transferring to host: <188.184.212.81:9618?addrs=188.184.212.81-9618+[2001-1458-301-10c--100-51]-9618&alias=b7g24n0163.cern.ch&noUDP&sock=slot1_2_24696_50e5_96249>
...
040 (7312057.000.000) 06/14 15:46:03 Finished transferring input files
...
001 (7312057.000.000) 06/14 15:46:04 Job executing on host: <188.184.212.81:9618?addrs=188.184.212.81-9618+[2001-1458-301-10c--100-51]-9618&alias=b7g24n0163.cern.ch&noUDP&sock=startd_1948_be94>
...
006 (7312057.000.000) 06/14 15:46:13 Image size of job updated: 419728
	61  -  MemoryUsage of job (MB)
	62128  -  ResidentSetSize of job (KB)
...
006 (7312057.000.000) 06/14 15:51:13 Image size of job updated: 2333372
	1229  -  MemoryUsage of job (MB)
	1258040  -  ResidentSetSize of job (KB)
...
040 (7312057.000.000) 06/14 15:51:46 Started transferring output files
...
040 (7312057.000.000) 06/14 15:51:46 Finished transferring output files
...
005 (7312057.000.000) 06/14 15:51:46 Job terminated.
	(1) Normal termination (return value 0)
		Usr 0 00:05:03, Sys 0 00:00:08  -  Run Remote Usage
		Usr 0 00:00:00, Sys 0 00:00:00  -  Run Local Usage
		Usr 0 00:05:03, Sys 0 00:00:08  -  Total Remote Usage
		Usr 0 00:00:00, Sys 0 00:00:00  -  Total Local Usage
	15443  -  Run Bytes Sent By Job
	431  -  Run Bytes Received By Job
	15443  -  Total Bytes Sent By Job
	431  -  Total Bytes Received By Job
	Partitionable Resources :    Usage  Request Allocated 
	   Cpus                 :     0.99        1         1 
	   Disk (KB)            :    37           1    295186 
	   Memory (MB)          :  1229        2000      2000 

	Job terminated of its own accord at 2021-06-14T13:51:46Z.
...
