14-Jun-2021 15:40:31 CEST  Initiating request to open file file:/eos/cms/store/user/tsarkar/DIGIPremix_Condor_output_Vector_MonoZLL_NLO_Mphi-500_Mchi-150_gSM-0p25_gDM-1p0_ctau0p1/step_DIGIPremix_2017UL_3.root
14-Jun-2021 15:40:35 CEST  Successfully opened file file:/eos/cms/store/user/tsarkar/DIGIPremix_Condor_output_Vector_MonoZLL_NLO_Mphi-500_Mchi-150_gSM-0p25_gDM-1p0_ctau0p1/step_DIGIPremix_2017UL_3.root
Begin processing the 1st record. Run 1, Event 501, LumiSection 11 at 14-Jun-2021 15:42:28.456 CEST
Begin processing the 2nd record. Run 1, Event 504, LumiSection 11 at 14-Jun-2021 15:42:37.739 CEST
Begin processing the 3rd record. Run 1, Event 505, LumiSection 11 at 14-Jun-2021 15:42:42.238 CEST
Begin processing the 4th record. Run 1, Event 502, LumiSection 11 at 14-Jun-2021 15:42:46.669 CEST
Begin processing the 5th record. Run 1, Event 503, LumiSection 11 at 14-Jun-2021 15:42:52.680 CEST
Begin processing the 6th record. Run 1, Event 507, LumiSection 11 at 14-Jun-2021 15:43:04.946 CEST
Begin processing the 7th record. Run 1, Event 506, LumiSection 11 at 14-Jun-2021 15:43:06.843 CEST
Begin processing the 8th record. Run 1, Event 508, LumiSection 11 at 14-Jun-2021 15:43:13.352 CEST
Begin processing the 9th record. Run 1, Event 509, LumiSection 11 at 14-Jun-2021 15:43:18.869 CEST
Begin processing the 10th record. Run 1, Event 511, LumiSection 11 at 14-Jun-2021 15:43:25.539 CEST
%MSG-w InvalidInputTag:  CSCHaloDataProducer:hltCSCHaloData  14-Jun-2021 15:43:27 CEST Run: 1 Event: 511
 The Cosmic Muon collection does not appear to be in the event. These beam halo  identification variables will be empty
%MSG
Begin processing the 11th record. Run 1, Event 514, LumiSection 11 at 14-Jun-2021 15:43:27.678 CEST
Begin processing the 12th record. Run 1, Event 513, LumiSection 11 at 14-Jun-2021 15:43:32.985 CEST
Begin processing the 13th record. Run 1, Event 512, LumiSection 11 at 14-Jun-2021 15:43:42.962 CEST
Begin processing the 14th record. Run 1, Event 517, LumiSection 11 at 14-Jun-2021 15:43:46.902 CEST
Begin processing the 15th record. Run 1, Event 510, LumiSection 11 at 14-Jun-2021 15:43:49.433 CEST
Begin processing the 16th record. Run 1, Event 519, LumiSection 11 at 14-Jun-2021 15:43:55.701 CEST
Begin processing the 17th record. Run 1, Event 515, LumiSection 11 at 14-Jun-2021 15:44:02.205 CEST
Begin processing the 18th record. Run 1, Event 516, LumiSection 11 at 14-Jun-2021 15:44:05.934 CEST
Begin processing the 19th record. Run 1, Event 518, LumiSection 11 at 14-Jun-2021 15:44:09.241 CEST
%MSG-w Muon:  L3MuonProducer:hltL3NoFiltersNoVtxMuonsOIHit  14-Jun-2021 15:44:09 CEST Run: 1 Event: 518
     Failed to load tracker track trajectory
%MSG
%MSG-w RecoMuon:  L3MuonProducer:hltL3NoFiltersNoVtxMuonsOIHit  14-Jun-2021 15:44:09 CEST Run: 1 Event: 518
     Failed to load tracker track trajectory
%MSG
%MSG-w GlobalMuon:  L3MuonProducer:hltL3NoFiltersNoVtxMuonsOIHit  14-Jun-2021 15:44:09 CEST Run: 1 Event: 518
     Failed to load tracker track trajectory
%MSG
%MSG-w GlobalTrajectoryBuilderBase:   L3MuonProducer:hltL3NoFiltersNoVtxMuonsOIHit 14-Jun-2021 15:44:09 CEST  Run: 1 Event: 518
     Failed to load tracker track trajectory
%MSG
Begin processing the 20th record. Run 1, Event 521, LumiSection 11 at 14-Jun-2021 15:44:10.111 CEST
Begin processing the 21st record. Run 1, Event 520, LumiSection 11 at 14-Jun-2021 15:44:15.385 CEST
Begin processing the 22nd record. Run 1, Event 522, LumiSection 11 at 14-Jun-2021 15:44:17.729 CEST
Begin processing the 23rd record. Run 1, Event 523, LumiSection 11 at 14-Jun-2021 15:44:20.493 CEST
Begin processing the 24th record. Run 1, Event 524, LumiSection 11 at 14-Jun-2021 15:44:31.648 CEST
Begin processing the 25th record. Run 1, Event 526, LumiSection 11 at 14-Jun-2021 15:44:34.722 CEST
Begin processing the 26th record. Run 1, Event 525, LumiSection 11 at 14-Jun-2021 15:44:40.164 CEST
Begin processing the 27th record. Run 1, Event 529, LumiSection 11 at 14-Jun-2021 15:44:42.223 CEST
Begin processing the 28th record. Run 1, Event 527, LumiSection 11 at 14-Jun-2021 15:44:45.051 CEST
Begin processing the 29th record. Run 1, Event 530, LumiSection 11 at 14-Jun-2021 15:44:46.215 CEST
%MSG-w InvalidHelix:   SeedCreatorFromRegionConsecutiveHitsEDProducer:hltFullIter9TobTecSeedsTripl  14-Jun-2021 15:44:54 CEST Run: 1 Event: 530
PixelClusterShapeSeedComparitor helix is not valid, result is bad
%MSG
%MSG-w InvalidHelix:   SeedCreatorFromRegionConsecutiveHitsEDProducer:hltFullIter9TobTecSeedsTripl  14-Jun-2021 15:44:54 CEST Run: 1 Event: 530
PixelClusterShapeSeedComparitor helix is not valid, result is bad
%MSG
Begin processing the 30th record. Run 1, Event 531, LumiSection 11 at 14-Jun-2021 15:44:55.968 CEST
Begin processing the 31st record. Run 1, Event 532, LumiSection 11 at 14-Jun-2021 15:45:02.079 CEST
Begin processing the 32nd record. Run 1, Event 534, LumiSection 11 at 14-Jun-2021 15:45:08.067 CEST
Begin processing the 33rd record. Run 1, Event 533, LumiSection 11 at 14-Jun-2021 15:45:11.659 CEST
Begin processing the 34th record. Run 1, Event 528, LumiSection 11 at 14-Jun-2021 15:45:15.459 CEST
Begin processing the 35th record. Run 1, Event 535, LumiSection 11 at 14-Jun-2021 15:45:18.902 CEST
%MSG-w InvalidHelix:   SeedCreatorFromRegionConsecutiveHitsEDProducer:hltFullIter9TobTecSeedsPair  14-Jun-2021 15:45:36 CEST Run: 1 Event: 535
PixelClusterShapeSeedComparitor helix is not valid, result is bad
%MSG
Begin processing the 36th record. Run 1, Event 536, LumiSection 11 at 14-Jun-2021 15:45:38.983 CEST
Begin processing the 37th record. Run 1, Event 537, LumiSection 11 at 14-Jun-2021 15:45:43.227 CEST
Begin processing the 38th record. Run 1, Event 541, LumiSection 11 at 14-Jun-2021 15:45:53.600 CEST
Begin processing the 39th record. Run 1, Event 540, LumiSection 11 at 14-Jun-2021 15:45:59.603 CEST
Begin processing the 40th record. Run 1, Event 539, LumiSection 11 at 14-Jun-2021 15:46:04.897 CEST
%MSG-w InvalidHelix:   SeedCreatorFromRegionConsecutiveHitsEDProducer:hltFullIter9TobTecSeedsPair  14-Jun-2021 15:46:13 CEST Run: 1 Event: 539
PixelClusterShapeSeedComparitor helix is not valid, result is bad
%MSG
Begin processing the 41st record. Run 1, Event 538, LumiSection 11 at 14-Jun-2021 15:46:14.913 CEST
%MSG-e TrajectoryNotPosDef:   TrackProducer:hltIter2PFlowCtfWithMaterialTracksForPhotons  14-Jun-2021 15:46:15 CEST Run: 1 Event: 538
Trajectory covariance is not positive-definite
%MSG
%MSG-e TrajectoryNotPosDef:   TrackProducer:hltIter2ElectronsCtfWithMaterialTracks 14-Jun-2021 15:46:17 CEST  Run: 1 Event: 538
Trajectory covariance is not positive-definite
%MSG
Begin processing the 42nd record. Run 1, Event 543, LumiSection 11 at 14-Jun-2021 15:46:34.909 CEST
Begin processing the 43rd record. Run 1, Event 544, LumiSection 11 at 14-Jun-2021 15:46:35.694 CEST
Begin processing the 44th record. Run 1, Event 546, LumiSection 11 at 14-Jun-2021 15:46:46.920 CEST
Begin processing the 45th record. Run 1, Event 545, LumiSection 11 at 14-Jun-2021 15:46:48.277 CEST
Begin processing the 46th record. Run 1, Event 547, LumiSection 11 at 14-Jun-2021 15:46:51.597 CEST
Begin processing the 47th record. Run 1, Event 548, LumiSection 11 at 14-Jun-2021 15:46:52.598 CEST
Begin processing the 48th record. Run 1, Event 542, LumiSection 11 at 14-Jun-2021 15:46:57.766 CEST
Begin processing the 49th record. Run 1, Event 549, LumiSection 11 at 14-Jun-2021 15:47:05.664 CEST
Begin processing the 50th record. Run 1, Event 550, LumiSection 11 at 14-Jun-2021 15:47:06.369 CEST
14-Jun-2021 15:47:09 CEST  Closed file file:/eos/cms/store/user/tsarkar/DIGIPremix_Condor_output_Vector_MonoZLL_NLO_Mphi-500_Mchi-150_gSM-0p25_gDM-1p0_ctau0p1/step_DIGIPremix_2017UL_3.root

=============================================

MessageLogger Summary

 type     category        sev    module        subroutine        count    total
 ---- -------------------- -- ---------------- ----------------  -----    -----
    1 GlobalMuon           -w L3MuonProducer:h                       1        1
    2 GlobalTrajectoryBuil -w L3MuonProducer:h                       1        1
    3 InvalidHelix         -w SeedCreatorFromR                       2        2
    4 InvalidHelix         -w SeedCreatorFromR                       2        2
    5 InvalidInputTag      -w CSCHaloDataProdu                       1        1
    6 Muon                 -w L3MuonProducer:h                       1        1
    7 RecoMuon             -w L3MuonProducer:h                       1        1
    8 TrajectoryNotPosDef  -e TrackProducer:hl                       1        1
    9 TrajectoryNotPosDef  -e TrackProducer:hl                       1        1
   10 fileAction           -s file_close                             1        1
   11 fileAction           -s file_open                              2        2

 type    category    Examples: run/evt        run/evt          run/evt
 ---- -------------------- ---------------- ---------------- ----------------
    1 GlobalMuon           1/518                             
    2 GlobalTrajectoryBuilderBase 1/518                             
    3 InvalidHelix         1/535            1/539            
    4 InvalidHelix         1/530            1/530            
    5 InvalidInputTag      1/511                             
    6 Muon                 1/518                             
    7 RecoMuon             1/518                             
    8 TrajectoryNotPosDef  1/538                             
    9 TrajectoryNotPosDef  1/538                             
   10 fileAction           PostGlobalEndRun                  
   11 fileAction           pre-events       pre-events       

Severity    # Occurrences   Total Occurrences
--------    -------------   -----------------
Warning                 9                   9
Error                   2                   2
System                  3                   3

dropped waiting message count 0
