14-Jun-2021 15:40:19 CEST  Initiating request to open file file:/eos/cms/store/user/tsarkar/DIGIPremix_Condor_output_Vector_MonoZLL_NLO_Mphi-500_Mchi-150_gSM-0p25_gDM-1p0_ctau0p1/step_DIGIPremix_2017UL_14.root
14-Jun-2021 15:40:24 CEST  Successfully opened file file:/eos/cms/store/user/tsarkar/DIGIPremix_Condor_output_Vector_MonoZLL_NLO_Mphi-500_Mchi-150_gSM-0p25_gDM-1p0_ctau0p1/step_DIGIPremix_2017UL_14.root
Begin processing the 1st record. Run 1, Event 101, LumiSection 3 at 14-Jun-2021 15:42:15.773 CEST
Begin processing the 2nd record. Run 1, Event 102, LumiSection 3 at 14-Jun-2021 15:42:31.397 CEST
Begin processing the 3rd record. Run 1, Event 103, LumiSection 3 at 14-Jun-2021 15:42:33.644 CEST
%MSG-w InvalidInputTag:  CSCHaloDataProducer:hltCSCHaloData  14-Jun-2021 15:42:42 CEST Run: 1 Event: 103
 The Cosmic Muon collection does not appear to be in the event. These beam halo  identification variables will be empty
%MSG
Begin processing the 4th record. Run 1, Event 105, LumiSection 3 at 14-Jun-2021 15:42:43.087 CEST
Begin processing the 5th record. Run 1, Event 104, LumiSection 3 at 14-Jun-2021 15:42:44.361 CEST
%MSG-w Muon:  L3MuonProducer:hltL3NoFiltersNoVtxMuonsOIHit  14-Jun-2021 15:42:45 CEST Run: 1 Event: 104
     Failed to load tracker track trajectory
%MSG
%MSG-w RecoMuon:  L3MuonProducer:hltL3NoFiltersNoVtxMuonsOIHit  14-Jun-2021 15:42:45 CEST Run: 1 Event: 104
     Failed to load tracker track trajectory
%MSG
%MSG-w GlobalMuon:  L3MuonProducer:hltL3NoFiltersNoVtxMuonsOIHit  14-Jun-2021 15:42:45 CEST Run: 1 Event: 104
     Failed to load tracker track trajectory
%MSG
%MSG-w GlobalTrajectoryBuilderBase:   L3MuonProducer:hltL3NoFiltersNoVtxMuonsOIHit 14-Jun-2021 15:42:45 CEST  Run: 1 Event: 104
     Failed to load tracker track trajectory
%MSG
Begin processing the 6th record. Run 1, Event 106, LumiSection 3 at 14-Jun-2021 15:42:48.382 CEST
Begin processing the 7th record. Run 1, Event 107, LumiSection 3 at 14-Jun-2021 15:42:53.759 CEST
Begin processing the 8th record. Run 1, Event 109, LumiSection 3 at 14-Jun-2021 15:42:55.634 CEST
%MSG-w InvalidHelix:   SeedCreatorFromRegionConsecutiveHitsEDProducer:hltFullIter9TobTecSeedsTripl  14-Jun-2021 15:43:25 CEST Run: 1 Event: 109
PixelClusterShapeSeedComparitor helix is not valid, result is bad
%MSG
Begin processing the 9th record. Run 1, Event 108, LumiSection 3 at 14-Jun-2021 15:43:28.127 CEST
Begin processing the 10th record. Run 1, Event 110, LumiSection 3 at 14-Jun-2021 15:43:36.720 CEST
Begin processing the 11th record. Run 1, Event 111, LumiSection 3 at 14-Jun-2021 15:43:45.232 CEST
Begin processing the 12th record. Run 1, Event 113, LumiSection 3 at 14-Jun-2021 15:43:46.366 CEST
Begin processing the 13th record. Run 1, Event 114, LumiSection 3 at 14-Jun-2021 15:43:51.007 CEST
Begin processing the 14th record. Run 1, Event 112, LumiSection 3 at 14-Jun-2021 15:43:55.829 CEST
Begin processing the 15th record. Run 1, Event 115, LumiSection 3 at 14-Jun-2021 15:43:58.316 CEST
Begin processing the 16th record. Run 1, Event 116, LumiSection 3 at 14-Jun-2021 15:43:59.140 CEST
Begin processing the 17th record. Run 1, Event 119, LumiSection 3 at 14-Jun-2021 15:44:03.119 CEST
Begin processing the 18th record. Run 1, Event 118, LumiSection 3 at 14-Jun-2021 15:44:12.200 CEST
Begin processing the 19th record. Run 1, Event 121, LumiSection 3 at 14-Jun-2021 15:44:15.897 CEST
Begin processing the 20th record. Run 1, Event 120, LumiSection 3 at 14-Jun-2021 15:44:24.201 CEST
Begin processing the 21st record. Run 1, Event 117, LumiSection 3 at 14-Jun-2021 15:44:25.965 CEST
%MSG-e TrajectoryNotPosDef:   TrackProducer:hltIter2ElectronsCtfWithMaterialTracks 14-Jun-2021 15:44:28 CEST  Run: 1 Event: 117
Trajectory covariance is not positive-definite
%MSG
Begin processing the 22nd record. Run 1, Event 122, LumiSection 3 at 14-Jun-2021 15:44:38.502 CEST
Begin processing the 23rd record. Run 1, Event 126, LumiSection 3 at 14-Jun-2021 15:44:39.637 CEST
Begin processing the 24th record. Run 1, Event 125, LumiSection 3 at 14-Jun-2021 15:44:41.885 CEST
%MSG-w Muon:  L3MuonProducer:hltL3NoFiltersNoVtxMuonsOIState  14-Jun-2021 15:44:43 CEST Run: 1 Event: 125
     Failed to load tracker track trajectory
%MSG
%MSG-w RecoMuon:  L3MuonProducer:hltL3NoFiltersNoVtxMuonsOIState  14-Jun-2021 15:44:43 CEST Run: 1 Event: 125
     Failed to load tracker track trajectory
%MSG
%MSG-w GlobalMuon:  L3MuonProducer:hltL3NoFiltersNoVtxMuonsOIState  14-Jun-2021 15:44:43 CEST Run: 1 Event: 125
     Failed to load tracker track trajectory
%MSG
%MSG-w GlobalTrajectoryBuilderBase:   L3MuonProducer:hltL3NoFiltersNoVtxMuonsOIState 14-Jun-2021 15:44:43 CEST  Run: 1 Event: 125
     Failed to load tracker track trajectory
%MSG
%MSG-w Muon:  L3MuonProducer:hltL3NoFiltersNoVtxMuonsOIHit  14-Jun-2021 15:44:43 CEST Run: 1 Event: 125
     Failed to load tracker track trajectory
%MSG
%MSG-w RecoMuon:  L3MuonProducer:hltL3NoFiltersNoVtxMuonsOIHit  14-Jun-2021 15:44:43 CEST Run: 1 Event: 125
     Failed to load tracker track trajectory
%MSG
%MSG-w GlobalMuon:  L3MuonProducer:hltL3NoFiltersNoVtxMuonsOIHit  14-Jun-2021 15:44:43 CEST Run: 1 Event: 125
     Failed to load tracker track trajectory
%MSG
%MSG-w GlobalTrajectoryBuilderBase:   L3MuonProducer:hltL3NoFiltersNoVtxMuonsOIHit 14-Jun-2021 15:44:43 CEST  Run: 1 Event: 125
     Failed to load tracker track trajectory
%MSG
Begin processing the 25th record. Run 1, Event 124, LumiSection 3 at 14-Jun-2021 15:44:50.997 CEST
Begin processing the 26th record. Run 1, Event 123, LumiSection 3 at 14-Jun-2021 15:45:01.846 CEST
Begin processing the 27th record. Run 1, Event 129, LumiSection 3 at 14-Jun-2021 15:45:09.298 CEST
Begin processing the 28th record. Run 1, Event 128, LumiSection 3 at 14-Jun-2021 15:45:15.893 CEST
Begin processing the 29th record. Run 1, Event 127, LumiSection 3 at 14-Jun-2021 15:45:20.744 CEST
Begin processing the 30th record. Run 1, Event 132, LumiSection 3 at 14-Jun-2021 15:45:29.446 CEST
Begin processing the 31st record. Run 1, Event 131, LumiSection 3 at 14-Jun-2021 15:45:33.328 CEST
%MSG-w InvalidHelix:   SeedCreatorFromRegionConsecutiveHitsEDProducer:hltFullIter9TobTecSeedsTripl  14-Jun-2021 15:45:42 CEST Run: 1 Event: 131
PixelClusterShapeSeedComparitor helix is not valid, result is bad
%MSG
Begin processing the 32nd record. Run 1, Event 134, LumiSection 3 at 14-Jun-2021 15:45:43.699 CEST
Begin processing the 33rd record. Run 1, Event 130, LumiSection 3 at 14-Jun-2021 15:45:44.388 CEST
Begin processing the 34th record. Run 1, Event 133, LumiSection 3 at 14-Jun-2021 15:45:49.461 CEST
Begin processing the 35th record. Run 1, Event 136, LumiSection 3 at 14-Jun-2021 15:45:55.432 CEST
Begin processing the 36th record. Run 1, Event 135, LumiSection 3 at 14-Jun-2021 15:45:56.653 CEST
Begin processing the 37th record. Run 1, Event 138, LumiSection 3 at 14-Jun-2021 15:46:01.039 CEST
Begin processing the 38th record. Run 1, Event 139, LumiSection 3 at 14-Jun-2021 15:46:05.258 CEST
%MSG-w InvalidHelix:   SeedCreatorFromRegionConsecutiveHitsEDProducer:hltFullIter9TobTecSeedsPair  14-Jun-2021 15:46:14 CEST Run: 1 Event: 139
PixelClusterShapeSeedComparitor helix is not valid, result is bad
%MSG
Begin processing the 39th record. Run 1, Event 140, LumiSection 3 at 14-Jun-2021 15:46:14.858 CEST
Begin processing the 40th record. Run 1, Event 143, LumiSection 3 at 14-Jun-2021 15:46:15.943 CEST
Begin processing the 41st record. Run 1, Event 137, LumiSection 3 at 14-Jun-2021 15:46:22.044 CEST
Begin processing the 42nd record. Run 1, Event 142, LumiSection 3 at 14-Jun-2021 15:46:32.336 CEST
Begin processing the 43rd record. Run 1, Event 146, LumiSection 3 at 14-Jun-2021 15:46:40.467 CEST
%MSG-w InvalidHelix:   SeedCreatorFromRegionConsecutiveHitsEDProducer:hltIter2HighPtTkMuPixelSeeds  14-Jun-2021 15:46:51 CEST Run: 1 Event: 146
PixelClusterShapeSeedComparitor helix is not valid, result is bad
%MSG
Begin processing the 44th record. Run 1, Event 141, LumiSection 3 at 14-Jun-2021 15:46:51.684 CEST
Begin processing the 45th record. Run 1, Event 145, LumiSection 3 at 14-Jun-2021 15:46:55.847 CEST
%MSG-w InvalidHelix:   SeedCreatorFromRegionConsecutiveHitsTripletOnlyEDProducer:hltFullIter8PixelLessSeeds  14-Jun-2021 15:47:02 CEST Run: 1 Event: 145
PixelClusterShapeSeedComparitor helix is not valid, result is bad
%MSG
Begin processing the 46th record. Run 1, Event 144, LumiSection 3 at 14-Jun-2021 15:47:04.695 CEST
Begin processing the 47th record. Run 1, Event 147, LumiSection 3 at 14-Jun-2021 15:47:11.896 CEST
Begin processing the 48th record. Run 1, Event 149, LumiSection 3 at 14-Jun-2021 15:47:19.620 CEST
Begin processing the 49th record. Run 1, Event 148, LumiSection 3 at 14-Jun-2021 15:47:28.677 CEST
Begin processing the 50th record. Run 1, Event 150, LumiSection 3 at 14-Jun-2021 15:47:33.960 CEST
14-Jun-2021 15:47:42 CEST  Closed file file:/eos/cms/store/user/tsarkar/DIGIPremix_Condor_output_Vector_MonoZLL_NLO_Mphi-500_Mchi-150_gSM-0p25_gDM-1p0_ctau0p1/step_DIGIPremix_2017UL_14.root

=============================================

MessageLogger Summary

 type     category        sev    module        subroutine        count    total
 ---- -------------------- -- ---------------- ----------------  -----    -----
    1 GlobalMuon           -w L3MuonProducer:h                       2        2
    2 GlobalMuon           -w L3MuonProducer:h                       1        1
    3 GlobalTrajectoryBuil -w L3MuonProducer:h                       2        2
    4 GlobalTrajectoryBuil -w L3MuonProducer:h                       1        1
    5 InvalidHelix         -w SeedCreatorFromR                       1        1
    6 InvalidHelix         -w SeedCreatorFromR                       2        2
    7 InvalidHelix         -w SeedCreatorFromR                       1        1
    8 InvalidHelix         -w SeedCreatorFromR                       1        1
    9 InvalidInputTag      -w CSCHaloDataProdu                       1        1
   10 Muon                 -w L3MuonProducer:h                       2        2
   11 Muon                 -w L3MuonProducer:h                       1        1
   12 RecoMuon             -w L3MuonProducer:h                       2        2
   13 RecoMuon             -w L3MuonProducer:h                       1        1
   14 TrajectoryNotPosDef  -e TrackProducer:hl                       1        1
   15 fileAction           -s file_close                             1        1
   16 fileAction           -s file_open                              2        2

 type    category    Examples: run/evt        run/evt          run/evt
 ---- -------------------- ---------------- ---------------- ----------------
    1 GlobalMuon           1/104            1/125            
    2 GlobalMuon           1/125                             
    3 GlobalTrajectoryBuilderBase 1/104            1/125            
    4 GlobalTrajectoryBuilderBase 1/125                             
    5 InvalidHelix         1/139                             
    6 InvalidHelix         1/109            1/131            
    7 InvalidHelix         1/146                             
    8 InvalidHelix         1/145                             
    9 InvalidInputTag      1/103                             
   10 Muon                 1/104            1/125            
   11 Muon                 1/125                             
   12 RecoMuon             1/104            1/125            
   13 RecoMuon             1/125                             
   14 TrajectoryNotPosDef  1/117                             
   15 fileAction           PostGlobalEndRun                  
   16 fileAction           pre-events       pre-events       

Severity    # Occurrences   Total Occurrences
--------    -------------   -----------------
Warning                18                  18
Error                   1                   1
System                  3                   3

dropped waiting message count 0
