000 (7312053.000.000) 06/14 14:45:04 Job submitted from host: <137.138.44.75:9618?addrs=137.138.44.75-9618+[2001-1458-d00-1a--b]-9618&alias=bigbird14.cern.ch&noUDP&sock=schedd_3149486_02ef>
...
040 (7312053.000.000) 06/14 15:39:46 Started transferring input files
	Transferring to host: <188.184.210.206:9618?addrs=188.184.210.206-9618+[2001-1458-301-10b--100-ac]-9618&alias=b7g23n0096.cern.ch&noUDP&sock=slot1_4_30462_fc10_112360>
...
040 (7312053.000.000) 06/14 15:39:46 Finished transferring input files
...
001 (7312053.000.000) 06/14 15:39:47 Job executing on host: <188.184.210.206:9618?addrs=188.184.210.206-9618+[2001-1458-301-10b--100-ac]-9618&alias=b7g23n0096.cern.ch&noUDP&sock=startd_18184_4a3d>
...
006 (7312053.000.000) 06/14 15:39:56 Image size of job updated: 244144
	20  -  MemoryUsage of job (MB)
	19600  -  ResidentSetSize of job (KB)
...
006 (7312053.000.000) 06/14 15:44:56 Image size of job updated: 2323888
	1221  -  MemoryUsage of job (MB)
	1250304  -  ResidentSetSize of job (KB)
...
006 (7312053.000.000) 06/14 15:47:15 Image size of job updated: 2323888
	1222  -  MemoryUsage of job (MB)
	1250480  -  ResidentSetSize of job (KB)
...
040 (7312053.000.000) 06/14 15:47:15 Started transferring output files
...
040 (7312053.000.000) 06/14 15:47:15 Finished transferring output files
...
005 (7312053.000.000) 06/14 15:47:15 Job terminated.
	(1) Normal termination (return value 0)
		Usr 0 00:06:03, Sys 0 00:00:10  -  Run Remote Usage
		Usr 0 00:00:00, Sys 0 00:00:00  -  Run Local Usage
		Usr 0 00:06:03, Sys 0 00:00:10  -  Total Remote Usage
		Usr 0 00:00:00, Sys 0 00:00:00  -  Total Local Usage
	18711  -  Run Bytes Sent By Job
	431  -  Run Bytes Received By Job
	18711  -  Total Bytes Sent By Job
	431  -  Total Bytes Received By Job
	Partitionable Resources :    Usage  Request Allocated 
	   Cpus                 :     0.99        1         1 
	   Disk (KB)            :    39           1    355831 
	   Memory (MB)          :  1222        2000      2000 

	Job terminated of its own accord at 2021-06-14T13:47:15Z.
...
