14-Jun-2021 15:40:40 CEST  Initiating request to open file file:/eos/cms/store/user/tsarkar/DIGIPremix_Condor_output_Vector_MonoZLL_NLO_Mphi-500_Mchi-150_gSM-0p25_gDM-1p0_ctau0p1/step_DIGIPremix_2017UL_1.root
14-Jun-2021 15:40:44 CEST  Successfully opened file file:/eos/cms/store/user/tsarkar/DIGIPremix_Condor_output_Vector_MonoZLL_NLO_Mphi-500_Mchi-150_gSM-0p25_gDM-1p0_ctau0p1/step_DIGIPremix_2017UL_1.root
Begin processing the 1st record. Run 1, Event 3, LumiSection 1 at 14-Jun-2021 15:42:34.839 CEST
Begin processing the 2nd record. Run 1, Event 4, LumiSection 1 at 14-Jun-2021 15:42:47.371 CEST
Begin processing the 3rd record. Run 1, Event 6, LumiSection 1 at 14-Jun-2021 15:43:02.112 CEST
%MSG-w InvalidInputTag:  CSCHaloDataProducer:hltCSCHaloData  14-Jun-2021 15:43:03 CEST Run: 1 Event: 6
 The Cosmic Muon collection does not appear to be in the event. These beam halo  identification variables will be empty
%MSG
Begin processing the 4th record. Run 1, Event 2, LumiSection 1 at 14-Jun-2021 15:43:03.752 CEST
Begin processing the 5th record. Run 1, Event 1, LumiSection 1 at 14-Jun-2021 15:43:10.137 CEST
Begin processing the 6th record. Run 1, Event 7, LumiSection 1 at 14-Jun-2021 15:43:18.452 CEST
Begin processing the 7th record. Run 1, Event 5, LumiSection 1 at 14-Jun-2021 15:43:26.950 CEST
Begin processing the 8th record. Run 1, Event 8, LumiSection 1 at 14-Jun-2021 15:43:36.130 CEST
Begin processing the 9th record. Run 1, Event 9, LumiSection 1 at 14-Jun-2021 15:43:42.380 CEST
Begin processing the 10th record. Run 1, Event 12, LumiSection 1 at 14-Jun-2021 15:43:51.425 CEST
Begin processing the 11th record. Run 1, Event 10, LumiSection 1 at 14-Jun-2021 15:43:57.041 CEST
Begin processing the 12th record. Run 1, Event 11, LumiSection 1 at 14-Jun-2021 15:44:00.535 CEST
Begin processing the 13th record. Run 1, Event 13, LumiSection 1 at 14-Jun-2021 15:44:07.428 CEST
Begin processing the 14th record. Run 1, Event 16, LumiSection 1 at 14-Jun-2021 15:44:09.270 CEST
Begin processing the 15th record. Run 1, Event 15, LumiSection 1 at 14-Jun-2021 15:44:13.550 CEST
%MSG-e TrajectoryNotPosDef:   TrackProducer:hltIter2ElectronsCtfWithMaterialTracks 14-Jun-2021 15:44:15 CEST  Run: 1 Event: 15
Trajectory covariance is not positive-definite
%MSG
Begin processing the 16th record. Run 1, Event 18, LumiSection 1 at 14-Jun-2021 15:44:33.623 CEST
Begin processing the 17th record. Run 1, Event 20, LumiSection 1 at 14-Jun-2021 15:44:35.601 CEST
Begin processing the 18th record. Run 1, Event 17, LumiSection 1 at 14-Jun-2021 15:44:36.501 CEST
Begin processing the 19th record. Run 1, Event 14, LumiSection 1 at 14-Jun-2021 15:44:54.863 CEST
Begin processing the 20th record. Run 1, Event 19, LumiSection 1 at 14-Jun-2021 15:45:06.638 CEST
Begin processing the 21st record. Run 1, Event 22, LumiSection 1 at 14-Jun-2021 15:45:14.194 CEST
Begin processing the 22nd record. Run 1, Event 23, LumiSection 1 at 14-Jun-2021 15:45:15.171 CEST
Begin processing the 23rd record. Run 1, Event 21, LumiSection 1 at 14-Jun-2021 15:45:23.842 CEST
Begin processing the 24th record. Run 1, Event 24, LumiSection 1 at 14-Jun-2021 15:45:32.157 CEST
Begin processing the 25th record. Run 1, Event 26, LumiSection 1 at 14-Jun-2021 15:45:36.691 CEST
Begin processing the 26th record. Run 1, Event 25, LumiSection 1 at 14-Jun-2021 15:45:42.394 CEST
%MSG-e TrajectoryNotPosDef:   TrackProducer:hltIter2PFlowCtfWithMaterialTracksForPhotons  14-Jun-2021 15:45:43 CEST Run: 1 Event: 25
Trajectory covariance is not positive-definite
%MSG
Begin processing the 27th record. Run 1, Event 28, LumiSection 1 at 14-Jun-2021 15:45:50.295 CEST
Begin processing the 28th record. Run 1, Event 29, LumiSection 1 at 14-Jun-2021 15:45:51.162 CEST
Begin processing the 29th record. Run 1, Event 27, LumiSection 1 at 14-Jun-2021 15:45:59.674 CEST
Begin processing the 30th record. Run 1, Event 30, LumiSection 1 at 14-Jun-2021 15:46:06.645 CEST
Begin processing the 31st record. Run 1, Event 31, LumiSection 1 at 14-Jun-2021 15:46:11.772 CEST
Begin processing the 32nd record. Run 1, Event 34, LumiSection 1 at 14-Jun-2021 15:46:18.154 CEST
Begin processing the 33rd record. Run 1, Event 32, LumiSection 1 at 14-Jun-2021 15:46:20.431 CEST
Begin processing the 34th record. Run 1, Event 35, LumiSection 1 at 14-Jun-2021 15:46:22.881 CEST
Begin processing the 35th record. Run 1, Event 33, LumiSection 1 at 14-Jun-2021 15:46:27.362 CEST
Begin processing the 36th record. Run 1, Event 36, LumiSection 1 at 14-Jun-2021 15:46:30.085 CEST
Begin processing the 37th record. Run 1, Event 38, LumiSection 1 at 14-Jun-2021 15:46:35.195 CEST
Begin processing the 38th record. Run 1, Event 37, LumiSection 1 at 14-Jun-2021 15:46:40.732 CEST
Begin processing the 39th record. Run 1, Event 39, LumiSection 1 at 14-Jun-2021 15:46:44.480 CEST
Begin processing the 40th record. Run 1, Event 40, LumiSection 1 at 14-Jun-2021 15:46:48.725 CEST
Begin processing the 41st record. Run 1, Event 41, LumiSection 1 at 14-Jun-2021 15:46:56.269 CEST
%MSG-w EnergyInDeadEB_FE:  EcalRecHitProducer:hltEcalRecHit  14-Jun-2021 15:46:56 CEST Run: 1 Event: 41
TP energy in the dead TT = 54 at (EcalTT subDet Barrel iz -  ieta 17 iphi 37)
%MSG
Begin processing the 42nd record. Run 1, Event 43, LumiSection 1 at 14-Jun-2021 15:46:57.550 CEST
Begin processing the 43rd record. Run 1, Event 42, LumiSection 1 at 14-Jun-2021 15:47:02.688 CEST
Begin processing the 44th record. Run 1, Event 45, LumiSection 1 at 14-Jun-2021 15:47:08.694 CEST
Begin processing the 45th record. Run 1, Event 44, LumiSection 1 at 14-Jun-2021 15:47:17.488 CEST
Begin processing the 46th record. Run 1, Event 47, LumiSection 1 at 14-Jun-2021 15:47:18.368 CEST
Begin processing the 47th record. Run 1, Event 49, LumiSection 1 at 14-Jun-2021 15:47:23.157 CEST
Begin processing the 48th record. Run 1, Event 46, LumiSection 1 at 14-Jun-2021 15:47:24.468 CEST
Begin processing the 49th record. Run 1, Event 48, LumiSection 1 at 14-Jun-2021 15:47:28.468 CEST
Begin processing the 50th record. Run 1, Event 50, LumiSection 1 at 14-Jun-2021 15:47:33.556 CEST
14-Jun-2021 15:47:36 CEST  Closed file file:/eos/cms/store/user/tsarkar/DIGIPremix_Condor_output_Vector_MonoZLL_NLO_Mphi-500_Mchi-150_gSM-0p25_gDM-1p0_ctau0p1/step_DIGIPremix_2017UL_1.root

=============================================

MessageLogger Summary

 type     category        sev    module        subroutine        count    total
 ---- -------------------- -- ---------------- ----------------  -----    -----
    1 EnergyInDeadEB_FE    -w EcalRecHitProduc                       1        1
    2 InvalidInputTag      -w CSCHaloDataProdu                       1        1
    3 TrajectoryNotPosDef  -e TrackProducer:hl                       1        1
    4 TrajectoryNotPosDef  -e TrackProducer:hl                       1        1
    5 fileAction           -s file_close                             1        1
    6 fileAction           -s file_open                              2        2

 type    category    Examples: run/evt        run/evt          run/evt
 ---- -------------------- ---------------- ---------------- ----------------
    1 EnergyInDeadEB_FE    1/41                              
    2 InvalidInputTag      1/6                               
    3 TrajectoryNotPosDef  1/15                              
    4 TrajectoryNotPosDef  1/25                              
    5 fileAction           PostGlobalEndRun                  
    6 fileAction           pre-events       pre-events       

Severity    # Occurrences   Total Occurrences
--------    -------------   -----------------
Warning                 2                   2
Error                   2                   2
System                  3                   3

dropped waiting message count 0
