14-Jun-2021 15:40:37 CEST  Initiating request to open file file:/eos/cms/store/user/tsarkar/DIGIPremix_Condor_output_Vector_MonoZLL_NLO_Mphi-500_Mchi-150_gSM-0p25_gDM-1p0_ctau0p1/step_DIGIPremix_2017UL_4.root
14-Jun-2021 15:40:41 CEST  Successfully opened file file:/eos/cms/store/user/tsarkar/DIGIPremix_Condor_output_Vector_MonoZLL_NLO_Mphi-500_Mchi-150_gSM-0p25_gDM-1p0_ctau0p1/step_DIGIPremix_2017UL_4.root
Begin processing the 1st record. Run 1, Event 551, LumiSection 12 at 14-Jun-2021 15:42:53.854 CEST
Begin processing the 2nd record. Run 1, Event 554, LumiSection 12 at 14-Jun-2021 15:43:09.360 CEST
Begin processing the 3rd record. Run 1, Event 555, LumiSection 12 at 14-Jun-2021 15:43:17.418 CEST
Begin processing the 4th record. Run 1, Event 552, LumiSection 12 at 14-Jun-2021 15:43:21.820 CEST
Begin processing the 5th record. Run 1, Event 556, LumiSection 12 at 14-Jun-2021 15:43:38.734 CEST
Begin processing the 6th record. Run 1, Event 553, LumiSection 12 at 14-Jun-2021 15:43:44.429 CEST
Begin processing the 7th record. Run 1, Event 559, LumiSection 12 at 14-Jun-2021 15:43:52.284 CEST
Begin processing the 8th record. Run 1, Event 558, LumiSection 12 at 14-Jun-2021 15:43:58.840 CEST
%MSG-w InvalidInputTag:  CSCHaloDataProducer:hltCSCHaloData  14-Jun-2021 15:44:03 CEST Run: 1 Event: 558
 The Cosmic Muon collection does not appear to be in the event. These beam halo  identification variables will be empty
%MSG
Begin processing the 9th record. Run 1, Event 561, LumiSection 12 at 14-Jun-2021 15:44:04.229 CEST
Begin processing the 10th record. Run 1, Event 560, LumiSection 12 at 14-Jun-2021 15:44:08.511 CEST
Begin processing the 11th record. Run 1, Event 562, LumiSection 12 at 14-Jun-2021 15:44:11.805 CEST
Begin processing the 12th record. Run 1, Event 563, LumiSection 12 at 14-Jun-2021 15:44:16.736 CEST
Begin processing the 13th record. Run 1, Event 564, LumiSection 12 at 14-Jun-2021 15:44:22.096 CEST
Begin processing the 14th record. Run 1, Event 557, LumiSection 12 at 14-Jun-2021 15:44:28.559 CEST
Begin processing the 15th record. Run 1, Event 566, LumiSection 12 at 14-Jun-2021 15:44:37.725 CEST
Begin processing the 16th record. Run 1, Event 567, LumiSection 12 at 14-Jun-2021 15:44:39.078 CEST
Begin processing the 17th record. Run 1, Event 569, LumiSection 12 at 14-Jun-2021 15:44:40.005 CEST
Begin processing the 18th record. Run 1, Event 570, LumiSection 12 at 14-Jun-2021 15:44:41.548 CEST
Begin processing the 19th record. Run 1, Event 568, LumiSection 12 at 14-Jun-2021 15:44:42.988 CEST
Begin processing the 20th record. Run 1, Event 573, LumiSection 12 at 14-Jun-2021 15:44:44.045 CEST
Begin processing the 21st record. Run 1, Event 565, LumiSection 12 at 14-Jun-2021 15:44:44.713 CEST
%MSG-w InvalidHelix:   SeedCreatorFromRegionConsecutiveHitsEDProducer:hltFullIter9TobTecSeedsTripl  14-Jun-2021 15:44:50 CEST Run: 1 Event: 565
PixelClusterShapeSeedComparitor helix is not valid, result is bad
%MSG
Begin processing the 22nd record. Run 1, Event 575, LumiSection 12 at 14-Jun-2021 15:44:51.779 CEST
Begin processing the 23rd record. Run 1, Event 574, LumiSection 12 at 14-Jun-2021 15:44:55.638 CEST
Begin processing the 24th record. Run 1, Event 572, LumiSection 12 at 14-Jun-2021 15:44:58.165 CEST
Begin processing the 25th record. Run 1, Event 571, LumiSection 12 at 14-Jun-2021 15:45:04.933 CEST
Begin processing the 26th record. Run 1, Event 578, LumiSection 12 at 14-Jun-2021 15:45:11.566 CEST
%MSG-e TrajectoryNotPosDef:   TrackProducer:hltIter2ElectronsCtfWithMaterialTracks 14-Jun-2021 15:45:12 CEST  Run: 1 Event: 578
Trajectory covariance is not positive-definite
%MSG
%MSG-e TrajectoryNotPosDef:   TrackProducer:hltIter2PFlowCtfWithMaterialTracksForPhotons  14-Jun-2021 15:45:13 CEST Run: 1 Event: 578
Trajectory covariance is not positive-definite
%MSG
%MSG-e TrajectoryNotPosDef:   TrackProducer:hltIter2PFlowCtfWithMaterialTracksForPhotons  14-Jun-2021 15:45:13 CEST Run: 1 Event: 578
Trajectory covariance is not positive-definite
%MSG
%MSG-w InvalidHelix:   SeedCreatorFromRegionConsecutiveHitsTripletOnlyEDProducer:hltFullIter8PixelLessSeeds  14-Jun-2021 15:45:21 CEST Run: 1 Event: 578
PixelClusterShapeSeedComparitor helix is not valid, result is bad
%MSG
Begin processing the 27th record. Run 1, Event 579, LumiSection 12 at 14-Jun-2021 15:45:25.264 CEST
Begin processing the 28th record. Run 1, Event 577, LumiSection 12 at 14-Jun-2021 15:45:32.417 CEST
Begin processing the 29th record. Run 1, Event 580, LumiSection 12 at 14-Jun-2021 15:45:38.991 CEST
Begin processing the 30th record. Run 1, Event 576, LumiSection 12 at 14-Jun-2021 15:45:41.910 CEST
%MSG-w InvalidHelix:   SeedCreatorFromRegionConsecutiveHitsEDProducer:hltFullIter9TobTecSeedsTripl  14-Jun-2021 15:46:01 CEST Run: 1 Event: 576
PixelClusterShapeSeedComparitor helix is not valid, result is bad
%MSG
Begin processing the 31st record. Run 1, Event 581, LumiSection 12 at 14-Jun-2021 15:46:04.553 CEST
Begin processing the 32nd record. Run 1, Event 582, LumiSection 12 at 14-Jun-2021 15:46:09.690 CEST
Begin processing the 33rd record. Run 1, Event 584, LumiSection 12 at 14-Jun-2021 15:46:11.751 CEST
Begin processing the 34th record. Run 1, Event 583, LumiSection 12 at 14-Jun-2021 15:46:15.385 CEST
Begin processing the 35th record. Run 1, Event 585, LumiSection 12 at 14-Jun-2021 15:46:27.925 CEST
Begin processing the 36th record. Run 1, Event 587, LumiSection 12 at 14-Jun-2021 15:46:30.741 CEST
Begin processing the 37th record. Run 1, Event 586, LumiSection 12 at 14-Jun-2021 15:46:31.918 CEST
%MSG-w InvalidHelix:   SeedCreatorFromRegionConsecutiveHitsEDProducer:hltFullIter9TobTecSeedsTripl  14-Jun-2021 15:46:38 CEST Run: 1 Event: 586
PixelClusterShapeSeedComparitor helix is not valid, result is bad
%MSG
Begin processing the 38th record. Run 1, Event 590, LumiSection 12 at 14-Jun-2021 15:46:39.092 CEST
Begin processing the 39th record. Run 1, Event 591, LumiSection 12 at 14-Jun-2021 15:46:40.228 CEST
%MSG-e TrajectoryNotPosDef:   TrackProducer:hltIter2ElectronsCtfWithMaterialTracks 14-Jun-2021 15:46:41 CEST  Run: 1 Event: 591
Trajectory covariance is not positive-definite
%MSG
Begin processing the 40th record. Run 1, Event 588, LumiSection 12 at 14-Jun-2021 15:46:47.925 CEST
%MSG-w InvalidHelix:   SeedCreatorFromRegionConsecutiveHitsEDProducer:hltFullIter9TobTecSeedsTripl  14-Jun-2021 15:46:59 CEST Run: 1 Event: 588
PixelClusterShapeSeedComparitor helix is not valid, result is bad
%MSG
Begin processing the 41st record. Run 1, Event 589, LumiSection 12 at 14-Jun-2021 15:47:00.759 CEST
Begin processing the 42nd record. Run 1, Event 592, LumiSection 12 at 14-Jun-2021 15:47:12.234 CEST
Begin processing the 43rd record. Run 1, Event 593, LumiSection 12 at 14-Jun-2021 15:47:17.202 CEST
Begin processing the 44th record. Run 1, Event 594, LumiSection 12 at 14-Jun-2021 15:47:24.709 CEST
Begin processing the 45th record. Run 1, Event 597, LumiSection 12 at 14-Jun-2021 15:47:37.078 CEST
Begin processing the 46th record. Run 1, Event 595, LumiSection 12 at 14-Jun-2021 15:47:49.941 CEST
Begin processing the 47th record. Run 1, Event 599, LumiSection 12 at 14-Jun-2021 15:47:55.414 CEST
Begin processing the 48th record. Run 1, Event 596, LumiSection 12 at 14-Jun-2021 15:47:56.595 CEST
Begin processing the 49th record. Run 1, Event 598, LumiSection 12 at 14-Jun-2021 15:48:05.614 CEST
Begin processing the 50th record. Run 1, Event 600, LumiSection 12 at 14-Jun-2021 15:48:07.738 CEST
14-Jun-2021 15:48:20 CEST  Closed file file:/eos/cms/store/user/tsarkar/DIGIPremix_Condor_output_Vector_MonoZLL_NLO_Mphi-500_Mchi-150_gSM-0p25_gDM-1p0_ctau0p1/step_DIGIPremix_2017UL_4.root

=============================================

MessageLogger Summary

 type     category        sev    module        subroutine        count    total
 ---- -------------------- -- ---------------- ----------------  -----    -----
    1 InvalidHelix         -w SeedCreatorFromR                       4        4
    2 InvalidHelix         -w SeedCreatorFromR                       1        1
    3 InvalidInputTag      -w CSCHaloDataProdu                       1        1
    4 TrajectoryNotPosDef  -e TrackProducer:hl                       2        2
    5 TrajectoryNotPosDef  -e TrackProducer:hl                       2        2
    6 fileAction           -s file_close                             1        1
    7 fileAction           -s file_open                              2        2

 type    category    Examples: run/evt        run/evt          run/evt
 ---- -------------------- ---------------- ---------------- ----------------
    1 InvalidHelix         1/565            1/576            1/588
    2 InvalidHelix         1/578                             
    3 InvalidInputTag      1/558                             
    4 TrajectoryNotPosDef  1/578            1/591            
    5 TrajectoryNotPosDef  1/578            1/578            
    6 fileAction           PostGlobalEndRun                  
    7 fileAction           pre-events       pre-events       

Severity    # Occurrences   Total Occurrences
--------    -------------   -----------------
Warning                 6                   6
Error                   4                   4
System                  3                   3

dropped waiting message count 0
