000 (7312047.000.000) 06/14 14:44:56 Job submitted from host: <137.138.44.75:9618?addrs=137.138.44.75-9618+[2001-1458-d00-1a--b]-9618&alias=bigbird14.cern.ch&noUDP&sock=schedd_3149486_02ef>
...
040 (7312047.000.000) 06/14 15:39:44 Started transferring input files
	Transferring to host: <188.184.196.139:9618?addrs=188.184.196.139-9618+[2001-1458-301-102--100-92]-9618&alias=b7g24n0254.cern.ch&noUDP&sock=slot1_3_3139_7599_49057>
...
040 (7312047.000.000) 06/14 15:39:44 Finished transferring input files
...
001 (7312047.000.000) 06/14 15:39:45 Job executing on host: <188.184.196.139:9618?addrs=188.184.196.139-9618+[2001-1458-301-102--100-92]-9618&alias=b7g24n0254.cern.ch&noUDP&sock=startd_2723_547a>
...
006 (7312047.000.000) 06/14 15:39:54 Image size of job updated: 240588
	11  -  MemoryUsage of job (MB)
	11168  -  ResidentSetSize of job (KB)
...
006 (7312047.000.000) 06/14 15:44:55 Image size of job updated: 2268096
	1223  -  MemoryUsage of job (MB)
	1251880  -  ResidentSetSize of job (KB)
...
006 (7312047.000.000) 06/14 15:47:18 Image size of job updated: 2413504
	1223  -  MemoryUsage of job (MB)
	1251880  -  ResidentSetSize of job (KB)
...
040 (7312047.000.000) 06/14 15:47:18 Started transferring output files
...
040 (7312047.000.000) 06/14 15:47:18 Finished transferring output files
...
005 (7312047.000.000) 06/14 15:47:18 Job terminated.
	(1) Normal termination (return value 0)
		Usr 0 00:06:08, Sys 0 00:00:09  -  Run Remote Usage
		Usr 0 00:00:00, Sys 0 00:00:00  -  Run Local Usage
		Usr 0 00:06:08, Sys 0 00:00:09  -  Total Remote Usage
		Usr 0 00:00:00, Sys 0 00:00:00  -  Total Local Usage
	13883  -  Run Bytes Sent By Job
	430  -  Run Bytes Received By Job
	13883  -  Total Bytes Sent By Job
	430  -  Total Bytes Received By Job
	Partitionable Resources :    Usage  Request Allocated 
	   Cpus                 :     0.97        1         1 
	   Disk (KB)            :    34           1    302467 
	   Memory (MB)          :  1223        2000      2000 

	Job terminated of its own accord at 2021-06-14T13:47:18Z.
...
