000 (7312059.000.000) 06/14 14:45:11 Job submitted from host: <137.138.44.75:9618?addrs=137.138.44.75-9618+[2001-1458-d00-1a--b]-9618&alias=bigbird14.cern.ch&noUDP&sock=schedd_3149486_02ef>
...
040 (7312059.000.000) 06/14 15:40:05 Started transferring input files
	Transferring to host: <188.184.139.158:9618?addrs=188.184.139.158-9618+[2001-1458-301-45--100-1a9]-9618&alias=b7g42n0685.cern.ch&noUDP&sock=slot1_6_2378_441a_90885>
...
040 (7312059.000.000) 06/14 15:40:05 Finished transferring input files
...
001 (7312059.000.000) 06/14 15:40:06 Job executing on host: <188.184.139.158:9618?addrs=188.184.139.158-9618+[2001-1458-301-45--100-1a9]-9618&alias=b7g42n0685.cern.ch&noUDP&sock=startd_30971_1bc1>
...
006 (7312059.000.000) 06/14 15:40:15 Image size of job updated: 150048
	15  -  MemoryUsage of job (MB)
	14484  -  ResidentSetSize of job (KB)
...
006 (7312059.000.000) 06/14 15:45:16 Image size of job updated: 2256832
	1204  -  MemoryUsage of job (MB)
	1232024  -  ResidentSetSize of job (KB)
...
006 (7312059.000.000) 06/14 15:47:17 Image size of job updated: 2412480
	1204  -  MemoryUsage of job (MB)
	1232024  -  ResidentSetSize of job (KB)
...
040 (7312059.000.000) 06/14 15:47:17 Started transferring output files
...
040 (7312059.000.000) 06/14 15:47:17 Finished transferring output files
...
005 (7312059.000.000) 06/14 15:47:18 Job terminated.
	(1) Normal termination (return value 0)
		Usr 0 00:05:49, Sys 0 00:00:07  -  Run Remote Usage
		Usr 0 00:00:00, Sys 0 00:00:00  -  Run Local Usage
		Usr 0 00:05:49, Sys 0 00:00:07  -  Total Remote Usage
		Usr 0 00:00:00, Sys 0 00:00:00  -  Total Local Usage
	17904  -  Run Bytes Sent By Job
	431  -  Run Bytes Received By Job
	17904  -  Total Bytes Sent By Job
	431  -  Total Bytes Received By Job
	Partitionable Resources :    Usage  Request Allocated 
	   Cpus                 :     0.96        1         1 
	   Disk (KB)            :    38           1    277787 
	   Memory (MB)          :  1204        2000      2000 

	Job terminated of its own accord at 2021-06-14T13:47:17Z.
...
