14-Jun-2021 15:40:32 CEST  Initiating request to open file file:/eos/cms/store/user/tsarkar/DIGIPremix_Condor_output_Vector_MonoZLL_NLO_Mphi-500_Mchi-150_gSM-0p25_gDM-1p0_ctau0p1/step_DIGIPremix_2017UL_16.root
14-Jun-2021 15:40:37 CEST  Successfully opened file file:/eos/cms/store/user/tsarkar/DIGIPremix_Condor_output_Vector_MonoZLL_NLO_Mphi-500_Mchi-150_gSM-0p25_gDM-1p0_ctau0p1/step_DIGIPremix_2017UL_16.root
Begin processing the 1st record. Run 1, Event 202, LumiSection 5 at 14-Jun-2021 15:42:30.417 CEST
Begin processing the 2nd record. Run 1, Event 204, LumiSection 5 at 14-Jun-2021 15:42:41.656 CEST
Begin processing the 3rd record. Run 1, Event 203, LumiSection 5 at 14-Jun-2021 15:42:44.018 CEST
Begin processing the 4th record. Run 1, Event 206, LumiSection 5 at 14-Jun-2021 15:42:52.127 CEST
Begin processing the 5th record. Run 1, Event 201, LumiSection 5 at 14-Jun-2021 15:42:55.508 CEST
Begin processing the 6th record. Run 1, Event 205, LumiSection 5 at 14-Jun-2021 15:43:00.709 CEST
%MSG-w InvalidInputTag:  CSCHaloDataProducer:hltCSCHaloData  14-Jun-2021 15:43:02 CEST Run: 1 Event: 205
 The Cosmic Muon collection does not appear to be in the event. These beam halo  identification variables will be empty
%MSG
Begin processing the 7th record. Run 1, Event 207, LumiSection 5 at 14-Jun-2021 15:43:03.285 CEST
Begin processing the 8th record. Run 1, Event 208, LumiSection 5 at 14-Jun-2021 15:43:06.364 CEST
Begin processing the 9th record. Run 1, Event 209, LumiSection 5 at 14-Jun-2021 15:43:23.160 CEST
Begin processing the 10th record. Run 1, Event 211, LumiSection 5 at 14-Jun-2021 15:43:32.584 CEST
Begin processing the 11th record. Run 1, Event 212, LumiSection 5 at 14-Jun-2021 15:43:42.459 CEST
Begin processing the 12th record. Run 1, Event 210, LumiSection 5 at 14-Jun-2021 15:43:43.494 CEST
Begin processing the 13th record. Run 1, Event 213, LumiSection 5 at 14-Jun-2021 15:43:44.886 CEST
Begin processing the 14th record. Run 1, Event 215, LumiSection 5 at 14-Jun-2021 15:43:49.181 CEST
Begin processing the 15th record. Run 1, Event 214, LumiSection 5 at 14-Jun-2021 15:43:53.073 CEST
Begin processing the 16th record. Run 1, Event 218, LumiSection 5 at 14-Jun-2021 15:44:02.108 CEST
Begin processing the 17th record. Run 1, Event 219, LumiSection 5 at 14-Jun-2021 15:44:03.183 CEST
Begin processing the 18th record. Run 1, Event 216, LumiSection 5 at 14-Jun-2021 15:44:09.730 CEST
Begin processing the 19th record. Run 1, Event 217, LumiSection 5 at 14-Jun-2021 15:44:15.798 CEST
Begin processing the 20th record. Run 1, Event 220, LumiSection 5 at 14-Jun-2021 15:44:19.802 CEST
Begin processing the 21st record. Run 1, Event 221, LumiSection 5 at 14-Jun-2021 15:44:27.451 CEST
Begin processing the 22nd record. Run 1, Event 224, LumiSection 5 at 14-Jun-2021 15:44:34.067 CEST
Begin processing the 23rd record. Run 1, Event 223, LumiSection 5 at 14-Jun-2021 15:44:36.461 CEST
Begin processing the 24th record. Run 1, Event 226, LumiSection 5 at 14-Jun-2021 15:44:42.321 CEST
Begin processing the 25th record. Run 1, Event 222, LumiSection 5 at 14-Jun-2021 15:44:50.224 CEST
Begin processing the 26th record. Run 1, Event 227, LumiSection 5 at 14-Jun-2021 15:44:53.479 CEST
Begin processing the 27th record. Run 1, Event 225, LumiSection 5 at 14-Jun-2021 15:44:56.215 CEST
Begin processing the 28th record. Run 1, Event 230, LumiSection 5 at 14-Jun-2021 15:45:01.514 CEST
Begin processing the 29th record. Run 1, Event 228, LumiSection 5 at 14-Jun-2021 15:45:06.236 CEST
Begin processing the 30th record. Run 1, Event 231, LumiSection 5 at 14-Jun-2021 15:45:12.018 CEST
Begin processing the 31st record. Run 1, Event 232, LumiSection 5 at 14-Jun-2021 15:45:22.188 CEST
Begin processing the 32nd record. Run 1, Event 229, LumiSection 5 at 14-Jun-2021 15:45:26.336 CEST
Begin processing the 33rd record. Run 1, Event 233, LumiSection 5 at 14-Jun-2021 15:45:31.301 CEST
Begin processing the 34th record. Run 1, Event 234, LumiSection 5 at 14-Jun-2021 15:45:31.767 CEST
Begin processing the 35th record. Run 1, Event 237, LumiSection 5 at 14-Jun-2021 15:45:34.757 CEST
Begin processing the 36th record. Run 1, Event 235, LumiSection 5 at 14-Jun-2021 15:45:35.430 CEST
Begin processing the 37th record. Run 1, Event 236, LumiSection 5 at 14-Jun-2021 15:45:39.392 CEST
Begin processing the 38th record. Run 1, Event 239, LumiSection 5 at 14-Jun-2021 15:45:47.139 CEST
Begin processing the 39th record. Run 1, Event 238, LumiSection 5 at 14-Jun-2021 15:45:48.954 CEST
Begin processing the 40th record. Run 1, Event 240, LumiSection 5 at 14-Jun-2021 15:45:55.766 CEST
Begin processing the 41st record. Run 1, Event 242, LumiSection 5 at 14-Jun-2021 15:45:56.347 CEST
Begin processing the 42nd record. Run 1, Event 241, LumiSection 5 at 14-Jun-2021 15:46:08.218 CEST
Begin processing the 43rd record. Run 1, Event 246, LumiSection 5 at 14-Jun-2021 15:46:13.390 CEST
Begin processing the 44th record. Run 1, Event 244, LumiSection 5 at 14-Jun-2021 15:46:17.368 CEST
Begin processing the 45th record. Run 1, Event 245, LumiSection 5 at 14-Jun-2021 15:46:31.031 CEST
Begin processing the 46th record. Run 1, Event 243, LumiSection 5 at 14-Jun-2021 15:46:33.992 CEST
Begin processing the 47th record. Run 1, Event 247, LumiSection 5 at 14-Jun-2021 15:46:34.961 CEST
Begin processing the 48th record. Run 1, Event 248, LumiSection 5 at 14-Jun-2021 15:46:39.539 CEST
Begin processing the 49th record. Run 1, Event 249, LumiSection 5 at 14-Jun-2021 15:46:44.687 CEST
Begin processing the 50th record. Run 1, Event 250, LumiSection 5 at 14-Jun-2021 15:46:46.573 CEST
14-Jun-2021 15:46:47 CEST  Closed file file:/eos/cms/store/user/tsarkar/DIGIPremix_Condor_output_Vector_MonoZLL_NLO_Mphi-500_Mchi-150_gSM-0p25_gDM-1p0_ctau0p1/step_DIGIPremix_2017UL_16.root

=============================================

MessageLogger Summary

 type     category        sev    module        subroutine        count    total
 ---- -------------------- -- ---------------- ----------------  -----    -----
    1 InvalidInputTag      -w CSCHaloDataProdu                       1        1
    2 fileAction           -s file_close                             1        1
    3 fileAction           -s file_open                              2        2

 type    category    Examples: run/evt        run/evt          run/evt
 ---- -------------------- ---------------- ---------------- ----------------
    1 InvalidInputTag      1/205                             
    2 fileAction           PostGlobalEndRun                  
    3 fileAction           pre-events       pre-events       

Severity    # Occurrences   Total Occurrences
--------    -------------   -----------------
Warning                 1                   1
System                  3                   3

dropped waiting message count 0
