000 (7312054.000.000) 06/14 14:45:05 Job submitted from host: <137.138.44.75:9618?addrs=137.138.44.75-9618+[2001-1458-d00-1a--b]-9618&alias=bigbird14.cern.ch&noUDP&sock=schedd_3149486_02ef>
...
040 (7312054.000.000) 06/14 15:39:47 Started transferring input files
	Transferring to host: <188.184.210.201:9618?addrs=188.184.210.201-9618+[2001-1458-301-10b--100-75]-9618&alias=b7g23n8963.cern.ch&noUDP&sock=slot1_6_4048_ee9e_49476>
...
040 (7312054.000.000) 06/14 15:39:47 Finished transferring input files
...
001 (7312054.000.000) 06/14 15:39:48 Job executing on host: <188.184.210.201:9618?addrs=188.184.210.201-9618+[2001-1458-301-10b--100-75]-9618&alias=b7g23n8963.cern.ch&noUDP&sock=startd_3420_69fc>
...
006 (7312054.000.000) 06/14 15:39:57 Image size of job updated: 34192
	21  -  MemoryUsage of job (MB)
	20540  -  ResidentSetSize of job (KB)
...
006 (7312054.000.000) 06/14 15:44:58 Image size of job updated: 2224300
	1228  -  MemoryUsage of job (MB)
	1257372  -  ResidentSetSize of job (KB)
...
006 (7312054.000.000) 06/14 15:47:17 Image size of job updated: 2480300
	1228  -  MemoryUsage of job (MB)
	1257372  -  ResidentSetSize of job (KB)
...
040 (7312054.000.000) 06/14 15:47:18 Started transferring output files
...
040 (7312054.000.000) 06/14 15:47:18 Finished transferring output files
...
005 (7312054.000.000) 06/14 15:47:18 Job terminated.
	(1) Normal termination (return value 0)
		Usr 0 00:06:13, Sys 0 00:00:10  -  Run Remote Usage
		Usr 0 00:00:00, Sys 0 00:00:00  -  Run Local Usage
		Usr 0 00:06:13, Sys 0 00:00:10  -  Total Remote Usage
		Usr 0 00:00:00, Sys 0 00:00:00  -  Total Local Usage
	15634  -  Run Bytes Sent By Job
	431  -  Run Bytes Received By Job
	15634  -  Total Bytes Sent By Job
	431  -  Total Bytes Received By Job
	Partitionable Resources :    Usage  Request Allocated 
	   Cpus                 :     0.57        1         1 
	   Disk (KB)            :    36           1    357875 
	   Memory (MB)          :  1228        2000      2000 

	Job terminated of its own accord at 2021-06-14T13:47:17Z.
...
