14-Jun-2021 15:40:40 CEST  Initiating request to open file file:/eos/cms/store/user/tsarkar/DIGIPremix_Condor_output_Vector_MonoZLL_NLO_Mphi-500_Mchi-150_gSM-0p25_gDM-1p0_ctau0p1/step_DIGIPremix_2017UL_11.root
14-Jun-2021 15:40:44 CEST  Successfully opened file file:/eos/cms/store/user/tsarkar/DIGIPremix_Condor_output_Vector_MonoZLL_NLO_Mphi-500_Mchi-150_gSM-0p25_gDM-1p0_ctau0p1/step_DIGIPremix_2017UL_11.root
Begin processing the 1st record. Run 1, Event 901, LumiSection 19 at 14-Jun-2021 15:42:52.115 CEST
Begin processing the 2nd record. Run 1, Event 903, LumiSection 19 at 14-Jun-2021 15:43:05.942 CEST
Begin processing the 3rd record. Run 1, Event 902, LumiSection 19 at 14-Jun-2021 15:43:13.700 CEST
Begin processing the 4th record. Run 1, Event 904, LumiSection 19 at 14-Jun-2021 15:43:18.184 CEST
Begin processing the 5th record. Run 1, Event 905, LumiSection 19 at 14-Jun-2021 15:43:28.286 CEST
Begin processing the 6th record. Run 1, Event 906, LumiSection 19 at 14-Jun-2021 15:43:30.304 CEST
%MSG-w InvalidInputTag:  CSCHaloDataProducer:hltCSCHaloData  14-Jun-2021 15:43:37 CEST Run: 1 Event: 906
 The Cosmic Muon collection does not appear to be in the event. These beam halo  identification variables will be empty
%MSG
Begin processing the 7th record. Run 1, Event 908, LumiSection 19 at 14-Jun-2021 15:43:37.653 CEST
Begin processing the 8th record. Run 1, Event 910, LumiSection 19 at 14-Jun-2021 15:43:38.750 CEST
Begin processing the 9th record. Run 1, Event 912, LumiSection 19 at 14-Jun-2021 15:43:39.702 CEST
%MSG-w InvalidHelix:   SeedCreatorFromRegionConsecutiveHitsEDProducer:hltFullIter9TobTecSeedsTripl  14-Jun-2021 15:43:50 CEST Run: 1 Event: 912
PixelClusterShapeSeedComparitor helix is not valid, result is bad
%MSG
Begin processing the 10th record. Run 1, Event 907, LumiSection 19 at 14-Jun-2021 15:43:51.527 CEST
Begin processing the 11th record. Run 1, Event 909, LumiSection 19 at 14-Jun-2021 15:43:59.218 CEST
Begin processing the 12th record. Run 1, Event 911, LumiSection 19 at 14-Jun-2021 15:44:03.166 CEST
Begin processing the 13th record. Run 1, Event 913, LumiSection 19 at 14-Jun-2021 15:44:09.031 CEST
%MSG-e PosteriorWeightsCalculator:  GsfTrackProducer:hltEgammaGsfTracks  14-Jun-2021 15:44:09 CEST Run: 1 Event: 913
PosteriorWeightsCalculator: sumWeight < DBL_MIN
%MSG
%MSG-e GsfMultiStateUpdator:  GsfTrackProducer:hltEgammaGsfTracks  14-Jun-2021 15:44:09 CEST Run: 1 Event: 913
 no weights could be retreived. invalid updated state !.
%MSG
%MSG-e InvalidState:  GsfTrackProducer:hltEgammaGsfTracks  14-Jun-2021 15:44:09 CEST Run: 1 Event: 913
inside hit
%MSG
Begin processing the 14th record. Run 1, Event 916, LumiSection 19 at 14-Jun-2021 15:44:12.960 CEST
Begin processing the 15th record. Run 1, Event 915, LumiSection 19 at 14-Jun-2021 15:44:28.449 CEST
Begin processing the 16th record. Run 1, Event 917, LumiSection 19 at 14-Jun-2021 15:44:32.964 CEST
Begin processing the 17th record. Run 1, Event 918, LumiSection 19 at 14-Jun-2021 15:44:35.925 CEST
Begin processing the 18th record. Run 1, Event 914, LumiSection 19 at 14-Jun-2021 15:44:41.909 CEST
Begin processing the 19th record. Run 1, Event 919, LumiSection 19 at 14-Jun-2021 15:44:46.985 CEST
Begin processing the 20th record. Run 1, Event 920, LumiSection 19 at 14-Jun-2021 15:44:48.015 CEST
Begin processing the 21st record. Run 1, Event 922, LumiSection 19 at 14-Jun-2021 15:44:57.903 CEST
Begin processing the 22nd record. Run 1, Event 924, LumiSection 19 at 14-Jun-2021 15:45:04.610 CEST
Begin processing the 23rd record. Run 1, Event 921, LumiSection 19 at 14-Jun-2021 15:45:13.163 CEST
Begin processing the 24th record. Run 1, Event 927, LumiSection 19 at 14-Jun-2021 15:45:19.414 CEST
Begin processing the 25th record. Run 1, Event 926, LumiSection 19 at 14-Jun-2021 15:45:20.294 CEST
Begin processing the 26th record. Run 1, Event 923, LumiSection 19 at 14-Jun-2021 15:45:21.002 CEST
Begin processing the 27th record. Run 1, Event 929, LumiSection 19 at 14-Jun-2021 15:45:25.389 CEST
Begin processing the 28th record. Run 1, Event 925, LumiSection 19 at 14-Jun-2021 15:45:25.877 CEST
Begin processing the 29th record. Run 1, Event 928, LumiSection 19 at 14-Jun-2021 15:45:28.124 CEST
Begin processing the 30th record. Run 1, Event 932, LumiSection 19 at 14-Jun-2021 15:45:38.247 CEST
Begin processing the 31st record. Run 1, Event 930, LumiSection 19 at 14-Jun-2021 15:45:39.166 CEST
Begin processing the 32nd record. Run 1, Event 931, LumiSection 19 at 14-Jun-2021 15:45:49.399 CEST
Begin processing the 33rd record. Run 1, Event 935, LumiSection 19 at 14-Jun-2021 15:45:50.993 CEST
Begin processing the 34th record. Run 1, Event 933, LumiSection 19 at 14-Jun-2021 15:46:04.190 CEST
Begin processing the 35th record. Run 1, Event 934, LumiSection 19 at 14-Jun-2021 15:46:10.627 CEST
Begin processing the 36th record. Run 1, Event 938, LumiSection 19 at 14-Jun-2021 15:46:18.946 CEST
%MSG-w InvalidHelix:   SeedCreatorFromRegionConsecutiveHitsEDProducer:hltIter2HighPtTkMuPixelSeeds  14-Jun-2021 15:46:22 CEST Run: 1 Event: 938
PixelClusterShapeSeedComparitor helix is not valid, result is bad
%MSG
Begin processing the 37th record. Run 1, Event 939, LumiSection 19 at 14-Jun-2021 15:46:23.128 CEST
Begin processing the 38th record. Run 1, Event 937, LumiSection 19 at 14-Jun-2021 15:46:28.186 CEST
%MSG-e TrajectoryNotPosDef:   TrackProducer:hltIter2PFlowCtfWithMaterialTracksForPhotons  14-Jun-2021 15:46:33 CEST Run: 1 Event: 937
Trajectory covariance is not positive-definite
%MSG
Begin processing the 39th record. Run 1, Event 936, LumiSection 19 at 14-Jun-2021 15:46:33.415 CEST
Begin processing the 40th record. Run 1, Event 940, LumiSection 19 at 14-Jun-2021 15:46:42.689 CEST
Begin processing the 41st record. Run 1, Event 942, LumiSection 19 at 14-Jun-2021 15:46:46.656 CEST
Begin processing the 42nd record. Run 1, Event 943, LumiSection 19 at 14-Jun-2021 15:46:50.550 CEST
Begin processing the 43rd record. Run 1, Event 941, LumiSection 19 at 14-Jun-2021 15:46:55.426 CEST
Begin processing the 44th record. Run 1, Event 944, LumiSection 19 at 14-Jun-2021 15:46:57.689 CEST
Begin processing the 45th record. Run 1, Event 947, LumiSection 19 at 14-Jun-2021 15:47:07.510 CEST
Begin processing the 46th record. Run 1, Event 946, LumiSection 19 at 14-Jun-2021 15:47:13.531 CEST
Begin processing the 47th record. Run 1, Event 950, LumiSection 19 at 14-Jun-2021 15:47:24.657 CEST
Begin processing the 48th record. Run 1, Event 948, LumiSection 19 at 14-Jun-2021 15:47:29.303 CEST
Begin processing the 49th record. Run 1, Event 945, LumiSection 19 at 14-Jun-2021 15:47:32.187 CEST
Begin processing the 50th record. Run 1, Event 949, LumiSection 19 at 14-Jun-2021 15:47:41.713 CEST
14-Jun-2021 15:47:55 CEST  Closed file file:/eos/cms/store/user/tsarkar/DIGIPremix_Condor_output_Vector_MonoZLL_NLO_Mphi-500_Mchi-150_gSM-0p25_gDM-1p0_ctau0p1/step_DIGIPremix_2017UL_11.root

=============================================

MessageLogger Summary

 type     category        sev    module        subroutine        count    total
 ---- -------------------- -- ---------------- ----------------  -----    -----
    1 InvalidHelix         -w SeedCreatorFromR                       1        1
    2 InvalidHelix         -w SeedCreatorFromR                       1        1
    3 InvalidInputTag      -w CSCHaloDataProdu                       1        1
    4 GsfMultiStateUpdator -e GsfTrackProducer                       1        1
    5 InvalidState         -e GsfTrackProducer                       1        1
    6 PosteriorWeightsCalc -e GsfTrackProducer                       1        1
    7 TrajectoryNotPosDef  -e TrackProducer:hl                       1        1
    8 fileAction           -s file_close                             1        1
    9 fileAction           -s file_open                              2        2

 type    category    Examples: run/evt        run/evt          run/evt
 ---- -------------------- ---------------- ---------------- ----------------
    1 InvalidHelix         1/912                             
    2 InvalidHelix         1/938                             
    3 InvalidInputTag      1/906                             
    4 GsfMultiStateUpdator 1/913                             
    5 InvalidState         1/913                             
    6 PosteriorWeightsCalculator 1/913                             
    7 TrajectoryNotPosDef  1/937                             
    8 fileAction           PostGlobalEndRun                  
    9 fileAction           pre-events       pre-events       

Severity    # Occurrences   Total Occurrences
--------    -------------   -----------------
Warning                 3                   3
Error                   4                   4
System                  3                   3

dropped waiting message count 0
