14-Jun-2021 15:46:30 CEST  Initiating request to open file file:/eos/cms/store/user/tsarkar/DIGIPremix_Condor_output_Vector_MonoZLL_NLO_Mphi-500_Mchi-150_gSM-0p25_gDM-1p0_ctau0p1/step_DIGIPremix_2017UL_6.root
14-Jun-2021 15:46:34 CEST  Successfully opened file file:/eos/cms/store/user/tsarkar/DIGIPremix_Condor_output_Vector_MonoZLL_NLO_Mphi-500_Mchi-150_gSM-0p25_gDM-1p0_ctau0p1/step_DIGIPremix_2017UL_6.root
Begin processing the 1st record. Run 1, Event 651, LumiSection 14 at 14-Jun-2021 15:47:50.537 CEST
Begin processing the 2nd record. Run 1, Event 652, LumiSection 14 at 14-Jun-2021 15:47:57.866 CEST
Begin processing the 3rd record. Run 1, Event 655, LumiSection 14 at 14-Jun-2021 15:48:07.345 CEST
Begin processing the 4th record. Run 1, Event 653, LumiSection 14 at 14-Jun-2021 15:48:09.235 CEST
%MSG-w InvalidInputTag:  CSCHaloDataProducer:hltCSCHaloData  14-Jun-2021 15:48:15 CEST Run: 1 Event: 653
 The Cosmic Muon collection does not appear to be in the event. These beam halo  identification variables will be empty
%MSG
Begin processing the 5th record. Run 1, Event 654, LumiSection 14 at 14-Jun-2021 15:48:16.305 CEST
Begin processing the 6th record. Run 1, Event 659, LumiSection 14 at 14-Jun-2021 15:48:19.664 CEST
Begin processing the 7th record. Run 1, Event 657, LumiSection 14 at 14-Jun-2021 15:48:23.643 CEST
Begin processing the 8th record. Run 1, Event 656, LumiSection 14 at 14-Jun-2021 15:48:28.579 CEST
%MSG-w InvalidHelix:   SeedCreatorFromRegionConsecutiveHitsEDProducer:hltFullIter6PixelSeedsB  14-Jun-2021 15:48:34 CEST Run: 1 Event: 656
PixelClusterShapeSeedComparitor helix is not valid, result is bad
%MSG
Begin processing the 9th record. Run 1, Event 658, LumiSection 14 at 14-Jun-2021 15:48:36.309 CEST
Begin processing the 10th record. Run 1, Event 661, LumiSection 14 at 14-Jun-2021 15:48:43.167 CEST
Begin processing the 11th record. Run 1, Event 660, LumiSection 14 at 14-Jun-2021 15:48:48.781 CEST
Begin processing the 12th record. Run 1, Event 662, LumiSection 14 at 14-Jun-2021 15:48:50.873 CEST
%MSG-w InvalidHelix:   SeedCreatorFromRegionConsecutiveHitsEDProducer:hltFullIter9TobTecSeedsPair  14-Jun-2021 15:48:58 CEST Run: 1 Event: 662
PixelClusterShapeSeedComparitor helix is not valid, result is bad
%MSG
Begin processing the 13th record. Run 1, Event 665, LumiSection 14 at 14-Jun-2021 15:48:59.481 CEST
Begin processing the 14th record. Run 1, Event 663, LumiSection 14 at 14-Jun-2021 15:49:00.145 CEST
Begin processing the 15th record. Run 1, Event 666, LumiSection 14 at 14-Jun-2021 15:49:04.365 CEST
%MSG-w Muon:  L3MuonProducer:hltL3NoFiltersNoVtxMuonsOIHit  14-Jun-2021 15:49:04 CEST Run: 1 Event: 666
     Failed to load tracker track trajectory
%MSG
%MSG-w RecoMuon:  L3MuonProducer:hltL3NoFiltersNoVtxMuonsOIHit  14-Jun-2021 15:49:04 CEST Run: 1 Event: 666
     Failed to load tracker track trajectory
%MSG
%MSG-w GlobalMuon:  L3MuonProducer:hltL3NoFiltersNoVtxMuonsOIHit  14-Jun-2021 15:49:04 CEST Run: 1 Event: 666
     Failed to load tracker track trajectory
%MSG
%MSG-w GlobalTrajectoryBuilderBase:   L3MuonProducer:hltL3NoFiltersNoVtxMuonsOIHit 14-Jun-2021 15:49:04 CEST  Run: 1 Event: 666
     Failed to load tracker track trajectory
%MSG
Begin processing the 16th record. Run 1, Event 664, LumiSection 14 at 14-Jun-2021 15:49:07.193 CEST
Begin processing the 17th record. Run 1, Event 667, LumiSection 14 at 14-Jun-2021 15:49:15.328 CEST
Begin processing the 18th record. Run 1, Event 669, LumiSection 14 at 14-Jun-2021 15:49:16.530 CEST
%MSG-e TrajectoryNotPosDef:   TrackProducer:hltIter2ElectronsCtfWithMaterialTracks 14-Jun-2021 15:49:18 CEST  Run: 1 Event: 669
Trajectory covariance is not positive-definite
%MSG
Begin processing the 19th record. Run 1, Event 670, LumiSection 14 at 14-Jun-2021 15:49:30.202 CEST
Begin processing the 20th record. Run 1, Event 668, LumiSection 14 at 14-Jun-2021 15:49:34.807 CEST
Begin processing the 21st record. Run 1, Event 673, LumiSection 14 at 14-Jun-2021 15:49:42.975 CEST
Begin processing the 22nd record. Run 1, Event 674, LumiSection 14 at 14-Jun-2021 15:49:43.777 CEST
Begin processing the 23rd record. Run 1, Event 672, LumiSection 14 at 14-Jun-2021 15:49:45.626 CEST
Begin processing the 24th record. Run 1, Event 671, LumiSection 14 at 14-Jun-2021 15:49:50.742 CEST
Begin processing the 25th record. Run 1, Event 675, LumiSection 14 at 14-Jun-2021 15:49:54.767 CEST
Begin processing the 26th record. Run 1, Event 676, LumiSection 14 at 14-Jun-2021 15:49:56.371 CEST
%MSG-w InvalidHelix:   SeedCreatorFromRegionConsecutiveHitsEDProducer:hltFullIter9TobTecSeedsTripl  14-Jun-2021 15:50:09 CEST Run: 1 Event: 676
PixelClusterShapeSeedComparitor helix is not valid, result is bad
%MSG
Begin processing the 27th record. Run 1, Event 677, LumiSection 14 at 14-Jun-2021 15:50:10.574 CEST
Begin processing the 28th record. Run 1, Event 679, LumiSection 14 at 14-Jun-2021 15:50:15.284 CEST
Begin processing the 29th record. Run 1, Event 680, LumiSection 14 at 14-Jun-2021 15:50:16.115 CEST
Begin processing the 30th record. Run 1, Event 681, LumiSection 14 at 14-Jun-2021 15:50:17.058 CEST
Begin processing the 31st record. Run 1, Event 678, LumiSection 14 at 14-Jun-2021 15:50:25.942 CEST
Begin processing the 32nd record. Run 1, Event 682, LumiSection 14 at 14-Jun-2021 15:50:30.091 CEST
Begin processing the 33rd record. Run 1, Event 683, LumiSection 14 at 14-Jun-2021 15:50:30.989 CEST
Begin processing the 34th record. Run 1, Event 685, LumiSection 14 at 14-Jun-2021 15:50:35.970 CEST
Begin processing the 35th record. Run 1, Event 688, LumiSection 14 at 14-Jun-2021 15:50:39.792 CEST
Begin processing the 36th record. Run 1, Event 684, LumiSection 14 at 14-Jun-2021 15:50:40.466 CEST
Begin processing the 37th record. Run 1, Event 686, LumiSection 14 at 14-Jun-2021 15:50:43.361 CEST
Begin processing the 38th record. Run 1, Event 687, LumiSection 14 at 14-Jun-2021 15:50:50.346 CEST
Begin processing the 39th record. Run 1, Event 690, LumiSection 14 at 14-Jun-2021 15:50:56.577 CEST
Begin processing the 40th record. Run 1, Event 691, LumiSection 14 at 14-Jun-2021 15:51:02.027 CEST
Begin processing the 41st record. Run 1, Event 689, LumiSection 14 at 14-Jun-2021 15:51:04.566 CEST
Begin processing the 42nd record. Run 1, Event 693, LumiSection 14 at 14-Jun-2021 15:51:09.839 CEST
Begin processing the 43rd record. Run 1, Event 694, LumiSection 14 at 14-Jun-2021 15:51:11.891 CEST
Begin processing the 44th record. Run 1, Event 692, LumiSection 14 at 14-Jun-2021 15:51:16.564 CEST
Begin processing the 45th record. Run 1, Event 696, LumiSection 14 at 14-Jun-2021 15:51:19.987 CEST
Begin processing the 46th record. Run 1, Event 695, LumiSection 14 at 14-Jun-2021 15:51:24.703 CEST
Begin processing the 47th record. Run 1, Event 699, LumiSection 14 at 14-Jun-2021 15:51:30.317 CEST
%MSG-w InvalidHelix:   SeedCreatorFromRegionConsecutiveHitsEDProducer:hltFullIter9TobTecSeedsPair  14-Jun-2021 15:51:33 CEST Run: 1 Event: 699
PixelClusterShapeSeedComparitor helix is not valid, result is bad
%MSG
Begin processing the 48th record. Run 1, Event 700, LumiSection 14 at 14-Jun-2021 15:51:33.392 CEST
Begin processing the 49th record. Run 1, Event 697, LumiSection 14 at 14-Jun-2021 15:51:36.428 CEST
Begin processing the 50th record. Run 1, Event 698, LumiSection 14 at 14-Jun-2021 15:51:38.047 CEST
14-Jun-2021 15:51:40 CEST  Closed file file:/eos/cms/store/user/tsarkar/DIGIPremix_Condor_output_Vector_MonoZLL_NLO_Mphi-500_Mchi-150_gSM-0p25_gDM-1p0_ctau0p1/step_DIGIPremix_2017UL_6.root

=============================================

MessageLogger Summary

 type     category        sev    module        subroutine        count    total
 ---- -------------------- -- ---------------- ----------------  -----    -----
    1 GlobalMuon           -w L3MuonProducer:h                       1        1
    2 GlobalTrajectoryBuil -w L3MuonProducer:h                       1        1
    3 InvalidHelix         -w SeedCreatorFromR                       1        1
    4 InvalidHelix         -w SeedCreatorFromR                       2        2
    5 InvalidHelix         -w SeedCreatorFromR                       1        1
    6 InvalidInputTag      -w CSCHaloDataProdu                       1        1
    7 Muon                 -w L3MuonProducer:h                       1        1
    8 RecoMuon             -w L3MuonProducer:h                       1        1
    9 TrajectoryNotPosDef  -e TrackProducer:hl                       1        1
   10 fileAction           -s file_close                             1        1
   11 fileAction           -s file_open                              2        2

 type    category    Examples: run/evt        run/evt          run/evt
 ---- -------------------- ---------------- ---------------- ----------------
    1 GlobalMuon           1/666                             
    2 GlobalTrajectoryBuilderBase 1/666                             
    3 InvalidHelix         1/656                             
    4 InvalidHelix         1/662            1/699            
    5 InvalidHelix         1/676                             
    6 InvalidInputTag      1/653                             
    7 Muon                 1/666                             
    8 RecoMuon             1/666                             
    9 TrajectoryNotPosDef  1/669                             
   10 fileAction           PostGlobalEndRun                  
   11 fileAction           pre-events       pre-events       

Severity    # Occurrences   Total Occurrences
--------    -------------   -----------------
Warning                 9                   9
Error                   1                   1
System                  3                   3

dropped waiting message count 0
