000 (7312045.000.000) 06/14 14:44:53 Job submitted from host: <137.138.44.75:9618?addrs=137.138.44.75-9618+[2001-1458-d00-1a--b]-9618&alias=bigbird14.cern.ch&noUDP&sock=schedd_3149486_02ef>
...
040 (7312045.000.000) 06/14 15:39:42 Started transferring input files
	Transferring to host: <188.184.197.245:9618?addrs=188.184.197.245-9618+[2001-1458-301-103--100-3e4]-9618&alias=b7g23n7372.cern.ch&noUDP&sock=slot1_3_5050_ee86_38021>
...
040 (7312045.000.000) 06/14 15:39:43 Finished transferring input files
...
001 (7312045.000.000) 06/14 15:39:43 Job executing on host: <188.184.197.245:9618?addrs=188.184.197.245-9618+[2001-1458-301-103--100-3e4]-9618&alias=b7g23n7372.cern.ch&noUDP&sock=startd_4010_1add>
...
006 (7312045.000.000) 06/14 15:39:52 Image size of job updated: 244144
	15  -  MemoryUsage of job (MB)
	15064  -  ResidentSetSize of job (KB)
...
006 (7312045.000.000) 06/14 15:44:53 Image size of job updated: 2271664
	1319  -  MemoryUsage of job (MB)
	1349896  -  ResidentSetSize of job (KB)
...
006 (7312045.000.000) 06/14 15:49:28 Image size of job updated: 2455992
	1319  -  MemoryUsage of job (MB)
	1349896  -  ResidentSetSize of job (KB)
...
040 (7312045.000.000) 06/14 15:49:28 Started transferring output files
...
040 (7312045.000.000) 06/14 15:49:28 Finished transferring output files
...
005 (7312045.000.000) 06/14 15:49:28 Job terminated.
	(1) Normal termination (return value 0)
		Usr 0 00:07:46, Sys 0 00:00:13  -  Run Remote Usage
		Usr 0 00:00:00, Sys 0 00:00:00  -  Run Local Usage
		Usr 0 00:07:46, Sys 0 00:00:13  -  Total Remote Usage
		Usr 0 00:00:00, Sys 0 00:00:00  -  Total Local Usage
	14705  -  Run Bytes Sent By Job
	430  -  Run Bytes Received By Job
	14705  -  Total Bytes Sent By Job
	430  -  Total Bytes Received By Job
	Partitionable Resources :    Usage  Request Allocated 
	   Cpus                 :     0.99        1         1 
	   Disk (KB)            :    35           1    336185 
	   Memory (MB)          :  1319        2000      2000 

	Job terminated of its own accord at 2021-06-14T13:49:28Z.
...
