14-Jun-2021 15:40:43 CEST  Initiating request to open file file:/eos/cms/store/user/tsarkar/DIGIPremix_Condor_output_Vector_MonoZLL_NLO_Mphi-500_Mchi-150_gSM-0p25_gDM-1p0_ctau0p1/step_DIGIPremix_2017UL_9.root
14-Jun-2021 15:40:50 CEST  Successfully opened file file:/eos/cms/store/user/tsarkar/DIGIPremix_Condor_output_Vector_MonoZLL_NLO_Mphi-500_Mchi-150_gSM-0p25_gDM-1p0_ctau0p1/step_DIGIPremix_2017UL_9.root
Begin processing the 1st record. Run 1, Event 803, LumiSection 17 at 14-Jun-2021 15:42:56.302 CEST
Begin processing the 2nd record. Run 1, Event 802, LumiSection 17 at 14-Jun-2021 15:43:10.183 CEST
Begin processing the 3rd record. Run 1, Event 801, LumiSection 17 at 14-Jun-2021 15:43:13.291 CEST
Begin processing the 4th record. Run 1, Event 804, LumiSection 17 at 14-Jun-2021 15:43:14.435 CEST
Begin processing the 5th record. Run 1, Event 806, LumiSection 17 at 14-Jun-2021 15:43:17.425 CEST
Begin processing the 6th record. Run 1, Event 805, LumiSection 17 at 14-Jun-2021 15:43:37.300 CEST
%MSG-w InvalidInputTag:  CSCHaloDataProducer:hltCSCHaloData  14-Jun-2021 15:43:45 CEST Run: 1 Event: 805
 The Cosmic Muon collection does not appear to be in the event. These beam halo  identification variables will be empty
%MSG
Begin processing the 7th record. Run 1, Event 807, LumiSection 17 at 14-Jun-2021 15:43:46.166 CEST
Begin processing the 8th record. Run 1, Event 810, LumiSection 17 at 14-Jun-2021 15:43:46.781 CEST
Begin processing the 9th record. Run 1, Event 808, LumiSection 17 at 14-Jun-2021 15:43:56.602 CEST
%MSG-w InvalidHelix:   SeedCreatorFromRegionConsecutiveHitsEDProducer:hltFullIter9TobTecSeedsPair  14-Jun-2021 15:44:07 CEST Run: 1 Event: 808
PixelClusterShapeSeedComparitor helix is not valid, result is bad
%MSG
Begin processing the 10th record. Run 1, Event 812, LumiSection 17 at 14-Jun-2021 15:44:08.679 CEST
Begin processing the 11th record. Run 1, Event 811, LumiSection 17 at 14-Jun-2021 15:44:22.023 CEST
Begin processing the 12th record. Run 1, Event 809, LumiSection 17 at 14-Jun-2021 15:44:27.118 CEST
%MSG-w BasicTrajectoryState:   TrackProducer:hltIter2ElectronsCtfWithMaterialTracks 14-Jun-2021 15:44:29 CEST  Run: 1 Event: 809
curv error not pos-def
[  7.79265e+06      12.191     -370308     27.0604  -0.0190983
        12.191  0.00210527   -0.579318  4.3203e-05    0.017348
       -370308   -0.579318     17597.1    -1.28861 0.000906974
       27.0604  4.3203e-05    -1.28861  -0.0222883  9.3794e-06
    -0.0190983    0.017348 0.000906974  9.3794e-06    0.144303 ]
pos/mom/mf  (8.52752,7.02734,6.95216)   (24.2856,19.6771,-2.04374)   (9.87031e-05,8.1339e-05,3.81127) 
%MSG
%MSG-w BasicTrajectoryState:   TrackProducer:hltIter2ElectronsCtfWithMaterialTracks 14-Jun-2021 15:44:29 CEST  Run: 1 Event: 809
local error not pos-def
[  7.79265e+06      370914    -972.543    -27.0825   0.0892552
        370914     17654.8    -46.2911    -1.29178  0.00425729
      -972.543    -46.2911    0.123483   0.0033869   0.0174624
      -27.0825    -1.29178   0.0033869  -0.0223248 5.94136e-05
     0.0892552  0.00425729   0.0174624 5.94136e-05    0.144919 ]
pos/mom/mf  (8.52752,7.02734,6.95216)   (24.2856,19.6771,-2.04374)   (9.87031e-05,8.1339e-05,3.81127) 
%MSG
Begin processing the 13th record. Run 1, Event 814, LumiSection 17 at 14-Jun-2021 15:44:43.596 CEST
Begin processing the 14th record. Run 1, Event 813, LumiSection 17 at 14-Jun-2021 15:44:45.434 CEST
Begin processing the 15th record. Run 1, Event 816, LumiSection 17 at 14-Jun-2021 15:44:50.845 CEST
Begin processing the 16th record. Run 1, Event 815, LumiSection 17 at 14-Jun-2021 15:44:59.453 CEST
Begin processing the 17th record. Run 1, Event 817, LumiSection 17 at 14-Jun-2021 15:45:07.942 CEST
Begin processing the 18th record. Run 1, Event 818, LumiSection 17 at 14-Jun-2021 15:45:11.525 CEST
Begin processing the 19th record. Run 1, Event 820, LumiSection 17 at 14-Jun-2021 15:45:14.149 CEST
Begin processing the 20th record. Run 1, Event 821, LumiSection 17 at 14-Jun-2021 15:45:17.203 CEST
Begin processing the 21st record. Run 1, Event 819, LumiSection 17 at 14-Jun-2021 15:45:18.365 CEST
Begin processing the 22nd record. Run 1, Event 824, LumiSection 17 at 14-Jun-2021 15:45:30.876 CEST
Begin processing the 23rd record. Run 1, Event 822, LumiSection 17 at 14-Jun-2021 15:45:31.902 CEST
Begin processing the 24th record. Run 1, Event 823, LumiSection 17 at 14-Jun-2021 15:45:36.399 CEST
Begin processing the 25th record. Run 1, Event 825, LumiSection 17 at 14-Jun-2021 15:45:41.456 CEST
Begin processing the 26th record. Run 1, Event 827, LumiSection 17 at 14-Jun-2021 15:45:45.099 CEST
Begin processing the 27th record. Run 1, Event 829, LumiSection 17 at 14-Jun-2021 15:45:48.655 CEST
Begin processing the 28th record. Run 1, Event 826, LumiSection 17 at 14-Jun-2021 15:45:51.404 CEST
Begin processing the 29th record. Run 1, Event 831, LumiSection 17 at 14-Jun-2021 15:45:57.156 CEST
Begin processing the 30th record. Run 1, Event 828, LumiSection 17 at 14-Jun-2021 15:46:03.536 CEST
Begin processing the 31st record. Run 1, Event 832, LumiSection 17 at 14-Jun-2021 15:46:08.903 CEST
%MSG-w BasicTrajectoryState:   TrackProducer:hltIter2ElectronsCtfWithMaterialTracks 14-Jun-2021 15:46:12 CEST  Run: 1 Event: 832
curv error not pos-def
[  8.79595e+06    -96.7501     -298038    -85.2941    0.175809
      -96.7501  0.00160084      3.2782  0.00081266  0.00317755
       -298038      3.2782     10098.6     2.88972 -0.00612919
      -85.2941  0.00081266     2.88972   -0.000619-0.000748135
      0.175809  0.00317755 -0.00612919-0.000748135   0.0188552 ]
pos/mom/mf  (2.66287,-6.4097,-9.0338)   (4.73842,-11.3181,-12.326)   (-6.40841e-05,0.000154255,3.81101) 
%MSG
%MSG-w BasicTrajectoryState:   TrackProducer:hltIter2ElectronsCtfWithMaterialTracks 14-Jun-2021 15:46:12 CEST  Run: 1 Event: 832
local error not pos-def
[  8.79595e+06      298597    -12829.9     85.3746    -3.97315
        298597     10136.5     -435.54     2.89788   -0.135124
      -12829.9     -435.54     18.7162   -0.124767   0.0148801
       85.3746     2.89788   -0.124767-0.000620187 -0.00103404
      -3.97315   -0.135124   0.0148801 -0.00103404   0.0379736 ]
pos/mom/mf  (2.66287,-6.4097,-9.0338)   (4.73842,-11.3181,-12.326)   (-6.40841e-05,0.000154255,3.81101) 
%MSG
%MSG-w InvalidHelix:   SeedCreatorFromRegionConsecutiveHitsEDProducer:hltFullIter9TobTecSeedsPair  14-Jun-2021 15:46:38 CEST Run: 1 Event: 832
PixelClusterShapeSeedComparitor helix is not valid, result is bad
%MSG
Begin processing the 32nd record. Run 1, Event 833, LumiSection 17 at 14-Jun-2021 15:46:41.463 CEST
Begin processing the 33rd record. Run 1, Event 830, LumiSection 17 at 14-Jun-2021 15:46:46.727 CEST
Begin processing the 34th record. Run 1, Event 834, LumiSection 17 at 14-Jun-2021 15:46:55.320 CEST
Begin processing the 35th record. Run 1, Event 835, LumiSection 17 at 14-Jun-2021 15:46:58.207 CEST
Begin processing the 36th record. Run 1, Event 837, LumiSection 17 at 14-Jun-2021 15:47:15.236 CEST
Begin processing the 37th record. Run 1, Event 836, LumiSection 17 at 14-Jun-2021 15:47:16.688 CEST
Begin processing the 38th record. Run 1, Event 840, LumiSection 17 at 14-Jun-2021 15:47:21.070 CEST
Begin processing the 39th record. Run 1, Event 839, LumiSection 17 at 14-Jun-2021 15:47:29.440 CEST
%MSG-w InvalidHelix:   SeedCreatorFromRegionConsecutiveHitsTripletOnlyEDProducer:hltFullIter8PixelLessSeeds  14-Jun-2021 15:47:40 CEST Run: 1 Event: 839
PixelClusterShapeSeedComparitor helix is not valid, result is bad
%MSG
%MSG-w InvalidHelix:   SeedCreatorFromRegionConsecutiveHitsTripletOnlyEDProducer:hltFullIter8PixelLessSeeds  14-Jun-2021 15:47:40 CEST Run: 1 Event: 839
PixelClusterShapeSeedComparitor helix is not valid, result is bad
%MSG
%MSG-w InvalidHelix:   SeedCreatorFromRegionConsecutiveHitsEDProducer:hltFullIter9TobTecSeedsTripl  14-Jun-2021 15:47:42 CEST Run: 1 Event: 839
PixelClusterShapeSeedComparitor helix is not valid, result is bad
%MSG
%MSG-w InvalidHelix:   SeedCreatorFromRegionConsecutiveHitsEDProducer:hltFullIter9TobTecSeedsTripl  14-Jun-2021 15:47:42 CEST Run: 1 Event: 839
PixelClusterShapeSeedComparitor helix is not valid, result is bad
%MSG
%MSG-w InvalidHelix:   SeedCreatorFromRegionConsecutiveHitsEDProducer:hltIter2HighPtTkMuPixelSeeds  14-Jun-2021 15:47:43 CEST Run: 1 Event: 839
PixelClusterShapeSeedComparitor helix is not valid, result is bad
%MSG
Begin processing the 40th record. Run 1, Event 838, LumiSection 17 at 14-Jun-2021 15:47:43.611 CEST
Begin processing the 41st record. Run 1, Event 841, LumiSection 17 at 14-Jun-2021 15:47:49.035 CEST
Begin processing the 42nd record. Run 1, Event 843, LumiSection 17 at 14-Jun-2021 15:47:52.560 CEST
Begin processing the 43rd record. Run 1, Event 844, LumiSection 17 at 14-Jun-2021 15:47:56.171 CEST
%MSG-w InvalidHelix:   SeedCreatorFromRegionConsecutiveHitsEDProducer:hltFullIter9TobTecSeedsPair  14-Jun-2021 15:48:05 CEST Run: 1 Event: 844
PixelClusterShapeSeedComparitor helix is not valid, result is bad
%MSG
%MSG-w InvalidHelix:   SeedCreatorFromRegionConsecutiveHitsEDProducer:hltFullIter9TobTecSeedsPair  14-Jun-2021 15:48:05 CEST Run: 1 Event: 844
PixelClusterShapeSeedComparitor helix is not valid, result is bad
%MSG
Begin processing the 44th record. Run 1, Event 847, LumiSection 17 at 14-Jun-2021 15:48:06.652 CEST
Begin processing the 45th record. Run 1, Event 842, LumiSection 17 at 14-Jun-2021 15:48:09.292 CEST
Begin processing the 46th record. Run 1, Event 846, LumiSection 17 at 14-Jun-2021 15:48:25.332 CEST
Begin processing the 47th record. Run 1, Event 845, LumiSection 17 at 14-Jun-2021 15:48:26.317 CEST
Begin processing the 48th record. Run 1, Event 848, LumiSection 17 at 14-Jun-2021 15:48:46.775 CEST
Begin processing the 49th record. Run 1, Event 850, LumiSection 17 at 14-Jun-2021 15:48:50.453 CEST
Begin processing the 50th record. Run 1, Event 849, LumiSection 17 at 14-Jun-2021 15:48:51.295 CEST
14-Jun-2021 15:48:56 CEST  Closed file file:/eos/cms/store/user/tsarkar/DIGIPremix_Condor_output_Vector_MonoZLL_NLO_Mphi-500_Mchi-150_gSM-0p25_gDM-1p0_ctau0p1/step_DIGIPremix_2017UL_9.root

=============================================

MessageLogger Summary

 type     category        sev    module        subroutine        count    total
 ---- -------------------- -- ---------------- ----------------  -----    -----
    1 BasicTrajectoryState -w TrackProducer:hl                       4        4
    2 InvalidHelix         -w SeedCreatorFromR                       4        4
    3 InvalidHelix         -w SeedCreatorFromR                       2        2
    4 InvalidHelix         -w SeedCreatorFromR                       1        1
    5 InvalidHelix         -w SeedCreatorFromR                       2        2
    6 InvalidInputTag      -w CSCHaloDataProdu                       1        1
    7 fileAction           -s file_close                             1        1
    8 fileAction           -s file_open                              2        2

 type    category    Examples: run/evt        run/evt          run/evt
 ---- -------------------- ---------------- ---------------- ----------------
    1 BasicTrajectoryState 1/809            1/809            1/832
    2 InvalidHelix         1/808            1/832            1/844
    3 InvalidHelix         1/839            1/839            
    4 InvalidHelix         1/839                             
    5 InvalidHelix         1/839            1/839            
    6 InvalidInputTag      1/805                             
    7 fileAction           PostGlobalEndRun                  
    8 fileAction           pre-events       pre-events       

Severity    # Occurrences   Total Occurrences
--------    -------------   -----------------
Warning                14                  14
System                  3                   3

dropped waiting message count 0
