14-Jun-2021 15:41:50 CEST  Initiating request to open file file:/eos/cms/store/user/tsarkar/DIGIPremix_Condor_output_Vector_MonoZLL_NLO_Mphi-500_Mchi-150_gSM-0p25_gDM-1p0_ctau0p1/step_DIGIPremix_2017UL_18.root
14-Jun-2021 15:42:06 CEST  Successfully opened file file:/eos/cms/store/user/tsarkar/DIGIPremix_Condor_output_Vector_MonoZLL_NLO_Mphi-500_Mchi-150_gSM-0p25_gDM-1p0_ctau0p1/step_DIGIPremix_2017UL_18.root
Begin processing the 1st record. Run 1, Event 301, LumiSection 7 at 14-Jun-2021 15:45:11.600 CEST
Begin processing the 2nd record. Run 1, Event 305, LumiSection 7 at 14-Jun-2021 15:45:23.837 CEST
Begin processing the 3rd record. Run 1, Event 304, LumiSection 7 at 14-Jun-2021 15:45:30.348 CEST
Begin processing the 4th record. Run 1, Event 302, LumiSection 7 at 14-Jun-2021 15:45:39.273 CEST
%MSG-e TrajectoryNotPosDef:   TrackProducer:hltIter2PFlowCtfWithMaterialTracksForPhotons  14-Jun-2021 15:45:39 CEST Run: 1 Event: 302
Trajectory covariance is not positive-definite
%MSG
%MSG-w InvalidInputTag:  CSCHaloDataProducer:hltCSCHaloData  14-Jun-2021 15:45:43 CEST Run: 1 Event: 302
 The Cosmic Muon collection does not appear to be in the event. These beam halo  identification variables will be empty
%MSG
Begin processing the 5th record. Run 1, Event 307, LumiSection 7 at 14-Jun-2021 15:45:43.926 CEST
Begin processing the 6th record. Run 1, Event 303, LumiSection 7 at 14-Jun-2021 15:45:47.674 CEST
Begin processing the 7th record. Run 1, Event 306, LumiSection 7 at 14-Jun-2021 15:45:50.732 CEST
Begin processing the 8th record. Run 1, Event 308, LumiSection 7 at 14-Jun-2021 15:45:54.689 CEST
Begin processing the 9th record. Run 1, Event 310, LumiSection 7 at 14-Jun-2021 15:46:02.496 CEST
Begin processing the 10th record. Run 1, Event 311, LumiSection 7 at 14-Jun-2021 15:46:06.130 CEST
Begin processing the 11th record. Run 1, Event 312, LumiSection 7 at 14-Jun-2021 15:46:11.607 CEST
Begin processing the 12th record. Run 1, Event 314, LumiSection 7 at 14-Jun-2021 15:46:13.290 CEST
Begin processing the 13th record. Run 1, Event 309, LumiSection 7 at 14-Jun-2021 15:46:14.947 CEST
Begin processing the 14th record. Run 1, Event 315, LumiSection 7 at 14-Jun-2021 15:46:19.492 CEST
Begin processing the 15th record. Run 1, Event 318, LumiSection 7 at 14-Jun-2021 15:46:25.106 CEST
Begin processing the 16th record. Run 1, Event 316, LumiSection 7 at 14-Jun-2021 15:46:33.934 CEST
Begin processing the 17th record. Run 1, Event 313, LumiSection 7 at 14-Jun-2021 15:46:34.672 CEST
Begin processing the 18th record. Run 1, Event 317, LumiSection 7 at 14-Jun-2021 15:46:39.972 CEST
Begin processing the 19th record. Run 1, Event 320, LumiSection 7 at 14-Jun-2021 15:46:40.995 CEST
Begin processing the 20th record. Run 1, Event 319, LumiSection 7 at 14-Jun-2021 15:46:41.745 CEST
Begin processing the 21st record. Run 1, Event 323, LumiSection 7 at 14-Jun-2021 15:46:46.688 CEST
Begin processing the 22nd record. Run 1, Event 321, LumiSection 7 at 14-Jun-2021 15:46:51.171 CEST
%MSG-e TrajectoryNotPosDef:   TrackProducer:hltIter2PFlowCtfWithMaterialTracksForPhotons  14-Jun-2021 15:46:52 CEST Run: 1 Event: 321
Trajectory covariance is not positive-definite
%MSG
Begin processing the 23rd record. Run 1, Event 324, LumiSection 7 at 14-Jun-2021 15:46:57.414 CEST
Begin processing the 24th record. Run 1, Event 322, LumiSection 7 at 14-Jun-2021 15:46:59.256 CEST
Begin processing the 25th record. Run 1, Event 325, LumiSection 7 at 14-Jun-2021 15:47:01.382 CEST
Begin processing the 26th record. Run 1, Event 326, LumiSection 7 at 14-Jun-2021 15:47:03.352 CEST
Begin processing the 27th record. Run 1, Event 327, LumiSection 7 at 14-Jun-2021 15:47:04.759 CEST
Begin processing the 28th record. Run 1, Event 328, LumiSection 7 at 14-Jun-2021 15:47:16.125 CEST
Begin processing the 29th record. Run 1, Event 329, LumiSection 7 at 14-Jun-2021 15:47:17.938 CEST
%MSG-w InvalidHelix:   SeedCreatorFromRegionConsecutiveHitsEDProducer:hltFullIter9TobTecSeedsPair  14-Jun-2021 15:47:21 CEST Run: 1 Event: 329
PixelClusterShapeSeedComparitor helix is not valid, result is bad
%MSG
Begin processing the 30th record. Run 1, Event 331, LumiSection 7 at 14-Jun-2021 15:47:22.160 CEST
Begin processing the 31st record. Run 1, Event 330, LumiSection 7 at 14-Jun-2021 15:47:25.161 CEST
%MSG-e TrajectoryNotPosDef:   TrackProducer:hltIter2PFlowCtfWithMaterialTracksForPhotons  14-Jun-2021 15:47:27 CEST Run: 1 Event: 330
Trajectory covariance is not positive-definite
%MSG
Begin processing the 32nd record. Run 1, Event 334, LumiSection 7 at 14-Jun-2021 15:47:28.209 CEST
Begin processing the 33rd record. Run 1, Event 332, LumiSection 7 at 14-Jun-2021 15:47:38.529 CEST
Begin processing the 34th record. Run 1, Event 337, LumiSection 7 at 14-Jun-2021 15:47:44.338 CEST
Begin processing the 35th record. Run 1, Event 336, LumiSection 7 at 14-Jun-2021 15:48:04.799 CEST
Begin processing the 36th record. Run 1, Event 333, LumiSection 7 at 14-Jun-2021 15:48:05.896 CEST
Begin processing the 37th record. Run 1, Event 335, LumiSection 7 at 14-Jun-2021 15:48:14.540 CEST
Begin processing the 38th record. Run 1, Event 340, LumiSection 7 at 14-Jun-2021 15:48:20.472 CEST
Begin processing the 39th record. Run 1, Event 339, LumiSection 7 at 14-Jun-2021 15:48:22.209 CEST
Begin processing the 40th record. Run 1, Event 338, LumiSection 7 at 14-Jun-2021 15:48:25.754 CEST
Begin processing the 41st record. Run 1, Event 342, LumiSection 7 at 14-Jun-2021 15:48:36.463 CEST
Begin processing the 42nd record. Run 1, Event 341, LumiSection 7 at 14-Jun-2021 15:48:46.100 CEST
Begin processing the 43rd record. Run 1, Event 343, LumiSection 7 at 14-Jun-2021 15:48:50.399 CEST
%MSG-w InvalidHelix:   SeedCreatorFromRegionConsecutiveHitsEDProducer:hltFullIter6PixelSeedsB  14-Jun-2021 15:49:03 CEST Run: 1 Event: 343
PixelClusterShapeSeedComparitor helix is not valid, result is bad
%MSG
Begin processing the 44th record. Run 1, Event 345, LumiSection 7 at 14-Jun-2021 15:49:09.187 CEST
Begin processing the 45th record. Run 1, Event 344, LumiSection 7 at 14-Jun-2021 15:49:13.675 CEST
Begin processing the 46th record. Run 1, Event 346, LumiSection 7 at 14-Jun-2021 15:49:17.085 CEST
%MSG-w Muon:  L3MuonProducer:hltL3NoFiltersNoVtxMuonsOIState  14-Jun-2021 15:49:18 CEST Run: 1 Event: 346
     Failed to load tracker track trajectory
%MSG
%MSG-w RecoMuon:  L3MuonProducer:hltL3NoFiltersNoVtxMuonsOIState  14-Jun-2021 15:49:18 CEST Run: 1 Event: 346
     Failed to load tracker track trajectory
%MSG
%MSG-w GlobalMuon:  L3MuonProducer:hltL3NoFiltersNoVtxMuonsOIState  14-Jun-2021 15:49:18 CEST Run: 1 Event: 346
     Failed to load tracker track trajectory
%MSG
%MSG-w GlobalTrajectoryBuilderBase:   L3MuonProducer:hltL3NoFiltersNoVtxMuonsOIState 14-Jun-2021 15:49:18 CEST  Run: 1 Event: 346
     Failed to load tracker track trajectory
%MSG
%MSG-w Muon:  L3MuonProducer:hltL3NoFiltersNoVtxMuonsOIHit  14-Jun-2021 15:49:18 CEST Run: 1 Event: 346
     Failed to load tracker track trajectory
%MSG
%MSG-w RecoMuon:  L3MuonProducer:hltL3NoFiltersNoVtxMuonsOIHit  14-Jun-2021 15:49:18 CEST Run: 1 Event: 346
     Failed to load tracker track trajectory
%MSG
%MSG-w GlobalMuon:  L3MuonProducer:hltL3NoFiltersNoVtxMuonsOIHit  14-Jun-2021 15:49:18 CEST Run: 1 Event: 346
     Failed to load tracker track trajectory
%MSG
%MSG-w GlobalTrajectoryBuilderBase:   L3MuonProducer:hltL3NoFiltersNoVtxMuonsOIHit 14-Jun-2021 15:49:18 CEST  Run: 1 Event: 346
     Failed to load tracker track trajectory
%MSG
%MSG-w BasicTrajectoryState:   TrackProducer:hltL3NoFiltersTkTracksFromL2IOHitNoVtx 14-Jun-2021 15:49:18 CEST  Run: 1 Event: 346
local error not pos-def
[ -1.39372e-05 9.69751e-06 3.47616e-05 0.000202223-4.06727e-05
   9.69751e-06 8.20225e-06-1.69992e-05 5.66728e-05  1.4842e-05
   3.47616e-05-1.69992e-05 0.000186764-1.67688e-05-0.000175514
   0.000202223 5.66728e-05-1.67688e-05-8.16789e-05-6.36932e-05
  -4.06727e-05  1.4842e-05-0.000175514-6.36932e-05 0.000953188 ]
pos/mom/mf  (-5.56201,9.20571,-24.2407)   (-6.91975,12.0082,-48.7937)   (0,0,3.8089) 
%MSG
%MSG-w BasicTrajectoryState:   TrackProducer:hltL3NoFiltersTkTracksFromL2IOHitNoVtx 14-Jun-2021 15:49:18 CEST  Run: 1 Event: 346
curv error not pos-def
[ -1.39372e-05 2.86587e-06 -9.5785e-06 0.000200851-1.14054e-05
   2.86587e-06 9.54893e-07 9.89942e-07 4.62497e-07 3.37248e-06
   -9.5785e-06 9.89942e-07 7.95439e-06-5.54983e-05 1.01432e-05
   0.000200851 4.62497e-07-5.54983e-05-8.06189e-05 2.62321e-05
  -1.14054e-05 3.37248e-06 1.01432e-05 2.62321e-05 6.61614e-05 ]
pos/mom/mf  (-5.56201,9.20571,-24.2407)   (-6.91975,12.0082,-48.7937)   (0,0,3.8089) 
%MSG
%MSG-w TrackNaN:  TrackProducer:hltL3NoFiltersTkTracksFromL2IOHitNoVtx  14-Jun-2021 15:49:18 CEST Run: 1 Event: 346
Track has NaN or the cov is not pos-definite
%MSG
%MSG-e TrajectoryNotPosDef:   TrackProducer:hltL3NoFiltersTkTracksFromL2IOHitNoVtx 14-Jun-2021 15:49:18 CEST  Run: 1 Event: 346
Trajectory covariance is not positive-definite
%MSG
Begin processing the 47th record. Run 1, Event 347, LumiSection 7 at 14-Jun-2021 15:49:26.916 CEST
Begin processing the 48th record. Run 1, Event 349, LumiSection 7 at 14-Jun-2021 15:49:33.942 CEST
Begin processing the 49th record. Run 1, Event 350, LumiSection 7 at 14-Jun-2021 15:49:34.942 CEST
%MSG-w InvalidHelix:   SeedCreatorFromRegionConsecutiveHitsEDProducer:hltFullIter9TobTecSeedsPair  14-Jun-2021 15:49:42 CEST Run: 1 Event: 350
PixelClusterShapeSeedComparitor helix is not valid, result is bad
%MSG
Begin processing the 50th record. Run 1, Event 348, LumiSection 7 at 14-Jun-2021 15:49:43.021 CEST
14-Jun-2021 15:49:47 CEST  Closed file file:/eos/cms/store/user/tsarkar/DIGIPremix_Condor_output_Vector_MonoZLL_NLO_Mphi-500_Mchi-150_gSM-0p25_gDM-1p0_ctau0p1/step_DIGIPremix_2017UL_18.root

=============================================

MessageLogger Summary

 type     category        sev    module        subroutine        count    total
 ---- -------------------- -- ---------------- ----------------  -----    -----
    1 BasicTrajectoryState -w TrackProducer:hl                       2        2
    2 GlobalMuon           -w L3MuonProducer:h                       1        1
    3 GlobalMuon           -w L3MuonProducer:h                       1        1
    4 GlobalTrajectoryBuil -w L3MuonProducer:h                       1        1
    5 GlobalTrajectoryBuil -w L3MuonProducer:h                       1        1
    6 InvalidHelix         -w SeedCreatorFromR                       1        1
    7 InvalidHelix         -w SeedCreatorFromR                       2        2
    8 InvalidInputTag      -w CSCHaloDataProdu                       1        1
    9 Muon                 -w L3MuonProducer:h                       1        1
   10 Muon                 -w L3MuonProducer:h                       1        1
   11 RecoMuon             -w L3MuonProducer:h                       1        1
   12 RecoMuon             -w L3MuonProducer:h                       1        1
   13 TrackNaN             -w TrackProducer:hl                       1        1
   14 TrajectoryNotPosDef  -e TrackProducer:hl                       3        3
   15 TrajectoryNotPosDef  -e TrackProducer:hl                       1        1
   16 fileAction           -s file_close                             1        1
   17 fileAction           -s file_open                              2        2

 type    category    Examples: run/evt        run/evt          run/evt
 ---- -------------------- ---------------- ---------------- ----------------
    1 BasicTrajectoryState 1/346            1/346            
    2 GlobalMuon           1/346                             
    3 GlobalMuon           1/346                             
    4 GlobalTrajectoryBuilderBase 1/346                             
    5 GlobalTrajectoryBuilderBase 1/346                             
    6 InvalidHelix         1/343                             
    7 InvalidHelix         1/329            1/350            
    8 InvalidInputTag      1/302                             
    9 Muon                 1/346                             
   10 Muon                 1/346                             
   11 RecoMuon             1/346                             
   12 RecoMuon             1/346                             
   13 TrackNaN             1/346                             
   14 TrajectoryNotPosDef  1/302            1/321            1/330
   15 TrajectoryNotPosDef  1/346                             
   16 fileAction           PostGlobalEndRun                  
   17 fileAction           pre-events       pre-events       

Severity    # Occurrences   Total Occurrences
--------    -------------   -----------------
Warning                15                  15
Error                   4                   4
System                  3                   3

dropped waiting message count 0
