14-Jun-2021 15:40:23 CEST  Initiating request to open file file:/eos/cms/store/user/tsarkar/DIGIPremix_Condor_output_Vector_MonoZLL_NLO_Mphi-500_Mchi-150_gSM-0p25_gDM-1p0_ctau0p1/step_DIGIPremix_2017UL_17.root
14-Jun-2021 15:40:28 CEST  Successfully opened file file:/eos/cms/store/user/tsarkar/DIGIPremix_Condor_output_Vector_MonoZLL_NLO_Mphi-500_Mchi-150_gSM-0p25_gDM-1p0_ctau0p1/step_DIGIPremix_2017UL_17.root
Begin processing the 1st record. Run 1, Event 253, LumiSection 6 at 14-Jun-2021 15:42:14.543 CEST
Begin processing the 2nd record. Run 1, Event 254, LumiSection 6 at 14-Jun-2021 15:42:22.989 CEST
Begin processing the 3rd record. Run 1, Event 252, LumiSection 6 at 14-Jun-2021 15:42:25.971 CEST
%MSG-w BasicTrajectoryState:   TrackProducer:hltIter2PFlowCtfWithMaterialTracksForPhotons  14-Jun-2021 15:42:26 CEST Run: 1 Event: 252
curv error not pos-def
[  8.35595e+06    -102.197     -289637    -80.8131    0.102099
      -102.197  0.00247493     3.54242  0.00107971  0.00743054
       -289637     3.54242     10039.5     2.80083 -0.00339057
      -80.8131  0.00107971     2.80083-0.000678208 0.000550861
      0.102099  0.00743054 -0.00339057 0.000550861   0.0450886 ]
pos/mom/mf  (2.86205,-6.3363,-8.53764)   (4.67159,-10.2681,-11.8414)   (-6.5763e-05,0.000145593,3.81103) 
%MSG
%MSG-w BasicTrajectoryState:   TrackProducer:hltIter2PFlowCtfWithMaterialTracksForPhotons  14-Jun-2021 15:42:26 CEST Run: 1 Event: 252
local error not pos-def
[  8.35595e+06      291222    -22360.4     81.0343    -6.42987
        291222     10149.7    -779.305     2.82386   -0.223898
      -22360.4    -779.305     59.8415   -0.216626   0.0398836
       81.0343     2.82386   -0.216626-0.000681911 0.000854545
      -6.42987   -0.223898   0.0398836 0.000854545   0.0946392 ]
pos/mom/mf  (2.86205,-6.3363,-8.53764)   (4.67159,-10.2681,-11.8414)   (-6.5763e-05,0.000145593,3.81103) 
%MSG
Begin processing the 4th record. Run 1, Event 251, LumiSection 6 at 14-Jun-2021 15:42:34.903 CEST
Begin processing the 5th record. Run 1, Event 257, LumiSection 6 at 14-Jun-2021 15:42:46.088 CEST
%MSG-w InvalidInputTag:  CSCHaloDataProducer:hltCSCHaloData  14-Jun-2021 15:43:11 CEST Run: 1 Event: 257
 The Cosmic Muon collection does not appear to be in the event. These beam halo  identification variables will be empty
%MSG
Begin processing the 6th record. Run 1, Event 256, LumiSection 6 at 14-Jun-2021 15:43:11.940 CEST
%MSG-e TrajectoryNotPosDef:   TrackProducer:hltIter2ElectronsCtfWithMaterialTracks 14-Jun-2021 15:43:12 CEST  Run: 1 Event: 256
Trajectory covariance is not positive-definite
%MSG
Begin processing the 7th record. Run 1, Event 255, LumiSection 6 at 14-Jun-2021 15:43:17.879 CEST
%MSG-w InvalidHelix:   SeedCreatorFromRegionConsecutiveHitsEDProducer:hltFullIter9TobTecSeedsTripl  14-Jun-2021 15:43:21 CEST Run: 1 Event: 255
PixelClusterShapeSeedComparitor helix is not valid, result is bad
%MSG
Begin processing the 8th record. Run 1, Event 258, LumiSection 6 at 14-Jun-2021 15:43:22.053 CEST
Begin processing the 9th record. Run 1, Event 262, LumiSection 6 at 14-Jun-2021 15:43:27.313 CEST
Begin processing the 10th record. Run 1, Event 259, LumiSection 6 at 14-Jun-2021 15:43:34.374 CEST
Begin processing the 11th record. Run 1, Event 261, LumiSection 6 at 14-Jun-2021 15:43:40.993 CEST
Begin processing the 12th record. Run 1, Event 260, LumiSection 6 at 14-Jun-2021 15:44:00.345 CEST
Begin processing the 13th record. Run 1, Event 263, LumiSection 6 at 14-Jun-2021 15:44:08.583 CEST
Begin processing the 14th record. Run 1, Event 264, LumiSection 6 at 14-Jun-2021 15:44:12.516 CEST
Begin processing the 15th record. Run 1, Event 265, LumiSection 6 at 14-Jun-2021 15:44:22.422 CEST
Begin processing the 16th record. Run 1, Event 266, LumiSection 6 at 14-Jun-2021 15:44:34.705 CEST
Begin processing the 17th record. Run 1, Event 267, LumiSection 6 at 14-Jun-2021 15:44:40.462 CEST
Begin processing the 18th record. Run 1, Event 268, LumiSection 6 at 14-Jun-2021 15:45:01.531 CEST
Begin processing the 19th record. Run 1, Event 269, LumiSection 6 at 14-Jun-2021 15:45:15.348 CEST
Begin processing the 20th record. Run 1, Event 270, LumiSection 6 at 14-Jun-2021 15:45:19.799 CEST
Begin processing the 21st record. Run 1, Event 272, LumiSection 6 at 14-Jun-2021 15:45:25.519 CEST
Begin processing the 22nd record. Run 1, Event 271, LumiSection 6 at 14-Jun-2021 15:45:26.579 CEST
Begin processing the 23rd record. Run 1, Event 276, LumiSection 6 at 14-Jun-2021 15:45:30.488 CEST
%MSG-w InvalidHelix:   SeedCreatorFromRegionConsecutiveHitsEDProducer:hltFullIter9TobTecSeedsPair  14-Jun-2021 15:45:34 CEST Run: 1 Event: 276
PixelClusterShapeSeedComparitor helix is not valid, result is bad
%MSG
Begin processing the 24th record. Run 1, Event 273, LumiSection 6 at 14-Jun-2021 15:45:35.148 CEST
Begin processing the 25th record. Run 1, Event 275, LumiSection 6 at 14-Jun-2021 15:45:36.374 CEST
Begin processing the 26th record. Run 1, Event 274, LumiSection 6 at 14-Jun-2021 15:45:46.467 CEST
Begin processing the 27th record. Run 1, Event 277, LumiSection 6 at 14-Jun-2021 15:45:49.968 CEST
Begin processing the 28th record. Run 1, Event 281, LumiSection 6 at 14-Jun-2021 15:45:53.744 CEST
Begin processing the 29th record. Run 1, Event 278, LumiSection 6 at 14-Jun-2021 15:45:54.775 CEST
%MSG-w InvalidHelix:   SeedCreatorFromRegionConsecutiveHitsEDProducer:hltFullIter9TobTecSeedsTripl  14-Jun-2021 15:46:02 CEST Run: 1 Event: 278
PixelClusterShapeSeedComparitor helix is not valid, result is bad
%MSG
Begin processing the 30th record. Run 1, Event 282, LumiSection 6 at 14-Jun-2021 15:46:03.216 CEST
Begin processing the 31st record. Run 1, Event 280, LumiSection 6 at 14-Jun-2021 15:46:04.715 CEST
Begin processing the 32nd record. Run 1, Event 279, LumiSection 6 at 14-Jun-2021 15:46:10.818 CEST
Begin processing the 33rd record. Run 1, Event 283, LumiSection 6 at 14-Jun-2021 15:46:14.585 CEST
Begin processing the 34th record. Run 1, Event 284, LumiSection 6 at 14-Jun-2021 15:46:18.652 CEST
Begin processing the 35th record. Run 1, Event 286, LumiSection 6 at 14-Jun-2021 15:46:27.540 CEST
Begin processing the 36th record. Run 1, Event 288, LumiSection 6 at 14-Jun-2021 15:46:39.868 CEST
Begin processing the 37th record. Run 1, Event 287, LumiSection 6 at 14-Jun-2021 15:46:44.488 CEST
Begin processing the 38th record. Run 1, Event 285, LumiSection 6 at 14-Jun-2021 15:46:49.186 CEST
Begin processing the 39th record. Run 1, Event 289, LumiSection 6 at 14-Jun-2021 15:46:53.552 CEST
Begin processing the 40th record. Run 1, Event 291, LumiSection 6 at 14-Jun-2021 15:46:59.221 CEST
Begin processing the 41st record. Run 1, Event 293, LumiSection 6 at 14-Jun-2021 15:47:10.170 CEST
Begin processing the 42nd record. Run 1, Event 292, LumiSection 6 at 14-Jun-2021 15:47:13.879 CEST
Begin processing the 43rd record. Run 1, Event 290, LumiSection 6 at 14-Jun-2021 15:47:20.543 CEST
Begin processing the 44th record. Run 1, Event 294, LumiSection 6 at 14-Jun-2021 15:47:22.982 CEST
Begin processing the 45th record. Run 1, Event 295, LumiSection 6 at 14-Jun-2021 15:47:50.258 CEST
Begin processing the 46th record. Run 1, Event 296, LumiSection 6 at 14-Jun-2021 15:47:51.510 CEST
Begin processing the 47th record. Run 1, Event 300, LumiSection 6 at 14-Jun-2021 15:48:00.340 CEST
Begin processing the 48th record. Run 1, Event 299, LumiSection 6 at 14-Jun-2021 15:48:11.135 CEST
Begin processing the 49th record. Run 1, Event 298, LumiSection 6 at 14-Jun-2021 15:48:14.318 CEST
Begin processing the 50th record. Run 1, Event 297, LumiSection 6 at 14-Jun-2021 15:48:19.395 CEST
14-Jun-2021 15:48:26 CEST  Closed file file:/eos/cms/store/user/tsarkar/DIGIPremix_Condor_output_Vector_MonoZLL_NLO_Mphi-500_Mchi-150_gSM-0p25_gDM-1p0_ctau0p1/step_DIGIPremix_2017UL_17.root

=============================================

MessageLogger Summary

 type     category        sev    module        subroutine        count    total
 ---- -------------------- -- ---------------- ----------------  -----    -----
    1 BasicTrajectoryState -w TrackProducer:hl                       2        2
    2 InvalidHelix         -w SeedCreatorFromR                       1        1
    3 InvalidHelix         -w SeedCreatorFromR                       2        2
    4 InvalidInputTag      -w CSCHaloDataProdu                       1        1
    5 TrajectoryNotPosDef  -e TrackProducer:hl                       1        1
    6 fileAction           -s file_close                             1        1
    7 fileAction           -s file_open                              2        2

 type    category    Examples: run/evt        run/evt          run/evt
 ---- -------------------- ---------------- ---------------- ----------------
    1 BasicTrajectoryState 1/252            1/252            
    2 InvalidHelix         1/276                             
    3 InvalidHelix         1/255            1/278            
    4 InvalidInputTag      1/257                             
    5 TrajectoryNotPosDef  1/256                             
    6 fileAction           PostGlobalEndRun                  
    7 fileAction           pre-events       pre-events       

Severity    # Occurrences   Total Occurrences
--------    -------------   -----------------
Warning                 6                   6
Error                   1                   1
System                  3                   3

dropped waiting message count 0
