000 (7312060.000.000) 06/14 14:45:12 Job submitted from host: <137.138.44.75:9618?addrs=137.138.44.75-9618+[2001-1458-d00-1a--b]-9618&alias=bigbird14.cern.ch&noUDP&sock=schedd_3149486_02ef>
...
040 (7312060.000.000) 06/14 15:40:04 Started transferring input files
	Transferring to host: <188.184.196.203:9618?addrs=188.184.196.203-9618+[2001-1458-301-102--100-c8]-9618&alias=b7g24n0385.cern.ch&noUDP&sock=slot1_3_20889_f0ab_91968>
...
040 (7312060.000.000) 06/14 15:40:04 Finished transferring input files
...
001 (7312060.000.000) 06/14 15:40:05 Job executing on host: <188.184.196.203:9618?addrs=188.184.196.203-9618+[2001-1458-301-102--100-c8]-9618&alias=b7g24n0385.cern.ch&noUDP&sock=startd_20335_b274>
...
006 (7312060.000.000) 06/14 15:40:14 Image size of job updated: 63104
	49  -  MemoryUsage of job (MB)
	49448  -  ResidentSetSize of job (KB)
...
006 (7312060.000.000) 06/14 15:45:15 Image size of job updated: 2348992
	1241  -  MemoryUsage of job (MB)
	1270212  -  ResidentSetSize of job (KB)
...
006 (7312060.000.000) 06/14 15:47:12 Image size of job updated: 2385856
	1241  -  MemoryUsage of job (MB)
	1270212  -  ResidentSetSize of job (KB)
...
040 (7312060.000.000) 06/14 15:47:12 Started transferring output files
...
040 (7312060.000.000) 06/14 15:47:12 Finished transferring output files
...
005 (7312060.000.000) 06/14 15:47:12 Job terminated.
	(1) Normal termination (return value 0)
		Usr 0 00:06:05, Sys 0 00:00:11  -  Run Remote Usage
		Usr 0 00:00:00, Sys 0 00:00:00  -  Run Local Usage
		Usr 0 00:06:05, Sys 0 00:00:11  -  Total Remote Usage
		Usr 0 00:00:00, Sys 0 00:00:00  -  Total Local Usage
	17264  -  Run Bytes Sent By Job
	431  -  Run Bytes Received By Job
	17264  -  Total Bytes Sent By Job
	431  -  Total Bytes Received By Job
	Partitionable Resources :    Usage  Request Allocated 
	   Cpus                 :                 1         1 
	   Disk (KB)            :       31        1    294784 
	   Memory (MB)          :     1241     2000      2000 

	Job terminated of its own accord at 2021-06-14T13:47:12Z.
...
