000 (7312043.000.000) 06/14 14:44:49 Job submitted from host: <137.138.44.75:9618?addrs=137.138.44.75-9618+[2001-1458-d00-1a--b]-9618&alias=bigbird14.cern.ch&noUDP&sock=schedd_3149486_02ef>
...
040 (7312043.000.000) 06/14 15:39:41 Started transferring input files
	Transferring to host: <188.184.197.249:9618?addrs=188.184.197.249-9618+[2001-1458-301-103--100-129]-9618&alias=b7g23n8022.cern.ch&noUDP&sock=slot1_1_17868_5f50_90864>
...
040 (7312043.000.000) 06/14 15:39:41 Finished transferring input files
...
001 (7312043.000.000) 06/14 15:39:42 Job executing on host: <188.184.197.249:9618?addrs=188.184.197.249-9618+[2001-1458-301-103--100-129]-9618&alias=b7g23n8022.cern.ch&noUDP&sock=startd_18096_ede7>
...
006 (7312043.000.000) 06/14 15:39:51 Image size of job updated: 241624
	14  -  MemoryUsage of job (MB)
	13568  -  ResidentSetSize of job (KB)
...
006 (7312043.000.000) 06/14 15:44:52 Image size of job updated: 2292144
	1271  -  MemoryUsage of job (MB)
	1300800  -  ResidentSetSize of job (KB)
...
006 (7312043.000.000) 06/14 15:48:03 Image size of job updated: 2320816
	1271  -  MemoryUsage of job (MB)
	1300800  -  ResidentSetSize of job (KB)
...
040 (7312043.000.000) 06/14 15:48:03 Started transferring output files
...
040 (7312043.000.000) 06/14 15:48:03 Finished transferring output files
...
005 (7312043.000.000) 06/14 15:48:03 Job terminated.
	(1) Normal termination (return value 0)
		Usr 0 00:06:35, Sys 0 00:00:11  -  Run Remote Usage
		Usr 0 00:00:00, Sys 0 00:00:00  -  Run Local Usage
		Usr 0 00:06:35, Sys 0 00:00:11  -  Total Remote Usage
		Usr 0 00:00:00, Sys 0 00:00:00  -  Total Local Usage
	14556  -  Run Bytes Sent By Job
	430  -  Run Bytes Received By Job
	14556  -  Total Bytes Sent By Job
	430  -  Total Bytes Received By Job
	Partitionable Resources :    Usage  Request Allocated 
	   Cpus                 :     0.99        1         1 
	   Disk (KB)            :    35           1    355555 
	   Memory (MB)          :  1271        2000      2000 

	Job terminated of its own accord at 2021-06-14T13:48:03Z.
...
