14-Jun-2021 15:40:39 CEST  Initiating request to open file file:/eos/cms/store/user/tsarkar/DIGIPremix_Condor_output_Vector_MonoZLL_NLO_Mphi-500_Mchi-150_gSM-0p25_gDM-1p0_ctau0p1/step_DIGIPremix_2017UL_5.root
14-Jun-2021 15:40:43 CEST  Successfully opened file file:/eos/cms/store/user/tsarkar/DIGIPremix_Condor_output_Vector_MonoZLL_NLO_Mphi-500_Mchi-150_gSM-0p25_gDM-1p0_ctau0p1/step_DIGIPremix_2017UL_5.root
Begin processing the 1st record. Run 1, Event 603, LumiSection 13 at 14-Jun-2021 15:42:25.936 CEST
Begin processing the 2nd record. Run 1, Event 604, LumiSection 13 at 14-Jun-2021 15:42:41.980 CEST
Begin processing the 3rd record. Run 1, Event 602, LumiSection 13 at 14-Jun-2021 15:42:43.607 CEST
Begin processing the 4th record. Run 1, Event 606, LumiSection 13 at 14-Jun-2021 15:42:44.688 CEST
Begin processing the 5th record. Run 1, Event 601, LumiSection 13 at 14-Jun-2021 15:42:49.662 CEST
Begin processing the 6th record. Run 1, Event 608, LumiSection 13 at 14-Jun-2021 15:42:52.694 CEST
Begin processing the 7th record. Run 1, Event 605, LumiSection 13 at 14-Jun-2021 15:42:55.347 CEST
Begin processing the 8th record. Run 1, Event 609, LumiSection 13 at 14-Jun-2021 15:43:02.789 CEST
Begin processing the 9th record. Run 1, Event 607, LumiSection 13 at 14-Jun-2021 15:43:13.372 CEST
Begin processing the 10th record. Run 1, Event 612, LumiSection 13 at 14-Jun-2021 15:43:15.515 CEST
Begin processing the 11th record. Run 1, Event 610, LumiSection 13 at 14-Jun-2021 15:43:20.657 CEST
Begin processing the 12th record. Run 1, Event 613, LumiSection 13 at 14-Jun-2021 15:43:21.817 CEST
Begin processing the 13th record. Run 1, Event 615, LumiSection 13 at 14-Jun-2021 15:43:27.202 CEST
Begin processing the 14th record. Run 1, Event 614, LumiSection 13 at 14-Jun-2021 15:43:35.693 CEST
Begin processing the 15th record. Run 1, Event 616, LumiSection 13 at 14-Jun-2021 15:43:43.086 CEST
Begin processing the 16th record. Run 1, Event 611, LumiSection 13 at 14-Jun-2021 15:43:56.430 CEST
%MSG-w InvalidHelix:   SeedCreatorFromRegionConsecutiveHitsEDProducer:hltFullIter9TobTecSeedsPair  14-Jun-2021 15:44:06 CEST Run: 1 Event: 611
PixelClusterShapeSeedComparitor helix is not valid, result is bad
%MSG
%MSG-w InvalidInputTag:  CSCHaloDataProducer:hltCSCHaloData  14-Jun-2021 15:44:06 CEST Run: 1 Event: 611
 The Cosmic Muon collection does not appear to be in the event. These beam halo  identification variables will be empty
%MSG
Begin processing the 17th record. Run 1, Event 617, LumiSection 13 at 14-Jun-2021 15:44:07.312 CEST
Begin processing the 18th record. Run 1, Event 619, LumiSection 13 at 14-Jun-2021 15:44:12.028 CEST
Begin processing the 19th record. Run 1, Event 618, LumiSection 13 at 14-Jun-2021 15:44:14.825 CEST
Begin processing the 20th record. Run 1, Event 621, LumiSection 13 at 14-Jun-2021 15:44:19.294 CEST
Begin processing the 21st record. Run 1, Event 623, LumiSection 13 at 14-Jun-2021 15:44:20.278 CEST
%MSG-w Muon:  L3MuonProducer:hltL3NoFiltersNoVtxMuonsOIState  14-Jun-2021 15:44:20 CEST Run: 1 Event: 623
     Failed to load tracker track trajectory
%MSG
%MSG-w RecoMuon:  L3MuonProducer:hltL3NoFiltersNoVtxMuonsOIState  14-Jun-2021 15:44:20 CEST Run: 1 Event: 623
     Failed to load tracker track trajectory
%MSG
%MSG-w GlobalMuon:  L3MuonProducer:hltL3NoFiltersNoVtxMuonsOIState  14-Jun-2021 15:44:20 CEST Run: 1 Event: 623
     Failed to load tracker track trajectory
%MSG
%MSG-w GlobalTrajectoryBuilderBase:   L3MuonProducer:hltL3NoFiltersNoVtxMuonsOIState 14-Jun-2021 15:44:20 CEST  Run: 1 Event: 623
     Failed to load tracker track trajectory
%MSG
%MSG-w Muon:  L3MuonProducer:hltL3NoFiltersNoVtxMuonsOIHit  14-Jun-2021 15:44:20 CEST Run: 1 Event: 623
     Failed to load tracker track trajectory
%MSG
%MSG-w RecoMuon:  L3MuonProducer:hltL3NoFiltersNoVtxMuonsOIHit  14-Jun-2021 15:44:20 CEST Run: 1 Event: 623
     Failed to load tracker track trajectory
%MSG
%MSG-w GlobalMuon:  L3MuonProducer:hltL3NoFiltersNoVtxMuonsOIHit  14-Jun-2021 15:44:20 CEST Run: 1 Event: 623
     Failed to load tracker track trajectory
%MSG
%MSG-w GlobalTrajectoryBuilderBase:   L3MuonProducer:hltL3NoFiltersNoVtxMuonsOIHit 14-Jun-2021 15:44:20 CEST  Run: 1 Event: 623
     Failed to load tracker track trajectory
%MSG
%MSG-e TrajectoryNotPosDef:   TrackProducer:hltIter2ElectronsCtfWithMaterialTracks 14-Jun-2021 15:44:21 CEST  Run: 1 Event: 623
Trajectory covariance is not positive-definite
%MSG
Begin processing the 22nd record. Run 1, Event 620, LumiSection 13 at 14-Jun-2021 15:44:27.957 CEST
Begin processing the 23rd record. Run 1, Event 622, LumiSection 13 at 14-Jun-2021 15:44:31.787 CEST
Begin processing the 24th record. Run 1, Event 626, LumiSection 13 at 14-Jun-2021 15:44:35.941 CEST
Begin processing the 25th record. Run 1, Event 625, LumiSection 13 at 14-Jun-2021 15:44:42.070 CEST
Begin processing the 26th record. Run 1, Event 624, LumiSection 13 at 14-Jun-2021 15:44:42.884 CEST
Begin processing the 27th record. Run 1, Event 628, LumiSection 13 at 14-Jun-2021 15:44:45.819 CEST
Begin processing the 28th record. Run 1, Event 627, LumiSection 13 at 14-Jun-2021 15:44:47.624 CEST
Begin processing the 29th record. Run 1, Event 630, LumiSection 13 at 14-Jun-2021 15:45:03.299 CEST
Begin processing the 30th record. Run 1, Event 629, LumiSection 13 at 14-Jun-2021 15:45:08.055 CEST
Begin processing the 31st record. Run 1, Event 633, LumiSection 13 at 14-Jun-2021 15:45:18.861 CEST
Begin processing the 32nd record. Run 1, Event 631, LumiSection 13 at 14-Jun-2021 15:45:20.073 CEST
Begin processing the 33rd record. Run 1, Event 634, LumiSection 13 at 14-Jun-2021 15:45:41.193 CEST
Begin processing the 34th record. Run 1, Event 632, LumiSection 13 at 14-Jun-2021 15:45:42.414 CEST
Begin processing the 35th record. Run 1, Event 636, LumiSection 13 at 14-Jun-2021 15:45:45.806 CEST
Begin processing the 36th record. Run 1, Event 638, LumiSection 13 at 14-Jun-2021 15:45:50.120 CEST
Begin processing the 37th record. Run 1, Event 635, LumiSection 13 at 14-Jun-2021 15:45:51.422 CEST
Begin processing the 38th record. Run 1, Event 637, LumiSection 13 at 14-Jun-2021 15:45:53.853 CEST
Begin processing the 39th record. Run 1, Event 639, LumiSection 13 at 14-Jun-2021 15:45:57.787 CEST
Begin processing the 40th record. Run 1, Event 640, LumiSection 13 at 14-Jun-2021 15:46:02.751 CEST
Begin processing the 41st record. Run 1, Event 641, LumiSection 13 at 14-Jun-2021 15:46:09.501 CEST
Begin processing the 42nd record. Run 1, Event 642, LumiSection 13 at 14-Jun-2021 15:46:15.431 CEST
Begin processing the 43rd record. Run 1, Event 644, LumiSection 13 at 14-Jun-2021 15:46:16.444 CEST
Begin processing the 44th record. Run 1, Event 645, LumiSection 13 at 14-Jun-2021 15:46:37.852 CEST
Begin processing the 45th record. Run 1, Event 643, LumiSection 13 at 14-Jun-2021 15:46:46.937 CEST
Begin processing the 46th record. Run 1, Event 647, LumiSection 13 at 14-Jun-2021 15:46:55.434 CEST
Begin processing the 47th record. Run 1, Event 648, LumiSection 13 at 14-Jun-2021 15:47:03.512 CEST
Begin processing the 48th record. Run 1, Event 646, LumiSection 13 at 14-Jun-2021 15:47:07.404 CEST
Begin processing the 49th record. Run 1, Event 650, LumiSection 13 at 14-Jun-2021 15:47:13.927 CEST
Begin processing the 50th record. Run 1, Event 649, LumiSection 13 at 14-Jun-2021 15:47:22.893 CEST
14-Jun-2021 15:47:44 CEST  Closed file file:/eos/cms/store/user/tsarkar/DIGIPremix_Condor_output_Vector_MonoZLL_NLO_Mphi-500_Mchi-150_gSM-0p25_gDM-1p0_ctau0p1/step_DIGIPremix_2017UL_5.root

=============================================

MessageLogger Summary

 type     category        sev    module        subroutine        count    total
 ---- -------------------- -- ---------------- ----------------  -----    -----
    1 GlobalMuon           -w L3MuonProducer:h                       1        1
    2 GlobalMuon           -w L3MuonProducer:h                       1        1
    3 GlobalTrajectoryBuil -w L3MuonProducer:h                       1        1
    4 GlobalTrajectoryBuil -w L3MuonProducer:h                       1        1
    5 InvalidHelix         -w SeedCreatorFromR                       1        1
    6 InvalidInputTag      -w CSCHaloDataProdu                       1        1
    7 Muon                 -w L3MuonProducer:h                       1        1
    8 Muon                 -w L3MuonProducer:h                       1        1
    9 RecoMuon             -w L3MuonProducer:h                       1        1
   10 RecoMuon             -w L3MuonProducer:h                       1        1
   11 TrajectoryNotPosDef  -e TrackProducer:hl                       1        1
   12 fileAction           -s file_close                             1        1
   13 fileAction           -s file_open                              2        2

 type    category    Examples: run/evt        run/evt          run/evt
 ---- -------------------- ---------------- ---------------- ----------------
    1 GlobalMuon           1/623                             
    2 GlobalMuon           1/623                             
    3 GlobalTrajectoryBuilderBase 1/623                             
    4 GlobalTrajectoryBuilderBase 1/623                             
    5 InvalidHelix         1/611                             
    6 InvalidInputTag      1/611                             
    7 Muon                 1/623                             
    8 Muon                 1/623                             
    9 RecoMuon             1/623                             
   10 RecoMuon             1/623                             
   11 TrajectoryNotPosDef  1/623                             
   12 fileAction           PostGlobalEndRun                  
   13 fileAction           pre-events       pre-events       

Severity    # Occurrences   Total Occurrences
--------    -------------   -----------------
Warning                10                  10
Error                   1                   1
System                  3                   3

dropped waiting message count 0
