000 (7312041.000.000) 06/14 14:44:47 Job submitted from host: <137.138.44.75:9618?addrs=137.138.44.75-9618+[2001-1458-d00-1a--b]-9618&alias=bigbird14.cern.ch&noUDP&sock=schedd_3149486_02ef>
...
040 (7312041.000.000) 06/14 15:39:57 Started transferring input files
	Transferring to host: <188.184.190.145:9618?addrs=188.184.190.145-9618+[2001-1458-301-4b--100-88]-9618&alias=b7g42n0311.cern.ch&noUDP&sock=slot1_6_5379_bdf4_91648>
...
040 (7312041.000.000) 06/14 15:39:57 Finished transferring input files
...
001 (7312041.000.000) 06/14 15:39:58 Job executing on host: <188.184.190.145:9618?addrs=188.184.190.145-9618+[2001-1458-301-4b--100-88]-9618&alias=b7g42n0311.cern.ch&noUDP&sock=startd_1005_ecc5>
...
006 (7312041.000.000) 06/14 15:40:07 Image size of job updated: 244672
	18  -  MemoryUsage of job (MB)
	17776  -  ResidentSetSize of job (KB)
...
006 (7312041.000.000) 06/14 15:45:08 Image size of job updated: 2340288
	1245  -  MemoryUsage of job (MB)
	1274188  -  ResidentSetSize of job (KB)
...
040 (7312041.000.000) 06/14 15:47:44 Started transferring output files
...
040 (7312041.000.000) 06/14 15:47:44 Finished transferring output files
...
005 (7312041.000.000) 06/14 15:47:44 Job terminated.
	(1) Normal termination (return value 0)
		Usr 0 00:06:26, Sys 0 00:00:08  -  Run Remote Usage
		Usr 0 00:00:00, Sys 0 00:00:00  -  Run Local Usage
		Usr 0 00:06:26, Sys 0 00:00:08  -  Total Remote Usage
		Usr 0 00:00:00, Sys 0 00:00:00  -  Total Local Usage
	13483  -  Run Bytes Sent By Job
	430  -  Run Bytes Received By Job
	13483  -  Total Bytes Sent By Job
	430  -  Total Bytes Received By Job
	Partitionable Resources :    Usage  Request Allocated 
	   Cpus                 :                 1         1 
	   Disk (KB)            :       27        1    288933 
	   Memory (MB)          :     1245     2000      2000 

	Job terminated of its own accord at 2021-06-14T13:47:44Z.
...
