14-Jun-2021 15:40:27 CEST  Initiating request to open file file:/eos/cms/store/user/tsarkar/DIGIPremix_Condor_output_Vector_MonoZLL_NLO_Mphi-500_Mchi-150_gSM-0p25_gDM-1p0_ctau0p1/step_DIGIPremix_2017UL_19.root
14-Jun-2021 15:40:31 CEST  Successfully opened file file:/eos/cms/store/user/tsarkar/DIGIPremix_Condor_output_Vector_MonoZLL_NLO_Mphi-500_Mchi-150_gSM-0p25_gDM-1p0_ctau0p1/step_DIGIPremix_2017UL_19.root
Begin processing the 1st record. Run 1, Event 351, LumiSection 8 at 14-Jun-2021 15:42:16.107 CEST
Begin processing the 2nd record. Run 1, Event 353, LumiSection 8 at 14-Jun-2021 15:42:27.002 CEST
Begin processing the 3rd record. Run 1, Event 352, LumiSection 8 at 14-Jun-2021 15:42:29.199 CEST
Begin processing the 4th record. Run 1, Event 354, LumiSection 8 at 14-Jun-2021 15:42:32.939 CEST
%MSG-w InvalidInputTag:  CSCHaloDataProducer:hltCSCHaloData  14-Jun-2021 15:42:36 CEST Run: 1 Event: 354
 The Cosmic Muon collection does not appear to be in the event. These beam halo  identification variables will be empty
%MSG
Begin processing the 5th record. Run 1, Event 358, LumiSection 8 at 14-Jun-2021 15:42:36.960 CEST
Begin processing the 6th record. Run 1, Event 355, LumiSection 8 at 14-Jun-2021 15:42:37.591 CEST
Begin processing the 7th record. Run 1, Event 357, LumiSection 8 at 14-Jun-2021 15:42:38.375 CEST
Begin processing the 8th record. Run 1, Event 356, LumiSection 8 at 14-Jun-2021 15:42:42.837 CEST
Begin processing the 9th record. Run 1, Event 359, LumiSection 8 at 14-Jun-2021 15:42:48.962 CEST
Begin processing the 10th record. Run 1, Event 360, LumiSection 8 at 14-Jun-2021 15:43:00.321 CEST
Begin processing the 11th record. Run 1, Event 361, LumiSection 8 at 14-Jun-2021 15:43:06.682 CEST
Begin processing the 12th record. Run 1, Event 363, LumiSection 8 at 14-Jun-2021 15:43:09.834 CEST
Begin processing the 13th record. Run 1, Event 362, LumiSection 8 at 14-Jun-2021 15:43:18.571 CEST
Begin processing the 14th record. Run 1, Event 364, LumiSection 8 at 14-Jun-2021 15:43:26.395 CEST
Begin processing the 15th record. Run 1, Event 367, LumiSection 8 at 14-Jun-2021 15:43:31.638 CEST
Begin processing the 16th record. Run 1, Event 365, LumiSection 8 at 14-Jun-2021 15:43:36.400 CEST
Begin processing the 17th record. Run 1, Event 366, LumiSection 8 at 14-Jun-2021 15:43:40.061 CEST
Begin processing the 18th record. Run 1, Event 368, LumiSection 8 at 14-Jun-2021 15:43:44.180 CEST
Begin processing the 19th record. Run 1, Event 372, LumiSection 8 at 14-Jun-2021 15:43:50.039 CEST
Begin processing the 20th record. Run 1, Event 369, LumiSection 8 at 14-Jun-2021 15:43:55.236 CEST
Begin processing the 21st record. Run 1, Event 370, LumiSection 8 at 14-Jun-2021 15:43:56.131 CEST
Begin processing the 22nd record. Run 1, Event 373, LumiSection 8 at 14-Jun-2021 15:44:01.248 CEST
%MSG-w BasicTrajectoryState:   TrackProducer:hltIter2ElectronsCtfWithMaterialTracks 14-Jun-2021 15:44:02 CEST  Run: 1 Event: 373
local error not pos-def
[  3.04752e-06-3.97919e-06 9.68048e-08-1.58111e-05-1.95432e-07
  -3.97919e-06-8.43138e-08-3.17254e-09-1.62084e-06 4.99103e-08
   9.68048e-08-3.17254e-09 4.98384e-06 2.27054e-08-1.48927e-05
  -1.58111e-05-1.62084e-06 2.27054e-08 1.26426e-05-2.80561e-07
  -1.95432e-07 4.99103e-08-1.48927e-05-2.80561e-07  7.1373e-05 ]
pos/mom/mf  (-4.65632,-9.65865,-9.73475)   (-3.87368,-7.89572,-9.6723)   (0.000119192,0.000247242,3.81104) 
%MSG
%MSG-w BasicTrajectoryState:   TrackProducer:hltIter2ElectronsCtfWithMaterialTracks 14-Jun-2021 15:44:02 CEST  Run: 1 Event: 373
curv error not pos-def
[  3.04752e-06 1.33911e-07 3.97027e-06-1.57946e-05-4.01525e-07
   1.33911e-07 1.01865e-06-4.82777e-09 4.69348e-08 4.53171e-06
   3.97027e-06-4.82777e-09-8.39071e-08 1.61591e-06 5.69939e-08
  -1.57946e-05 4.69348e-08 1.61591e-06 1.26163e-05 6.14285e-07
  -4.01525e-07 4.53171e-06 5.69939e-08 6.14285e-07 3.23277e-05 ]
pos/mom/mf  (-4.65632,-9.65865,-9.73475)   (-3.87368,-7.89572,-9.6723)   (0.000119192,0.000247242,3.81104) 
%MSG
%MSG-w TrackNaN:  TrackProducer:hltIter2ElectronsCtfWithMaterialTracks  14-Jun-2021 15:44:02 CEST Run: 1 Event: 373
Track has NaN or the cov is not pos-definite
%MSG
Begin processing the 23rd record. Run 1, Event 371, LumiSection 8 at 14-Jun-2021 15:44:02.941 CEST
Begin processing the 24th record. Run 1, Event 375, LumiSection 8 at 14-Jun-2021 15:44:04.120 CEST
Begin processing the 25th record. Run 1, Event 376, LumiSection 8 at 14-Jun-2021 15:44:08.702 CEST
%MSG-w InvalidHelix:   SeedCreatorFromRegionConsecutiveHitsEDProducer:hltFullIter9TobTecSeedsPair  14-Jun-2021 15:44:15 CEST Run: 1 Event: 376
PixelClusterShapeSeedComparitor helix is not valid, result is bad
%MSG
Begin processing the 26th record. Run 1, Event 377, LumiSection 8 at 14-Jun-2021 15:44:15.897 CEST
Begin processing the 27th record. Run 1, Event 374, LumiSection 8 at 14-Jun-2021 15:44:16.603 CEST
Begin processing the 28th record. Run 1, Event 378, LumiSection 8 at 14-Jun-2021 15:44:23.660 CEST
Begin processing the 29th record. Run 1, Event 381, LumiSection 8 at 14-Jun-2021 15:44:29.784 CEST
Begin processing the 30th record. Run 1, Event 379, LumiSection 8 at 14-Jun-2021 15:44:36.361 CEST
Begin processing the 31st record. Run 1, Event 382, LumiSection 8 at 14-Jun-2021 15:44:39.207 CEST
%MSG-w InvalidHelix:   SeedCreatorFromRegionConsecutiveHitsEDProducer:hltFullIter6PixelSeedsA  14-Jun-2021 15:44:42 CEST Run: 1 Event: 382
PixelClusterShapeSeedComparitor helix is not valid, result is bad
%MSG
Begin processing the 32nd record. Run 1, Event 383, LumiSection 8 at 14-Jun-2021 15:44:43.598 CEST
Begin processing the 33rd record. Run 1, Event 380, LumiSection 8 at 14-Jun-2021 15:44:47.570 CEST
Begin processing the 34th record. Run 1, Event 384, LumiSection 8 at 14-Jun-2021 15:44:52.371 CEST
Begin processing the 35th record. Run 1, Event 386, LumiSection 8 at 14-Jun-2021 15:44:53.284 CEST
Begin processing the 36th record. Run 1, Event 387, LumiSection 8 at 14-Jun-2021 15:44:55.724 CEST
Begin processing the 37th record. Run 1, Event 385, LumiSection 8 at 14-Jun-2021 15:45:03.262 CEST
Begin processing the 38th record. Run 1, Event 388, LumiSection 8 at 14-Jun-2021 15:45:06.983 CEST
%MSG-w InvalidHelix:   SeedCreatorFromRegionConsecutiveHitsEDProducer:hltFullIter9TobTecSeedsTripl  14-Jun-2021 15:45:11 CEST Run: 1 Event: 388
PixelClusterShapeSeedComparitor helix is not valid, result is bad
%MSG
Begin processing the 39th record. Run 1, Event 389, LumiSection 8 at 14-Jun-2021 15:45:12.557 CEST
Begin processing the 40th record. Run 1, Event 390, LumiSection 8 at 14-Jun-2021 15:45:19.867 CEST
Begin processing the 41st record. Run 1, Event 391, LumiSection 8 at 14-Jun-2021 15:45:21.254 CEST
Begin processing the 42nd record. Run 1, Event 393, LumiSection 8 at 14-Jun-2021 15:45:22.481 CEST
Begin processing the 43rd record. Run 1, Event 395, LumiSection 8 at 14-Jun-2021 15:45:26.709 CEST
Begin processing the 44th record. Run 1, Event 396, LumiSection 8 at 14-Jun-2021 15:45:35.230 CEST
Begin processing the 45th record. Run 1, Event 392, LumiSection 8 at 14-Jun-2021 15:45:39.258 CEST
Begin processing the 46th record. Run 1, Event 394, LumiSection 8 at 14-Jun-2021 15:45:41.531 CEST
Begin processing the 47th record. Run 1, Event 398, LumiSection 8 at 14-Jun-2021 15:45:47.816 CEST
Begin processing the 48th record. Run 1, Event 397, LumiSection 8 at 14-Jun-2021 15:45:51.106 CEST
Begin processing the 49th record. Run 1, Event 399, LumiSection 8 at 14-Jun-2021 15:45:52.713 CEST
Begin processing the 50th record. Run 1, Event 400, LumiSection 8 at 14-Jun-2021 15:45:57.874 CEST
14-Jun-2021 15:46:00 CEST  Closed file file:/eos/cms/store/user/tsarkar/DIGIPremix_Condor_output_Vector_MonoZLL_NLO_Mphi-500_Mchi-150_gSM-0p25_gDM-1p0_ctau0p1/step_DIGIPremix_2017UL_19.root

=============================================

MessageLogger Summary

 type     category        sev    module        subroutine        count    total
 ---- -------------------- -- ---------------- ----------------  -----    -----
    1 BasicTrajectoryState -w TrackProducer:hl                       2        2
    2 InvalidHelix         -w SeedCreatorFromR                       1        1
    3 InvalidHelix         -w SeedCreatorFromR                       1        1
    4 InvalidHelix         -w SeedCreatorFromR                       1        1
    5 InvalidInputTag      -w CSCHaloDataProdu                       1        1
    6 TrackNaN             -w TrackProducer:hl                       1        1
    7 fileAction           -s file_close                             1        1
    8 fileAction           -s file_open                              2        2

 type    category    Examples: run/evt        run/evt          run/evt
 ---- -------------------- ---------------- ---------------- ----------------
    1 BasicTrajectoryState 1/373            1/373            
    2 InvalidHelix         1/382                             
    3 InvalidHelix         1/376                             
    4 InvalidHelix         1/388                             
    5 InvalidInputTag      1/354                             
    6 TrackNaN             1/373                             
    7 fileAction           PostGlobalEndRun                  
    8 fileAction           pre-events       pre-events       

Severity    # Occurrences   Total Occurrences
--------    -------------   -----------------
Warning                 7                   7
System                  3                   3

dropped waiting message count 0
