14-Jun-2021 15:40:36 CEST  Initiating request to open file file:/eos/cms/store/user/tsarkar/DIGIPremix_Condor_output_Vector_MonoZLL_NLO_Mphi-500_Mchi-150_gSM-0p25_gDM-1p0_ctau0p1/step_DIGIPremix_2017UL_13.root
14-Jun-2021 15:40:41 CEST  Successfully opened file file:/eos/cms/store/user/tsarkar/DIGIPremix_Condor_output_Vector_MonoZLL_NLO_Mphi-500_Mchi-150_gSM-0p25_gDM-1p0_ctau0p1/step_DIGIPremix_2017UL_13.root
Begin processing the 1st record. Run 1, Event 952, LumiSection 20 at 14-Jun-2021 15:43:02.957 CEST
Begin processing the 2nd record. Run 1, Event 955, LumiSection 20 at 14-Jun-2021 15:43:18.519 CEST
Begin processing the 3rd record. Run 1, Event 951, LumiSection 20 at 14-Jun-2021 15:43:31.249 CEST
Begin processing the 4th record. Run 1, Event 954, LumiSection 20 at 14-Jun-2021 15:43:35.218 CEST
Begin processing the 5th record. Run 1, Event 953, LumiSection 20 at 14-Jun-2021 15:43:38.407 CEST
Begin processing the 6th record. Run 1, Event 956, LumiSection 20 at 14-Jun-2021 15:43:43.818 CEST
Begin processing the 7th record. Run 1, Event 957, LumiSection 20 at 14-Jun-2021 15:43:48.294 CEST
Begin processing the 8th record. Run 1, Event 958, LumiSection 20 at 14-Jun-2021 15:43:53.622 CEST
Begin processing the 9th record. Run 1, Event 959, LumiSection 20 at 14-Jun-2021 15:43:55.183 CEST
%MSG-w Muon:  L3MuonProducer:hltL3NoFiltersNoVtxMuonsOIHit  14-Jun-2021 15:43:56 CEST Run: 1 Event: 959
     Failed to load tracker track trajectory
%MSG
%MSG-w RecoMuon:  L3MuonProducer:hltL3NoFiltersNoVtxMuonsOIHit  14-Jun-2021 15:43:56 CEST Run: 1 Event: 959
     Failed to load tracker track trajectory
%MSG
%MSG-w GlobalMuon:  L3MuonProducer:hltL3NoFiltersNoVtxMuonsOIHit  14-Jun-2021 15:43:56 CEST Run: 1 Event: 959
     Failed to load tracker track trajectory
%MSG
%MSG-w GlobalTrajectoryBuilderBase:   L3MuonProducer:hltL3NoFiltersNoVtxMuonsOIHit 14-Jun-2021 15:43:56 CEST  Run: 1 Event: 959
     Failed to load tracker track trajectory
%MSG
Begin processing the 10th record. Run 1, Event 961, LumiSection 20 at 14-Jun-2021 15:43:59.268 CEST
%MSG-e TrajectoryNotPosDef:   TrackProducer:hltIter2ElectronsCtfWithMaterialTracks 14-Jun-2021 15:44:03 CEST  Run: 1 Event: 961
Trajectory covariance is not positive-definite
%MSG
Begin processing the 11th record. Run 1, Event 960, LumiSection 20 at 14-Jun-2021 15:44:06.870 CEST
Begin processing the 12th record. Run 1, Event 962, LumiSection 20 at 14-Jun-2021 15:44:10.020 CEST
Begin processing the 13th record. Run 1, Event 963, LumiSection 20 at 14-Jun-2021 15:44:15.336 CEST
Begin processing the 14th record. Run 1, Event 965, LumiSection 20 at 14-Jun-2021 15:44:19.929 CEST
Begin processing the 15th record. Run 1, Event 964, LumiSection 20 at 14-Jun-2021 15:44:30.216 CEST
Begin processing the 16th record. Run 1, Event 967, LumiSection 20 at 14-Jun-2021 15:44:39.899 CEST
%MSG-e TrajectoryNotPosDef:   TrackProducer:hltIter2ElectronsCtfWithMaterialTracks 14-Jun-2021 15:44:43 CEST  Run: 1 Event: 967
Trajectory covariance is not positive-definite
%MSG
Begin processing the 17th record. Run 1, Event 966, LumiSection 20 at 14-Jun-2021 15:44:55.550 CEST
Begin processing the 18th record. Run 1, Event 968, LumiSection 20 at 14-Jun-2021 15:44:59.750 CEST
Begin processing the 19th record. Run 1, Event 971, LumiSection 20 at 14-Jun-2021 15:45:06.047 CEST
Begin processing the 20th record. Run 1, Event 969, LumiSection 20 at 14-Jun-2021 15:45:12.002 CEST
Begin processing the 21st record. Run 1, Event 970, LumiSection 20 at 14-Jun-2021 15:45:18.131 CEST
Begin processing the 22nd record. Run 1, Event 973, LumiSection 20 at 14-Jun-2021 15:45:22.730 CEST
Begin processing the 23rd record. Run 1, Event 975, LumiSection 20 at 14-Jun-2021 15:45:41.818 CEST
%MSG-w InvalidInputTag:  CSCHaloDataProducer:hltCSCHaloData  14-Jun-2021 15:45:45 CEST Run: 1 Event: 975
 The Cosmic Muon collection does not appear to be in the event. These beam halo  identification variables will be empty
%MSG
Begin processing the 24th record. Run 1, Event 974, LumiSection 20 at 14-Jun-2021 15:45:45.836 CEST
Begin processing the 25th record. Run 1, Event 972, LumiSection 20 at 14-Jun-2021 15:45:55.593 CEST
Begin processing the 26th record. Run 1, Event 977, LumiSection 20 at 14-Jun-2021 15:46:00.476 CEST
Begin processing the 27th record. Run 1, Event 978, LumiSection 20 at 14-Jun-2021 15:46:18.521 CEST
Begin processing the 28th record. Run 1, Event 976, LumiSection 20 at 14-Jun-2021 15:46:19.813 CEST
Begin processing the 29th record. Run 1, Event 979, LumiSection 20 at 14-Jun-2021 15:46:44.436 CEST
Begin processing the 30th record. Run 1, Event 981, LumiSection 20 at 14-Jun-2021 15:46:50.610 CEST
Begin processing the 31st record. Run 1, Event 980, LumiSection 20 at 14-Jun-2021 15:46:51.446 CEST
Begin processing the 32nd record. Run 1, Event 982, LumiSection 20 at 14-Jun-2021 15:47:04.879 CEST
Begin processing the 33rd record. Run 1, Event 983, LumiSection 20 at 14-Jun-2021 15:47:16.359 CEST
%MSG-w InvalidHelix:   SeedCreatorFromRegionConsecutiveHitsEDProducer:hltFullIter9TobTecSeedsTripl  14-Jun-2021 15:47:33 CEST Run: 1 Event: 983
PixelClusterShapeSeedComparitor helix is not valid, result is bad
%MSG
Begin processing the 34th record. Run 1, Event 987, LumiSection 20 at 14-Jun-2021 15:47:35.397 CEST
Begin processing the 35th record. Run 1, Event 986, LumiSection 20 at 14-Jun-2021 15:47:45.492 CEST
Begin processing the 36th record. Run 1, Event 985, LumiSection 20 at 14-Jun-2021 15:47:50.382 CEST
Begin processing the 37th record. Run 1, Event 984, LumiSection 20 at 14-Jun-2021 15:47:58.108 CEST
Begin processing the 38th record. Run 1, Event 988, LumiSection 20 at 14-Jun-2021 15:48:09.822 CEST
Begin processing the 39th record. Run 1, Event 991, LumiSection 20 at 14-Jun-2021 15:48:16.000 CEST
Begin processing the 40th record. Run 1, Event 989, LumiSection 20 at 14-Jun-2021 15:48:16.770 CEST
Begin processing the 41st record. Run 1, Event 992, LumiSection 20 at 14-Jun-2021 15:48:24.417 CEST
Begin processing the 42nd record. Run 1, Event 990, LumiSection 20 at 14-Jun-2021 15:48:34.577 CEST
Begin processing the 43rd record. Run 1, Event 993, LumiSection 20 at 14-Jun-2021 15:48:38.655 CEST
Begin processing the 44th record. Run 1, Event 994, LumiSection 20 at 14-Jun-2021 15:48:39.621 CEST
Begin processing the 45th record. Run 1, Event 996, LumiSection 20 at 14-Jun-2021 15:48:50.319 CEST
Begin processing the 46th record. Run 1, Event 997, LumiSection 20 at 14-Jun-2021 15:48:57.634 CEST
Begin processing the 47th record. Run 1, Event 995, LumiSection 20 at 14-Jun-2021 15:49:00.610 CEST
Begin processing the 48th record. Run 1, Event 998, LumiSection 20 at 14-Jun-2021 15:49:09.465 CEST
Begin processing the 49th record. Run 1, Event 999, LumiSection 20 at 14-Jun-2021 15:49:12.736 CEST
Begin processing the 50th record. Run 1, Event 1000, LumiSection 20 at 14-Jun-2021 15:49:16.550 CEST
14-Jun-2021 15:49:21 CEST  Closed file file:/eos/cms/store/user/tsarkar/DIGIPremix_Condor_output_Vector_MonoZLL_NLO_Mphi-500_Mchi-150_gSM-0p25_gDM-1p0_ctau0p1/step_DIGIPremix_2017UL_13.root

=============================================

MessageLogger Summary

 type     category        sev    module        subroutine        count    total
 ---- -------------------- -- ---------------- ----------------  -----    -----
    1 GlobalMuon           -w L3MuonProducer:h                       1        1
    2 GlobalTrajectoryBuil -w L3MuonProducer:h                       1        1
    3 InvalidHelix         -w SeedCreatorFromR                       1        1
    4 InvalidInputTag      -w CSCHaloDataProdu                       1        1
    5 Muon                 -w L3MuonProducer:h                       1        1
    6 RecoMuon             -w L3MuonProducer:h                       1        1
    7 TrajectoryNotPosDef  -e TrackProducer:hl                       2        2
    8 fileAction           -s file_close                             1        1
    9 fileAction           -s file_open                              2        2

 type    category    Examples: run/evt        run/evt          run/evt
 ---- -------------------- ---------------- ---------------- ----------------
    1 GlobalMuon           1/959                             
    2 GlobalTrajectoryBuilderBase 1/959                             
    3 InvalidHelix         1/983                             
    4 InvalidInputTag      1/975                             
    5 Muon                 1/959                             
    6 RecoMuon             1/959                             
    7 TrajectoryNotPosDef  1/961            1/967            
    8 fileAction           PostGlobalEndRun                  
    9 fileAction           pre-events       pre-events       

Severity    # Occurrences   Total Occurrences
--------    -------------   -----------------
Warning                 6                   6
Error                   2                   2
System                  3                   3

dropped waiting message count 0
