14-Jun-2021 15:40:37 CEST  Initiating request to open file file:/eos/cms/store/user/tsarkar/DIGIPremix_Condor_output_Vector_MonoZLL_NLO_Mphi-500_Mchi-150_gSM-0p25_gDM-1p0_ctau0p1/step_DIGIPremix_2017UL_15.root
14-Jun-2021 15:40:42 CEST  Successfully opened file file:/eos/cms/store/user/tsarkar/DIGIPremix_Condor_output_Vector_MonoZLL_NLO_Mphi-500_Mchi-150_gSM-0p25_gDM-1p0_ctau0p1/step_DIGIPremix_2017UL_15.root
Begin processing the 1st record. Run 1, Event 154, LumiSection 4 at 14-Jun-2021 15:42:27.772 CEST
Begin processing the 2nd record. Run 1, Event 153, LumiSection 4 at 14-Jun-2021 15:42:40.640 CEST
Begin processing the 3rd record. Run 1, Event 151, LumiSection 4 at 14-Jun-2021 15:42:43.534 CEST
Begin processing the 4th record. Run 1, Event 152, LumiSection 4 at 14-Jun-2021 15:42:56.563 CEST
Begin processing the 5th record. Run 1, Event 155, LumiSection 4 at 14-Jun-2021 15:43:04.351 CEST
%MSG-w InvalidHelix:   SeedCreatorFromRegionConsecutiveHitsEDProducer:hltFullIter9TobTecSeedsTripl  14-Jun-2021 15:43:07 CEST Run: 1 Event: 155
PixelClusterShapeSeedComparitor helix is not valid, result is bad
%MSG
%MSG-w InvalidInputTag:  CSCHaloDataProducer:hltCSCHaloData  14-Jun-2021 15:43:07 CEST Run: 1 Event: 155
 The Cosmic Muon collection does not appear to be in the event. These beam halo  identification variables will be empty
%MSG
Begin processing the 6th record. Run 1, Event 157, LumiSection 4 at 14-Jun-2021 15:43:08.147 CEST
Begin processing the 7th record. Run 1, Event 156, LumiSection 4 at 14-Jun-2021 15:43:13.021 CEST
Begin processing the 8th record. Run 1, Event 158, LumiSection 4 at 14-Jun-2021 15:43:16.291 CEST
Begin processing the 9th record. Run 1, Event 161, LumiSection 4 at 14-Jun-2021 15:43:20.023 CEST
Begin processing the 10th record. Run 1, Event 159, LumiSection 4 at 14-Jun-2021 15:43:23.863 CEST
Begin processing the 11th record. Run 1, Event 163, LumiSection 4 at 14-Jun-2021 15:43:27.843 CEST
Begin processing the 12th record. Run 1, Event 162, LumiSection 4 at 14-Jun-2021 15:43:31.130 CEST
Begin processing the 13th record. Run 1, Event 160, LumiSection 4 at 14-Jun-2021 15:43:34.434 CEST
%MSG-w InvalidHelix:   SeedCreatorFromRegionConsecutiveHitsEDProducer:hltFullIter6PixelSeedsA  14-Jun-2021 15:43:44 CEST Run: 1 Event: 160
PixelClusterShapeSeedComparitor helix is not valid, result is bad
%MSG
Begin processing the 14th record. Run 1, Event 166, LumiSection 4 at 14-Jun-2021 15:43:51.057 CEST
Begin processing the 15th record. Run 1, Event 165, LumiSection 4 at 14-Jun-2021 15:43:55.266 CEST
Begin processing the 16th record. Run 1, Event 164, LumiSection 4 at 14-Jun-2021 15:44:01.801 CEST
Begin processing the 17th record. Run 1, Event 169, LumiSection 4 at 14-Jun-2021 15:44:05.614 CEST
Begin processing the 18th record. Run 1, Event 167, LumiSection 4 at 14-Jun-2021 15:44:06.513 CEST
Begin processing the 19th record. Run 1, Event 172, LumiSection 4 at 14-Jun-2021 15:44:08.007 CEST
Begin processing the 20th record. Run 1, Event 171, LumiSection 4 at 14-Jun-2021 15:44:09.092 CEST
Begin processing the 21st record. Run 1, Event 170, LumiSection 4 at 14-Jun-2021 15:44:11.374 CEST
Begin processing the 22nd record. Run 1, Event 168, LumiSection 4 at 14-Jun-2021 15:44:14.063 CEST
Begin processing the 23rd record. Run 1, Event 173, LumiSection 4 at 14-Jun-2021 15:44:22.137 CEST
Begin processing the 24th record. Run 1, Event 175, LumiSection 4 at 14-Jun-2021 15:44:23.365 CEST
Begin processing the 25th record. Run 1, Event 177, LumiSection 4 at 14-Jun-2021 15:44:26.834 CEST
%MSG-w InvalidHelix:   SeedCreatorFromRegionConsecutiveHitsEDProducer:hltFullIter9TobTecSeedsTripl  14-Jun-2021 15:44:36 CEST Run: 1 Event: 177
PixelClusterShapeSeedComparitor helix is not valid, result is bad
%MSG
Begin processing the 26th record. Run 1, Event 174, LumiSection 4 at 14-Jun-2021 15:44:37.863 CEST
Begin processing the 27th record. Run 1, Event 176, LumiSection 4 at 14-Jun-2021 15:44:39.159 CEST
Begin processing the 28th record. Run 1, Event 179, LumiSection 4 at 14-Jun-2021 15:44:40.356 CEST
Begin processing the 29th record. Run 1, Event 178, LumiSection 4 at 14-Jun-2021 15:44:44.127 CEST
Begin processing the 30th record. Run 1, Event 182, LumiSection 4 at 14-Jun-2021 15:44:48.172 CEST
Begin processing the 31st record. Run 1, Event 180, LumiSection 4 at 14-Jun-2021 15:44:52.296 CEST
%MSG-w InvalidHelix:   SeedCreatorFromRegionConsecutiveHitsEDProducer:hltFullIter9TobTecSeedsTripl  14-Jun-2021 15:44:57 CEST Run: 1 Event: 180
PixelClusterShapeSeedComparitor helix is not valid, result is bad
%MSG
Begin processing the 32nd record. Run 1, Event 184, LumiSection 4 at 14-Jun-2021 15:44:58.584 CEST
Begin processing the 33rd record. Run 1, Event 185, LumiSection 4 at 14-Jun-2021 15:45:01.456 CEST
Begin processing the 34th record. Run 1, Event 183, LumiSection 4 at 14-Jun-2021 15:45:13.724 CEST
Begin processing the 35th record. Run 1, Event 186, LumiSection 4 at 14-Jun-2021 15:45:24.811 CEST
%MSG-w InvalidHelix:   SeedCreatorFromRegionConsecutiveHitsEDProducer:hltFullIter9TobTecSeedsTripl  14-Jun-2021 15:45:30 CEST Run: 1 Event: 186
PixelClusterShapeSeedComparitor helix is not valid, result is bad
%MSG
Begin processing the 36th record. Run 1, Event 181, LumiSection 4 at 14-Jun-2021 15:45:31.191 CEST
Begin processing the 37th record. Run 1, Event 187, LumiSection 4 at 14-Jun-2021 15:45:33.858 CEST
Begin processing the 38th record. Run 1, Event 188, LumiSection 4 at 14-Jun-2021 15:45:34.981 CEST
Begin processing the 39th record. Run 1, Event 189, LumiSection 4 at 14-Jun-2021 15:45:41.570 CEST
Begin processing the 40th record. Run 1, Event 192, LumiSection 4 at 14-Jun-2021 15:45:45.457 CEST
Begin processing the 41st record. Run 1, Event 191, LumiSection 4 at 14-Jun-2021 15:45:48.232 CEST
Begin processing the 42nd record. Run 1, Event 194, LumiSection 4 at 14-Jun-2021 15:45:58.302 CEST
Begin processing the 43rd record. Run 1, Event 193, LumiSection 4 at 14-Jun-2021 15:46:03.215 CEST
Begin processing the 44th record. Run 1, Event 190, LumiSection 4 at 14-Jun-2021 15:46:14.492 CEST
Begin processing the 45th record. Run 1, Event 197, LumiSection 4 at 14-Jun-2021 15:46:18.273 CEST
Begin processing the 46th record. Run 1, Event 196, LumiSection 4 at 14-Jun-2021 15:46:21.147 CEST
Begin processing the 47th record. Run 1, Event 195, LumiSection 4 at 14-Jun-2021 15:46:28.705 CEST
Begin processing the 48th record. Run 1, Event 199, LumiSection 4 at 14-Jun-2021 15:46:38.640 CEST
Begin processing the 49th record. Run 1, Event 200, LumiSection 4 at 14-Jun-2021 15:46:42.245 CEST
Begin processing the 50th record. Run 1, Event 198, LumiSection 4 at 14-Jun-2021 15:46:49.080 CEST
14-Jun-2021 15:47:10 CEST  Closed file file:/eos/cms/store/user/tsarkar/DIGIPremix_Condor_output_Vector_MonoZLL_NLO_Mphi-500_Mchi-150_gSM-0p25_gDM-1p0_ctau0p1/step_DIGIPremix_2017UL_15.root

=============================================

MessageLogger Summary

 type     category        sev    module        subroutine        count    total
 ---- -------------------- -- ---------------- ----------------  -----    -----
    1 InvalidHelix         -w SeedCreatorFromR                       1        1
    2 InvalidHelix         -w SeedCreatorFromR                       4        4
    3 InvalidInputTag      -w CSCHaloDataProdu                       1        1
    4 fileAction           -s file_close                             1        1
    5 fileAction           -s file_open                              2        2

 type    category    Examples: run/evt        run/evt          run/evt
 ---- -------------------- ---------------- ---------------- ----------------
    1 InvalidHelix         1/160                             
    2 InvalidHelix         1/155            1/177            1/186
    3 InvalidInputTag      1/155                             
    4 fileAction           PostGlobalEndRun                  
    5 fileAction           pre-events       pre-events       

Severity    # Occurrences   Total Occurrences
--------    -------------   -----------------
Warning                 6                   6
System                  3                   3

dropped waiting message count 0
