000 (7312042.000.000) 06/14 14:44:48 Job submitted from host: <137.138.44.75:9618?addrs=137.138.44.75-9618+[2001-1458-d00-1a--b]-9618&alias=bigbird14.cern.ch&noUDP&sock=schedd_3149486_02ef>
...
040 (7312042.000.000) 06/14 15:39:41 Started transferring input files
	Transferring to host: <188.184.139.155:9618?addrs=188.184.139.155-9618+[2001-1458-301-45--100-1b6]-9618&alias=b7g42n0686.cern.ch&noUDP&sock=slot1_1_3262_1fbe_42789>
...
040 (7312042.000.000) 06/14 15:39:41 Finished transferring input files
...
001 (7312042.000.000) 06/14 15:39:42 Job executing on host: <188.184.139.155:9618?addrs=188.184.139.155-9618+[2001-1458-301-45--100-1b6]-9618&alias=b7g42n0686.cern.ch&noUDP&sock=startd_2841_44a6>
...
006 (7312042.000.000) 06/14 15:39:50 Image size of job updated: 243900
	16  -  MemoryUsage of job (MB)
	15424  -  ResidentSetSize of job (KB)
...
006 (7312042.000.000) 06/14 15:44:50 Image size of job updated: 2297276
	1277  -  MemoryUsage of job (MB)
	1306704  -  ResidentSetSize of job (KB)
...
006 (7312042.000.000) 06/14 15:46:52 Image size of job updated: 2383292
	1277  -  MemoryUsage of job (MB)
	1306704  -  ResidentSetSize of job (KB)
...
040 (7312042.000.000) 06/14 15:46:52 Started transferring output files
...
040 (7312042.000.000) 06/14 15:46:52 Finished transferring output files
...
005 (7312042.000.000) 06/14 15:46:52 Job terminated.
	(1) Normal termination (return value 0)
		Usr 0 00:06:02, Sys 0 00:00:08  -  Run Remote Usage
		Usr 0 00:00:00, Sys 0 00:00:00  -  Run Local Usage
		Usr 0 00:06:02, Sys 0 00:00:08  -  Total Remote Usage
		Usr 0 00:00:00, Sys 0 00:00:00  -  Total Local Usage
	15676  -  Run Bytes Sent By Job
	430  -  Run Bytes Received By Job
	15676  -  Total Bytes Sent By Job
	430  -  Total Bytes Received By Job
	Partitionable Resources :    Usage  Request Allocated 
	   Cpus                 :     1.00        1         1 
	   Disk (KB)            :    36           1    304749 
	   Memory (MB)          :  1277        2000      2000 

	Job terminated of its own accord at 2021-06-14T13:46:52Z.
...
