000 (7309426.000.000) 06/14 11:26:56 Job submitted from host: <137.138.44.75:9618?addrs=137.138.44.75-9618+[2001-1458-d00-1a--b]-9618&alias=bigbird14.cern.ch&noUDP&sock=schedd_3149486_02ef>
...
040 (7309426.000.000) 06/14 13:27:05 Started transferring input files
	Transferring to host: <128.142.161.103:9618?addrs=128.142.161.103-9618+[2001-1458-301-b8--100-25]-9618&alias=b7g03p0467.cern.ch&noUDP&sock=slot1_7_292801_8adc_119403>
...
040 (7309426.000.000) 06/14 13:27:05 Finished transferring input files
...
001 (7309426.000.000) 06/14 13:27:06 Job executing on host: <128.142.161.103:9618?addrs=128.142.161.103-9618+[2001-1458-301-b8--100-25]-9618&alias=b7g03p0467.cern.ch&noUDP&sock=startd_70468_c3e4>
...
006 (7309426.000.000) 06/14 13:27:15 Image size of job updated: 147696
	91  -  MemoryUsage of job (MB)
	93056  -  ResidentSetSize of job (KB)
...
006 (7309426.000.000) 06/14 13:32:15 Image size of job updated: 3000912
	1741  -  MemoryUsage of job (MB)
	1781856  -  ResidentSetSize of job (KB)
...
040 (7309426.000.000) 06/14 13:32:21 Started transferring output files
...
040 (7309426.000.000) 06/14 13:32:21 Finished transferring output files
...
005 (7309426.000.000) 06/14 13:32:21 Job terminated.
	(1) Normal termination (return value 0)
		Usr 0 00:04:36, Sys 0 00:00:05  -  Run Remote Usage
		Usr 0 00:00:00, Sys 0 00:00:00  -  Run Local Usage
		Usr 0 00:04:36, Sys 0 00:00:05  -  Total Remote Usage
		Usr 0 00:00:00, Sys 0 00:00:00  -  Total Local Usage
	15301  -  Run Bytes Sent By Job
	444  -  Run Bytes Received By Job
	15301  -  Total Bytes Sent By Job
	444  -  Total Bytes Received By Job
	Partitionable Resources :    Usage  Request Allocated 
	   Cpus                 :     0.28        1         1 
	   Disk (KB)            :    36           1   1351568 
	   Memory (MB)          :  1741        2000      2000 

	Job terminated of its own accord at 2021-06-14T11:32:21Z.
...
