14-Jun-2021 13:27:43 CEST  Initiating request to open file file:/eos/cms/store/user/tsarkar/SIM_Condor_output_Vector_MonoZLL_NLO_Mphi-500_Mchi-150_gSM-0p25_gDM-1p0_ctau100p0/step_SIM_2017UL_3.root
14-Jun-2021 13:27:46 CEST  Successfully opened file file:/eos/cms/store/user/tsarkar/SIM_Condor_output_Vector_MonoZLL_NLO_Mphi-500_Mchi-150_gSM-0p25_gDM-1p0_ctau100p0/step_SIM_2017UL_3.root
14-Jun-2021 13:27:52 CEST  Initiating request to open file root://eoscms.cern.ch//eos/cms/store/mc/RunIISummer20ULPrePremix/Neutrino_E-10_gun/PREMIX/UL17_106X_mc2017_realistic_v6-v3/210004/F44FFD91-0A2C-814F-BADB-9B4B78958ED0.root
%MSG-w XrdAdaptor:  PreMixingModule:mixData@ctor 14-Jun-2021 13:27:54 CEST  pre-events
Data is served from cern.ch instead of original site eoscms
%MSG
14-Jun-2021 13:27:54 CEST  Successfully opened file root://eoscms.cern.ch//eos/cms/store/mc/RunIISummer20ULPrePremix/Neutrino_E-10_gun/PREMIX/UL17_106X_mc2017_realistic_v6-v3/210004/F44FFD91-0A2C-814F-BADB-9B4B78958ED0.root
Begin processing the 1st record. Run 1, Event 103, LumiSection 3 on stream 0 at 14-Jun-2021 13:28:13.103 CEST
14-Jun-2021 13:30:16 CEST  Closed file root://eoscms.cern.ch//eos/cms/store/mc/RunIISummer20ULPrePremix/Neutrino_E-10_gun/PREMIX/UL17_106X_mc2017_realistic_v6-v3/210004/F44FFD91-0A2C-814F-BADB-9B4B78958ED0.root
14-Jun-2021 13:30:16 CEST  Initiating request to open file root://eoscms.cern.ch//eos/cms/store/mc/RunIISummer20ULPrePremix/Neutrino_E-10_gun/PREMIX/UL17_106X_mc2017_realistic_v6-v3/210012/A6CE1BA2-9440-3943-87AA-6B15E1466E61.root
%MSG-w XrdAdaptor:  PreMixingModule:mixData 14-Jun-2021 13:30:18 CEST  Run: 1 Event: 103
Data is served from cern.ch instead of original site eoscms
%MSG
14-Jun-2021 13:30:18 CEST  Successfully opened file root://eoscms.cern.ch//eos/cms/store/mc/RunIISummer20ULPrePremix/Neutrino_E-10_gun/PREMIX/UL17_106X_mc2017_realistic_v6-v3/210012/A6CE1BA2-9440-3943-87AA-6B15E1466E61.root
Begin processing the 2nd record. Run 1, Event 104, LumiSection 3 on stream 0 at 14-Jun-2021 13:30:33.583 CEST
Begin processing the 3rd record. Run 1, Event 101, LumiSection 3 on stream 0 at 14-Jun-2021 13:30:37.402 CEST
Begin processing the 4th record. Run 1, Event 102, LumiSection 3 on stream 0 at 14-Jun-2021 13:30:41.743 CEST
Begin processing the 5th record. Run 1, Event 105, LumiSection 3 on stream 0 at 14-Jun-2021 13:30:45.776 CEST
Begin processing the 6th record. Run 1, Event 108, LumiSection 3 on stream 0 at 14-Jun-2021 13:30:50.482 CEST
Begin processing the 7th record. Run 1, Event 107, LumiSection 3 on stream 0 at 14-Jun-2021 13:30:53.511 CEST
Begin processing the 8th record. Run 1, Event 106, LumiSection 3 on stream 0 at 14-Jun-2021 13:30:57.090 CEST
Begin processing the 9th record. Run 1, Event 109, LumiSection 3 on stream 0 at 14-Jun-2021 13:31:00.968 CEST
Begin processing the 10th record. Run 1, Event 111, LumiSection 3 on stream 0 at 14-Jun-2021 13:31:05.644 CEST
Begin processing the 11th record. Run 1, Event 110, LumiSection 3 on stream 0 at 14-Jun-2021 13:31:09.389 CEST
Begin processing the 12th record. Run 1, Event 112, LumiSection 3 on stream 0 at 14-Jun-2021 13:31:13.617 CEST
Begin processing the 13th record. Run 1, Event 115, LumiSection 3 on stream 0 at 14-Jun-2021 13:31:17.713 CEST
Begin processing the 14th record. Run 1, Event 113, LumiSection 3 on stream 0 at 14-Jun-2021 13:31:20.884 CEST
Begin processing the 15th record. Run 1, Event 114, LumiSection 3 on stream 0 at 14-Jun-2021 13:31:25.081 CEST
Begin processing the 16th record. Run 1, Event 116, LumiSection 3 on stream 0 at 14-Jun-2021 13:31:29.532 CEST
Begin processing the 17th record. Run 1, Event 117, LumiSection 3 on stream 0 at 14-Jun-2021 13:31:32.768 CEST
Begin processing the 18th record. Run 1, Event 118, LumiSection 3 on stream 0 at 14-Jun-2021 13:31:37.215 CEST
Begin processing the 19th record. Run 1, Event 119, LumiSection 3 on stream 0 at 14-Jun-2021 13:31:41.388 CEST
Begin processing the 20th record. Run 1, Event 120, LumiSection 3 on stream 0 at 14-Jun-2021 13:31:45.936 CEST
Begin processing the 21st record. Run 1, Event 122, LumiSection 3 on stream 0 at 14-Jun-2021 13:31:49.988 CEST
Begin processing the 22nd record. Run 1, Event 123, LumiSection 3 on stream 0 at 14-Jun-2021 13:31:54.506 CEST
Begin processing the 23rd record. Run 1, Event 126, LumiSection 3 on stream 0 at 14-Jun-2021 13:31:58.397 CEST
Begin processing the 24th record. Run 1, Event 124, LumiSection 3 on stream 0 at 14-Jun-2021 13:32:02.950 CEST
Begin processing the 25th record. Run 1, Event 121, LumiSection 3 on stream 0 at 14-Jun-2021 13:32:06.743 CEST
Begin processing the 26th record. Run 1, Event 128, LumiSection 3 on stream 0 at 14-Jun-2021 13:32:11.109 CEST
Begin processing the 27th record. Run 1, Event 125, LumiSection 3 on stream 0 at 14-Jun-2021 13:32:15.364 CEST
Begin processing the 28th record. Run 1, Event 127, LumiSection 3 on stream 0 at 14-Jun-2021 13:32:19.804 CEST
Begin processing the 29th record. Run 1, Event 129, LumiSection 3 on stream 0 at 14-Jun-2021 13:32:24.200 CEST
Begin processing the 30th record. Run 1, Event 130, LumiSection 3 on stream 0 at 14-Jun-2021 13:32:28.252 CEST
Begin processing the 31st record. Run 1, Event 131, LumiSection 3 on stream 0 at 14-Jun-2021 13:32:32.229 CEST
Begin processing the 32nd record. Run 1, Event 133, LumiSection 3 on stream 0 at 14-Jun-2021 13:32:35.420 CEST
Begin processing the 33rd record. Run 1, Event 134, LumiSection 3 on stream 0 at 14-Jun-2021 13:32:40.119 CEST
Begin processing the 34th record. Run 1, Event 132, LumiSection 3 on stream 0 at 14-Jun-2021 13:32:43.445 CEST
Begin processing the 35th record. Run 1, Event 135, LumiSection 3 on stream 0 at 14-Jun-2021 13:32:47.570 CEST
Begin processing the 36th record. Run 1, Event 138, LumiSection 3 on stream 0 at 14-Jun-2021 13:32:51.248 CEST
Begin processing the 37th record. Run 1, Event 137, LumiSection 3 on stream 0 at 14-Jun-2021 13:32:55.519 CEST
Begin processing the 38th record. Run 1, Event 139, LumiSection 3 on stream 0 at 14-Jun-2021 13:33:00.082 CEST
Begin processing the 39th record. Run 1, Event 136, LumiSection 3 on stream 0 at 14-Jun-2021 13:33:04.031 CEST
Begin processing the 40th record. Run 1, Event 141, LumiSection 3 on stream 0 at 14-Jun-2021 13:33:08.309 CEST
Begin processing the 41st record. Run 1, Event 143, LumiSection 3 on stream 0 at 14-Jun-2021 13:33:12.852 CEST
Begin processing the 42nd record. Run 1, Event 140, LumiSection 3 on stream 0 at 14-Jun-2021 13:33:16.399 CEST
Begin processing the 43rd record. Run 1, Event 142, LumiSection 3 on stream 0 at 14-Jun-2021 13:33:20.433 CEST
Begin processing the 44th record. Run 1, Event 144, LumiSection 3 on stream 0 at 14-Jun-2021 13:33:25.010 CEST
Begin processing the 45th record. Run 1, Event 146, LumiSection 3 on stream 0 at 14-Jun-2021 13:33:29.169 CEST
Begin processing the 46th record. Run 1, Event 148, LumiSection 3 on stream 0 at 14-Jun-2021 13:33:32.383 CEST
Begin processing the 47th record. Run 1, Event 145, LumiSection 3 on stream 0 at 14-Jun-2021 13:33:36.117 CEST
Begin processing the 48th record. Run 1, Event 149, LumiSection 3 on stream 0 at 14-Jun-2021 13:33:40.426 CEST
Begin processing the 49th record. Run 1, Event 147, LumiSection 3 on stream 0 at 14-Jun-2021 13:33:43.855 CEST
Begin processing the 50th record. Run 1, Event 150, LumiSection 3 on stream 0 at 14-Jun-2021 13:33:48.527 CEST
14-Jun-2021 13:33:53 CEST  Closed file file:/eos/cms/store/user/tsarkar/SIM_Condor_output_Vector_MonoZLL_NLO_Mphi-500_Mchi-150_gSM-0p25_gDM-1p0_ctau100p0/step_SIM_2017UL_3.root
14-Jun-2021 13:33:54 CEST  Closed file root://eoscms.cern.ch//eos/cms/store/mc/RunIISummer20ULPrePremix/Neutrino_E-10_gun/PREMIX/UL17_106X_mc2017_realistic_v6-v3/210012/A6CE1BA2-9440-3943-87AA-6B15E1466E61.root

=============================================

MessageLogger Summary

 type     category        sev    module        subroutine        count    total
 ---- -------------------- -- ---------------- ----------------  -----    -----
    1 XrdAdaptor           -w PreMixingModule:                       1        1
    2 XrdAdaptor           -w PreMixingModule:                       1        1
    3 fileAction           -s PreMixingModule:                       3        3
    4 fileAction           -s PreMixingModule:                       2        2
    5 fileAction           -s PreMixingModule:                       1        1
    6 fileAction           -s file_close                             1        1
    7 fileAction           -s file_open                              2        2

 type    category    Examples: run/evt        run/evt          run/evt
 ---- -------------------- ---------------- ---------------- ----------------
    1 XrdAdaptor           1/103                             
    2 XrdAdaptor           pre-events                        
    3 fileAction           1/103            1/103            1/103
    4 fileAction           pre-events       pre-events       
    5 fileAction           PostGlobalEndRun                  
    6 fileAction           PostGlobalEndRun                  
    7 fileAction           pre-events       pre-events       

Severity    # Occurrences   Total Occurrences
--------    -------------   -----------------
Warning                 2                   2
System                  9                   9

dropped waiting message count 0
