000 (7309433.000.000) 06/14 11:27:08 Job submitted from host: <137.138.44.75:9618?addrs=137.138.44.75-9618+[2001-1458-d00-1a--b]-9618&alias=bigbird14.cern.ch&noUDP&sock=schedd_3149486_02ef>
...
040 (7309433.000.000) 06/14 13:27:07 Started transferring input files
	Transferring to host: <128.142.161.125:9618?addrs=128.142.161.125-9618&alias=b7g03p1231.cern.ch&noUDP&sock=slot1_18_182520_99f7_26653>
...
040 (7309433.000.000) 06/14 13:27:07 Finished transferring input files
...
001 (7309433.000.000) 06/14 13:27:08 Job executing on host: <128.142.161.125:9618?addrs=128.142.161.125-9618&alias=b7g03p1231.cern.ch&noUDP&sock=startd_2982_fb81>
...
006 (7309433.000.000) 06/14 13:27:17 Image size of job updated: 132656
	92  -  MemoryUsage of job (MB)
	93712  -  ResidentSetSize of job (KB)
...
006 (7309433.000.000) 06/14 13:32:18 Image size of job updated: 3000932
	1795  -  MemoryUsage of job (MB)
	1838052  -  ResidentSetSize of job (KB)
...
040 (7309433.000.000) 06/14 13:33:11 Started transferring output files
...
040 (7309433.000.000) 06/14 13:33:11 Finished transferring output files
...
005 (7309433.000.000) 06/14 13:33:11 Job terminated.
	(1) Normal termination (return value 0)
		Usr 0 00:05:09, Sys 0 00:00:07  -  Run Remote Usage
		Usr 0 00:00:00, Sys 0 00:00:00  -  Run Local Usage
		Usr 0 00:05:09, Sys 0 00:00:07  -  Total Remote Usage
		Usr 0 00:00:00, Sys 0 00:00:00  -  Total Local Usage
	15483  -  Run Bytes Sent By Job
	445  -  Run Bytes Received By Job
	15483  -  Total Bytes Sent By Job
	445  -  Total Bytes Received By Job
	Partitionable Resources :    Usage  Request Allocated 
	   Cpus                 :                 1         1 
	   Disk (KB)            :       29        1   1367246 
	   Memory (MB)          :     1795     2000      2000 

	Job terminated of its own accord at 2021-06-14T11:33:10Z.
...
