000 (7309423.000.000) 06/14 11:26:47 Job submitted from host: <137.138.44.75:9618?addrs=137.138.44.75-9618+[2001-1458-d00-1a--b]-9618&alias=bigbird14.cern.ch&noUDP&sock=schedd_3149486_02ef>
...
040 (7309423.000.000) 06/14 13:27:04 Started transferring input files
	Transferring to host: <128.142.161.109:9618?addrs=128.142.161.109-9618&alias=b7g03p2173.cern.ch&noUDP&sock=slot1_9_4072_d79f_53112>
...
040 (7309423.000.000) 06/14 13:27:04 Finished transferring input files
...
001 (7309423.000.000) 06/14 13:27:05 Job executing on host: <128.142.161.109:9618?addrs=128.142.161.109-9618&alias=b7g03p2173.cern.ch&noUDP&sock=startd_3061_2b7c>
...
006 (7309423.000.000) 06/14 13:27:14 Image size of job updated: 256144
	43  -  MemoryUsage of job (MB)
	43784  -  ResidentSetSize of job (KB)
...
006 (7309423.000.000) 06/14 13:32:14 Image size of job updated: 3000912
	1725  -  MemoryUsage of job (MB)
	1765592  -  ResidentSetSize of job (KB)
...
040 (7309423.000.000) 06/14 13:33:26 Started transferring output files
...
040 (7309423.000.000) 06/14 13:33:26 Finished transferring output files
...
005 (7309423.000.000) 06/14 13:33:26 Job terminated.
	(1) Normal termination (return value 0)
		Usr 0 00:05:18, Sys 0 00:00:07  -  Run Remote Usage
		Usr 0 00:00:00, Sys 0 00:00:00  -  Run Local Usage
		Usr 0 00:05:18, Sys 0 00:00:07  -  Total Remote Usage
		Usr 0 00:00:00, Sys 0 00:00:00  -  Total Local Usage
	15574  -  Run Bytes Sent By Job
	444  -  Run Bytes Received By Job
	15574  -  Total Bytes Sent By Job
	444  -  Total Bytes Received By Job
	Partitionable Resources :    Usage  Request Allocated 
	   Cpus                 :     0.51        1         1 
	   Disk (KB)            :    36           1   1407714 
	   Memory (MB)          :  1725        2000      2000 

	Job terminated of its own accord at 2021-06-14T11:33:25Z.
...
