000 (7309424.000.000) 06/14 11:26:49 Job submitted from host: <137.138.44.75:9618?addrs=137.138.44.75-9618+[2001-1458-d00-1a--b]-9618&alias=bigbird14.cern.ch&noUDP&sock=schedd_3149486_02ef>
...
040 (7309424.000.000) 06/14 13:27:04 Started transferring input files
	Transferring to host: <128.142.161.110:9618?addrs=128.142.161.110-9618+[2001-1458-301-b8--100-2c]-9618&alias=b7g03p4836.cern.ch&noUDP&sock=slot1_34_257090_e990_114642>
...
040 (7309424.000.000) 06/14 13:27:04 Finished transferring input files
...
001 (7309424.000.000) 06/14 13:27:05 Job executing on host: <128.142.161.110:9618?addrs=128.142.161.110-9618+[2001-1458-301-b8--100-2c]-9618&alias=b7g03p4836.cern.ch&noUDP&sock=startd_3013_3ef1>
...
006 (7309424.000.000) 06/14 13:27:14 Image size of job updated: 116160
	88  -  MemoryUsage of job (MB)
	89868  -  ResidentSetSize of job (KB)
...
006 (7309424.000.000) 06/14 13:32:14 Image size of job updated: 3000944
	1750  -  MemoryUsage of job (MB)
	1791744  -  ResidentSetSize of job (KB)
...
040 (7309424.000.000) 06/14 13:33:12 Started transferring output files
...
040 (7309424.000.000) 06/14 13:33:12 Finished transferring output files
...
005 (7309424.000.000) 06/14 13:33:12 Job terminated.
	(1) Normal termination (return value 0)
		Usr 0 00:05:14, Sys 0 00:00:07  -  Run Remote Usage
		Usr 0 00:00:00, Sys 0 00:00:00  -  Run Local Usage
		Usr 0 00:05:14, Sys 0 00:00:07  -  Total Remote Usage
		Usr 0 00:00:00, Sys 0 00:00:00  -  Total Local Usage
	15480  -  Run Bytes Sent By Job
	444  -  Run Bytes Received By Job
	15480  -  Total Bytes Sent By Job
	444  -  Total Bytes Received By Job
	Partitionable Resources :    Usage  Request Allocated 
	   Cpus                 :     0.35        1         1 
	   Disk (KB)            :    36           1   1342552 
	   Memory (MB)          :  1750        2000      2000 

	Job terminated of its own accord at 2021-06-14T11:33:12Z.
...
