000 (7309437.000.000) 06/14 11:27:14 Job submitted from host: <137.138.44.75:9618?addrs=137.138.44.75-9618+[2001-1458-d00-1a--b]-9618&alias=bigbird14.cern.ch&noUDP&sock=schedd_3149486_02ef>
...
040 (7309437.000.000) 06/14 13:27:08 Started transferring input files
	Transferring to host: <188.184.139.238:9618?addrs=188.184.139.238-9618+[2001-1458-301-45--100-237]-9618&alias=b7g42n4738.cern.ch&noUDP&sock=slot1_4_15443_bd8d_37307>
...
040 (7309437.000.000) 06/14 13:27:08 Finished transferring input files
...
001 (7309437.000.000) 06/14 13:27:09 Job executing on host: <188.184.139.238:9618?addrs=188.184.139.238-9618+[2001-1458-301-45--100-237]-9618&alias=b7g42n4738.cern.ch&noUDP&sock=startd_15300_1b1a>
...
006 (7309437.000.000) 06/14 13:27:18 Image size of job updated: 167160
	36  -  MemoryUsage of job (MB)
	36468  -  ResidentSetSize of job (KB)
...
006 (7309437.000.000) 06/14 13:32:19 Image size of job updated: 3000928
	1741  -  MemoryUsage of job (MB)
	1782488  -  ResidentSetSize of job (KB)
...
040 (7309437.000.000) 06/14 13:33:55 Started transferring output files
...
040 (7309437.000.000) 06/14 13:33:55 Finished transferring output files
...
005 (7309437.000.000) 06/14 13:33:56 Job terminated.
	(1) Normal termination (return value 0)
		Usr 0 00:05:15, Sys 0 00:00:06  -  Run Remote Usage
		Usr 0 00:00:00, Sys 0 00:00:00  -  Run Local Usage
		Usr 0 00:05:15, Sys 0 00:00:06  -  Total Remote Usage
		Usr 0 00:00:00, Sys 0 00:00:00  -  Total Local Usage
	15521  -  Run Bytes Sent By Job
	445  -  Run Bytes Received By Job
	15521  -  Total Bytes Sent By Job
	445  -  Total Bytes Received By Job
	Partitionable Resources :    Usage  Request Allocated 
	   Cpus                 :                 1         1 
	   Disk (KB)            :       29        1    351957 
	   Memory (MB)          :     1741     2000      2000 

	Job terminated of its own accord at 2021-06-14T11:33:55Z.
...
