14-Jun-2021 13:27:44 CEST  Initiating request to open file file:/eos/cms/store/user/tsarkar/SIM_Condor_output_Vector_MonoZLL_NLO_Mphi-500_Mchi-150_gSM-0p25_gDM-1p0_ctau100p0/step_SIM_2017UL_9.root
14-Jun-2021 13:27:46 CEST  Successfully opened file file:/eos/cms/store/user/tsarkar/SIM_Condor_output_Vector_MonoZLL_NLO_Mphi-500_Mchi-150_gSM-0p25_gDM-1p0_ctau100p0/step_SIM_2017UL_9.root
14-Jun-2021 13:27:52 CEST  Initiating request to open file root://eoscms.cern.ch//eos/cms/store/mc/RunIISummer20ULPrePremix/Neutrino_E-10_gun/PREMIX/UL17_106X_mc2017_realistic_v6-v3/210018/A27D3DD3-7A39-F14A-8991-A0E8B113E2DC.root
%MSG-w XrdAdaptor:  PreMixingModule:mixData@ctor 14-Jun-2021 13:27:54 CEST  pre-events
Data is served from cern.ch instead of original site eoscms
%MSG
14-Jun-2021 13:27:54 CEST  Successfully opened file root://eoscms.cern.ch//eos/cms/store/mc/RunIISummer20ULPrePremix/Neutrino_E-10_gun/PREMIX/UL17_106X_mc2017_realistic_v6-v3/210018/A27D3DD3-7A39-F14A-8991-A0E8B113E2DC.root
Begin processing the 1st record. Run 1, Event 402, LumiSection 9 on stream 0 at 14-Jun-2021 13:28:13.725 CEST
14-Jun-2021 13:30:18 CEST  Closed file root://eoscms.cern.ch//eos/cms/store/mc/RunIISummer20ULPrePremix/Neutrino_E-10_gun/PREMIX/UL17_106X_mc2017_realistic_v6-v3/210018/A27D3DD3-7A39-F14A-8991-A0E8B113E2DC.root
14-Jun-2021 13:30:18 CEST  Initiating request to open file root://eoscms.cern.ch//eos/cms/store/mc/RunIISummer20ULPrePremix/Neutrino_E-10_gun/PREMIX/UL17_106X_mc2017_realistic_v6-v3/00001/FD932762-3DBC-094F-99E0-7F8E70BF52BE.root
%MSG-w XrdAdaptor:  PreMixingModule:mixData 14-Jun-2021 13:30:20 CEST  Run: 1 Event: 402
Data is served from cern.ch instead of original site eoscms
%MSG
14-Jun-2021 13:30:20 CEST  Successfully opened file root://eoscms.cern.ch//eos/cms/store/mc/RunIISummer20ULPrePremix/Neutrino_E-10_gun/PREMIX/UL17_106X_mc2017_realistic_v6-v3/00001/FD932762-3DBC-094F-99E0-7F8E70BF52BE.root
Begin processing the 2nd record. Run 1, Event 401, LumiSection 9 on stream 0 at 14-Jun-2021 13:30:33.280 CEST
Begin processing the 3rd record. Run 1, Event 403, LumiSection 9 on stream 0 at 14-Jun-2021 13:30:36.945 CEST
Begin processing the 4th record. Run 1, Event 406, LumiSection 9 on stream 0 at 14-Jun-2021 13:30:40.649 CEST
Begin processing the 5th record. Run 1, Event 407, LumiSection 9 on stream 0 at 14-Jun-2021 13:30:44.482 CEST
Begin processing the 6th record. Run 1, Event 404, LumiSection 9 on stream 0 at 14-Jun-2021 13:30:47.500 CEST
Begin processing the 7th record. Run 1, Event 405, LumiSection 9 on stream 0 at 14-Jun-2021 13:30:51.908 CEST
Begin processing the 8th record. Run 1, Event 409, LumiSection 9 on stream 0 at 14-Jun-2021 13:30:56.893 CEST
Begin processing the 9th record. Run 1, Event 408, LumiSection 9 on stream 0 at 14-Jun-2021 13:31:00.145 CEST
Begin processing the 10th record. Run 1, Event 410, LumiSection 9 on stream 0 at 14-Jun-2021 13:31:04.374 CEST
Begin processing the 11th record. Run 1, Event 412, LumiSection 9 on stream 0 at 14-Jun-2021 13:31:08.183 CEST
Begin processing the 12th record. Run 1, Event 413, LumiSection 9 on stream 0 at 14-Jun-2021 13:31:12.226 CEST
Begin processing the 13th record. Run 1, Event 414, LumiSection 9 on stream 0 at 14-Jun-2021 13:31:16.208 CEST
Begin processing the 14th record. Run 1, Event 411, LumiSection 9 on stream 0 at 14-Jun-2021 13:31:19.575 CEST
Begin processing the 15th record. Run 1, Event 416, LumiSection 9 on stream 0 at 14-Jun-2021 13:31:23.876 CEST
Begin processing the 16th record. Run 1, Event 417, LumiSection 9 on stream 0 at 14-Jun-2021 13:31:27.794 CEST
Begin processing the 17th record. Run 1, Event 418, LumiSection 9 on stream 0 at 14-Jun-2021 13:31:32.287 CEST
Begin processing the 18th record. Run 1, Event 415, LumiSection 9 on stream 0 at 14-Jun-2021 13:31:36.652 CEST
Begin processing the 19th record. Run 1, Event 421, LumiSection 9 on stream 0 at 14-Jun-2021 13:31:41.542 CEST
Begin processing the 20th record. Run 1, Event 419, LumiSection 9 on stream 0 at 14-Jun-2021 13:31:44.605 CEST
Begin processing the 21st record. Run 1, Event 422, LumiSection 9 on stream 0 at 14-Jun-2021 13:31:48.965 CEST
Begin processing the 22nd record. Run 1, Event 423, LumiSection 9 on stream 0 at 14-Jun-2021 13:31:51.954 CEST
Begin processing the 23rd record. Run 1, Event 425, LumiSection 9 on stream 0 at 14-Jun-2021 13:31:56.045 CEST
Begin processing the 24th record. Run 1, Event 424, LumiSection 9 on stream 0 at 14-Jun-2021 13:32:00.410 CEST
Begin processing the 25th record. Run 1, Event 420, LumiSection 9 on stream 0 at 14-Jun-2021 13:32:04.768 CEST
Begin processing the 26th record. Run 1, Event 426, LumiSection 9 on stream 0 at 14-Jun-2021 13:32:08.955 CEST
Begin processing the 27th record. Run 1, Event 427, LumiSection 9 on stream 0 at 14-Jun-2021 13:32:12.878 CEST
Begin processing the 28th record. Run 1, Event 428, LumiSection 9 on stream 0 at 14-Jun-2021 13:32:17.244 CEST
Begin processing the 29th record. Run 1, Event 430, LumiSection 9 on stream 0 at 14-Jun-2021 13:32:20.085 CEST
Begin processing the 30th record. Run 1, Event 429, LumiSection 9 on stream 0 at 14-Jun-2021 13:32:24.800 CEST
Begin processing the 31st record. Run 1, Event 431, LumiSection 9 on stream 0 at 14-Jun-2021 13:32:28.740 CEST
Begin processing the 32nd record. Run 1, Event 433, LumiSection 9 on stream 0 at 14-Jun-2021 13:32:32.425 CEST
Begin processing the 33rd record. Run 1, Event 432, LumiSection 9 on stream 0 at 14-Jun-2021 13:32:35.843 CEST
Begin processing the 34th record. Run 1, Event 434, LumiSection 9 on stream 0 at 14-Jun-2021 13:32:41.410 CEST
Begin processing the 35th record. Run 1, Event 436, LumiSection 9 on stream 0 at 14-Jun-2021 13:32:45.320 CEST
Begin processing the 36th record. Run 1, Event 435, LumiSection 9 on stream 0 at 14-Jun-2021 13:32:50.498 CEST
Begin processing the 37th record. Run 1, Event 438, LumiSection 9 on stream 0 at 14-Jun-2021 13:32:54.567 CEST
Begin processing the 38th record. Run 1, Event 440, LumiSection 9 on stream 0 at 14-Jun-2021 13:32:58.741 CEST
Begin processing the 39th record. Run 1, Event 437, LumiSection 9 on stream 0 at 14-Jun-2021 13:33:03.111 CEST
Begin processing the 40th record. Run 1, Event 439, LumiSection 9 on stream 0 at 14-Jun-2021 13:33:07.618 CEST
Begin processing the 41st record. Run 1, Event 443, LumiSection 9 on stream 0 at 14-Jun-2021 13:33:12.286 CEST
Begin processing the 42nd record. Run 1, Event 445, LumiSection 9 on stream 0 at 14-Jun-2021 13:33:15.726 CEST
Begin processing the 43rd record. Run 1, Event 442, LumiSection 9 on stream 0 at 14-Jun-2021 13:33:18.822 CEST
Begin processing the 44th record. Run 1, Event 441, LumiSection 9 on stream 0 at 14-Jun-2021 13:33:23.706 CEST
Begin processing the 45th record. Run 1, Event 444, LumiSection 9 on stream 0 at 14-Jun-2021 13:33:30.965 CEST
Begin processing the 46th record. Run 1, Event 446, LumiSection 9 on stream 0 at 14-Jun-2021 13:33:36.131 CEST
Begin processing the 47th record. Run 1, Event 448, LumiSection 9 on stream 0 at 14-Jun-2021 13:33:40.195 CEST
Begin processing the 48th record. Run 1, Event 447, LumiSection 9 on stream 0 at 14-Jun-2021 13:33:43.750 CEST
Begin processing the 49th record. Run 1, Event 450, LumiSection 9 on stream 0 at 14-Jun-2021 13:33:48.479 CEST
Begin processing the 50th record. Run 1, Event 449, LumiSection 9 on stream 0 at 14-Jun-2021 13:33:52.229 CEST
14-Jun-2021 13:33:57 CEST  Closed file file:/eos/cms/store/user/tsarkar/SIM_Condor_output_Vector_MonoZLL_NLO_Mphi-500_Mchi-150_gSM-0p25_gDM-1p0_ctau100p0/step_SIM_2017UL_9.root
14-Jun-2021 13:33:58 CEST  Closed file root://eoscms.cern.ch//eos/cms/store/mc/RunIISummer20ULPrePremix/Neutrino_E-10_gun/PREMIX/UL17_106X_mc2017_realistic_v6-v3/00001/FD932762-3DBC-094F-99E0-7F8E70BF52BE.root

=============================================

MessageLogger Summary

 type     category        sev    module        subroutine        count    total
 ---- -------------------- -- ---------------- ----------------  -----    -----
    1 XrdAdaptor           -w PreMixingModule:                       1        1
    2 XrdAdaptor           -w PreMixingModule:                       1        1
    3 fileAction           -s PreMixingModule:                       3        3
    4 fileAction           -s PreMixingModule:                       2        2
    5 fileAction           -s PreMixingModule:                       1        1
    6 fileAction           -s file_close                             1        1
    7 fileAction           -s file_open                              2        2

 type    category    Examples: run/evt        run/evt          run/evt
 ---- -------------------- ---------------- ---------------- ----------------
    1 XrdAdaptor           1/402                             
    2 XrdAdaptor           pre-events                        
    3 fileAction           1/402            1/402            1/402
    4 fileAction           pre-events       pre-events       
    5 fileAction           PostGlobalEndRun                  
    6 fileAction           PostGlobalEndRun                  
    7 fileAction           pre-events       pre-events       

Severity    # Occurrences   Total Occurrences
--------    -------------   -----------------
Warning                 2                   2
System                  9                   9

dropped waiting message count 0
