14-Jun-2021 13:27:25 CEST  Initiating request to open file file:/eos/cms/store/user/tsarkar/SIM_Condor_output_Vector_MonoZLL_NLO_Mphi-500_Mchi-150_gSM-0p25_gDM-1p0_ctau100p0/step_SIM_2017UL_10.root
14-Jun-2021 13:27:28 CEST  Successfully opened file file:/eos/cms/store/user/tsarkar/SIM_Condor_output_Vector_MonoZLL_NLO_Mphi-500_Mchi-150_gSM-0p25_gDM-1p0_ctau100p0/step_SIM_2017UL_10.root
14-Jun-2021 13:27:32 CEST  Initiating request to open file root://eoscms.cern.ch//eos/cms/store/mc/RunIISummer20ULPrePremix/Neutrino_E-10_gun/PREMIX/UL17_106X_mc2017_realistic_v6-v3/210018/D158786E-4518-3941-941E-BF280E128BA8.root
%MSG-w XrdAdaptor:  PreMixingModule:mixData@ctor 14-Jun-2021 13:27:34 CEST  pre-events
Data is served from cern.ch instead of original site eoscms
%MSG
14-Jun-2021 13:27:35 CEST  Successfully opened file root://eoscms.cern.ch//eos/cms/store/mc/RunIISummer20ULPrePremix/Neutrino_E-10_gun/PREMIX/UL17_106X_mc2017_realistic_v6-v3/210018/D158786E-4518-3941-941E-BF280E128BA8.root
Begin processing the 1st record. Run 1, Event 454, LumiSection 10 on stream 0 at 14-Jun-2021 13:27:51.533 CEST
14-Jun-2021 13:30:04 CEST  Closed file root://eoscms.cern.ch//eos/cms/store/mc/RunIISummer20ULPrePremix/Neutrino_E-10_gun/PREMIX/UL17_106X_mc2017_realistic_v6-v3/210018/D158786E-4518-3941-941E-BF280E128BA8.root
14-Jun-2021 13:30:04 CEST  Initiating request to open file root://eoscms.cern.ch//eos/cms/store/mc/RunIISummer20ULPrePremix/Neutrino_E-10_gun/PREMIX/UL17_106X_mc2017_realistic_v6-v3/210001/29BA63AA-7D57-4144-BBB2-64D963149F66.root
%MSG-w XrdAdaptor:  PreMixingModule:mixData 14-Jun-2021 13:30:06 CEST  Run: 1 Event: 454
Data is served from cern.ch instead of original site eoscms
%MSG
14-Jun-2021 13:30:06 CEST  Successfully opened file root://eoscms.cern.ch//eos/cms/store/mc/RunIISummer20ULPrePremix/Neutrino_E-10_gun/PREMIX/UL17_106X_mc2017_realistic_v6-v3/210001/29BA63AA-7D57-4144-BBB2-64D963149F66.root
Begin processing the 2nd record. Run 1, Event 451, LumiSection 10 on stream 0 at 14-Jun-2021 13:30:26.159 CEST
Begin processing the 3rd record. Run 1, Event 453, LumiSection 10 on stream 0 at 14-Jun-2021 13:30:29.737 CEST
Begin processing the 4th record. Run 1, Event 455, LumiSection 10 on stream 0 at 14-Jun-2021 13:30:32.564 CEST
Begin processing the 5th record. Run 1, Event 457, LumiSection 10 on stream 0 at 14-Jun-2021 13:30:35.400 CEST
Begin processing the 6th record. Run 1, Event 452, LumiSection 10 on stream 0 at 14-Jun-2021 13:30:38.365 CEST
Begin processing the 7th record. Run 1, Event 456, LumiSection 10 on stream 0 at 14-Jun-2021 13:30:42.883 CEST
Begin processing the 8th record. Run 1, Event 459, LumiSection 10 on stream 0 at 14-Jun-2021 13:30:46.602 CEST
Begin processing the 9th record. Run 1, Event 460, LumiSection 10 on stream 0 at 14-Jun-2021 13:30:50.506 CEST
Begin processing the 10th record. Run 1, Event 458, LumiSection 10 on stream 0 at 14-Jun-2021 13:30:54.274 CEST
Begin processing the 11th record. Run 1, Event 461, LumiSection 10 on stream 0 at 14-Jun-2021 13:30:58.643 CEST
Begin processing the 12th record. Run 1, Event 463, LumiSection 10 on stream 0 at 14-Jun-2021 13:31:02.168 CEST
Begin processing the 13th record. Run 1, Event 462, LumiSection 10 on stream 0 at 14-Jun-2021 13:31:05.881 CEST
Begin processing the 14th record. Run 1, Event 467, LumiSection 10 on stream 0 at 14-Jun-2021 13:31:09.757 CEST
Begin processing the 15th record. Run 1, Event 468, LumiSection 10 on stream 0 at 14-Jun-2021 13:31:13.198 CEST
Begin processing the 16th record. Run 1, Event 464, LumiSection 10 on stream 0 at 14-Jun-2021 13:31:17.000 CEST
Begin processing the 17th record. Run 1, Event 466, LumiSection 10 on stream 0 at 14-Jun-2021 13:31:21.189 CEST
Begin processing the 18th record. Run 1, Event 471, LumiSection 10 on stream 0 at 14-Jun-2021 13:31:25.789 CEST
Begin processing the 19th record. Run 1, Event 469, LumiSection 10 on stream 0 at 14-Jun-2021 13:31:29.314 CEST
Begin processing the 20th record. Run 1, Event 465, LumiSection 10 on stream 0 at 14-Jun-2021 13:31:32.757 CEST
Begin processing the 21st record. Run 1, Event 472, LumiSection 10 on stream 0 at 14-Jun-2021 13:31:36.624 CEST
Begin processing the 22nd record. Run 1, Event 470, LumiSection 10 on stream 0 at 14-Jun-2021 13:31:40.141 CEST
Begin processing the 23rd record. Run 1, Event 476, LumiSection 10 on stream 0 at 14-Jun-2021 13:31:43.811 CEST
Begin processing the 24th record. Run 1, Event 477, LumiSection 10 on stream 0 at 14-Jun-2021 13:31:46.814 CEST
Begin processing the 25th record. Run 1, Event 475, LumiSection 10 on stream 0 at 14-Jun-2021 13:31:49.937 CEST
Begin processing the 26th record. Run 1, Event 474, LumiSection 10 on stream 0 at 14-Jun-2021 13:31:53.388 CEST
Begin processing the 27th record. Run 1, Event 478, LumiSection 10 on stream 0 at 14-Jun-2021 13:31:57.125 CEST
Begin processing the 28th record. Run 1, Event 479, LumiSection 10 on stream 0 at 14-Jun-2021 13:32:00.548 CEST
Begin processing the 29th record. Run 1, Event 473, LumiSection 10 on stream 0 at 14-Jun-2021 13:32:03.933 CEST
Begin processing the 30th record. Run 1, Event 481, LumiSection 10 on stream 0 at 14-Jun-2021 13:32:07.747 CEST
Begin processing the 31st record. Run 1, Event 480, LumiSection 10 on stream 0 at 14-Jun-2021 13:32:11.054 CEST
Begin processing the 32nd record. Run 1, Event 483, LumiSection 10 on stream 0 at 14-Jun-2021 13:32:15.221 CEST
Begin processing the 33rd record. Run 1, Event 485, LumiSection 10 on stream 0 at 14-Jun-2021 13:32:18.786 CEST
Begin processing the 34th record. Run 1, Event 482, LumiSection 10 on stream 0 at 14-Jun-2021 13:32:22.066 CEST
Begin processing the 35th record. Run 1, Event 484, LumiSection 10 on stream 0 at 14-Jun-2021 13:32:25.536 CEST
Begin processing the 36th record. Run 1, Event 486, LumiSection 10 on stream 0 at 14-Jun-2021 13:32:30.033 CEST
Begin processing the 37th record. Run 1, Event 490, LumiSection 10 on stream 0 at 14-Jun-2021 13:32:34.537 CEST
Begin processing the 38th record. Run 1, Event 488, LumiSection 10 on stream 0 at 14-Jun-2021 13:32:38.330 CEST
Begin processing the 39th record. Run 1, Event 487, LumiSection 10 on stream 0 at 14-Jun-2021 13:32:41.554 CEST
Begin processing the 40th record. Run 1, Event 489, LumiSection 10 on stream 0 at 14-Jun-2021 13:32:45.158 CEST
Begin processing the 41st record. Run 1, Event 493, LumiSection 10 on stream 0 at 14-Jun-2021 13:32:50.161 CEST
Begin processing the 42nd record. Run 1, Event 492, LumiSection 10 on stream 0 at 14-Jun-2021 13:32:53.302 CEST
Begin processing the 43rd record. Run 1, Event 494, LumiSection 10 on stream 0 at 14-Jun-2021 13:32:55.998 CEST
Begin processing the 44th record. Run 1, Event 491, LumiSection 10 on stream 0 at 14-Jun-2021 13:32:58.843 CEST
Begin processing the 45th record. Run 1, Event 496, LumiSection 10 on stream 0 at 14-Jun-2021 13:33:02.600 CEST
Begin processing the 46th record. Run 1, Event 498, LumiSection 10 on stream 0 at 14-Jun-2021 13:33:06.352 CEST
Begin processing the 47th record. Run 1, Event 499, LumiSection 10 on stream 0 at 14-Jun-2021 13:33:09.440 CEST
Begin processing the 48th record. Run 1, Event 500, LumiSection 10 on stream 0 at 14-Jun-2021 13:33:12.731 CEST
Begin processing the 49th record. Run 1, Event 495, LumiSection 10 on stream 0 at 14-Jun-2021 13:33:15.845 CEST
Begin processing the 50th record. Run 1, Event 497, LumiSection 10 on stream 0 at 14-Jun-2021 13:33:19.567 CEST
14-Jun-2021 13:33:23 CEST  Closed file file:/eos/cms/store/user/tsarkar/SIM_Condor_output_Vector_MonoZLL_NLO_Mphi-500_Mchi-150_gSM-0p25_gDM-1p0_ctau100p0/step_SIM_2017UL_10.root
14-Jun-2021 13:33:24 CEST  Closed file root://eoscms.cern.ch//eos/cms/store/mc/RunIISummer20ULPrePremix/Neutrino_E-10_gun/PREMIX/UL17_106X_mc2017_realistic_v6-v3/210001/29BA63AA-7D57-4144-BBB2-64D963149F66.root

=============================================

MessageLogger Summary

 type     category        sev    module        subroutine        count    total
 ---- -------------------- -- ---------------- ----------------  -----    -----
    1 XrdAdaptor           -w PreMixingModule:                       1        1
    2 XrdAdaptor           -w PreMixingModule:                       1        1
    3 fileAction           -s PreMixingModule:                       3        3
    4 fileAction           -s PreMixingModule:                       2        2
    5 fileAction           -s PreMixingModule:                       1        1
    6 fileAction           -s file_close                             1        1
    7 fileAction           -s file_open                              2        2

 type    category    Examples: run/evt        run/evt          run/evt
 ---- -------------------- ---------------- ---------------- ----------------
    1 XrdAdaptor           1/454                             
    2 XrdAdaptor           pre-events                        
    3 fileAction           1/454            1/454            1/454
    4 fileAction           pre-events       pre-events       
    5 fileAction           PostGlobalEndRun                  
    6 fileAction           PostGlobalEndRun                  
    7 fileAction           pre-events       pre-events       

Severity    # Occurrences   Total Occurrences
--------    -------------   -----------------
Warning                 2                   2
System                  9                   9

dropped waiting message count 0
