14-Jun-2021 13:27:45 CEST  Initiating request to open file file:/eos/cms/store/user/tsarkar/SIM_Condor_output_Vector_MonoZLL_NLO_Mphi-500_Mchi-150_gSM-0p25_gDM-1p0_ctau100p0/step_SIM_2017UL_8.root
14-Jun-2021 13:27:48 CEST  Successfully opened file file:/eos/cms/store/user/tsarkar/SIM_Condor_output_Vector_MonoZLL_NLO_Mphi-500_Mchi-150_gSM-0p25_gDM-1p0_ctau100p0/step_SIM_2017UL_8.root
14-Jun-2021 13:27:54 CEST  Initiating request to open file root://eoscms.cern.ch//eos/cms/store/mc/RunIISummer20ULPrePremix/Neutrino_E-10_gun/PREMIX/UL17_106X_mc2017_realistic_v6-v3/210010/EA12CDB3-FA68-5348-AB82-64CA2E94ED18.root
%MSG-w XrdAdaptor:  PreMixingModule:mixData@ctor 14-Jun-2021 13:27:56 CEST  pre-events
Data is served from cern.ch instead of original site eoscms
%MSG
14-Jun-2021 13:27:56 CEST  Successfully opened file root://eoscms.cern.ch//eos/cms/store/mc/RunIISummer20ULPrePremix/Neutrino_E-10_gun/PREMIX/UL17_106X_mc2017_realistic_v6-v3/210010/EA12CDB3-FA68-5348-AB82-64CA2E94ED18.root
Begin processing the 1st record. Run 1, Event 353, LumiSection 8 on stream 0 at 14-Jun-2021 13:28:17.679 CEST
14-Jun-2021 13:30:52 CEST  Closed file root://eoscms.cern.ch//eos/cms/store/mc/RunIISummer20ULPrePremix/Neutrino_E-10_gun/PREMIX/UL17_106X_mc2017_realistic_v6-v3/210010/EA12CDB3-FA68-5348-AB82-64CA2E94ED18.root
14-Jun-2021 13:30:52 CEST  Initiating request to open file root://eoscms.cern.ch//eos/cms/store/mc/RunIISummer20ULPrePremix/Neutrino_E-10_gun/PREMIX/UL17_106X_mc2017_realistic_v6-v3/210017/7451A6AA-B70E-DF4B-BE4C-167BC6E9FDE0.root
%MSG-w XrdAdaptor:  PreMixingModule:mixData 14-Jun-2021 13:30:54 CEST  Run: 1 Event: 353
Data is served from cern.ch instead of original site eoscms
%MSG
14-Jun-2021 13:30:54 CEST  Successfully opened file root://eoscms.cern.ch//eos/cms/store/mc/RunIISummer20ULPrePremix/Neutrino_E-10_gun/PREMIX/UL17_106X_mc2017_realistic_v6-v3/210017/7451A6AA-B70E-DF4B-BE4C-167BC6E9FDE0.root
Begin processing the 2nd record. Run 1, Event 354, LumiSection 8 on stream 0 at 14-Jun-2021 13:31:09.138 CEST
Begin processing the 3rd record. Run 1, Event 352, LumiSection 8 on stream 0 at 14-Jun-2021 13:31:12.286 CEST
Begin processing the 4th record. Run 1, Event 351, LumiSection 8 on stream 0 at 14-Jun-2021 13:31:16.273 CEST
Begin processing the 5th record. Run 1, Event 356, LumiSection 8 on stream 0 at 14-Jun-2021 13:31:20.327 CEST
Begin processing the 6th record. Run 1, Event 357, LumiSection 8 on stream 0 at 14-Jun-2021 13:31:23.943 CEST
Begin processing the 7th record. Run 1, Event 355, LumiSection 8 on stream 0 at 14-Jun-2021 13:31:27.646 CEST
Begin processing the 8th record. Run 1, Event 358, LumiSection 8 on stream 0 at 14-Jun-2021 13:31:31.060 CEST
Begin processing the 9th record. Run 1, Event 360, LumiSection 8 on stream 0 at 14-Jun-2021 13:31:35.586 CEST
Begin processing the 10th record. Run 1, Event 361, LumiSection 8 on stream 0 at 14-Jun-2021 13:31:39.744 CEST
Begin processing the 11th record. Run 1, Event 359, LumiSection 8 on stream 0 at 14-Jun-2021 13:31:43.478 CEST
Begin processing the 12th record. Run 1, Event 362, LumiSection 8 on stream 0 at 14-Jun-2021 13:31:47.581 CEST
Begin processing the 13th record. Run 1, Event 364, LumiSection 8 on stream 0 at 14-Jun-2021 13:31:51.622 CEST
Begin processing the 14th record. Run 1, Event 363, LumiSection 8 on stream 0 at 14-Jun-2021 13:31:54.755 CEST
Begin processing the 15th record. Run 1, Event 367, LumiSection 8 on stream 0 at 14-Jun-2021 13:31:58.533 CEST
Begin processing the 16th record. Run 1, Event 365, LumiSection 8 on stream 0 at 14-Jun-2021 13:32:02.094 CEST
Begin processing the 17th record. Run 1, Event 369, LumiSection 8 on stream 0 at 14-Jun-2021 13:32:05.939 CEST
Begin processing the 18th record. Run 1, Event 366, LumiSection 8 on stream 0 at 14-Jun-2021 13:32:09.913 CEST
Begin processing the 19th record. Run 1, Event 368, LumiSection 8 on stream 0 at 14-Jun-2021 13:32:13.935 CEST
Begin processing the 20th record. Run 1, Event 371, LumiSection 8 on stream 0 at 14-Jun-2021 13:32:18.741 CEST
Begin processing the 21st record. Run 1, Event 370, LumiSection 8 on stream 0 at 14-Jun-2021 13:32:21.913 CEST
Begin processing the 22nd record. Run 1, Event 375, LumiSection 8 on stream 0 at 14-Jun-2021 13:32:25.617 CEST
Begin processing the 23rd record. Run 1, Event 373, LumiSection 8 on stream 0 at 14-Jun-2021 13:32:29.372 CEST
Begin processing the 24th record. Run 1, Event 372, LumiSection 8 on stream 0 at 14-Jun-2021 13:32:33.576 CEST
Begin processing the 25th record. Run 1, Event 374, LumiSection 8 on stream 0 at 14-Jun-2021 13:32:37.780 CEST
Begin processing the 26th record. Run 1, Event 378, LumiSection 8 on stream 0 at 14-Jun-2021 13:32:42.607 CEST
Begin processing the 27th record. Run 1, Event 376, LumiSection 8 on stream 0 at 14-Jun-2021 13:32:46.640 CEST
Begin processing the 28th record. Run 1, Event 377, LumiSection 8 on stream 0 at 14-Jun-2021 13:32:50.435 CEST
Begin processing the 29th record. Run 1, Event 381, LumiSection 8 on stream 0 at 14-Jun-2021 13:32:54.465 CEST
Begin processing the 30th record. Run 1, Event 379, LumiSection 8 on stream 0 at 14-Jun-2021 13:32:58.483 CEST
Begin processing the 31st record. Run 1, Event 380, LumiSection 8 on stream 0 at 14-Jun-2021 13:33:03.000 CEST
Begin processing the 32nd record. Run 1, Event 384, LumiSection 8 on stream 0 at 14-Jun-2021 13:33:06.952 CEST
Begin processing the 33rd record. Run 1, Event 385, LumiSection 8 on stream 0 at 14-Jun-2021 13:33:10.752 CEST
Begin processing the 34th record. Run 1, Event 382, LumiSection 8 on stream 0 at 14-Jun-2021 13:33:14.179 CEST
Begin processing the 35th record. Run 1, Event 383, LumiSection 8 on stream 0 at 14-Jun-2021 13:33:19.371 CEST
Begin processing the 36th record. Run 1, Event 386, LumiSection 8 on stream 0 at 14-Jun-2021 13:33:24.568 CEST
Begin processing the 37th record. Run 1, Event 387, LumiSection 8 on stream 0 at 14-Jun-2021 13:33:29.085 CEST
Begin processing the 38th record. Run 1, Event 389, LumiSection 8 on stream 0 at 14-Jun-2021 13:33:32.079 CEST
Begin processing the 39th record. Run 1, Event 391, LumiSection 8 on stream 0 at 14-Jun-2021 13:33:38.676 CEST
Begin processing the 40th record. Run 1, Event 388, LumiSection 8 on stream 0 at 14-Jun-2021 13:33:42.852 CEST
Begin processing the 41st record. Run 1, Event 392, LumiSection 8 on stream 0 at 14-Jun-2021 13:33:47.856 CEST
Begin processing the 42nd record. Run 1, Event 390, LumiSection 8 on stream 0 at 14-Jun-2021 13:33:51.388 CEST
Begin processing the 43rd record. Run 1, Event 393, LumiSection 8 on stream 0 at 14-Jun-2021 13:33:55.408 CEST
Begin processing the 44th record. Run 1, Event 395, LumiSection 8 on stream 0 at 14-Jun-2021 13:33:59.458 CEST
Begin processing the 45th record. Run 1, Event 397, LumiSection 8 on stream 0 at 14-Jun-2021 13:34:03.686 CEST
Begin processing the 46th record. Run 1, Event 396, LumiSection 8 on stream 0 at 14-Jun-2021 13:34:07.132 CEST
Begin processing the 47th record. Run 1, Event 394, LumiSection 8 on stream 0 at 14-Jun-2021 13:34:11.986 CEST
Begin processing the 48th record. Run 1, Event 399, LumiSection 8 on stream 0 at 14-Jun-2021 13:34:16.530 CEST
Begin processing the 49th record. Run 1, Event 398, LumiSection 8 on stream 0 at 14-Jun-2021 13:34:20.654 CEST
Begin processing the 50th record. Run 1, Event 400, LumiSection 8 on stream 0 at 14-Jun-2021 13:34:25.013 CEST
14-Jun-2021 13:34:28 CEST  Closed file file:/eos/cms/store/user/tsarkar/SIM_Condor_output_Vector_MonoZLL_NLO_Mphi-500_Mchi-150_gSM-0p25_gDM-1p0_ctau100p0/step_SIM_2017UL_8.root
14-Jun-2021 13:34:29 CEST  Closed file root://eoscms.cern.ch//eos/cms/store/mc/RunIISummer20ULPrePremix/Neutrino_E-10_gun/PREMIX/UL17_106X_mc2017_realistic_v6-v3/210017/7451A6AA-B70E-DF4B-BE4C-167BC6E9FDE0.root

=============================================

MessageLogger Summary

 type     category        sev    module        subroutine        count    total
 ---- -------------------- -- ---------------- ----------------  -----    -----
    1 XrdAdaptor           -w PreMixingModule:                       1        1
    2 XrdAdaptor           -w PreMixingModule:                       1        1
    3 fileAction           -s PreMixingModule:                       3        3
    4 fileAction           -s PreMixingModule:                       2        2
    5 fileAction           -s PreMixingModule:                       1        1
    6 fileAction           -s file_close                             1        1
    7 fileAction           -s file_open                              2        2

 type    category    Examples: run/evt        run/evt          run/evt
 ---- -------------------- ---------------- ---------------- ----------------
    1 XrdAdaptor           1/353                             
    2 XrdAdaptor           pre-events                        
    3 fileAction           1/353            1/353            1/353
    4 fileAction           pre-events       pre-events       
    5 fileAction           PostGlobalEndRun                  
    6 fileAction           PostGlobalEndRun                  
    7 fileAction           pre-events       pre-events       

Severity    # Occurrences   Total Occurrences
--------    -------------   -----------------
Warning                 2                   2
System                  9                   9

dropped waiting message count 0
