14-Jun-2021 13:27:31 CEST  Initiating request to open file file:/eos/cms/store/user/tsarkar/SIM_Condor_output_Vector_MonoZLL_NLO_Mphi-500_Mchi-150_gSM-0p25_gDM-1p0_ctau100p0/step_SIM_2017UL_18.root
14-Jun-2021 13:27:33 CEST  Successfully opened file file:/eos/cms/store/user/tsarkar/SIM_Condor_output_Vector_MonoZLL_NLO_Mphi-500_Mchi-150_gSM-0p25_gDM-1p0_ctau100p0/step_SIM_2017UL_18.root
14-Jun-2021 13:27:38 CEST  Initiating request to open file root://eoscms.cern.ch//eos/cms/store/mc/RunIISummer20ULPrePremix/Neutrino_E-10_gun/PREMIX/UL17_106X_mc2017_realistic_v6-v3/210005/223E4B8C-35A7-E44F-966D-588921CCA7B7.root
%MSG-w XrdAdaptor:  PreMixingModule:mixData@ctor 14-Jun-2021 13:27:40 CEST  pre-events
Data is served from cern.ch instead of original site eoscms
%MSG
14-Jun-2021 13:27:40 CEST  Successfully opened file root://eoscms.cern.ch//eos/cms/store/mc/RunIISummer20ULPrePremix/Neutrino_E-10_gun/PREMIX/UL17_106X_mc2017_realistic_v6-v3/210005/223E4B8C-35A7-E44F-966D-588921CCA7B7.root
Begin processing the 1st record. Run 1, Event 854, LumiSection 18 on stream 0 at 14-Jun-2021 13:28:01.755 CEST
14-Jun-2021 13:30:29 CEST  Closed file root://eoscms.cern.ch//eos/cms/store/mc/RunIISummer20ULPrePremix/Neutrino_E-10_gun/PREMIX/UL17_106X_mc2017_realistic_v6-v3/210005/223E4B8C-35A7-E44F-966D-588921CCA7B7.root
14-Jun-2021 13:30:29 CEST  Initiating request to open file root://eoscms.cern.ch//eos/cms/store/mc/RunIISummer20ULPrePremix/Neutrino_E-10_gun/PREMIX/UL17_106X_mc2017_realistic_v6-v3/210008/1150DE61-D5F8-DD4B-BAD4-358CB4F1245A.root
%MSG-w XrdAdaptor:  PreMixingModule:mixData 14-Jun-2021 13:30:31 CEST  Run: 1 Event: 854
Data is served from cern.ch instead of original site eoscms
%MSG
14-Jun-2021 13:30:31 CEST  Successfully opened file root://eoscms.cern.ch//eos/cms/store/mc/RunIISummer20ULPrePremix/Neutrino_E-10_gun/PREMIX/UL17_106X_mc2017_realistic_v6-v3/210008/1150DE61-D5F8-DD4B-BAD4-358CB4F1245A.root
Begin processing the 2nd record. Run 1, Event 853, LumiSection 18 on stream 0 at 14-Jun-2021 13:30:42.973 CEST
Begin processing the 3rd record. Run 1, Event 852, LumiSection 18 on stream 0 at 14-Jun-2021 13:30:47.134 CEST
Begin processing the 4th record. Run 1, Event 851, LumiSection 18 on stream 0 at 14-Jun-2021 13:30:50.211 CEST
Begin processing the 5th record. Run 1, Event 855, LumiSection 18 on stream 0 at 14-Jun-2021 13:30:54.393 CEST
Begin processing the 6th record. Run 1, Event 857, LumiSection 18 on stream 0 at 14-Jun-2021 13:30:59.187 CEST
Begin processing the 7th record. Run 1, Event 858, LumiSection 18 on stream 0 at 14-Jun-2021 13:31:03.835 CEST
Begin processing the 8th record. Run 1, Event 856, LumiSection 18 on stream 0 at 14-Jun-2021 13:31:08.811 CEST
Begin processing the 9th record. Run 1, Event 859, LumiSection 18 on stream 0 at 14-Jun-2021 13:31:13.656 CEST
Begin processing the 10th record. Run 1, Event 861, LumiSection 18 on stream 0 at 14-Jun-2021 13:31:18.082 CEST
Begin processing the 11th record. Run 1, Event 860, LumiSection 18 on stream 0 at 14-Jun-2021 13:31:22.054 CEST
Begin processing the 12th record. Run 1, Event 862, LumiSection 18 on stream 0 at 14-Jun-2021 13:31:26.354 CEST
Begin processing the 13th record. Run 1, Event 865, LumiSection 18 on stream 0 at 14-Jun-2021 13:31:30.048 CEST
Begin processing the 14th record. Run 1, Event 863, LumiSection 18 on stream 0 at 14-Jun-2021 13:31:33.447 CEST
Begin processing the 15th record. Run 1, Event 864, LumiSection 18 on stream 0 at 14-Jun-2021 13:31:37.703 CEST
Begin processing the 16th record. Run 1, Event 867, LumiSection 18 on stream 0 at 14-Jun-2021 13:31:42.277 CEST
Begin processing the 17th record. Run 1, Event 866, LumiSection 18 on stream 0 at 14-Jun-2021 13:31:46.379 CEST
Begin processing the 18th record. Run 1, Event 868, LumiSection 18 on stream 0 at 14-Jun-2021 13:31:50.418 CEST
Begin processing the 19th record. Run 1, Event 869, LumiSection 18 on stream 0 at 14-Jun-2021 13:31:54.248 CEST
Begin processing the 20th record. Run 1, Event 872, LumiSection 18 on stream 0 at 14-Jun-2021 13:31:58.668 CEST
Begin processing the 21st record. Run 1, Event 870, LumiSection 18 on stream 0 at 14-Jun-2021 13:32:02.192 CEST
Begin processing the 22nd record. Run 1, Event 871, LumiSection 18 on stream 0 at 14-Jun-2021 13:32:06.337 CEST
Begin processing the 23rd record. Run 1, Event 875, LumiSection 18 on stream 0 at 14-Jun-2021 13:32:10.501 CEST
Begin processing the 24th record. Run 1, Event 873, LumiSection 18 on stream 0 at 14-Jun-2021 13:32:13.870 CEST
Begin processing the 25th record. Run 1, Event 876, LumiSection 18 on stream 0 at 14-Jun-2021 13:32:18.479 CEST
Begin processing the 26th record. Run 1, Event 877, LumiSection 18 on stream 0 at 14-Jun-2021 13:32:22.217 CEST
Begin processing the 27th record. Run 1, Event 874, LumiSection 18 on stream 0 at 14-Jun-2021 13:32:25.712 CEST
Begin processing the 28th record. Run 1, Event 878, LumiSection 18 on stream 0 at 14-Jun-2021 13:32:29.791 CEST
Begin processing the 29th record. Run 1, Event 880, LumiSection 18 on stream 0 at 14-Jun-2021 13:32:32.810 CEST
Begin processing the 30th record. Run 1, Event 881, LumiSection 18 on stream 0 at 14-Jun-2021 13:32:37.003 CEST
Begin processing the 31st record. Run 1, Event 879, LumiSection 18 on stream 0 at 14-Jun-2021 13:32:40.166 CEST
Begin processing the 32nd record. Run 1, Event 883, LumiSection 18 on stream 0 at 14-Jun-2021 13:32:46.159 CEST
Begin processing the 33rd record. Run 1, Event 886, LumiSection 18 on stream 0 at 14-Jun-2021 13:32:50.070 CEST
Begin processing the 34th record. Run 1, Event 882, LumiSection 18 on stream 0 at 14-Jun-2021 13:32:54.312 CEST
Begin processing the 35th record. Run 1, Event 884, LumiSection 18 on stream 0 at 14-Jun-2021 13:32:58.606 CEST
Begin processing the 36th record. Run 1, Event 888, LumiSection 18 on stream 0 at 14-Jun-2021 13:33:02.904 CEST
Begin processing the 37th record. Run 1, Event 890, LumiSection 18 on stream 0 at 14-Jun-2021 13:33:07.661 CEST
Begin processing the 38th record. Run 1, Event 887, LumiSection 18 on stream 0 at 14-Jun-2021 13:33:10.564 CEST
Begin processing the 39th record. Run 1, Event 885, LumiSection 18 on stream 0 at 14-Jun-2021 13:33:14.193 CEST
Begin processing the 40th record. Run 1, Event 891, LumiSection 18 on stream 0 at 14-Jun-2021 13:33:18.516 CEST
Begin processing the 41st record. Run 1, Event 893, LumiSection 18 on stream 0 at 14-Jun-2021 13:33:22.512 CEST
Begin processing the 42nd record. Run 1, Event 889, LumiSection 18 on stream 0 at 14-Jun-2021 13:33:26.341 CEST
Begin processing the 43rd record. Run 1, Event 892, LumiSection 18 on stream 0 at 14-Jun-2021 13:33:30.456 CEST
Begin processing the 44th record. Run 1, Event 894, LumiSection 18 on stream 0 at 14-Jun-2021 13:33:34.847 CEST
Begin processing the 45th record. Run 1, Event 897, LumiSection 18 on stream 0 at 14-Jun-2021 13:33:38.033 CEST
Begin processing the 46th record. Run 1, Event 895, LumiSection 18 on stream 0 at 14-Jun-2021 13:33:41.037 CEST
Begin processing the 47th record. Run 1, Event 898, LumiSection 18 on stream 0 at 14-Jun-2021 13:33:44.235 CEST
Begin processing the 48th record. Run 1, Event 896, LumiSection 18 on stream 0 at 14-Jun-2021 13:33:48.345 CEST
Begin processing the 49th record. Run 1, Event 899, LumiSection 18 on stream 0 at 14-Jun-2021 13:33:51.966 CEST
Begin processing the 50th record. Run 1, Event 900, LumiSection 18 on stream 0 at 14-Jun-2021 13:33:55.774 CEST
14-Jun-2021 13:34:00 CEST  Closed file file:/eos/cms/store/user/tsarkar/SIM_Condor_output_Vector_MonoZLL_NLO_Mphi-500_Mchi-150_gSM-0p25_gDM-1p0_ctau100p0/step_SIM_2017UL_18.root
14-Jun-2021 13:34:00 CEST  Closed file root://eoscms.cern.ch//eos/cms/store/mc/RunIISummer20ULPrePremix/Neutrino_E-10_gun/PREMIX/UL17_106X_mc2017_realistic_v6-v3/210008/1150DE61-D5F8-DD4B-BAD4-358CB4F1245A.root

=============================================

MessageLogger Summary

 type     category        sev    module        subroutine        count    total
 ---- -------------------- -- ---------------- ----------------  -----    -----
    1 XrdAdaptor           -w PreMixingModule:                       1        1
    2 XrdAdaptor           -w PreMixingModule:                       1        1
    3 fileAction           -s PreMixingModule:                       3        3
    4 fileAction           -s PreMixingModule:                       2        2
    5 fileAction           -s PreMixingModule:                       1        1
    6 fileAction           -s file_close                             1        1
    7 fileAction           -s file_open                              2        2

 type    category    Examples: run/evt        run/evt          run/evt
 ---- -------------------- ---------------- ---------------- ----------------
    1 XrdAdaptor           1/854                             
    2 XrdAdaptor           pre-events                        
    3 fileAction           1/854            1/854            1/854
    4 fileAction           pre-events       pre-events       
    5 fileAction           PostGlobalEndRun                  
    6 fileAction           PostGlobalEndRun                  
    7 fileAction           pre-events       pre-events       

Severity    # Occurrences   Total Occurrences
--------    -------------   -----------------
Warning                 2                   2
System                  9                   9

dropped waiting message count 0
