000 (7309440.000.000) 06/14 11:27:21 Job submitted from host: <137.138.44.75:9618?addrs=137.138.44.75-9618+[2001-1458-d00-1a--b]-9618&alias=bigbird14.cern.ch&noUDP&sock=schedd_3149486_02ef>
...
040 (7309440.000.000) 06/14 13:27:11 Started transferring input files
	Transferring to host: <188.184.139.254:9618?addrs=188.184.139.254-9618+[2001-1458-301-45--100-3a8]-9618&alias=b7g42n3739.cern.ch&noUDP&sock=slot1_1_16488_0998_37353>
...
040 (7309440.000.000) 06/14 13:27:11 Finished transferring input files
...
001 (7309440.000.000) 06/14 13:27:12 Job executing on host: <188.184.139.254:9618?addrs=188.184.139.254-9618+[2001-1458-301-45--100-3a8]-9618&alias=b7g42n3739.cern.ch&noUDP&sock=startd_16347_42c3>
...
006 (7309440.000.000) 06/14 13:27:20 Image size of job updated: 45120
	30  -  MemoryUsage of job (MB)
	30656  -  ResidentSetSize of job (KB)
...
006 (7309440.000.000) 06/14 13:32:20 Image size of job updated: 3000896
	1788  -  MemoryUsage of job (MB)
	1829988  -  ResidentSetSize of job (KB)
...
006 (7309440.000.000) 06/14 13:34:37 Image size of job updated: 3000908
	1788  -  MemoryUsage of job (MB)
	1829988  -  ResidentSetSize of job (KB)
...
040 (7309440.000.000) 06/14 13:34:37 Started transferring output files
...
040 (7309440.000.000) 06/14 13:34:37 Finished transferring output files
...
005 (7309440.000.000) 06/14 13:34:37 Job terminated.
	(1) Normal termination (return value 0)
		Usr 0 00:05:17, Sys 0 00:00:07  -  Run Remote Usage
		Usr 0 00:00:00, Sys 0 00:00:00  -  Run Local Usage
		Usr 0 00:05:17, Sys 0 00:00:07  -  Total Remote Usage
		Usr 0 00:00:00, Sys 0 00:00:00  -  Total Local Usage
	15154  -  Run Bytes Sent By Job
	445  -  Run Bytes Received By Job
	15154  -  Total Bytes Sent By Job
	445  -  Total Bytes Received By Job
	Partitionable Resources :    Usage  Request Allocated 
	   Cpus                 :                 1         1 
	   Disk (KB)            :       28        1    360535 
	   Memory (MB)          :     1788     2000      2000 

	Job terminated of its own accord at 2021-06-14T11:34:37Z.
...
