000 (7309436.000.000) 06/14 11:27:12 Job submitted from host: <137.138.44.75:9618?addrs=137.138.44.75-9618+[2001-1458-d00-1a--b]-9618&alias=bigbird14.cern.ch&noUDP&sock=schedd_3149486_02ef>
...
040 (7309436.000.000) 06/14 13:27:08 Started transferring input files
	Transferring to host: <188.184.139.25:9618?addrs=188.184.139.25-9618+[2001-1458-301-45--100-129]-9618&alias=b7g42n0768.cern.ch&noUDP&sock=slot1_3_4934_3302_24944>
...
040 (7309436.000.000) 06/14 13:27:08 Finished transferring input files
...
001 (7309436.000.000) 06/14 13:27:09 Job executing on host: <188.184.139.25:9618?addrs=188.184.139.25-9618+[2001-1458-301-45--100-129]-9618&alias=b7g42n0768.cern.ch&noUDP&sock=startd_3790_3407>
...
006 (7309436.000.000) 06/14 13:27:17 Image size of job updated: 289284
	44  -  MemoryUsage of job (MB)
	44824  -  ResidentSetSize of job (KB)
...
006 (7309436.000.000) 06/14 13:32:17 Image size of job updated: 3000896
	1726  -  MemoryUsage of job (MB)
	1767272  -  ResidentSetSize of job (KB)
...
040 (7309436.000.000) 06/14 13:32:30 Started transferring output files
...
040 (7309436.000.000) 06/14 13:32:30 Finished transferring output files
...
005 (7309436.000.000) 06/14 13:32:30 Job terminated.
	(1) Normal termination (return value 0)
		Usr 0 00:04:23, Sys 0 00:00:07  -  Run Remote Usage
		Usr 0 00:00:00, Sys 0 00:00:00  -  Run Local Usage
		Usr 0 00:04:23, Sys 0 00:00:07  -  Total Remote Usage
		Usr 0 00:00:00, Sys 0 00:00:00  -  Total Local Usage
	15390  -  Run Bytes Sent By Job
	445  -  Run Bytes Received By Job
	15390  -  Total Bytes Sent By Job
	445  -  Total Bytes Received By Job
	Partitionable Resources :    Usage  Request Allocated 
	   Cpus                 :     0.97        1         1 
	   Disk (KB)            :    36           1    349379 
	   Memory (MB)          :  1726        2000      2000 

	Job terminated of its own accord at 2021-06-14T11:32:30Z.
...
