14-Jun-2021 13:27:17 CEST  Initiating request to open file file:/eos/cms/store/user/tsarkar/SIM_Condor_output_Vector_MonoZLL_NLO_Mphi-500_Mchi-150_gSM-0p25_gDM-1p0_ctau100p0/step_SIM_2017UL_1.root
14-Jun-2021 13:27:21 CEST  Successfully opened file file:/eos/cms/store/user/tsarkar/SIM_Condor_output_Vector_MonoZLL_NLO_Mphi-500_Mchi-150_gSM-0p25_gDM-1p0_ctau100p0/step_SIM_2017UL_1.root
14-Jun-2021 13:27:25 CEST  Initiating request to open file root://eoscms.cern.ch//eos/cms/store/mc/RunIISummer20ULPrePremix/Neutrino_E-10_gun/PREMIX/UL17_106X_mc2017_realistic_v6-v3/00001/80ABC7E4-FD2F-4A42-B492-E68F9A6A2D52.root
%MSG-w XrdAdaptor:  PreMixingModule:mixData@ctor 14-Jun-2021 13:27:27 CEST  pre-events
Data is served from cern.ch instead of original site eoscms
%MSG
14-Jun-2021 13:27:27 CEST  Successfully opened file root://eoscms.cern.ch//eos/cms/store/mc/RunIISummer20ULPrePremix/Neutrino_E-10_gun/PREMIX/UL17_106X_mc2017_realistic_v6-v3/00001/80ABC7E4-FD2F-4A42-B492-E68F9A6A2D52.root
Begin processing the 1st record. Run 1, Event 1, LumiSection 1 on stream 0 at 14-Jun-2021 13:27:42.260 CEST
14-Jun-2021 13:29:38 CEST  Closed file root://eoscms.cern.ch//eos/cms/store/mc/RunIISummer20ULPrePremix/Neutrino_E-10_gun/PREMIX/UL17_106X_mc2017_realistic_v6-v3/00001/80ABC7E4-FD2F-4A42-B492-E68F9A6A2D52.root
14-Jun-2021 13:29:38 CEST  Initiating request to open file root://eoscms.cern.ch//eos/cms/store/mc/RunIISummer20ULPrePremix/Neutrino_E-10_gun/PREMIX/UL17_106X_mc2017_realistic_v6-v3/210007/8A647E5C-8D7B-194E-9749-694C2C1F0831.root
%MSG-w XrdAdaptor:  PreMixingModule:mixData 14-Jun-2021 13:29:40 CEST  Run: 1 Event: 1
Data is served from cern.ch instead of original site eoscms
%MSG
14-Jun-2021 13:29:40 CEST  Successfully opened file root://eoscms.cern.ch//eos/cms/store/mc/RunIISummer20ULPrePremix/Neutrino_E-10_gun/PREMIX/UL17_106X_mc2017_realistic_v6-v3/210007/8A647E5C-8D7B-194E-9749-694C2C1F0831.root
Begin processing the 2nd record. Run 1, Event 4, LumiSection 1 on stream 0 at 14-Jun-2021 13:29:51.032 CEST
Begin processing the 3rd record. Run 1, Event 6, LumiSection 1 on stream 0 at 14-Jun-2021 13:29:54.321 CEST
Begin processing the 4th record. Run 1, Event 3, LumiSection 1 on stream 0 at 14-Jun-2021 13:29:58.418 CEST
Begin processing the 5th record. Run 1, Event 5, LumiSection 1 on stream 0 at 14-Jun-2021 13:30:01.561 CEST
Begin processing the 6th record. Run 1, Event 2, LumiSection 1 on stream 0 at 14-Jun-2021 13:30:05.170 CEST
Begin processing the 7th record. Run 1, Event 7, LumiSection 1 on stream 0 at 14-Jun-2021 13:30:08.381 CEST
Begin processing the 8th record. Run 1, Event 9, LumiSection 1 on stream 0 at 14-Jun-2021 13:30:12.110 CEST
Begin processing the 9th record. Run 1, Event 10, LumiSection 1 on stream 0 at 14-Jun-2021 13:30:14.944 CEST
Begin processing the 10th record. Run 1, Event 12, LumiSection 1 on stream 0 at 14-Jun-2021 13:30:19.123 CEST
Begin processing the 11th record. Run 1, Event 8, LumiSection 1 on stream 0 at 14-Jun-2021 13:30:21.843 CEST
Begin processing the 12th record. Run 1, Event 11, LumiSection 1 on stream 0 at 14-Jun-2021 13:30:25.370 CEST
Begin processing the 13th record. Run 1, Event 14, LumiSection 1 on stream 0 at 14-Jun-2021 13:30:28.236 CEST
Begin processing the 14th record. Run 1, Event 15, LumiSection 1 on stream 0 at 14-Jun-2021 13:30:31.528 CEST
Begin processing the 15th record. Run 1, Event 13, LumiSection 1 on stream 0 at 14-Jun-2021 13:30:34.570 CEST
Begin processing the 16th record. Run 1, Event 18, LumiSection 1 on stream 0 at 14-Jun-2021 13:30:38.319 CEST
Begin processing the 17th record. Run 1, Event 16, LumiSection 1 on stream 0 at 14-Jun-2021 13:30:41.386 CEST
Begin processing the 18th record. Run 1, Event 19, LumiSection 1 on stream 0 at 14-Jun-2021 13:30:44.808 CEST
Begin processing the 19th record. Run 1, Event 17, LumiSection 1 on stream 0 at 14-Jun-2021 13:30:47.856 CEST
Begin processing the 20th record. Run 1, Event 20, LumiSection 1 on stream 0 at 14-Jun-2021 13:30:51.310 CEST
Begin processing the 21st record. Run 1, Event 22, LumiSection 1 on stream 0 at 14-Jun-2021 13:30:54.964 CEST
Begin processing the 22nd record. Run 1, Event 21, LumiSection 1 on stream 0 at 14-Jun-2021 13:30:58.682 CEST
Begin processing the 23rd record. Run 1, Event 24, LumiSection 1 on stream 0 at 14-Jun-2021 13:31:02.164 CEST
Begin processing the 24th record. Run 1, Event 23, LumiSection 1 on stream 0 at 14-Jun-2021 13:31:05.547 CEST
Begin processing the 25th record. Run 1, Event 26, LumiSection 1 on stream 0 at 14-Jun-2021 13:31:09.210 CEST
Begin processing the 26th record. Run 1, Event 25, LumiSection 1 on stream 0 at 14-Jun-2021 13:31:12.697 CEST
Begin processing the 27th record. Run 1, Event 27, LumiSection 1 on stream 0 at 14-Jun-2021 13:31:16.595 CEST
Begin processing the 28th record. Run 1, Event 28, LumiSection 1 on stream 0 at 14-Jun-2021 13:31:19.225 CEST
Begin processing the 29th record. Run 1, Event 29, LumiSection 1 on stream 0 at 14-Jun-2021 13:31:22.800 CEST
Begin processing the 30th record. Run 1, Event 30, LumiSection 1 on stream 0 at 14-Jun-2021 13:31:26.144 CEST
Begin processing the 31st record. Run 1, Event 33, LumiSection 1 on stream 0 at 14-Jun-2021 13:31:29.080 CEST
Begin processing the 32nd record. Run 1, Event 31, LumiSection 1 on stream 0 at 14-Jun-2021 13:31:32.447 CEST
Begin processing the 33rd record. Run 1, Event 32, LumiSection 1 on stream 0 at 14-Jun-2021 13:31:36.010 CEST
Begin processing the 34th record. Run 1, Event 34, LumiSection 1 on stream 0 at 14-Jun-2021 13:31:39.788 CEST
Begin processing the 35th record. Run 1, Event 35, LumiSection 1 on stream 0 at 14-Jun-2021 13:31:43.508 CEST
Begin processing the 36th record. Run 1, Event 37, LumiSection 1 on stream 0 at 14-Jun-2021 13:31:47.682 CEST
Begin processing the 37th record. Run 1, Event 36, LumiSection 1 on stream 0 at 14-Jun-2021 13:31:51.939 CEST
Begin processing the 38th record. Run 1, Event 38, LumiSection 1 on stream 0 at 14-Jun-2021 13:31:54.668 CEST
Begin processing the 39th record. Run 1, Event 39, LumiSection 1 on stream 0 at 14-Jun-2021 13:31:58.054 CEST
Begin processing the 40th record. Run 1, Event 41, LumiSection 1 on stream 0 at 14-Jun-2021 13:32:02.277 CEST
Begin processing the 41st record. Run 1, Event 42, LumiSection 1 on stream 0 at 14-Jun-2021 13:32:05.364 CEST
Begin processing the 42nd record. Run 1, Event 40, LumiSection 1 on stream 0 at 14-Jun-2021 13:32:08.119 CEST
Begin processing the 43rd record. Run 1, Event 46, LumiSection 1 on stream 0 at 14-Jun-2021 13:32:10.822 CEST
Begin processing the 44th record. Run 1, Event 45, LumiSection 1 on stream 0 at 14-Jun-2021 13:32:13.607 CEST
Begin processing the 45th record. Run 1, Event 43, LumiSection 1 on stream 0 at 14-Jun-2021 13:32:16.388 CEST
Begin processing the 46th record. Run 1, Event 44, LumiSection 1 on stream 0 at 14-Jun-2021 13:32:20.730 CEST
Begin processing the 47th record. Run 1, Event 47, LumiSection 1 on stream 0 at 14-Jun-2021 13:32:24.635 CEST
Begin processing the 48th record. Run 1, Event 50, LumiSection 1 on stream 0 at 14-Jun-2021 13:32:28.123 CEST
Begin processing the 49th record. Run 1, Event 48, LumiSection 1 on stream 0 at 14-Jun-2021 13:32:32.115 CEST
Begin processing the 50th record. Run 1, Event 49, LumiSection 1 on stream 0 at 14-Jun-2021 13:32:36.085 CEST
14-Jun-2021 13:32:40 CEST  Closed file file:/eos/cms/store/user/tsarkar/SIM_Condor_output_Vector_MonoZLL_NLO_Mphi-500_Mchi-150_gSM-0p25_gDM-1p0_ctau100p0/step_SIM_2017UL_1.root
14-Jun-2021 13:32:40 CEST  Closed file root://eoscms.cern.ch//eos/cms/store/mc/RunIISummer20ULPrePremix/Neutrino_E-10_gun/PREMIX/UL17_106X_mc2017_realistic_v6-v3/210007/8A647E5C-8D7B-194E-9749-694C2C1F0831.root

=============================================

MessageLogger Summary

 type     category        sev    module        subroutine        count    total
 ---- -------------------- -- ---------------- ----------------  -----    -----
    1 XrdAdaptor           -w PreMixingModule:                       1        1
    2 XrdAdaptor           -w PreMixingModule:                       1        1
    3 fileAction           -s PreMixingModule:                       3        3
    4 fileAction           -s PreMixingModule:                       2        2
    5 fileAction           -s PreMixingModule:                       1        1
    6 fileAction           -s file_close                             1        1
    7 fileAction           -s file_open                              2        2

 type    category    Examples: run/evt        run/evt          run/evt
 ---- -------------------- ---------------- ---------------- ----------------
    1 XrdAdaptor           1/1                               
    2 XrdAdaptor           pre-events                        
    3 fileAction           1/1              1/1              1/1
    4 fileAction           pre-events       pre-events       
    5 fileAction           PostGlobalEndRun                  
    6 fileAction           PostGlobalEndRun                  
    7 fileAction           pre-events       pre-events       

Severity    # Occurrences   Total Occurrences
--------    -------------   -----------------
Warning                 2                   2
System                  9                   9

dropped waiting message count 0
