14-Jun-2021 13:27:27 CEST  Initiating request to open file file:/eos/cms/store/user/tsarkar/SIM_Condor_output_Vector_MonoZLL_NLO_Mphi-500_Mchi-150_gSM-0p25_gDM-1p0_ctau100p0/step_SIM_2017UL_14.root
14-Jun-2021 13:27:30 CEST  Successfully opened file file:/eos/cms/store/user/tsarkar/SIM_Condor_output_Vector_MonoZLL_NLO_Mphi-500_Mchi-150_gSM-0p25_gDM-1p0_ctau100p0/step_SIM_2017UL_14.root
14-Jun-2021 13:27:34 CEST  Initiating request to open file root://eoscms.cern.ch//eos/cms/store/mc/RunIISummer20ULPrePremix/Neutrino_E-10_gun/PREMIX/UL17_106X_mc2017_realistic_v6-v3/210000/28AE75B1-5602-3945-BD95-1A14429D6DF3.root
%MSG-w XrdAdaptor:  PreMixingModule:mixData@ctor 14-Jun-2021 13:27:36 CEST  pre-events
Data is served from cern.ch instead of original site eoscms
%MSG
14-Jun-2021 13:27:36 CEST  Successfully opened file root://eoscms.cern.ch//eos/cms/store/mc/RunIISummer20ULPrePremix/Neutrino_E-10_gun/PREMIX/UL17_106X_mc2017_realistic_v6-v3/210000/28AE75B1-5602-3945-BD95-1A14429D6DF3.root
Begin processing the 1st record. Run 1, Event 654, LumiSection 14 on stream 0 at 14-Jun-2021 13:27:52.891 CEST
14-Jun-2021 13:30:09 CEST  Closed file root://eoscms.cern.ch//eos/cms/store/mc/RunIISummer20ULPrePremix/Neutrino_E-10_gun/PREMIX/UL17_106X_mc2017_realistic_v6-v3/210000/28AE75B1-5602-3945-BD95-1A14429D6DF3.root
14-Jun-2021 13:30:09 CEST  Initiating request to open file root://eoscms.cern.ch//eos/cms/store/mc/RunIISummer20ULPrePremix/Neutrino_E-10_gun/PREMIX/UL17_106X_mc2017_realistic_v6-v3/10005/3B40C9A8-B52A-264D-9A0D-4656626BCF75.root
%MSG-w XrdAdaptor:  PreMixingModule:mixData 14-Jun-2021 13:30:11 CEST  Run: 1 Event: 654
Data is served from cern.ch instead of original site eoscms
%MSG
14-Jun-2021 13:30:11 CEST  Successfully opened file root://eoscms.cern.ch//eos/cms/store/mc/RunIISummer20ULPrePremix/Neutrino_E-10_gun/PREMIX/UL17_106X_mc2017_realistic_v6-v3/10005/3B40C9A8-B52A-264D-9A0D-4656626BCF75.root
Begin processing the 2nd record. Run 1, Event 653, LumiSection 14 on stream 0 at 14-Jun-2021 13:30:24.008 CEST
Begin processing the 3rd record. Run 1, Event 651, LumiSection 14 on stream 0 at 14-Jun-2021 13:30:28.123 CEST
Begin processing the 4th record. Run 1, Event 652, LumiSection 14 on stream 0 at 14-Jun-2021 13:30:33.745 CEST
Begin processing the 5th record. Run 1, Event 655, LumiSection 14 on stream 0 at 14-Jun-2021 13:30:39.052 CEST
Begin processing the 6th record. Run 1, Event 656, LumiSection 14 on stream 0 at 14-Jun-2021 13:30:42.964 CEST
Begin processing the 7th record. Run 1, Event 660, LumiSection 14 on stream 0 at 14-Jun-2021 13:30:47.378 CEST
Begin processing the 8th record. Run 1, Event 658, LumiSection 14 on stream 0 at 14-Jun-2021 13:30:51.520 CEST
Begin processing the 9th record. Run 1, Event 657, LumiSection 14 on stream 0 at 14-Jun-2021 13:30:55.920 CEST
Begin processing the 10th record. Run 1, Event 661, LumiSection 14 on stream 0 at 14-Jun-2021 13:31:00.365 CEST
Begin processing the 11th record. Run 1, Event 659, LumiSection 14 on stream 0 at 14-Jun-2021 13:31:04.752 CEST
Begin processing the 12th record. Run 1, Event 663, LumiSection 14 on stream 0 at 14-Jun-2021 13:31:09.729 CEST
Begin processing the 13th record. Run 1, Event 662, LumiSection 14 on stream 0 at 14-Jun-2021 13:31:13.230 CEST
Begin processing the 14th record. Run 1, Event 666, LumiSection 14 on stream 0 at 14-Jun-2021 13:31:17.862 CEST
Begin processing the 15th record. Run 1, Event 667, LumiSection 14 on stream 0 at 14-Jun-2021 13:31:21.534 CEST
Begin processing the 16th record. Run 1, Event 665, LumiSection 14 on stream 0 at 14-Jun-2021 13:31:25.022 CEST
Begin processing the 17th record. Run 1, Event 668, LumiSection 14 on stream 0 at 14-Jun-2021 13:31:29.401 CEST
Begin processing the 18th record. Run 1, Event 669, LumiSection 14 on stream 0 at 14-Jun-2021 13:31:32.808 CEST
Begin processing the 19th record. Run 1, Event 664, LumiSection 14 on stream 0 at 14-Jun-2021 13:31:36.583 CEST
Begin processing the 20th record. Run 1, Event 671, LumiSection 14 on stream 0 at 14-Jun-2021 13:31:41.782 CEST
Begin processing the 21st record. Run 1, Event 670, LumiSection 14 on stream 0 at 14-Jun-2021 13:31:46.093 CEST
Begin processing the 22nd record. Run 1, Event 672, LumiSection 14 on stream 0 at 14-Jun-2021 13:31:49.580 CEST
Begin processing the 23rd record. Run 1, Event 673, LumiSection 14 on stream 0 at 14-Jun-2021 13:31:52.946 CEST
Begin processing the 24th record. Run 1, Event 675, LumiSection 14 on stream 0 at 14-Jun-2021 13:31:57.359 CEST
Begin processing the 25th record. Run 1, Event 677, LumiSection 14 on stream 0 at 14-Jun-2021 13:32:01.370 CEST
Begin processing the 26th record. Run 1, Event 678, LumiSection 14 on stream 0 at 14-Jun-2021 13:32:05.175 CEST
Begin processing the 27th record. Run 1, Event 674, LumiSection 14 on stream 0 at 14-Jun-2021 13:32:09.120 CEST
Begin processing the 28th record. Run 1, Event 676, LumiSection 14 on stream 0 at 14-Jun-2021 13:32:14.518 CEST
Begin processing the 29th record. Run 1, Event 679, LumiSection 14 on stream 0 at 14-Jun-2021 13:32:19.700 CEST
Begin processing the 30th record. Run 1, Event 681, LumiSection 14 on stream 0 at 14-Jun-2021 13:32:23.076 CEST
Begin processing the 31st record. Run 1, Event 680, LumiSection 14 on stream 0 at 14-Jun-2021 13:32:26.181 CEST
Begin processing the 32nd record. Run 1, Event 685, LumiSection 14 on stream 0 at 14-Jun-2021 13:32:29.867 CEST
Begin processing the 33rd record. Run 1, Event 684, LumiSection 14 on stream 0 at 14-Jun-2021 13:32:34.192 CEST
Begin processing the 34th record. Run 1, Event 682, LumiSection 14 on stream 0 at 14-Jun-2021 13:32:39.176 CEST
Begin processing the 35th record. Run 1, Event 683, LumiSection 14 on stream 0 at 14-Jun-2021 13:32:43.043 CEST
Begin processing the 36th record. Run 1, Event 686, LumiSection 14 on stream 0 at 14-Jun-2021 13:32:46.760 CEST
Begin processing the 37th record. Run 1, Event 687, LumiSection 14 on stream 0 at 14-Jun-2021 13:32:49.408 CEST
Begin processing the 38th record. Run 1, Event 689, LumiSection 14 on stream 0 at 14-Jun-2021 13:32:53.643 CEST
Begin processing the 39th record. Run 1, Event 688, LumiSection 14 on stream 0 at 14-Jun-2021 13:32:56.947 CEST
Begin processing the 40th record. Run 1, Event 691, LumiSection 14 on stream 0 at 14-Jun-2021 13:33:01.444 CEST
Begin processing the 41st record. Run 1, Event 692, LumiSection 14 on stream 0 at 14-Jun-2021 13:33:05.547 CEST
Begin processing the 42nd record. Run 1, Event 690, LumiSection 14 on stream 0 at 14-Jun-2021 13:33:09.837 CEST
Begin processing the 43rd record. Run 1, Event 693, LumiSection 14 on stream 0 at 14-Jun-2021 13:33:14.866 CEST
Begin processing the 44th record. Run 1, Event 695, LumiSection 14 on stream 0 at 14-Jun-2021 13:33:18.764 CEST
Begin processing the 45th record. Run 1, Event 694, LumiSection 14 on stream 0 at 14-Jun-2021 13:33:22.194 CEST
Begin processing the 46th record. Run 1, Event 696, LumiSection 14 on stream 0 at 14-Jun-2021 13:33:26.044 CEST
Begin processing the 47th record. Run 1, Event 700, LumiSection 14 on stream 0 at 14-Jun-2021 13:33:30.132 CEST
Begin processing the 48th record. Run 1, Event 699, LumiSection 14 on stream 0 at 14-Jun-2021 13:33:34.181 CEST
Begin processing the 49th record. Run 1, Event 698, LumiSection 14 on stream 0 at 14-Jun-2021 13:33:38.045 CEST
Begin processing the 50th record. Run 1, Event 697, LumiSection 14 on stream 0 at 14-Jun-2021 13:33:42.460 CEST
14-Jun-2021 13:33:47 CEST  Closed file file:/eos/cms/store/user/tsarkar/SIM_Condor_output_Vector_MonoZLL_NLO_Mphi-500_Mchi-150_gSM-0p25_gDM-1p0_ctau100p0/step_SIM_2017UL_14.root
14-Jun-2021 13:33:47 CEST  Closed file root://eoscms.cern.ch//eos/cms/store/mc/RunIISummer20ULPrePremix/Neutrino_E-10_gun/PREMIX/UL17_106X_mc2017_realistic_v6-v3/10005/3B40C9A8-B52A-264D-9A0D-4656626BCF75.root

=============================================

MessageLogger Summary

 type     category        sev    module        subroutine        count    total
 ---- -------------------- -- ---------------- ----------------  -----    -----
    1 XrdAdaptor           -w PreMixingModule:                       1        1
    2 XrdAdaptor           -w PreMixingModule:                       1        1
    3 fileAction           -s PreMixingModule:                       3        3
    4 fileAction           -s PreMixingModule:                       2        2
    5 fileAction           -s PreMixingModule:                       1        1
    6 fileAction           -s file_close                             1        1
    7 fileAction           -s file_open                              2        2

 type    category    Examples: run/evt        run/evt          run/evt
 ---- -------------------- ---------------- ---------------- ----------------
    1 XrdAdaptor           1/654                             
    2 XrdAdaptor           pre-events                        
    3 fileAction           1/654            1/654            1/654
    4 fileAction           pre-events       pre-events       
    5 fileAction           PostGlobalEndRun                  
    6 fileAction           PostGlobalEndRun                  
    7 fileAction           pre-events       pre-events       

Severity    # Occurrences   Total Occurrences
--------    -------------   -----------------
Warning                 2                   2
System                  9                   9

dropped waiting message count 0
