000 (7309432.000.000) 06/14 11:27:06 Job submitted from host: <137.138.44.75:9618?addrs=137.138.44.75-9618+[2001-1458-d00-1a--b]-9618&alias=bigbird14.cern.ch&noUDP&sock=schedd_3149486_02ef>
...
040 (7309432.000.000) 06/14 13:27:07 Started transferring input files
	Transferring to host: <128.142.161.87:9618?addrs=128.142.161.87-9618&alias=b7g03p4138.cern.ch&noUDP&sock=slot1_27_4039_973d_47651>
...
040 (7309432.000.000) 06/14 13:27:07 Finished transferring input files
...
001 (7309432.000.000) 06/14 13:27:08 Job executing on host: <128.142.161.87:9618?addrs=128.142.161.87-9618&alias=b7g03p4138.cern.ch&noUDP&sock=startd_3031_97a5>
...
006 (7309432.000.000) 06/14 13:27:16 Image size of job updated: 50696
	36  -  MemoryUsage of job (MB)
	36232  -  ResidentSetSize of job (KB)
...
006 (7309432.000.000) 06/14 13:32:16 Image size of job updated: 3000944
	1773  -  MemoryUsage of job (MB)
	1814656  -  ResidentSetSize of job (KB)
...
040 (7309432.000.000) 06/14 13:34:02 Started transferring output files
...
040 (7309432.000.000) 06/14 13:34:02 Finished transferring output files
...
005 (7309432.000.000) 06/14 13:34:03 Job terminated.
	(1) Normal termination (return value 0)
		Usr 0 00:05:46, Sys 0 00:00:08  -  Run Remote Usage
		Usr 0 00:00:00, Sys 0 00:00:00  -  Run Local Usage
		Usr 0 00:05:46, Sys 0 00:00:08  -  Total Remote Usage
		Usr 0 00:00:00, Sys 0 00:00:00  -  Total Local Usage
	15119  -  Run Bytes Sent By Job
	445  -  Run Bytes Received By Job
	15119  -  Total Bytes Sent By Job
	445  -  Total Bytes Received By Job
	Partitionable Resources :    Usage  Request Allocated 
	   Cpus                 :     0.99        1         1 
	   Disk (KB)            :    35           1   1373576 
	   Memory (MB)          :  1773        2000      2000 

	Job terminated of its own accord at 2021-06-14T11:34:02Z.
...
