14-Jun-2021 13:27:26 CEST  Initiating request to open file file:/eos/cms/store/user/tsarkar/SIM_Condor_output_Vector_MonoZLL_NLO_Mphi-500_Mchi-150_gSM-0p25_gDM-1p0_ctau100p0/step_SIM_2017UL_20.root
14-Jun-2021 13:27:27 CEST  Successfully opened file file:/eos/cms/store/user/tsarkar/SIM_Condor_output_Vector_MonoZLL_NLO_Mphi-500_Mchi-150_gSM-0p25_gDM-1p0_ctau100p0/step_SIM_2017UL_20.root
14-Jun-2021 13:27:31 CEST  Initiating request to open file root://eoscms.cern.ch//eos/cms/store/mc/RunIISummer20ULPrePremix/Neutrino_E-10_gun/PREMIX/UL17_106X_mc2017_realistic_v6-v3/230005/022B564E-4971-CE42-9444-97AE4C905BAA.root
%MSG-w XrdAdaptor:  PreMixingModule:mixData@ctor 14-Jun-2021 13:27:33 CEST  pre-events
Data is served from cern.ch instead of original site eoscms
%MSG
14-Jun-2021 13:27:33 CEST  Successfully opened file root://eoscms.cern.ch//eos/cms/store/mc/RunIISummer20ULPrePremix/Neutrino_E-10_gun/PREMIX/UL17_106X_mc2017_realistic_v6-v3/230005/022B564E-4971-CE42-9444-97AE4C905BAA.root
Begin processing the 1st record. Run 1, Event 951, LumiSection 20 on stream 0 at 14-Jun-2021 13:27:47.894 CEST
14-Jun-2021 13:29:38 CEST  Closed file root://eoscms.cern.ch//eos/cms/store/mc/RunIISummer20ULPrePremix/Neutrino_E-10_gun/PREMIX/UL17_106X_mc2017_realistic_v6-v3/230005/022B564E-4971-CE42-9444-97AE4C905BAA.root
14-Jun-2021 13:29:38 CEST  Initiating request to open file root://eoscms.cern.ch//eos/cms/store/mc/RunIISummer20ULPrePremix/Neutrino_E-10_gun/PREMIX/UL17_106X_mc2017_realistic_v6-v3/00001/489DD4E5-FC7D-194C-A0FD-F8A431A7C116.root
%MSG-w XrdAdaptor:  PreMixingModule:mixData 14-Jun-2021 13:29:40 CEST  Run: 1 Event: 951
Data is served from cern.ch instead of original site eoscms
%MSG
14-Jun-2021 13:29:40 CEST  Successfully opened file root://eoscms.cern.ch//eos/cms/store/mc/RunIISummer20ULPrePremix/Neutrino_E-10_gun/PREMIX/UL17_106X_mc2017_realistic_v6-v3/00001/489DD4E5-FC7D-194C-A0FD-F8A431A7C116.root
Begin processing the 2nd record. Run 1, Event 954, LumiSection 20 on stream 0 at 14-Jun-2021 13:29:51.307 CEST
Begin processing the 3rd record. Run 1, Event 952, LumiSection 20 on stream 0 at 14-Jun-2021 13:29:54.967 CEST
Begin processing the 4th record. Run 1, Event 957, LumiSection 20 on stream 0 at 14-Jun-2021 13:29:57.881 CEST
Begin processing the 5th record. Run 1, Event 956, LumiSection 20 on stream 0 at 14-Jun-2021 13:30:00.281 CEST
Begin processing the 6th record. Run 1, Event 953, LumiSection 20 on stream 0 at 14-Jun-2021 13:30:02.454 CEST
Begin processing the 7th record. Run 1, Event 955, LumiSection 20 on stream 0 at 14-Jun-2021 13:30:05.550 CEST
Begin processing the 8th record. Run 1, Event 958, LumiSection 20 on stream 0 at 14-Jun-2021 13:30:08.394 CEST
Begin processing the 9th record. Run 1, Event 960, LumiSection 20 on stream 0 at 14-Jun-2021 13:30:11.188 CEST
Begin processing the 10th record. Run 1, Event 959, LumiSection 20 on stream 0 at 14-Jun-2021 13:30:13.832 CEST
Begin processing the 11th record. Run 1, Event 961, LumiSection 20 on stream 0 at 14-Jun-2021 13:30:16.287 CEST
Begin processing the 12th record. Run 1, Event 963, LumiSection 20 on stream 0 at 14-Jun-2021 13:30:19.832 CEST
Begin processing the 13th record. Run 1, Event 962, LumiSection 20 on stream 0 at 14-Jun-2021 13:30:22.751 CEST
Begin processing the 14th record. Run 1, Event 964, LumiSection 20 on stream 0 at 14-Jun-2021 13:30:25.625 CEST
Begin processing the 15th record. Run 1, Event 965, LumiSection 20 on stream 0 at 14-Jun-2021 13:30:29.022 CEST
Begin processing the 16th record. Run 1, Event 966, LumiSection 20 on stream 0 at 14-Jun-2021 13:30:32.334 CEST
Begin processing the 17th record. Run 1, Event 967, LumiSection 20 on stream 0 at 14-Jun-2021 13:30:35.505 CEST
Begin processing the 18th record. Run 1, Event 969, LumiSection 20 on stream 0 at 14-Jun-2021 13:30:39.680 CEST
Begin processing the 19th record. Run 1, Event 968, LumiSection 20 on stream 0 at 14-Jun-2021 13:30:42.411 CEST
Begin processing the 20th record. Run 1, Event 971, LumiSection 20 on stream 0 at 14-Jun-2021 13:30:44.725 CEST
Begin processing the 21st record. Run 1, Event 973, LumiSection 20 on stream 0 at 14-Jun-2021 13:30:48.124 CEST
Begin processing the 22nd record. Run 1, Event 972, LumiSection 20 on stream 0 at 14-Jun-2021 13:30:50.821 CEST
Begin processing the 23rd record. Run 1, Event 970, LumiSection 20 on stream 0 at 14-Jun-2021 13:30:55.094 CEST
Begin processing the 24th record. Run 1, Event 975, LumiSection 20 on stream 0 at 14-Jun-2021 13:30:59.385 CEST
Begin processing the 25th record. Run 1, Event 976, LumiSection 20 on stream 0 at 14-Jun-2021 13:31:01.892 CEST
Begin processing the 26th record. Run 1, Event 974, LumiSection 20 on stream 0 at 14-Jun-2021 13:31:04.905 CEST
Begin processing the 27th record. Run 1, Event 977, LumiSection 20 on stream 0 at 14-Jun-2021 13:31:07.903 CEST
Begin processing the 28th record. Run 1, Event 978, LumiSection 20 on stream 0 at 14-Jun-2021 13:31:10.781 CEST
Begin processing the 29th record. Run 1, Event 980, LumiSection 20 on stream 0 at 14-Jun-2021 13:31:13.452 CEST
Begin processing the 30th record. Run 1, Event 979, LumiSection 20 on stream 0 at 14-Jun-2021 13:31:16.442 CEST
Begin processing the 31st record. Run 1, Event 981, LumiSection 20 on stream 0 at 14-Jun-2021 13:31:19.448 CEST
Begin processing the 32nd record. Run 1, Event 982, LumiSection 20 on stream 0 at 14-Jun-2021 13:31:23.936 CEST
Begin processing the 33rd record. Run 1, Event 984, LumiSection 20 on stream 0 at 14-Jun-2021 13:31:27.122 CEST
Begin processing the 34th record. Run 1, Event 986, LumiSection 20 on stream 0 at 14-Jun-2021 13:31:30.758 CEST
Begin processing the 35th record. Run 1, Event 985, LumiSection 20 on stream 0 at 14-Jun-2021 13:31:34.468 CEST
Begin processing the 36th record. Run 1, Event 983, LumiSection 20 on stream 0 at 14-Jun-2021 13:31:37.501 CEST
Begin processing the 37th record. Run 1, Event 988, LumiSection 20 on stream 0 at 14-Jun-2021 13:31:41.511 CEST
Begin processing the 38th record. Run 1, Event 990, LumiSection 20 on stream 0 at 14-Jun-2021 13:31:45.515 CEST
Begin processing the 39th record. Run 1, Event 987, LumiSection 20 on stream 0 at 14-Jun-2021 13:31:48.867 CEST
Begin processing the 40th record. Run 1, Event 989, LumiSection 20 on stream 0 at 14-Jun-2021 13:31:52.031 CEST
Begin processing the 41st record. Run 1, Event 991, LumiSection 20 on stream 0 at 14-Jun-2021 13:31:55.413 CEST
Begin processing the 42nd record. Run 1, Event 995, LumiSection 20 on stream 0 at 14-Jun-2021 13:31:58.187 CEST
Begin processing the 43rd record. Run 1, Event 992, LumiSection 20 on stream 0 at 14-Jun-2021 13:32:01.040 CEST
Begin processing the 44th record. Run 1, Event 993, LumiSection 20 on stream 0 at 14-Jun-2021 13:32:04.771 CEST
Begin processing the 45th record. Run 1, Event 998, LumiSection 20 on stream 0 at 14-Jun-2021 13:32:07.632 CEST
Begin processing the 46th record. Run 1, Event 997, LumiSection 20 on stream 0 at 14-Jun-2021 13:32:10.406 CEST
Begin processing the 47th record. Run 1, Event 996, LumiSection 20 on stream 0 at 14-Jun-2021 13:32:13.613 CEST
Begin processing the 48th record. Run 1, Event 994, LumiSection 20 on stream 0 at 14-Jun-2021 13:32:16.922 CEST
Begin processing the 49th record. Run 1, Event 999, LumiSection 20 on stream 0 at 14-Jun-2021 13:32:21.359 CEST
Begin processing the 50th record. Run 1, Event 1000, LumiSection 20 on stream 0 at 14-Jun-2021 13:32:24.512 CEST
14-Jun-2021 13:32:28 CEST  Closed file file:/eos/cms/store/user/tsarkar/SIM_Condor_output_Vector_MonoZLL_NLO_Mphi-500_Mchi-150_gSM-0p25_gDM-1p0_ctau100p0/step_SIM_2017UL_20.root
14-Jun-2021 13:32:28 CEST  Closed file root://eoscms.cern.ch//eos/cms/store/mc/RunIISummer20ULPrePremix/Neutrino_E-10_gun/PREMIX/UL17_106X_mc2017_realistic_v6-v3/00001/489DD4E5-FC7D-194C-A0FD-F8A431A7C116.root

=============================================

MessageLogger Summary

 type     category        sev    module        subroutine        count    total
 ---- -------------------- -- ---------------- ----------------  -----    -----
    1 XrdAdaptor           -w PreMixingModule:                       1        1
    2 XrdAdaptor           -w PreMixingModule:                       1        1
    3 fileAction           -s PreMixingModule:                       3        3
    4 fileAction           -s PreMixingModule:                       2        2
    5 fileAction           -s PreMixingModule:                       1        1
    6 fileAction           -s file_close                             1        1
    7 fileAction           -s file_open                              2        2

 type    category    Examples: run/evt        run/evt          run/evt
 ---- -------------------- ---------------- ---------------- ----------------
    1 XrdAdaptor           1/951                             
    2 XrdAdaptor           pre-events                        
    3 fileAction           1/951            1/951            1/951
    4 fileAction           pre-events       pre-events       
    5 fileAction           PostGlobalEndRun                  
    6 fileAction           PostGlobalEndRun                  
    7 fileAction           pre-events       pre-events       

Severity    # Occurrences   Total Occurrences
--------    -------------   -----------------
Warning                 2                   2
System                  9                   9

dropped waiting message count 0
