000 (7309443.000.000) 06/14 11:27:34 Job submitted from host: <137.138.44.75:9618?addrs=137.138.44.75-9618+[2001-1458-d00-1a--b]-9618&alias=bigbird14.cern.ch&noUDP&sock=schedd_3149486_02ef>
...
040 (7309443.000.000) 06/14 13:27:10 Started transferring input files
	Transferring to host: <188.184.211.160:9618?addrs=188.184.211.160-9618+[2001-1458-301-10b--100-190]-9618&alias=b7g23n1377.cern.ch&noUDP&sock=slot1_8_4738_197a_35594>
...
040 (7309443.000.000) 06/14 13:27:10 Finished transferring input files
...
001 (7309443.000.000) 06/14 13:27:11 Job executing on host: <188.184.211.160:9618?addrs=188.184.211.160-9618+[2001-1458-301-10b--100-190]-9618&alias=b7g23n1377.cern.ch&noUDP&sock=startd_3856_7947>
...
006 (7309443.000.000) 06/14 13:27:19 Image size of job updated: 252564
	31  -  MemoryUsage of job (MB)
	30856  -  ResidentSetSize of job (KB)
...
006 (7309443.000.000) 06/14 13:32:19 Image size of job updated: 3000900
	1812  -  MemoryUsage of job (MB)
	1854656  -  ResidentSetSize of job (KB)
...
006 (7309443.000.000) 06/14 13:33:59 Image size of job updated: 3000932
	1812  -  MemoryUsage of job (MB)
	1854656  -  ResidentSetSize of job (KB)
...
040 (7309443.000.000) 06/14 13:34:00 Started transferring output files
...
040 (7309443.000.000) 06/14 13:34:00 Finished transferring output files
...
005 (7309443.000.000) 06/14 13:34:00 Job terminated.
	(1) Normal termination (return value 0)
		Usr 0 00:05:33, Sys 0 00:00:10  -  Run Remote Usage
		Usr 0 00:00:00, Sys 0 00:00:00  -  Run Local Usage
		Usr 0 00:05:33, Sys 0 00:00:10  -  Total Remote Usage
		Usr 0 00:00:00, Sys 0 00:00:00  -  Total Local Usage
	15154  -  Run Bytes Sent By Job
	445  -  Run Bytes Received By Job
	15154  -  Total Bytes Sent By Job
	445  -  Total Bytes Received By Job
	Partitionable Resources :    Usage  Request Allocated 
	   Cpus                 :     0.99        1         1 
	   Disk (KB)            :    36           1    354246 
	   Memory (MB)          :  1812        2000      2000 

	Job terminated of its own accord at 2021-06-14T11:33:59Z.
...
