14-Jun-2021 13:27:24 CEST  Initiating request to open file file:/eos/cms/store/user/tsarkar/SIM_Condor_output_Vector_MonoZLL_NLO_Mphi-500_Mchi-150_gSM-0p25_gDM-1p0_ctau100p0/step_SIM_2017UL_2.root
14-Jun-2021 13:27:26 CEST  Successfully opened file file:/eos/cms/store/user/tsarkar/SIM_Condor_output_Vector_MonoZLL_NLO_Mphi-500_Mchi-150_gSM-0p25_gDM-1p0_ctau100p0/step_SIM_2017UL_2.root
14-Jun-2021 13:27:30 CEST  Initiating request to open file root://eoscms.cern.ch//eos/cms/store/mc/RunIISummer20ULPrePremix/Neutrino_E-10_gun/PREMIX/UL17_106X_mc2017_realistic_v6-v3/210015/E3E1C56A-49C8-C24B-8571-2B75399F1566.root
%MSG-w XrdAdaptor:  PreMixingModule:mixData@ctor 14-Jun-2021 13:27:32 CEST  pre-events
Data is served from cern.ch instead of original site eoscms
%MSG
14-Jun-2021 13:27:32 CEST  Successfully opened file root://eoscms.cern.ch//eos/cms/store/mc/RunIISummer20ULPrePremix/Neutrino_E-10_gun/PREMIX/UL17_106X_mc2017_realistic_v6-v3/210015/E3E1C56A-49C8-C24B-8571-2B75399F1566.root
Begin processing the 1st record. Run 1, Event 53, LumiSection 2 on stream 0 at 14-Jun-2021 13:27:46.955 CEST
14-Jun-2021 13:29:49 CEST  Closed file root://eoscms.cern.ch//eos/cms/store/mc/RunIISummer20ULPrePremix/Neutrino_E-10_gun/PREMIX/UL17_106X_mc2017_realistic_v6-v3/210015/E3E1C56A-49C8-C24B-8571-2B75399F1566.root
14-Jun-2021 13:29:49 CEST  Initiating request to open file root://eoscms.cern.ch//eos/cms/store/mc/RunIISummer20ULPrePremix/Neutrino_E-10_gun/PREMIX/UL17_106X_mc2017_realistic_v6-v3/210008/E1646569-C15D-4740-87C5-D8CF46BEEBC9.root
%MSG-w XrdAdaptor:  PreMixingModule:mixData 14-Jun-2021 13:29:51 CEST  Run: 1 Event: 53
Data is served from cern.ch instead of original site eoscms
%MSG
14-Jun-2021 13:29:51 CEST  Successfully opened file root://eoscms.cern.ch//eos/cms/store/mc/RunIISummer20ULPrePremix/Neutrino_E-10_gun/PREMIX/UL17_106X_mc2017_realistic_v6-v3/210008/E1646569-C15D-4740-87C5-D8CF46BEEBC9.root
Begin processing the 2nd record. Run 1, Event 51, LumiSection 2 on stream 0 at 14-Jun-2021 13:30:04.486 CEST
Begin processing the 3rd record. Run 1, Event 54, LumiSection 2 on stream 0 at 14-Jun-2021 13:30:07.706 CEST
Begin processing the 4th record. Run 1, Event 52, LumiSection 2 on stream 0 at 14-Jun-2021 13:30:11.722 CEST
Begin processing the 5th record. Run 1, Event 57, LumiSection 2 on stream 0 at 14-Jun-2021 13:30:15.798 CEST
Begin processing the 6th record. Run 1, Event 55, LumiSection 2 on stream 0 at 14-Jun-2021 13:30:19.183 CEST
Begin processing the 7th record. Run 1, Event 60, LumiSection 2 on stream 0 at 14-Jun-2021 13:30:23.078 CEST
Begin processing the 8th record. Run 1, Event 58, LumiSection 2 on stream 0 at 14-Jun-2021 13:30:26.184 CEST
Begin processing the 9th record. Run 1, Event 56, LumiSection 2 on stream 0 at 14-Jun-2021 13:30:30.539 CEST
Begin processing the 10th record. Run 1, Event 61, LumiSection 2 on stream 0 at 14-Jun-2021 13:30:33.911 CEST
Begin processing the 11th record. Run 1, Event 59, LumiSection 2 on stream 0 at 14-Jun-2021 13:30:37.313 CEST
Begin processing the 12th record. Run 1, Event 63, LumiSection 2 on stream 0 at 14-Jun-2021 13:30:40.810 CEST
Begin processing the 13th record. Run 1, Event 62, LumiSection 2 on stream 0 at 14-Jun-2021 13:30:44.142 CEST
Begin processing the 14th record. Run 1, Event 64, LumiSection 2 on stream 0 at 14-Jun-2021 13:30:47.465 CEST
Begin processing the 15th record. Run 1, Event 65, LumiSection 2 on stream 0 at 14-Jun-2021 13:30:50.644 CEST
Begin processing the 16th record. Run 1, Event 68, LumiSection 2 on stream 0 at 14-Jun-2021 13:30:53.784 CEST
Begin processing the 17th record. Run 1, Event 66, LumiSection 2 on stream 0 at 14-Jun-2021 13:30:58.051 CEST
Begin processing the 18th record. Run 1, Event 71, LumiSection 2 on stream 0 at 14-Jun-2021 13:31:01.938 CEST
Begin processing the 19th record. Run 1, Event 67, LumiSection 2 on stream 0 at 14-Jun-2021 13:31:04.613 CEST
Begin processing the 20th record. Run 1, Event 69, LumiSection 2 on stream 0 at 14-Jun-2021 13:31:08.175 CEST
Begin processing the 21st record. Run 1, Event 70, LumiSection 2 on stream 0 at 14-Jun-2021 13:31:12.889 CEST
Begin processing the 22nd record. Run 1, Event 72, LumiSection 2 on stream 0 at 14-Jun-2021 13:31:16.152 CEST
Begin processing the 23rd record. Run 1, Event 73, LumiSection 2 on stream 0 at 14-Jun-2021 13:31:18.865 CEST
Begin processing the 24th record. Run 1, Event 76, LumiSection 2 on stream 0 at 14-Jun-2021 13:31:22.111 CEST
Begin processing the 25th record. Run 1, Event 78, LumiSection 2 on stream 0 at 14-Jun-2021 13:31:25.029 CEST
Begin processing the 26th record. Run 1, Event 74, LumiSection 2 on stream 0 at 14-Jun-2021 13:31:27.714 CEST
Begin processing the 27th record. Run 1, Event 75, LumiSection 2 on stream 0 at 14-Jun-2021 13:31:31.721 CEST
Begin processing the 28th record. Run 1, Event 80, LumiSection 2 on stream 0 at 14-Jun-2021 13:31:35.543 CEST
Begin processing the 29th record. Run 1, Event 79, LumiSection 2 on stream 0 at 14-Jun-2021 13:31:39.140 CEST
Begin processing the 30th record. Run 1, Event 77, LumiSection 2 on stream 0 at 14-Jun-2021 13:31:42.863 CEST
Begin processing the 31st record. Run 1, Event 82, LumiSection 2 on stream 0 at 14-Jun-2021 13:31:46.769 CEST
Begin processing the 32nd record. Run 1, Event 81, LumiSection 2 on stream 0 at 14-Jun-2021 13:31:51.278 CEST
Begin processing the 33rd record. Run 1, Event 83, LumiSection 2 on stream 0 at 14-Jun-2021 13:31:55.005 CEST
Begin processing the 34th record. Run 1, Event 84, LumiSection 2 on stream 0 at 14-Jun-2021 13:31:59.817 CEST
Begin processing the 35th record. Run 1, Event 87, LumiSection 2 on stream 0 at 14-Jun-2021 13:32:02.762 CEST
Begin processing the 36th record. Run 1, Event 85, LumiSection 2 on stream 0 at 14-Jun-2021 13:32:06.300 CEST
Begin processing the 37th record. Run 1, Event 86, LumiSection 2 on stream 0 at 14-Jun-2021 13:32:10.844 CEST
Begin processing the 38th record. Run 1, Event 88, LumiSection 2 on stream 0 at 14-Jun-2021 13:32:15.145 CEST
Begin processing the 39th record. Run 1, Event 90, LumiSection 2 on stream 0 at 14-Jun-2021 13:32:19.437 CEST
Begin processing the 40th record. Run 1, Event 89, LumiSection 2 on stream 0 at 14-Jun-2021 13:32:22.756 CEST
Begin processing the 41st record. Run 1, Event 94, LumiSection 2 on stream 0 at 14-Jun-2021 13:32:26.488 CEST
Begin processing the 42nd record. Run 1, Event 92, LumiSection 2 on stream 0 at 14-Jun-2021 13:32:29.698 CEST
Begin processing the 43rd record. Run 1, Event 93, LumiSection 2 on stream 0 at 14-Jun-2021 13:32:32.694 CEST
Begin processing the 44th record. Run 1, Event 91, LumiSection 2 on stream 0 at 14-Jun-2021 13:32:36.280 CEST
Begin processing the 45th record. Run 1, Event 97, LumiSection 2 on stream 0 at 14-Jun-2021 13:32:40.195 CEST
Begin processing the 46th record. Run 1, Event 98, LumiSection 2 on stream 0 at 14-Jun-2021 13:32:44.064 CEST
Begin processing the 47th record. Run 1, Event 96, LumiSection 2 on stream 0 at 14-Jun-2021 13:32:47.243 CEST
Begin processing the 48th record. Run 1, Event 99, LumiSection 2 on stream 0 at 14-Jun-2021 13:32:51.003 CEST
Begin processing the 49th record. Run 1, Event 95, LumiSection 2 on stream 0 at 14-Jun-2021 13:32:54.587 CEST
Begin processing the 50th record. Run 1, Event 100, LumiSection 2 on stream 0 at 14-Jun-2021 13:32:59.780 CEST
14-Jun-2021 13:33:03 CEST  Closed file file:/eos/cms/store/user/tsarkar/SIM_Condor_output_Vector_MonoZLL_NLO_Mphi-500_Mchi-150_gSM-0p25_gDM-1p0_ctau100p0/step_SIM_2017UL_2.root
14-Jun-2021 13:33:03 CEST  Closed file root://eoscms.cern.ch//eos/cms/store/mc/RunIISummer20ULPrePremix/Neutrino_E-10_gun/PREMIX/UL17_106X_mc2017_realistic_v6-v3/210008/E1646569-C15D-4740-87C5-D8CF46BEEBC9.root

=============================================

MessageLogger Summary

 type     category        sev    module        subroutine        count    total
 ---- -------------------- -- ---------------- ----------------  -----    -----
    1 XrdAdaptor           -w PreMixingModule:                       1        1
    2 XrdAdaptor           -w PreMixingModule:                       1        1
    3 fileAction           -s PreMixingModule:                       3        3
    4 fileAction           -s PreMixingModule:                       2        2
    5 fileAction           -s PreMixingModule:                       1        1
    6 fileAction           -s file_close                             1        1
    7 fileAction           -s file_open                              2        2

 type    category    Examples: run/evt        run/evt          run/evt
 ---- -------------------- ---------------- ---------------- ----------------
    1 XrdAdaptor           1/53                              
    2 XrdAdaptor           pre-events                        
    3 fileAction           1/53             1/53             1/53
    4 fileAction           pre-events       pre-events       
    5 fileAction           PostGlobalEndRun                  
    6 fileAction           PostGlobalEndRun                  
    7 fileAction           pre-events       pre-events       

Severity    # Occurrences   Total Occurrences
--------    -------------   -----------------
Warning                 2                   2
System                  9                   9

dropped waiting message count 0
