14-Jun-2021 13:27:19 CEST  Initiating request to open file file:/eos/cms/store/user/tsarkar/SIM_Condor_output_Vector_MonoZLL_NLO_Mphi-500_Mchi-150_gSM-0p25_gDM-1p0_ctau100p0/step_SIM_2017UL_13.root
14-Jun-2021 13:27:21 CEST  Successfully opened file file:/eos/cms/store/user/tsarkar/SIM_Condor_output_Vector_MonoZLL_NLO_Mphi-500_Mchi-150_gSM-0p25_gDM-1p0_ctau100p0/step_SIM_2017UL_13.root
14-Jun-2021 13:27:24 CEST  Initiating request to open file root://eoscms.cern.ch//eos/cms/store/mc/RunIISummer20ULPrePremix/Neutrino_E-10_gun/PREMIX/UL17_106X_mc2017_realistic_v6-v3/210013/163F1B34-E6B9-C740-B756-A346C3C000B2.root
%MSG-w XrdAdaptor:  PreMixingModule:mixData@ctor 14-Jun-2021 13:27:26 CEST  pre-events
Data is served from cern.ch instead of original site eoscms
%MSG
14-Jun-2021 13:27:26 CEST  Successfully opened file root://eoscms.cern.ch//eos/cms/store/mc/RunIISummer20ULPrePremix/Neutrino_E-10_gun/PREMIX/UL17_106X_mc2017_realistic_v6-v3/210013/163F1B34-E6B9-C740-B756-A346C3C000B2.root
Begin processing the 1st record. Run 1, Event 604, LumiSection 13 on stream 0 at 14-Jun-2021 13:27:40.102 CEST
14-Jun-2021 13:29:28 CEST  Closed file root://eoscms.cern.ch//eos/cms/store/mc/RunIISummer20ULPrePremix/Neutrino_E-10_gun/PREMIX/UL17_106X_mc2017_realistic_v6-v3/210013/163F1B34-E6B9-C740-B756-A346C3C000B2.root
14-Jun-2021 13:29:28 CEST  Initiating request to open file root://eoscms.cern.ch//eos/cms/store/mc/RunIISummer20ULPrePremix/Neutrino_E-10_gun/PREMIX/UL17_106X_mc2017_realistic_v6-v3/210013/CACCB467-C626-7245-92A7-2C5D5A1EEDB3.root
%MSG-w XrdAdaptor:  PreMixingModule:mixData 14-Jun-2021 13:29:30 CEST  Run: 1 Event: 604
Data is served from cern.ch instead of original site eoscms
%MSG
14-Jun-2021 13:29:30 CEST  Successfully opened file root://eoscms.cern.ch//eos/cms/store/mc/RunIISummer20ULPrePremix/Neutrino_E-10_gun/PREMIX/UL17_106X_mc2017_realistic_v6-v3/210013/CACCB467-C626-7245-92A7-2C5D5A1EEDB3.root
Begin processing the 2nd record. Run 1, Event 602, LumiSection 13 on stream 0 at 14-Jun-2021 13:29:41.911 CEST
Begin processing the 3rd record. Run 1, Event 601, LumiSection 13 on stream 0 at 14-Jun-2021 13:29:44.166 CEST
Begin processing the 4th record. Run 1, Event 603, LumiSection 13 on stream 0 at 14-Jun-2021 13:29:46.911 CEST
Begin processing the 5th record. Run 1, Event 606, LumiSection 13 on stream 0 at 14-Jun-2021 13:29:50.508 CEST
Begin processing the 6th record. Run 1, Event 605, LumiSection 13 on stream 0 at 14-Jun-2021 13:29:53.848 CEST
Begin processing the 7th record. Run 1, Event 607, LumiSection 13 on stream 0 at 14-Jun-2021 13:29:57.077 CEST
Begin processing the 8th record. Run 1, Event 608, LumiSection 13 on stream 0 at 14-Jun-2021 13:30:00.995 CEST
Begin processing the 9th record. Run 1, Event 609, LumiSection 13 on stream 0 at 14-Jun-2021 13:30:04.131 CEST
Begin processing the 10th record. Run 1, Event 610, LumiSection 13 on stream 0 at 14-Jun-2021 13:30:07.236 CEST
Begin processing the 11th record. Run 1, Event 612, LumiSection 13 on stream 0 at 14-Jun-2021 13:30:10.101 CEST
Begin processing the 12th record. Run 1, Event 611, LumiSection 13 on stream 0 at 14-Jun-2021 13:30:14.011 CEST
Begin processing the 13th record. Run 1, Event 614, LumiSection 13 on stream 0 at 14-Jun-2021 13:30:17.074 CEST
Begin processing the 14th record. Run 1, Event 613, LumiSection 13 on stream 0 at 14-Jun-2021 13:30:20.170 CEST
Begin processing the 15th record. Run 1, Event 615, LumiSection 13 on stream 0 at 14-Jun-2021 13:30:23.355 CEST
Begin processing the 16th record. Run 1, Event 616, LumiSection 13 on stream 0 at 14-Jun-2021 13:30:26.812 CEST
Begin processing the 17th record. Run 1, Event 617, LumiSection 13 on stream 0 at 14-Jun-2021 13:30:30.277 CEST
Begin processing the 18th record. Run 1, Event 618, LumiSection 13 on stream 0 at 14-Jun-2021 13:30:33.690 CEST
Begin processing the 19th record. Run 1, Event 620, LumiSection 13 on stream 0 at 14-Jun-2021 13:30:37.036 CEST
Begin processing the 20th record. Run 1, Event 619, LumiSection 13 on stream 0 at 14-Jun-2021 13:30:40.292 CEST
Begin processing the 21st record. Run 1, Event 622, LumiSection 13 on stream 0 at 14-Jun-2021 13:30:44.583 CEST
Begin processing the 22nd record. Run 1, Event 621, LumiSection 13 on stream 0 at 14-Jun-2021 13:30:47.349 CEST
Begin processing the 23rd record. Run 1, Event 623, LumiSection 13 on stream 0 at 14-Jun-2021 13:30:50.850 CEST
Begin processing the 24th record. Run 1, Event 624, LumiSection 13 on stream 0 at 14-Jun-2021 13:30:53.399 CEST
Begin processing the 25th record. Run 1, Event 625, LumiSection 13 on stream 0 at 14-Jun-2021 13:30:56.219 CEST
Begin processing the 26th record. Run 1, Event 626, LumiSection 13 on stream 0 at 14-Jun-2021 13:30:59.915 CEST
Begin processing the 27th record. Run 1, Event 627, LumiSection 13 on stream 0 at 14-Jun-2021 13:31:03.394 CEST
Begin processing the 28th record. Run 1, Event 630, LumiSection 13 on stream 0 at 14-Jun-2021 13:31:06.242 CEST
Begin processing the 29th record. Run 1, Event 629, LumiSection 13 on stream 0 at 14-Jun-2021 13:31:09.391 CEST
Begin processing the 30th record. Run 1, Event 628, LumiSection 13 on stream 0 at 14-Jun-2021 13:31:12.585 CEST
Begin processing the 31st record. Run 1, Event 633, LumiSection 13 on stream 0 at 14-Jun-2021 13:31:16.116 CEST
Begin processing the 32nd record. Run 1, Event 631, LumiSection 13 on stream 0 at 14-Jun-2021 13:31:19.050 CEST
Begin processing the 33rd record. Run 1, Event 632, LumiSection 13 on stream 0 at 14-Jun-2021 13:31:21.937 CEST
Begin processing the 34th record. Run 1, Event 634, LumiSection 13 on stream 0 at 14-Jun-2021 13:31:24.604 CEST
Begin processing the 35th record. Run 1, Event 636, LumiSection 13 on stream 0 at 14-Jun-2021 13:31:27.967 CEST
Begin processing the 36th record. Run 1, Event 637, LumiSection 13 on stream 0 at 14-Jun-2021 13:31:30.522 CEST
Begin processing the 37th record. Run 1, Event 635, LumiSection 13 on stream 0 at 14-Jun-2021 13:31:33.327 CEST
Begin processing the 38th record. Run 1, Event 638, LumiSection 13 on stream 0 at 14-Jun-2021 13:31:37.987 CEST
Begin processing the 39th record. Run 1, Event 640, LumiSection 13 on stream 0 at 14-Jun-2021 13:31:40.688 CEST
Begin processing the 40th record. Run 1, Event 641, LumiSection 13 on stream 0 at 14-Jun-2021 13:31:43.710 CEST
Begin processing the 41st record. Run 1, Event 639, LumiSection 13 on stream 0 at 14-Jun-2021 13:31:46.606 CEST
Begin processing the 42nd record. Run 1, Event 643, LumiSection 13 on stream 0 at 14-Jun-2021 13:31:49.399 CEST
Begin processing the 43rd record. Run 1, Event 642, LumiSection 13 on stream 0 at 14-Jun-2021 13:31:53.263 CEST
Begin processing the 44th record. Run 1, Event 645, LumiSection 13 on stream 0 at 14-Jun-2021 13:31:57.109 CEST
Begin processing the 45th record. Run 1, Event 644, LumiSection 13 on stream 0 at 14-Jun-2021 13:32:00.176 CEST
Begin processing the 46th record. Run 1, Event 646, LumiSection 13 on stream 0 at 14-Jun-2021 13:32:03.618 CEST
Begin processing the 47th record. Run 1, Event 649, LumiSection 13 on stream 0 at 14-Jun-2021 13:32:06.969 CEST
Begin processing the 48th record. Run 1, Event 647, LumiSection 13 on stream 0 at 14-Jun-2021 13:32:09.525 CEST
Begin processing the 49th record. Run 1, Event 650, LumiSection 13 on stream 0 at 14-Jun-2021 13:32:12.421 CEST
Begin processing the 50th record. Run 1, Event 648, LumiSection 13 on stream 0 at 14-Jun-2021 13:32:15.331 CEST
14-Jun-2021 13:32:19 CEST  Closed file file:/eos/cms/store/user/tsarkar/SIM_Condor_output_Vector_MonoZLL_NLO_Mphi-500_Mchi-150_gSM-0p25_gDM-1p0_ctau100p0/step_SIM_2017UL_13.root
14-Jun-2021 13:32:19 CEST  Closed file root://eoscms.cern.ch//eos/cms/store/mc/RunIISummer20ULPrePremix/Neutrino_E-10_gun/PREMIX/UL17_106X_mc2017_realistic_v6-v3/210013/CACCB467-C626-7245-92A7-2C5D5A1EEDB3.root

=============================================

MessageLogger Summary

 type     category        sev    module        subroutine        count    total
 ---- -------------------- -- ---------------- ----------------  -----    -----
    1 XrdAdaptor           -w PreMixingModule:                       1        1
    2 XrdAdaptor           -w PreMixingModule:                       1        1
    3 fileAction           -s PreMixingModule:                       3        3
    4 fileAction           -s PreMixingModule:                       2        2
    5 fileAction           -s PreMixingModule:                       1        1
    6 fileAction           -s file_close                             1        1
    7 fileAction           -s file_open                              2        2

 type    category    Examples: run/evt        run/evt          run/evt
 ---- -------------------- ---------------- ---------------- ----------------
    1 XrdAdaptor           1/604                             
    2 XrdAdaptor           pre-events                        
    3 fileAction           1/604            1/604            1/604
    4 fileAction           pre-events       pre-events       
    5 fileAction           PostGlobalEndRun                  
    6 fileAction           PostGlobalEndRun                  
    7 fileAction           pre-events       pre-events       

Severity    # Occurrences   Total Occurrences
--------    -------------   -----------------
Warning                 2                   2
System                  9                   9

dropped waiting message count 0
