14-Jun-2021 13:27:21 CEST  Initiating request to open file file:/eos/cms/store/user/tsarkar/SIM_Condor_output_Vector_MonoZLL_NLO_Mphi-500_Mchi-150_gSM-0p25_gDM-1p0_ctau100p0/step_SIM_2017UL_11.root
14-Jun-2021 13:27:23 CEST  Successfully opened file file:/eos/cms/store/user/tsarkar/SIM_Condor_output_Vector_MonoZLL_NLO_Mphi-500_Mchi-150_gSM-0p25_gDM-1p0_ctau100p0/step_SIM_2017UL_11.root
14-Jun-2021 13:27:28 CEST  Initiating request to open file root://eoscms.cern.ch//eos/cms/store/mc/RunIISummer20ULPrePremix/Neutrino_E-10_gun/PREMIX/UL17_106X_mc2017_realistic_v6-v3/20005/512A5854-777D-6A4B-94FC-90FA6EFA633F.root
%MSG-w XrdAdaptor:  PreMixingModule:mixData@ctor 14-Jun-2021 13:27:30 CEST  pre-events
Data is served from cern.ch instead of original site eoscms
%MSG
14-Jun-2021 13:27:30 CEST  Successfully opened file root://eoscms.cern.ch//eos/cms/store/mc/RunIISummer20ULPrePremix/Neutrino_E-10_gun/PREMIX/UL17_106X_mc2017_realistic_v6-v3/20005/512A5854-777D-6A4B-94FC-90FA6EFA633F.root
Begin processing the 1st record. Run 1, Event 501, LumiSection 11 on stream 0 at 14-Jun-2021 13:27:54.187 CEST
14-Jun-2021 13:29:58 CEST  Closed file root://eoscms.cern.ch//eos/cms/store/mc/RunIISummer20ULPrePremix/Neutrino_E-10_gun/PREMIX/UL17_106X_mc2017_realistic_v6-v3/20005/512A5854-777D-6A4B-94FC-90FA6EFA633F.root
14-Jun-2021 13:29:58 CEST  Initiating request to open file root://eoscms.cern.ch//eos/cms/store/mc/RunIISummer20ULPrePremix/Neutrino_E-10_gun/PREMIX/UL17_106X_mc2017_realistic_v6-v3/210021/096B38F6-4146-674B-BD13-3A70C279B1C6.root
%MSG-w XrdAdaptor:  PreMixingModule:mixData 14-Jun-2021 13:30:00 CEST  Run: 1 Event: 501
Data is served from cern.ch instead of original site eoscms
%MSG
14-Jun-2021 13:30:00 CEST  Successfully opened file root://eoscms.cern.ch//eos/cms/store/mc/RunIISummer20ULPrePremix/Neutrino_E-10_gun/PREMIX/UL17_106X_mc2017_realistic_v6-v3/210021/096B38F6-4146-674B-BD13-3A70C279B1C6.root
Begin processing the 2nd record. Run 1, Event 504, LumiSection 11 on stream 0 at 14-Jun-2021 13:30:11.642 CEST
Begin processing the 3rd record. Run 1, Event 503, LumiSection 11 on stream 0 at 14-Jun-2021 13:30:15.142 CEST
Begin processing the 4th record. Run 1, Event 502, LumiSection 11 on stream 0 at 14-Jun-2021 13:30:18.688 CEST
Begin processing the 5th record. Run 1, Event 507, LumiSection 11 on stream 0 at 14-Jun-2021 13:30:21.788 CEST
Begin processing the 6th record. Run 1, Event 508, LumiSection 11 on stream 0 at 14-Jun-2021 13:30:25.177 CEST
Begin processing the 7th record. Run 1, Event 505, LumiSection 11 on stream 0 at 14-Jun-2021 13:30:28.241 CEST
Begin processing the 8th record. Run 1, Event 510, LumiSection 11 on stream 0 at 14-Jun-2021 13:30:31.845 CEST
Begin processing the 9th record. Run 1, Event 506, LumiSection 11 on stream 0 at 14-Jun-2021 13:30:35.401 CEST
Begin processing the 10th record. Run 1, Event 512, LumiSection 11 on stream 0 at 14-Jun-2021 13:30:40.327 CEST
Begin processing the 11th record. Run 1, Event 513, LumiSection 11 on stream 0 at 14-Jun-2021 13:30:43.215 CEST
Begin processing the 12th record. Run 1, Event 509, LumiSection 11 on stream 0 at 14-Jun-2021 13:30:46.212 CEST
Begin processing the 13th record. Run 1, Event 516, LumiSection 11 on stream 0 at 14-Jun-2021 13:30:49.906 CEST
Begin processing the 14th record. Run 1, Event 511, LumiSection 11 on stream 0 at 14-Jun-2021 13:30:52.877 CEST
Begin processing the 15th record. Run 1, Event 514, LumiSection 11 on stream 0 at 14-Jun-2021 13:30:57.348 CEST
Begin processing the 16th record. Run 1, Event 515, LumiSection 11 on stream 0 at 14-Jun-2021 13:31:01.279 CEST
Begin processing the 17th record. Run 1, Event 517, LumiSection 11 on stream 0 at 14-Jun-2021 13:31:05.371 CEST
Begin processing the 18th record. Run 1, Event 518, LumiSection 11 on stream 0 at 14-Jun-2021 13:31:09.159 CEST
Begin processing the 19th record. Run 1, Event 522, LumiSection 11 on stream 0 at 14-Jun-2021 13:31:12.289 CEST
Begin processing the 20th record. Run 1, Event 520, LumiSection 11 on stream 0 at 14-Jun-2021 13:31:15.454 CEST
Begin processing the 21st record. Run 1, Event 521, LumiSection 11 on stream 0 at 14-Jun-2021 13:31:19.470 CEST
Begin processing the 22nd record. Run 1, Event 519, LumiSection 11 on stream 0 at 14-Jun-2021 13:31:22.551 CEST
Begin processing the 23rd record. Run 1, Event 523, LumiSection 11 on stream 0 at 14-Jun-2021 13:31:25.577 CEST
Begin processing the 24th record. Run 1, Event 527, LumiSection 11 on stream 0 at 14-Jun-2021 13:31:29.484 CEST
Begin processing the 25th record. Run 1, Event 524, LumiSection 11 on stream 0 at 14-Jun-2021 13:31:33.108 CEST
Begin processing the 26th record. Run 1, Event 526, LumiSection 11 on stream 0 at 14-Jun-2021 13:31:36.717 CEST
Begin processing the 27th record. Run 1, Event 525, LumiSection 11 on stream 0 at 14-Jun-2021 13:31:41.024 CEST
Begin processing the 28th record. Run 1, Event 528, LumiSection 11 on stream 0 at 14-Jun-2021 13:31:45.531 CEST
Begin processing the 29th record. Run 1, Event 529, LumiSection 11 on stream 0 at 14-Jun-2021 13:31:48.981 CEST
Begin processing the 30th record. Run 1, Event 531, LumiSection 11 on stream 0 at 14-Jun-2021 13:31:53.329 CEST
Begin processing the 31st record. Run 1, Event 530, LumiSection 11 on stream 0 at 14-Jun-2021 13:31:56.842 CEST
Begin processing the 32nd record. Run 1, Event 532, LumiSection 11 on stream 0 at 14-Jun-2021 13:32:01.603 CEST
Begin processing the 33rd record. Run 1, Event 534, LumiSection 11 on stream 0 at 14-Jun-2021 13:32:05.433 CEST
Begin processing the 34th record. Run 1, Event 533, LumiSection 11 on stream 0 at 14-Jun-2021 13:32:09.440 CEST
Begin processing the 35th record. Run 1, Event 538, LumiSection 11 on stream 0 at 14-Jun-2021 13:32:11.938 CEST
Begin processing the 36th record. Run 1, Event 536, LumiSection 11 on stream 0 at 14-Jun-2021 13:32:15.333 CEST
Begin processing the 37th record. Run 1, Event 535, LumiSection 11 on stream 0 at 14-Jun-2021 13:32:19.012 CEST
Begin processing the 38th record. Run 1, Event 537, LumiSection 11 on stream 0 at 14-Jun-2021 13:32:24.121 CEST
Begin processing the 39th record. Run 1, Event 541, LumiSection 11 on stream 0 at 14-Jun-2021 13:32:27.845 CEST
Begin processing the 40th record. Run 1, Event 540, LumiSection 11 on stream 0 at 14-Jun-2021 13:32:31.065 CEST
Begin processing the 41st record. Run 1, Event 542, LumiSection 11 on stream 0 at 14-Jun-2021 13:32:34.618 CEST
Begin processing the 42nd record. Run 1, Event 539, LumiSection 11 on stream 0 at 14-Jun-2021 13:32:37.691 CEST
Begin processing the 43rd record. Run 1, Event 543, LumiSection 11 on stream 0 at 14-Jun-2021 13:32:40.728 CEST
Begin processing the 44th record. Run 1, Event 545, LumiSection 11 on stream 0 at 14-Jun-2021 13:32:44.856 CEST
Begin processing the 45th record. Run 1, Event 544, LumiSection 11 on stream 0 at 14-Jun-2021 13:32:48.353 CEST
Begin processing the 46th record. Run 1, Event 546, LumiSection 11 on stream 0 at 14-Jun-2021 13:32:51.382 CEST
Begin processing the 47th record. Run 1, Event 547, LumiSection 11 on stream 0 at 14-Jun-2021 13:32:55.282 CEST
Begin processing the 48th record. Run 1, Event 549, LumiSection 11 on stream 0 at 14-Jun-2021 13:32:58.843 CEST
Begin processing the 49th record. Run 1, Event 548, LumiSection 11 on stream 0 at 14-Jun-2021 13:33:03.180 CEST
Begin processing the 50th record. Run 1, Event 550, LumiSection 11 on stream 0 at 14-Jun-2021 13:33:06.788 CEST
14-Jun-2021 13:33:10 CEST  Closed file file:/eos/cms/store/user/tsarkar/SIM_Condor_output_Vector_MonoZLL_NLO_Mphi-500_Mchi-150_gSM-0p25_gDM-1p0_ctau100p0/step_SIM_2017UL_11.root
14-Jun-2021 13:33:10 CEST  Closed file root://eoscms.cern.ch//eos/cms/store/mc/RunIISummer20ULPrePremix/Neutrino_E-10_gun/PREMIX/UL17_106X_mc2017_realistic_v6-v3/210021/096B38F6-4146-674B-BD13-3A70C279B1C6.root

=============================================

MessageLogger Summary

 type     category        sev    module        subroutine        count    total
 ---- -------------------- -- ---------------- ----------------  -----    -----
    1 XrdAdaptor           -w PreMixingModule:                       1        1
    2 XrdAdaptor           -w PreMixingModule:                       1        1
    3 fileAction           -s PreMixingModule:                       3        3
    4 fileAction           -s PreMixingModule:                       2        2
    5 fileAction           -s PreMixingModule:                       1        1
    6 fileAction           -s file_close                             1        1
    7 fileAction           -s file_open                              2        2

 type    category    Examples: run/evt        run/evt          run/evt
 ---- -------------------- ---------------- ---------------- ----------------
    1 XrdAdaptor           1/501                             
    2 XrdAdaptor           pre-events                        
    3 fileAction           1/501            1/501            1/501
    4 fileAction           pre-events       pre-events       
    5 fileAction           PostGlobalEndRun                  
    6 fileAction           PostGlobalEndRun                  
    7 fileAction           pre-events       pre-events       

Severity    # Occurrences   Total Occurrences
--------    -------------   -----------------
Warning                 2                   2
System                  9                   9

dropped waiting message count 0
