000 (7309428.000.000) 06/14 11:26:58 Job submitted from host: <137.138.44.75:9618?addrs=137.138.44.75-9618+[2001-1458-d00-1a--b]-9618&alias=bigbird14.cern.ch&noUDP&sock=schedd_3149486_02ef>
...
040 (7309428.000.000) 06/14 13:27:06 Started transferring input files
	Transferring to host: <128.142.161.76:9618?addrs=128.142.161.76-9618+[2001-1458-301-b8--100-a]-9618&alias=b7g03p3077.cern.ch&noUDP&sock=slot1_42_3692_190f_60844>
...
040 (7309428.000.000) 06/14 13:27:06 Finished transferring input files
...
001 (7309428.000.000) 06/14 13:27:07 Job executing on host: <128.142.161.76:9618?addrs=128.142.161.76-9618+[2001-1458-301-b8--100-a]-9618&alias=b7g03p3077.cern.ch&noUDP&sock=startd_3007_215f>
...
006 (7309428.000.000) 06/14 13:27:16 Image size of job updated: 285584
	42  -  MemoryUsage of job (MB)
	41996  -  ResidentSetSize of job (KB)
...
006 (7309428.000.000) 06/14 13:32:17 Image size of job updated: 3000928
	1818  -  MemoryUsage of job (MB)
	1861144  -  ResidentSetSize of job (KB)
...
040 (7309428.000.000) 06/14 13:33:50 Started transferring output files
...
040 (7309428.000.000) 06/14 13:33:50 Finished transferring output files
...
005 (7309428.000.000) 06/14 13:33:50 Job terminated.
	(1) Normal termination (return value 0)
		Usr 0 00:05:50, Sys 0 00:00:08  -  Run Remote Usage
		Usr 0 00:00:00, Sys 0 00:00:00  -  Run Local Usage
		Usr 0 00:05:50, Sys 0 00:00:08  -  Total Remote Usage
		Usr 0 00:00:00, Sys 0 00:00:00  -  Total Local Usage
	15207  -  Run Bytes Sent By Job
	444  -  Run Bytes Received By Job
	15207  -  Total Bytes Sent By Job
	444  -  Total Bytes Received By Job
	Partitionable Resources :    Usage  Request Allocated 
	   Cpus                 :     0.98        1         1 
	   Disk (KB)            :    36           1   1443426 
	   Memory (MB)          :  1818        2000      2000 

	Job terminated of its own accord at 2021-06-14T11:33:49Z.
...
