14-Jun-2021 13:27:41 CEST  Initiating request to open file file:/eos/cms/store/user/tsarkar/SIM_Condor_output_Vector_MonoZLL_NLO_Mphi-500_Mchi-150_gSM-0p25_gDM-1p0_ctau100p0/step_SIM_2017UL_7.root
14-Jun-2021 13:27:43 CEST  Successfully opened file file:/eos/cms/store/user/tsarkar/SIM_Condor_output_Vector_MonoZLL_NLO_Mphi-500_Mchi-150_gSM-0p25_gDM-1p0_ctau100p0/step_SIM_2017UL_7.root
14-Jun-2021 13:27:48 CEST  Initiating request to open file root://eoscms.cern.ch//eos/cms/store/mc/RunIISummer20ULPrePremix/Neutrino_E-10_gun/PREMIX/UL17_106X_mc2017_realistic_v6-v3/210012/91E722A5-2073-A149-A997-B7B7E3983A74.root
%MSG-w XrdAdaptor:  PreMixingModule:mixData@ctor 14-Jun-2021 13:27:50 CEST  pre-events
Data is served from cern.ch instead of original site eoscms
%MSG
14-Jun-2021 13:27:50 CEST  Successfully opened file root://eoscms.cern.ch//eos/cms/store/mc/RunIISummer20ULPrePremix/Neutrino_E-10_gun/PREMIX/UL17_106X_mc2017_realistic_v6-v3/210012/91E722A5-2073-A149-A997-B7B7E3983A74.root
Begin processing the 1st record. Run 1, Event 303, LumiSection 7 on stream 0 at 14-Jun-2021 13:28:12.430 CEST
14-Jun-2021 13:30:17 CEST  Closed file root://eoscms.cern.ch//eos/cms/store/mc/RunIISummer20ULPrePremix/Neutrino_E-10_gun/PREMIX/UL17_106X_mc2017_realistic_v6-v3/210012/91E722A5-2073-A149-A997-B7B7E3983A74.root
14-Jun-2021 13:30:17 CEST  Initiating request to open file root://eoscms.cern.ch//eos/cms/store/mc/RunIISummer20ULPrePremix/Neutrino_E-10_gun/PREMIX/UL17_106X_mc2017_realistic_v6-v3/210001/91655854-6AE4-0143-A3EB-547597BE4E72.root
%MSG-w XrdAdaptor:  PreMixingModule:mixData 14-Jun-2021 13:30:19 CEST  Run: 1 Event: 303
Data is served from cern.ch instead of original site eoscms
%MSG
14-Jun-2021 13:30:19 CEST  Successfully opened file root://eoscms.cern.ch//eos/cms/store/mc/RunIISummer20ULPrePremix/Neutrino_E-10_gun/PREMIX/UL17_106X_mc2017_realistic_v6-v3/210001/91655854-6AE4-0143-A3EB-547597BE4E72.root
Begin processing the 2nd record. Run 1, Event 301, LumiSection 7 on stream 0 at 14-Jun-2021 13:30:32.033 CEST
Begin processing the 3rd record. Run 1, Event 304, LumiSection 7 on stream 0 at 14-Jun-2021 13:30:35.691 CEST
Begin processing the 4th record. Run 1, Event 302, LumiSection 7 on stream 0 at 14-Jun-2021 13:30:39.201 CEST
Begin processing the 5th record. Run 1, Event 305, LumiSection 7 on stream 0 at 14-Jun-2021 13:30:43.554 CEST
Begin processing the 6th record. Run 1, Event 306, LumiSection 7 on stream 0 at 14-Jun-2021 13:30:47.545 CEST
Begin processing the 7th record. Run 1, Event 308, LumiSection 7 on stream 0 at 14-Jun-2021 13:30:50.711 CEST
Begin processing the 8th record. Run 1, Event 307, LumiSection 7 on stream 0 at 14-Jun-2021 13:30:54.591 CEST
Begin processing the 9th record. Run 1, Event 309, LumiSection 7 on stream 0 at 14-Jun-2021 13:30:58.709 CEST
Begin processing the 10th record. Run 1, Event 310, LumiSection 7 on stream 0 at 14-Jun-2021 13:31:02.636 CEST
Begin processing the 11th record. Run 1, Event 311, LumiSection 7 on stream 0 at 14-Jun-2021 13:31:06.821 CEST
Begin processing the 12th record. Run 1, Event 313, LumiSection 7 on stream 0 at 14-Jun-2021 13:31:10.520 CEST
Begin processing the 13th record. Run 1, Event 312, LumiSection 7 on stream 0 at 14-Jun-2021 13:31:13.862 CEST
Begin processing the 14th record. Run 1, Event 314, LumiSection 7 on stream 0 at 14-Jun-2021 13:31:18.035 CEST
Begin processing the 15th record. Run 1, Event 315, LumiSection 7 on stream 0 at 14-Jun-2021 13:31:21.268 CEST
Begin processing the 16th record. Run 1, Event 319, LumiSection 7 on stream 0 at 14-Jun-2021 13:31:25.578 CEST
Begin processing the 17th record. Run 1, Event 316, LumiSection 7 on stream 0 at 14-Jun-2021 13:31:29.321 CEST
Begin processing the 18th record. Run 1, Event 318, LumiSection 7 on stream 0 at 14-Jun-2021 13:31:33.116 CEST
Begin processing the 19th record. Run 1, Event 317, LumiSection 7 on stream 0 at 14-Jun-2021 13:31:36.216 CEST
Begin processing the 20th record. Run 1, Event 320, LumiSection 7 on stream 0 at 14-Jun-2021 13:31:39.970 CEST
Begin processing the 21st record. Run 1, Event 322, LumiSection 7 on stream 0 at 14-Jun-2021 13:31:43.477 CEST
Begin processing the 22nd record. Run 1, Event 323, LumiSection 7 on stream 0 at 14-Jun-2021 13:31:47.263 CEST
Begin processing the 23rd record. Run 1, Event 321, LumiSection 7 on stream 0 at 14-Jun-2021 13:31:52.083 CEST
Begin processing the 24th record. Run 1, Event 324, LumiSection 7 on stream 0 at 14-Jun-2021 13:31:56.815 CEST
Begin processing the 25th record. Run 1, Event 328, LumiSection 7 on stream 0 at 14-Jun-2021 13:32:01.160 CEST
Begin processing the 26th record. Run 1, Event 327, LumiSection 7 on stream 0 at 14-Jun-2021 13:32:05.555 CEST
Begin processing the 27th record. Run 1, Event 325, LumiSection 7 on stream 0 at 14-Jun-2021 13:32:09.680 CEST
Begin processing the 28th record. Run 1, Event 326, LumiSection 7 on stream 0 at 14-Jun-2021 13:32:13.461 CEST
Begin processing the 29th record. Run 1, Event 329, LumiSection 7 on stream 0 at 14-Jun-2021 13:32:18.575 CEST
Begin processing the 30th record. Run 1, Event 330, LumiSection 7 on stream 0 at 14-Jun-2021 13:32:23.061 CEST
Begin processing the 31st record. Run 1, Event 332, LumiSection 7 on stream 0 at 14-Jun-2021 13:32:27.332 CEST
Begin processing the 32nd record. Run 1, Event 331, LumiSection 7 on stream 0 at 14-Jun-2021 13:32:31.420 CEST
Begin processing the 33rd record. Run 1, Event 334, LumiSection 7 on stream 0 at 14-Jun-2021 13:32:35.821 CEST
Begin processing the 34th record. Run 1, Event 335, LumiSection 7 on stream 0 at 14-Jun-2021 13:32:39.587 CEST
Begin processing the 35th record. Run 1, Event 333, LumiSection 7 on stream 0 at 14-Jun-2021 13:32:43.904 CEST
Begin processing the 36th record. Run 1, Event 336, LumiSection 7 on stream 0 at 14-Jun-2021 13:32:47.624 CEST
Begin processing the 37th record. Run 1, Event 337, LumiSection 7 on stream 0 at 14-Jun-2021 13:32:51.864 CEST
Begin processing the 38th record. Run 1, Event 340, LumiSection 7 on stream 0 at 14-Jun-2021 13:32:56.025 CEST
Begin processing the 39th record. Run 1, Event 338, LumiSection 7 on stream 0 at 14-Jun-2021 13:32:59.173 CEST
Begin processing the 40th record. Run 1, Event 339, LumiSection 7 on stream 0 at 14-Jun-2021 13:33:02.499 CEST
Begin processing the 41st record. Run 1, Event 341, LumiSection 7 on stream 0 at 14-Jun-2021 13:33:06.209 CEST
Begin processing the 42nd record. Run 1, Event 342, LumiSection 7 on stream 0 at 14-Jun-2021 13:33:10.215 CEST
Begin processing the 43rd record. Run 1, Event 344, LumiSection 7 on stream 0 at 14-Jun-2021 13:33:14.072 CEST
Begin processing the 44th record. Run 1, Event 343, LumiSection 7 on stream 0 at 14-Jun-2021 13:33:17.023 CEST
Begin processing the 45th record. Run 1, Event 345, LumiSection 7 on stream 0 at 14-Jun-2021 13:33:21.204 CEST
Begin processing the 46th record. Run 1, Event 346, LumiSection 7 on stream 0 at 14-Jun-2021 13:33:25.499 CEST
Begin processing the 47th record. Run 1, Event 347, LumiSection 7 on stream 0 at 14-Jun-2021 13:33:28.782 CEST
Begin processing the 48th record. Run 1, Event 350, LumiSection 7 on stream 0 at 14-Jun-2021 13:33:32.383 CEST
Begin processing the 49th record. Run 1, Event 349, LumiSection 7 on stream 0 at 14-Jun-2021 13:33:36.133 CEST
Begin processing the 50th record. Run 1, Event 348, LumiSection 7 on stream 0 at 14-Jun-2021 13:33:40.053 CEST
14-Jun-2021 13:33:45 CEST  Closed file file:/eos/cms/store/user/tsarkar/SIM_Condor_output_Vector_MonoZLL_NLO_Mphi-500_Mchi-150_gSM-0p25_gDM-1p0_ctau100p0/step_SIM_2017UL_7.root
14-Jun-2021 13:33:45 CEST  Closed file root://eoscms.cern.ch//eos/cms/store/mc/RunIISummer20ULPrePremix/Neutrino_E-10_gun/PREMIX/UL17_106X_mc2017_realistic_v6-v3/210001/91655854-6AE4-0143-A3EB-547597BE4E72.root

=============================================

MessageLogger Summary

 type     category        sev    module        subroutine        count    total
 ---- -------------------- -- ---------------- ----------------  -----    -----
    1 XrdAdaptor           -w PreMixingModule:                       1        1
    2 XrdAdaptor           -w PreMixingModule:                       1        1
    3 fileAction           -s PreMixingModule:                       3        3
    4 fileAction           -s PreMixingModule:                       2        2
    5 fileAction           -s PreMixingModule:                       1        1
    6 fileAction           -s file_close                             1        1
    7 fileAction           -s file_open                              2        2

 type    category    Examples: run/evt        run/evt          run/evt
 ---- -------------------- ---------------- ---------------- ----------------
    1 XrdAdaptor           1/303                             
    2 XrdAdaptor           pre-events                        
    3 fileAction           1/303            1/303            1/303
    4 fileAction           pre-events       pre-events       
    5 fileAction           PostGlobalEndRun                  
    6 fileAction           PostGlobalEndRun                  
    7 fileAction           pre-events       pre-events       

Severity    # Occurrences   Total Occurrences
--------    -------------   -----------------
Warning                 2                   2
System                  9                   9

dropped waiting message count 0
