000 (7309429.000.000) 06/14 11:27:00 Job submitted from host: <137.138.44.75:9618?addrs=137.138.44.75-9618+[2001-1458-d00-1a--b]-9618&alias=bigbird14.cern.ch&noUDP&sock=schedd_3149486_02ef>
...
040 (7309429.000.000) 06/14 13:27:06 Started transferring input files
	Transferring to host: <128.142.161.102:9618?addrs=128.142.161.102-9618&alias=b7g03p3529.cern.ch&noUDP&sock=slot1_25_4097_7500_48028>
...
040 (7309429.000.000) 06/14 13:27:06 Finished transferring input files
...
001 (7309429.000.000) 06/14 13:27:07 Job executing on host: <128.142.161.102:9618?addrs=128.142.161.102-9618&alias=b7g03p3529.cern.ch&noUDP&sock=startd_3026_29ac>
...
006 (7309429.000.000) 06/14 13:27:16 Image size of job updated: 193796
	123  -  MemoryUsage of job (MB)
	125504  -  ResidentSetSize of job (KB)
...
006 (7309429.000.000) 06/14 13:32:17 Image size of job updated: 3000884
	1752  -  MemoryUsage of job (MB)
	1793884  -  ResidentSetSize of job (KB)
...
040 (7309429.000.000) 06/14 13:32:43 Started transferring output files
...
040 (7309429.000.000) 06/14 13:32:43 Finished transferring output files
...
005 (7309429.000.000) 06/14 13:32:43 Job terminated.
	(1) Normal termination (return value 0)
		Usr 0 00:04:48, Sys 0 00:00:06  -  Run Remote Usage
		Usr 0 00:00:00, Sys 0 00:00:00  -  Run Local Usage
		Usr 0 00:04:48, Sys 0 00:00:06  -  Total Remote Usage
		Usr 0 00:00:00, Sys 0 00:00:00  -  Total Local Usage
	15119  -  Run Bytes Sent By Job
	444  -  Run Bytes Received By Job
	15119  -  Total Bytes Sent By Job
	444  -  Total Bytes Received By Job
	Partitionable Resources :    Usage  Request Allocated 
	   Cpus                 :                 1         1 
	   Disk (KB)            :       28        1   1416727 
	   Memory (MB)          :     1752     2000      2000 

	Job terminated of its own accord at 2021-06-14T11:32:43Z.
...
