000 (7309441.000.000) 06/14 11:27:23 Job submitted from host: <137.138.44.75:9618?addrs=137.138.44.75-9618+[2001-1458-d00-1a--b]-9618&alias=bigbird14.cern.ch&noUDP&sock=schedd_3149486_02ef>
...
040 (7309441.000.000) 06/14 13:27:09 Started transferring input files
	Transferring to host: <188.184.211.191:9618?addrs=188.184.211.191-9618+[2001-1458-301-10b--100-10e]-9618&alias=b7g23n5237.cern.ch&noUDP&sock=slot1_7_5109_80a9_35963>
...
040 (7309441.000.000) 06/14 13:27:09 Finished transferring input files
...
001 (7309441.000.000) 06/14 13:27:10 Job executing on host: <188.184.211.191:9618?addrs=188.184.211.191-9618+[2001-1458-301-10b--100-10e]-9618&alias=b7g23n5237.cern.ch&noUDP&sock=startd_4035_40bb>
...
006 (7309441.000.000) 06/14 13:27:19 Image size of job updated: 53976
	39  -  MemoryUsage of job (MB)
	39492  -  ResidentSetSize of job (KB)
...
006 (7309441.000.000) 06/14 13:32:20 Image size of job updated: 3000908
	1782  -  MemoryUsage of job (MB)
	1824684  -  ResidentSetSize of job (KB)
...
040 (7309441.000.000) 06/14 13:33:47 Started transferring output files
...
040 (7309441.000.000) 06/14 13:33:47 Finished transferring output files
...
005 (7309441.000.000) 06/14 13:33:48 Job terminated.
	(1) Normal termination (return value 0)
		Usr 0 00:05:21, Sys 0 00:00:09  -  Run Remote Usage
		Usr 0 00:00:00, Sys 0 00:00:00  -  Run Local Usage
		Usr 0 00:05:21, Sys 0 00:00:09  -  Total Remote Usage
		Usr 0 00:00:00, Sys 0 00:00:00  -  Total Local Usage
	15248  -  Run Bytes Sent By Job
	445  -  Run Bytes Received By Job
	15248  -  Total Bytes Sent By Job
	445  -  Total Bytes Received By Job
	Partitionable Resources :    Usage  Request Allocated 
	   Cpus                 :                 1         1 
	   Disk (KB)            :       29        1    360290 
	   Memory (MB)          :     1782     2000      2000 

	Job terminated of its own accord at 2021-06-14T11:33:47Z.
...
