14-Jun-2021 13:27:39 CEST  Initiating request to open file file:/eos/cms/store/user/tsarkar/SIM_Condor_output_Vector_MonoZLL_NLO_Mphi-500_Mchi-150_gSM-0p25_gDM-1p0_ctau100p0/step_SIM_2017UL_5.root
14-Jun-2021 13:27:42 CEST  Successfully opened file file:/eos/cms/store/user/tsarkar/SIM_Condor_output_Vector_MonoZLL_NLO_Mphi-500_Mchi-150_gSM-0p25_gDM-1p0_ctau100p0/step_SIM_2017UL_5.root
14-Jun-2021 13:27:46 CEST  Initiating request to open file root://eoscms.cern.ch//eos/cms/store/mc/RunIISummer20ULPrePremix/Neutrino_E-10_gun/PREMIX/UL17_106X_mc2017_realistic_v6-v3/210013/31AED6E1-911A-2A47-BE9F-8AC42B84496A.root
%MSG-w XrdAdaptor:  PreMixingModule:mixData@ctor 14-Jun-2021 13:27:48 CEST  pre-events
Data is served from cern.ch instead of original site eoscms
%MSG
14-Jun-2021 13:27:49 CEST  Successfully opened file root://eoscms.cern.ch//eos/cms/store/mc/RunIISummer20ULPrePremix/Neutrino_E-10_gun/PREMIX/UL17_106X_mc2017_realistic_v6-v3/210013/31AED6E1-911A-2A47-BE9F-8AC42B84496A.root
Begin processing the 1st record. Run 1, Event 201, LumiSection 5 on stream 0 at 14-Jun-2021 13:28:13.911 CEST
14-Jun-2021 13:30:07 CEST  Closed file root://eoscms.cern.ch//eos/cms/store/mc/RunIISummer20ULPrePremix/Neutrino_E-10_gun/PREMIX/UL17_106X_mc2017_realistic_v6-v3/210013/31AED6E1-911A-2A47-BE9F-8AC42B84496A.root
14-Jun-2021 13:30:07 CEST  Initiating request to open file root://eoscms.cern.ch//eos/cms/store/mc/RunIISummer20ULPrePremix/Neutrino_E-10_gun/PREMIX/UL17_106X_mc2017_realistic_v6-v3/10004/F16AA6E2-40D6-DE40-9886-749D1FA62D22.root
%MSG-w XrdAdaptor:  PreMixingModule:mixData 14-Jun-2021 13:30:09 CEST  Run: 1 Event: 201
Data is served from cern.ch instead of original site eoscms
%MSG
14-Jun-2021 13:30:09 CEST  Successfully opened file root://eoscms.cern.ch//eos/cms/store/mc/RunIISummer20ULPrePremix/Neutrino_E-10_gun/PREMIX/UL17_106X_mc2017_realistic_v6-v3/10004/F16AA6E2-40D6-DE40-9886-749D1FA62D22.root
Begin processing the 2nd record. Run 1, Event 204, LumiSection 5 on stream 0 at 14-Jun-2021 13:30:23.974 CEST
Begin processing the 3rd record. Run 1, Event 205, LumiSection 5 on stream 0 at 14-Jun-2021 13:30:27.411 CEST
Begin processing the 4th record. Run 1, Event 202, LumiSection 5 on stream 0 at 14-Jun-2021 13:30:29.975 CEST
Begin processing the 5th record. Run 1, Event 203, LumiSection 5 on stream 0 at 14-Jun-2021 13:30:33.512 CEST
Begin processing the 6th record. Run 1, Event 206, LumiSection 5 on stream 0 at 14-Jun-2021 13:30:37.558 CEST
Begin processing the 7th record. Run 1, Event 208, LumiSection 5 on stream 0 at 14-Jun-2021 13:30:40.072 CEST
Begin processing the 8th record. Run 1, Event 207, LumiSection 5 on stream 0 at 14-Jun-2021 13:30:42.824 CEST
Begin processing the 9th record. Run 1, Event 209, LumiSection 5 on stream 0 at 14-Jun-2021 13:30:46.330 CEST
Begin processing the 10th record. Run 1, Event 211, LumiSection 5 on stream 0 at 14-Jun-2021 13:30:49.532 CEST
Begin processing the 11th record. Run 1, Event 210, LumiSection 5 on stream 0 at 14-Jun-2021 13:30:52.276 CEST
Begin processing the 12th record. Run 1, Event 212, LumiSection 5 on stream 0 at 14-Jun-2021 13:30:55.756 CEST
Begin processing the 13th record. Run 1, Event 214, LumiSection 5 on stream 0 at 14-Jun-2021 13:30:59.000 CEST
Begin processing the 14th record. Run 1, Event 213, LumiSection 5 on stream 0 at 14-Jun-2021 13:31:02.381 CEST
Begin processing the 15th record. Run 1, Event 216, LumiSection 5 on stream 0 at 14-Jun-2021 13:31:05.671 CEST
Begin processing the 16th record. Run 1, Event 215, LumiSection 5 on stream 0 at 14-Jun-2021 13:31:08.835 CEST
Begin processing the 17th record. Run 1, Event 218, LumiSection 5 on stream 0 at 14-Jun-2021 13:31:12.247 CEST
Begin processing the 18th record. Run 1, Event 219, LumiSection 5 on stream 0 at 14-Jun-2021 13:31:14.990 CEST
Begin processing the 19th record. Run 1, Event 221, LumiSection 5 on stream 0 at 14-Jun-2021 13:31:17.115 CEST
Begin processing the 20th record. Run 1, Event 222, LumiSection 5 on stream 0 at 14-Jun-2021 13:31:19.656 CEST
Begin processing the 21st record. Run 1, Event 220, LumiSection 5 on stream 0 at 14-Jun-2021 13:31:23.103 CEST
Begin processing the 22nd record. Run 1, Event 217, LumiSection 5 on stream 0 at 14-Jun-2021 13:31:26.837 CEST
Begin processing the 23rd record. Run 1, Event 223, LumiSection 5 on stream 0 at 14-Jun-2021 13:31:30.521 CEST
Begin processing the 24th record. Run 1, Event 224, LumiSection 5 on stream 0 at 14-Jun-2021 13:31:33.804 CEST
Begin processing the 25th record. Run 1, Event 225, LumiSection 5 on stream 0 at 14-Jun-2021 13:31:36.889 CEST
Begin processing the 26th record. Run 1, Event 226, LumiSection 5 on stream 0 at 14-Jun-2021 13:31:40.044 CEST
Begin processing the 27th record. Run 1, Event 228, LumiSection 5 on stream 0 at 14-Jun-2021 13:31:42.972 CEST
Begin processing the 28th record. Run 1, Event 227, LumiSection 5 on stream 0 at 14-Jun-2021 13:31:45.941 CEST
Begin processing the 29th record. Run 1, Event 229, LumiSection 5 on stream 0 at 14-Jun-2021 13:31:49.280 CEST
Begin processing the 30th record. Run 1, Event 230, LumiSection 5 on stream 0 at 14-Jun-2021 13:31:53.210 CEST
Begin processing the 31st record. Run 1, Event 232, LumiSection 5 on stream 0 at 14-Jun-2021 13:31:57.298 CEST
Begin processing the 32nd record. Run 1, Event 231, LumiSection 5 on stream 0 at 14-Jun-2021 13:32:01.018 CEST
Begin processing the 33rd record. Run 1, Event 235, LumiSection 5 on stream 0 at 14-Jun-2021 13:32:04.981 CEST
Begin processing the 34th record. Run 1, Event 233, LumiSection 5 on stream 0 at 14-Jun-2021 13:32:08.121 CEST
Begin processing the 35th record. Run 1, Event 234, LumiSection 5 on stream 0 at 14-Jun-2021 13:32:12.632 CEST
Begin processing the 36th record. Run 1, Event 236, LumiSection 5 on stream 0 at 14-Jun-2021 13:32:16.443 CEST
Begin processing the 37th record. Run 1, Event 238, LumiSection 5 on stream 0 at 14-Jun-2021 13:32:19.626 CEST
Begin processing the 38th record. Run 1, Event 237, LumiSection 5 on stream 0 at 14-Jun-2021 13:32:22.752 CEST
Begin processing the 39th record. Run 1, Event 239, LumiSection 5 on stream 0 at 14-Jun-2021 13:32:27.398 CEST
Begin processing the 40th record. Run 1, Event 240, LumiSection 5 on stream 0 at 14-Jun-2021 13:32:31.876 CEST
Begin processing the 41st record. Run 1, Event 241, LumiSection 5 on stream 0 at 14-Jun-2021 13:32:35.112 CEST
Begin processing the 42nd record. Run 1, Event 242, LumiSection 5 on stream 0 at 14-Jun-2021 13:32:39.621 CEST
Begin processing the 43rd record. Run 1, Event 243, LumiSection 5 on stream 0 at 14-Jun-2021 13:32:43.475 CEST
Begin processing the 44th record. Run 1, Event 245, LumiSection 5 on stream 0 at 14-Jun-2021 13:32:46.341 CEST
Begin processing the 45th record. Run 1, Event 246, LumiSection 5 on stream 0 at 14-Jun-2021 13:32:50.466 CEST
Begin processing the 46th record. Run 1, Event 244, LumiSection 5 on stream 0 at 14-Jun-2021 13:32:53.658 CEST
Begin processing the 47th record. Run 1, Event 249, LumiSection 5 on stream 0 at 14-Jun-2021 13:32:57.510 CEST
Begin processing the 48th record. Run 1, Event 247, LumiSection 5 on stream 0 at 14-Jun-2021 13:33:00.999 CEST
Begin processing the 49th record. Run 1, Event 250, LumiSection 5 on stream 0 at 14-Jun-2021 13:33:04.893 CEST
Begin processing the 50th record. Run 1, Event 248, LumiSection 5 on stream 0 at 14-Jun-2021 13:33:08.542 CEST
14-Jun-2021 13:33:12 CEST  Closed file file:/eos/cms/store/user/tsarkar/SIM_Condor_output_Vector_MonoZLL_NLO_Mphi-500_Mchi-150_gSM-0p25_gDM-1p0_ctau100p0/step_SIM_2017UL_5.root
14-Jun-2021 13:33:12 CEST  Closed file root://eoscms.cern.ch//eos/cms/store/mc/RunIISummer20ULPrePremix/Neutrino_E-10_gun/PREMIX/UL17_106X_mc2017_realistic_v6-v3/10004/F16AA6E2-40D6-DE40-9886-749D1FA62D22.root

=============================================

MessageLogger Summary

 type     category        sev    module        subroutine        count    total
 ---- -------------------- -- ---------------- ----------------  -----    -----
    1 XrdAdaptor           -w PreMixingModule:                       1        1
    2 XrdAdaptor           -w PreMixingModule:                       1        1
    3 fileAction           -s PreMixingModule:                       3        3
    4 fileAction           -s PreMixingModule:                       2        2
    5 fileAction           -s PreMixingModule:                       1        1
    6 fileAction           -s file_close                             1        1
    7 fileAction           -s file_open                              2        2

 type    category    Examples: run/evt        run/evt          run/evt
 ---- -------------------- ---------------- ---------------- ----------------
    1 XrdAdaptor           1/201                             
    2 XrdAdaptor           pre-events                        
    3 fileAction           1/201            1/201            1/201
    4 fileAction           pre-events       pre-events       
    5 fileAction           PostGlobalEndRun                  
    6 fileAction           PostGlobalEndRun                  
    7 fileAction           pre-events       pre-events       

Severity    # Occurrences   Total Occurrences
--------    -------------   -----------------
Warning                 2                   2
System                  9                   9

dropped waiting message count 0
