000 (7309438.000.000) 06/14 11:27:16 Job submitted from host: <137.138.44.75:9618?addrs=137.138.44.75-9618+[2001-1458-d00-1a--b]-9618&alias=bigbird14.cern.ch&noUDP&sock=schedd_3149486_02ef>
...
040 (7309438.000.000) 06/14 13:27:08 Started transferring input files
	Transferring to host: <128.142.149.38:9618?addrs=128.142.149.38-9618+[2001-1458-301-b--100-2af]-9618&alias=b7g41n6533.cern.ch&noUDP&sock=slot1_5_28282_fa37_88530>
...
040 (7309438.000.000) 06/14 13:27:08 Finished transferring input files
...
001 (7309438.000.000) 06/14 13:27:09 Job executing on host: <128.142.149.38:9618?addrs=128.142.149.38-9618+[2001-1458-301-b--100-2af]-9618&alias=b7g41n6533.cern.ch&noUDP&sock=startd_2108_7dbb>
...
006 (7309438.000.000) 06/14 13:27:18 Image size of job updated: 47064
	31  -  MemoryUsage of job (MB)
	31032  -  ResidentSetSize of job (KB)
...
006 (7309438.000.000) 06/14 13:32:19 Image size of job updated: 3000896
	1790  -  MemoryUsage of job (MB)
	1832024  -  ResidentSetSize of job (KB)
...
006 (7309438.000.000) 06/14 13:34:04 Image size of job updated: 3000900
	1790  -  MemoryUsage of job (MB)
	1832024  -  ResidentSetSize of job (KB)
...
040 (7309438.000.000) 06/14 13:34:04 Started transferring output files
...
040 (7309438.000.000) 06/14 13:34:04 Finished transferring output files
...
005 (7309438.000.000) 06/14 13:34:05 Job terminated.
	(1) Normal termination (return value 0)
		Usr 0 00:05:13, Sys 0 00:00:08  -  Run Remote Usage
		Usr 0 00:00:00, Sys 0 00:00:00  -  Run Local Usage
		Usr 0 00:05:13, Sys 0 00:00:08  -  Total Remote Usage
		Usr 0 00:00:00, Sys 0 00:00:00  -  Total Local Usage
	15245  -  Run Bytes Sent By Job
	445  -  Run Bytes Received By Job
	15245  -  Total Bytes Sent By Job
	445  -  Total Bytes Received By Job
	Partitionable Resources :    Usage  Request Allocated 
	   Cpus                 :     0.17        1         1 
	   Disk (KB)            :    36           1    367297 
	   Memory (MB)          :  1790        2000      2000 

	Job terminated of its own accord at 2021-06-14T11:34:04Z.
...
