000 (7309422.000.000) 06/14 11:26:45 Job submitted from host: <137.138.44.75:9618?addrs=137.138.44.75-9618+[2001-1458-d00-1a--b]-9618&alias=bigbird14.cern.ch&noUDP&sock=schedd_3149486_02ef>
...
040 (7309422.000.000) 06/14 13:27:04 Started transferring input files
	Transferring to host: <128.142.161.100:9618?addrs=128.142.161.100-9618+[2001-1458-301-b8--100-22]-9618&alias=b7g03p7816.cern.ch&noUDP&sock=slot1_24_150673_8248_102303>
...
040 (7309422.000.000) 06/14 13:27:04 Finished transferring input files
...
001 (7309422.000.000) 06/14 13:27:05 Job executing on host: <128.142.161.100:9618?addrs=128.142.161.100-9618+[2001-1458-301-b8--100-22]-9618&alias=b7g03p7816.cern.ch&noUDP&sock=startd_130950_62f3>
...
006 (7309422.000.000) 06/14 13:27:14 Image size of job updated: 551060
	109  -  MemoryUsage of job (MB)
	111512  -  ResidentSetSize of job (KB)
...
006 (7309422.000.000) 06/14 13:32:15 Image size of job updated: 3000940
	1731  -  MemoryUsage of job (MB)
	1772020  -  ResidentSetSize of job (KB)
...
040 (7309422.000.000) 06/14 13:32:42 Started transferring output files
...
040 (7309422.000.000) 06/14 13:32:42 Finished transferring output files
...
005 (7309422.000.000) 06/14 13:32:42 Job terminated.
	(1) Normal termination (return value 0)
		Usr 0 00:04:57, Sys 0 00:00:06  -  Run Remote Usage
		Usr 0 00:00:00, Sys 0 00:00:00  -  Run Local Usage
		Usr 0 00:04:57, Sys 0 00:00:06  -  Total Remote Usage
		Usr 0 00:00:00, Sys 0 00:00:00  -  Total Local Usage
	15182  -  Run Bytes Sent By Job
	444  -  Run Bytes Received By Job
	15182  -  Total Bytes Sent By Job
	444  -  Total Bytes Received By Job
	Partitionable Resources :    Usage  Request Allocated 
	   Cpus                 :                 1         1 
	   Disk (KB)            :       29        1   1443381 
	   Memory (MB)          :     1731     2000      2000 

	Job terminated of its own accord at 2021-06-14T11:32:42Z.
...
