14-Jun-2021 13:27:33 CEST  Initiating request to open file file:/eos/cms/store/user/tsarkar/SIM_Condor_output_Vector_MonoZLL_NLO_Mphi-500_Mchi-150_gSM-0p25_gDM-1p0_ctau100p0/step_SIM_2017UL_16.root
14-Jun-2021 13:27:34 CEST  Successfully opened file file:/eos/cms/store/user/tsarkar/SIM_Condor_output_Vector_MonoZLL_NLO_Mphi-500_Mchi-150_gSM-0p25_gDM-1p0_ctau100p0/step_SIM_2017UL_16.root
14-Jun-2021 13:27:39 CEST  Initiating request to open file root://eoscms.cern.ch//eos/cms/store/mc/RunIISummer20ULPrePremix/Neutrino_E-10_gun/PREMIX/UL17_106X_mc2017_realistic_v6-v3/210015/A99D4AD3-91A1-354C-8602-FD3AE9A38009.root
%MSG-w XrdAdaptor:  PreMixingModule:mixData@ctor 14-Jun-2021 13:27:41 CEST  pre-events
Data is served from cern.ch instead of original site eoscms
%MSG
14-Jun-2021 13:27:41 CEST  Successfully opened file root://eoscms.cern.ch//eos/cms/store/mc/RunIISummer20ULPrePremix/Neutrino_E-10_gun/PREMIX/UL17_106X_mc2017_realistic_v6-v3/210015/A99D4AD3-91A1-354C-8602-FD3AE9A38009.root
Begin processing the 1st record. Run 1, Event 753, LumiSection 16 on stream 0 at 14-Jun-2021 13:27:58.227 CEST
14-Jun-2021 13:30:10 CEST  Closed file root://eoscms.cern.ch//eos/cms/store/mc/RunIISummer20ULPrePremix/Neutrino_E-10_gun/PREMIX/UL17_106X_mc2017_realistic_v6-v3/210015/A99D4AD3-91A1-354C-8602-FD3AE9A38009.root
14-Jun-2021 13:30:10 CEST  Initiating request to open file root://eoscms.cern.ch//eos/cms/store/mc/RunIISummer20ULPrePremix/Neutrino_E-10_gun/PREMIX/UL17_106X_mc2017_realistic_v6-v3/210011/18D107DD-51AB-D445-869E-EB6CEDADFB9F.root
%MSG-w XrdAdaptor:  PreMixingModule:mixData 14-Jun-2021 13:30:12 CEST  Run: 1 Event: 753
Data is served from cern.ch instead of original site eoscms
%MSG
14-Jun-2021 13:30:12 CEST  Successfully opened file root://eoscms.cern.ch//eos/cms/store/mc/RunIISummer20ULPrePremix/Neutrino_E-10_gun/PREMIX/UL17_106X_mc2017_realistic_v6-v3/210011/18D107DD-51AB-D445-869E-EB6CEDADFB9F.root
Begin processing the 2nd record. Run 1, Event 751, LumiSection 16 on stream 0 at 14-Jun-2021 13:30:25.014 CEST
Begin processing the 3rd record. Run 1, Event 752, LumiSection 16 on stream 0 at 14-Jun-2021 13:30:28.743 CEST
Begin processing the 4th record. Run 1, Event 755, LumiSection 16 on stream 0 at 14-Jun-2021 13:30:32.706 CEST
Begin processing the 5th record. Run 1, Event 758, LumiSection 16 on stream 0 at 14-Jun-2021 13:30:36.576 CEST
Begin processing the 6th record. Run 1, Event 754, LumiSection 16 on stream 0 at 14-Jun-2021 13:30:40.453 CEST
Begin processing the 7th record. Run 1, Event 756, LumiSection 16 on stream 0 at 14-Jun-2021 13:30:44.551 CEST
Begin processing the 8th record. Run 1, Event 761, LumiSection 16 on stream 0 at 14-Jun-2021 13:30:47.990 CEST
Begin processing the 9th record. Run 1, Event 759, LumiSection 16 on stream 0 at 14-Jun-2021 13:30:51.413 CEST
Begin processing the 10th record. Run 1, Event 757, LumiSection 16 on stream 0 at 14-Jun-2021 13:30:56.225 CEST
Begin processing the 11th record. Run 1, Event 760, LumiSection 16 on stream 0 at 14-Jun-2021 13:31:00.372 CEST
Begin processing the 12th record. Run 1, Event 764, LumiSection 16 on stream 0 at 14-Jun-2021 13:31:04.741 CEST
Begin processing the 13th record. Run 1, Event 762, LumiSection 16 on stream 0 at 14-Jun-2021 13:31:07.939 CEST
Begin processing the 14th record. Run 1, Event 763, LumiSection 16 on stream 0 at 14-Jun-2021 13:31:11.315 CEST
Begin processing the 15th record. Run 1, Event 765, LumiSection 16 on stream 0 at 14-Jun-2021 13:31:14.628 CEST
Begin processing the 16th record. Run 1, Event 769, LumiSection 16 on stream 0 at 14-Jun-2021 13:31:17.616 CEST
Begin processing the 17th record. Run 1, Event 770, LumiSection 16 on stream 0 at 14-Jun-2021 13:31:22.121 CEST
Begin processing the 18th record. Run 1, Event 767, LumiSection 16 on stream 0 at 14-Jun-2021 13:31:25.955 CEST
Begin processing the 19th record. Run 1, Event 768, LumiSection 16 on stream 0 at 14-Jun-2021 13:31:30.796 CEST
Begin processing the 20th record. Run 1, Event 766, LumiSection 16 on stream 0 at 14-Jun-2021 13:31:34.471 CEST
Begin processing the 21st record. Run 1, Event 772, LumiSection 16 on stream 0 at 14-Jun-2021 13:31:38.377 CEST
Begin processing the 22nd record. Run 1, Event 773, LumiSection 16 on stream 0 at 14-Jun-2021 13:31:42.593 CEST
Begin processing the 23rd record. Run 1, Event 771, LumiSection 16 on stream 0 at 14-Jun-2021 13:31:46.414 CEST
Begin processing the 24th record. Run 1, Event 775, LumiSection 16 on stream 0 at 14-Jun-2021 13:31:50.034 CEST
Begin processing the 25th record. Run 1, Event 774, LumiSection 16 on stream 0 at 14-Jun-2021 13:31:52.635 CEST
Begin processing the 26th record. Run 1, Event 778, LumiSection 16 on stream 0 at 14-Jun-2021 13:31:55.888 CEST
Begin processing the 27th record. Run 1, Event 776, LumiSection 16 on stream 0 at 14-Jun-2021 13:31:58.905 CEST
Begin processing the 28th record. Run 1, Event 779, LumiSection 16 on stream 0 at 14-Jun-2021 13:32:02.345 CEST
Begin processing the 29th record. Run 1, Event 777, LumiSection 16 on stream 0 at 14-Jun-2021 13:32:06.869 CEST
Begin processing the 30th record. Run 1, Event 782, LumiSection 16 on stream 0 at 14-Jun-2021 13:32:10.399 CEST
Begin processing the 31st record. Run 1, Event 780, LumiSection 16 on stream 0 at 14-Jun-2021 13:32:14.087 CEST
Begin processing the 32nd record. Run 1, Event 781, LumiSection 16 on stream 0 at 14-Jun-2021 13:32:17.867 CEST
Begin processing the 33rd record. Run 1, Event 783, LumiSection 16 on stream 0 at 14-Jun-2021 13:32:22.139 CEST
Begin processing the 34th record. Run 1, Event 784, LumiSection 16 on stream 0 at 14-Jun-2021 13:32:25.340 CEST
Begin processing the 35th record. Run 1, Event 786, LumiSection 16 on stream 0 at 14-Jun-2021 13:32:28.523 CEST
Begin processing the 36th record. Run 1, Event 787, LumiSection 16 on stream 0 at 14-Jun-2021 13:32:31.890 CEST
Begin processing the 37th record. Run 1, Event 788, LumiSection 16 on stream 0 at 14-Jun-2021 13:32:35.427 CEST
Begin processing the 38th record. Run 1, Event 789, LumiSection 16 on stream 0 at 14-Jun-2021 13:32:39.208 CEST
Begin processing the 39th record. Run 1, Event 785, LumiSection 16 on stream 0 at 14-Jun-2021 13:32:42.655 CEST
Begin processing the 40th record. Run 1, Event 791, LumiSection 16 on stream 0 at 14-Jun-2021 13:32:52.174 CEST
Begin processing the 41st record. Run 1, Event 792, LumiSection 16 on stream 0 at 14-Jun-2021 13:32:56.407 CEST
Begin processing the 42nd record. Run 1, Event 793, LumiSection 16 on stream 0 at 14-Jun-2021 13:33:00.837 CEST
Begin processing the 43rd record. Run 1, Event 794, LumiSection 16 on stream 0 at 14-Jun-2021 13:33:04.898 CEST
Begin processing the 44th record. Run 1, Event 790, LumiSection 16 on stream 0 at 14-Jun-2021 13:33:09.975 CEST
Begin processing the 45th record. Run 1, Event 795, LumiSection 16 on stream 0 at 14-Jun-2021 13:33:14.873 CEST
Begin processing the 46th record. Run 1, Event 796, LumiSection 16 on stream 0 at 14-Jun-2021 13:33:18.857 CEST
Begin processing the 47th record. Run 1, Event 798, LumiSection 16 on stream 0 at 14-Jun-2021 13:33:22.576 CEST
Begin processing the 48th record. Run 1, Event 797, LumiSection 16 on stream 0 at 14-Jun-2021 13:33:26.828 CEST
Begin processing the 49th record. Run 1, Event 799, LumiSection 16 on stream 0 at 14-Jun-2021 13:33:30.891 CEST
Begin processing the 50th record. Run 1, Event 800, LumiSection 16 on stream 0 at 14-Jun-2021 13:33:34.554 CEST
14-Jun-2021 13:33:39 CEST  Closed file file:/eos/cms/store/user/tsarkar/SIM_Condor_output_Vector_MonoZLL_NLO_Mphi-500_Mchi-150_gSM-0p25_gDM-1p0_ctau100p0/step_SIM_2017UL_16.root
14-Jun-2021 13:33:39 CEST  Closed file root://eoscms.cern.ch//eos/cms/store/mc/RunIISummer20ULPrePremix/Neutrino_E-10_gun/PREMIX/UL17_106X_mc2017_realistic_v6-v3/210011/18D107DD-51AB-D445-869E-EB6CEDADFB9F.root

=============================================

MessageLogger Summary

 type     category        sev    module        subroutine        count    total
 ---- -------------------- -- ---------------- ----------------  -----    -----
    1 XrdAdaptor           -w PreMixingModule:                       1        1
    2 XrdAdaptor           -w PreMixingModule:                       1        1
    3 fileAction           -s PreMixingModule:                       3        3
    4 fileAction           -s PreMixingModule:                       2        2
    5 fileAction           -s PreMixingModule:                       1        1
    6 fileAction           -s file_close                             1        1
    7 fileAction           -s file_open                              2        2

 type    category    Examples: run/evt        run/evt          run/evt
 ---- -------------------- ---------------- ---------------- ----------------
    1 XrdAdaptor           1/753                             
    2 XrdAdaptor           pre-events                        
    3 fileAction           1/753            1/753            1/753
    4 fileAction           pre-events       pre-events       
    5 fileAction           PostGlobalEndRun                  
    6 fileAction           PostGlobalEndRun                  
    7 fileAction           pre-events       pre-events       

Severity    # Occurrences   Total Occurrences
--------    -------------   -----------------
Warning                 2                   2
System                  9                   9

dropped waiting message count 0
