000 (7312113.000.000) 06/14 14:46:44 Job submitted from host: <137.138.44.75:9618?addrs=137.138.44.75-9618+[2001-1458-d00-1a--b]-9618&alias=bigbird14.cern.ch&noUDP&sock=schedd_3149486_02ef>
...
040 (7312113.000.000) 06/14 15:40:08 Started transferring input files
	Transferring to host: <188.184.196.215:9618?addrs=188.184.196.215-9618+[2001-1458-301-102--100-d8]-9618&alias=b7g24n0371.cern.ch&noUDP&sock=slot1_5_10427_83c1_92956>
...
040 (7312113.000.000) 06/14 15:40:09 Finished transferring input files
...
001 (7312113.000.000) 06/14 15:40:09 Job executing on host: <188.184.196.215:9618?addrs=188.184.196.215-9618+[2001-1458-301-102--100-d8]-9618&alias=b7g24n0371.cern.ch&noUDP&sock=startd_30488_cf83>
...
006 (7312113.000.000) 06/14 15:40:18 Image size of job updated: 26472
	14  -  MemoryUsage of job (MB)
	13340  -  ResidentSetSize of job (KB)
...
006 (7312113.000.000) 06/14 15:45:18 Image size of job updated: 2243268
	1223  -  MemoryUsage of job (MB)
	1251980  -  ResidentSetSize of job (KB)
...
006 (7312113.000.000) 06/14 15:46:11 Image size of job updated: 2286276
	1229  -  MemoryUsage of job (MB)
	1258436  -  ResidentSetSize of job (KB)
...
040 (7312113.000.000) 06/14 15:46:11 Started transferring output files
...
040 (7312113.000.000) 06/14 15:46:11 Finished transferring output files
...
005 (7312113.000.000) 06/14 15:46:11 Job terminated.
	(1) Normal termination (return value 0)
		Usr 0 00:04:43, Sys 0 00:00:10  -  Run Remote Usage
		Usr 0 00:00:00, Sys 0 00:00:00  -  Run Local Usage
		Usr 0 00:04:43, Sys 0 00:00:10  -  Total Remote Usage
		Usr 0 00:00:00, Sys 0 00:00:00  -  Total Local Usage
	16717  -  Run Bytes Sent By Job
	433  -  Run Bytes Received By Job
	16717  -  Total Bytes Sent By Job
	433  -  Total Bytes Received By Job
	Partitionable Resources :    Usage  Request Allocated 
	   Cpus                 :     1.00        1         1 
	   Disk (KB)            :    37           1    302336 
	   Memory (MB)          :  1229        2000      2000 

	Job terminated of its own accord at 2021-06-14T13:46:11Z.
...
