14-Jun-2021 15:40:39 CEST  Initiating request to open file file:/eos/cms/store/user/tsarkar/DIGIPremix_Condor_output_Vector_MonoZLL_NLO_Mphi-500_Mchi-150_gSM-0p25_gDM-1p0_ctau100p0/step_DIGIPremix_2017UL_14.root
14-Jun-2021 15:40:43 CEST  Successfully opened file file:/eos/cms/store/user/tsarkar/DIGIPremix_Condor_output_Vector_MonoZLL_NLO_Mphi-500_Mchi-150_gSM-0p25_gDM-1p0_ctau100p0/step_DIGIPremix_2017UL_14.root
Begin processing the 1st record. Run 1, Event 103, LumiSection 3 at 14-Jun-2021 15:42:13.497 CEST
Begin processing the 2nd record. Run 1, Event 104, LumiSection 3 at 14-Jun-2021 15:42:23.704 CEST
Begin processing the 3rd record. Run 1, Event 101, LumiSection 3 at 14-Jun-2021 15:42:26.102 CEST
%MSG-w InvalidInputTag:  CSCHaloDataProducer:hltCSCHaloData  14-Jun-2021 15:42:31 CEST Run: 1 Event: 101
 The Cosmic Muon collection does not appear to be in the event. These beam halo  identification variables will be empty
%MSG
Begin processing the 4th record. Run 1, Event 102, LumiSection 3 at 14-Jun-2021 15:42:32.263 CEST
Begin processing the 5th record. Run 1, Event 105, LumiSection 3 at 14-Jun-2021 15:42:33.430 CEST
Begin processing the 6th record. Run 1, Event 108, LumiSection 3 at 14-Jun-2021 15:42:41.604 CEST
Begin processing the 7th record. Run 1, Event 107, LumiSection 3 at 14-Jun-2021 15:42:42.785 CEST
Begin processing the 8th record. Run 1, Event 106, LumiSection 3 at 14-Jun-2021 15:42:45.280 CEST
Begin processing the 9th record. Run 1, Event 109, LumiSection 3 at 14-Jun-2021 15:42:53.669 CEST
Begin processing the 10th record. Run 1, Event 111, LumiSection 3 at 14-Jun-2021 15:42:57.976 CEST
Begin processing the 11th record. Run 1, Event 110, LumiSection 3 at 14-Jun-2021 15:43:00.271 CEST
Begin processing the 12th record. Run 1, Event 112, LumiSection 3 at 14-Jun-2021 15:43:05.263 CEST
Begin processing the 13th record. Run 1, Event 115, LumiSection 3 at 14-Jun-2021 15:43:08.401 CEST
Begin processing the 14th record. Run 1, Event 113, LumiSection 3 at 14-Jun-2021 15:43:09.884 CEST
Begin processing the 15th record. Run 1, Event 114, LumiSection 3 at 14-Jun-2021 15:43:13.812 CEST
Begin processing the 16th record. Run 1, Event 116, LumiSection 3 at 14-Jun-2021 15:43:17.063 CEST
Begin processing the 17th record. Run 1, Event 117, LumiSection 3 at 14-Jun-2021 15:43:20.888 CEST
Begin processing the 18th record. Run 1, Event 118, LumiSection 3 at 14-Jun-2021 15:43:28.259 CEST
Begin processing the 19th record. Run 1, Event 119, LumiSection 3 at 14-Jun-2021 15:43:31.601 CEST
%MSG-w InvalidHelix:   SeedCreatorFromRegionConsecutiveHitsEDProducer:hltFullIter9TobTecSeedsTripl  14-Jun-2021 15:43:55 CEST Run: 1 Event: 119
PixelClusterShapeSeedComparitor helix is not valid, result is bad
%MSG
%MSG-w InvalidHelix:   SeedCreatorFromRegionConsecutiveHitsEDProducer:hltFullIter9TobTecSeedsTripl  14-Jun-2021 15:43:55 CEST Run: 1 Event: 119
PixelClusterShapeSeedComparitor helix is not valid, result is bad
%MSG
Begin processing the 20th record. Run 1, Event 120, LumiSection 3 at 14-Jun-2021 15:43:58.264 CEST
Begin processing the 21st record. Run 1, Event 122, LumiSection 3 at 14-Jun-2021 15:44:03.730 CEST
Begin processing the 22nd record. Run 1, Event 123, LumiSection 3 at 14-Jun-2021 15:44:08.697 CEST
Begin processing the 23rd record. Run 1, Event 126, LumiSection 3 at 14-Jun-2021 15:44:09.157 CEST
Begin processing the 24th record. Run 1, Event 124, LumiSection 3 at 14-Jun-2021 15:44:24.332 CEST
Begin processing the 25th record. Run 1, Event 121, LumiSection 3 at 14-Jun-2021 15:44:27.805 CEST
Begin processing the 26th record. Run 1, Event 128, LumiSection 3 at 14-Jun-2021 15:44:30.350 CEST
%MSG-w InvalidHelix:   SeedCreatorFromRegionConsecutiveHitsEDProducer:hltFullIter9TobTecSeedsPair  14-Jun-2021 15:44:36 CEST Run: 1 Event: 128
PixelClusterShapeSeedComparitor helix is not valid, result is bad
%MSG
Begin processing the 27th record. Run 1, Event 125, LumiSection 3 at 14-Jun-2021 15:44:37.615 CEST
Begin processing the 28th record. Run 1, Event 127, LumiSection 3 at 14-Jun-2021 15:44:44.139 CEST
Begin processing the 29th record. Run 1, Event 129, LumiSection 3 at 14-Jun-2021 15:44:47.867 CEST
Begin processing the 30th record. Run 1, Event 130, LumiSection 3 at 14-Jun-2021 15:44:55.506 CEST
Begin processing the 31st record. Run 1, Event 131, LumiSection 3 at 14-Jun-2021 15:44:59.377 CEST
Begin processing the 32nd record. Run 1, Event 133, LumiSection 3 at 14-Jun-2021 15:45:00.343 CEST
Begin processing the 33rd record. Run 1, Event 134, LumiSection 3 at 14-Jun-2021 15:45:05.269 CEST
Begin processing the 34th record. Run 1, Event 132, LumiSection 3 at 14-Jun-2021 15:45:10.129 CEST
Begin processing the 35th record. Run 1, Event 135, LumiSection 3 at 14-Jun-2021 15:45:15.690 CEST
Begin processing the 36th record. Run 1, Event 138, LumiSection 3 at 14-Jun-2021 15:45:17.701 CEST
Begin processing the 37th record. Run 1, Event 137, LumiSection 3 at 14-Jun-2021 15:45:22.743 CEST
Begin processing the 38th record. Run 1, Event 139, LumiSection 3 at 14-Jun-2021 15:45:28.879 CEST
Begin processing the 39th record. Run 1, Event 136, LumiSection 3 at 14-Jun-2021 15:45:35.673 CEST
Begin processing the 40th record. Run 1, Event 141, LumiSection 3 at 14-Jun-2021 15:45:45.515 CEST
Begin processing the 41st record. Run 1, Event 143, LumiSection 3 at 14-Jun-2021 15:45:53.746 CEST
Begin processing the 42nd record. Run 1, Event 140, LumiSection 3 at 14-Jun-2021 15:45:56.389 CEST
Begin processing the 43rd record. Run 1, Event 142, LumiSection 3 at 14-Jun-2021 15:46:00.922 CEST
Begin processing the 44th record. Run 1, Event 144, LumiSection 3 at 14-Jun-2021 15:46:11.287 CEST
Begin processing the 45th record. Run 1, Event 146, LumiSection 3 at 14-Jun-2021 15:46:12.585 CEST
%MSG-w Muon:  L3MuonProducer:hltL3NoFiltersNoVtxMuonsOIHit  14-Jun-2021 15:46:13 CEST Run: 1 Event: 146
     Failed to load tracker track trajectory
%MSG
%MSG-w RecoMuon:  L3MuonProducer:hltL3NoFiltersNoVtxMuonsOIHit  14-Jun-2021 15:46:13 CEST Run: 1 Event: 146
     Failed to load tracker track trajectory
%MSG
%MSG-w GlobalMuon:  L3MuonProducer:hltL3NoFiltersNoVtxMuonsOIHit  14-Jun-2021 15:46:13 CEST Run: 1 Event: 146
     Failed to load tracker track trajectory
%MSG
%MSG-w GlobalTrajectoryBuilderBase:   L3MuonProducer:hltL3NoFiltersNoVtxMuonsOIHit 14-Jun-2021 15:46:13 CEST  Run: 1 Event: 146
     Failed to load tracker track trajectory
%MSG
Begin processing the 46th record. Run 1, Event 148, LumiSection 3 at 14-Jun-2021 15:46:13.393 CEST
Begin processing the 47th record. Run 1, Event 145, LumiSection 3 at 14-Jun-2021 15:46:19.271 CEST
Begin processing the 48th record. Run 1, Event 149, LumiSection 3 at 14-Jun-2021 15:46:21.354 CEST
Begin processing the 49th record. Run 1, Event 147, LumiSection 3 at 14-Jun-2021 15:46:22.164 CEST
Begin processing the 50th record. Run 1, Event 150, LumiSection 3 at 14-Jun-2021 15:46:23.645 CEST
14-Jun-2021 15:46:29 CEST  Closed file file:/eos/cms/store/user/tsarkar/DIGIPremix_Condor_output_Vector_MonoZLL_NLO_Mphi-500_Mchi-150_gSM-0p25_gDM-1p0_ctau100p0/step_DIGIPremix_2017UL_14.root

=============================================

MessageLogger Summary

 type     category        sev    module        subroutine        count    total
 ---- -------------------- -- ---------------- ----------------  -----    -----
    1 GlobalMuon           -w L3MuonProducer:h                       1        1
    2 GlobalTrajectoryBuil -w L3MuonProducer:h                       1        1
    3 InvalidHelix         -w SeedCreatorFromR                       1        1
    4 InvalidHelix         -w SeedCreatorFromR                       2        2
    5 InvalidInputTag      -w CSCHaloDataProdu                       1        1
    6 Muon                 -w L3MuonProducer:h                       1        1
    7 RecoMuon             -w L3MuonProducer:h                       1        1
    8 fileAction           -s file_close                             1        1
    9 fileAction           -s file_open                              2        2

 type    category    Examples: run/evt        run/evt          run/evt
 ---- -------------------- ---------------- ---------------- ----------------
    1 GlobalMuon           1/146                             
    2 GlobalTrajectoryBuilderBase 1/146                             
    3 InvalidHelix         1/128                             
    4 InvalidHelix         1/119            1/119            
    5 InvalidInputTag      1/101                             
    6 Muon                 1/146                             
    7 RecoMuon             1/146                             
    8 fileAction           PostGlobalEndRun                  
    9 fileAction           pre-events       pre-events       

Severity    # Occurrences   Total Occurrences
--------    -------------   -----------------
Warning                 8                   8
System                  3                   3

dropped waiting message count 0
