14-Jun-2021 15:41:10 CEST  Initiating request to open file file:/eos/cms/store/user/tsarkar/DIGIPremix_Condor_output_Vector_MonoZLL_NLO_Mphi-500_Mchi-150_gSM-0p25_gDM-1p0_ctau100p0/step_DIGIPremix_2017UL_2.root
14-Jun-2021 15:41:15 CEST  Successfully opened file file:/eos/cms/store/user/tsarkar/DIGIPremix_Condor_output_Vector_MonoZLL_NLO_Mphi-500_Mchi-150_gSM-0p25_gDM-1p0_ctau100p0/step_DIGIPremix_2017UL_2.root
Begin processing the 1st record. Run 1, Event 454, LumiSection 10 at 14-Jun-2021 15:42:57.609 CEST
Begin processing the 2nd record. Run 1, Event 451, LumiSection 10 at 14-Jun-2021 15:43:03.923 CEST
Begin processing the 3rd record. Run 1, Event 453, LumiSection 10 at 14-Jun-2021 15:43:07.788 CEST
Begin processing the 4th record. Run 1, Event 455, LumiSection 10 at 14-Jun-2021 15:43:08.564 CEST
Begin processing the 5th record. Run 1, Event 457, LumiSection 10 at 14-Jun-2021 15:43:15.172 CEST
Begin processing the 6th record. Run 1, Event 452, LumiSection 10 at 14-Jun-2021 15:43:20.369 CEST
Begin processing the 7th record. Run 1, Event 456, LumiSection 10 at 14-Jun-2021 15:43:26.278 CEST
Begin processing the 8th record. Run 1, Event 459, LumiSection 10 at 14-Jun-2021 15:43:28.415 CEST
%MSG-w InvalidInputTag:  CSCHaloDataProducer:hltCSCHaloData  14-Jun-2021 15:43:31 CEST Run: 1 Event: 459
 The Cosmic Muon collection does not appear to be in the event. These beam halo  identification variables will be empty
%MSG
Begin processing the 9th record. Run 1, Event 460, LumiSection 10 at 14-Jun-2021 15:43:31.986 CEST
Begin processing the 10th record. Run 1, Event 458, LumiSection 10 at 14-Jun-2021 15:43:36.672 CEST
Begin processing the 11th record. Run 1, Event 461, LumiSection 10 at 14-Jun-2021 15:43:41.232 CEST
Begin processing the 12th record. Run 1, Event 463, LumiSection 10 at 14-Jun-2021 15:43:44.869 CEST
Begin processing the 13th record. Run 1, Event 462, LumiSection 10 at 14-Jun-2021 15:43:50.006 CEST
Begin processing the 14th record. Run 1, Event 467, LumiSection 10 at 14-Jun-2021 15:43:51.741 CEST
Begin processing the 15th record. Run 1, Event 468, LumiSection 10 at 14-Jun-2021 15:43:55.837 CEST
Begin processing the 16th record. Run 1, Event 464, LumiSection 10 at 14-Jun-2021 15:44:04.185 CEST
Begin processing the 17th record. Run 1, Event 466, LumiSection 10 at 14-Jun-2021 15:44:07.629 CEST
%MSG-w Muon:  L3MuonProducer:hltL3NoFiltersNoVtxMuonsOIHit  14-Jun-2021 15:44:08 CEST Run: 1 Event: 466
     Failed to load tracker track trajectory
%MSG
%MSG-w RecoMuon:  L3MuonProducer:hltL3NoFiltersNoVtxMuonsOIHit  14-Jun-2021 15:44:08 CEST Run: 1 Event: 466
     Failed to load tracker track trajectory
%MSG
%MSG-w GlobalMuon:  L3MuonProducer:hltL3NoFiltersNoVtxMuonsOIHit  14-Jun-2021 15:44:08 CEST Run: 1 Event: 466
     Failed to load tracker track trajectory
%MSG
%MSG-w GlobalTrajectoryBuilderBase:   L3MuonProducer:hltL3NoFiltersNoVtxMuonsOIHit 14-Jun-2021 15:44:08 CEST  Run: 1 Event: 466
     Failed to load tracker track trajectory
%MSG
Begin processing the 18th record. Run 1, Event 471, LumiSection 10 at 14-Jun-2021 15:44:13.620 CEST
Begin processing the 19th record. Run 1, Event 469, LumiSection 10 at 14-Jun-2021 15:44:16.365 CEST
Begin processing the 20th record. Run 1, Event 465, LumiSection 10 at 14-Jun-2021 15:44:18.034 CEST
Begin processing the 21st record. Run 1, Event 472, LumiSection 10 at 14-Jun-2021 15:44:22.413 CEST
Begin processing the 22nd record. Run 1, Event 470, LumiSection 10 at 14-Jun-2021 15:44:23.391 CEST
Begin processing the 23rd record. Run 1, Event 476, LumiSection 10 at 14-Jun-2021 15:44:27.476 CEST
Begin processing the 24th record. Run 1, Event 477, LumiSection 10 at 14-Jun-2021 15:44:30.416 CEST
Begin processing the 25th record. Run 1, Event 475, LumiSection 10 at 14-Jun-2021 15:44:32.233 CEST
Begin processing the 26th record. Run 1, Event 474, LumiSection 10 at 14-Jun-2021 15:44:36.767 CEST
Begin processing the 27th record. Run 1, Event 478, LumiSection 10 at 14-Jun-2021 15:44:39.920 CEST
Begin processing the 28th record. Run 1, Event 479, LumiSection 10 at 14-Jun-2021 15:44:44.359 CEST
Begin processing the 29th record. Run 1, Event 473, LumiSection 10 at 14-Jun-2021 15:44:47.824 CEST
Begin processing the 30th record. Run 1, Event 481, LumiSection 10 at 14-Jun-2021 15:44:50.895 CEST
Begin processing the 31st record. Run 1, Event 480, LumiSection 10 at 14-Jun-2021 15:44:51.763 CEST
Begin processing the 32nd record. Run 1, Event 483, LumiSection 10 at 14-Jun-2021 15:44:56.609 CEST
Begin processing the 33rd record. Run 1, Event 485, LumiSection 10 at 14-Jun-2021 15:44:57.935 CEST
Begin processing the 34th record. Run 1, Event 482, LumiSection 10 at 14-Jun-2021 15:45:00.923 CEST
Begin processing the 35th record. Run 1, Event 484, LumiSection 10 at 14-Jun-2021 15:45:07.579 CEST
Begin processing the 36th record. Run 1, Event 486, LumiSection 10 at 14-Jun-2021 15:45:12.765 CEST
Begin processing the 37th record. Run 1, Event 490, LumiSection 10 at 14-Jun-2021 15:45:15.375 CEST
%MSG-e TrajectoryNotPosDef:  TrackProducer:hltFullIter6CtfWithMaterialTracks  14-Jun-2021 15:45:19 CEST Run: 1 Event: 490
Trajectory covariance is not positive-definite
%MSG
Begin processing the 38th record. Run 1, Event 488, LumiSection 10 at 14-Jun-2021 15:45:20.460 CEST
Begin processing the 39th record. Run 1, Event 487, LumiSection 10 at 14-Jun-2021 15:45:22.273 CEST
Begin processing the 40th record. Run 1, Event 489, LumiSection 10 at 14-Jun-2021 15:45:24.921 CEST
Begin processing the 41st record. Run 1, Event 493, LumiSection 10 at 14-Jun-2021 15:45:34.020 CEST
Begin processing the 42nd record. Run 1, Event 492, LumiSection 10 at 14-Jun-2021 15:45:34.706 CEST
Begin processing the 43rd record. Run 1, Event 494, LumiSection 10 at 14-Jun-2021 15:45:37.956 CEST
Begin processing the 44th record. Run 1, Event 491, LumiSection 10 at 14-Jun-2021 15:45:38.471 CEST
%MSG-w Muon:  L3MuonProducer:hltL3NoFiltersNoVtxMuonsOIState  14-Jun-2021 15:45:38 CEST Run: 1 Event: 491
     Failed to load tracker track trajectory
%MSG
%MSG-w RecoMuon:  L3MuonProducer:hltL3NoFiltersNoVtxMuonsOIState  14-Jun-2021 15:45:38 CEST Run: 1 Event: 491
     Failed to load tracker track trajectory
%MSG
%MSG-w GlobalMuon:  L3MuonProducer:hltL3NoFiltersNoVtxMuonsOIState  14-Jun-2021 15:45:38 CEST Run: 1 Event: 491
     Failed to load tracker track trajectory
%MSG
%MSG-w GlobalTrajectoryBuilderBase:   L3MuonProducer:hltL3NoFiltersNoVtxMuonsOIState 14-Jun-2021 15:45:38 CEST  Run: 1 Event: 491
     Failed to load tracker track trajectory
%MSG
%MSG-w Muon:  L3MuonProducer:hltL3NoFiltersNoVtxMuonsOIHit  14-Jun-2021 15:45:38 CEST Run: 1 Event: 491
     Failed to load tracker track trajectory
%MSG
%MSG-w RecoMuon:  L3MuonProducer:hltL3NoFiltersNoVtxMuonsOIHit  14-Jun-2021 15:45:38 CEST Run: 1 Event: 491
     Failed to load tracker track trajectory
%MSG
%MSG-w GlobalMuon:  L3MuonProducer:hltL3NoFiltersNoVtxMuonsOIHit  14-Jun-2021 15:45:38 CEST Run: 1 Event: 491
     Failed to load tracker track trajectory
%MSG
%MSG-w GlobalTrajectoryBuilderBase:   L3MuonProducer:hltL3NoFiltersNoVtxMuonsOIHit 14-Jun-2021 15:45:38 CEST  Run: 1 Event: 491
     Failed to load tracker track trajectory
%MSG
%MSG-w Muon:  L3MuonProducer:hltL3NoFiltersNoVtxMuonsOIHit  14-Jun-2021 15:45:38 CEST Run: 1 Event: 491
     Failed to load tracker track trajectory
%MSG
%MSG-w RecoMuon:  L3MuonProducer:hltL3NoFiltersNoVtxMuonsOIHit  14-Jun-2021 15:45:38 CEST Run: 1 Event: 491
     Failed to load tracker track trajectory
%MSG
%MSG-w GlobalMuon:  L3MuonProducer:hltL3NoFiltersNoVtxMuonsOIHit  14-Jun-2021 15:45:38 CEST Run: 1 Event: 491
     Failed to load tracker track trajectory
%MSG
%MSG-w GlobalTrajectoryBuilderBase:   L3MuonProducer:hltL3NoFiltersNoVtxMuonsOIHit 14-Jun-2021 15:45:38 CEST  Run: 1 Event: 491
     Failed to load tracker track trajectory
%MSG
Begin processing the 45th record. Run 1, Event 496, LumiSection 10 at 14-Jun-2021 15:45:42.982 CEST
Begin processing the 46th record. Run 1, Event 498, LumiSection 10 at 14-Jun-2021 15:45:49.158 CEST
Begin processing the 47th record. Run 1, Event 499, LumiSection 10 at 14-Jun-2021 15:45:54.250 CEST
Begin processing the 48th record. Run 1, Event 500, LumiSection 10 at 14-Jun-2021 15:45:55.256 CEST
Begin processing the 49th record. Run 1, Event 495, LumiSection 10 at 14-Jun-2021 15:45:55.671 CEST
Begin processing the 50th record. Run 1, Event 497, LumiSection 10 at 14-Jun-2021 15:46:02.556 CEST
14-Jun-2021 15:46:05 CEST  Closed file file:/eos/cms/store/user/tsarkar/DIGIPremix_Condor_output_Vector_MonoZLL_NLO_Mphi-500_Mchi-150_gSM-0p25_gDM-1p0_ctau100p0/step_DIGIPremix_2017UL_2.root

=============================================

MessageLogger Summary

 type     category        sev    module        subroutine        count    total
 ---- -------------------- -- ---------------- ----------------  -----    -----
    1 GlobalMuon           -w L3MuonProducer:h                       3        3
    2 GlobalMuon           -w L3MuonProducer:h                       1        1
    3 GlobalTrajectoryBuil -w L3MuonProducer:h                       3        3
    4 GlobalTrajectoryBuil -w L3MuonProducer:h                       1        1
    5 InvalidInputTag      -w CSCHaloDataProdu                       1        1
    6 Muon                 -w L3MuonProducer:h                       3        3
    7 Muon                 -w L3MuonProducer:h                       1        1
    8 RecoMuon             -w L3MuonProducer:h                       3        3
    9 RecoMuon             -w L3MuonProducer:h                       1        1
   10 TrajectoryNotPosDef  -e TrackProducer:hl                       1        1
   11 fileAction           -s file_close                             1        1
   12 fileAction           -s file_open                              2        2

 type    category    Examples: run/evt        run/evt          run/evt
 ---- -------------------- ---------------- ---------------- ----------------
    1 GlobalMuon           1/466            1/491            1/491
    2 GlobalMuon           1/491                             
    3 GlobalTrajectoryBuilderBase 1/466            1/491            1/491
    4 GlobalTrajectoryBuilderBase 1/491                             
    5 InvalidInputTag      1/459                             
    6 Muon                 1/466            1/491            1/491
    7 Muon                 1/491                             
    8 RecoMuon             1/466            1/491            1/491
    9 RecoMuon             1/491                             
   10 TrajectoryNotPosDef  1/490                             
   11 fileAction           PostGlobalEndRun                  
   12 fileAction           pre-events       pre-events       

Severity    # Occurrences   Total Occurrences
--------    -------------   -----------------
Warning                17                  17
Error                   1                   1
System                  3                   3

dropped waiting message count 0
