000 (7312105.000.000) 06/14 14:46:30 Job submitted from host: <137.138.44.75:9618?addrs=137.138.44.75-9618+[2001-1458-d00-1a--b]-9618&alias=bigbird14.cern.ch&noUDP&sock=schedd_3149486_02ef>
...
040 (7312105.000.000) 06/14 15:40:06 Started transferring input files
	Transferring to host: <188.184.138.213:9618?addrs=188.184.138.213-9618+[2001-1458-301-45--100-c2]-9618&alias=b7g42n0400.cern.ch&noUDP&sock=slot1_3_5581_11bc_37413>
...
040 (7312105.000.000) 06/14 15:40:06 Finished transferring input files
...
001 (7312105.000.000) 06/14 15:40:07 Job executing on host: <188.184.138.213:9618?addrs=188.184.138.213-9618+[2001-1458-301-45--100-c2]-9618&alias=b7g42n0400.cern.ch&noUDP&sock=startd_4882_3972>
...
006 (7312105.000.000) 06/14 15:40:15 Image size of job updated: 244668
	17  -  MemoryUsage of job (MB)
	17300  -  ResidentSetSize of job (KB)
...
006 (7312105.000.000) 06/14 15:45:15 Image size of job updated: 2274236
	1262  -  MemoryUsage of job (MB)
	1291800  -  ResidentSetSize of job (KB)
...
006 (7312105.000.000) 06/14 15:47:17 Image size of job updated: 2388924
	1262  -  MemoryUsage of job (MB)
	1291800  -  ResidentSetSize of job (KB)
...
040 (7312105.000.000) 06/14 15:47:18 Started transferring output files
...
040 (7312105.000.000) 06/14 15:47:18 Finished transferring output files
...
005 (7312105.000.000) 06/14 15:47:18 Job terminated.
	(1) Normal termination (return value 0)
		Usr 0 00:05:38, Sys 0 00:00:07  -  Run Remote Usage
		Usr 0 00:00:00, Sys 0 00:00:00  -  Run Local Usage
		Usr 0 00:05:38, Sys 0 00:00:07  -  Total Remote Usage
		Usr 0 00:00:00, Sys 0 00:00:00  -  Total Local Usage
	14712  -  Run Bytes Sent By Job
	432  -  Run Bytes Received By Job
	14712  -  Total Bytes Sent By Job
	432  -  Total Bytes Received By Job
	Partitionable Resources :    Usage  Request Allocated 
	   Cpus                 :     0.99        1         1 
	   Disk (KB)            :    35           1    293240 
	   Memory (MB)          :  1262        2000      2000 

	Job terminated of its own accord at 2021-06-14T13:47:17Z.
...
