000 (7312109.000.000) 06/14 14:46:36 Job submitted from host: <137.138.44.75:9618?addrs=137.138.44.75-9618+[2001-1458-d00-1a--b]-9618&alias=bigbird14.cern.ch&noUDP&sock=schedd_3149486_02ef>
...
040 (7312109.000.000) 06/14 15:46:32 Started transferring input files
	Transferring to host: <188.184.190.111:9618?addrs=188.184.190.111-9618+[2001-1458-301-4b--100-4e]-9618&alias=b7g42n0240.cern.ch&noUDP&sock=slot1_2_5641_583e_49318>
...
040 (7312109.000.000) 06/14 15:46:32 Finished transferring input files
...
001 (7312109.000.000) 06/14 15:46:33 Job executing on host: <188.184.190.111:9618?addrs=188.184.190.111-9618+[2001-1458-301-4b--100-4e]-9618&alias=b7g42n0240.cern.ch&noUDP&sock=startd_4364_eb63>
...
006 (7312109.000.000) 06/14 15:46:41 Image size of job updated: 66332
	52  -  MemoryUsage of job (MB)
	52676  -  ResidentSetSize of job (KB)
...
006 (7312109.000.000) 06/14 15:51:41 Image size of job updated: 2268088
	1255  -  MemoryUsage of job (MB)
	1284268  -  ResidentSetSize of job (KB)
...
006 (7312109.000.000) 06/14 15:53:12 Image size of job updated: 2327480
	1255  -  MemoryUsage of job (MB)
	1284268  -  ResidentSetSize of job (KB)
...
040 (7312109.000.000) 06/14 15:53:12 Started transferring output files
...
040 (7312109.000.000) 06/14 15:53:12 Finished transferring output files
...
005 (7312109.000.000) 06/14 15:53:13 Job terminated.
	(1) Normal termination (return value 0)
		Usr 0 00:05:53, Sys 0 00:00:08  -  Run Remote Usage
		Usr 0 00:00:00, Sys 0 00:00:00  -  Run Local Usage
		Usr 0 00:05:53, Sys 0 00:00:08  -  Total Remote Usage
		Usr 0 00:00:00, Sys 0 00:00:00  -  Total Local Usage
	17009  -  Run Bytes Sent By Job
	432  -  Run Bytes Received By Job
	17009  -  Total Bytes Sent By Job
	432  -  Total Bytes Received By Job
	Partitionable Resources :    Usage  Request Allocated 
	   Cpus                 :     1.00        1         1 
	   Disk (KB)            :    38           1    302279 
	   Memory (MB)          :  1255        2000      2000 

	Job terminated of its own accord at 2021-06-14T13:53:12Z.
...
