000 (7312108.000.000) 06/14 14:46:35 Job submitted from host: <137.138.44.75:9618?addrs=137.138.44.75-9618+[2001-1458-d00-1a--b]-9618&alias=bigbird14.cern.ch&noUDP&sock=schedd_3149486_02ef>
...
040 (7312108.000.000) 06/14 15:40:07 Started transferring input files
	Transferring to host: <188.184.212.113:9618?addrs=188.184.212.113-9618+[2001-1458-301-10c--100-60]-9618&alias=b7g24n0174.cern.ch&noUDP&sock=slot1_1_3170_4d3a_42426>
...
040 (7312108.000.000) 06/14 15:40:07 Finished transferring input files
...
001 (7312108.000.000) 06/14 15:40:08 Job executing on host: <188.184.212.113:9618?addrs=188.184.212.113-9618+[2001-1458-301-10c--100-60]-9618&alias=b7g24n0174.cern.ch&noUDP&sock=startd_2761_6513>
...
006 (7312108.000.000) 06/14 15:40:17 Image size of job updated: 240588
	21  -  MemoryUsage of job (MB)
	21000  -  ResidentSetSize of job (KB)
...
006 (7312108.000.000) 06/14 15:45:18 Image size of job updated: 2276804
	1214  -  MemoryUsage of job (MB)
	1242668  -  ResidentSetSize of job (KB)
...
006 (7312108.000.000) 06/14 15:47:29 Image size of job updated: 2364868
	1214  -  MemoryUsage of job (MB)
	1242724  -  ResidentSetSize of job (KB)
...
040 (7312108.000.000) 06/14 15:47:29 Started transferring output files
...
040 (7312108.000.000) 06/14 15:47:30 Finished transferring output files
...
005 (7312108.000.000) 06/14 15:47:30 Job terminated.
	(1) Normal termination (return value 0)
		Usr 0 00:06:00, Sys 0 00:00:08  -  Run Remote Usage
		Usr 0 00:00:00, Sys 0 00:00:00  -  Run Local Usage
		Usr 0 00:06:00, Sys 0 00:00:08  -  Total Remote Usage
		Usr 0 00:00:00, Sys 0 00:00:00  -  Total Local Usage
	15224  -  Run Bytes Sent By Job
	432  -  Run Bytes Received By Job
	15224  -  Total Bytes Sent By Job
	432  -  Total Bytes Received By Job
	Partitionable Resources :    Usage  Request Allocated 
	   Cpus                 :     0.99        1         1 
	   Disk (KB)            :    36           1    304188 
	   Memory (MB)          :  1214        2000      2000 

	Job terminated of its own accord at 2021-06-14T13:47:29Z.
...
