14-Jun-2021 15:40:47 CEST  Initiating request to open file file:/eos/cms/store/user/tsarkar/DIGIPremix_Condor_output_Vector_MonoZLL_NLO_Mphi-500_Mchi-150_gSM-0p25_gDM-1p0_ctau100p0/step_DIGIPremix_2017UL_19.root
14-Jun-2021 15:40:51 CEST  Successfully opened file file:/eos/cms/store/user/tsarkar/DIGIPremix_Condor_output_Vector_MonoZLL_NLO_Mphi-500_Mchi-150_gSM-0p25_gDM-1p0_ctau100p0/step_DIGIPremix_2017UL_19.root
Begin processing the 1st record. Run 1, Event 353, LumiSection 8 at 14-Jun-2021 15:42:29.824 CEST
Begin processing the 2nd record. Run 1, Event 354, LumiSection 8 at 14-Jun-2021 15:42:47.288 CEST
Begin processing the 3rd record. Run 1, Event 352, LumiSection 8 at 14-Jun-2021 15:42:50.458 CEST
Begin processing the 4th record. Run 1, Event 351, LumiSection 8 at 14-Jun-2021 15:42:53.983 CEST
%MSG-e TrajectoryNotPosDef:   TrackProducer:hltIter2ElectronsCtfWithMaterialTracks 14-Jun-2021 15:42:55 CEST  Run: 1 Event: 351
Trajectory covariance is not positive-definite
%MSG
Begin processing the 5th record. Run 1, Event 356, LumiSection 8 at 14-Jun-2021 15:43:06.995 CEST
Begin processing the 6th record. Run 1, Event 357, LumiSection 8 at 14-Jun-2021 15:43:12.681 CEST
Begin processing the 7th record. Run 1, Event 355, LumiSection 8 at 14-Jun-2021 15:43:18.179 CEST
Begin processing the 8th record. Run 1, Event 358, LumiSection 8 at 14-Jun-2021 15:43:19.450 CEST
Begin processing the 9th record. Run 1, Event 360, LumiSection 8 at 14-Jun-2021 15:43:26.783 CEST
Begin processing the 10th record. Run 1, Event 361, LumiSection 8 at 14-Jun-2021 15:43:34.934 CEST
Begin processing the 11th record. Run 1, Event 359, LumiSection 8 at 14-Jun-2021 15:43:38.210 CEST
Begin processing the 12th record. Run 1, Event 362, LumiSection 8 at 14-Jun-2021 15:43:41.005 CEST
Begin processing the 13th record. Run 1, Event 364, LumiSection 8 at 14-Jun-2021 15:43:50.166 CEST
Begin processing the 14th record. Run 1, Event 363, LumiSection 8 at 14-Jun-2021 15:43:54.108 CEST
Begin processing the 15th record. Run 1, Event 367, LumiSection 8 at 14-Jun-2021 15:44:00.930 CEST
Begin processing the 16th record. Run 1, Event 365, LumiSection 8 at 14-Jun-2021 15:44:10.016 CEST
Begin processing the 17th record. Run 1, Event 369, LumiSection 8 at 14-Jun-2021 15:44:15.278 CEST
Begin processing the 18th record. Run 1, Event 366, LumiSection 8 at 14-Jun-2021 15:44:22.500 CEST
Begin processing the 19th record. Run 1, Event 368, LumiSection 8 at 14-Jun-2021 15:44:24.504 CEST
Begin processing the 20th record. Run 1, Event 371, LumiSection 8 at 14-Jun-2021 15:44:38.019 CEST
Begin processing the 21st record. Run 1, Event 370, LumiSection 8 at 14-Jun-2021 15:44:38.705 CEST
Begin processing the 22nd record. Run 1, Event 375, LumiSection 8 at 14-Jun-2021 15:44:44.373 CEST
Begin processing the 23rd record. Run 1, Event 373, LumiSection 8 at 14-Jun-2021 15:44:51.500 CEST
Begin processing the 24th record. Run 1, Event 372, LumiSection 8 at 14-Jun-2021 15:45:01.362 CEST
%MSG-w BasicTrajectoryState:  GsfTrackProducer:hltEgammaGsfTracks  14-Jun-2021 15:45:01 CEST Run: 1 Event: 372
curv error not pos-def
[  1.26786e+07    -277.568     -602488     184.987    -935.097
      -277.568  0.00629978       13.19 -0.00455639   0.0223265
       -602488       13.19     28630.3     -8.7922     44.4349
       184.987 -0.00455639     -8.7922 -0.00343562  -0.0178682
      -935.097   0.0223265     44.4349  -0.0178682   0.0843896 ]
pos/mom/mf  (0.470764,7.19323,-12.229)   (0.733642,11.0816,-21.0881)   (-1.46123e-05,-0.000223275,3.81085) 
%MSG
%MSG-w BasicTrajectoryState:  GsfTrackProducer:hltEgammaGsfTracks  14-Jun-2021 15:45:01 CEST Run: 1 Event: 372
local error not pos-def
[  1.26786e+07      603064    -32663.1    -185.128     2017.34
        603064     28685.1    -1553.64    -8.80731      95.954
      -32663.1    -1553.64     84.1529    0.474688    -5.17857
      -185.128    -8.80731    0.474688 -0.00343638  -0.0381842
       2017.34      95.954    -5.17857  -0.0381842     0.39303 ]
pos/mom/mf  (0.470764,7.19323,-12.229)   (0.733642,11.0816,-21.0881)   (-1.46123e-05,-0.000223275,3.81085) 
%MSG
%MSG-e PosteriorWeightsCalculator:  GsfTrackProducer:hltEgammaGsfTracks  14-Jun-2021 15:45:01 CEST Run: 1 Event: 372
PosteriorWeightsCalculator: sumWeight < DBL_MIN
%MSG
%MSG-e GsfMultiStateUpdator:  GsfTrackProducer:hltEgammaGsfTracks  14-Jun-2021 15:45:01 CEST Run: 1 Event: 372
 no weights could be retreived. invalid updated state !.
%MSG
%MSG-e InvalidState:  GsfTrackProducer:hltEgammaGsfTracks  14-Jun-2021 15:45:01 CEST Run: 1 Event: 372
inside hit
%MSG
Begin processing the 25th record. Run 1, Event 374, LumiSection 8 at 14-Jun-2021 15:45:03.328 CEST
%MSG-w InvalidHelix:   SeedCreatorFromRegionConsecutiveHitsEDProducer:hltFullIter6PixelSeedsA  14-Jun-2021 15:45:10 CEST Run: 1 Event: 374
PixelClusterShapeSeedComparitor helix is not valid, result is bad
%MSG
Begin processing the 26th record. Run 1, Event 378, LumiSection 8 at 14-Jun-2021 15:45:14.384 CEST
Begin processing the 27th record. Run 1, Event 376, LumiSection 8 at 14-Jun-2021 15:45:16.837 CEST
Begin processing the 28th record. Run 1, Event 377, LumiSection 8 at 14-Jun-2021 15:45:20.803 CEST
%MSG-w InvalidHelix:   SeedCreatorFromRegionConsecutiveHitsEDProducer:hltFullIter9TobTecSeedsTripl  14-Jun-2021 15:45:24 CEST Run: 1 Event: 377
PixelClusterShapeSeedComparitor helix is not valid, result is bad
%MSG
Begin processing the 29th record. Run 1, Event 381, LumiSection 8 at 14-Jun-2021 15:45:25.263 CEST
Begin processing the 30th record. Run 1, Event 379, LumiSection 8 at 14-Jun-2021 15:45:32.899 CEST
Begin processing the 31st record. Run 1, Event 380, LumiSection 8 at 14-Jun-2021 15:45:40.197 CEST
%MSG-w InvalidHelix:   SeedCreatorFromRegionConsecutiveHitsEDProducer:hltFullIter9TobTecSeedsTripl  14-Jun-2021 15:45:43 CEST Run: 1 Event: 380
PixelClusterShapeSeedComparitor helix is not valid, result is bad
%MSG
%MSG-w InvalidHelix:   SeedCreatorFromRegionConsecutiveHitsEDProducer:hltFullIter9TobTecSeedsTripl  14-Jun-2021 15:45:43 CEST Run: 1 Event: 380
PixelClusterShapeSeedComparitor helix is not valid, result is bad
%MSG
Begin processing the 32nd record. Run 1, Event 384, LumiSection 8 at 14-Jun-2021 15:45:43.910 CEST
Begin processing the 33rd record. Run 1, Event 385, LumiSection 8 at 14-Jun-2021 15:45:47.768 CEST
Begin processing the 34th record. Run 1, Event 382, LumiSection 8 at 14-Jun-2021 15:45:51.889 CEST
Begin processing the 35th record. Run 1, Event 383, LumiSection 8 at 14-Jun-2021 15:45:58.793 CEST
%MSG-w InvalidInputTag:  CSCHaloDataProducer:hltCSCHaloData  14-Jun-2021 15:46:11 CEST Run: 1 Event: 383
 The Cosmic Muon collection does not appear to be in the event. These beam halo  identification variables will be empty
%MSG
Begin processing the 36th record. Run 1, Event 386, LumiSection 8 at 14-Jun-2021 15:46:12.259 CEST
Begin processing the 37th record. Run 1, Event 387, LumiSection 8 at 14-Jun-2021 15:46:17.604 CEST
Begin processing the 38th record. Run 1, Event 389, LumiSection 8 at 14-Jun-2021 15:46:18.133 CEST
Begin processing the 39th record. Run 1, Event 391, LumiSection 8 at 14-Jun-2021 15:46:28.173 CEST
Begin processing the 40th record. Run 1, Event 388, LumiSection 8 at 14-Jun-2021 15:46:31.724 CEST
%MSG-w InvalidHelix:   SeedCreatorFromRegionConsecutiveHitsTripletOnlyEDProducer:hltFullIter8PixelLessSeeds  14-Jun-2021 15:46:38 CEST Run: 1 Event: 388
PixelClusterShapeSeedComparitor helix is not valid, result is bad
%MSG
Begin processing the 41st record. Run 1, Event 392, LumiSection 8 at 14-Jun-2021 15:46:39.553 CEST
Begin processing the 42nd record. Run 1, Event 390, LumiSection 8 at 14-Jun-2021 15:46:44.162 CEST
%MSG-w InvalidHelix:   SeedCreatorFromRegionConsecutiveHitsTripletOnlyEDProducer:hltFullIter8PixelLessSeeds  14-Jun-2021 15:46:48 CEST Run: 1 Event: 390
PixelClusterShapeSeedComparitor helix is not valid, result is bad
%MSG
Begin processing the 43rd record. Run 1, Event 393, LumiSection 8 at 14-Jun-2021 15:46:49.285 CEST
Begin processing the 44th record. Run 1, Event 395, LumiSection 8 at 14-Jun-2021 15:46:52.751 CEST
Begin processing the 45th record. Run 1, Event 397, LumiSection 8 at 14-Jun-2021 15:46:56.885 CEST
Begin processing the 46th record. Run 1, Event 396, LumiSection 8 at 14-Jun-2021 15:47:01.694 CEST
Begin processing the 47th record. Run 1, Event 394, LumiSection 8 at 14-Jun-2021 15:47:07.455 CEST
Begin processing the 48th record. Run 1, Event 399, LumiSection 8 at 14-Jun-2021 15:47:10.754 CEST
Begin processing the 49th record. Run 1, Event 398, LumiSection 8 at 14-Jun-2021 15:47:13.989 CEST
Begin processing the 50th record. Run 1, Event 400, LumiSection 8 at 14-Jun-2021 15:47:18.675 CEST
14-Jun-2021 15:47:22 CEST  Closed file file:/eos/cms/store/user/tsarkar/DIGIPremix_Condor_output_Vector_MonoZLL_NLO_Mphi-500_Mchi-150_gSM-0p25_gDM-1p0_ctau100p0/step_DIGIPremix_2017UL_19.root

=============================================

MessageLogger Summary

 type     category        sev    module        subroutine        count    total
 ---- -------------------- -- ---------------- ----------------  -----    -----
    1 BasicTrajectoryState -w GsfTrackProducer                       2        2
    2 InvalidHelix         -w SeedCreatorFromR                       1        1
    3 InvalidHelix         -w SeedCreatorFromR                       3        3
    4 InvalidHelix         -w SeedCreatorFromR                       2        2
    5 InvalidInputTag      -w CSCHaloDataProdu                       1        1
    6 GsfMultiStateUpdator -e GsfTrackProducer                       1        1
    7 InvalidState         -e GsfTrackProducer                       1        1
    8 PosteriorWeightsCalc -e GsfTrackProducer                       1        1
    9 TrajectoryNotPosDef  -e TrackProducer:hl                       1        1
   10 fileAction           -s file_close                             1        1
   11 fileAction           -s file_open                              2        2

 type    category    Examples: run/evt        run/evt          run/evt
 ---- -------------------- ---------------- ---------------- ----------------
    1 BasicTrajectoryState 1/372            1/372            
    2 InvalidHelix         1/374                             
    3 InvalidHelix         1/377            1/380            1/380
    4 InvalidHelix         1/388            1/390            
    5 InvalidInputTag      1/383                             
    6 GsfMultiStateUpdator 1/372                             
    7 InvalidState         1/372                             
    8 PosteriorWeightsCalculator 1/372                             
    9 TrajectoryNotPosDef  1/351                             
   10 fileAction           PostGlobalEndRun                  
   11 fileAction           pre-events       pre-events       

Severity    # Occurrences   Total Occurrences
--------    -------------   -----------------
Warning                 9                   9
Error                   4                   4
System                  3                   3

dropped waiting message count 0
