000 (7312106.000.000) 06/14 14:46:33 Job submitted from host: <137.138.44.75:9618?addrs=137.138.44.75-9618+[2001-1458-d00-1a--b]-9618&alias=bigbird14.cern.ch&noUDP&sock=schedd_3149486_02ef>
...
040 (7312106.000.000) 06/14 15:40:06 Started transferring input files
	Transferring to host: <128.142.240.211:9618?addrs=128.142.240.211-9618+[2001-1458-301-9--100-3d2]-9618&alias=b7g41n2630.cern.ch&noUDP&sock=slot1_6_4047_3a3e_43632>
...
040 (7312106.000.000) 06/14 15:40:06 Finished transferring input files
...
001 (7312106.000.000) 06/14 15:40:07 Job executing on host: <128.142.240.211:9618?addrs=128.142.240.211-9618+[2001-1458-301-9--100-3d2]-9618&alias=b7g41n2630.cern.ch&noUDP&sock=startd_3479_e213>
...
006 (7312106.000.000) 06/14 15:40:16 Image size of job updated: 64360
	50  -  MemoryUsage of job (MB)
	50704  -  ResidentSetSize of job (KB)
...
006 (7312106.000.000) 06/14 15:45:16 Image size of job updated: 2418352
	1226  -  MemoryUsage of job (MB)
	1255292  -  ResidentSetSize of job (KB)
...
006 (7312106.000.000) 06/14 15:47:05 Image size of job updated: 2418352
	1226  -  MemoryUsage of job (MB)
	1255316  -  ResidentSetSize of job (KB)
...
040 (7312106.000.000) 06/14 15:47:05 Started transferring output files
...
040 (7312106.000.000) 06/14 15:47:05 Finished transferring output files
...
005 (7312106.000.000) 06/14 15:47:05 Job terminated.
	(1) Normal termination (return value 0)
		Usr 0 00:06:09, Sys 0 00:00:10  -  Run Remote Usage
		Usr 0 00:00:00, Sys 0 00:00:00  -  Run Local Usage
		Usr 0 00:06:09, Sys 0 00:00:10  -  Total Remote Usage
		Usr 0 00:00:00, Sys 0 00:00:00  -  Total Local Usage
	16323  -  Run Bytes Sent By Job
	432  -  Run Bytes Received By Job
	16323  -  Total Bytes Sent By Job
	432  -  Total Bytes Received By Job
	Partitionable Resources :    Usage  Request Allocated 
	   Cpus                 :                 1         1 
	   Disk (KB)            :       30        1    352637 
	   Memory (MB)          :     1226     2000      2000 

	Job terminated of its own accord at 2021-06-14T13:47:05Z.
...
