000 (7312107.000.000) 06/14 14:46:34 Job submitted from host: <137.138.44.75:9618?addrs=137.138.44.75-9618+[2001-1458-d00-1a--b]-9618&alias=bigbird14.cern.ch&noUDP&sock=schedd_3149486_02ef>
...
040 (7312107.000.000) 06/14 15:40:07 Started transferring input files
	Transferring to host: <188.184.138.198:9618?addrs=188.184.138.198-9618+[2001-1458-301-45--100-bc]-9618&alias=b7g42n0378.cern.ch&noUDP&sock=slot1_2_3074_a936_37728>
...
040 (7312107.000.000) 06/14 15:40:07 Finished transferring input files
...
001 (7312107.000.000) 06/14 15:40:08 Job executing on host: <188.184.138.198:9618?addrs=188.184.138.198-9618+[2001-1458-301-45--100-bc]-9618&alias=b7g42n0378.cern.ch&noUDP&sock=startd_2650_4210>
...
006 (7312107.000.000) 06/14 15:40:17 Image size of job updated: 402480
	63  -  MemoryUsage of job (MB)
	63816  -  ResidentSetSize of job (KB)
...
006 (7312107.000.000) 06/14 15:45:18 Image size of job updated: 2395844
	1199  -  MemoryUsage of job (MB)
	1227716  -  ResidentSetSize of job (KB)
...
006 (7312107.000.000) 06/14 15:46:35 Image size of job updated: 2436804
	1199  -  MemoryUsage of job (MB)
	1227736  -  ResidentSetSize of job (KB)
...
040 (7312107.000.000) 06/14 15:46:35 Started transferring output files
...
040 (7312107.000.000) 06/14 15:46:35 Finished transferring output files
...
005 (7312107.000.000) 06/14 15:46:35 Job terminated.
	(1) Normal termination (return value 0)
		Usr 0 00:05:40, Sys 0 00:00:08  -  Run Remote Usage
		Usr 0 00:00:00, Sys 0 00:00:00  -  Run Local Usage
		Usr 0 00:05:40, Sys 0 00:00:08  -  Total Remote Usage
		Usr 0 00:00:00, Sys 0 00:00:00  -  Total Local Usage
	14683  -  Run Bytes Sent By Job
	432  -  Run Bytes Received By Job
	14683  -  Total Bytes Sent By Job
	432  -  Total Bytes Received By Job
	Partitionable Resources :    Usage  Request Allocated 
	   Cpus                 :     1.00        1         1 
	   Disk (KB)            :    35           1    295052 
	   Memory (MB)          :  1199        2000      2000 

	Job terminated of its own accord at 2021-06-14T13:46:35Z.
...
