14-Jun-2021 15:40:46 CEST  Initiating request to open file file:/eos/cms/store/user/tsarkar/DIGIPremix_Condor_output_Vector_MonoZLL_NLO_Mphi-500_Mchi-150_gSM-0p25_gDM-1p0_ctau100p0/step_DIGIPremix_2017UL_7.root
14-Jun-2021 15:40:50 CEST  Successfully opened file file:/eos/cms/store/user/tsarkar/DIGIPremix_Condor_output_Vector_MonoZLL_NLO_Mphi-500_Mchi-150_gSM-0p25_gDM-1p0_ctau100p0/step_DIGIPremix_2017UL_7.root
Begin processing the 1st record. Run 1, Event 702, LumiSection 15 at 14-Jun-2021 15:42:10.707 CEST
%MSG-w InvalidInputTag:  CSCHaloDataProducer:hltCSCHaloData  14-Jun-2021 15:42:24 CEST Run: 1 Event: 702
 The Cosmic Muon collection does not appear to be in the event. These beam halo  identification variables will be empty
%MSG
Begin processing the 2nd record. Run 1, Event 704, LumiSection 15 at 14-Jun-2021 15:42:24.484 CEST
Begin processing the 3rd record. Run 1, Event 701, LumiSection 15 at 14-Jun-2021 15:42:28.806 CEST
Begin processing the 4th record. Run 1, Event 705, LumiSection 15 at 14-Jun-2021 15:42:33.808 CEST
%MSG-w InvalidHelix:   SeedCreatorFromRegionConsecutiveHitsEDProducer:hltFullIter9TobTecSeedsTripl  14-Jun-2021 15:42:50 CEST Run: 1 Event: 705
PixelClusterShapeSeedComparitor helix is not valid, result is bad
%MSG
Begin processing the 5th record. Run 1, Event 706, LumiSection 15 at 14-Jun-2021 15:42:52.909 CEST
Begin processing the 6th record. Run 1, Event 703, LumiSection 15 at 14-Jun-2021 15:42:56.587 CEST
Begin processing the 7th record. Run 1, Event 707, LumiSection 15 at 14-Jun-2021 15:43:00.691 CEST
Begin processing the 8th record. Run 1, Event 708, LumiSection 15 at 14-Jun-2021 15:43:01.535 CEST
%MSG-w InvalidHelix:   SeedCreatorFromRegionConsecutiveHitsEDProducer:hltFullIter9TobTecSeedsTripl  14-Jun-2021 15:43:10 CEST Run: 1 Event: 708
PixelClusterShapeSeedComparitor helix is not valid, result is bad
%MSG
%MSG-w InvalidHelix:   SeedCreatorFromRegionConsecutiveHitsEDProducer:hltFullIter9TobTecSeedsTripl  14-Jun-2021 15:43:10 CEST Run: 1 Event: 708
PixelClusterShapeSeedComparitor helix is not valid, result is bad
%MSG
%MSG-w InvalidHelix:   SeedCreatorFromRegionConsecutiveHitsEDProducer:hltFullIter9TobTecSeedsTripl  14-Jun-2021 15:43:10 CEST Run: 1 Event: 708
PixelClusterShapeSeedComparitor helix is not valid, result is bad
%MSG
%MSG-w InvalidHelix:   SeedCreatorFromRegionConsecutiveHitsEDProducer:hltFullIter9TobTecSeedsTripl  14-Jun-2021 15:43:10 CEST Run: 1 Event: 708
PixelClusterShapeSeedComparitor helix is not valid, result is bad
%MSG
Begin processing the 9th record. Run 1, Event 711, LumiSection 15 at 14-Jun-2021 15:43:12.008 CEST
Begin processing the 10th record. Run 1, Event 709, LumiSection 15 at 14-Jun-2021 15:43:12.431 CEST
Begin processing the 11th record. Run 1, Event 713, LumiSection 15 at 14-Jun-2021 15:43:17.756 CEST
Begin processing the 12th record. Run 1, Event 714, LumiSection 15 at 14-Jun-2021 15:43:20.744 CEST
%MSG-e TrajectoryNotPosDef:   TrackProducer:hltIter2ElectronsCtfWithMaterialTracks 14-Jun-2021 15:43:20 CEST  Run: 1 Event: 714
Trajectory covariance is not positive-definite
%MSG
Begin processing the 13th record. Run 1, Event 712, LumiSection 15 at 14-Jun-2021 15:43:23.709 CEST
Begin processing the 14th record. Run 1, Event 715, LumiSection 15 at 14-Jun-2021 15:43:28.010 CEST
Begin processing the 15th record. Run 1, Event 710, LumiSection 15 at 14-Jun-2021 15:43:36.500 CEST
Begin processing the 16th record. Run 1, Event 716, LumiSection 15 at 14-Jun-2021 15:43:42.945 CEST
Begin processing the 17th record. Run 1, Event 717, LumiSection 15 at 14-Jun-2021 15:43:50.217 CEST
Begin processing the 18th record. Run 1, Event 718, LumiSection 15 at 14-Jun-2021 15:43:51.031 CEST
Begin processing the 19th record. Run 1, Event 720, LumiSection 15 at 14-Jun-2021 15:43:56.702 CEST
Begin processing the 20th record. Run 1, Event 721, LumiSection 15 at 14-Jun-2021 15:44:01.607 CEST
Begin processing the 21st record. Run 1, Event 722, LumiSection 15 at 14-Jun-2021 15:44:17.304 CEST
Begin processing the 22nd record. Run 1, Event 719, LumiSection 15 at 14-Jun-2021 15:44:18.933 CEST
Begin processing the 23rd record. Run 1, Event 723, LumiSection 15 at 14-Jun-2021 15:44:22.871 CEST
Begin processing the 24th record. Run 1, Event 726, LumiSection 15 at 14-Jun-2021 15:44:24.092 CEST
Begin processing the 25th record. Run 1, Event 724, LumiSection 15 at 14-Jun-2021 15:44:25.030 CEST
%MSG-w InvalidHelix:   SeedCreatorFromRegionConsecutiveHitsEDProducer:hltIter2HighPtTkMuPixelSeeds  14-Jun-2021 15:44:29 CEST Run: 1 Event: 724
PixelClusterShapeSeedComparitor helix is not valid, result is bad
%MSG
Begin processing the 26th record. Run 1, Event 729, LumiSection 15 at 14-Jun-2021 15:44:29.866 CEST
Begin processing the 27th record. Run 1, Event 727, LumiSection 15 at 14-Jun-2021 15:44:32.495 CEST
Begin processing the 28th record. Run 1, Event 730, LumiSection 15 at 14-Jun-2021 15:44:35.120 CEST
Begin processing the 29th record. Run 1, Event 725, LumiSection 15 at 14-Jun-2021 15:44:37.921 CEST
Begin processing the 30th record. Run 1, Event 732, LumiSection 15 at 14-Jun-2021 15:44:42.767 CEST
Begin processing the 31st record. Run 1, Event 733, LumiSection 15 at 14-Jun-2021 15:44:43.699 CEST
Begin processing the 32nd record. Run 1, Event 728, LumiSection 15 at 14-Jun-2021 15:44:47.829 CEST
Begin processing the 33rd record. Run 1, Event 731, LumiSection 15 at 14-Jun-2021 15:44:51.906 CEST
Begin processing the 34th record. Run 1, Event 734, LumiSection 15 at 14-Jun-2021 15:44:54.862 CEST
Begin processing the 35th record. Run 1, Event 735, LumiSection 15 at 14-Jun-2021 15:44:57.653 CEST
Begin processing the 36th record. Run 1, Event 736, LumiSection 15 at 14-Jun-2021 15:45:00.201 CEST
Begin processing the 37th record. Run 1, Event 737, LumiSection 15 at 14-Jun-2021 15:45:02.169 CEST
Begin processing the 38th record. Run 1, Event 739, LumiSection 15 at 14-Jun-2021 15:45:09.537 CEST
Begin processing the 39th record. Run 1, Event 740, LumiSection 15 at 14-Jun-2021 15:45:10.595 CEST
Begin processing the 40th record. Run 1, Event 743, LumiSection 15 at 14-Jun-2021 15:45:13.885 CEST
Begin processing the 41st record. Run 1, Event 742, LumiSection 15 at 14-Jun-2021 15:45:17.182 CEST
Begin processing the 42nd record. Run 1, Event 744, LumiSection 15 at 14-Jun-2021 15:45:24.475 CEST
Begin processing the 43rd record. Run 1, Event 741, LumiSection 15 at 14-Jun-2021 15:45:26.535 CEST
Begin processing the 44th record. Run 1, Event 747, LumiSection 15 at 14-Jun-2021 15:45:28.505 CEST
Begin processing the 45th record. Run 1, Event 738, LumiSection 15 at 14-Jun-2021 15:45:33.357 CEST
Begin processing the 46th record. Run 1, Event 748, LumiSection 15 at 14-Jun-2021 15:45:39.548 CEST
Begin processing the 47th record. Run 1, Event 745, LumiSection 15 at 14-Jun-2021 15:45:41.102 CEST
Begin processing the 48th record. Run 1, Event 749, LumiSection 15 at 14-Jun-2021 15:45:44.208 CEST
Begin processing the 49th record. Run 1, Event 750, LumiSection 15 at 14-Jun-2021 15:45:48.721 CEST
Begin processing the 50th record. Run 1, Event 746, LumiSection 15 at 14-Jun-2021 15:45:53.230 CEST
14-Jun-2021 15:45:56 CEST  Closed file file:/eos/cms/store/user/tsarkar/DIGIPremix_Condor_output_Vector_MonoZLL_NLO_Mphi-500_Mchi-150_gSM-0p25_gDM-1p0_ctau100p0/step_DIGIPremix_2017UL_7.root

=============================================

MessageLogger Summary

 type     category        sev    module        subroutine        count    total
 ---- -------------------- -- ---------------- ----------------  -----    -----
    1 InvalidHelix         -w SeedCreatorFromR                       5        5
    2 InvalidHelix         -w SeedCreatorFromR                       1        1
    3 InvalidInputTag      -w CSCHaloDataProdu                       1        1
    4 TrajectoryNotPosDef  -e TrackProducer:hl                       1        1
    5 fileAction           -s file_close                             1        1
    6 fileAction           -s file_open                              2        2

 type    category    Examples: run/evt        run/evt          run/evt
 ---- -------------------- ---------------- ---------------- ----------------
    1 InvalidHelix         1/705            1/708            1/708
    2 InvalidHelix         1/724                             
    3 InvalidInputTag      1/702                             
    4 TrajectoryNotPosDef  1/714                             
    5 fileAction           PostGlobalEndRun                  
    6 fileAction           pre-events       pre-events       

Severity    # Occurrences   Total Occurrences
--------    -------------   -----------------
Warning                 7                   7
Error                   1                   1
System                  3                   3

dropped waiting message count 0
