000 (7312110.000.000) 06/14 14:46:40 Job submitted from host: <137.138.44.75:9618?addrs=137.138.44.75-9618+[2001-1458-d00-1a--b]-9618&alias=bigbird14.cern.ch&noUDP&sock=schedd_3149486_02ef>
...
040 (7312110.000.000) 06/14 15:40:07 Started transferring input files
	Transferring to host: <188.184.197.235:9618?addrs=188.184.197.235-9618+[2001-1458-301-103--100-330]-9618&alias=b7g23n7528.cern.ch&noUDP&sock=slot1_2_2745_d9c9_42642>
...
040 (7312110.000.000) 06/14 15:40:07 Finished transferring input files
...
001 (7312110.000.000) 06/14 15:40:08 Job executing on host: <188.184.197.235:9618?addrs=188.184.197.235-9618+[2001-1458-301-103--100-330]-9618&alias=b7g23n7528.cern.ch&noUDP&sock=startd_2034_bbb9>
...
006 (7312110.000.000) 06/14 15:40:18 Image size of job updated: 37096
	23  -  MemoryUsage of job (MB)
	23444  -  ResidentSetSize of job (KB)
...
006 (7312110.000.000) 06/14 15:45:18 Image size of job updated: 2311864
	1235  -  MemoryUsage of job (MB)
	1264208  -  ResidentSetSize of job (KB)
...
006 (7312110.000.000) 06/14 15:48:33 Image size of job updated: 2401976
	1235  -  MemoryUsage of job (MB)
	1264208  -  ResidentSetSize of job (KB)
...
040 (7312110.000.000) 06/14 15:48:33 Started transferring output files
...
040 (7312110.000.000) 06/14 15:48:33 Finished transferring output files
...
005 (7312110.000.000) 06/14 15:48:33 Job terminated.
	(1) Normal termination (return value 0)
		Usr 0 00:07:13, Sys 0 00:00:12  -  Run Remote Usage
		Usr 0 00:00:00, Sys 0 00:00:00  -  Run Local Usage
		Usr 0 00:07:13, Sys 0 00:00:12  -  Total Remote Usage
		Usr 0 00:00:00, Sys 0 00:00:00  -  Total Local Usage
	15611  -  Run Bytes Sent By Job
	432  -  Run Bytes Received By Job
	15611  -  Total Bytes Sent By Job
	432  -  Total Bytes Received By Job
	Partitionable Resources :    Usage  Request Allocated 
	   Cpus                 :                 1         1 
	   Disk (KB)            :       29        1    337642 
	   Memory (MB)          :     1235     2000      2000 

	Job terminated of its own accord at 2021-06-14T13:48:33Z.
...
