000 (7312102.000.000) 06/14 14:46:26 Job submitted from host: <137.138.44.75:9618?addrs=137.138.44.75-9618+[2001-1458-d00-1a--b]-9618&alias=bigbird14.cern.ch&noUDP&sock=schedd_3149486_02ef>
...
040 (7312102.000.000) 06/14 15:40:04 Started transferring input files
	Transferring to host: <188.184.190.18:9618?addrs=188.184.190.18-9618+[2001-1458-301-4b--100-23]-9618&alias=b7g42n0122.cern.ch&noUDP&sock=slot1_6_2902_78af_92161>
...
040 (7312102.000.000) 06/14 15:40:04 Finished transferring input files
...
001 (7312102.000.000) 06/14 15:40:05 Job executing on host: <188.184.190.18:9618?addrs=188.184.190.18-9618+[2001-1458-301-4b--100-23]-9618&alias=b7g42n0122.cern.ch&noUDP&sock=startd_5603_c53b>
...
006 (7312102.000.000) 06/14 15:40:14 Image size of job updated: 245692
	21  -  MemoryUsage of job (MB)
	21188  -  ResidentSetSize of job (KB)
...
006 (7312102.000.000) 06/14 15:45:14 Image size of job updated: 2249152
	1248  -  MemoryUsage of job (MB)
	1277780  -  ResidentSetSize of job (KB)
...
006 (7312102.000.000) 06/14 15:46:06 Image size of job updated: 2343360
	1248  -  MemoryUsage of job (MB)
	1277780  -  ResidentSetSize of job (KB)
...
040 (7312102.000.000) 06/14 15:46:06 Started transferring output files
...
040 (7312102.000.000) 06/14 15:46:07 Finished transferring output files
...
005 (7312102.000.000) 06/14 15:46:07 Job terminated.
	(1) Normal termination (return value 0)
		Usr 0 00:05:12, Sys 0 00:00:08  -  Run Remote Usage
		Usr 0 00:00:00, Sys 0 00:00:00  -  Run Local Usage
		Usr 0 00:05:12, Sys 0 00:00:08  -  Total Remote Usage
		Usr 0 00:00:00, Sys 0 00:00:00  -  Total Local Usage
	18156  -  Run Bytes Sent By Job
	432  -  Run Bytes Received By Job
	18156  -  Total Bytes Sent By Job
	432  -  Total Bytes Received By Job
	Partitionable Resources :    Usage  Request Allocated 
	   Cpus                 :     1.00        1         1 
	   Disk (KB)            :    39           1    284733 
	   Memory (MB)          :  1248        2000      2000 

	Job terminated of its own accord at 2021-06-14T13:46:06Z.
...
