14-Jun-2021 15:41:14 CEST  Initiating request to open file file:/eos/cms/store/user/tsarkar/DIGIPremix_Condor_output_Vector_MonoZLL_NLO_Mphi-500_Mchi-150_gSM-0p25_gDM-1p0_ctau100p0/step_DIGIPremix_2017UL_10.root
14-Jun-2021 15:41:19 CEST  Successfully opened file file:/eos/cms/store/user/tsarkar/DIGIPremix_Condor_output_Vector_MonoZLL_NLO_Mphi-500_Mchi-150_gSM-0p25_gDM-1p0_ctau100p0/step_DIGIPremix_2017UL_10.root
Begin processing the 1st record. Run 1, Event 854, LumiSection 18 at 14-Jun-2021 15:43:27.221 CEST
Begin processing the 2nd record. Run 1, Event 853, LumiSection 18 at 14-Jun-2021 15:43:42.668 CEST
Begin processing the 3rd record. Run 1, Event 852, LumiSection 18 at 14-Jun-2021 15:43:47.289 CEST
Begin processing the 4th record. Run 1, Event 851, LumiSection 18 at 14-Jun-2021 15:43:47.894 CEST
Begin processing the 5th record. Run 1, Event 855, LumiSection 18 at 14-Jun-2021 15:43:58.128 CEST
Begin processing the 6th record. Run 1, Event 857, LumiSection 18 at 14-Jun-2021 15:44:05.593 CEST
Begin processing the 7th record. Run 1, Event 858, LumiSection 18 at 14-Jun-2021 15:44:09.515 CEST
Begin processing the 8th record. Run 1, Event 856, LumiSection 18 at 14-Jun-2021 15:44:16.118 CEST
%MSG-w InvalidHelix:   SeedCreatorFromRegionConsecutiveHitsEDProducer:hltFullIter9TobTecSeedsTripl  14-Jun-2021 15:44:25 CEST Run: 1 Event: 856
PixelClusterShapeSeedComparitor helix is not valid, result is bad
%MSG
%MSG-w InvalidHelix:   SeedCreatorFromRegionConsecutiveHitsEDProducer:hltFullIter9TobTecSeedsTripl  14-Jun-2021 15:44:25 CEST Run: 1 Event: 856
PixelClusterShapeSeedComparitor helix is not valid, result is bad
%MSG
Begin processing the 9th record. Run 1, Event 859, LumiSection 18 at 14-Jun-2021 15:44:27.203 CEST
Begin processing the 10th record. Run 1, Event 861, LumiSection 18 at 14-Jun-2021 15:44:31.282 CEST
Begin processing the 11th record. Run 1, Event 860, LumiSection 18 at 14-Jun-2021 15:44:35.133 CEST
Begin processing the 12th record. Run 1, Event 862, LumiSection 18 at 14-Jun-2021 15:44:37.626 CEST
%MSG-w InvalidInputTag:  CSCHaloDataProducer:hltCSCHaloData  14-Jun-2021 15:44:44 CEST Run: 1 Event: 862
 The Cosmic Muon collection does not appear to be in the event. These beam halo  identification variables will be empty
%MSG
Begin processing the 13th record. Run 1, Event 865, LumiSection 18 at 14-Jun-2021 15:44:44.863 CEST
Begin processing the 14th record. Run 1, Event 863, LumiSection 18 at 14-Jun-2021 15:44:45.993 CEST
Begin processing the 15th record. Run 1, Event 864, LumiSection 18 at 14-Jun-2021 15:44:49.394 CEST
Begin processing the 16th record. Run 1, Event 867, LumiSection 18 at 14-Jun-2021 15:44:58.266 CEST
Begin processing the 17th record. Run 1, Event 866, LumiSection 18 at 14-Jun-2021 15:45:04.600 CEST
Begin processing the 18th record. Run 1, Event 868, LumiSection 18 at 14-Jun-2021 15:45:05.535 CEST
Begin processing the 19th record. Run 1, Event 869, LumiSection 18 at 14-Jun-2021 15:45:10.228 CEST
Begin processing the 20th record. Run 1, Event 872, LumiSection 18 at 14-Jun-2021 15:45:18.164 CEST
Begin processing the 21st record. Run 1, Event 870, LumiSection 18 at 14-Jun-2021 15:45:18.878 CEST
%MSG-w PrimaryVertexProducer:  PrimaryVertexProducer:hltVerticesL3  14-Jun-2021 15:45:20 CEST Run: 1 Event: 870
no vertex found with 8 tracks and 1 vertex-candidates
%MSG
Begin processing the 22nd record. Run 1, Event 871, LumiSection 18 at 14-Jun-2021 15:45:26.112 CEST
Begin processing the 23rd record. Run 1, Event 875, LumiSection 18 at 14-Jun-2021 15:45:32.532 CEST
Begin processing the 24th record. Run 1, Event 873, LumiSection 18 at 14-Jun-2021 15:45:37.419 CEST
Begin processing the 25th record. Run 1, Event 876, LumiSection 18 at 14-Jun-2021 15:45:40.545 CEST
Begin processing the 26th record. Run 1, Event 877, LumiSection 18 at 14-Jun-2021 15:45:53.893 CEST
Begin processing the 27th record. Run 1, Event 874, LumiSection 18 at 14-Jun-2021 15:45:58.111 CEST
Begin processing the 28th record. Run 1, Event 878, LumiSection 18 at 14-Jun-2021 15:46:01.067 CEST
Begin processing the 29th record. Run 1, Event 880, LumiSection 18 at 14-Jun-2021 15:46:03.544 CEST
%MSG-e TrajectoryNotPosDef:   TrackProducer:hltDoubletRecoveryPFlowCtfWithMaterialTracksTauReg  14-Jun-2021 15:46:03 CEST Run: 1 Event: 880
Trajectory covariance is not positive-definite
%MSG
%MSG-w InvalidHelix:   SeedCreatorFromRegionConsecutiveHitsEDProducer:hltFullIter9TobTecSeedsTripl  14-Jun-2021 15:46:14 CEST Run: 1 Event: 880
PixelClusterShapeSeedComparitor helix is not valid, result is bad
%MSG
Begin processing the 30th record. Run 1, Event 881, LumiSection 18 at 14-Jun-2021 15:46:15.704 CEST
Begin processing the 31st record. Run 1, Event 879, LumiSection 18 at 14-Jun-2021 15:46:19.323 CEST
%MSG-w InvalidHelix:   SeedCreatorFromRegionConsecutiveHitsEDProducer:hltFullIter9TobTecSeedsTripl  14-Jun-2021 15:46:28 CEST Run: 1 Event: 879
PixelClusterShapeSeedComparitor helix is not valid, result is bad
%MSG
%MSG-w InvalidHelix:   SeedCreatorFromRegionConsecutiveHitsEDProducer:hltFullIter9TobTecSeedsTripl  14-Jun-2021 15:46:28 CEST Run: 1 Event: 879
PixelClusterShapeSeedComparitor helix is not valid, result is bad
%MSG
Begin processing the 32nd record. Run 1, Event 883, LumiSection 18 at 14-Jun-2021 15:46:30.228 CEST
Begin processing the 33rd record. Run 1, Event 886, LumiSection 18 at 14-Jun-2021 15:46:42.570 CEST
Begin processing the 34th record. Run 1, Event 882, LumiSection 18 at 14-Jun-2021 15:46:46.553 CEST
Begin processing the 35th record. Run 1, Event 884, LumiSection 18 at 14-Jun-2021 15:46:51.411 CEST
Begin processing the 36th record. Run 1, Event 888, LumiSection 18 at 14-Jun-2021 15:46:56.628 CEST
Begin processing the 37th record. Run 1, Event 890, LumiSection 18 at 14-Jun-2021 15:47:01.729 CEST
Begin processing the 38th record. Run 1, Event 887, LumiSection 18 at 14-Jun-2021 15:47:04.953 CEST
Begin processing the 39th record. Run 1, Event 885, LumiSection 18 at 14-Jun-2021 15:47:08.597 CEST
Begin processing the 40th record. Run 1, Event 891, LumiSection 18 at 14-Jun-2021 15:47:17.322 CEST
Begin processing the 41st record. Run 1, Event 893, LumiSection 18 at 14-Jun-2021 15:47:20.703 CEST
Begin processing the 42nd record. Run 1, Event 889, LumiSection 18 at 14-Jun-2021 15:47:24.814 CEST
Begin processing the 43rd record. Run 1, Event 892, LumiSection 18 at 14-Jun-2021 15:47:29.832 CEST
Begin processing the 44th record. Run 1, Event 894, LumiSection 18 at 14-Jun-2021 15:47:40.870 CEST
%MSG-e TrajectoryNotPosDef:   TrackProducer:hltIter2PFlowCtfWithMaterialTracksForPhotons  14-Jun-2021 15:47:42 CEST Run: 1 Event: 894
Trajectory covariance is not positive-definite
%MSG
Begin processing the 45th record. Run 1, Event 897, LumiSection 18 at 14-Jun-2021 15:47:43.210 CEST
Begin processing the 46th record. Run 1, Event 895, LumiSection 18 at 14-Jun-2021 15:47:45.990 CEST
Begin processing the 47th record. Run 1, Event 898, LumiSection 18 at 14-Jun-2021 15:47:50.285 CEST
%MSG-w Muon:  L3MuonProducer:hltL3MuonsIterL3OI 14-Jun-2021 15:47:50 CEST  Run: 1 Event: 898
     Failed to load tracker track trajectory
%MSG
%MSG-w RecoMuon:  L3MuonProducer:hltL3MuonsIterL3OI 14-Jun-2021 15:47:50 CEST  Run: 1 Event: 898
     Failed to load tracker track trajectory
%MSG
%MSG-w GlobalMuon:  L3MuonProducer:hltL3MuonsIterL3OI 14-Jun-2021 15:47:50 CEST  Run: 1 Event: 898
     Failed to load tracker track trajectory
%MSG
%MSG-w GlobalTrajectoryBuilderBase:  L3MuonProducer:hltL3MuonsIterL3OI  14-Jun-2021 15:47:50 CEST Run: 1 Event: 898
     Failed to load tracker track trajectory
%MSG
Begin processing the 48th record. Run 1, Event 896, LumiSection 18 at 14-Jun-2021 15:47:59.050 CEST
Begin processing the 49th record. Run 1, Event 899, LumiSection 18 at 14-Jun-2021 15:48:02.113 CEST
Begin processing the 50th record. Run 1, Event 900, LumiSection 18 at 14-Jun-2021 15:48:11.526 CEST
14-Jun-2021 15:48:13 CEST  Closed file file:/eos/cms/store/user/tsarkar/DIGIPremix_Condor_output_Vector_MonoZLL_NLO_Mphi-500_Mchi-150_gSM-0p25_gDM-1p0_ctau100p0/step_DIGIPremix_2017UL_10.root

=============================================

MessageLogger Summary

 type     category        sev    module        subroutine        count    total
 ---- -------------------- -- ---------------- ----------------  -----    -----
    1 GlobalMuon           -w L3MuonProducer:h                       1        1
    2 GlobalTrajectoryBuil -w L3MuonProducer:h                       1        1
    3 InvalidHelix         -w SeedCreatorFromR                       5        5
    4 InvalidInputTag      -w CSCHaloDataProdu                       1        1
    5 Muon                 -w L3MuonProducer:h                       1        1
    6 PrimaryVertexProduce -w PrimaryVertexPro                       1        1
    7 RecoMuon             -w L3MuonProducer:h                       1        1
    8 TrajectoryNotPosDef  -e TrackProducer:hl                       1        1
    9 TrajectoryNotPosDef  -e TrackProducer:hl                       1        1
   10 fileAction           -s file_close                             1        1
   11 fileAction           -s file_open                              2        2

 type    category    Examples: run/evt        run/evt          run/evt
 ---- -------------------- ---------------- ---------------- ----------------
    1 GlobalMuon           1/898                             
    2 GlobalTrajectoryBuilderBase 1/898                             
    3 InvalidHelix         1/856            1/856            1/879
    4 InvalidInputTag      1/862                             
    5 Muon                 1/898                             
    6 PrimaryVertexProducer 1/870                             
    7 RecoMuon             1/898                             
    8 TrajectoryNotPosDef  1/880                             
    9 TrajectoryNotPosDef  1/894                             
   10 fileAction           PostGlobalEndRun                  
   11 fileAction           pre-events       pre-events       

Severity    # Occurrences   Total Occurrences
--------    -------------   -----------------
Warning                11                  11
Error                   2                   2
System                  3                   3

dropped waiting message count 0
