000 (7312103.000.000) 06/14 14:46:27 Job submitted from host: <137.138.44.75:9618?addrs=137.138.44.75-9618+[2001-1458-d00-1a--b]-9618&alias=bigbird14.cern.ch&noUDP&sock=schedd_3149486_02ef>
...
040 (7312103.000.000) 06/14 15:40:06 Started transferring input files
	Transferring to host: <188.184.197.164:9618?addrs=188.184.197.164-9618+[2001-1458-301-103--100-35]-9618&alias=b7g23n7299.cern.ch&noUDP&sock=slot1_3_4310_88e8_37543>
...
040 (7312103.000.000) 06/14 15:40:06 Finished transferring input files
...
001 (7312103.000.000) 06/14 15:40:07 Job executing on host: <188.184.197.164:9618?addrs=188.184.197.164-9618+[2001-1458-301-103--100-35]-9618&alias=b7g23n7299.cern.ch&noUDP&sock=startd_3607_ae32>
...
006 (7312103.000.000) 06/14 15:40:16 Image size of job updated: 25992
	13  -  MemoryUsage of job (MB)
	12880  -  ResidentSetSize of job (KB)
...
006 (7312103.000.000) 06/14 15:45:17 Image size of job updated: 2217136
	1260  -  MemoryUsage of job (MB)
	1289952  -  ResidentSetSize of job (KB)
...
006 (7312103.000.000) 06/14 15:48:21 Image size of job updated: 2385072
	1260  -  MemoryUsage of job (MB)
	1290056  -  ResidentSetSize of job (KB)
...
040 (7312103.000.000) 06/14 15:48:21 Started transferring output files
...
040 (7312103.000.000) 06/14 15:48:21 Finished transferring output files
...
005 (7312103.000.000) 06/14 15:48:21 Job terminated.
	(1) Normal termination (return value 0)
		Usr 0 00:06:15, Sys 0 00:00:12  -  Run Remote Usage
		Usr 0 00:00:00, Sys 0 00:00:00  -  Run Local Usage
		Usr 0 00:06:15, Sys 0 00:00:12  -  Total Remote Usage
		Usr 0 00:00:00, Sys 0 00:00:00  -  Total Local Usage
	16004  -  Run Bytes Sent By Job
	432  -  Run Bytes Received By Job
	16004  -  Total Bytes Sent By Job
	432  -  Total Bytes Received By Job
	Partitionable Resources :    Usage  Request Allocated 
	   Cpus                 :     0.10        1         1 
	   Disk (KB)            :    36           1    365107 
	   Memory (MB)          :  1260        2000      2000 

	Job terminated of its own accord at 2021-06-14T13:48:21Z.
...
