000 (7312118.000.000) 06/14 14:47:01 Job submitted from host: <137.138.44.75:9618?addrs=137.138.44.75-9618+[2001-1458-d00-1a--b]-9618&alias=bigbird14.cern.ch&noUDP&sock=schedd_3149486_02ef>
...
040 (7312118.000.000) 06/14 15:40:10 Started transferring input files
	Transferring to host: <188.184.139.210:9618?addrs=188.184.139.210-9618+[2001-1458-301-45--100-1ea]-9618&alias=b7g42n0752.cern.ch&noUDP&sock=slot1_1_5212_134d_49799>
...
040 (7312118.000.000) 06/14 15:40:10 Finished transferring input files
...
001 (7312118.000.000) 06/14 15:40:11 Job executing on host: <188.184.139.210:9618?addrs=188.184.139.210-9618+[2001-1458-301-45--100-1ea]-9618&alias=b7g42n0752.cern.ch&noUDP&sock=startd_3910_8364>
...
006 (7312118.000.000) 06/14 15:40:19 Image size of job updated: 242252
	38  -  MemoryUsage of job (MB)
	38432  -  ResidentSetSize of job (KB)
...
006 (7312118.000.000) 06/14 15:45:19 Image size of job updated: 2289596
	1253  -  MemoryUsage of job (MB)
	1282224  -  ResidentSetSize of job (KB)
...
006 (7312118.000.000) 06/14 15:47:56 Image size of job updated: 2453436
	1253  -  MemoryUsage of job (MB)
	1282224  -  ResidentSetSize of job (KB)
...
040 (7312118.000.000) 06/14 15:47:56 Started transferring output files
...
040 (7312118.000.000) 06/14 15:47:56 Finished transferring output files
...
005 (7312118.000.000) 06/14 15:47:56 Job terminated.
	(1) Normal termination (return value 0)
		Usr 0 00:06:49, Sys 0 00:00:10  -  Run Remote Usage
		Usr 0 00:00:00, Sys 0 00:00:00  -  Run Local Usage
		Usr 0 00:06:49, Sys 0 00:00:10  -  Total Remote Usage
		Usr 0 00:00:00, Sys 0 00:00:00  -  Total Local Usage
	16339  -  Run Bytes Sent By Job
	433  -  Run Bytes Received By Job
	16339  -  Total Bytes Sent By Job
	433  -  Total Bytes Received By Job
	Partitionable Resources :    Usage  Request Allocated 
	   Cpus                 :                 1         1 
	   Disk (KB)            :       30        1    284533 
	   Memory (MB)          :     1253     2000      2000 

	Job terminated of its own accord at 2021-06-14T13:47:56Z.
...
