14-Jun-2021 15:40:46 CEST  Initiating request to open file file:/eos/cms/store/user/tsarkar/DIGIPremix_Condor_output_Vector_MonoZLL_NLO_Mphi-500_Mchi-150_gSM-0p25_gDM-1p0_ctau100p0/step_DIGIPremix_2017UL_9.root
14-Jun-2021 15:40:49 CEST  Successfully opened file file:/eos/cms/store/user/tsarkar/DIGIPremix_Condor_output_Vector_MonoZLL_NLO_Mphi-500_Mchi-150_gSM-0p25_gDM-1p0_ctau100p0/step_DIGIPremix_2017UL_9.root
Begin processing the 1st record. Run 1, Event 804, LumiSection 17 at 14-Jun-2021 15:42:18.475 CEST
Begin processing the 2nd record. Run 1, Event 801, LumiSection 17 at 14-Jun-2021 15:42:32.274 CEST
Begin processing the 3rd record. Run 1, Event 803, LumiSection 17 at 14-Jun-2021 15:42:39.510 CEST
Begin processing the 4th record. Run 1, Event 807, LumiSection 17 at 14-Jun-2021 15:42:41.562 CEST
%MSG-w Muon:  L3MuonProducer:hltL3NoFiltersNoVtxMuonsOIState  14-Jun-2021 15:42:42 CEST Run: 1 Event: 807
     Failed to load tracker track trajectory
%MSG
%MSG-w RecoMuon:  L3MuonProducer:hltL3NoFiltersNoVtxMuonsOIState  14-Jun-2021 15:42:42 CEST Run: 1 Event: 807
     Failed to load tracker track trajectory
%MSG
%MSG-w GlobalMuon:  L3MuonProducer:hltL3NoFiltersNoVtxMuonsOIState  14-Jun-2021 15:42:42 CEST Run: 1 Event: 807
     Failed to load tracker track trajectory
%MSG
%MSG-w GlobalTrajectoryBuilderBase:   L3MuonProducer:hltL3NoFiltersNoVtxMuonsOIState 14-Jun-2021 15:42:42 CEST  Run: 1 Event: 807
     Failed to load tracker track trajectory
%MSG
Begin processing the 5th record. Run 1, Event 805, LumiSection 17 at 14-Jun-2021 15:42:45.265 CEST
Begin processing the 6th record. Run 1, Event 802, LumiSection 17 at 14-Jun-2021 15:42:51.971 CEST
Begin processing the 7th record. Run 1, Event 806, LumiSection 17 at 14-Jun-2021 15:43:04.171 CEST
Begin processing the 8th record. Run 1, Event 810, LumiSection 17 at 14-Jun-2021 15:43:07.162 CEST
Begin processing the 9th record. Run 1, Event 811, LumiSection 17 at 14-Jun-2021 15:43:08.083 CEST
Begin processing the 10th record. Run 1, Event 808, LumiSection 17 at 14-Jun-2021 15:43:19.116 CEST
Begin processing the 11th record. Run 1, Event 809, LumiSection 17 at 14-Jun-2021 15:43:21.730 CEST
%MSG-w InvalidInputTag:  CSCHaloDataProducer:hltCSCHaloData  14-Jun-2021 15:43:29 CEST Run: 1 Event: 809
 The Cosmic Muon collection does not appear to be in the event. These beam halo  identification variables will be empty
%MSG
Begin processing the 12th record. Run 1, Event 812, LumiSection 17 at 14-Jun-2021 15:43:30.184 CEST
Begin processing the 13th record. Run 1, Event 815, LumiSection 17 at 14-Jun-2021 15:43:35.556 CEST
Begin processing the 14th record. Run 1, Event 816, LumiSection 17 at 14-Jun-2021 15:43:40.494 CEST
Begin processing the 15th record. Run 1, Event 814, LumiSection 17 at 14-Jun-2021 15:43:42.302 CEST
Begin processing the 16th record. Run 1, Event 813, LumiSection 17 at 14-Jun-2021 15:43:50.198 CEST
Begin processing the 17th record. Run 1, Event 819, LumiSection 17 at 14-Jun-2021 15:43:53.734 CEST
Begin processing the 18th record. Run 1, Event 818, LumiSection 17 at 14-Jun-2021 15:43:57.736 CEST
Begin processing the 19th record. Run 1, Event 817, LumiSection 17 at 14-Jun-2021 15:44:00.427 CEST
Begin processing the 20th record. Run 1, Event 821, LumiSection 17 at 14-Jun-2021 15:44:03.948 CEST
Begin processing the 21st record. Run 1, Event 820, LumiSection 17 at 14-Jun-2021 15:44:04.826 CEST
Begin processing the 22nd record. Run 1, Event 822, LumiSection 17 at 14-Jun-2021 15:44:08.175 CEST
Begin processing the 23rd record. Run 1, Event 823, LumiSection 17 at 14-Jun-2021 15:44:16.732 CEST
%MSG-w InvalidHelix:   SeedCreatorFromRegionConsecutiveHitsEDProducer:hltFullIter9TobTecSeedsTripl  14-Jun-2021 15:44:26 CEST Run: 1 Event: 823
PixelClusterShapeSeedComparitor helix is not valid, result is bad
%MSG
Begin processing the 24th record. Run 1, Event 827, LumiSection 17 at 14-Jun-2021 15:44:28.202 CEST
Begin processing the 25th record. Run 1, Event 824, LumiSection 17 at 14-Jun-2021 15:44:36.261 CEST
Begin processing the 26th record. Run 1, Event 825, LumiSection 17 at 14-Jun-2021 15:44:40.112 CEST
Begin processing the 27th record. Run 1, Event 826, LumiSection 17 at 14-Jun-2021 15:44:42.929 CEST
Begin processing the 28th record. Run 1, Event 828, LumiSection 17 at 14-Jun-2021 15:44:48.911 CEST
Begin processing the 29th record. Run 1, Event 829, LumiSection 17 at 14-Jun-2021 15:44:49.713 CEST
Begin processing the 30th record. Run 1, Event 830, LumiSection 17 at 14-Jun-2021 15:44:52.325 CEST
Begin processing the 31st record. Run 1, Event 831, LumiSection 17 at 14-Jun-2021 15:44:53.126 CEST
Begin processing the 32nd record. Run 1, Event 833, LumiSection 17 at 14-Jun-2021 15:44:56.737 CEST
Begin processing the 33rd record. Run 1, Event 834, LumiSection 17 at 14-Jun-2021 15:45:07.922 CEST
Begin processing the 34th record. Run 1, Event 832, LumiSection 17 at 14-Jun-2021 15:45:09.094 CEST
Begin processing the 35th record. Run 1, Event 837, LumiSection 17 at 14-Jun-2021 15:45:14.151 CEST
Begin processing the 36th record. Run 1, Event 838, LumiSection 17 at 14-Jun-2021 15:45:17.028 CEST
Begin processing the 37th record. Run 1, Event 835, LumiSection 17 at 14-Jun-2021 15:45:23.815 CEST
%MSG-w InvalidHelix:   SeedCreatorFromRegionConsecutiveHitsEDProducer:hltFullIter9TobTecSeedsTripl  14-Jun-2021 15:45:39 CEST Run: 1 Event: 835
PixelClusterShapeSeedComparitor helix is not valid, result is bad
%MSG
%MSG-w InvalidHelix:   SeedCreatorFromRegionConsecutiveHitsEDProducer:hltIter2HighPtTkMuPixelSeeds  14-Jun-2021 15:45:40 CEST Run: 1 Event: 835
PixelClusterShapeSeedComparitor helix is not valid, result is bad
%MSG
Begin processing the 38th record. Run 1, Event 836, LumiSection 17 at 14-Jun-2021 15:45:40.865 CEST
Begin processing the 39th record. Run 1, Event 840, LumiSection 17 at 14-Jun-2021 15:45:44.986 CEST
%MSG-w InvalidHelix:   SeedCreatorFromRegionConsecutiveHitsEDProducer:hltFullIter9TobTecSeedsTripl  14-Jun-2021 15:45:49 CEST Run: 1 Event: 840
PixelClusterShapeSeedComparitor helix is not valid, result is bad
%MSG
Begin processing the 40th record. Run 1, Event 842, LumiSection 17 at 14-Jun-2021 15:45:50.500 CEST
Begin processing the 41st record. Run 1, Event 841, LumiSection 17 at 14-Jun-2021 15:45:54.981 CEST
Begin processing the 42nd record. Run 1, Event 839, LumiSection 17 at 14-Jun-2021 15:46:00.107 CEST
Begin processing the 43rd record. Run 1, Event 843, LumiSection 17 at 14-Jun-2021 15:46:03.286 CEST
Begin processing the 44th record. Run 1, Event 846, LumiSection 17 at 14-Jun-2021 15:46:05.097 CEST
Begin processing the 45th record. Run 1, Event 844, LumiSection 17 at 14-Jun-2021 15:46:07.000 CEST
Begin processing the 46th record. Run 1, Event 847, LumiSection 17 at 14-Jun-2021 15:46:12.013 CEST
Begin processing the 47th record. Run 1, Event 845, LumiSection 17 at 14-Jun-2021 15:46:15.726 CEST
Begin processing the 48th record. Run 1, Event 849, LumiSection 17 at 14-Jun-2021 15:46:18.007 CEST
Begin processing the 49th record. Run 1, Event 848, LumiSection 17 at 14-Jun-2021 15:46:25.297 CEST
Begin processing the 50th record. Run 1, Event 850, LumiSection 17 at 14-Jun-2021 15:46:33.557 CEST
14-Jun-2021 15:46:39 CEST  Closed file file:/eos/cms/store/user/tsarkar/DIGIPremix_Condor_output_Vector_MonoZLL_NLO_Mphi-500_Mchi-150_gSM-0p25_gDM-1p0_ctau100p0/step_DIGIPremix_2017UL_9.root

=============================================

MessageLogger Summary

 type     category        sev    module        subroutine        count    total
 ---- -------------------- -- ---------------- ----------------  -----    -----
    1 GlobalMuon           -w L3MuonProducer:h                       1        1
    2 GlobalTrajectoryBuil -w L3MuonProducer:h                       1        1
    3 InvalidHelix         -w SeedCreatorFromR                       3        3
    4 InvalidHelix         -w SeedCreatorFromR                       1        1
    5 InvalidInputTag      -w CSCHaloDataProdu                       1        1
    6 Muon                 -w L3MuonProducer:h                       1        1
    7 RecoMuon             -w L3MuonProducer:h                       1        1
    8 fileAction           -s file_close                             1        1
    9 fileAction           -s file_open                              2        2

 type    category    Examples: run/evt        run/evt          run/evt
 ---- -------------------- ---------------- ---------------- ----------------
    1 GlobalMuon           1/807                             
    2 GlobalTrajectoryBuilderBase 1/807                             
    3 InvalidHelix         1/823            1/835            1/840
    4 InvalidHelix         1/835                             
    5 InvalidInputTag      1/809                             
    6 Muon                 1/807                             
    7 RecoMuon             1/807                             
    8 fileAction           PostGlobalEndRun                  
    9 fileAction           pre-events       pre-events       

Severity    # Occurrences   Total Occurrences
--------    -------------   -----------------
Warning                 9                   9
System                  3                   3

dropped waiting message count 0
