000 (7312117.000.000) 06/14 14:47:00 Job submitted from host: <137.138.44.75:9618?addrs=137.138.44.75-9618+[2001-1458-d00-1a--b]-9618&alias=bigbird14.cern.ch&noUDP&sock=schedd_3149486_02ef>
...
040 (7312117.000.000) 06/14 15:40:10 Started transferring input files
	Transferring to host: <188.184.213.14:9618?addrs=188.184.213.14-9618+[2001-1458-301-10c--100-10d]-9618&alias=b7g24n0507.cern.ch&noUDP&sock=slot1_6_20366_7075_92678>
...
040 (7312117.000.000) 06/14 15:40:10 Finished transferring input files
...
001 (7312117.000.000) 06/14 15:40:11 Job executing on host: <188.184.213.14:9618?addrs=188.184.213.14-9618+[2001-1458-301-10c--100-10d]-9618&alias=b7g24n0507.cern.ch&noUDP&sock=startd_2070_6d22>
...
006 (7312117.000.000) 06/14 15:40:19 Image size of job updated: 244156
	14  -  MemoryUsage of job (MB)
	13596  -  ResidentSetSize of job (KB)
...
006 (7312117.000.000) 06/14 15:45:19 Image size of job updated: 2297524
	1220  -  MemoryUsage of job (MB)
	1248364  -  ResidentSetSize of job (KB)
...
006 (7312117.000.000) 06/14 15:48:40 Image size of job updated: 2412220
	1220  -  MemoryUsage of job (MB)
	1248364  -  ResidentSetSize of job (KB)
...
040 (7312117.000.000) 06/14 15:48:40 Started transferring output files
...
040 (7312117.000.000) 06/14 15:48:40 Finished transferring output files
...
005 (7312117.000.000) 06/14 15:48:40 Job terminated.
	(1) Normal termination (return value 0)
		Usr 0 00:06:41, Sys 0 00:00:09  -  Run Remote Usage
		Usr 0 00:00:00, Sys 0 00:00:00  -  Run Local Usage
		Usr 0 00:06:41, Sys 0 00:00:09  -  Total Remote Usage
		Usr 0 00:00:00, Sys 0 00:00:00  -  Total Local Usage
	15112  -  Run Bytes Sent By Job
	433  -  Run Bytes Received By Job
	15112  -  Total Bytes Sent By Job
	433  -  Total Bytes Received By Job
	Partitionable Resources :    Usage  Request Allocated 
	   Cpus                 :     0.99        1         1 
	   Disk (KB)            :    36           1    291495 
	   Memory (MB)          :  1220        2000      2000 

	Job terminated of its own accord at 2021-06-14T13:48:40Z.
...
