14-Jun-2021 15:40:50 CEST  Initiating request to open file file:/eos/cms/store/user/tsarkar/DIGIPremix_Condor_output_Vector_MonoZLL_NLO_Mphi-500_Mchi-150_gSM-0p25_gDM-1p0_ctau100p0/step_DIGIPremix_2017UL_12.root
14-Jun-2021 15:40:54 CEST  Successfully opened file file:/eos/cms/store/user/tsarkar/DIGIPremix_Condor_output_Vector_MonoZLL_NLO_Mphi-500_Mchi-150_gSM-0p25_gDM-1p0_ctau100p0/step_DIGIPremix_2017UL_12.root
Begin processing the 1st record. Run 1, Event 53, LumiSection 2 at 14-Jun-2021 15:42:54.002 CEST
Begin processing the 2nd record. Run 1, Event 51, LumiSection 2 at 14-Jun-2021 15:43:05.501 CEST
Begin processing the 3rd record. Run 1, Event 54, LumiSection 2 at 14-Jun-2021 15:43:07.142 CEST
Begin processing the 4th record. Run 1, Event 52, LumiSection 2 at 14-Jun-2021 15:43:17.089 CEST
%MSG-w InvalidInputTag:  CSCHaloDataProducer:hltCSCHaloData  14-Jun-2021 15:43:25 CEST Run: 1 Event: 52
 The Cosmic Muon collection does not appear to be in the event. These beam halo  identification variables will be empty
%MSG
Begin processing the 5th record. Run 1, Event 57, LumiSection 2 at 14-Jun-2021 15:43:25.445 CEST
Begin processing the 6th record. Run 1, Event 55, LumiSection 2 at 14-Jun-2021 15:43:30.793 CEST
Begin processing the 7th record. Run 1, Event 60, LumiSection 2 at 14-Jun-2021 15:43:40.336 CEST
Begin processing the 8th record. Run 1, Event 58, LumiSection 2 at 14-Jun-2021 15:43:44.313 CEST
Begin processing the 9th record. Run 1, Event 56, LumiSection 2 at 14-Jun-2021 15:43:45.366 CEST
Begin processing the 10th record. Run 1, Event 61, LumiSection 2 at 14-Jun-2021 15:43:49.209 CEST
Begin processing the 11th record. Run 1, Event 59, LumiSection 2 at 14-Jun-2021 15:43:52.120 CEST
Begin processing the 12th record. Run 1, Event 63, LumiSection 2 at 14-Jun-2021 15:43:55.842 CEST
Begin processing the 13th record. Run 1, Event 62, LumiSection 2 at 14-Jun-2021 15:43:59.216 CEST
Begin processing the 14th record. Run 1, Event 64, LumiSection 2 at 14-Jun-2021 15:44:03.308 CEST
Begin processing the 15th record. Run 1, Event 65, LumiSection 2 at 14-Jun-2021 15:44:05.415 CEST
Begin processing the 16th record. Run 1, Event 68, LumiSection 2 at 14-Jun-2021 15:44:06.629 CEST
Begin processing the 17th record. Run 1, Event 66, LumiSection 2 at 14-Jun-2021 15:44:18.756 CEST
Begin processing the 18th record. Run 1, Event 71, LumiSection 2 at 14-Jun-2021 15:44:20.268 CEST
%MSG-w EnergyInDeadEE_FE:  EcalRecHitProducer:hltEcalRecHit  14-Jun-2021 15:44:20 CEST Run: 1 Event: 71
TP energy in the dead TT = 57.9589 at (EE iz +  ix 17 , iy 6)
%MSG
Begin processing the 19th record. Run 1, Event 67, LumiSection 2 at 14-Jun-2021 15:44:21.005 CEST
Begin processing the 20th record. Run 1, Event 69, LumiSection 2 at 14-Jun-2021 15:44:24.381 CEST
%MSG-w InvalidHelix:   SeedCreatorFromRegionConsecutiveHitsEDProducer:hltFullIter9TobTecSeedsTripl  14-Jun-2021 15:44:35 CEST Run: 1 Event: 69
PixelClusterShapeSeedComparitor helix is not valid, result is bad
%MSG
Begin processing the 21st record. Run 1, Event 70, LumiSection 2 at 14-Jun-2021 15:44:36.852 CEST
Begin processing the 22nd record. Run 1, Event 72, LumiSection 2 at 14-Jun-2021 15:44:41.610 CEST
Begin processing the 23rd record. Run 1, Event 73, LumiSection 2 at 14-Jun-2021 15:44:42.710 CEST
Begin processing the 24th record. Run 1, Event 76, LumiSection 2 at 14-Jun-2021 15:44:43.836 CEST
Begin processing the 25th record. Run 1, Event 78, LumiSection 2 at 14-Jun-2021 15:44:44.671 CEST
Begin processing the 26th record. Run 1, Event 74, LumiSection 2 at 14-Jun-2021 15:44:49.187 CEST
Begin processing the 27th record. Run 1, Event 75, LumiSection 2 at 14-Jun-2021 15:44:53.573 CEST
Begin processing the 28th record. Run 1, Event 80, LumiSection 2 at 14-Jun-2021 15:45:00.999 CEST
Begin processing the 29th record. Run 1, Event 79, LumiSection 2 at 14-Jun-2021 15:45:04.219 CEST
Begin processing the 30th record. Run 1, Event 77, LumiSection 2 at 14-Jun-2021 15:45:05.480 CEST
Begin processing the 31st record. Run 1, Event 82, LumiSection 2 at 14-Jun-2021 15:45:10.780 CEST
Begin processing the 32nd record. Run 1, Event 81, LumiSection 2 at 14-Jun-2021 15:45:20.195 CEST
Begin processing the 33rd record. Run 1, Event 83, LumiSection 2 at 14-Jun-2021 15:45:23.866 CEST
Begin processing the 34th record. Run 1, Event 84, LumiSection 2 at 14-Jun-2021 15:45:31.260 CEST
Begin processing the 35th record. Run 1, Event 87, LumiSection 2 at 14-Jun-2021 15:45:32.304 CEST
%MSG-w InvalidHelix:   SeedCreatorFromRegionConsecutiveHitsEDProducer:hltFullIter9TobTecSeedsPair  14-Jun-2021 15:45:34 CEST Run: 1 Event: 87
PixelClusterShapeSeedComparitor helix is not valid, result is bad
%MSG
Begin processing the 36th record. Run 1, Event 85, LumiSection 2 at 14-Jun-2021 15:45:35.057 CEST
Begin processing the 37th record. Run 1, Event 86, LumiSection 2 at 14-Jun-2021 15:45:40.803 CEST
Begin processing the 38th record. Run 1, Event 88, LumiSection 2 at 14-Jun-2021 15:45:46.892 CEST
Begin processing the 39th record. Run 1, Event 90, LumiSection 2 at 14-Jun-2021 15:45:52.527 CEST
Begin processing the 40th record. Run 1, Event 89, LumiSection 2 at 14-Jun-2021 15:46:05.452 CEST
Begin processing the 41st record. Run 1, Event 94, LumiSection 2 at 14-Jun-2021 15:46:14.112 CEST
Begin processing the 42nd record. Run 1, Event 92, LumiSection 2 at 14-Jun-2021 15:46:19.000 CEST
%MSG-w InvalidHelix:   SeedCreatorFromRegionConsecutiveHitsEDProducer:hltFullIter9TobTecSeedsTripl  14-Jun-2021 15:46:24 CEST Run: 1 Event: 92
PixelClusterShapeSeedComparitor helix is not valid, result is bad
%MSG
Begin processing the 43rd record. Run 1, Event 93, LumiSection 2 at 14-Jun-2021 15:46:24.718 CEST
%MSG-w InvalidHelix:   SeedCreatorFromRegionConsecutiveHitsEDProducer:hltFullIter9TobTecSeedsPair  14-Jun-2021 15:46:31 CEST Run: 1 Event: 93
PixelClusterShapeSeedComparitor helix is not valid, result is bad
%MSG
Begin processing the 44th record. Run 1, Event 91, LumiSection 2 at 14-Jun-2021 15:46:32.239 CEST
Begin processing the 45th record. Run 1, Event 97, LumiSection 2 at 14-Jun-2021 15:46:35.597 CEST
%MSG-w InvalidHelix:   SeedCreatorFromRegionConsecutiveHitsEDProducer:hltFullIter9TobTecSeedsPair  14-Jun-2021 15:46:42 CEST Run: 1 Event: 97
PixelClusterShapeSeedComparitor helix is not valid, result is bad
%MSG
Begin processing the 46th record. Run 1, Event 98, LumiSection 2 at 14-Jun-2021 15:46:42.918 CEST
%MSG-w InvalidHelix:   SeedCreatorFromRegionConsecutiveHitsEDProducer:hltFullIter6PixelSeedsA  14-Jun-2021 15:46:49 CEST Run: 1 Event: 98
PixelClusterShapeSeedComparitor helix is not valid, result is bad
%MSG
Begin processing the 47th record. Run 1, Event 96, LumiSection 2 at 14-Jun-2021 15:46:50.979 CEST
Begin processing the 48th record. Run 1, Event 99, LumiSection 2 at 14-Jun-2021 15:46:56.859 CEST
Begin processing the 49th record. Run 1, Event 95, LumiSection 2 at 14-Jun-2021 15:46:59.663 CEST
%MSG-w InvalidHelix:   SeedCreatorFromRegionConsecutiveHitsEDProducer:hltFullIter9TobTecSeedsPair  14-Jun-2021 15:47:09 CEST Run: 1 Event: 95
PixelClusterShapeSeedComparitor helix is not valid, result is bad
%MSG
Begin processing the 50th record. Run 1, Event 100, LumiSection 2 at 14-Jun-2021 15:47:10.322 CEST
14-Jun-2021 15:47:11 CEST  Closed file file:/eos/cms/store/user/tsarkar/DIGIPremix_Condor_output_Vector_MonoZLL_NLO_Mphi-500_Mchi-150_gSM-0p25_gDM-1p0_ctau100p0/step_DIGIPremix_2017UL_12.root

=============================================

MessageLogger Summary

 type     category        sev    module        subroutine        count    total
 ---- -------------------- -- ---------------- ----------------  -----    -----
    1 EnergyInDeadEE_FE    -w EcalRecHitProduc                       1        1
    2 InvalidHelix         -w SeedCreatorFromR                       1        1
    3 InvalidHelix         -w SeedCreatorFromR                       4        4
    4 InvalidHelix         -w SeedCreatorFromR                       2        2
    5 InvalidInputTag      -w CSCHaloDataProdu                       1        1
    6 fileAction           -s file_close                             1        1
    7 fileAction           -s file_open                              2        2

 type    category    Examples: run/evt        run/evt          run/evt
 ---- -------------------- ---------------- ---------------- ----------------
    1 EnergyInDeadEE_FE    1/71                              
    2 InvalidHelix         1/98                              
    3 InvalidHelix         1/87             1/93             1/95
    4 InvalidHelix         1/69             1/92             
    5 InvalidInputTag      1/52                              
    6 fileAction           PostGlobalEndRun                  
    7 fileAction           pre-events       pre-events       

Severity    # Occurrences   Total Occurrences
--------    -------------   -----------------
Warning                 9                   9
System                  3                   3

dropped waiting message count 0
