000 (7312104.000.000) 06/14 14:46:29 Job submitted from host: <137.138.44.75:9618?addrs=137.138.44.75-9618+[2001-1458-d00-1a--b]-9618&alias=bigbird14.cern.ch&noUDP&sock=schedd_3149486_02ef>
...
040 (7312104.000.000) 06/14 15:40:06 Started transferring input files
	Transferring to host: <128.142.149.20:9618?addrs=128.142.149.20-9618&alias=b7g41n4362.cern.ch&noUDP&sock=slot1_4_4344_7daa_36724>
...
040 (7312104.000.000) 06/14 15:40:06 Finished transferring input files
...
001 (7312104.000.000) 06/14 15:40:07 Job executing on host: <128.142.149.20:9618?addrs=128.142.149.20-9618&alias=b7g41n4362.cern.ch&noUDP&sock=startd_3554_53ad>
...
006 (7312104.000.000) 06/14 15:40:16 Image size of job updated: 240576
	14  -  MemoryUsage of job (MB)
	13408  -  ResidentSetSize of job (KB)
...
006 (7312104.000.000) 06/14 15:45:17 Image size of job updated: 2362288
	1234  -  MemoryUsage of job (MB)
	1263384  -  ResidentSetSize of job (KB)
...
006 (7312104.000.000) 06/14 15:49:12 Image size of job updated: 2456496
	1234  -  MemoryUsage of job (MB)
	1263384  -  ResidentSetSize of job (KB)
...
040 (7312104.000.000) 06/14 15:49:12 Started transferring output files
...
040 (7312104.000.000) 06/14 15:49:12 Finished transferring output files
...
005 (7312104.000.000) 06/14 15:49:13 Job terminated.
	(1) Normal termination (return value 0)
		Usr 0 00:07:26, Sys 0 00:00:12  -  Run Remote Usage
		Usr 0 00:00:00, Sys 0 00:00:00  -  Run Local Usage
		Usr 0 00:07:26, Sys 0 00:00:12  -  Total Remote Usage
		Usr 0 00:00:00, Sys 0 00:00:00  -  Total Local Usage
	17529  -  Run Bytes Sent By Job
	432  -  Run Bytes Received By Job
	17529  -  Total Bytes Sent By Job
	432  -  Total Bytes Received By Job
	Partitionable Resources :    Usage  Request Allocated 
	   Cpus                 :                 1         1 
	   Disk (KB)            :       31        1    352163 
	   Memory (MB)          :     1234     2000      2000 

	Job terminated of its own accord at 2021-06-14T13:49:12Z.
...
