000 (7312119.000.000) 06/14 14:47:03 Job submitted from host: <137.138.44.75:9618?addrs=137.138.44.75-9618+[2001-1458-d00-1a--b]-9618&alias=bigbird14.cern.ch&noUDP&sock=schedd_3149486_02ef>
...
040 (7312119.000.000) 06/14 15:40:10 Started transferring input files
	Transferring to host: <188.184.212.81:9618?addrs=188.184.212.81-9618+[2001-1458-301-10c--100-51]-9618&alias=b7g24n0163.cern.ch&noUDP&sock=slot1_2_24696_50e5_96246>
...
040 (7312119.000.000) 06/14 15:40:10 Finished transferring input files
...
001 (7312119.000.000) 06/14 15:40:11 Job executing on host: <188.184.212.81:9618?addrs=188.184.212.81-9618+[2001-1458-301-10c--100-51]-9618&alias=b7g24n0163.cern.ch&noUDP&sock=startd_1948_be94>
...
006 (7312119.000.000) 06/14 15:40:20 Image size of job updated: 419728
	37  -  MemoryUsage of job (MB)
	37180  -  ResidentSetSize of job (KB)
...
006 (7312119.000.000) 06/14 15:45:21 Image size of job updated: 2390196
	1282  -  MemoryUsage of job (MB)
	1312760  -  ResidentSetSize of job (KB)
...
006 (7312119.000.000) 06/14 15:46:02 Image size of job updated: 2390204
	1282  -  MemoryUsage of job (MB)
	1312760  -  ResidentSetSize of job (KB)
...
040 (7312119.000.000) 06/14 15:46:02 Started transferring output files
...
040 (7312119.000.000) 06/14 15:46:02 Finished transferring output files
...
005 (7312119.000.000) 06/14 15:46:02 Job terminated.
	(1) Normal termination (return value 0)
		Usr 0 00:04:58, Sys 0 00:00:07  -  Run Remote Usage
		Usr 0 00:00:00, Sys 0 00:00:00  -  Run Local Usage
		Usr 0 00:04:58, Sys 0 00:00:07  -  Total Remote Usage
		Usr 0 00:00:00, Sys 0 00:00:00  -  Total Local Usage
	14524  -  Run Bytes Sent By Job
	433  -  Run Bytes Received By Job
	14524  -  Total Bytes Sent By Job
	433  -  Total Bytes Received By Job
	Partitionable Resources :    Usage  Request Allocated 
	   Cpus                 :                 1         1 
	   Disk (KB)            :       28        1    296191 
	   Memory (MB)          :     1282     2000      2000 

	Job terminated of its own accord at 2021-06-14T13:46:02Z.
...
