14-Jun-2021 15:40:54 CEST  Initiating request to open file file:/eos/cms/store/user/tsarkar/DIGIPremix_Condor_output_Vector_MonoZLL_NLO_Mphi-500_Mchi-150_gSM-0p25_gDM-1p0_ctau100p0/step_DIGIPremix_2017UL_20.root
14-Jun-2021 15:40:59 CEST  Successfully opened file file:/eos/cms/store/user/tsarkar/DIGIPremix_Condor_output_Vector_MonoZLL_NLO_Mphi-500_Mchi-150_gSM-0p25_gDM-1p0_ctau100p0/step_DIGIPremix_2017UL_20.root
Begin processing the 1st record. Run 1, Event 402, LumiSection 9 at 14-Jun-2021 15:42:39.959 CEST
Begin processing the 2nd record. Run 1, Event 401, LumiSection 9 at 14-Jun-2021 15:42:56.590 CEST
Begin processing the 3rd record. Run 1, Event 403, LumiSection 9 at 14-Jun-2021 15:43:00.546 CEST
Begin processing the 4th record. Run 1, Event 406, LumiSection 9 at 14-Jun-2021 15:43:04.177 CEST
Begin processing the 5th record. Run 1, Event 407, LumiSection 9 at 14-Jun-2021 15:43:11.224 CEST
Begin processing the 6th record. Run 1, Event 404, LumiSection 9 at 14-Jun-2021 15:43:14.460 CEST
%MSG-w InvalidInputTag:  CSCHaloDataProducer:hltCSCHaloData  14-Jun-2021 15:43:18 CEST Run: 1 Event: 404
 The Cosmic Muon collection does not appear to be in the event. These beam halo  identification variables will be empty
%MSG
Begin processing the 7th record. Run 1, Event 405, LumiSection 9 at 14-Jun-2021 15:43:19.212 CEST
%MSG-w InvalidHelix:   SeedCreatorFromRegionConsecutiveHitsEDProducer:hltFullIter9TobTecSeedsTripl  14-Jun-2021 15:43:30 CEST Run: 1 Event: 405
PixelClusterShapeSeedComparitor helix is not valid, result is bad
%MSG
%MSG-w InvalidHelix:   SeedCreatorFromRegionConsecutiveHitsEDProducer:hltIter2HighPtTkMuPixelSeeds  14-Jun-2021 15:43:30 CEST Run: 1 Event: 405
PixelClusterShapeSeedComparitor helix is not valid, result is bad
%MSG
Begin processing the 8th record. Run 1, Event 409, LumiSection 9 at 14-Jun-2021 15:43:31.270 CEST
Begin processing the 9th record. Run 1, Event 408, LumiSection 9 at 14-Jun-2021 15:43:34.374 CEST
Begin processing the 10th record. Run 1, Event 410, LumiSection 9 at 14-Jun-2021 15:43:41.054 CEST
Begin processing the 11th record. Run 1, Event 412, LumiSection 9 at 14-Jun-2021 15:43:42.024 CEST
Begin processing the 12th record. Run 1, Event 413, LumiSection 9 at 14-Jun-2021 15:43:44.890 CEST
Begin processing the 13th record. Run 1, Event 414, LumiSection 9 at 14-Jun-2021 15:43:48.041 CEST
Begin processing the 14th record. Run 1, Event 411, LumiSection 9 at 14-Jun-2021 15:43:48.756 CEST
Begin processing the 15th record. Run 1, Event 416, LumiSection 9 at 14-Jun-2021 15:43:49.757 CEST
Begin processing the 16th record. Run 1, Event 417, LumiSection 9 at 14-Jun-2021 15:43:57.424 CEST
Begin processing the 17th record. Run 1, Event 418, LumiSection 9 at 14-Jun-2021 15:44:01.010 CEST
Begin processing the 18th record. Run 1, Event 415, LumiSection 9 at 14-Jun-2021 15:44:08.512 CEST
%MSG-e TrajectoryNotPosDef:   TrackProducer:hltIter2PFlowCtfWithMaterialTracksForPhotons  14-Jun-2021 15:44:09 CEST Run: 1 Event: 415
Trajectory covariance is not positive-definite
%MSG
Begin processing the 19th record. Run 1, Event 421, LumiSection 9 at 14-Jun-2021 15:44:18.053 CEST
Begin processing the 20th record. Run 1, Event 419, LumiSection 9 at 14-Jun-2021 15:44:18.819 CEST
Begin processing the 21st record. Run 1, Event 422, LumiSection 9 at 14-Jun-2021 15:44:26.507 CEST
Begin processing the 22nd record. Run 1, Event 423, LumiSection 9 at 14-Jun-2021 15:44:27.287 CEST
Begin processing the 23rd record. Run 1, Event 425, LumiSection 9 at 14-Jun-2021 15:44:31.467 CEST
Begin processing the 24th record. Run 1, Event 424, LumiSection 9 at 14-Jun-2021 15:44:43.584 CEST
Begin processing the 25th record. Run 1, Event 420, LumiSection 9 at 14-Jun-2021 15:44:47.463 CEST
Begin processing the 26th record. Run 1, Event 426, LumiSection 9 at 14-Jun-2021 15:44:55.108 CEST
Begin processing the 27th record. Run 1, Event 427, LumiSection 9 at 14-Jun-2021 15:44:57.819 CEST
Begin processing the 28th record. Run 1, Event 428, LumiSection 9 at 14-Jun-2021 15:45:10.783 CEST
Begin processing the 29th record. Run 1, Event 430, LumiSection 9 at 14-Jun-2021 15:45:12.342 CEST
Begin processing the 30th record. Run 1, Event 429, LumiSection 9 at 14-Jun-2021 15:45:18.252 CEST
%MSG-w InvalidHelix:   SeedCreatorFromRegionConsecutiveHitsEDProducer:hltFullIter9TobTecSeedsPair  14-Jun-2021 15:45:21 CEST Run: 1 Event: 429
PixelClusterShapeSeedComparitor helix is not valid, result is bad
%MSG
Begin processing the 31st record. Run 1, Event 431, LumiSection 9 at 14-Jun-2021 15:45:21.846 CEST
Begin processing the 32nd record. Run 1, Event 433, LumiSection 9 at 14-Jun-2021 15:45:22.975 CEST
Begin processing the 33rd record. Run 1, Event 432, LumiSection 9 at 14-Jun-2021 15:45:26.209 CEST
Begin processing the 34th record. Run 1, Event 434, LumiSection 9 at 14-Jun-2021 15:45:40.766 CEST
Begin processing the 35th record. Run 1, Event 436, LumiSection 9 at 14-Jun-2021 15:45:43.507 CEST
Begin processing the 36th record. Run 1, Event 435, LumiSection 9 at 14-Jun-2021 15:45:58.040 CEST
Begin processing the 37th record. Run 1, Event 438, LumiSection 9 at 14-Jun-2021 15:46:09.062 CEST
Begin processing the 38th record. Run 1, Event 440, LumiSection 9 at 14-Jun-2021 15:46:15.439 CEST
Begin processing the 39th record. Run 1, Event 437, LumiSection 9 at 14-Jun-2021 15:46:21.508 CEST
Begin processing the 40th record. Run 1, Event 439, LumiSection 9 at 14-Jun-2021 15:46:25.308 CEST
Begin processing the 41st record. Run 1, Event 443, LumiSection 9 at 14-Jun-2021 15:46:32.469 CEST
Begin processing the 42nd record. Run 1, Event 445, LumiSection 9 at 14-Jun-2021 15:46:38.424 CEST
Begin processing the 43rd record. Run 1, Event 442, LumiSection 9 at 14-Jun-2021 15:46:40.366 CEST
Begin processing the 44th record. Run 1, Event 441, LumiSection 9 at 14-Jun-2021 15:46:51.516 CEST
Begin processing the 45th record. Run 1, Event 444, LumiSection 9 at 14-Jun-2021 15:46:57.462 CEST
Begin processing the 46th record. Run 1, Event 446, LumiSection 9 at 14-Jun-2021 15:47:03.100 CEST
Begin processing the 47th record. Run 1, Event 448, LumiSection 9 at 14-Jun-2021 15:47:07.071 CEST
Begin processing the 48th record. Run 1, Event 447, LumiSection 9 at 14-Jun-2021 15:47:11.481 CEST
Begin processing the 49th record. Run 1, Event 450, LumiSection 9 at 14-Jun-2021 15:47:15.943 CEST
Begin processing the 50th record. Run 1, Event 449, LumiSection 9 at 14-Jun-2021 15:47:17.918 CEST
14-Jun-2021 15:47:27 CEST  Closed file file:/eos/cms/store/user/tsarkar/DIGIPremix_Condor_output_Vector_MonoZLL_NLO_Mphi-500_Mchi-150_gSM-0p25_gDM-1p0_ctau100p0/step_DIGIPremix_2017UL_20.root

=============================================

MessageLogger Summary

 type     category        sev    module        subroutine        count    total
 ---- -------------------- -- ---------------- ----------------  -----    -----
    1 InvalidHelix         -w SeedCreatorFromR                       1        1
    2 InvalidHelix         -w SeedCreatorFromR                       1        1
    3 InvalidHelix         -w SeedCreatorFromR                       1        1
    4 InvalidInputTag      -w CSCHaloDataProdu                       1        1
    5 TrajectoryNotPosDef  -e TrackProducer:hl                       1        1
    6 fileAction           -s file_close                             1        1
    7 fileAction           -s file_open                              2        2

 type    category    Examples: run/evt        run/evt          run/evt
 ---- -------------------- ---------------- ---------------- ----------------
    1 InvalidHelix         1/429                             
    2 InvalidHelix         1/405                             
    3 InvalidHelix         1/405                             
    4 InvalidInputTag      1/404                             
    5 TrajectoryNotPosDef  1/415                             
    6 fileAction           PostGlobalEndRun                  
    7 fileAction           pre-events       pre-events       

Severity    # Occurrences   Total Occurrences
--------    -------------   -----------------
Warning                 4                   4
Error                   1                   1
System                  3                   3

dropped waiting message count 0
