14-Jun-2021 15:40:54 CEST  Initiating request to open file file:/eos/cms/store/user/tsarkar/DIGIPremix_Condor_output_Vector_MonoZLL_NLO_Mphi-500_Mchi-150_gSM-0p25_gDM-1p0_ctau100p0/step_DIGIPremix_2017UL_18.root
14-Jun-2021 15:40:58 CEST  Successfully opened file file:/eos/cms/store/user/tsarkar/DIGIPremix_Condor_output_Vector_MonoZLL_NLO_Mphi-500_Mchi-150_gSM-0p25_gDM-1p0_ctau100p0/step_DIGIPremix_2017UL_18.root
Begin processing the 1st record. Run 1, Event 303, LumiSection 7 at 14-Jun-2021 15:42:54.800 CEST
Begin processing the 2nd record. Run 1, Event 301, LumiSection 7 at 14-Jun-2021 15:43:12.253 CEST
Begin processing the 3rd record. Run 1, Event 304, LumiSection 7 at 14-Jun-2021 15:43:14.877 CEST
%MSG-w InvalidInputTag:  CSCHaloDataProducer:hltCSCHaloData  14-Jun-2021 15:43:15 CEST Run: 1 Event: 304
 The Cosmic Muon collection does not appear to be in the event. These beam halo  identification variables will be empty
%MSG
Begin processing the 4th record. Run 1, Event 302, LumiSection 7 at 14-Jun-2021 15:43:15.912 CEST
Begin processing the 5th record. Run 1, Event 305, LumiSection 7 at 14-Jun-2021 15:43:19.889 CEST
Begin processing the 6th record. Run 1, Event 306, LumiSection 7 at 14-Jun-2021 15:43:23.883 CEST
Begin processing the 7th record. Run 1, Event 308, LumiSection 7 at 14-Jun-2021 15:43:27.174 CEST
Begin processing the 8th record. Run 1, Event 307, LumiSection 7 at 14-Jun-2021 15:43:33.968 CEST
Begin processing the 9th record. Run 1, Event 309, LumiSection 7 at 14-Jun-2021 15:43:39.201 CEST
Begin processing the 10th record. Run 1, Event 310, LumiSection 7 at 14-Jun-2021 15:43:48.959 CEST
Begin processing the 11th record. Run 1, Event 311, LumiSection 7 at 14-Jun-2021 15:43:54.960 CEST
Begin processing the 12th record. Run 1, Event 313, LumiSection 7 at 14-Jun-2021 15:43:57.369 CEST
Begin processing the 13th record. Run 1, Event 312, LumiSection 7 at 14-Jun-2021 15:43:58.993 CEST
Begin processing the 14th record. Run 1, Event 314, LumiSection 7 at 14-Jun-2021 15:44:06.439 CEST
Begin processing the 15th record. Run 1, Event 315, LumiSection 7 at 14-Jun-2021 15:44:09.565 CEST
Begin processing the 16th record. Run 1, Event 319, LumiSection 7 at 14-Jun-2021 15:44:16.292 CEST
Begin processing the 17th record. Run 1, Event 316, LumiSection 7 at 14-Jun-2021 15:44:22.584 CEST
Begin processing the 18th record. Run 1, Event 318, LumiSection 7 at 14-Jun-2021 15:44:26.214 CEST
Begin processing the 19th record. Run 1, Event 317, LumiSection 7 at 14-Jun-2021 15:44:26.990 CEST
Begin processing the 20th record. Run 1, Event 320, LumiSection 7 at 14-Jun-2021 15:44:30.726 CEST
Begin processing the 21st record. Run 1, Event 322, LumiSection 7 at 14-Jun-2021 15:44:34.052 CEST
Begin processing the 22nd record. Run 1, Event 323, LumiSection 7 at 14-Jun-2021 15:44:37.315 CEST
Begin processing the 23rd record. Run 1, Event 321, LumiSection 7 at 14-Jun-2021 15:44:55.479 CEST
%MSG-w BasicTrajectoryState:   TrackProducer:hltIter2ElectronsCtfWithMaterialTracks 14-Jun-2021 15:44:56 CEST  Run: 1 Event: 321
curv error not pos-def
[  1.56183e+07    -39.1222     -382594    -7.66333   0.0999539
      -39.1222  0.00421276    0.958328-0.000125659   0.0176427
       -382594    0.958328     9372.26      0.1868 -0.00259239
      -7.66333-0.000125659      0.1868 -0.00384606 -0.00062237
     0.0999539   0.0176427 -0.00259239 -0.00062237   0.0756481 ]
pos/mom/mf  (-3.81179,-5.79914,-1.6024)   (-9.85799,-15.3498,-4.56652)   (2.90286e-05,4.41633e-05,3.81123) 
%MSG
%MSG-w BasicTrajectoryState:   TrackProducer:hltIter2ElectronsCtfWithMaterialTracks 14-Jun-2021 15:44:56 CEST  Run: 1 Event: 321
local error not pos-def
[  1.56183e+07      382867      2583.3     7.66602  -0.0521473
        382867     9385.64     63.3272    0.186999 -0.00144494
        2583.3     63.3272    0.431934  0.00110761   0.0193236
       7.66602    0.186999  0.00110761 -0.00384875-0.000668084
    -0.0521473 -0.00144494   0.0193236-0.000668084   0.0803815 ]
pos/mom/mf  (-3.81179,-5.79914,-1.6024)   (-9.85799,-15.3498,-4.56652)   (2.90286e-05,4.41633e-05,3.81123) 
%MSG
Begin processing the 24th record. Run 1, Event 324, LumiSection 7 at 14-Jun-2021 15:45:03.468 CEST
%MSG-e TrajectoryNotPosDef:   TrackProducer:hltIter2ElectronsCtfWithMaterialTracks 14-Jun-2021 15:45:04 CEST  Run: 1 Event: 324
Trajectory covariance is not positive-definite
%MSG
Begin processing the 25th record. Run 1, Event 328, LumiSection 7 at 14-Jun-2021 15:45:12.431 CEST
Begin processing the 26th record. Run 1, Event 327, LumiSection 7 at 14-Jun-2021 15:45:21.129 CEST
Begin processing the 27th record. Run 1, Event 325, LumiSection 7 at 14-Jun-2021 15:45:34.326 CEST
Begin processing the 28th record. Run 1, Event 326, LumiSection 7 at 14-Jun-2021 15:45:37.531 CEST
Begin processing the 29th record. Run 1, Event 329, LumiSection 7 at 14-Jun-2021 15:45:44.255 CEST
Begin processing the 30th record. Run 1, Event 330, LumiSection 7 at 14-Jun-2021 15:45:49.059 CEST
Begin processing the 31st record. Run 1, Event 332, LumiSection 7 at 14-Jun-2021 15:45:57.348 CEST
Begin processing the 32nd record. Run 1, Event 331, LumiSection 7 at 14-Jun-2021 15:46:07.942 CEST
Begin processing the 33rd record. Run 1, Event 334, LumiSection 7 at 14-Jun-2021 15:46:12.988 CEST
Begin processing the 34th record. Run 1, Event 335, LumiSection 7 at 14-Jun-2021 15:46:15.962 CEST
Begin processing the 35th record. Run 1, Event 333, LumiSection 7 at 14-Jun-2021 15:46:19.630 CEST
Begin processing the 36th record. Run 1, Event 336, LumiSection 7 at 14-Jun-2021 15:46:22.794 CEST
Begin processing the 37th record. Run 1, Event 337, LumiSection 7 at 14-Jun-2021 15:46:26.376 CEST
Begin processing the 38th record. Run 1, Event 340, LumiSection 7 at 14-Jun-2021 15:46:27.740 CEST
Begin processing the 39th record. Run 1, Event 338, LumiSection 7 at 14-Jun-2021 15:46:32.744 CEST
Begin processing the 40th record. Run 1, Event 339, LumiSection 7 at 14-Jun-2021 15:46:33.562 CEST
Begin processing the 41st record. Run 1, Event 341, LumiSection 7 at 14-Jun-2021 15:46:36.767 CEST
Begin processing the 42nd record. Run 1, Event 342, LumiSection 7 at 14-Jun-2021 15:46:39.766 CEST
Begin processing the 43rd record. Run 1, Event 344, LumiSection 7 at 14-Jun-2021 15:46:41.710 CEST
Begin processing the 44th record. Run 1, Event 343, LumiSection 7 at 14-Jun-2021 15:46:42.247 CEST
Begin processing the 45th record. Run 1, Event 345, LumiSection 7 at 14-Jun-2021 15:46:47.529 CEST
Begin processing the 46th record. Run 1, Event 346, LumiSection 7 at 14-Jun-2021 15:46:52.329 CEST
Begin processing the 47th record. Run 1, Event 347, LumiSection 7 at 14-Jun-2021 15:46:55.186 CEST
Begin processing the 48th record. Run 1, Event 350, LumiSection 7 at 14-Jun-2021 15:46:56.885 CEST
%MSG-w InvalidHelix:   SeedCreatorFromRegionConsecutiveHitsEDProducer:hltFullIter9TobTecSeedsPair  14-Jun-2021 15:47:00 CEST Run: 1 Event: 350
PixelClusterShapeSeedComparitor helix is not valid, result is bad
%MSG
Begin processing the 49th record. Run 1, Event 349, LumiSection 7 at 14-Jun-2021 15:47:00.462 CEST
Begin processing the 50th record. Run 1, Event 348, LumiSection 7 at 14-Jun-2021 15:47:06.943 CEST
14-Jun-2021 15:47:17 CEST  Closed file file:/eos/cms/store/user/tsarkar/DIGIPremix_Condor_output_Vector_MonoZLL_NLO_Mphi-500_Mchi-150_gSM-0p25_gDM-1p0_ctau100p0/step_DIGIPremix_2017UL_18.root

=============================================

MessageLogger Summary

 type     category        sev    module        subroutine        count    total
 ---- -------------------- -- ---------------- ----------------  -----    -----
    1 BasicTrajectoryState -w TrackProducer:hl                       2        2
    2 InvalidHelix         -w SeedCreatorFromR                       1        1
    3 InvalidInputTag      -w CSCHaloDataProdu                       1        1
    4 TrajectoryNotPosDef  -e TrackProducer:hl                       1        1
    5 fileAction           -s file_close                             1        1
    6 fileAction           -s file_open                              2        2

 type    category    Examples: run/evt        run/evt          run/evt
 ---- -------------------- ---------------- ---------------- ----------------
    1 BasicTrajectoryState 1/321            1/321            
    2 InvalidHelix         1/350                             
    3 InvalidInputTag      1/304                             
    4 TrajectoryNotPosDef  1/324                             
    5 fileAction           PostGlobalEndRun                  
    6 fileAction           pre-events       pre-events       

Severity    # Occurrences   Total Occurrences
--------    -------------   -----------------
Warning                 4                   4
Error                   1                   1
System                  3                   3

dropped waiting message count 0
