14-Jun-2021 15:40:40 CEST  Initiating request to open file file:/eos/cms/store/user/tsarkar/DIGIPremix_Condor_output_Vector_MonoZLL_NLO_Mphi-500_Mchi-150_gSM-0p25_gDM-1p0_ctau100p0/step_DIGIPremix_2017UL_3.root
14-Jun-2021 15:40:44 CEST  Successfully opened file file:/eos/cms/store/user/tsarkar/DIGIPremix_Condor_output_Vector_MonoZLL_NLO_Mphi-500_Mchi-150_gSM-0p25_gDM-1p0_ctau100p0/step_DIGIPremix_2017UL_3.root
Begin processing the 1st record. Run 1, Event 501, LumiSection 11 at 14-Jun-2021 15:42:12.297 CEST
Begin processing the 2nd record. Run 1, Event 504, LumiSection 11 at 14-Jun-2021 15:42:21.517 CEST
Begin processing the 3rd record. Run 1, Event 503, LumiSection 11 at 14-Jun-2021 15:42:26.641 CEST
Begin processing the 4th record. Run 1, Event 502, LumiSection 11 at 14-Jun-2021 15:42:28.497 CEST
Begin processing the 5th record. Run 1, Event 507, LumiSection 11 at 14-Jun-2021 15:42:31.719 CEST
Begin processing the 6th record. Run 1, Event 508, LumiSection 11 at 14-Jun-2021 15:42:32.996 CEST
Begin processing the 7th record. Run 1, Event 505, LumiSection 11 at 14-Jun-2021 15:42:34.274 CEST
Begin processing the 8th record. Run 1, Event 510, LumiSection 11 at 14-Jun-2021 15:42:35.113 CEST
Begin processing the 9th record. Run 1, Event 506, LumiSection 11 at 14-Jun-2021 15:42:36.282 CEST
Begin processing the 10th record. Run 1, Event 512, LumiSection 11 at 14-Jun-2021 15:42:56.960 CEST
Begin processing the 11th record. Run 1, Event 513, LumiSection 11 at 14-Jun-2021 15:43:01.797 CEST
Begin processing the 12th record. Run 1, Event 509, LumiSection 11 at 14-Jun-2021 15:43:04.257 CEST
Begin processing the 13th record. Run 1, Event 516, LumiSection 11 at 14-Jun-2021 15:43:09.108 CEST
Begin processing the 14th record. Run 1, Event 511, LumiSection 11 at 14-Jun-2021 15:43:17.559 CEST
Begin processing the 15th record. Run 1, Event 514, LumiSection 11 at 14-Jun-2021 15:43:21.353 CEST
Begin processing the 16th record. Run 1, Event 515, LumiSection 11 at 14-Jun-2021 15:43:27.670 CEST
Begin processing the 17th record. Run 1, Event 517, LumiSection 11 at 14-Jun-2021 15:43:29.555 CEST
Begin processing the 18th record. Run 1, Event 518, LumiSection 11 at 14-Jun-2021 15:43:33.973 CEST
Begin processing the 19th record. Run 1, Event 522, LumiSection 11 at 14-Jun-2021 15:43:36.273 CEST
Begin processing the 20th record. Run 1, Event 520, LumiSection 11 at 14-Jun-2021 15:43:40.221 CEST
Begin processing the 21st record. Run 1, Event 521, LumiSection 11 at 14-Jun-2021 15:43:48.468 CEST
Begin processing the 22nd record. Run 1, Event 519, LumiSection 11 at 14-Jun-2021 15:43:51.067 CEST
%MSG-w InvalidInputTag:  CSCHaloDataProducer:hltCSCHaloData  14-Jun-2021 15:43:54 CEST Run: 1 Event: 519
 The Cosmic Muon collection does not appear to be in the event. These beam halo  identification variables will be empty
%MSG
Begin processing the 23rd record. Run 1, Event 523, LumiSection 11 at 14-Jun-2021 15:43:55.160 CEST
Begin processing the 24th record. Run 1, Event 527, LumiSection 11 at 14-Jun-2021 15:44:06.956 CEST
Begin processing the 25th record. Run 1, Event 524, LumiSection 11 at 14-Jun-2021 15:44:20.068 CEST
Begin processing the 26th record. Run 1, Event 526, LumiSection 11 at 14-Jun-2021 15:44:25.302 CEST
Begin processing the 27th record. Run 1, Event 525, LumiSection 11 at 14-Jun-2021 15:44:29.914 CEST
Begin processing the 28th record. Run 1, Event 528, LumiSection 11 at 14-Jun-2021 15:44:40.599 CEST
Begin processing the 29th record. Run 1, Event 529, LumiSection 11 at 14-Jun-2021 15:44:44.727 CEST
%MSG-e TrajectoryNotPosDef:   TrackProducer:hltIter2ElectronsCtfWithMaterialTracks 14-Jun-2021 15:44:47 CEST  Run: 1 Event: 529
Trajectory covariance is not positive-definite
%MSG
Begin processing the 30th record. Run 1, Event 531, LumiSection 11 at 14-Jun-2021 15:44:54.173 CEST
Begin processing the 31st record. Run 1, Event 530, LumiSection 11 at 14-Jun-2021 15:45:00.483 CEST
Begin processing the 32nd record. Run 1, Event 532, LumiSection 11 at 14-Jun-2021 15:45:14.509 CEST
Begin processing the 33rd record. Run 1, Event 534, LumiSection 11 at 14-Jun-2021 15:45:20.243 CEST
Begin processing the 34th record. Run 1, Event 533, LumiSection 11 at 14-Jun-2021 15:45:23.525 CEST
Begin processing the 35th record. Run 1, Event 538, LumiSection 11 at 14-Jun-2021 15:45:26.238 CEST
Begin processing the 36th record. Run 1, Event 536, LumiSection 11 at 14-Jun-2021 15:45:32.259 CEST
Begin processing the 37th record. Run 1, Event 535, LumiSection 11 at 14-Jun-2021 15:45:38.349 CEST
Begin processing the 38th record. Run 1, Event 537, LumiSection 11 at 14-Jun-2021 15:45:41.747 CEST
Begin processing the 39th record. Run 1, Event 541, LumiSection 11 at 14-Jun-2021 15:45:47.571 CEST
Begin processing the 40th record. Run 1, Event 540, LumiSection 11 at 14-Jun-2021 15:45:50.573 CEST
Begin processing the 41st record. Run 1, Event 542, LumiSection 11 at 14-Jun-2021 15:45:58.433 CEST
Begin processing the 42nd record. Run 1, Event 539, LumiSection 11 at 14-Jun-2021 15:45:59.035 CEST
Begin processing the 43rd record. Run 1, Event 543, LumiSection 11 at 14-Jun-2021 15:45:59.931 CEST
Begin processing the 44th record. Run 1, Event 545, LumiSection 11 at 14-Jun-2021 15:46:03.013 CEST
Begin processing the 45th record. Run 1, Event 544, LumiSection 11 at 14-Jun-2021 15:46:09.120 CEST
Begin processing the 46th record. Run 1, Event 546, LumiSection 11 at 14-Jun-2021 15:46:15.196 CEST
Begin processing the 47th record. Run 1, Event 547, LumiSection 11 at 14-Jun-2021 15:46:17.427 CEST
Begin processing the 48th record. Run 1, Event 549, LumiSection 11 at 14-Jun-2021 15:46:23.337 CEST
Begin processing the 49th record. Run 1, Event 548, LumiSection 11 at 14-Jun-2021 15:46:28.942 CEST
Begin processing the 50th record. Run 1, Event 550, LumiSection 11 at 14-Jun-2021 15:46:33.174 CEST
14-Jun-2021 15:46:39 CEST  Closed file file:/eos/cms/store/user/tsarkar/DIGIPremix_Condor_output_Vector_MonoZLL_NLO_Mphi-500_Mchi-150_gSM-0p25_gDM-1p0_ctau100p0/step_DIGIPremix_2017UL_3.root

=============================================

MessageLogger Summary

 type     category        sev    module        subroutine        count    total
 ---- -------------------- -- ---------------- ----------------  -----    -----
    1 InvalidInputTag      -w CSCHaloDataProdu                       1        1
    2 TrajectoryNotPosDef  -e TrackProducer:hl                       1        1
    3 fileAction           -s file_close                             1        1
    4 fileAction           -s file_open                              2        2

 type    category    Examples: run/evt        run/evt          run/evt
 ---- -------------------- ---------------- ---------------- ----------------
    1 InvalidInputTag      1/519                             
    2 TrajectoryNotPosDef  1/529                             
    3 fileAction           PostGlobalEndRun                  
    4 fileAction           pre-events       pre-events       

Severity    # Occurrences   Total Occurrences
--------    -------------   -----------------
Warning                 1                   1
Error                   1                   1
System                  3                   3

dropped waiting message count 0
