000 (7312111.000.000) 06/14 14:46:42 Job submitted from host: <137.138.44.75:9618?addrs=137.138.44.75-9618+[2001-1458-d00-1a--b]-9618&alias=bigbird14.cern.ch&noUDP&sock=schedd_3149486_02ef>
...
040 (7312111.000.000) 06/14 15:40:08 Started transferring input files
	Transferring to host: <188.184.211.236:9618?addrs=188.184.211.236-9618+[2001-1458-301-10b--100-1f3]-9618&alias=b7g23n6977.cern.ch&noUDP&sock=slot1_5_4882_8f80_48707>
...
040 (7312111.000.000) 06/14 15:40:08 Finished transferring input files
...
001 (7312111.000.000) 06/14 15:40:09 Job executing on host: <188.184.211.236:9618?addrs=188.184.211.236-9618+[2001-1458-301-10b--100-1f3]-9618&alias=b7g23n6977.cern.ch&noUDP&sock=startd_3945_8535>
...
006 (7312111.000.000) 06/14 15:40:18 Image size of job updated: 33504
	20  -  MemoryUsage of job (MB)
	19852  -  ResidentSetSize of job (KB)
...
006 (7312111.000.000) 06/14 15:45:19 Image size of job updated: 2281132
	1284  -  MemoryUsage of job (MB)
	1314652  -  ResidentSetSize of job (KB)
...
006 (7312111.000.000) 06/14 15:47:23 Image size of job updated: 2346676
	1284  -  MemoryUsage of job (MB)
	1314652  -  ResidentSetSize of job (KB)
...
040 (7312111.000.000) 06/14 15:47:23 Started transferring output files
...
040 (7312111.000.000) 06/14 15:47:23 Finished transferring output files
...
005 (7312111.000.000) 06/14 15:47:23 Job terminated.
	(1) Normal termination (return value 0)
		Usr 0 00:05:43, Sys 0 00:00:10  -  Run Remote Usage
		Usr 0 00:00:00, Sys 0 00:00:00  -  Run Local Usage
		Usr 0 00:05:43, Sys 0 00:00:10  -  Total Remote Usage
		Usr 0 00:00:00, Sys 0 00:00:00  -  Total Local Usage
	14561  -  Run Bytes Sent By Job
	433  -  Run Bytes Received By Job
	14561  -  Total Bytes Sent By Job
	433  -  Total Bytes Received By Job
	Partitionable Resources :    Usage  Request Allocated 
	   Cpus                 :     1.00        1         1 
	   Disk (KB)            :    35           1    338478 
	   Memory (MB)          :  1284        2000      2000 

	Job terminated of its own accord at 2021-06-14T13:47:23Z.
...
