14-Jun-2021 15:40:39 CEST  Initiating request to open file file:/eos/cms/store/user/tsarkar/DIGIPremix_Condor_output_Vector_MonoZLL_NLO_Mphi-500_Mchi-150_gSM-0p25_gDM-1p0_ctau100p0/step_DIGIPremix_2017UL_1.root
14-Jun-2021 15:40:43 CEST  Successfully opened file file:/eos/cms/store/user/tsarkar/DIGIPremix_Condor_output_Vector_MonoZLL_NLO_Mphi-500_Mchi-150_gSM-0p25_gDM-1p0_ctau100p0/step_DIGIPremix_2017UL_1.root
Begin processing the 1st record. Run 1, Event 1, LumiSection 1 at 14-Jun-2021 15:42:08.093 CEST
%MSG-e TrajectoryNotPosDef:   TrackProducer:hltDoubletRecoveryPFlowCtfWithMaterialTracks  14-Jun-2021 15:42:15 CEST Run: 1 Event: 1
Trajectory covariance is not positive-definite
%MSG
Begin processing the 2nd record. Run 1, Event 4, LumiSection 1 at 14-Jun-2021 15:42:26.542 CEST
%MSG-w InvalidInputTag:  CSCHaloDataProducer:hltCSCHaloData  14-Jun-2021 15:42:33 CEST Run: 1 Event: 4
 The Cosmic Muon collection does not appear to be in the event. These beam halo  identification variables will be empty
%MSG
Begin processing the 3rd record. Run 1, Event 6, LumiSection 1 at 14-Jun-2021 15:42:33.595 CEST
Begin processing the 4th record. Run 1, Event 3, LumiSection 1 at 14-Jun-2021 15:42:38.550 CEST
%MSG-w InvalidHelix:   SeedCreatorFromRegionConsecutiveHitsEDProducer:hltFullIter9TobTecSeedsPair  14-Jun-2021 15:42:40 CEST Run: 1 Event: 3
PixelClusterShapeSeedComparitor helix is not valid, result is bad
%MSG
Begin processing the 5th record. Run 1, Event 5, LumiSection 1 at 14-Jun-2021 15:42:41.349 CEST
Begin processing the 6th record. Run 1, Event 2, LumiSection 1 at 14-Jun-2021 15:42:50.305 CEST
Begin processing the 7th record. Run 1, Event 7, LumiSection 1 at 14-Jun-2021 15:42:54.461 CEST
%MSG-w BasicTrajectoryState:   TrackProducer:hltIter2ElectronsCtfWithMaterialTracks 14-Jun-2021 15:42:55 CEST  Run: 1 Event: 7
curv error not pos-def
[  5.16471e+06    -43.1337     -300614    -129.798     2.11627
      -43.1337  0.00235142     2.51074   0.0021408   0.0202678
       -300614     2.51074     17497.3     7.54213    -0.12187
      -129.798   0.0021408     7.54213   -0.102763   0.0106562
       2.11627   0.0202678    -0.12187   0.0106562    0.206664 ]
pos/mom/mf  (8.86131,6.5796,-6.29149)   (41.744,30.6614,-37.2585)   (-0.000159782,-0.000118639,3.81119) 
%MSG
%MSG-w BasicTrajectoryState:   TrackProducer:hltIter2ElectronsCtfWithMaterialTracks 14-Jun-2021 15:42:55 CEST  Run: 1 Event: 7
local error not pos-def
[  5.16471e+06      300620     1547.67     129.801    -1.96688
        300620       17498     90.0847     7.54246   -0.112971
       1547.67     90.0847    0.468366   0.0404355   0.0373437
       129.801     7.54246   0.0404355   -0.102769   0.0126078
      -1.96688   -0.112971   0.0373437   0.0126078    0.313717 ]
pos/mom/mf  (8.86131,6.5796,-6.29149)   (41.744,30.6614,-37.2585)   (-0.000159782,-0.000118639,3.81119) 
%MSG
%MSG-w InvalidHelix:   SeedCreatorFromRegionConsecutiveHitsEDProducer:hltFullIter9TobTecSeedsTripl  14-Jun-2021 15:43:00 CEST Run: 1 Event: 7
PixelClusterShapeSeedComparitor helix is not valid, result is bad
%MSG
Begin processing the 8th record. Run 1, Event 9, LumiSection 1 at 14-Jun-2021 15:43:00.968 CEST
Begin processing the 9th record. Run 1, Event 10, LumiSection 1 at 14-Jun-2021 15:43:03.603 CEST
Begin processing the 10th record. Run 1, Event 12, LumiSection 1 at 14-Jun-2021 15:43:05.467 CEST
Begin processing the 11th record. Run 1, Event 8, LumiSection 1 at 14-Jun-2021 15:43:06.087 CEST
Begin processing the 12th record. Run 1, Event 11, LumiSection 1 at 14-Jun-2021 15:43:12.149 CEST
Begin processing the 13th record. Run 1, Event 14, LumiSection 1 at 14-Jun-2021 15:43:13.168 CEST
Begin processing the 14th record. Run 1, Event 15, LumiSection 1 at 14-Jun-2021 15:43:17.477 CEST
%MSG-w InvalidHelix:   SeedCreatorFromRegionConsecutiveHitsEDProducer:hltFullIter9TobTecSeedsPair  14-Jun-2021 15:43:18 CEST Run: 1 Event: 15
PixelClusterShapeSeedComparitor helix is not valid, result is bad
%MSG
Begin processing the 15th record. Run 1, Event 13, LumiSection 1 at 14-Jun-2021 15:43:19.105 CEST
Begin processing the 16th record. Run 1, Event 18, LumiSection 1 at 14-Jun-2021 15:43:24.799 CEST
Begin processing the 17th record. Run 1, Event 16, LumiSection 1 at 14-Jun-2021 15:43:31.178 CEST
Begin processing the 18th record. Run 1, Event 19, LumiSection 1 at 14-Jun-2021 15:43:34.867 CEST
Begin processing the 19th record. Run 1, Event 17, LumiSection 1 at 14-Jun-2021 15:43:35.746 CEST
Begin processing the 20th record. Run 1, Event 20, LumiSection 1 at 14-Jun-2021 15:43:40.176 CEST
Begin processing the 21st record. Run 1, Event 22, LumiSection 1 at 14-Jun-2021 15:43:47.267 CEST
%MSG-w InvalidHelix:   SeedCreatorFromRegionConsecutiveHitsEDProducer:hltFullIter9TobTecSeedsPair  14-Jun-2021 15:43:52 CEST Run: 1 Event: 22
PixelClusterShapeSeedComparitor helix is not valid, result is bad
%MSG
Begin processing the 22nd record. Run 1, Event 21, LumiSection 1 at 14-Jun-2021 15:43:52.886 CEST
Begin processing the 23rd record. Run 1, Event 24, LumiSection 1 at 14-Jun-2021 15:43:55.798 CEST
Begin processing the 24th record. Run 1, Event 23, LumiSection 1 at 14-Jun-2021 15:43:57.228 CEST
Begin processing the 25th record. Run 1, Event 26, LumiSection 1 at 14-Jun-2021 15:44:00.797 CEST
Begin processing the 26th record. Run 1, Event 25, LumiSection 1 at 14-Jun-2021 15:44:03.224 CEST
Begin processing the 27th record. Run 1, Event 27, LumiSection 1 at 14-Jun-2021 15:44:11.315 CEST
Begin processing the 28th record. Run 1, Event 28, LumiSection 1 at 14-Jun-2021 15:44:12.181 CEST
Begin processing the 29th record. Run 1, Event 29, LumiSection 1 at 14-Jun-2021 15:44:14.517 CEST
Begin processing the 30th record. Run 1, Event 30, LumiSection 1 at 14-Jun-2021 15:44:18.855 CEST
Begin processing the 31st record. Run 1, Event 33, LumiSection 1 at 14-Jun-2021 15:44:22.676 CEST
Begin processing the 32nd record. Run 1, Event 31, LumiSection 1 at 14-Jun-2021 15:44:26.104 CEST
Begin processing the 33rd record. Run 1, Event 32, LumiSection 1 at 14-Jun-2021 15:44:32.538 CEST
Begin processing the 34th record. Run 1, Event 34, LumiSection 1 at 14-Jun-2021 15:44:36.925 CEST
Begin processing the 35th record. Run 1, Event 35, LumiSection 1 at 14-Jun-2021 15:44:40.283 CEST
Begin processing the 36th record. Run 1, Event 37, LumiSection 1 at 14-Jun-2021 15:44:49.280 CEST
Begin processing the 37th record. Run 1, Event 36, LumiSection 1 at 14-Jun-2021 15:44:51.219 CEST
Begin processing the 38th record. Run 1, Event 38, LumiSection 1 at 14-Jun-2021 15:44:52.149 CEST
Begin processing the 39th record. Run 1, Event 39, LumiSection 1 at 14-Jun-2021 15:44:53.412 CEST
Begin processing the 40th record. Run 1, Event 41, LumiSection 1 at 14-Jun-2021 15:44:57.951 CEST
Begin processing the 41st record. Run 1, Event 42, LumiSection 1 at 14-Jun-2021 15:45:00.058 CEST
Begin processing the 42nd record. Run 1, Event 40, LumiSection 1 at 14-Jun-2021 15:45:02.588 CEST
Begin processing the 43rd record. Run 1, Event 46, LumiSection 1 at 14-Jun-2021 15:45:05.969 CEST
Begin processing the 44th record. Run 1, Event 45, LumiSection 1 at 14-Jun-2021 15:45:10.799 CEST
Begin processing the 45th record. Run 1, Event 43, LumiSection 1 at 14-Jun-2021 15:45:11.786 CEST
%MSG-w Muon:  L3MuonProducer:hltL3NoFiltersNoVtxMuonsOIState  14-Jun-2021 15:45:13 CEST Run: 1 Event: 43
     Failed to load tracker track trajectory
%MSG
%MSG-w RecoMuon:  L3MuonProducer:hltL3NoFiltersNoVtxMuonsOIState  14-Jun-2021 15:45:13 CEST Run: 1 Event: 43
     Failed to load tracker track trajectory
%MSG
%MSG-w GlobalMuon:  L3MuonProducer:hltL3NoFiltersNoVtxMuonsOIState  14-Jun-2021 15:45:13 CEST Run: 1 Event: 43
     Failed to load tracker track trajectory
%MSG
%MSG-w GlobalTrajectoryBuilderBase:   L3MuonProducer:hltL3NoFiltersNoVtxMuonsOIState 14-Jun-2021 15:45:13 CEST  Run: 1 Event: 43
     Failed to load tracker track trajectory
%MSG
%MSG-w Muon:  L3MuonProducer:hltL3NoFiltersNoVtxMuonsOIHit  14-Jun-2021 15:45:13 CEST Run: 1 Event: 43
     Failed to load tracker track trajectory
%MSG
%MSG-w RecoMuon:  L3MuonProducer:hltL3NoFiltersNoVtxMuonsOIHit  14-Jun-2021 15:45:13 CEST Run: 1 Event: 43
     Failed to load tracker track trajectory
%MSG
%MSG-w GlobalMuon:  L3MuonProducer:hltL3NoFiltersNoVtxMuonsOIHit  14-Jun-2021 15:45:13 CEST Run: 1 Event: 43
     Failed to load tracker track trajectory
%MSG
%MSG-w GlobalTrajectoryBuilderBase:   L3MuonProducer:hltL3NoFiltersNoVtxMuonsOIHit 14-Jun-2021 15:45:13 CEST  Run: 1 Event: 43
     Failed to load tracker track trajectory
%MSG
%MSG-w InvalidHelix:   SeedCreatorFromRegionConsecutiveHitsEDProducer:hltFullIter9TobTecSeedsTripl  14-Jun-2021 15:45:27 CEST Run: 1 Event: 43
PixelClusterShapeSeedComparitor helix is not valid, result is bad
%MSG
%MSG-w InvalidHelix:   SeedCreatorFromRegionConsecutiveHitsEDProducer:hltFullIter9TobTecSeedsTripl  14-Jun-2021 15:45:27 CEST Run: 1 Event: 43
PixelClusterShapeSeedComparitor helix is not valid, result is bad
%MSG
Begin processing the 46th record. Run 1, Event 44, LumiSection 1 at 14-Jun-2021 15:45:29.945 CEST
Begin processing the 47th record. Run 1, Event 47, LumiSection 1 at 14-Jun-2021 15:45:35.012 CEST
Begin processing the 48th record. Run 1, Event 50, LumiSection 1 at 14-Jun-2021 15:45:43.362 CEST
Begin processing the 49th record. Run 1, Event 48, LumiSection 1 at 14-Jun-2021 15:45:45.273 CEST
Begin processing the 50th record. Run 1, Event 49, LumiSection 1 at 14-Jun-2021 15:45:53.603 CEST
14-Jun-2021 15:46:00 CEST  Closed file file:/eos/cms/store/user/tsarkar/DIGIPremix_Condor_output_Vector_MonoZLL_NLO_Mphi-500_Mchi-150_gSM-0p25_gDM-1p0_ctau100p0/step_DIGIPremix_2017UL_1.root

=============================================

MessageLogger Summary

 type     category        sev    module        subroutine        count    total
 ---- -------------------- -- ---------------- ----------------  -----    -----
    1 BasicTrajectoryState -w TrackProducer:hl                       2        2
    2 GlobalMuon           -w L3MuonProducer:h                       1        1
    3 GlobalMuon           -w L3MuonProducer:h                       1        1
    4 GlobalTrajectoryBuil -w L3MuonProducer:h                       1        1
    5 GlobalTrajectoryBuil -w L3MuonProducer:h                       1        1
    6 InvalidHelix         -w SeedCreatorFromR                       3        3
    7 InvalidHelix         -w SeedCreatorFromR                       3        3
    8 InvalidInputTag      -w CSCHaloDataProdu                       1        1
    9 Muon                 -w L3MuonProducer:h                       1        1
   10 Muon                 -w L3MuonProducer:h                       1        1
   11 RecoMuon             -w L3MuonProducer:h                       1        1
   12 RecoMuon             -w L3MuonProducer:h                       1        1
   13 TrajectoryNotPosDef  -e TrackProducer:hl                       1        1
   14 fileAction           -s file_close                             1        1
   15 fileAction           -s file_open                              2        2

 type    category    Examples: run/evt        run/evt          run/evt
 ---- -------------------- ---------------- ---------------- ----------------
    1 BasicTrajectoryState 1/7              1/7              
    2 GlobalMuon           1/43                              
    3 GlobalMuon           1/43                              
    4 GlobalTrajectoryBuilderBase 1/43                              
    5 GlobalTrajectoryBuilderBase 1/43                              
    6 InvalidHelix         1/3              1/15             1/22
    7 InvalidHelix         1/7              1/43             1/43
    8 InvalidInputTag      1/4                               
    9 Muon                 1/43                              
   10 Muon                 1/43                              
   11 RecoMuon             1/43                              
   12 RecoMuon             1/43                              
   13 TrajectoryNotPosDef  1/1                               
   14 fileAction           PostGlobalEndRun                  
   15 fileAction           pre-events       pre-events       

Severity    # Occurrences   Total Occurrences
--------    -------------   -----------------
Warning                17                  17
Error                   1                   1
System                  3                   3

dropped waiting message count 0
