14-Jun-2021 15:40:45 CEST  Initiating request to open file file:/eos/cms/store/user/tsarkar/DIGIPremix_Condor_output_Vector_MonoZLL_NLO_Mphi-500_Mchi-150_gSM-0p25_gDM-1p0_ctau100p0/step_DIGIPremix_2017UL_17.root
14-Jun-2021 15:40:49 CEST  Successfully opened file file:/eos/cms/store/user/tsarkar/DIGIPremix_Condor_output_Vector_MonoZLL_NLO_Mphi-500_Mchi-150_gSM-0p25_gDM-1p0_ctau100p0/step_DIGIPremix_2017UL_17.root
Begin processing the 1st record. Run 1, Event 252, LumiSection 6 at 14-Jun-2021 15:42:33.310 CEST
%MSG-w InvalidInputTag:  CSCHaloDataProducer:hltCSCHaloData  14-Jun-2021 15:42:49 CEST Run: 1 Event: 252
 The Cosmic Muon collection does not appear to be in the event. These beam halo  identification variables will be empty
%MSG
Begin processing the 2nd record. Run 1, Event 251, LumiSection 6 at 14-Jun-2021 15:42:49.924 CEST
Begin processing the 3rd record. Run 1, Event 253, LumiSection 6 at 14-Jun-2021 15:43:03.446 CEST
Begin processing the 4th record. Run 1, Event 254, LumiSection 6 at 14-Jun-2021 15:43:06.878 CEST
Begin processing the 5th record. Run 1, Event 255, LumiSection 6 at 14-Jun-2021 15:43:13.075 CEST
Begin processing the 6th record. Run 1, Event 256, LumiSection 6 at 14-Jun-2021 15:43:17.017 CEST
Begin processing the 7th record. Run 1, Event 257, LumiSection 6 at 14-Jun-2021 15:43:25.733 CEST
Begin processing the 8th record. Run 1, Event 258, LumiSection 6 at 14-Jun-2021 15:43:30.991 CEST
Begin processing the 9th record. Run 1, Event 259, LumiSection 6 at 14-Jun-2021 15:43:32.426 CEST
Begin processing the 10th record. Run 1, Event 261, LumiSection 6 at 14-Jun-2021 15:43:37.404 CEST
Begin processing the 11th record. Run 1, Event 260, LumiSection 6 at 14-Jun-2021 15:43:41.569 CEST
Begin processing the 12th record. Run 1, Event 263, LumiSection 6 at 14-Jun-2021 15:43:46.286 CEST
Begin processing the 13th record. Run 1, Event 262, LumiSection 6 at 14-Jun-2021 15:43:57.672 CEST
Begin processing the 14th record. Run 1, Event 265, LumiSection 6 at 14-Jun-2021 15:44:07.616 CEST
Begin processing the 15th record. Run 1, Event 264, LumiSection 6 at 14-Jun-2021 15:44:11.102 CEST
Begin processing the 16th record. Run 1, Event 266, LumiSection 6 at 14-Jun-2021 15:44:16.294 CEST
Begin processing the 17th record. Run 1, Event 270, LumiSection 6 at 14-Jun-2021 15:44:17.921 CEST
%MSG-w InvalidHelix:   SeedCreatorFromRegionConsecutiveHitsEDProducer:hltFullIter9TobTecSeedsPair  14-Jun-2021 15:44:27 CEST Run: 1 Event: 270
PixelClusterShapeSeedComparitor helix is not valid, result is bad
%MSG
Begin processing the 18th record. Run 1, Event 267, LumiSection 6 at 14-Jun-2021 15:44:28.323 CEST
Begin processing the 19th record. Run 1, Event 268, LumiSection 6 at 14-Jun-2021 15:44:32.478 CEST
Begin processing the 20th record. Run 1, Event 269, LumiSection 6 at 14-Jun-2021 15:44:41.024 CEST
%MSG-e TrajectoryNotPosDef:   TrackProducer:hltIter2ElectronsCtfWithMaterialTracks 14-Jun-2021 15:44:42 CEST  Run: 1 Event: 269
Trajectory covariance is not positive-definite
%MSG
Begin processing the 21st record. Run 1, Event 271, LumiSection 6 at 14-Jun-2021 15:44:48.623 CEST
Begin processing the 22nd record. Run 1, Event 272, LumiSection 6 at 14-Jun-2021 15:45:02.504 CEST
Begin processing the 23rd record. Run 1, Event 274, LumiSection 6 at 14-Jun-2021 15:45:06.341 CEST
Begin processing the 24th record. Run 1, Event 273, LumiSection 6 at 14-Jun-2021 15:45:15.190 CEST
Begin processing the 25th record. Run 1, Event 277, LumiSection 6 at 14-Jun-2021 15:45:21.032 CEST
%MSG-e TrajectoryNotPosDef:   TrackProducer:hltIter2ElectronsCtfWithMaterialTracks 14-Jun-2021 15:45:22 CEST  Run: 1 Event: 277
Trajectory covariance is not positive-definite
%MSG
%MSG-e TrajectoryNotPosDef:   TrackProducer:hltIter2ElectronsCtfWithMaterialTracks 14-Jun-2021 15:45:22 CEST  Run: 1 Event: 277
Trajectory covariance is not positive-definite
%MSG
Begin processing the 26th record. Run 1, Event 276, LumiSection 6 at 14-Jun-2021 15:45:27.562 CEST
Begin processing the 27th record. Run 1, Event 278, LumiSection 6 at 14-Jun-2021 15:45:41.670 CEST
Begin processing the 28th record. Run 1, Event 275, LumiSection 6 at 14-Jun-2021 15:45:47.281 CEST
Begin processing the 29th record. Run 1, Event 279, LumiSection 6 at 14-Jun-2021 15:45:49.839 CEST
Begin processing the 30th record. Run 1, Event 280, LumiSection 6 at 14-Jun-2021 15:45:51.860 CEST
Begin processing the 31st record. Run 1, Event 281, LumiSection 6 at 14-Jun-2021 15:46:01.044 CEST
Begin processing the 32nd record. Run 1, Event 282, LumiSection 6 at 14-Jun-2021 15:46:09.376 CEST
Begin processing the 33rd record. Run 1, Event 283, LumiSection 6 at 14-Jun-2021 15:46:11.051 CEST
Begin processing the 34th record. Run 1, Event 284, LumiSection 6 at 14-Jun-2021 15:46:33.490 CEST
Begin processing the 35th record. Run 1, Event 285, LumiSection 6 at 14-Jun-2021 15:46:36.938 CEST
Begin processing the 36th record. Run 1, Event 286, LumiSection 6 at 14-Jun-2021 15:46:41.466 CEST
%MSG-w InvalidHelix:   SeedCreatorFromRegionConsecutiveHitsEDProducer:hltFullIter9TobTecSeedsTripl  14-Jun-2021 15:46:47 CEST Run: 1 Event: 286
PixelClusterShapeSeedComparitor helix is not valid, result is bad
%MSG
Begin processing the 37th record. Run 1, Event 287, LumiSection 6 at 14-Jun-2021 15:46:48.967 CEST
Begin processing the 38th record. Run 1, Event 291, LumiSection 6 at 14-Jun-2021 15:46:58.936 CEST
Begin processing the 39th record. Run 1, Event 288, LumiSection 6 at 14-Jun-2021 15:47:00.763 CEST
%MSG-e TrajectoryNotPosDef:   TrackProducer:hltIter2PFlowCtfWithMaterialTracksForPhotons  14-Jun-2021 15:47:01 CEST Run: 1 Event: 288
Trajectory covariance is not positive-definite
%MSG
Begin processing the 40th record. Run 1, Event 293, LumiSection 6 at 14-Jun-2021 15:47:14.530 CEST
Begin processing the 41st record. Run 1, Event 289, LumiSection 6 at 14-Jun-2021 15:47:18.670 CEST
Begin processing the 42nd record. Run 1, Event 292, LumiSection 6 at 14-Jun-2021 15:47:29.145 CEST
Begin processing the 43rd record. Run 1, Event 290, LumiSection 6 at 14-Jun-2021 15:47:33.334 CEST
%MSG-w BasicTrajectoryState:   TrackProducer:hltIter2ElectronsCtfWithMaterialTracks 14-Jun-2021 15:47:34 CEST  Run: 1 Event: 290
curv error not pos-def
[   1.6925e+07    -1.50713     -375059    0.289478 -0.00971914
      -1.50713   0.0072854   0.0333675-0.000118173   0.0282551
       -375059   0.0333675     8311.36 -0.00842833 9.61146e-05
      0.289478-0.000118173 -0.00842833 -0.00771579-0.000458362
   -0.00971914   0.0282551 9.61146e-05-0.000458362    0.109596 ]
pos/mom/mf  (2.96393,-5.91939,0.732499)   (124.297,-248.974,-43.5703)   (-7.04618e-06,1.40722e-05,3.81125) 
%MSG
%MSG-w BasicTrajectoryState:   TrackProducer:hltIter2ElectronsCtfWithMaterialTracks 14-Jun-2021 15:47:34 CEST  Run: 1 Event: 290
local error not pos-def
[   1.6925e+07      380023    -6807.02    0.291387  0.00461941
        380023      8532.8    -152.841  0.00859614-5.64887e-05
      -6807.02    -152.841     2.74545-0.000277023  -0.0294907
      0.291387  0.00859614-0.000277023 -0.00781787 0.000608571
    0.00461941-5.64887e-05  -0.0294907 0.000608571    0.112264 ]
pos/mom/mf  (2.96393,-5.91939,0.732499)   (124.297,-248.974,-43.5703)   (-7.04618e-06,1.40722e-05,3.81125) 
%MSG
Begin processing the 44th record. Run 1, Event 296, LumiSection 6 at 14-Jun-2021 15:47:40.173 CEST
Begin processing the 45th record. Run 1, Event 297, LumiSection 6 at 14-Jun-2021 15:47:47.675 CEST
Begin processing the 46th record. Run 1, Event 294, LumiSection 6 at 14-Jun-2021 15:47:58.566 CEST
Begin processing the 47th record. Run 1, Event 295, LumiSection 6 at 14-Jun-2021 15:48:11.253 CEST
Begin processing the 48th record. Run 1, Event 299, LumiSection 6 at 14-Jun-2021 15:48:16.680 CEST
Begin processing the 49th record. Run 1, Event 298, LumiSection 6 at 14-Jun-2021 15:48:20.783 CEST
Begin processing the 50th record. Run 1, Event 300, LumiSection 6 at 14-Jun-2021 15:48:25.256 CEST
14-Jun-2021 15:48:26 CEST  Closed file file:/eos/cms/store/user/tsarkar/DIGIPremix_Condor_output_Vector_MonoZLL_NLO_Mphi-500_Mchi-150_gSM-0p25_gDM-1p0_ctau100p0/step_DIGIPremix_2017UL_17.root

=============================================

MessageLogger Summary

 type     category        sev    module        subroutine        count    total
 ---- -------------------- -- ---------------- ----------------  -----    -----
    1 BasicTrajectoryState -w TrackProducer:hl                       2        2
    2 InvalidHelix         -w SeedCreatorFromR                       1        1
    3 InvalidHelix         -w SeedCreatorFromR                       1        1
    4 InvalidInputTag      -w CSCHaloDataProdu                       1        1
    5 TrajectoryNotPosDef  -e TrackProducer:hl                       3        3
    6 TrajectoryNotPosDef  -e TrackProducer:hl                       1        1
    7 fileAction           -s file_close                             1        1
    8 fileAction           -s file_open                              2        2

 type    category    Examples: run/evt        run/evt          run/evt
 ---- -------------------- ---------------- ---------------- ----------------
    1 BasicTrajectoryState 1/290            1/290            
    2 InvalidHelix         1/270                             
    3 InvalidHelix         1/286                             
    4 InvalidInputTag      1/252                             
    5 TrajectoryNotPosDef  1/269            1/277            1/277
    6 TrajectoryNotPosDef  1/288                             
    7 fileAction           PostGlobalEndRun                  
    8 fileAction           pre-events       pre-events       

Severity    # Occurrences   Total Occurrences
--------    -------------   -----------------
Warning                 5                   5
Error                   4                   4
System                  3                   3

dropped waiting message count 0
