000 (7312093.000.000) 06/14 14:46:07 Job submitted from host: <137.138.44.75:9618?addrs=137.138.44.75-9618+[2001-1458-d00-1a--b]-9618&alias=bigbird14.cern.ch&noUDP&sock=schedd_3149486_02ef>
...
040 (7312093.000.000) 06/14 15:40:21 Started transferring input files
	Transferring to host: <188.184.196.82:9618?addrs=188.184.196.82-9618+[2001-1458-301-102--100-45]-9618&alias=b7g24n0119.cern.ch&noUDP&sock=slot1_6_30300_d749_91777>
...
040 (7312093.000.000) 06/14 15:40:21 Finished transferring input files
...
001 (7312093.000.000) 06/14 15:40:22 Job executing on host: <188.184.196.82:9618?addrs=188.184.196.82-9618+[2001-1458-301-102--100-45]-9618&alias=b7g24n0119.cern.ch&noUDP&sock=startd_28728_98d3>
...
006 (7312093.000.000) 06/14 15:40:31 Image size of job updated: 241636
	53  -  MemoryUsage of job (MB)
	54012  -  ResidentSetSize of job (KB)
...
006 (7312093.000.000) 06/14 15:45:32 Image size of job updated: 2320320
	1282  -  MemoryUsage of job (MB)
	1312252  -  ResidentSetSize of job (KB)
...
006 (7312093.000.000) 06/14 15:47:59 Image size of job updated: 2459584
	1282  -  MemoryUsage of job (MB)
	1312252  -  ResidentSetSize of job (KB)
...
040 (7312093.000.000) 06/14 15:47:59 Started transferring output files
...
040 (7312093.000.000) 06/14 15:47:59 Finished transferring output files
...
005 (7312093.000.000) 06/14 15:48:00 Job terminated.
	(1) Normal termination (return value 0)
		Usr 0 00:06:38, Sys 0 00:00:08  -  Run Remote Usage
		Usr 0 00:00:00, Sys 0 00:00:00  -  Run Local Usage
		Usr 0 00:06:38, Sys 0 00:00:08  -  Total Remote Usage
		Usr 0 00:00:00, Sys 0 00:00:00  -  Total Local Usage
	16556  -  Run Bytes Sent By Job
	432  -  Run Bytes Received By Job
	16556  -  Total Bytes Sent By Job
	432  -  Total Bytes Received By Job
	Partitionable Resources :    Usage  Request Allocated 
	   Cpus                 :     0.97        1         1 
	   Disk (KB)            :    37           1    297968 
	   Memory (MB)          :  1282        2000      2000 

	Job terminated of its own accord at 2021-06-14T13:47:59Z.
...
