14-Jun-2021 15:40:40 CEST  Initiating request to open file file:/eos/cms/store/user/tsarkar/DIGIPremix_Condor_output_Vector_MonoZLL_NLO_Mphi-500_Mchi-150_gSM-0p25_gDM-1p0_ctau10p0/step_DIGIPremix_2017UL_13.root
14-Jun-2021 15:40:44 CEST  Successfully opened file file:/eos/cms/store/user/tsarkar/DIGIPremix_Condor_output_Vector_MonoZLL_NLO_Mphi-500_Mchi-150_gSM-0p25_gDM-1p0_ctau10p0/step_DIGIPremix_2017UL_13.root
Begin processing the 1st record. Run 1, Event 952, LumiSection 20 at 14-Jun-2021 15:42:21.392 CEST
Begin processing the 2nd record. Run 1, Event 951, LumiSection 20 at 14-Jun-2021 15:42:34.368 CEST
%MSG-w InvalidInputTag:  CSCHaloDataProducer:hltCSCHaloData  14-Jun-2021 15:42:39 CEST Run: 1 Event: 951
 The Cosmic Muon collection does not appear to be in the event. These beam halo  identification variables will be empty
%MSG
Begin processing the 3rd record. Run 1, Event 953, LumiSection 20 at 14-Jun-2021 15:42:39.600 CEST
Begin processing the 4th record. Run 1, Event 954, LumiSection 20 at 14-Jun-2021 15:42:43.738 CEST
Begin processing the 5th record. Run 1, Event 955, LumiSection 20 at 14-Jun-2021 15:42:45.544 CEST
Begin processing the 6th record. Run 1, Event 958, LumiSection 20 at 14-Jun-2021 15:42:48.749 CEST
Begin processing the 7th record. Run 1, Event 956, LumiSection 20 at 14-Jun-2021 15:42:51.120 CEST
Begin processing the 8th record. Run 1, Event 957, LumiSection 20 at 14-Jun-2021 15:42:57.673 CEST
Begin processing the 9th record. Run 1, Event 959, LumiSection 20 at 14-Jun-2021 15:43:06.802 CEST
Begin processing the 10th record. Run 1, Event 960, LumiSection 20 at 14-Jun-2021 15:43:13.310 CEST
Begin processing the 11th record. Run 1, Event 961, LumiSection 20 at 14-Jun-2021 15:43:22.387 CEST
Begin processing the 12th record. Run 1, Event 964, LumiSection 20 at 14-Jun-2021 15:43:29.754 CEST
Begin processing the 13th record. Run 1, Event 962, LumiSection 20 at 14-Jun-2021 15:43:33.076 CEST
Begin processing the 14th record. Run 1, Event 963, LumiSection 20 at 14-Jun-2021 15:43:39.563 CEST
Begin processing the 15th record. Run 1, Event 966, LumiSection 20 at 14-Jun-2021 15:43:46.132 CEST
%MSG-w BasicTrajectoryState:   TrackProducer:hltIter2ElectronsCtfWithMaterialTracks 14-Jun-2021 15:43:48 CEST  Run: 1 Event: 966
curv error not pos-def
[  5.41182e+06    -22.4151     -261804      5.2184  -0.0293679
      -22.4151 0.000280448     1.08437 4.94575e-05  0.00158848
       -261804     1.08437     12665.1   -0.263454  0.00149686
        5.2184 4.94575e-05   -0.263454  -0.0840693 0.000577847
    -0.0293679  0.00158848  0.00149686 0.000577847   0.0134497 ]
pos/mom/mf  (-10.5893,-1.68619,-0.522233)   (-65.2686,-10.9077,-31.6622)   (5.5021e-05,8.76133e-06,3.8113) 
%MSG
%MSG-w BasicTrajectoryState:   TrackProducer:hltIter2ElectronsCtfWithMaterialTracks 14-Jun-2021 15:43:48 CEST  Run: 1 Event: 966
local error not pos-def
[  5.41182e+06      262370    -5828.76     5.22398  -0.0829487
        262370     12719.9    -282.584    0.264305 -0.00418209
      -5828.76    -282.584     6.27812 -0.00578307 -0.00207543
       5.22398    0.264305 -0.00578307  -0.0842491   0.0012216
    -0.0829487 -0.00418209 -0.00207543   0.0012216   0.0165168 ]
pos/mom/mf  (-10.5893,-1.68619,-0.522233)   (-65.2686,-10.9077,-31.6622)   (5.5021e-05,8.76133e-06,3.8113) 
%MSG
Begin processing the 16th record. Run 1, Event 967, LumiSection 20 at 14-Jun-2021 15:44:00.983 CEST
Begin processing the 17th record. Run 1, Event 968, LumiSection 20 at 14-Jun-2021 15:44:09.578 CEST
Begin processing the 18th record. Run 1, Event 965, LumiSection 20 at 14-Jun-2021 15:44:16.771 CEST
Begin processing the 19th record. Run 1, Event 969, LumiSection 20 at 14-Jun-2021 15:44:24.014 CEST
Begin processing the 20th record. Run 1, Event 971, LumiSection 20 at 14-Jun-2021 15:44:24.966 CEST
Begin processing the 21st record. Run 1, Event 970, LumiSection 20 at 14-Jun-2021 15:44:33.731 CEST
Begin processing the 22nd record. Run 1, Event 974, LumiSection 20 at 14-Jun-2021 15:44:35.039 CEST
Begin processing the 23rd record. Run 1, Event 972, LumiSection 20 at 14-Jun-2021 15:44:38.025 CEST
Begin processing the 24th record. Run 1, Event 973, LumiSection 20 at 14-Jun-2021 15:44:42.751 CEST
Begin processing the 25th record. Run 1, Event 975, LumiSection 20 at 14-Jun-2021 15:44:53.075 CEST
Begin processing the 26th record. Run 1, Event 977, LumiSection 20 at 14-Jun-2021 15:44:54.537 CEST
Begin processing the 27th record. Run 1, Event 976, LumiSection 20 at 14-Jun-2021 15:44:55.277 CEST
Begin processing the 28th record. Run 1, Event 980, LumiSection 20 at 14-Jun-2021 15:44:59.584 CEST
%MSG-w InvalidHelix:   SeedCreatorFromRegionConsecutiveHitsTripletOnlyEDProducer:hltFullIter8PixelLessSeeds  14-Jun-2021 15:45:10 CEST Run: 1 Event: 980
PixelClusterShapeSeedComparitor helix is not valid, result is bad
%MSG
%MSG-w InvalidHelix:   SeedCreatorFromRegionConsecutiveHitsTripletOnlyEDProducer:hltFullIter8PixelLessSeeds  14-Jun-2021 15:45:10 CEST Run: 1 Event: 980
PixelClusterShapeSeedComparitor helix is not valid, result is bad
%MSG
Begin processing the 29th record. Run 1, Event 981, LumiSection 20 at 14-Jun-2021 15:45:13.579 CEST
%MSG-w BasicTrajectoryState:   TrackProducer:hltIter2ElectronsCtfWithMaterialTracks 14-Jun-2021 15:45:14 CEST  Run: 1 Event: 981
curv error not pos-def
[  3.27315e+06     -36.297     -181931     -117.25    0.455124
       -36.297  0.00055976     2.01749  0.00127095  0.00152267
       -181931     2.01749     10112.3     6.51246  -0.0253374
       -117.25  0.00127095     6.51246  -0.0303844-0.000328168
      0.455124  0.00152267  -0.0253374-0.000328168   0.0148618 ]
pos/mom/mf  (-2.92259,-10.3205,-8.86472)   (-9.33704,-33.7074,-29.3892)   (6.92436e-05,0.000244519,3.81108) 
%MSG
%MSG-w BasicTrajectoryState:   TrackProducer:hltIter2ElectronsCtfWithMaterialTracks 14-Jun-2021 15:45:14 CEST  Run: 1 Event: 981
local error not pos-def
[  3.27315e+06      182466    -8319.78     -117.42     4.71955
        182466     10171.7    -463.795    -6.54106    0.262829
      -8319.78    -463.795     21.1479      0.2982  -0.0153914
       -117.42    -6.54106      0.2982  -0.0304726  0.00180908
       4.71955    0.262829  -0.0153914  0.00180908    0.025255 ]
pos/mom/mf  (-2.92259,-10.3205,-8.86472)   (-9.33704,-33.7074,-29.3892)   (6.92436e-05,0.000244519,3.81108) 
%MSG
Begin processing the 30th record. Run 1, Event 979, LumiSection 20 at 14-Jun-2021 15:45:16.864 CEST
Begin processing the 31st record. Run 1, Event 983, LumiSection 20 at 14-Jun-2021 15:45:25.367 CEST
Begin processing the 32nd record. Run 1, Event 978, LumiSection 20 at 14-Jun-2021 15:45:26.381 CEST
%MSG-w BasicTrajectoryState:  TrackProducer:hltFullIter6CtfWithMaterialTracks  14-Jun-2021 15:45:33 CEST Run: 1 Event: 978
curv error not pos-def
[       705578    0.381362    -32880.1     0.23177    0.452939
      0.381362  0.00115815  -0.0177709 5.67552e-06  0.00944173
      -32880.1  -0.0177709     1532.22   -0.011019  -0.0211017
       0.23177 5.67552e-06   -0.011019  -0.0017388 4.54735e-05
      0.452939  0.00944173  -0.0211017 4.54735e-05   0.0770117 ]
pos/mom/mf  (4.05538,-9.91622,1.13753)   (123.883,-303.301,-73.7216)   (-5.94101e-06,1.4527e-05,3.81131) 
%MSG
%MSG-w BasicTrajectoryState:  TrackProducer:hltFullIter6CtfWithMaterialTracks  14-Jun-2021 15:45:33 CEST Run: 1 Event: 978
local error not pos-def
[       705578     32915.9     245.183     0.23191   -0.462541
       32915.9     1535.55      11.438   0.0110377  -0.0215699
       245.183      11.438   0.0864791 8.83694e-05  -0.0103338
       0.23191   0.0110377 8.83694e-05 -0.00174068-6.21023e-05
     -0.462541  -0.0215699  -0.0103338-6.21023e-05   0.0809108 ]
pos/mom/mf  (4.05538,-9.91622,1.13753)   (123.883,-303.301,-73.7216)   (-5.94101e-06,1.4527e-05,3.81131) 
%MSG
Begin processing the 33rd record. Run 1, Event 985, LumiSection 20 at 14-Jun-2021 15:45:37.150 CEST
Begin processing the 34th record. Run 1, Event 986, LumiSection 20 at 14-Jun-2021 15:45:54.736 CEST
%MSG-e TrajectoryNotPosDef:   TrackProducer:hltIter2ElectronsCtfWithMaterialTracks 14-Jun-2021 15:45:56 CEST  Run: 1 Event: 986
Trajectory covariance is not positive-definite
%MSG
Begin processing the 35th record. Run 1, Event 982, LumiSection 20 at 14-Jun-2021 15:46:05.043 CEST
Begin processing the 36th record. Run 1, Event 989, LumiSection 20 at 14-Jun-2021 15:46:05.985 CEST
Begin processing the 37th record. Run 1, Event 988, LumiSection 20 at 14-Jun-2021 15:46:07.188 CEST
Begin processing the 38th record. Run 1, Event 984, LumiSection 20 at 14-Jun-2021 15:46:08.893 CEST
%MSG-w InvalidHelix:   SeedCreatorFromRegionConsecutiveHitsEDProducer:hltFullIter9TobTecSeedsTripl  14-Jun-2021 15:46:15 CEST Run: 1 Event: 984
PixelClusterShapeSeedComparitor helix is not valid, result is bad
%MSG
Begin processing the 39th record. Run 1, Event 987, LumiSection 20 at 14-Jun-2021 15:46:15.842 CEST
Begin processing the 40th record. Run 1, Event 990, LumiSection 20 at 14-Jun-2021 15:46:20.770 CEST
Begin processing the 41st record. Run 1, Event 993, LumiSection 20 at 14-Jun-2021 15:46:27.753 CEST
Begin processing the 42nd record. Run 1, Event 992, LumiSection 20 at 14-Jun-2021 15:46:31.670 CEST
%MSG-w Muon:  L3MuonProducer:hltL3NoFiltersNoVtxMuonsOIHit  14-Jun-2021 15:46:31 CEST Run: 1 Event: 992
     Failed to load tracker track trajectory
%MSG
%MSG-w RecoMuon:  L3MuonProducer:hltL3NoFiltersNoVtxMuonsOIHit  14-Jun-2021 15:46:31 CEST Run: 1 Event: 992
     Failed to load tracker track trajectory
%MSG
%MSG-w GlobalMuon:  L3MuonProducer:hltL3NoFiltersNoVtxMuonsOIHit  14-Jun-2021 15:46:31 CEST Run: 1 Event: 992
     Failed to load tracker track trajectory
%MSG
%MSG-w GlobalTrajectoryBuilderBase:   L3MuonProducer:hltL3NoFiltersNoVtxMuonsOIHit 14-Jun-2021 15:46:31 CEST  Run: 1 Event: 992
     Failed to load tracker track trajectory
%MSG
%MSG-w Muon:  L3MuonProducer:hltL3NoFiltersNoVtxMuonsOIHit  14-Jun-2021 15:46:31 CEST Run: 1 Event: 992
     Failed to load tracker track trajectory
%MSG
%MSG-w RecoMuon:  L3MuonProducer:hltL3NoFiltersNoVtxMuonsOIHit  14-Jun-2021 15:46:31 CEST Run: 1 Event: 992
     Failed to load tracker track trajectory
%MSG
%MSG-w GlobalMuon:  L3MuonProducer:hltL3NoFiltersNoVtxMuonsOIHit  14-Jun-2021 15:46:31 CEST Run: 1 Event: 992
     Failed to load tracker track trajectory
%MSG
%MSG-w GlobalTrajectoryBuilderBase:   L3MuonProducer:hltL3NoFiltersNoVtxMuonsOIHit 14-Jun-2021 15:46:31 CEST  Run: 1 Event: 992
     Failed to load tracker track trajectory
%MSG
%MSG-w Muon:  L3MuonProducer:hltL3NoFiltersNoVtxMuonsOIHit  14-Jun-2021 15:46:31 CEST Run: 1 Event: 992
     Failed to load tracker track trajectory
%MSG
%MSG-w RecoMuon:  L3MuonProducer:hltL3NoFiltersNoVtxMuonsOIHit  14-Jun-2021 15:46:31 CEST Run: 1 Event: 992
     Failed to load tracker track trajectory
%MSG
%MSG-w GlobalMuon:  L3MuonProducer:hltL3NoFiltersNoVtxMuonsOIHit  14-Jun-2021 15:46:31 CEST Run: 1 Event: 992
     Failed to load tracker track trajectory
%MSG
%MSG-w GlobalTrajectoryBuilderBase:   L3MuonProducer:hltL3NoFiltersNoVtxMuonsOIHit 14-Jun-2021 15:46:31 CEST  Run: 1 Event: 992
     Failed to load tracker track trajectory
%MSG
%MSG-e TrajectoryNotPosDef:   TrackProducer:hltL3NoFiltersTkTracksFromL2IOHitNoVtx 14-Jun-2021 15:46:31 CEST  Run: 1 Event: 992
Trajectory covariance is not positive-definite
%MSG
Begin processing the 43rd record. Run 1, Event 994, LumiSection 20 at 14-Jun-2021 15:46:34.751 CEST
Begin processing the 44th record. Run 1, Event 991, LumiSection 20 at 14-Jun-2021 15:46:41.807 CEST
Begin processing the 45th record. Run 1, Event 995, LumiSection 20 at 14-Jun-2021 15:46:43.367 CEST
Begin processing the 46th record. Run 1, Event 996, LumiSection 20 at 14-Jun-2021 15:46:56.080 CEST
%MSG-w InvalidHelix:   SeedCreatorFromRegionConsecutiveHitsEDProducer:hltFullIter9TobTecSeedsTripl  14-Jun-2021 15:47:10 CEST Run: 1 Event: 996
PixelClusterShapeSeedComparitor helix is not valid, result is bad
%MSG
%MSG-w InvalidHelix:   SeedCreatorFromRegionConsecutiveHitsEDProducer:hltFullIter9TobTecSeedsTripl  14-Jun-2021 15:47:10 CEST Run: 1 Event: 996
PixelClusterShapeSeedComparitor helix is not valid, result is bad
%MSG
Begin processing the 47th record. Run 1, Event 998, LumiSection 20 at 14-Jun-2021 15:47:11.825 CEST
Begin processing the 48th record. Run 1, Event 1000, LumiSection 20 at 14-Jun-2021 15:47:12.799 CEST
Begin processing the 49th record. Run 1, Event 997, LumiSection 20 at 14-Jun-2021 15:47:16.209 CEST
Begin processing the 50th record. Run 1, Event 999, LumiSection 20 at 14-Jun-2021 15:47:17.525 CEST
14-Jun-2021 15:47:22 CEST  Closed file file:/eos/cms/store/user/tsarkar/DIGIPremix_Condor_output_Vector_MonoZLL_NLO_Mphi-500_Mchi-150_gSM-0p25_gDM-1p0_ctau10p0/step_DIGIPremix_2017UL_13.root

=============================================

MessageLogger Summary

 type     category        sev    module        subroutine        count    total
 ---- -------------------- -- ---------------- ----------------  -----    -----
    1 BasicTrajectoryState -w TrackProducer:hl                       2        2
    2 BasicTrajectoryState -w TrackProducer:hl                       4        4
    3 GlobalMuon           -w L3MuonProducer:h                       3        3
    4 GlobalTrajectoryBuil -w L3MuonProducer:h                       3        3
    5 InvalidHelix         -w SeedCreatorFromR                       3        3
    6 InvalidHelix         -w SeedCreatorFromR                       2        2
    7 InvalidInputTag      -w CSCHaloDataProdu                       1        1
    8 Muon                 -w L3MuonProducer:h                       3        3
    9 RecoMuon             -w L3MuonProducer:h                       3        3
   10 TrajectoryNotPosDef  -e TrackProducer:hl                       1        1
   11 TrajectoryNotPosDef  -e TrackProducer:hl                       1        1
   12 fileAction           -s file_close                             1        1
   13 fileAction           -s file_open                              2        2

 type    category    Examples: run/evt        run/evt          run/evt
 ---- -------------------- ---------------- ---------------- ----------------
    1 BasicTrajectoryState 1/978            1/978            
    2 BasicTrajectoryState 1/966            1/966            1/981
    3 GlobalMuon           1/992            1/992            1/992
    4 GlobalTrajectoryBuilderBase 1/992            1/992            1/992
    5 InvalidHelix         1/984            1/996            1/996
    6 InvalidHelix         1/980            1/980            
    7 InvalidInputTag      1/951                             
    8 Muon                 1/992            1/992            1/992
    9 RecoMuon             1/992            1/992            1/992
   10 TrajectoryNotPosDef  1/986                             
   11 TrajectoryNotPosDef  1/992                             
   12 fileAction           PostGlobalEndRun                  
   13 fileAction           pre-events       pre-events       

Severity    # Occurrences   Total Occurrences
--------    -------------   -----------------
Warning                24                  24
Error                   2                   2
System                  3                   3

dropped waiting message count 0
