000 (7312087.000.000) 06/14 14:45:59 Job submitted from host: <137.138.44.75:9618?addrs=137.138.44.75-9618+[2001-1458-d00-1a--b]-9618&alias=bigbird14.cern.ch&noUDP&sock=schedd_3149486_02ef>
...
040 (7312087.000.000) 06/14 15:39:59 Started transferring input files
	Transferring to host: <188.184.212.119:9618?addrs=188.184.212.119-9618+[2001-1458-301-10c--100-7e]-9618&alias=b7g24n0267.cern.ch&noUDP&sock=slot1_4_4428_ad2d_37986>
...
040 (7312087.000.000) 06/14 15:39:59 Finished transferring input files
...
001 (7312087.000.000) 06/14 15:40:00 Job executing on host: <188.184.212.119:9618?addrs=188.184.212.119-9618+[2001-1458-301-10c--100-7e]-9618&alias=b7g24n0267.cern.ch&noUDP&sock=startd_3662_67e8>
...
006 (7312087.000.000) 06/14 15:40:09 Image size of job updated: 273840
	45  -  MemoryUsage of job (MB)
	45400  -  ResidentSetSize of job (KB)
...
006 (7312087.000.000) 06/14 15:45:09 Image size of job updated: 2316488
	1200  -  MemoryUsage of job (MB)
	1228024  -  ResidentSetSize of job (KB)
...
006 (7312087.000.000) 06/14 15:46:49 Image size of job updated: 2343112
	1200  -  MemoryUsage of job (MB)
	1228032  -  ResidentSetSize of job (KB)
...
040 (7312087.000.000) 06/14 15:46:49 Started transferring output files
...
040 (7312087.000.000) 06/14 15:46:49 Finished transferring output files
...
005 (7312087.000.000) 06/14 15:46:49 Job terminated.
	(1) Normal termination (return value 0)
		Usr 0 00:06:02, Sys 0 00:00:08  -  Run Remote Usage
		Usr 0 00:00:00, Sys 0 00:00:00  -  Run Local Usage
		Usr 0 00:06:02, Sys 0 00:00:08  -  Total Remote Usage
		Usr 0 00:00:00, Sys 0 00:00:00  -  Total Local Usage
	14544  -  Run Bytes Sent By Job
	431  -  Run Bytes Received By Job
	14544  -  Total Bytes Sent By Job
	431  -  Total Bytes Received By Job
	Partitionable Resources :    Usage  Request Allocated 
	   Cpus                 :     0.69        1         1 
	   Disk (KB)            :    35           1    298382 
	   Memory (MB)          :  1200        2000      2000 

	Job terminated of its own accord at 2021-06-14T13:46:49Z.
...
