000 (7312088.000.000) 06/14 14:46:00 Job submitted from host: <137.138.44.75:9618?addrs=137.138.44.75-9618+[2001-1458-d00-1a--b]-9618&alias=bigbird14.cern.ch&noUDP&sock=schedd_3149486_02ef>
...
040 (7312088.000.000) 06/14 15:40:00 Started transferring input files
	Transferring to host: <188.184.197.102:9618?addrs=188.184.197.102-9618+[2001-1458-301-103--100-d]-9618&alias=b7g23n8039.cern.ch&noUDP&sock=slot1_6_28162_6d32_91150>
...
040 (7312088.000.000) 06/14 15:40:00 Finished transferring input files
...
001 (7312088.000.000) 06/14 15:40:01 Job executing on host: <188.184.197.102:9618?addrs=188.184.197.102-9618+[2001-1458-301-103--100-d]-9618&alias=b7g23n8039.cern.ch&noUDP&sock=startd_19021_6702>
...
006 (7312088.000.000) 06/14 15:40:09 Image size of job updated: 27404
	14  -  MemoryUsage of job (MB)
	14272  -  ResidentSetSize of job (KB)
...
006 (7312088.000.000) 06/14 15:45:09 Image size of job updated: 2344112
	1330  -  MemoryUsage of job (MB)
	1361460  -  ResidentSetSize of job (KB)
...
006 (7312088.000.000) 06/14 15:47:41 Image size of job updated: 2438328
	1330  -  MemoryUsage of job (MB)
	1361460  -  ResidentSetSize of job (KB)
...
040 (7312088.000.000) 06/14 15:47:41 Started transferring output files
...
040 (7312088.000.000) 06/14 15:47:41 Finished transferring output files
...
005 (7312088.000.000) 06/14 15:47:42 Job terminated.
	(1) Normal termination (return value 0)
		Usr 0 00:06:14, Sys 0 00:00:12  -  Run Remote Usage
		Usr 0 00:00:00, Sys 0 00:00:00  -  Run Local Usage
		Usr 0 00:06:14, Sys 0 00:00:12  -  Total Remote Usage
		Usr 0 00:00:00, Sys 0 00:00:00  -  Total Local Usage
	14162  -  Run Bytes Sent By Job
	431  -  Run Bytes Received By Job
	14162  -  Total Bytes Sent By Job
	431  -  Total Bytes Received By Job
	Partitionable Resources :    Usage  Request Allocated 
	   Cpus                 :                 1         1 
	   Disk (KB)            :       28        1    346669 
	   Memory (MB)          :     1330     2000      2000 

	Job terminated of its own accord at 2021-06-14T13:47:41Z.
...
