000 (7312091.000.000) 06/14 14:46:04 Job submitted from host: <137.138.44.75:9618?addrs=137.138.44.75-9618+[2001-1458-d00-1a--b]-9618&alias=bigbird14.cern.ch&noUDP&sock=schedd_3149486_02ef>
...
040 (7312091.000.000) 06/14 15:46:08 Started transferring input files
	Transferring to host: <188.184.212.27:9618?addrs=188.184.212.27-9618+[2001-1458-301-10c--100-b]-9618&alias=b7g24n0016.cern.ch&noUDP&sock=slot1_2_18133_16ba_93964>
...
040 (7312091.000.000) 06/14 15:46:08 Finished transferring input files
...
001 (7312091.000.000) 06/14 15:46:09 Job executing on host: <188.184.212.27:9618?addrs=188.184.212.27-9618+[2001-1458-301-10c--100-b]-9618&alias=b7g24n0016.cern.ch&noUDP&sock=startd_2870_28e6>
...
006 (7312091.000.000) 06/14 15:46:18 Image size of job updated: 245436
	56  -  MemoryUsage of job (MB)
	56628  -  ResidentSetSize of job (KB)
...
006 (7312091.000.000) 06/14 15:51:19 Image size of job updated: 2301372
	1270  -  MemoryUsage of job (MB)
	1299556  -  ResidentSetSize of job (KB)
...
006 (7312091.000.000) 06/14 15:54:08 Image size of job updated: 2448828
	1270  -  MemoryUsage of job (MB)
	1299556  -  ResidentSetSize of job (KB)
...
040 (7312091.000.000) 06/14 15:54:08 Started transferring output files
...
040 (7312091.000.000) 06/14 15:54:08 Finished transferring output files
...
005 (7312091.000.000) 06/14 15:54:08 Job terminated.
	(1) Normal termination (return value 0)
		Usr 0 00:06:53, Sys 0 00:00:10  -  Run Remote Usage
		Usr 0 00:00:00, Sys 0 00:00:00  -  Run Local Usage
		Usr 0 00:06:53, Sys 0 00:00:10  -  Total Remote Usage
		Usr 0 00:00:00, Sys 0 00:00:00  -  Total Local Usage
	14475  -  Run Bytes Sent By Job
	432  -  Run Bytes Received By Job
	14475  -  Total Bytes Sent By Job
	432  -  Total Bytes Received By Job
	Partitionable Resources :    Usage  Request Allocated 
	   Cpus                 :     0.64        1         1 
	   Disk (KB)            :    36           1    293088 
	   Memory (MB)          :  1270        2000      2000 

	Job terminated of its own accord at 2021-06-14T13:54:08Z.
...
