14-Jun-2021 15:40:29 CEST  Initiating request to open file file:/eos/cms/store/user/tsarkar/DIGIPremix_Condor_output_Vector_MonoZLL_NLO_Mphi-500_Mchi-150_gSM-0p25_gDM-1p0_ctau10p0/step_DIGIPremix_2017UL_14.root
14-Jun-2021 15:40:33 CEST  Successfully opened file file:/eos/cms/store/user/tsarkar/DIGIPremix_Condor_output_Vector_MonoZLL_NLO_Mphi-500_Mchi-150_gSM-0p25_gDM-1p0_ctau10p0/step_DIGIPremix_2017UL_14.root
Begin processing the 1st record. Run 1, Event 102, LumiSection 3 at 14-Jun-2021 15:42:04.406 CEST
Begin processing the 2nd record. Run 1, Event 101, LumiSection 3 at 14-Jun-2021 15:42:14.671 CEST
Begin processing the 3rd record. Run 1, Event 105, LumiSection 3 at 14-Jun-2021 15:42:18.431 CEST
Begin processing the 4th record. Run 1, Event 103, LumiSection 3 at 14-Jun-2021 15:42:23.772 CEST
Begin processing the 5th record. Run 1, Event 106, LumiSection 3 at 14-Jun-2021 15:42:30.471 CEST
%MSG-w InvalidInputTag:  CSCHaloDataProducer:hltCSCHaloData  14-Jun-2021 15:42:34 CEST Run: 1 Event: 106
 The Cosmic Muon collection does not appear to be in the event. These beam halo  identification variables will be empty
%MSG
Begin processing the 6th record. Run 1, Event 104, LumiSection 3 at 14-Jun-2021 15:42:34.463 CEST
Begin processing the 7th record. Run 1, Event 108, LumiSection 3 at 14-Jun-2021 15:42:41.285 CEST
Begin processing the 8th record. Run 1, Event 107, LumiSection 3 at 14-Jun-2021 15:42:46.520 CEST
Begin processing the 9th record. Run 1, Event 109, LumiSection 3 at 14-Jun-2021 15:42:51.789 CEST
Begin processing the 10th record. Run 1, Event 110, LumiSection 3 at 14-Jun-2021 15:42:57.491 CEST
Begin processing the 11th record. Run 1, Event 112, LumiSection 3 at 14-Jun-2021 15:43:01.130 CEST
Begin processing the 12th record. Run 1, Event 113, LumiSection 3 at 14-Jun-2021 15:43:03.366 CEST
Begin processing the 13th record. Run 1, Event 111, LumiSection 3 at 14-Jun-2021 15:43:07.460 CEST
Begin processing the 14th record. Run 1, Event 114, LumiSection 3 at 14-Jun-2021 15:43:10.075 CEST
Begin processing the 15th record. Run 1, Event 115, LumiSection 3 at 14-Jun-2021 15:43:13.400 CEST
Begin processing the 16th record. Run 1, Event 119, LumiSection 3 at 14-Jun-2021 15:43:16.214 CEST
Begin processing the 17th record. Run 1, Event 118, LumiSection 3 at 14-Jun-2021 15:43:20.470 CEST
%MSG-w Muon:  L3MuonProducer:hltL3NoFiltersNoVtxMuonsOIHit  14-Jun-2021 15:43:21 CEST Run: 1 Event: 118
     Failed to load tracker track trajectory
%MSG
%MSG-w RecoMuon:  L3MuonProducer:hltL3NoFiltersNoVtxMuonsOIHit  14-Jun-2021 15:43:21 CEST Run: 1 Event: 118
     Failed to load tracker track trajectory
%MSG
%MSG-w GlobalMuon:  L3MuonProducer:hltL3NoFiltersNoVtxMuonsOIHit  14-Jun-2021 15:43:21 CEST Run: 1 Event: 118
     Failed to load tracker track trajectory
%MSG
%MSG-w GlobalTrajectoryBuilderBase:   L3MuonProducer:hltL3NoFiltersNoVtxMuonsOIHit 14-Jun-2021 15:43:21 CEST  Run: 1 Event: 118
     Failed to load tracker track trajectory
%MSG
%MSG-w InvalidHelix:   SeedCreatorFromRegionConsecutiveHitsEDProducer:hltFullIter9TobTecSeedsTripl  14-Jun-2021 15:43:32 CEST Run: 1 Event: 118
PixelClusterShapeSeedComparitor helix is not valid, result is bad
%MSG
Begin processing the 18th record. Run 1, Event 117, LumiSection 3 at 14-Jun-2021 15:43:33.469 CEST
Begin processing the 19th record. Run 1, Event 120, LumiSection 3 at 14-Jun-2021 15:43:38.553 CEST
Begin processing the 20th record. Run 1, Event 116, LumiSection 3 at 14-Jun-2021 15:43:44.826 CEST
Begin processing the 21st record. Run 1, Event 121, LumiSection 3 at 14-Jun-2021 15:43:47.764 CEST
Begin processing the 22nd record. Run 1, Event 123, LumiSection 3 at 14-Jun-2021 15:43:52.426 CEST
Begin processing the 23rd record. Run 1, Event 122, LumiSection 3 at 14-Jun-2021 15:44:02.722 CEST
Begin processing the 24th record. Run 1, Event 127, LumiSection 3 at 14-Jun-2021 15:44:09.473 CEST
Begin processing the 25th record. Run 1, Event 126, LumiSection 3 at 14-Jun-2021 15:44:22.424 CEST
Begin processing the 26th record. Run 1, Event 125, LumiSection 3 at 14-Jun-2021 15:44:31.781 CEST
Begin processing the 27th record. Run 1, Event 124, LumiSection 3 at 14-Jun-2021 15:44:35.634 CEST
Begin processing the 28th record. Run 1, Event 129, LumiSection 3 at 14-Jun-2021 15:44:38.287 CEST
%MSG-w InvalidHelix:   SeedCreatorFromRegionConsecutiveHitsEDProducer:hltFullIter9TobTecSeedsTripl  14-Jun-2021 15:44:41 CEST Run: 1 Event: 129
PixelClusterShapeSeedComparitor helix is not valid, result is bad
%MSG
Begin processing the 29th record. Run 1, Event 128, LumiSection 3 at 14-Jun-2021 15:44:42.759 CEST
Begin processing the 30th record. Run 1, Event 130, LumiSection 3 at 14-Jun-2021 15:44:47.009 CEST
Begin processing the 31st record. Run 1, Event 132, LumiSection 3 at 14-Jun-2021 15:44:49.885 CEST
Begin processing the 32nd record. Run 1, Event 134, LumiSection 3 at 14-Jun-2021 15:44:50.760 CEST
Begin processing the 33rd record. Run 1, Event 131, LumiSection 3 at 14-Jun-2021 15:45:02.268 CEST
Begin processing the 34th record. Run 1, Event 136, LumiSection 3 at 14-Jun-2021 15:45:08.592 CEST
Begin processing the 35th record. Run 1, Event 137, LumiSection 3 at 14-Jun-2021 15:45:10.615 CEST
Begin processing the 36th record. Run 1, Event 135, LumiSection 3 at 14-Jun-2021 15:45:16.485 CEST
Begin processing the 37th record. Run 1, Event 140, LumiSection 3 at 14-Jun-2021 15:45:24.328 CEST
%MSG-w InvalidHelix:   SeedCreatorFromRegionConsecutiveHitsEDProducer:hltFullIter9TobTecSeedsTripl  14-Jun-2021 15:45:37 CEST Run: 1 Event: 140
PixelClusterShapeSeedComparitor helix is not valid, result is bad
%MSG
Begin processing the 38th record. Run 1, Event 139, LumiSection 3 at 14-Jun-2021 15:45:38.870 CEST
Begin processing the 39th record. Run 1, Event 133, LumiSection 3 at 14-Jun-2021 15:45:41.598 CEST
Begin processing the 40th record. Run 1, Event 138, LumiSection 3 at 14-Jun-2021 15:45:47.974 CEST
Begin processing the 41st record. Run 1, Event 143, LumiSection 3 at 14-Jun-2021 15:45:58.175 CEST
Begin processing the 42nd record. Run 1, Event 142, LumiSection 3 at 14-Jun-2021 15:46:04.759 CEST
Begin processing the 43rd record. Run 1, Event 144, LumiSection 3 at 14-Jun-2021 15:46:05.672 CEST
Begin processing the 44th record. Run 1, Event 141, LumiSection 3 at 14-Jun-2021 15:46:11.406 CEST
Begin processing the 45th record. Run 1, Event 147, LumiSection 3 at 14-Jun-2021 15:46:20.691 CEST
Begin processing the 46th record. Run 1, Event 145, LumiSection 3 at 14-Jun-2021 15:46:21.472 CEST
Begin processing the 47th record. Run 1, Event 146, LumiSection 3 at 14-Jun-2021 15:46:24.848 CEST
Begin processing the 48th record. Run 1, Event 150, LumiSection 3 at 14-Jun-2021 15:46:33.355 CEST
Begin processing the 49th record. Run 1, Event 148, LumiSection 3 at 14-Jun-2021 15:46:35.549 CEST
Begin processing the 50th record. Run 1, Event 149, LumiSection 3 at 14-Jun-2021 15:46:37.762 CEST
14-Jun-2021 15:46:43 CEST  Closed file file:/eos/cms/store/user/tsarkar/DIGIPremix_Condor_output_Vector_MonoZLL_NLO_Mphi-500_Mchi-150_gSM-0p25_gDM-1p0_ctau10p0/step_DIGIPremix_2017UL_14.root

=============================================

MessageLogger Summary

 type     category        sev    module        subroutine        count    total
 ---- -------------------- -- ---------------- ----------------  -----    -----
    1 GlobalMuon           -w L3MuonProducer:h                       1        1
    2 GlobalTrajectoryBuil -w L3MuonProducer:h                       1        1
    3 InvalidHelix         -w SeedCreatorFromR                       3        3
    4 InvalidInputTag      -w CSCHaloDataProdu                       1        1
    5 Muon                 -w L3MuonProducer:h                       1        1
    6 RecoMuon             -w L3MuonProducer:h                       1        1
    7 fileAction           -s file_close                             1        1
    8 fileAction           -s file_open                              2        2

 type    category    Examples: run/evt        run/evt          run/evt
 ---- -------------------- ---------------- ---------------- ----------------
    1 GlobalMuon           1/118                             
    2 GlobalTrajectoryBuilderBase 1/118                             
    3 InvalidHelix         1/118            1/129            1/140
    4 InvalidInputTag      1/106                             
    5 Muon                 1/118                             
    6 RecoMuon             1/118                             
    7 fileAction           PostGlobalEndRun                  
    8 fileAction           pre-events       pre-events       

Severity    # Occurrences   Total Occurrences
--------    -------------   -----------------
Warning                 8                   8
System                  3                   3

dropped waiting message count 0
