14-Jun-2021 15:40:41 CEST  Initiating request to open file file:/eos/cms/store/user/tsarkar/DIGIPremix_Condor_output_Vector_MonoZLL_NLO_Mphi-500_Mchi-150_gSM-0p25_gDM-1p0_ctau10p0/step_DIGIPremix_2017UL_3.root
14-Jun-2021 15:40:45 CEST  Successfully opened file file:/eos/cms/store/user/tsarkar/DIGIPremix_Condor_output_Vector_MonoZLL_NLO_Mphi-500_Mchi-150_gSM-0p25_gDM-1p0_ctau10p0/step_DIGIPremix_2017UL_3.root
Begin processing the 1st record. Run 1, Event 502, LumiSection 11 at 14-Jun-2021 15:42:36.820 CEST
Begin processing the 2nd record. Run 1, Event 501, LumiSection 11 at 14-Jun-2021 15:42:45.832 CEST
Begin processing the 3rd record. Run 1, Event 504, LumiSection 11 at 14-Jun-2021 15:42:46.979 CEST
Begin processing the 4th record. Run 1, Event 503, LumiSection 11 at 14-Jun-2021 15:42:53.497 CEST
Begin processing the 5th record. Run 1, Event 506, LumiSection 11 at 14-Jun-2021 15:42:56.524 CEST
%MSG-w InvalidHelix:   SeedCreatorFromRegionConsecutiveHitsEDProducer:hltFullIter9TobTecSeedsTripl  14-Jun-2021 15:43:05 CEST Run: 1 Event: 506
PixelClusterShapeSeedComparitor helix is not valid, result is bad
%MSG
Begin processing the 6th record. Run 1, Event 508, LumiSection 11 at 14-Jun-2021 15:43:06.543 CEST
Begin processing the 7th record. Run 1, Event 507, LumiSection 11 at 14-Jun-2021 15:43:07.722 CEST
%MSG-w InvalidInputTag:  CSCHaloDataProducer:hltCSCHaloData  14-Jun-2021 15:43:15 CEST Run: 1 Event: 507
 The Cosmic Muon collection does not appear to be in the event. These beam halo  identification variables will be empty
%MSG
Begin processing the 8th record. Run 1, Event 505, LumiSection 11 at 14-Jun-2021 15:43:15.742 CEST
Begin processing the 9th record. Run 1, Event 510, LumiSection 11 at 14-Jun-2021 15:43:18.923 CEST
Begin processing the 10th record. Run 1, Event 509, LumiSection 11 at 14-Jun-2021 15:43:26.471 CEST
Begin processing the 11th record. Run 1, Event 512, LumiSection 11 at 14-Jun-2021 15:43:35.286 CEST
%MSG-w InvalidHelix:   SeedCreatorFromRegionConsecutiveHitsEDProducer:hltFullIter6PixelSeedsB  14-Jun-2021 15:43:44 CEST Run: 1 Event: 512
PixelClusterShapeSeedComparitor helix is not valid, result is bad
%MSG
%MSG-w InvalidHelix:   SeedCreatorFromRegionConsecutiveHitsEDProducer:hltFullIter9TobTecSeedsPair  14-Jun-2021 15:43:48 CEST Run: 1 Event: 512
PixelClusterShapeSeedComparitor helix is not valid, result is bad
%MSG
Begin processing the 12th record. Run 1, Event 511, LumiSection 11 at 14-Jun-2021 15:43:50.621 CEST
Begin processing the 13th record. Run 1, Event 516, LumiSection 11 at 14-Jun-2021 15:43:55.801 CEST
Begin processing the 14th record. Run 1, Event 514, LumiSection 11 at 14-Jun-2021 15:44:01.005 CEST
Begin processing the 15th record. Run 1, Event 513, LumiSection 11 at 14-Jun-2021 15:44:05.111 CEST
Begin processing the 16th record. Run 1, Event 518, LumiSection 11 at 14-Jun-2021 15:44:13.306 CEST
%MSG-w Muon:  L3MuonProducer:hltL3NoFiltersNoVtxMuonsOIHit  14-Jun-2021 15:44:14 CEST Run: 1 Event: 518
     Failed to load tracker track trajectory
%MSG
%MSG-w RecoMuon:  L3MuonProducer:hltL3NoFiltersNoVtxMuonsOIHit  14-Jun-2021 15:44:14 CEST Run: 1 Event: 518
     Failed to load tracker track trajectory
%MSG
%MSG-w GlobalMuon:  L3MuonProducer:hltL3NoFiltersNoVtxMuonsOIHit  14-Jun-2021 15:44:14 CEST Run: 1 Event: 518
     Failed to load tracker track trajectory
%MSG
%MSG-w GlobalTrajectoryBuilderBase:   L3MuonProducer:hltL3NoFiltersNoVtxMuonsOIHit 14-Jun-2021 15:44:14 CEST  Run: 1 Event: 518
     Failed to load tracker track trajectory
%MSG
Begin processing the 17th record. Run 1, Event 515, LumiSection 11 at 14-Jun-2021 15:44:21.721 CEST
Begin processing the 18th record. Run 1, Event 517, LumiSection 11 at 14-Jun-2021 15:44:26.732 CEST
Begin processing the 19th record. Run 1, Event 520, LumiSection 11 at 14-Jun-2021 15:44:27.953 CEST
Begin processing the 20th record. Run 1, Event 519, LumiSection 11 at 14-Jun-2021 15:44:30.651 CEST
Begin processing the 21st record. Run 1, Event 521, LumiSection 11 at 14-Jun-2021 15:44:34.195 CEST
Begin processing the 22nd record. Run 1, Event 524, LumiSection 11 at 14-Jun-2021 15:44:38.357 CEST
Begin processing the 23rd record. Run 1, Event 525, LumiSection 11 at 14-Jun-2021 15:44:40.540 CEST
%MSG-w BasicTrajectoryState:   TrackProducer:hltIter2ElectronsCtfWithMaterialTracks 14-Jun-2021 15:44:42 CEST  Run: 1 Event: 525
local error not pos-def
[  2.45473e-05-1.17648e-05-2.55019e-06  -0.0002082 2.74911e-05
  -1.17648e-05-4.46016e-07 1.82856e-06 -2.0599e-05-2.54458e-06
  -2.55019e-06 1.82856e-06 1.27985e-05-1.84813e-06-2.44279e-05
    -0.0002082 -2.0599e-05-1.84813e-06 0.000122151 3.50451e-06
   2.74911e-05-2.54458e-06-2.44279e-05 3.50451e-06 0.000202084 ]
pos/mom/mf  (2.91833,-10.3339,-13.0902)   (32.6028,-127.2,-167.037)   (-9.60321e-05,0.000340052,3.81086) 
%MSG
%MSG-w BasicTrajectoryState:   TrackProducer:hltIter2ElectronsCtfWithMaterialTracks 14-Jun-2021 15:44:42 CEST  Run: 1 Event: 525
curv error not pos-def
[  2.45473e-05-1.53329e-06 1.16563e-05-0.000207196-7.98481e-07
  -1.53329e-06 1.91763e-06-6.66316e-07-1.67694e-06 5.95197e-06
   1.16563e-05-6.66316e-07-4.39192e-07  2.0306e-05-3.14527e-06
  -0.000207196-1.67694e-06  2.0306e-05 0.000120959 -1.1561e-05
  -7.98481e-07 5.95197e-06-3.14527e-06 -1.1561e-05 7.83233e-05 ]
pos/mom/mf  (2.91833,-10.3339,-13.0902)   (32.6028,-127.2,-167.037)   (-9.60321e-05,0.000340052,3.81086) 
%MSG
%MSG-w TrackNaN:  TrackProducer:hltIter2ElectronsCtfWithMaterialTracks  14-Jun-2021 15:44:42 CEST Run: 1 Event: 525
Track has NaN or the cov is not pos-definite
%MSG
Begin processing the 24th record. Run 1, Event 522, LumiSection 11 at 14-Jun-2021 15:44:51.213 CEST
%MSG-e TrajectoryNotPosDef:   TrackProducer:hltIter2ElectronsCtfWithMaterialTracks 14-Jun-2021 15:44:52 CEST  Run: 1 Event: 522
Trajectory covariance is not positive-definite
%MSG
Begin processing the 25th record. Run 1, Event 526, LumiSection 11 at 14-Jun-2021 15:44:58.830 CEST
Begin processing the 26th record. Run 1, Event 523, LumiSection 11 at 14-Jun-2021 15:45:01.458 CEST
Begin processing the 27th record. Run 1, Event 528, LumiSection 11 at 14-Jun-2021 15:45:07.594 CEST
%MSG-w Muon:  L3MuonProducer:hltL3NoFiltersNoVtxMuonsOIState  14-Jun-2021 15:45:08 CEST Run: 1 Event: 528
     Failed to load tracker track trajectory
%MSG
%MSG-w RecoMuon:  L3MuonProducer:hltL3NoFiltersNoVtxMuonsOIState  14-Jun-2021 15:45:08 CEST Run: 1 Event: 528
     Failed to load tracker track trajectory
%MSG
%MSG-w GlobalMuon:  L3MuonProducer:hltL3NoFiltersNoVtxMuonsOIState  14-Jun-2021 15:45:08 CEST Run: 1 Event: 528
     Failed to load tracker track trajectory
%MSG
%MSG-w GlobalTrajectoryBuilderBase:   L3MuonProducer:hltL3NoFiltersNoVtxMuonsOIState 14-Jun-2021 15:45:08 CEST  Run: 1 Event: 528
     Failed to load tracker track trajectory
%MSG
Begin processing the 28th record. Run 1, Event 527, LumiSection 11 at 14-Jun-2021 15:45:12.764 CEST
Begin processing the 29th record. Run 1, Event 529, LumiSection 11 at 14-Jun-2021 15:45:14.727 CEST
%MSG-w Muon:  L3MuonProducer:hltL3NoFiltersNoVtxMuonsOIHit  14-Jun-2021 15:45:17 CEST Run: 1 Event: 529
     Failed to load tracker track trajectory
%MSG
%MSG-w RecoMuon:  L3MuonProducer:hltL3NoFiltersNoVtxMuonsOIHit  14-Jun-2021 15:45:17 CEST Run: 1 Event: 529
     Failed to load tracker track trajectory
%MSG
%MSG-w GlobalMuon:  L3MuonProducer:hltL3NoFiltersNoVtxMuonsOIHit  14-Jun-2021 15:45:17 CEST Run: 1 Event: 529
     Failed to load tracker track trajectory
%MSG
%MSG-w GlobalTrajectoryBuilderBase:   L3MuonProducer:hltL3NoFiltersNoVtxMuonsOIHit 14-Jun-2021 15:45:17 CEST  Run: 1 Event: 529
     Failed to load tracker track trajectory
%MSG
%MSG-w Muon:  L3MuonProducer:hltL3NoFiltersNoVtxMuonsOIHit  14-Jun-2021 15:45:17 CEST Run: 1 Event: 529
     Failed to load tracker track trajectory
%MSG
%MSG-w RecoMuon:  L3MuonProducer:hltL3NoFiltersNoVtxMuonsOIHit  14-Jun-2021 15:45:17 CEST Run: 1 Event: 529
     Failed to load tracker track trajectory
%MSG
%MSG-w GlobalMuon:  L3MuonProducer:hltL3NoFiltersNoVtxMuonsOIHit  14-Jun-2021 15:45:17 CEST Run: 1 Event: 529
     Failed to load tracker track trajectory
%MSG
%MSG-w GlobalTrajectoryBuilderBase:   L3MuonProducer:hltL3NoFiltersNoVtxMuonsOIHit 14-Jun-2021 15:45:17 CEST  Run: 1 Event: 529
     Failed to load tracker track trajectory
%MSG
%MSG-w Muon:  L3MuonProducer:hltL3NoFiltersNoVtxMuonsOIHit  14-Jun-2021 15:45:17 CEST Run: 1 Event: 529
     Failed to load tracker track trajectory
%MSG
%MSG-w RecoMuon:  L3MuonProducer:hltL3NoFiltersNoVtxMuonsOIHit  14-Jun-2021 15:45:17 CEST Run: 1 Event: 529
     Failed to load tracker track trajectory
%MSG
%MSG-w GlobalMuon:  L3MuonProducer:hltL3NoFiltersNoVtxMuonsOIHit  14-Jun-2021 15:45:17 CEST Run: 1 Event: 529
     Failed to load tracker track trajectory
%MSG
%MSG-w GlobalTrajectoryBuilderBase:   L3MuonProducer:hltL3NoFiltersNoVtxMuonsOIHit 14-Jun-2021 15:45:17 CEST  Run: 1 Event: 529
     Failed to load tracker track trajectory
%MSG
Begin processing the 30th record. Run 1, Event 530, LumiSection 11 at 14-Jun-2021 15:45:17.887 CEST
%MSG-e TrajectoryNotPosDef:   TrackProducer:hltIter2PFlowCtfWithMaterialTracksForPhotons  14-Jun-2021 15:45:22 CEST Run: 1 Event: 530
Trajectory covariance is not positive-definite
%MSG
Begin processing the 31st record. Run 1, Event 531, LumiSection 11 at 14-Jun-2021 15:45:22.876 CEST
Begin processing the 32nd record. Run 1, Event 533, LumiSection 11 at 14-Jun-2021 15:45:28.077 CEST
Begin processing the 33rd record. Run 1, Event 535, LumiSection 11 at 14-Jun-2021 15:45:39.540 CEST
Begin processing the 34th record. Run 1, Event 532, LumiSection 11 at 14-Jun-2021 15:45:44.463 CEST
Begin processing the 35th record. Run 1, Event 538, LumiSection 11 at 14-Jun-2021 15:45:51.149 CEST
Begin processing the 36th record. Run 1, Event 534, LumiSection 11 at 14-Jun-2021 15:45:54.091 CEST
Begin processing the 37th record. Run 1, Event 536, LumiSection 11 at 14-Jun-2021 15:45:59.477 CEST
%MSG-w InvalidHelix:   SeedCreatorFromRegionConsecutiveHitsEDProducer:hltFullIter9TobTecSeedsTripl  14-Jun-2021 15:46:07 CEST Run: 1 Event: 536
PixelClusterShapeSeedComparitor helix is not valid, result is bad
%MSG
Begin processing the 38th record. Run 1, Event 537, LumiSection 11 at 14-Jun-2021 15:46:08.036 CEST
Begin processing the 39th record. Run 1, Event 540, LumiSection 11 at 14-Jun-2021 15:46:20.941 CEST
Begin processing the 40th record. Run 1, Event 543, LumiSection 11 at 14-Jun-2021 15:46:34.265 CEST
Begin processing the 41st record. Run 1, Event 542, LumiSection 11 at 14-Jun-2021 15:46:34.905 CEST
Begin processing the 42nd record. Run 1, Event 541, LumiSection 11 at 14-Jun-2021 15:46:44.848 CEST
%MSG-e FailedPropagation:  TrackProducer:hltFullIter8CtfWithMaterialTracks  14-Jun-2021 15:46:55 CEST Run: 1 Event: 541
 too many iterations trying to reach plane 
%MSG
Begin processing the 43rd record. Run 1, Event 544, LumiSection 11 at 14-Jun-2021 15:46:56.767 CEST
Begin processing the 44th record. Run 1, Event 547, LumiSection 11 at 14-Jun-2021 15:47:02.068 CEST
Begin processing the 45th record. Run 1, Event 539, LumiSection 11 at 14-Jun-2021 15:47:07.569 CEST
%MSG-w BasicTrajectoryState:  GsfTrackProducer:hltEgammaGsfTracks  14-Jun-2021 15:47:08 CEST Run: 1 Event: 539
curv error not pos-def
[   2.8164e+07    -64.7432-1.68328e+06    -1360.34     4099.13
      -64.7432 0.000537906     3.86944  0.00278891  -0.0053542
  -1.68328e+06     3.86944      100605     81.2758    -244.994
      -1360.34  0.00278891     81.2758  -0.0515596   -0.201767
       4099.13  -0.0053542    -244.994   -0.201767     0.63916 ]
pos/mom/mf  (2.29414,-6.54579,-4.51263)   (3.60453,-10.1836,-24.6887)   (-3.23405e-05,9.2276e-05,3.81117) 
%MSG
%MSG-w BasicTrajectoryState:  GsfTrackProducer:hltEgammaGsfTracks  14-Jun-2021 15:47:08 CEST Run: 1 Event: 539
local error not pos-def
[   2.8164e+07 1.68367e+06     49910.8     1360.57    -10186.4
   1.68367e+06      100652     2983.72     81.3083    -608.957
       49910.8     2983.72     88.4647     2.40821    -17.9888
       1360.57     81.3083     2.40821  -0.0515567   -0.504967
      -10186.4    -608.957    -17.9888   -0.504967     3.94842 ]
pos/mom/mf  (2.29414,-6.54579,-4.51263)   (3.60453,-10.1836,-24.6887)   (-3.23405e-05,9.2276e-05,3.81117) 
%MSG
%MSG-e PosteriorWeightsCalculator:  GsfTrackProducer:hltEgammaGsfTracks  14-Jun-2021 15:47:08 CEST Run: 1 Event: 539
PosteriorWeightsCalculator: sumWeight < DBL_MIN
%MSG
%MSG-e GsfMultiStateUpdator:  GsfTrackProducer:hltEgammaGsfTracks  14-Jun-2021 15:47:08 CEST Run: 1 Event: 539
 no weights could be retreived. invalid updated state !.
%MSG
%MSG-e InvalidState:  GsfTrackProducer:hltEgammaGsfTracks  14-Jun-2021 15:47:08 CEST Run: 1 Event: 539
inside hit
%MSG
Begin processing the 46th record. Run 1, Event 548, LumiSection 11 at 14-Jun-2021 15:47:15.756 CEST
Begin processing the 47th record. Run 1, Event 546, LumiSection 11 at 14-Jun-2021 15:47:19.758 CEST
Begin processing the 48th record. Run 1, Event 545, LumiSection 11 at 14-Jun-2021 15:47:20.250 CEST
%MSG-w InvalidHelix:   SeedCreatorFromRegionConsecutiveHitsEDProducer:hltFullIter9TobTecSeedsPair  14-Jun-2021 15:47:27 CEST Run: 1 Event: 545
PixelClusterShapeSeedComparitor helix is not valid, result is bad
%MSG
Begin processing the 49th record. Run 1, Event 550, LumiSection 11 at 14-Jun-2021 15:47:28.627 CEST
Begin processing the 50th record. Run 1, Event 549, LumiSection 11 at 14-Jun-2021 15:47:36.311 CEST
14-Jun-2021 15:47:40 CEST  Closed file file:/eos/cms/store/user/tsarkar/DIGIPremix_Condor_output_Vector_MonoZLL_NLO_Mphi-500_Mchi-150_gSM-0p25_gDM-1p0_ctau10p0/step_DIGIPremix_2017UL_3.root

=============================================

MessageLogger Summary

 type     category        sev    module        subroutine        count    total
 ---- -------------------- -- ---------------- ----------------  -----    -----
    1 BasicTrajectoryState -w GsfTrackProducer                       2        2
    2 BasicTrajectoryState -w TrackProducer:hl                       2        2
    3 GlobalMuon           -w L3MuonProducer:h                       4        4
    4 GlobalMuon           -w L3MuonProducer:h                       1        1
    5 GlobalTrajectoryBuil -w L3MuonProducer:h                       4        4
    6 GlobalTrajectoryBuil -w L3MuonProducer:h                       1        1
    7 InvalidHelix         -w SeedCreatorFromR                       1        1
    8 InvalidHelix         -w SeedCreatorFromR                       2        2
    9 InvalidHelix         -w SeedCreatorFromR                       2        2
   10 InvalidInputTag      -w CSCHaloDataProdu                       1        1
   11 Muon                 -w L3MuonProducer:h                       4        4
   12 Muon                 -w L3MuonProducer:h                       1        1
   13 RecoMuon             -w L3MuonProducer:h                       4        4
   14 RecoMuon             -w L3MuonProducer:h                       1        1
   15 TrackNaN             -w TrackProducer:hl                       1        1
   16 FailedPropagation    -e TrackProducer:hl                       1        1
   17 GsfMultiStateUpdator -e GsfTrackProducer                       1        1
   18 InvalidState         -e GsfTrackProducer                       1        1
   19 PosteriorWeightsCalc -e GsfTrackProducer                       1        1
   20 TrajectoryNotPosDef  -e TrackProducer:hl                       1        1
   21 TrajectoryNotPosDef  -e TrackProducer:hl                       1        1
   22 fileAction           -s file_close                             1        1
   23 fileAction           -s file_open                              2        2

 type    category    Examples: run/evt        run/evt          run/evt
 ---- -------------------- ---------------- ---------------- ----------------
    1 BasicTrajectoryState 1/539            1/539            
    2 BasicTrajectoryState 1/525            1/525            
    3 GlobalMuon           1/518            1/529            1/529
    4 GlobalMuon           1/528                             
    5 GlobalTrajectoryBuilderBase 1/518            1/529            1/529
    6 GlobalTrajectoryBuilderBase 1/528                             
    7 InvalidHelix         1/512                             
    8 InvalidHelix         1/512            1/545            
    9 InvalidHelix         1/506            1/536            
   10 InvalidInputTag      1/507                             
   11 Muon                 1/518            1/529            1/529
   12 Muon                 1/528                             
   13 RecoMuon             1/518            1/529            1/529
   14 RecoMuon             1/528                             
   15 TrackNaN             1/525                             
   16 FailedPropagation    1/541                             
   17 GsfMultiStateUpdator 1/539                             
   18 InvalidState         1/539                             
   19 PosteriorWeightsCalculator 1/539                             
   20 TrajectoryNotPosDef  1/522                             
   21 TrajectoryNotPosDef  1/530                             
   22 fileAction           PostGlobalEndRun                  
   23 fileAction           pre-events       pre-events       

Severity    # Occurrences   Total Occurrences
--------    -------------   -----------------
Warning                31                  31
Error                   6                   6
System                  3                   3

dropped waiting message count 0
