000 (7312090.000.000) 06/14 14:46:03 Job submitted from host: <137.138.44.75:9618?addrs=137.138.44.75-9618+[2001-1458-d00-1a--b]-9618&alias=bigbird14.cern.ch&noUDP&sock=schedd_3149486_02ef>
...
040 (7312090.000.000) 06/14 15:40:00 Started transferring input files
	Transferring to host: <188.184.213.125:9618?addrs=188.184.213.125-9618+[2001-1458-301-10c--100-1a7]-9618&alias=b7g24n0665.cern.ch&noUDP&sock=slot1_3_14217_e99b_97212>
...
040 (7312090.000.000) 06/14 15:40:00 Finished transferring input files
...
001 (7312090.000.000) 06/14 15:40:01 Job executing on host: <188.184.213.125:9618?addrs=188.184.213.125-9618+[2001-1458-301-10c--100-1a7]-9618&alias=b7g24n0665.cern.ch&noUDP&sock=startd_2071_1cba>
...
006 (7312090.000.000) 06/14 15:40:10 Image size of job updated: 251308
	21  -  MemoryUsage of job (MB)
	21464  -  ResidentSetSize of job (KB)
...
006 (7312090.000.000) 06/14 15:45:11 Image size of job updated: 2284992
	1205  -  MemoryUsage of job (MB)
	1233076  -  ResidentSetSize of job (KB)
...
006 (7312090.000.000) 06/14 15:48:17 Image size of job updated: 2446784
	1205  -  MemoryUsage of job (MB)
	1233076  -  ResidentSetSize of job (KB)
...
040 (7312090.000.000) 06/14 15:48:17 Started transferring output files
...
040 (7312090.000.000) 06/14 15:48:17 Finished transferring output files
...
005 (7312090.000.000) 06/14 15:48:18 Job terminated.
	(1) Normal termination (return value 0)
		Usr 0 00:06:42, Sys 0 00:00:10  -  Run Remote Usage
		Usr 0 00:00:00, Sys 0 00:00:00  -  Run Local Usage
		Usr 0 00:06:42, Sys 0 00:00:10  -  Total Remote Usage
		Usr 0 00:00:00, Sys 0 00:00:00  -  Total Local Usage
	16272  -  Run Bytes Sent By Job
	431  -  Run Bytes Received By Job
	16272  -  Total Bytes Sent By Job
	431  -  Total Bytes Received By Job
	Partitionable Resources :    Usage  Request Allocated 
	   Cpus                 :     0.19        1         1 
	   Disk (KB)            :    37           1    289841 
	   Memory (MB)          :  1205        2000      2000 

	Job terminated of its own accord at 2021-06-14T13:48:17Z.
...
