000 (7312082.000.000) 06/14 14:45:50 Job submitted from host: <137.138.44.75:9618?addrs=137.138.44.75-9618+[2001-1458-d00-1a--b]-9618&alias=bigbird14.cern.ch&noUDP&sock=schedd_3149486_02ef>
...
040 (7312082.000.000) 06/14 15:39:57 Started transferring input files
	Transferring to host: <188.184.211.196:9618?addrs=188.184.211.196-9618+[2001-1458-301-10b--100-7f]-9618&alias=b7g23n7581.cern.ch&noUDP&sock=slot1_3_11444_154a_92051>
...
040 (7312082.000.000) 06/14 15:39:57 Finished transferring input files
...
001 (7312082.000.000) 06/14 15:39:58 Job executing on host: <188.184.211.196:9618?addrs=188.184.211.196-9618+[2001-1458-301-10b--100-7f]-9618&alias=b7g23n7581.cern.ch&noUDP&sock=startd_17763_84de>
...
006 (7312082.000.000) 06/14 15:40:07 Image size of job updated: 239556
	14  -  MemoryUsage of job (MB)
	13568  -  ResidentSetSize of job (KB)
...
006 (7312082.000.000) 06/14 15:45:08 Image size of job updated: 2348464
	1190  -  MemoryUsage of job (MB)
	1217952  -  ResidentSetSize of job (KB)
...
006 (7312082.000.000) 06/14 15:46:58 Image size of job updated: 2373048
	1190  -  MemoryUsage of job (MB)
	1217952  -  ResidentSetSize of job (KB)
...
040 (7312082.000.000) 06/14 15:46:58 Started transferring output files
...
040 (7312082.000.000) 06/14 15:46:58 Finished transferring output files
...
005 (7312082.000.000) 06/14 15:46:58 Job terminated.
	(1) Normal termination (return value 0)
		Usr 0 00:05:37, Sys 0 00:00:11  -  Run Remote Usage
		Usr 0 00:00:00, Sys 0 00:00:00  -  Run Local Usage
		Usr 0 00:05:37, Sys 0 00:00:11  -  Total Remote Usage
		Usr 0 00:00:00, Sys 0 00:00:00  -  Total Local Usage
	15384  -  Run Bytes Sent By Job
	431  -  Run Bytes Received By Job
	15384  -  Total Bytes Sent By Job
	431  -  Total Bytes Received By Job
	Partitionable Resources :    Usage  Request Allocated 
	   Cpus                 :     0.93        1         1 
	   Disk (KB)            :    36           1    355360 
	   Memory (MB)          :  1190        2000      2000 

	Job terminated of its own accord at 2021-06-14T13:46:58Z.
...
