000 (7312101.000.000) 06/14 14:46:20 Job submitted from host: <137.138.44.75:9618?addrs=137.138.44.75-9618+[2001-1458-d00-1a--b]-9618&alias=bigbird14.cern.ch&noUDP&sock=schedd_3149486_02ef>
...
040 (7312101.000.000) 06/14 15:40:04 Started transferring input files
	Transferring to host: <188.184.212.204:9618?addrs=188.184.212.204-9618+[2001-1458-301-10c--100-d2]-9618&alias=b7g24n0422.cern.ch&noUDP&sock=slot1_1_3444_5c05_43717>
...
040 (7312101.000.000) 06/14 15:40:04 Finished transferring input files
...
001 (7312101.000.000) 06/14 15:40:05 Job executing on host: <188.184.212.204:9618?addrs=188.184.212.204-9618+[2001-1458-301-10c--100-d2]-9618&alias=b7g24n0422.cern.ch&noUDP&sock=startd_2887_d202>
...
006 (7312101.000.000) 06/14 15:40:14 Image size of job updated: 36076
	22  -  MemoryUsage of job (MB)
	22424  -  ResidentSetSize of job (KB)
...
006 (7312101.000.000) 06/14 15:45:15 Image size of job updated: 2290612
	1193  -  MemoryUsage of job (MB)
	1221492  -  ResidentSetSize of job (KB)
...
006 (7312101.000.000) 06/14 15:47:47 Image size of job updated: 2380732
	1193  -  MemoryUsage of job (MB)
	1221492  -  ResidentSetSize of job (KB)
...
040 (7312101.000.000) 06/14 15:47:48 Started transferring output files
...
040 (7312101.000.000) 06/14 15:47:48 Finished transferring output files
...
005 (7312101.000.000) 06/14 15:47:48 Job terminated.
	(1) Normal termination (return value 0)
		Usr 0 00:06:31, Sys 0 00:00:08  -  Run Remote Usage
		Usr 0 00:00:00, Sys 0 00:00:00  -  Run Local Usage
		Usr 0 00:06:31, Sys 0 00:00:08  -  Total Remote Usage
		Usr 0 00:00:00, Sys 0 00:00:00  -  Total Local Usage
	13649  -  Run Bytes Sent By Job
	432  -  Run Bytes Received By Job
	13649  -  Total Bytes Sent By Job
	432  -  Total Bytes Received By Job
	Partitionable Resources :    Usage  Request Allocated 
	   Cpus                 :                 1         1 
	   Disk (KB)            :       27        1    271663 
	   Memory (MB)          :     1193     2000      2000 

	Job terminated of its own accord at 2021-06-14T13:47:47Z.
...
