14-Jun-2021 15:40:43 CEST  Initiating request to open file file:/eos/cms/store/user/tsarkar/DIGIPremix_Condor_output_Vector_MonoZLL_NLO_Mphi-500_Mchi-150_gSM-0p25_gDM-1p0_ctau10p0/step_DIGIPremix_2017UL_1.root
14-Jun-2021 15:40:47 CEST  Successfully opened file file:/eos/cms/store/user/tsarkar/DIGIPremix_Condor_output_Vector_MonoZLL_NLO_Mphi-500_Mchi-150_gSM-0p25_gDM-1p0_ctau10p0/step_DIGIPremix_2017UL_1.root
Begin processing the 1st record. Run 1, Event 2, LumiSection 1 at 14-Jun-2021 15:42:41.862 CEST
Begin processing the 2nd record. Run 1, Event 4, LumiSection 1 at 14-Jun-2021 15:42:55.518 CEST
%MSG-w BasicTrajectoryState:   TrackProducer:hltIter2PFlowCtfWithMaterialTracksForPhotons  14-Jun-2021 15:42:55 CEST Run: 1 Event: 4
curv error not pos-def
[  4.41534e+06     45.4355     -265548    -203.385   -0.616356
       45.4355 0.000591562     -2.7325 -0.00136603  0.00129654
       -265548     -2.7325     15970.6     12.2229   0.0380026
      -203.385 -0.00136603     12.2229  -0.0658124  0.00772896
     -0.616356  0.00129654   0.0380026  0.00772896   0.0137094 ]
pos/mom/mf  (-9.26307,-6.04052,-9.10524)   (-37.2512,-24.5602,-35.4812)   (0.000224346,0.000146298,3.81108) 
%MSG
%MSG-w BasicTrajectoryState:   TrackProducer:hltIter2PFlowCtfWithMaterialTracksForPhotons  14-Jun-2021 15:42:55 CEST Run: 1 Event: 4
local error not pos-def
[  4.41534e+06      266441     12139.7     203.724     10.1265
        266441     16078.2     732.562     12.2844    0.611854
       12139.7     732.562     33.3776    0.560896   0.0306543
       203.724     12.2844    0.560896  -0.0660317  0.00686501
       10.1265    0.611854   0.0306543  0.00686501   0.0231477 ]
pos/mom/mf  (-9.26307,-6.04052,-9.10524)   (-37.2512,-24.5602,-35.4812)   (0.000224346,0.000146298,3.81108) 
%MSG
Begin processing the 3rd record. Run 1, Event 1, LumiSection 1 at 14-Jun-2021 15:43:02.144 CEST
%MSG-w InvalidInputTag:  CSCHaloDataProducer:hltCSCHaloData  14-Jun-2021 15:43:07 CEST Run: 1 Event: 1
 The Cosmic Muon collection does not appear to be in the event. These beam halo  identification variables will be empty
%MSG
Begin processing the 4th record. Run 1, Event 5, LumiSection 1 at 14-Jun-2021 15:43:07.883 CEST
Begin processing the 5th record. Run 1, Event 3, LumiSection 1 at 14-Jun-2021 15:43:09.188 CEST
Begin processing the 6th record. Run 1, Event 8, LumiSection 1 at 14-Jun-2021 15:43:16.038 CEST
Begin processing the 7th record. Run 1, Event 9, LumiSection 1 at 14-Jun-2021 15:43:18.468 CEST
Begin processing the 8th record. Run 1, Event 10, LumiSection 1 at 14-Jun-2021 15:43:23.416 CEST
Begin processing the 9th record. Run 1, Event 6, LumiSection 1 at 14-Jun-2021 15:43:24.254 CEST
Begin processing the 10th record. Run 1, Event 7, LumiSection 1 at 14-Jun-2021 15:43:29.377 CEST
Begin processing the 11th record. Run 1, Event 11, LumiSection 1 at 14-Jun-2021 15:43:37.907 CEST
Begin processing the 12th record. Run 1, Event 14, LumiSection 1 at 14-Jun-2021 15:43:41.237 CEST
Begin processing the 13th record. Run 1, Event 12, LumiSection 1 at 14-Jun-2021 15:43:48.427 CEST
Begin processing the 14th record. Run 1, Event 16, LumiSection 1 at 14-Jun-2021 15:43:55.012 CEST
Begin processing the 15th record. Run 1, Event 15, LumiSection 1 at 14-Jun-2021 15:43:55.969 CEST
Begin processing the 16th record. Run 1, Event 13, LumiSection 1 at 14-Jun-2021 15:43:59.280 CEST
Begin processing the 17th record. Run 1, Event 18, LumiSection 1 at 14-Jun-2021 15:44:01.377 CEST
Begin processing the 18th record. Run 1, Event 20, LumiSection 1 at 14-Jun-2021 15:44:02.776 CEST
Begin processing the 19th record. Run 1, Event 17, LumiSection 1 at 14-Jun-2021 15:44:08.900 CEST
Begin processing the 20th record. Run 1, Event 19, LumiSection 1 at 14-Jun-2021 15:44:11.945 CEST
Begin processing the 21st record. Run 1, Event 22, LumiSection 1 at 14-Jun-2021 15:44:18.768 CEST
Begin processing the 22nd record. Run 1, Event 24, LumiSection 1 at 14-Jun-2021 15:44:21.276 CEST
Begin processing the 23rd record. Run 1, Event 23, LumiSection 1 at 14-Jun-2021 15:44:26.147 CEST
Begin processing the 24th record. Run 1, Event 21, LumiSection 1 at 14-Jun-2021 15:44:28.617 CEST
Begin processing the 25th record. Run 1, Event 25, LumiSection 1 at 14-Jun-2021 15:44:32.347 CEST
%MSG-w InvalidHelix:   SeedCreatorFromRegionConsecutiveHitsEDProducer:hltFullIter6PixelSeedsA  14-Jun-2021 15:44:45 CEST Run: 1 Event: 25
PixelClusterShapeSeedComparitor helix is not valid, result is bad
%MSG
%MSG-w InvalidHelix:   SeedCreatorFromRegionConsecutiveHitsEDProducer:hltFullIter6PixelSeedsB  14-Jun-2021 15:44:45 CEST Run: 1 Event: 25
PixelClusterShapeSeedComparitor helix is not valid, result is bad
%MSG
%MSG-w InvalidHelix:   SeedCreatorFromRegionConsecutiveHitsEDProducer:hltIter2HighPtTkMuPixelSeeds  14-Jun-2021 15:44:51 CEST Run: 1 Event: 25
PixelClusterShapeSeedComparitor helix is not valid, result is bad
%MSG
Begin processing the 26th record. Run 1, Event 27, LumiSection 1 at 14-Jun-2021 15:44:51.738 CEST
Begin processing the 27th record. Run 1, Event 26, LumiSection 1 at 14-Jun-2021 15:44:57.709 CEST
Begin processing the 28th record. Run 1, Event 29, LumiSection 1 at 14-Jun-2021 15:45:03.341 CEST
Begin processing the 29th record. Run 1, Event 30, LumiSection 1 at 14-Jun-2021 15:45:06.630 CEST
Begin processing the 30th record. Run 1, Event 28, LumiSection 1 at 14-Jun-2021 15:45:07.930 CEST
Begin processing the 31st record. Run 1, Event 33, LumiSection 1 at 14-Jun-2021 15:45:16.573 CEST
Begin processing the 32nd record. Run 1, Event 32, LumiSection 1 at 14-Jun-2021 15:45:17.595 CEST
Begin processing the 33rd record. Run 1, Event 34, LumiSection 1 at 14-Jun-2021 15:45:18.562 CEST
Begin processing the 34th record. Run 1, Event 31, LumiSection 1 at 14-Jun-2021 15:45:30.709 CEST
Begin processing the 35th record. Run 1, Event 37, LumiSection 1 at 14-Jun-2021 15:45:37.617 CEST
Begin processing the 36th record. Run 1, Event 35, LumiSection 1 at 14-Jun-2021 15:45:39.337 CEST
Begin processing the 37th record. Run 1, Event 38, LumiSection 1 at 14-Jun-2021 15:45:45.205 CEST
%MSG-e TrajectoryNotPosDef:   TrackProducer:hltIter2ElectronsCtfWithMaterialTracks 14-Jun-2021 15:45:46 CEST  Run: 1 Event: 38
Trajectory covariance is not positive-definite
%MSG
%MSG-e TrajectoryNotPosDef:   TrackProducer:hltIter2ElectronsCtfWithMaterialTracks 14-Jun-2021 15:45:46 CEST  Run: 1 Event: 38
Trajectory covariance is not positive-definite
%MSG
Begin processing the 38th record. Run 1, Event 39, LumiSection 1 at 14-Jun-2021 15:45:49.666 CEST
Begin processing the 39th record. Run 1, Event 40, LumiSection 1 at 14-Jun-2021 15:46:01.363 CEST
Begin processing the 40th record. Run 1, Event 36, LumiSection 1 at 14-Jun-2021 15:46:08.249 CEST
Begin processing the 41st record. Run 1, Event 42, LumiSection 1 at 14-Jun-2021 15:46:13.339 CEST
Begin processing the 42nd record. Run 1, Event 43, LumiSection 1 at 14-Jun-2021 15:46:19.881 CEST
Begin processing the 43rd record. Run 1, Event 41, LumiSection 1 at 14-Jun-2021 15:46:20.853 CEST
Begin processing the 44th record. Run 1, Event 45, LumiSection 1 at 14-Jun-2021 15:46:25.963 CEST
Begin processing the 45th record. Run 1, Event 47, LumiSection 1 at 14-Jun-2021 15:46:29.759 CEST
Begin processing the 46th record. Run 1, Event 46, LumiSection 1 at 14-Jun-2021 15:46:34.190 CEST
Begin processing the 47th record. Run 1, Event 50, LumiSection 1 at 14-Jun-2021 15:46:35.490 CEST
Begin processing the 48th record. Run 1, Event 44, LumiSection 1 at 14-Jun-2021 15:46:36.145 CEST
Begin processing the 49th record. Run 1, Event 48, LumiSection 1 at 14-Jun-2021 15:46:43.222 CEST
Begin processing the 50th record. Run 1, Event 49, LumiSection 1 at 14-Jun-2021 15:46:46.249 CEST
14-Jun-2021 15:46:51 CEST  Closed file file:/eos/cms/store/user/tsarkar/DIGIPremix_Condor_output_Vector_MonoZLL_NLO_Mphi-500_Mchi-150_gSM-0p25_gDM-1p0_ctau10p0/step_DIGIPremix_2017UL_1.root

=============================================

MessageLogger Summary

 type     category        sev    module        subroutine        count    total
 ---- -------------------- -- ---------------- ----------------  -----    -----
    1 BasicTrajectoryState -w TrackProducer:hl                       2        2
    2 InvalidHelix         -w SeedCreatorFromR                       1        1
    3 InvalidHelix         -w SeedCreatorFromR                       1        1
    4 InvalidHelix         -w SeedCreatorFromR                       1        1
    5 InvalidInputTag      -w CSCHaloDataProdu                       1        1
    6 TrajectoryNotPosDef  -e TrackProducer:hl                       2        2
    7 fileAction           -s file_close                             1        1
    8 fileAction           -s file_open                              2        2

 type    category    Examples: run/evt        run/evt          run/evt
 ---- -------------------- ---------------- ---------------- ----------------
    1 BasicTrajectoryState 1/4              1/4              
    2 InvalidHelix         1/25                              
    3 InvalidHelix         1/25                              
    4 InvalidHelix         1/25                              
    5 InvalidInputTag      1/1                               
    6 TrajectoryNotPosDef  1/38             1/38             
    7 fileAction           PostGlobalEndRun                  
    8 fileAction           pre-events       pre-events       

Severity    # Occurrences   Total Occurrences
--------    -------------   -----------------
Warning                 6                   6
Error                   2                   2
System                  3                   3

dropped waiting message count 0
