000 (7312089.000.000) 06/14 14:46:02 Job submitted from host: <137.138.44.75:9618?addrs=137.138.44.75-9618+[2001-1458-d00-1a--b]-9618&alias=bigbird14.cern.ch&noUDP&sock=schedd_3149486_02ef>
...
040 (7312089.000.000) 06/14 15:40:00 Started transferring input files
	Transferring to host: <188.184.210.73:9618?addrs=188.184.210.73-9618+[2001-1458-301-10b--100-346]-9618&alias=b7g23n6780.cern.ch&noUDP&sock=slot1_5_19691_d73a_91351>
...
040 (7312089.000.000) 06/14 15:40:00 Finished transferring input files
...
001 (7312089.000.000) 06/14 15:40:01 Job executing on host: <188.184.210.73:9618?addrs=188.184.210.73-9618+[2001-1458-301-10b--100-346]-9618&alias=b7g23n6780.cern.ch&noUDP&sock=startd_18232_36c8>
...
006 (7312089.000.000) 06/14 15:40:11 Image size of job updated: 143284
	48  -  MemoryUsage of job (MB)
	48552  -  ResidentSetSize of job (KB)
...
006 (7312089.000.000) 06/14 15:45:11 Image size of job updated: 2281396
	1232  -  MemoryUsage of job (MB)
	1260736  -  ResidentSetSize of job (KB)
...
006 (7312089.000.000) 06/14 15:47:55 Image size of job updated: 2367412
	1232  -  MemoryUsage of job (MB)
	1260736  -  ResidentSetSize of job (KB)
...
040 (7312089.000.000) 06/14 15:47:55 Started transferring output files
...
040 (7312089.000.000) 06/14 15:47:55 Finished transferring output files
...
005 (7312089.000.000) 06/14 15:47:55 Job terminated.
	(1) Normal termination (return value 0)
		Usr 0 00:06:58, Sys 0 00:00:12  -  Run Remote Usage
		Usr 0 00:00:00, Sys 0 00:00:00  -  Run Local Usage
		Usr 0 00:06:58, Sys 0 00:00:12  -  Total Remote Usage
		Usr 0 00:00:00, Sys 0 00:00:00  -  Total Local Usage
	22502  -  Run Bytes Sent By Job
	431  -  Run Bytes Received By Job
	22502  -  Total Bytes Sent By Job
	431  -  Total Bytes Received By Job
	Partitionable Resources :    Usage  Request Allocated 
	   Cpus                 :                 1         1 
	   Disk (KB)            :       36        1    352550 
	   Memory (MB)          :     1232     2000      2000 

	Job terminated of its own accord at 2021-06-14T13:47:55Z.
...
