14-Jun-2021 15:40:45 CEST  Initiating request to open file file:/eos/cms/store/user/tsarkar/DIGIPremix_Condor_output_Vector_MonoZLL_NLO_Mphi-500_Mchi-150_gSM-0p25_gDM-1p0_ctau10p0/step_DIGIPremix_2017UL_8.root
14-Jun-2021 15:40:52 CEST  Successfully opened file file:/eos/cms/store/user/tsarkar/DIGIPremix_Condor_output_Vector_MonoZLL_NLO_Mphi-500_Mchi-150_gSM-0p25_gDM-1p0_ctau10p0/step_DIGIPremix_2017UL_8.root
Begin processing the 1st record. Run 1, Event 751, LumiSection 16 at 14-Jun-2021 15:43:06.044 CEST
Begin processing the 2nd record. Run 1, Event 754, LumiSection 16 at 14-Jun-2021 15:43:15.387 CEST
Begin processing the 3rd record. Run 1, Event 753, LumiSection 16 at 14-Jun-2021 15:43:20.270 CEST
%MSG-w InvalidHelix:   SeedCreatorFromRegionConsecutiveHitsTripletOnlyEDProducer:hltFullIter8PixelLessSeeds  14-Jun-2021 15:43:32 CEST Run: 1 Event: 753
PixelClusterShapeSeedComparitor helix is not valid, result is bad
%MSG
Begin processing the 4th record. Run 1, Event 752, LumiSection 16 at 14-Jun-2021 15:43:36.738 CEST
Begin processing the 5th record. Run 1, Event 755, LumiSection 16 at 14-Jun-2021 15:43:40.868 CEST
Begin processing the 6th record. Run 1, Event 756, LumiSection 16 at 14-Jun-2021 15:43:43.208 CEST
Begin processing the 7th record. Run 1, Event 759, LumiSection 16 at 14-Jun-2021 15:43:45.981 CEST
Begin processing the 8th record. Run 1, Event 760, LumiSection 16 at 14-Jun-2021 15:43:55.248 CEST
Begin processing the 9th record. Run 1, Event 761, LumiSection 16 at 14-Jun-2021 15:44:03.017 CEST
Begin processing the 10th record. Run 1, Event 758, LumiSection 16 at 14-Jun-2021 15:44:11.254 CEST
Begin processing the 11th record. Run 1, Event 757, LumiSection 16 at 14-Jun-2021 15:44:15.680 CEST
%MSG-w Muon:  L3MuonProducer:hltL3NoFiltersNoVtxMuonsOIHit  14-Jun-2021 15:44:17 CEST Run: 1 Event: 757
     Failed to load tracker track trajectory
%MSG
%MSG-w RecoMuon:  L3MuonProducer:hltL3NoFiltersNoVtxMuonsOIHit  14-Jun-2021 15:44:17 CEST Run: 1 Event: 757
     Failed to load tracker track trajectory
%MSG
%MSG-w GlobalMuon:  L3MuonProducer:hltL3NoFiltersNoVtxMuonsOIHit  14-Jun-2021 15:44:17 CEST Run: 1 Event: 757
     Failed to load tracker track trajectory
%MSG
%MSG-w GlobalTrajectoryBuilderBase:   L3MuonProducer:hltL3NoFiltersNoVtxMuonsOIHit 14-Jun-2021 15:44:17 CEST  Run: 1 Event: 757
     Failed to load tracker track trajectory
%MSG
%MSG-w Muon:  L3MuonProducer:hltL3NoFiltersNoVtxMuonsOIHit  14-Jun-2021 15:44:17 CEST Run: 1 Event: 757
     Failed to load tracker track trajectory
%MSG
%MSG-w RecoMuon:  L3MuonProducer:hltL3NoFiltersNoVtxMuonsOIHit  14-Jun-2021 15:44:17 CEST Run: 1 Event: 757
     Failed to load tracker track trajectory
%MSG
%MSG-w GlobalMuon:  L3MuonProducer:hltL3NoFiltersNoVtxMuonsOIHit  14-Jun-2021 15:44:17 CEST Run: 1 Event: 757
     Failed to load tracker track trajectory
%MSG
%MSG-w GlobalTrajectoryBuilderBase:   L3MuonProducer:hltL3NoFiltersNoVtxMuonsOIHit 14-Jun-2021 15:44:17 CEST  Run: 1 Event: 757
     Failed to load tracker track trajectory
%MSG
%MSG-w InvalidInputTag:  CSCHaloDataProducer:hltCSCHaloData  14-Jun-2021 15:44:24 CEST Run: 1 Event: 757
 The Cosmic Muon collection does not appear to be in the event. These beam halo  identification variables will be empty
%MSG
Begin processing the 12th record. Run 1, Event 762, LumiSection 16 at 14-Jun-2021 15:44:24.528 CEST
Begin processing the 13th record. Run 1, Event 763, LumiSection 16 at 14-Jun-2021 15:44:32.832 CEST
Begin processing the 14th record. Run 1, Event 764, LumiSection 16 at 14-Jun-2021 15:44:34.564 CEST
Begin processing the 15th record. Run 1, Event 765, LumiSection 16 at 14-Jun-2021 15:44:44.017 CEST
Begin processing the 16th record. Run 1, Event 766, LumiSection 16 at 14-Jun-2021 15:44:54.394 CEST
Begin processing the 17th record. Run 1, Event 767, LumiSection 16 at 14-Jun-2021 15:44:56.238 CEST
Begin processing the 18th record. Run 1, Event 768, LumiSection 16 at 14-Jun-2021 15:45:00.098 CEST
Begin processing the 19th record. Run 1, Event 769, LumiSection 16 at 14-Jun-2021 15:45:04.004 CEST
Begin processing the 20th record. Run 1, Event 771, LumiSection 16 at 14-Jun-2021 15:45:07.353 CEST
Begin processing the 21st record. Run 1, Event 770, LumiSection 16 at 14-Jun-2021 15:45:11.734 CEST
Begin processing the 22nd record. Run 1, Event 772, LumiSection 16 at 14-Jun-2021 15:45:15.704 CEST
Begin processing the 23rd record. Run 1, Event 774, LumiSection 16 at 14-Jun-2021 15:45:23.495 CEST
%MSG-w InvalidHelix:   SeedCreatorFromRegionConsecutiveHitsEDProducer:hltFullIter9TobTecSeedsTripl  14-Jun-2021 15:45:32 CEST Run: 1 Event: 774
PixelClusterShapeSeedComparitor helix is not valid, result is bad
%MSG
Begin processing the 24th record. Run 1, Event 775, LumiSection 16 at 14-Jun-2021 15:45:33.257 CEST
%MSG-w InvalidHelix:   SeedCreatorFromRegionConsecutiveHitsEDProducer:hltFullIter9TobTecSeedsTripl  14-Jun-2021 15:45:40 CEST Run: 1 Event: 775
PixelClusterShapeSeedComparitor helix is not valid, result is bad
%MSG
%MSG-w InvalidHelix:   SeedCreatorFromRegionConsecutiveHitsEDProducer:hltFullIter9TobTecSeedsTripl  14-Jun-2021 15:45:40 CEST Run: 1 Event: 775
PixelClusterShapeSeedComparitor helix is not valid, result is bad
%MSG
Begin processing the 25th record. Run 1, Event 773, LumiSection 16 at 14-Jun-2021 15:45:41.962 CEST
Begin processing the 26th record. Run 1, Event 776, LumiSection 16 at 14-Jun-2021 15:45:47.154 CEST
Begin processing the 27th record. Run 1, Event 777, LumiSection 16 at 14-Jun-2021 15:45:54.990 CEST
Begin processing the 28th record. Run 1, Event 778, LumiSection 16 at 14-Jun-2021 15:45:56.244 CEST
%MSG-w Muon:  L3MuonProducer:hltL3NoFiltersNoVtxMuonsOIState  14-Jun-2021 15:46:00 CEST Run: 1 Event: 778
     Failed to load tracker track trajectory
%MSG
%MSG-w RecoMuon:  L3MuonProducer:hltL3NoFiltersNoVtxMuonsOIState  14-Jun-2021 15:46:00 CEST Run: 1 Event: 778
     Failed to load tracker track trajectory
%MSG
%MSG-w GlobalMuon:  L3MuonProducer:hltL3NoFiltersNoVtxMuonsOIState  14-Jun-2021 15:46:00 CEST Run: 1 Event: 778
     Failed to load tracker track trajectory
%MSG
%MSG-w GlobalTrajectoryBuilderBase:   L3MuonProducer:hltL3NoFiltersNoVtxMuonsOIState 14-Jun-2021 15:46:00 CEST  Run: 1 Event: 778
     Failed to load tracker track trajectory
%MSG
Begin processing the 29th record. Run 1, Event 779, LumiSection 16 at 14-Jun-2021 15:46:01.230 CEST
Begin processing the 30th record. Run 1, Event 780, LumiSection 16 at 14-Jun-2021 15:46:02.939 CEST
Begin processing the 31st record. Run 1, Event 781, LumiSection 16 at 14-Jun-2021 15:46:19.484 CEST
Begin processing the 32nd record. Run 1, Event 783, LumiSection 16 at 14-Jun-2021 15:46:23.612 CEST
Begin processing the 33rd record. Run 1, Event 782, LumiSection 16 at 14-Jun-2021 15:46:29.342 CEST
Begin processing the 34th record. Run 1, Event 784, LumiSection 16 at 14-Jun-2021 15:46:37.472 CEST
Begin processing the 35th record. Run 1, Event 786, LumiSection 16 at 14-Jun-2021 15:46:44.202 CEST
%MSG-w InvalidHelix:   SeedCreatorFromRegionConsecutiveHitsEDProducer:hltFullIter6PixelSeedsA  14-Jun-2021 15:46:46 CEST Run: 1 Event: 786
PixelClusterShapeSeedComparitor helix is not valid, result is bad
%MSG
Begin processing the 36th record. Run 1, Event 789, LumiSection 16 at 14-Jun-2021 15:46:47.724 CEST
Begin processing the 37th record. Run 1, Event 787, LumiSection 16 at 14-Jun-2021 15:46:54.537 CEST
Begin processing the 38th record. Run 1, Event 785, LumiSection 16 at 14-Jun-2021 15:46:56.130 CEST
Begin processing the 39th record. Run 1, Event 788, LumiSection 16 at 14-Jun-2021 15:47:02.028 CEST
Begin processing the 40th record. Run 1, Event 791, LumiSection 16 at 14-Jun-2021 15:47:07.838 CEST
%MSG-w Muon:  L3MuonProducer:hltL3NoFiltersNoVtxMuonsOIState  14-Jun-2021 15:47:08 CEST Run: 1 Event: 791
     Failed to load tracker track trajectory
%MSG
%MSG-w RecoMuon:  L3MuonProducer:hltL3NoFiltersNoVtxMuonsOIState  14-Jun-2021 15:47:08 CEST Run: 1 Event: 791
     Failed to load tracker track trajectory
%MSG
%MSG-w GlobalMuon:  L3MuonProducer:hltL3NoFiltersNoVtxMuonsOIState  14-Jun-2021 15:47:08 CEST Run: 1 Event: 791
     Failed to load tracker track trajectory
%MSG
%MSG-w GlobalTrajectoryBuilderBase:   L3MuonProducer:hltL3NoFiltersNoVtxMuonsOIState 14-Jun-2021 15:47:08 CEST  Run: 1 Event: 791
     Failed to load tracker track trajectory
%MSG
Begin processing the 41st record. Run 1, Event 793, LumiSection 16 at 14-Jun-2021 15:47:08.840 CEST
Begin processing the 42nd record. Run 1, Event 792, LumiSection 16 at 14-Jun-2021 15:47:14.230 CEST
Begin processing the 43rd record. Run 1, Event 790, LumiSection 16 at 14-Jun-2021 15:47:18.555 CEST
Begin processing the 44th record. Run 1, Event 794, LumiSection 16 at 14-Jun-2021 15:47:23.678 CEST
Begin processing the 45th record. Run 1, Event 795, LumiSection 16 at 14-Jun-2021 15:47:41.450 CEST
Begin processing the 46th record. Run 1, Event 796, LumiSection 16 at 14-Jun-2021 15:47:51.328 CEST
Begin processing the 47th record. Run 1, Event 798, LumiSection 16 at 14-Jun-2021 15:48:00.128 CEST
Begin processing the 48th record. Run 1, Event 799, LumiSection 16 at 14-Jun-2021 15:48:05.922 CEST
Begin processing the 49th record. Run 1, Event 797, LumiSection 16 at 14-Jun-2021 15:48:16.746 CEST
Begin processing the 50th record. Run 1, Event 800, LumiSection 16 at 14-Jun-2021 15:48:23.393 CEST
14-Jun-2021 15:48:28 CEST  Closed file file:/eos/cms/store/user/tsarkar/DIGIPremix_Condor_output_Vector_MonoZLL_NLO_Mphi-500_Mchi-150_gSM-0p25_gDM-1p0_ctau10p0/step_DIGIPremix_2017UL_8.root

=============================================

MessageLogger Summary

 type     category        sev    module        subroutine        count    total
 ---- -------------------- -- ---------------- ----------------  -----    -----
    1 GlobalMuon           -w L3MuonProducer:h                       2        2
    2 GlobalMuon           -w L3MuonProducer:h                       2        2
    3 GlobalTrajectoryBuil -w L3MuonProducer:h                       2        2
    4 GlobalTrajectoryBuil -w L3MuonProducer:h                       2        2
    5 InvalidHelix         -w SeedCreatorFromR                       1        1
    6 InvalidHelix         -w SeedCreatorFromR                       3        3
    7 InvalidHelix         -w SeedCreatorFromR                       1        1
    8 InvalidInputTag      -w CSCHaloDataProdu                       1        1
    9 Muon                 -w L3MuonProducer:h                       2        2
   10 Muon                 -w L3MuonProducer:h                       2        2
   11 RecoMuon             -w L3MuonProducer:h                       2        2
   12 RecoMuon             -w L3MuonProducer:h                       2        2
   13 fileAction           -s file_close                             1        1
   14 fileAction           -s file_open                              2        2

 type    category    Examples: run/evt        run/evt          run/evt
 ---- -------------------- ---------------- ---------------- ----------------
    1 GlobalMuon           1/757            1/757            
    2 GlobalMuon           1/778            1/791            
    3 GlobalTrajectoryBuilderBase 1/757            1/757            
    4 GlobalTrajectoryBuilderBase 1/778            1/791            
    5 InvalidHelix         1/786                             
    6 InvalidHelix         1/774            1/775            1/775
    7 InvalidHelix         1/753                             
    8 InvalidInputTag      1/757                             
    9 Muon                 1/757            1/757            
   10 Muon                 1/778            1/791            
   11 RecoMuon             1/757            1/757            
   12 RecoMuon             1/778            1/791            
   13 fileAction           PostGlobalEndRun                  
   14 fileAction           pre-events       pre-events       

Severity    # Occurrences   Total Occurrences
--------    -------------   -----------------
Warning                22                  22
System                  3                   3

dropped waiting message count 0
