000 (7312094.000.000) 06/14 14:46:08 Job submitted from host: <137.138.44.75:9618?addrs=137.138.44.75-9618+[2001-1458-d00-1a--b]-9618&alias=bigbird14.cern.ch&noUDP&sock=schedd_3149486_02ef>
...
040 (7312094.000.000) 06/14 15:40:17 Started transferring input files
	Transferring to host: <188.184.190.147:9618?addrs=188.184.190.147-9618+[2001-1458-301-4b--100-a2]-9618&alias=b7g42n0368.cern.ch&noUDP&sock=slot1_6_17740_2f4a_94726>
...
040 (7312094.000.000) 06/14 15:40:17 Finished transferring input files
...
001 (7312094.000.000) 06/14 15:40:18 Job executing on host: <188.184.190.147:9618?addrs=188.184.190.147-9618+[2001-1458-301-4b--100-a2]-9618&alias=b7g42n0368.cern.ch&noUDP&sock=startd_5699_9e52>
...
006 (7312094.000.000) 06/14 15:40:28 Image size of job updated: 253872
	35  -  MemoryUsage of job (MB)
	35832  -  ResidentSetSize of job (KB)
...
006 (7312094.000.000) 06/14 15:45:28 Image size of job updated: 2365872
	1195  -  MemoryUsage of job (MB)
	1222728  -  ResidentSetSize of job (KB)
...
006 (7312094.000.000) 06/14 15:47:00 Image size of job updated: 2419128
	1195  -  MemoryUsage of job (MB)
	1222728  -  ResidentSetSize of job (KB)
...
040 (7312094.000.000) 06/14 15:47:00 Started transferring output files
...
040 (7312094.000.000) 06/14 15:47:00 Finished transferring output files
...
005 (7312094.000.000) 06/14 15:47:00 Job terminated.
	(1) Normal termination (return value 0)
		Usr 0 00:05:41, Sys 0 00:00:08  -  Run Remote Usage
		Usr 0 00:00:00, Sys 0 00:00:00  -  Run Local Usage
		Usr 0 00:05:41, Sys 0 00:00:08  -  Total Remote Usage
		Usr 0 00:00:00, Sys 0 00:00:00  -  Total Local Usage
	16438  -  Run Bytes Sent By Job
	432  -  Run Bytes Received By Job
	16438  -  Total Bytes Sent By Job
	432  -  Total Bytes Received By Job
	Partitionable Resources :    Usage  Request Allocated 
	   Cpus                 :                 1         1 
	   Disk (KB)            :       30        1    262857 
	   Memory (MB)          :     1195     2000      2000 

	Job terminated of its own accord at 2021-06-14T13:47:00Z.
...
