14-Jun-2021 15:46:41 CEST  Initiating request to open file file:/eos/cms/store/user/tsarkar/DIGIPremix_Condor_output_Vector_MonoZLL_NLO_Mphi-500_Mchi-150_gSM-0p25_gDM-1p0_ctau10p0/step_DIGIPremix_2017UL_18.root
14-Jun-2021 15:46:44 CEST  Successfully opened file file:/eos/cms/store/user/tsarkar/DIGIPremix_Condor_output_Vector_MonoZLL_NLO_Mphi-500_Mchi-150_gSM-0p25_gDM-1p0_ctau10p0/step_DIGIPremix_2017UL_18.root
Begin processing the 1st record. Run 1, Event 303, LumiSection 7 at 14-Jun-2021 15:48:35.141 CEST
Begin processing the 2nd record. Run 1, Event 301, LumiSection 7 at 14-Jun-2021 15:48:47.065 CEST
Begin processing the 3rd record. Run 1, Event 302, LumiSection 7 at 14-Jun-2021 15:48:58.474 CEST
%MSG-w InvalidInputTag:  CSCHaloDataProducer:hltCSCHaloData  14-Jun-2021 15:49:07 CEST Run: 1 Event: 302
 The Cosmic Muon collection does not appear to be in the event. These beam halo  identification variables will be empty
%MSG
Begin processing the 4th record. Run 1, Event 304, LumiSection 7 at 14-Jun-2021 15:49:07.516 CEST
Begin processing the 5th record. Run 1, Event 307, LumiSection 7 at 14-Jun-2021 15:49:10.874 CEST
Begin processing the 6th record. Run 1, Event 306, LumiSection 7 at 14-Jun-2021 15:49:12.230 CEST
Begin processing the 7th record. Run 1, Event 305, LumiSection 7 at 14-Jun-2021 15:49:13.324 CEST
Begin processing the 8th record. Run 1, Event 309, LumiSection 7 at 14-Jun-2021 15:49:18.433 CEST
%MSG-w InvalidHelix:   SeedCreatorFromRegionConsecutiveHitsTripletOnlyEDProducer:hltFullIter8PixelLessSeeds  14-Jun-2021 15:49:24 CEST Run: 1 Event: 309
PixelClusterShapeSeedComparitor helix is not valid, result is bad
%MSG
%MSG-w InvalidHelix:   SeedCreatorFromRegionConsecutiveHitsEDProducer:hltFullIter9TobTecSeedsTripl  14-Jun-2021 15:49:25 CEST Run: 1 Event: 309
PixelClusterShapeSeedComparitor helix is not valid, result is bad
%MSG
Begin processing the 9th record. Run 1, Event 308, LumiSection 7 at 14-Jun-2021 15:49:26.959 CEST
Begin processing the 10th record. Run 1, Event 310, LumiSection 7 at 14-Jun-2021 15:49:36.068 CEST
Begin processing the 11th record. Run 1, Event 313, LumiSection 7 at 14-Jun-2021 15:49:44.218 CEST
Begin processing the 12th record. Run 1, Event 311, LumiSection 7 at 14-Jun-2021 15:49:45.101 CEST
Begin processing the 13th record. Run 1, Event 315, LumiSection 7 at 14-Jun-2021 15:49:48.989 CEST
Begin processing the 14th record. Run 1, Event 314, LumiSection 7 at 14-Jun-2021 15:50:05.915 CEST
Begin processing the 15th record. Run 1, Event 312, LumiSection 7 at 14-Jun-2021 15:50:13.306 CEST
Begin processing the 16th record. Run 1, Event 318, LumiSection 7 at 14-Jun-2021 15:50:21.595 CEST
Begin processing the 17th record. Run 1, Event 317, LumiSection 7 at 14-Jun-2021 15:50:35.272 CEST
Begin processing the 18th record. Run 1, Event 316, LumiSection 7 at 14-Jun-2021 15:50:43.473 CEST
Begin processing the 19th record. Run 1, Event 319, LumiSection 7 at 14-Jun-2021 15:50:51.032 CEST
Begin processing the 20th record. Run 1, Event 320, LumiSection 7 at 14-Jun-2021 15:50:54.210 CEST
Begin processing the 21st record. Run 1, Event 321, LumiSection 7 at 14-Jun-2021 15:50:58.149 CEST
Begin processing the 22nd record. Run 1, Event 325, LumiSection 7 at 14-Jun-2021 15:51:01.120 CEST
Begin processing the 23rd record. Run 1, Event 322, LumiSection 7 at 14-Jun-2021 15:51:06.470 CEST
%MSG-w Muon:  L3MuonProducer:hltL3NoFiltersNoVtxMuonsOIHit  14-Jun-2021 15:51:08 CEST Run: 1 Event: 322
     Failed to load tracker track trajectory
%MSG
%MSG-w RecoMuon:  L3MuonProducer:hltL3NoFiltersNoVtxMuonsOIHit  14-Jun-2021 15:51:08 CEST Run: 1 Event: 322
     Failed to load tracker track trajectory
%MSG
%MSG-w GlobalMuon:  L3MuonProducer:hltL3NoFiltersNoVtxMuonsOIHit  14-Jun-2021 15:51:08 CEST Run: 1 Event: 322
     Failed to load tracker track trajectory
%MSG
%MSG-w GlobalTrajectoryBuilderBase:   L3MuonProducer:hltL3NoFiltersNoVtxMuonsOIHit 14-Jun-2021 15:51:08 CEST  Run: 1 Event: 322
     Failed to load tracker track trajectory
%MSG
Begin processing the 24th record. Run 1, Event 323, LumiSection 7 at 14-Jun-2021 15:51:12.261 CEST
Begin processing the 25th record. Run 1, Event 324, LumiSection 7 at 14-Jun-2021 15:51:22.998 CEST
Begin processing the 26th record. Run 1, Event 328, LumiSection 7 at 14-Jun-2021 15:51:27.648 CEST
Begin processing the 27th record. Run 1, Event 327, LumiSection 7 at 14-Jun-2021 15:51:32.593 CEST
Begin processing the 28th record. Run 1, Event 326, LumiSection 7 at 14-Jun-2021 15:51:44.970 CEST
Begin processing the 29th record. Run 1, Event 331, LumiSection 7 at 14-Jun-2021 15:51:49.792 CEST
Begin processing the 30th record. Run 1, Event 329, LumiSection 7 at 14-Jun-2021 15:51:56.890 CEST
Begin processing the 31st record. Run 1, Event 330, LumiSection 7 at 14-Jun-2021 15:51:59.070 CEST
Begin processing the 32nd record. Run 1, Event 332, LumiSection 7 at 14-Jun-2021 15:52:00.416 CEST
Begin processing the 33rd record. Run 1, Event 333, LumiSection 7 at 14-Jun-2021 15:52:04.662 CEST
Begin processing the 34th record. Run 1, Event 336, LumiSection 7 at 14-Jun-2021 15:52:19.413 CEST
Begin processing the 35th record. Run 1, Event 337, LumiSection 7 at 14-Jun-2021 15:52:21.653 CEST
Begin processing the 36th record. Run 1, Event 334, LumiSection 7 at 14-Jun-2021 15:52:29.861 CEST
Begin processing the 37th record. Run 1, Event 335, LumiSection 7 at 14-Jun-2021 15:52:32.508 CEST
Begin processing the 38th record. Run 1, Event 338, LumiSection 7 at 14-Jun-2021 15:52:38.052 CEST
Begin processing the 39th record. Run 1, Event 341, LumiSection 7 at 14-Jun-2021 15:52:44.985 CEST
Begin processing the 40th record. Run 1, Event 340, LumiSection 7 at 14-Jun-2021 15:52:46.091 CEST
Begin processing the 41st record. Run 1, Event 339, LumiSection 7 at 14-Jun-2021 15:52:51.476 CEST
Begin processing the 42nd record. Run 1, Event 344, LumiSection 7 at 14-Jun-2021 15:53:01.206 CEST
Begin processing the 43rd record. Run 1, Event 343, LumiSection 7 at 14-Jun-2021 15:53:05.212 CEST
Begin processing the 44th record. Run 1, Event 347, LumiSection 7 at 14-Jun-2021 15:53:06.131 CEST
Begin processing the 45th record. Run 1, Event 345, LumiSection 7 at 14-Jun-2021 15:53:13.906 CEST
Begin processing the 46th record. Run 1, Event 346, LumiSection 7 at 14-Jun-2021 15:53:34.510 CEST
Begin processing the 47th record. Run 1, Event 342, LumiSection 7 at 14-Jun-2021 15:53:38.989 CEST
Begin processing the 48th record. Run 1, Event 349, LumiSection 7 at 14-Jun-2021 15:53:46.712 CEST
Begin processing the 49th record. Run 1, Event 350, LumiSection 7 at 14-Jun-2021 15:53:50.809 CEST
Begin processing the 50th record. Run 1, Event 348, LumiSection 7 at 14-Jun-2021 15:53:56.343 CEST
14-Jun-2021 15:54:01 CEST  Closed file file:/eos/cms/store/user/tsarkar/DIGIPremix_Condor_output_Vector_MonoZLL_NLO_Mphi-500_Mchi-150_gSM-0p25_gDM-1p0_ctau10p0/step_DIGIPremix_2017UL_18.root

=============================================

MessageLogger Summary

 type     category        sev    module        subroutine        count    total
 ---- -------------------- -- ---------------- ----------------  -----    -----
    1 GlobalMuon           -w L3MuonProducer:h                       1        1
    2 GlobalTrajectoryBuil -w L3MuonProducer:h                       1        1
    3 InvalidHelix         -w SeedCreatorFromR                       1        1
    4 InvalidHelix         -w SeedCreatorFromR                       1        1
    5 InvalidInputTag      -w CSCHaloDataProdu                       1        1
    6 Muon                 -w L3MuonProducer:h                       1        1
    7 RecoMuon             -w L3MuonProducer:h                       1        1
    8 fileAction           -s file_close                             1        1
    9 fileAction           -s file_open                              2        2

 type    category    Examples: run/evt        run/evt          run/evt
 ---- -------------------- ---------------- ---------------- ----------------
    1 GlobalMuon           1/322                             
    2 GlobalTrajectoryBuilderBase 1/322                             
    3 InvalidHelix         1/309                             
    4 InvalidHelix         1/309                             
    5 InvalidInputTag      1/302                             
    6 Muon                 1/322                             
    7 RecoMuon             1/322                             
    8 fileAction           PostGlobalEndRun                  
    9 fileAction           pre-events       pre-events       

Severity    # Occurrences   Total Occurrences
--------    -------------   -----------------
Warning                 7                   7
System                  3                   3

dropped waiting message count 0
