000 (7312096.000.000) 06/14 14:46:10 Job submitted from host: <137.138.44.75:9618?addrs=137.138.44.75-9618+[2001-1458-d00-1a--b]-9618&alias=bigbird14.cern.ch&noUDP&sock=schedd_3149486_02ef>
...
040 (7312096.000.000) 06/14 15:46:26 Started transferring input files
	Transferring to host: <188.184.138.134:9618?addrs=188.184.138.134-9618+[2001-1458-301-45--100-5f]-9618&alias=b7g42n0218.cern.ch&noUDP&sock=slot1_8_4626_2f75_38135>
...
040 (7312096.000.000) 06/14 15:46:26 Finished transferring input files
...
001 (7312096.000.000) 06/14 15:46:27 Job executing on host: <188.184.138.134:9618?addrs=188.184.138.134-9618+[2001-1458-301-45--100-5f]-9618&alias=b7g42n0218.cern.ch&noUDP&sock=startd_3750_c43d>
...
006 (7312096.000.000) 06/14 15:46:36 Image size of job updated: 86800
	72  -  MemoryUsage of job (MB)
	73144  -  ResidentSetSize of job (KB)
...
006 (7312096.000.000) 06/14 15:51:37 Image size of job updated: 2462656
	1272  -  MemoryUsage of job (MB)
	1302248  -  ResidentSetSize of job (KB)
...
006 (7312096.000.000) 06/14 15:53:11 Image size of job updated: 2520000
	1272  -  MemoryUsage of job (MB)
	1302248  -  ResidentSetSize of job (KB)
...
040 (7312096.000.000) 06/14 15:53:11 Started transferring output files
...
040 (7312096.000.000) 06/14 15:53:11 Finished transferring output files
...
005 (7312096.000.000) 06/14 15:53:11 Job terminated.
	(1) Normal termination (return value 0)
		Usr 0 00:06:01, Sys 0 00:00:09  -  Run Remote Usage
		Usr 0 00:00:00, Sys 0 00:00:00  -  Run Local Usage
		Usr 0 00:06:01, Sys 0 00:00:09  -  Total Remote Usage
		Usr 0 00:00:00, Sys 0 00:00:00  -  Total Local Usage
	14759  -  Run Bytes Sent By Job
	432  -  Run Bytes Received By Job
	14759  -  Total Bytes Sent By Job
	432  -  Total Bytes Received By Job
	Partitionable Resources :    Usage  Request Allocated 
	   Cpus                 :                 1         1 
	   Disk (KB)            :       29        1    297301 
	   Memory (MB)          :     1272     2000      2000 

	Job terminated of its own accord at 2021-06-14T13:53:11Z.
...
