14-Jun-2021 15:40:42 CEST  Initiating request to open file file:/eos/cms/store/user/tsarkar/DIGIPremix_Condor_output_Vector_MonoZLL_NLO_Mphi-500_Mchi-150_gSM-0p25_gDM-1p0_ctau10p0/step_DIGIPremix_2017UL_17.root
14-Jun-2021 15:40:46 CEST  Successfully opened file file:/eos/cms/store/user/tsarkar/DIGIPremix_Condor_output_Vector_MonoZLL_NLO_Mphi-500_Mchi-150_gSM-0p25_gDM-1p0_ctau10p0/step_DIGIPremix_2017UL_17.root
Begin processing the 1st record. Run 1, Event 251, LumiSection 6 at 14-Jun-2021 15:42:56.934 CEST
Begin processing the 2nd record. Run 1, Event 254, LumiSection 6 at 14-Jun-2021 15:43:08.956 CEST
%MSG-w InvalidInputTag:  CSCHaloDataProducer:hltCSCHaloData  14-Jun-2021 15:43:14 CEST Run: 1 Event: 254
 The Cosmic Muon collection does not appear to be in the event. These beam halo  identification variables will be empty
%MSG
Begin processing the 3rd record. Run 1, Event 252, LumiSection 6 at 14-Jun-2021 15:43:14.411 CEST
Begin processing the 4th record. Run 1, Event 256, LumiSection 6 at 14-Jun-2021 15:43:17.533 CEST
Begin processing the 5th record. Run 1, Event 253, LumiSection 6 at 14-Jun-2021 15:43:21.820 CEST
%MSG-e TrajectoryNotPosDef:   TrackProducer:hltIter2ElectronsCtfWithMaterialTracks 14-Jun-2021 15:43:23 CEST  Run: 1 Event: 253
Trajectory covariance is not positive-definite
%MSG
%MSG-e TrajectoryNotPosDef:   TrackProducer:hltIter2ElectronsCtfWithMaterialTracks 14-Jun-2021 15:43:23 CEST  Run: 1 Event: 253
Trajectory covariance is not positive-definite
%MSG
Begin processing the 6th record. Run 1, Event 255, LumiSection 6 at 14-Jun-2021 15:43:28.786 CEST
Begin processing the 7th record. Run 1, Event 258, LumiSection 6 at 14-Jun-2021 15:43:31.835 CEST
Begin processing the 8th record. Run 1, Event 257, LumiSection 6 at 14-Jun-2021 15:43:35.940 CEST
%MSG-w BasicTrajectoryState:   TrackProducer:hltIter2PFlowCtfWithMaterialTracksForPhotons  14-Jun-2021 15:43:36 CEST Run: 1 Event: 257
local error not pos-def
[  4.40677e-06-3.65552e-06 7.39214e-07-6.55541e-05 2.60016e-05
  -3.65552e-06-6.04414e-08 6.13223e-08-2.46056e-06  1.2877e-06
   7.39214e-07 6.13223e-08 1.28113e-06 8.04563e-07-3.17481e-06
  -6.55541e-05-2.46056e-06 8.04563e-07 0.000132077-3.60333e-05
   2.60016e-05  1.2877e-06-3.17481e-06-3.60333e-05 0.000190239 ]
pos/mom/mf  (9.96507,-4.60427,34.7307)   (4.51652,-1.9797,12.6069)   (0.000710193,-0.000328138,3.80906) 
%MSG
%MSG-w BasicTrajectoryState:   TrackProducer:hltIter2PFlowCtfWithMaterialTracksForPhotons  14-Jun-2021 15:43:36 CEST Run: 1 Event: 257
curv error not pos-def
[  4.40677e-06 2.43647e-08 7.22078e-06-6.12516e-05-1.09607e-05
   2.43647e-08  5.1009e-07-1.20192e-07  1.3434e-07 1.46148e-06
   7.22078e-06-1.20192e-07 -2.1195e-07 4.56614e-06 1.22507e-06
  -6.12516e-05  1.3434e-07 4.56614e-06 0.000116584  3.1273e-06
  -1.09607e-05 1.46148e-06 1.22507e-06  3.1273e-06 0.000120504 ]
pos/mom/mf  (9.96507,-4.60427,34.7307)   (4.51652,-1.9797,12.6069)   (0.000710193,-0.000328138,3.80906) 
%MSG
%MSG-w TrackNaN:  TrackProducer:hltIter2PFlowCtfWithMaterialTracksForPhotons  14-Jun-2021 15:43:36 CEST Run: 1 Event: 257
Track has NaN or the cov is not pos-definite
%MSG
%MSG-w InvalidHelix:   SeedCreatorFromRegionConsecutiveHitsEDProducer:hltFullIter9TobTecSeedsTripl  14-Jun-2021 15:43:43 CEST Run: 1 Event: 257
PixelClusterShapeSeedComparitor helix is not valid, result is bad
%MSG
%MSG-w InvalidHelix:   SeedCreatorFromRegionConsecutiveHitsEDProducer:hltFullIter9TobTecSeedsTripl  14-Jun-2021 15:43:43 CEST Run: 1 Event: 257
PixelClusterShapeSeedComparitor helix is not valid, result is bad
%MSG
Begin processing the 9th record. Run 1, Event 260, LumiSection 6 at 14-Jun-2021 15:43:44.650 CEST
Begin processing the 10th record. Run 1, Event 261, LumiSection 6 at 14-Jun-2021 15:43:49.916 CEST
Begin processing the 11th record. Run 1, Event 259, LumiSection 6 at 14-Jun-2021 15:43:51.338 CEST
Begin processing the 12th record. Run 1, Event 263, LumiSection 6 at 14-Jun-2021 15:43:58.831 CEST
Begin processing the 13th record. Run 1, Event 262, LumiSection 6 at 14-Jun-2021 15:44:00.972 CEST
Begin processing the 14th record. Run 1, Event 265, LumiSection 6 at 14-Jun-2021 15:44:06.827 CEST
Begin processing the 15th record. Run 1, Event 264, LumiSection 6 at 14-Jun-2021 15:44:09.742 CEST
%MSG-e TrajectoryNotPosDef:   TrackProducer:hltIter2PFlowCtfWithMaterialTracksForPhotons  14-Jun-2021 15:44:10 CEST Run: 1 Event: 264
Trajectory covariance is not positive-definite
%MSG
Begin processing the 16th record. Run 1, Event 268, LumiSection 6 at 14-Jun-2021 15:44:19.440 CEST
Begin processing the 17th record. Run 1, Event 267, LumiSection 6 at 14-Jun-2021 15:44:23.454 CEST
Begin processing the 18th record. Run 1, Event 266, LumiSection 6 at 14-Jun-2021 15:44:31.323 CEST
Begin processing the 19th record. Run 1, Event 270, LumiSection 6 at 14-Jun-2021 15:44:35.872 CEST
Begin processing the 20th record. Run 1, Event 271, LumiSection 6 at 14-Jun-2021 15:44:48.446 CEST
Begin processing the 21st record. Run 1, Event 274, LumiSection 6 at 14-Jun-2021 15:44:53.607 CEST
Begin processing the 22nd record. Run 1, Event 269, LumiSection 6 at 14-Jun-2021 15:44:57.138 CEST
Begin processing the 23rd record. Run 1, Event 276, LumiSection 6 at 14-Jun-2021 15:45:03.470 CEST
Begin processing the 24th record. Run 1, Event 273, LumiSection 6 at 14-Jun-2021 15:45:04.923 CEST
Begin processing the 25th record. Run 1, Event 272, LumiSection 6 at 14-Jun-2021 15:45:09.640 CEST
Begin processing the 26th record. Run 1, Event 277, LumiSection 6 at 14-Jun-2021 15:45:12.143 CEST
Begin processing the 27th record. Run 1, Event 275, LumiSection 6 at 14-Jun-2021 15:45:20.101 CEST
Begin processing the 28th record. Run 1, Event 279, LumiSection 6 at 14-Jun-2021 15:45:24.945 CEST
Begin processing the 29th record. Run 1, Event 281, LumiSection 6 at 14-Jun-2021 15:45:39.594 CEST
Begin processing the 30th record. Run 1, Event 282, LumiSection 6 at 14-Jun-2021 15:45:47.152 CEST
Begin processing the 31st record. Run 1, Event 278, LumiSection 6 at 14-Jun-2021 15:46:00.652 CEST
Begin processing the 32nd record. Run 1, Event 280, LumiSection 6 at 14-Jun-2021 15:46:04.593 CEST
Begin processing the 33rd record. Run 1, Event 283, LumiSection 6 at 14-Jun-2021 15:46:18.240 CEST
Begin processing the 34th record. Run 1, Event 284, LumiSection 6 at 14-Jun-2021 15:46:19.275 CEST
Begin processing the 35th record. Run 1, Event 286, LumiSection 6 at 14-Jun-2021 15:46:22.586 CEST
Begin processing the 36th record. Run 1, Event 285, LumiSection 6 at 14-Jun-2021 15:46:29.547 CEST
Begin processing the 37th record. Run 1, Event 288, LumiSection 6 at 14-Jun-2021 15:46:32.328 CEST
Begin processing the 38th record. Run 1, Event 290, LumiSection 6 at 14-Jun-2021 15:46:37.256 CEST
Begin processing the 39th record. Run 1, Event 287, LumiSection 6 at 14-Jun-2021 15:46:37.860 CEST
Begin processing the 40th record. Run 1, Event 289, LumiSection 6 at 14-Jun-2021 15:46:45.777 CEST
Begin processing the 41st record. Run 1, Event 291, LumiSection 6 at 14-Jun-2021 15:46:47.442 CEST
Begin processing the 42nd record. Run 1, Event 295, LumiSection 6 at 14-Jun-2021 15:46:51.361 CEST
Begin processing the 43rd record. Run 1, Event 293, LumiSection 6 at 14-Jun-2021 15:46:58.449 CEST
Begin processing the 44th record. Run 1, Event 292, LumiSection 6 at 14-Jun-2021 15:47:09.817 CEST
Begin processing the 45th record. Run 1, Event 294, LumiSection 6 at 14-Jun-2021 15:47:17.072 CEST
Begin processing the 46th record. Run 1, Event 298, LumiSection 6 at 14-Jun-2021 15:47:30.451 CEST
Begin processing the 47th record. Run 1, Event 300, LumiSection 6 at 14-Jun-2021 15:47:31.186 CEST
Begin processing the 48th record. Run 1, Event 299, LumiSection 6 at 14-Jun-2021 15:47:42.764 CEST
%MSG-w InvalidHelix:   SeedCreatorFromRegionConsecutiveHitsEDProducer:hltFullIter9TobTecSeedsPair  14-Jun-2021 15:47:57 CEST Run: 1 Event: 299
PixelClusterShapeSeedComparitor helix is not valid, result is bad
%MSG
Begin processing the 49th record. Run 1, Event 297, LumiSection 6 at 14-Jun-2021 15:47:59.593 CEST
Begin processing the 50th record. Run 1, Event 296, LumiSection 6 at 14-Jun-2021 15:48:08.000 CEST
%MSG-w EnergyInDeadEE_FE:  EcalRecHitProducer:hltEcalRecHit  14-Jun-2021 15:48:08 CEST Run: 1 Event: 296
TP energy in the dead TT = 149.086 at (EE iz +  ix 17 , iy 6)
%MSG
14-Jun-2021 15:48:10 CEST  Closed file file:/eos/cms/store/user/tsarkar/DIGIPremix_Condor_output_Vector_MonoZLL_NLO_Mphi-500_Mchi-150_gSM-0p25_gDM-1p0_ctau10p0/step_DIGIPremix_2017UL_17.root

=============================================

MessageLogger Summary

 type     category        sev    module        subroutine        count    total
 ---- -------------------- -- ---------------- ----------------  -----    -----
    1 BasicTrajectoryState -w TrackProducer:hl                       2        2
    2 EnergyInDeadEE_FE    -w EcalRecHitProduc                       1        1
    3 InvalidHelix         -w SeedCreatorFromR                       1        1
    4 InvalidHelix         -w SeedCreatorFromR                       2        2
    5 InvalidInputTag      -w CSCHaloDataProdu                       1        1
    6 TrackNaN             -w TrackProducer:hl                       1        1
    7 TrajectoryNotPosDef  -e TrackProducer:hl                       2        2
    8 TrajectoryNotPosDef  -e TrackProducer:hl                       1        1
    9 fileAction           -s file_close                             1        1
   10 fileAction           -s file_open                              2        2

 type    category    Examples: run/evt        run/evt          run/evt
 ---- -------------------- ---------------- ---------------- ----------------
    1 BasicTrajectoryState 1/257            1/257            
    2 EnergyInDeadEE_FE    1/296                             
    3 InvalidHelix         1/299                             
    4 InvalidHelix         1/257            1/257            
    5 InvalidInputTag      1/254                             
    6 TrackNaN             1/257                             
    7 TrajectoryNotPosDef  1/253            1/253            
    8 TrajectoryNotPosDef  1/264                             
    9 fileAction           PostGlobalEndRun                  
   10 fileAction           pre-events       pre-events       

Severity    # Occurrences   Total Occurrences
--------    -------------   -----------------
Warning                 8                   8
Error                   3                   3
System                  3                   3

dropped waiting message count 0
