000 (7312100.000.000) 06/14 14:46:17 Job submitted from host: <137.138.44.75:9618?addrs=137.138.44.75-9618+[2001-1458-d00-1a--b]-9618&alias=bigbird14.cern.ch&noUDP&sock=schedd_3149486_02ef>
...
040 (7312100.000.000) 06/14 15:40:04 Started transferring input files
	Transferring to host: <188.184.190.211:9618?addrs=188.184.190.211-9618+[2001-1458-301-4b--100-d0]-9618&alias=b7g42n0424.cern.ch&noUDP&sock=slot1_8_3562_804a_47986>
...
040 (7312100.000.000) 06/14 15:40:04 Finished transferring input files
...
001 (7312100.000.000) 06/14 15:40:05 Job executing on host: <188.184.190.211:9618?addrs=188.184.190.211-9618+[2001-1458-301-4b--100-d0]-9618&alias=b7g42n0424.cern.ch&noUDP&sock=startd_2988_1912>
...
006 (7312100.000.000) 06/14 15:40:13 Image size of job updated: 34380
	21  -  MemoryUsage of job (MB)
	20728  -  ResidentSetSize of job (KB)
...
006 (7312100.000.000) 06/14 15:45:13 Image size of job updated: 2247612
	1197  -  MemoryUsage of job (MB)
	1225468  -  ResidentSetSize of job (KB)
...
006 (7312100.000.000) 06/14 15:48:36 Image size of job updated: 2405308
	1197  -  MemoryUsage of job (MB)
	1225468  -  ResidentSetSize of job (KB)
...
040 (7312100.000.000) 06/14 15:48:36 Started transferring output files
...
040 (7312100.000.000) 06/14 15:48:36 Finished transferring output files
...
005 (7312100.000.000) 06/14 15:48:36 Job terminated.
	(1) Normal termination (return value 0)
		Usr 0 00:06:45, Sys 0 00:00:09  -  Run Remote Usage
		Usr 0 00:00:00, Sys 0 00:00:00  -  Run Local Usage
		Usr 0 00:06:45, Sys 0 00:00:09  -  Total Remote Usage
		Usr 0 00:00:00, Sys 0 00:00:00  -  Total Local Usage
	17850  -  Run Bytes Sent By Job
	432  -  Run Bytes Received By Job
	17850  -  Total Bytes Sent By Job
	432  -  Total Bytes Received By Job
	Partitionable Resources :    Usage  Request Allocated 
	   Cpus                 :                 1         1 
	   Disk (KB)            :       31        1    299643 
	   Memory (MB)          :     1197     2000      2000 

	Job terminated of its own accord at 2021-06-14T13:48:36Z.
...
