14-Jun-2021 15:46:43 CEST  Initiating request to open file file:/eos/cms/store/user/tsarkar/DIGIPremix_Condor_output_Vector_MonoZLL_NLO_Mphi-500_Mchi-150_gSM-0p25_gDM-1p0_ctau10p0/step_DIGIPremix_2017UL_19.root
14-Jun-2021 15:46:46 CEST  Successfully opened file file:/eos/cms/store/user/tsarkar/DIGIPremix_Condor_output_Vector_MonoZLL_NLO_Mphi-500_Mchi-150_gSM-0p25_gDM-1p0_ctau10p0/step_DIGIPremix_2017UL_19.root
Begin processing the 1st record. Run 1, Event 354, LumiSection 8 at 14-Jun-2021 15:48:07.483 CEST
Begin processing the 2nd record. Run 1, Event 351, LumiSection 8 at 14-Jun-2021 15:48:13.902 CEST
Begin processing the 3rd record. Run 1, Event 353, LumiSection 8 at 14-Jun-2021 15:48:16.789 CEST
%MSG-w InvalidHelix:   SeedCreatorFromRegionConsecutiveHitsEDProducer:hltFullIter9TobTecSeedsTripl  14-Jun-2021 15:48:21 CEST Run: 1 Event: 353
PixelClusterShapeSeedComparitor helix is not valid, result is bad
%MSG
%MSG-w InvalidHelix:   SeedCreatorFromRegionConsecutiveHitsEDProducer:hltFullIter9TobTecSeedsTripl  14-Jun-2021 15:48:21 CEST Run: 1 Event: 353
PixelClusterShapeSeedComparitor helix is not valid, result is bad
%MSG
%MSG-w InvalidHelix:   SeedCreatorFromRegionConsecutiveHitsEDProducer:hltFullIter9TobTecSeedsTripl  14-Jun-2021 15:48:21 CEST Run: 1 Event: 353
PixelClusterShapeSeedComparitor helix is not valid, result is bad
%MSG
Begin processing the 4th record. Run 1, Event 352, LumiSection 8 at 14-Jun-2021 15:48:21.696 CEST
%MSG-w InvalidHelix:   SeedCreatorFromRegionConsecutiveHitsEDProducer:hltFullIter9TobTecSeedsPair  14-Jun-2021 15:48:24 CEST Run: 1 Event: 352
PixelClusterShapeSeedComparitor helix is not valid, result is bad
%MSG
Begin processing the 5th record. Run 1, Event 355, LumiSection 8 at 14-Jun-2021 15:48:24.591 CEST
%MSG-w InvalidInputTag:  CSCHaloDataProducer:hltCSCHaloData  14-Jun-2021 15:48:29 CEST Run: 1 Event: 355
 The Cosmic Muon collection does not appear to be in the event. These beam halo  identification variables will be empty
%MSG
Begin processing the 6th record. Run 1, Event 358, LumiSection 8 at 14-Jun-2021 15:48:30.422 CEST
Begin processing the 7th record. Run 1, Event 356, LumiSection 8 at 14-Jun-2021 15:48:32.473 CEST
Begin processing the 8th record. Run 1, Event 357, LumiSection 8 at 14-Jun-2021 15:48:34.533 CEST
Begin processing the 9th record. Run 1, Event 360, LumiSection 8 at 14-Jun-2021 15:48:35.491 CEST
Begin processing the 10th record. Run 1, Event 359, LumiSection 8 at 14-Jun-2021 15:48:39.209 CEST
Begin processing the 11th record. Run 1, Event 363, LumiSection 8 at 14-Jun-2021 15:48:45.306 CEST
Begin processing the 12th record. Run 1, Event 364, LumiSection 8 at 14-Jun-2021 15:48:46.573 CEST
Begin processing the 13th record. Run 1, Event 361, LumiSection 8 at 14-Jun-2021 15:48:46.947 CEST
%MSG-w InvalidHelix:   SeedCreatorFromRegionConsecutiveHitsEDProducer:hltFullIter9TobTecSeedsTripl  14-Jun-2021 15:48:53 CEST Run: 1 Event: 361
PixelClusterShapeSeedComparitor helix is not valid, result is bad
%MSG
%MSG-w InvalidHelix:   SeedCreatorFromRegionConsecutiveHitsEDProducer:hltFullIter9TobTecSeedsTripl  14-Jun-2021 15:48:53 CEST Run: 1 Event: 361
PixelClusterShapeSeedComparitor helix is not valid, result is bad
%MSG
Begin processing the 14th record. Run 1, Event 362, LumiSection 8 at 14-Jun-2021 15:48:54.828 CEST
Begin processing the 15th record. Run 1, Event 367, LumiSection 8 at 14-Jun-2021 15:48:57.655 CEST
%MSG-e TrajectoryNotPosDef:   TrackProducer:hltIter2ElectronsCtfWithMaterialTracks 14-Jun-2021 15:48:58 CEST  Run: 1 Event: 367
Trajectory covariance is not positive-definite
%MSG
Begin processing the 16th record. Run 1, Event 366, LumiSection 8 at 14-Jun-2021 15:49:02.994 CEST
Begin processing the 17th record. Run 1, Event 365, LumiSection 8 at 14-Jun-2021 15:49:03.381 CEST
Begin processing the 18th record. Run 1, Event 368, LumiSection 8 at 14-Jun-2021 15:49:05.627 CEST
Begin processing the 19th record. Run 1, Event 369, LumiSection 8 at 14-Jun-2021 15:49:09.334 CEST
Begin processing the 20th record. Run 1, Event 370, LumiSection 8 at 14-Jun-2021 15:49:13.372 CEST
Begin processing the 21st record. Run 1, Event 373, LumiSection 8 at 14-Jun-2021 15:49:19.839 CEST
Begin processing the 22nd record. Run 1, Event 372, LumiSection 8 at 14-Jun-2021 15:49:26.043 CEST
Begin processing the 23rd record. Run 1, Event 371, LumiSection 8 at 14-Jun-2021 15:49:29.296 CEST
Begin processing the 24th record. Run 1, Event 375, LumiSection 8 at 14-Jun-2021 15:49:32.768 CEST
Begin processing the 25th record. Run 1, Event 374, LumiSection 8 at 14-Jun-2021 15:49:38.840 CEST
Begin processing the 26th record. Run 1, Event 377, LumiSection 8 at 14-Jun-2021 15:49:39.763 CEST
Begin processing the 27th record. Run 1, Event 376, LumiSection 8 at 14-Jun-2021 15:49:42.892 CEST
Begin processing the 28th record. Run 1, Event 378, LumiSection 8 at 14-Jun-2021 15:49:48.028 CEST
Begin processing the 29th record. Run 1, Event 382, LumiSection 8 at 14-Jun-2021 15:49:48.954 CEST
Begin processing the 30th record. Run 1, Event 381, LumiSection 8 at 14-Jun-2021 15:49:49.601 CEST
Begin processing the 31st record. Run 1, Event 379, LumiSection 8 at 14-Jun-2021 15:49:58.456 CEST
Begin processing the 32nd record. Run 1, Event 380, LumiSection 8 at 14-Jun-2021 15:50:09.543 CEST
Begin processing the 33rd record. Run 1, Event 384, LumiSection 8 at 14-Jun-2021 15:50:12.129 CEST
Begin processing the 34th record. Run 1, Event 383, LumiSection 8 at 14-Jun-2021 15:50:18.081 CEST
Begin processing the 35th record. Run 1, Event 387, LumiSection 8 at 14-Jun-2021 15:50:23.340 CEST
Begin processing the 36th record. Run 1, Event 386, LumiSection 8 at 14-Jun-2021 15:50:26.901 CEST
Begin processing the 37th record. Run 1, Event 390, LumiSection 8 at 14-Jun-2021 15:50:28.234 CEST
Begin processing the 38th record. Run 1, Event 385, LumiSection 8 at 14-Jun-2021 15:50:33.373 CEST
Begin processing the 39th record. Run 1, Event 389, LumiSection 8 at 14-Jun-2021 15:50:40.362 CEST
Begin processing the 40th record. Run 1, Event 388, LumiSection 8 at 14-Jun-2021 15:50:49.598 CEST
Begin processing the 41st record. Run 1, Event 392, LumiSection 8 at 14-Jun-2021 15:50:52.468 CEST
Begin processing the 42nd record. Run 1, Event 391, LumiSection 8 at 14-Jun-2021 15:50:56.512 CEST
Begin processing the 43rd record. Run 1, Event 394, LumiSection 8 at 14-Jun-2021 15:50:59.665 CEST
Begin processing the 44th record. Run 1, Event 396, LumiSection 8 at 14-Jun-2021 15:51:00.825 CEST
Begin processing the 45th record. Run 1, Event 393, LumiSection 8 at 14-Jun-2021 15:51:05.329 CEST
Begin processing the 46th record. Run 1, Event 395, LumiSection 8 at 14-Jun-2021 15:51:13.084 CEST
Begin processing the 47th record. Run 1, Event 399, LumiSection 8 at 14-Jun-2021 15:51:16.508 CEST
Begin processing the 48th record. Run 1, Event 397, LumiSection 8 at 14-Jun-2021 15:51:20.881 CEST
Begin processing the 49th record. Run 1, Event 400, LumiSection 8 at 14-Jun-2021 15:51:25.435 CEST
Begin processing the 50th record. Run 1, Event 398, LumiSection 8 at 14-Jun-2021 15:51:30.454 CEST
14-Jun-2021 15:51:34 CEST  Closed file file:/eos/cms/store/user/tsarkar/DIGIPremix_Condor_output_Vector_MonoZLL_NLO_Mphi-500_Mchi-150_gSM-0p25_gDM-1p0_ctau10p0/step_DIGIPremix_2017UL_19.root

=============================================

MessageLogger Summary

 type     category        sev    module        subroutine        count    total
 ---- -------------------- -- ---------------- ----------------  -----    -----
    1 InvalidHelix         -w SeedCreatorFromR                       1        1
    2 InvalidHelix         -w SeedCreatorFromR                       5        5
    3 InvalidInputTag      -w CSCHaloDataProdu                       1        1
    4 TrajectoryNotPosDef  -e TrackProducer:hl                       1        1
    5 fileAction           -s file_close                             1        1
    6 fileAction           -s file_open                              2        2

 type    category    Examples: run/evt        run/evt          run/evt
 ---- -------------------- ---------------- ---------------- ----------------
    1 InvalidHelix         1/352                             
    2 InvalidHelix         1/353            1/353            1/361
    3 InvalidInputTag      1/355                             
    4 TrajectoryNotPosDef  1/367                             
    5 fileAction           PostGlobalEndRun                  
    6 fileAction           pre-events       pre-events       

Severity    # Occurrences   Total Occurrences
--------    -------------   -----------------
Warning                 7                   7
Error                   1                   1
System                  3                   3

dropped waiting message count 0
