14-Jun-2021 15:40:44 CEST  Initiating request to open file file:/eos/cms/store/user/tsarkar/DIGIPremix_Condor_output_Vector_MonoZLL_NLO_Mphi-500_Mchi-150_gSM-0p25_gDM-1p0_ctau10p0/step_DIGIPremix_2017UL_6.root
14-Jun-2021 15:40:49 CEST  Successfully opened file file:/eos/cms/store/user/tsarkar/DIGIPremix_Condor_output_Vector_MonoZLL_NLO_Mphi-500_Mchi-150_gSM-0p25_gDM-1p0_ctau10p0/step_DIGIPremix_2017UL_6.root
Begin processing the 1st record. Run 1, Event 651, LumiSection 14 at 14-Jun-2021 15:42:33.772 CEST
Begin processing the 2nd record. Run 1, Event 652, LumiSection 14 at 14-Jun-2021 15:42:44.503 CEST
Begin processing the 3rd record. Run 1, Event 653, LumiSection 14 at 14-Jun-2021 15:42:50.406 CEST
Begin processing the 4th record. Run 1, Event 654, LumiSection 14 at 14-Jun-2021 15:42:59.656 CEST
%MSG-w InvalidHelix:   SeedCreatorFromRegionConsecutiveHitsEDProducer:hltFullIter6PixelSeedsA  14-Jun-2021 15:43:04 CEST Run: 1 Event: 654
PixelClusterShapeSeedComparitor helix is not valid, result is bad
%MSG
Begin processing the 5th record. Run 1, Event 655, LumiSection 14 at 14-Jun-2021 15:43:05.754 CEST
%MSG-w BasicTrajectoryState:  GsfTrackProducer:hltEgammaGsfTracks  14-Jun-2021 15:43:08 CEST Run: 1 Event: 655
curv error not pos-def
[  2.21931e+07     78.2591-1.46831e+06      382.32     4622.47
       78.2591 0.000955718    -5.17775  0.00110023   0.0241727
  -1.46831e+06    -5.17775     97144.8    -25.3166    -305.827
        382.32  0.00110023    -25.3166   -0.070705   0.0765931
       4622.47   0.0241727    -305.827   0.0765931     1.05396 ]
pos/mom/mf  (-4.131,5.15907,-13.2756)   (-5.62108,6.91191,-27.8734)   (0.000137614,-0.000171861,3.81078) 
%MSG
%MSG-w BasicTrajectoryState:  GsfTrackProducer:hltEgammaGsfTracks  14-Jun-2021 15:43:08 CEST Run: 1 Event: 655
local error not pos-def
[  2.21931e+07 1.48473e+06      488967     384.344    -15056.7
   1.48473e+06       99330     32712.3     25.7352     -1007.3
        488967     32712.3     10773.2     8.47264    -332.016
       384.344     25.7352     8.47264  -0.0714983   -0.276408
      -15056.7     -1007.3    -332.016   -0.276408      11.197 ]
pos/mom/mf  (-4.131,5.15907,-13.2756)   (-5.62108,6.91191,-27.8734)   (0.000137614,-0.000171861,3.81078) 
%MSG
%MSG-e PosteriorWeightsCalculator:  GsfTrackProducer:hltEgammaGsfTracks  14-Jun-2021 15:43:08 CEST Run: 1 Event: 655
PosteriorWeightsCalculator: sumWeight < DBL_MIN
%MSG
%MSG-e GsfMultiStateUpdator:  GsfTrackProducer:hltEgammaGsfTracks  14-Jun-2021 15:43:08 CEST Run: 1 Event: 655
 no weights could be retreived. invalid updated state !.
%MSG
%MSG-e InvalidState:  GsfTrackProducer:hltEgammaGsfTracks  14-Jun-2021 15:43:08 CEST Run: 1 Event: 655
inside hit
%MSG
%MSG-w InvalidInputTag:  CSCHaloDataProducer:hltCSCHaloData  14-Jun-2021 15:43:16 CEST Run: 1 Event: 655
 The Cosmic Muon collection does not appear to be in the event. These beam halo  identification variables will be empty
%MSG
Begin processing the 6th record. Run 1, Event 657, LumiSection 14 at 14-Jun-2021 15:43:17.405 CEST
Begin processing the 7th record. Run 1, Event 656, LumiSection 14 at 14-Jun-2021 15:43:27.413 CEST
Begin processing the 8th record. Run 1, Event 658, LumiSection 14 at 14-Jun-2021 15:43:48.628 CEST
Begin processing the 9th record. Run 1, Event 660, LumiSection 14 at 14-Jun-2021 15:43:49.603 CEST
Begin processing the 10th record. Run 1, Event 659, LumiSection 14 at 14-Jun-2021 15:43:51.011 CEST
Begin processing the 11th record. Run 1, Event 661, LumiSection 14 at 14-Jun-2021 15:44:09.368 CEST
Begin processing the 12th record. Run 1, Event 663, LumiSection 14 at 14-Jun-2021 15:44:16.005 CEST
Begin processing the 13th record. Run 1, Event 665, LumiSection 14 at 14-Jun-2021 15:44:18.157 CEST
Begin processing the 14th record. Run 1, Event 666, LumiSection 14 at 14-Jun-2021 15:44:20.700 CEST
%MSG-e TrajectoryNotPosDef:   TrackProducer:hltIter2ElectronsCtfWithMaterialTracks 14-Jun-2021 15:44:21 CEST  Run: 1 Event: 666
Trajectory covariance is not positive-definite
%MSG
Begin processing the 15th record. Run 1, Event 664, LumiSection 14 at 14-Jun-2021 15:44:24.762 CEST
%MSG-w InvalidHelix:   SeedCreatorFromRegionConsecutiveHitsEDProducer:hltFullIter6PixelSeedsA  14-Jun-2021 15:44:33 CEST Run: 1 Event: 664
PixelClusterShapeSeedComparitor helix is not valid, result is bad
%MSG
Begin processing the 16th record. Run 1, Event 662, LumiSection 14 at 14-Jun-2021 15:44:35.622 CEST
Begin processing the 17th record. Run 1, Event 670, LumiSection 14 at 14-Jun-2021 15:44:38.034 CEST
Begin processing the 18th record. Run 1, Event 668, LumiSection 14 at 14-Jun-2021 15:44:42.388 CEST
Begin processing the 19th record. Run 1, Event 667, LumiSection 14 at 14-Jun-2021 15:44:46.834 CEST
Begin processing the 20th record. Run 1, Event 671, LumiSection 14 at 14-Jun-2021 15:44:49.779 CEST
Begin processing the 21st record. Run 1, Event 672, LumiSection 14 at 14-Jun-2021 15:44:50.688 CEST
Begin processing the 22nd record. Run 1, Event 669, LumiSection 14 at 14-Jun-2021 15:44:51.600 CEST
Begin processing the 23rd record. Run 1, Event 676, LumiSection 14 at 14-Jun-2021 15:44:54.371 CEST
Begin processing the 24th record. Run 1, Event 674, LumiSection 14 at 14-Jun-2021 15:44:56.575 CEST
Begin processing the 25th record. Run 1, Event 673, LumiSection 14 at 14-Jun-2021 15:44:57.776 CEST
Begin processing the 26th record. Run 1, Event 677, LumiSection 14 at 14-Jun-2021 15:44:59.733 CEST
Begin processing the 27th record. Run 1, Event 675, LumiSection 14 at 14-Jun-2021 15:45:00.637 CEST
Begin processing the 28th record. Run 1, Event 678, LumiSection 14 at 14-Jun-2021 15:45:06.170 CEST
Begin processing the 29th record. Run 1, Event 681, LumiSection 14 at 14-Jun-2021 15:45:07.514 CEST
Begin processing the 30th record. Run 1, Event 680, LumiSection 14 at 14-Jun-2021 15:45:10.332 CEST
Begin processing the 31st record. Run 1, Event 679, LumiSection 14 at 14-Jun-2021 15:45:11.243 CEST
Begin processing the 32nd record. Run 1, Event 682, LumiSection 14 at 14-Jun-2021 15:45:14.107 CEST
Begin processing the 33rd record. Run 1, Event 683, LumiSection 14 at 14-Jun-2021 15:45:19.922 CEST
Begin processing the 34th record. Run 1, Event 686, LumiSection 14 at 14-Jun-2021 15:45:41.458 CEST
Begin processing the 35th record. Run 1, Event 684, LumiSection 14 at 14-Jun-2021 15:45:45.300 CEST
Begin processing the 36th record. Run 1, Event 687, LumiSection 14 at 14-Jun-2021 15:45:58.341 CEST
%MSG-w InvalidHelix:   SeedCreatorFromRegionConsecutiveHitsEDProducer:hltFullIter9TobTecSeedsTripl  14-Jun-2021 15:46:13 CEST Run: 1 Event: 687
PixelClusterShapeSeedComparitor helix is not valid, result is bad
%MSG
Begin processing the 37th record. Run 1, Event 685, LumiSection 14 at 14-Jun-2021 15:46:14.774 CEST
Begin processing the 38th record. Run 1, Event 689, LumiSection 14 at 14-Jun-2021 15:46:32.242 CEST
Begin processing the 39th record. Run 1, Event 688, LumiSection 14 at 14-Jun-2021 15:46:45.499 CEST
Begin processing the 40th record. Run 1, Event 690, LumiSection 14 at 14-Jun-2021 15:46:50.624 CEST
%MSG-w InvalidHelix:   SeedCreatorFromRegionConsecutiveHitsEDProducer:hltFullIter9TobTecSeedsPair  14-Jun-2021 15:47:02 CEST Run: 1 Event: 690
PixelClusterShapeSeedComparitor helix is not valid, result is bad
%MSG
Begin processing the 41st record. Run 1, Event 692, LumiSection 14 at 14-Jun-2021 15:47:04.028 CEST
Begin processing the 42nd record. Run 1, Event 694, LumiSection 14 at 14-Jun-2021 15:47:05.430 CEST
Begin processing the 43rd record. Run 1, Event 691, LumiSection 14 at 14-Jun-2021 15:47:08.498 CEST
Begin processing the 44th record. Run 1, Event 693, LumiSection 14 at 14-Jun-2021 15:47:13.110 CEST
Begin processing the 45th record. Run 1, Event 695, LumiSection 14 at 14-Jun-2021 15:47:23.227 CEST
Begin processing the 46th record. Run 1, Event 696, LumiSection 14 at 14-Jun-2021 15:47:24.524 CEST
Begin processing the 47th record. Run 1, Event 697, LumiSection 14 at 14-Jun-2021 15:47:26.510 CEST
Begin processing the 48th record. Run 1, Event 698, LumiSection 14 at 14-Jun-2021 15:47:32.469 CEST
Begin processing the 49th record. Run 1, Event 700, LumiSection 14 at 14-Jun-2021 15:47:36.510 CEST
Begin processing the 50th record. Run 1, Event 699, LumiSection 14 at 14-Jun-2021 15:47:44.034 CEST
14-Jun-2021 15:47:53 CEST  Closed file file:/eos/cms/store/user/tsarkar/DIGIPremix_Condor_output_Vector_MonoZLL_NLO_Mphi-500_Mchi-150_gSM-0p25_gDM-1p0_ctau10p0/step_DIGIPremix_2017UL_6.root

=============================================

MessageLogger Summary

 type     category        sev    module        subroutine        count    total
 ---- -------------------- -- ---------------- ----------------  -----    -----
    1 BasicTrajectoryState -w GsfTrackProducer                       2        2
    2 InvalidHelix         -w SeedCreatorFromR                       2        2
    3 InvalidHelix         -w SeedCreatorFromR                       1        1
    4 InvalidHelix         -w SeedCreatorFromR                       1        1
    5 InvalidInputTag      -w CSCHaloDataProdu                       1        1
    6 GsfMultiStateUpdator -e GsfTrackProducer                       1        1
    7 InvalidState         -e GsfTrackProducer                       1        1
    8 PosteriorWeightsCalc -e GsfTrackProducer                       1        1
    9 TrajectoryNotPosDef  -e TrackProducer:hl                       1        1
   10 fileAction           -s file_close                             1        1
   11 fileAction           -s file_open                              2        2

 type    category    Examples: run/evt        run/evt          run/evt
 ---- -------------------- ---------------- ---------------- ----------------
    1 BasicTrajectoryState 1/655            1/655            
    2 InvalidHelix         1/654            1/664            
    3 InvalidHelix         1/690                             
    4 InvalidHelix         1/687                             
    5 InvalidInputTag      1/655                             
    6 GsfMultiStateUpdator 1/655                             
    7 InvalidState         1/655                             
    8 PosteriorWeightsCalculator 1/655                             
    9 TrajectoryNotPosDef  1/666                             
   10 fileAction           PostGlobalEndRun                  
   11 fileAction           pre-events       pre-events       

Severity    # Occurrences   Total Occurrences
--------    -------------   -----------------
Warning                 7                   7
Error                   4                   4
System                  3                   3

dropped waiting message count 0
