14-Jun-2021 15:40:54 CEST  Initiating request to open file file:/eos/cms/store/user/tsarkar/DIGIPremix_Condor_output_Vector_MonoZLL_NLO_Mphi-500_Mchi-150_gSM-0p25_gDM-1p0_ctau10p0/step_DIGIPremix_2017UL_20.root
14-Jun-2021 15:40:58 CEST  Successfully opened file file:/eos/cms/store/user/tsarkar/DIGIPremix_Condor_output_Vector_MonoZLL_NLO_Mphi-500_Mchi-150_gSM-0p25_gDM-1p0_ctau10p0/step_DIGIPremix_2017UL_20.root
Begin processing the 1st record. Run 1, Event 403, LumiSection 9 at 14-Jun-2021 15:42:37.670 CEST
Begin processing the 2nd record. Run 1, Event 404, LumiSection 9 at 14-Jun-2021 15:42:49.823 CEST
Begin processing the 3rd record. Run 1, Event 401, LumiSection 9 at 14-Jun-2021 15:42:58.729 CEST
Begin processing the 4th record. Run 1, Event 406, LumiSection 9 at 14-Jun-2021 15:43:03.788 CEST
%MSG-w InvalidHelix:   SeedCreatorFromRegionConsecutiveHitsEDProducer:hltFullIter9TobTecSeedsPair  14-Jun-2021 15:43:08 CEST Run: 1 Event: 406
PixelClusterShapeSeedComparitor helix is not valid, result is bad
%MSG
Begin processing the 5th record. Run 1, Event 402, LumiSection 9 at 14-Jun-2021 15:43:08.894 CEST
Begin processing the 6th record. Run 1, Event 407, LumiSection 9 at 14-Jun-2021 15:43:14.868 CEST
Begin processing the 7th record. Run 1, Event 408, LumiSection 9 at 14-Jun-2021 15:43:22.514 CEST
Begin processing the 8th record. Run 1, Event 409, LumiSection 9 at 14-Jun-2021 15:43:22.856 CEST
%MSG-w InvalidInputTag:  CSCHaloDataProducer:hltCSCHaloData  14-Jun-2021 15:43:25 CEST Run: 1 Event: 409
 The Cosmic Muon collection does not appear to be in the event. These beam halo  identification variables will be empty
%MSG
Begin processing the 9th record. Run 1, Event 405, LumiSection 9 at 14-Jun-2021 15:43:25.255 CEST
%MSG-w InvalidHelix:   SeedCreatorFromRegionConsecutiveHitsEDProducer:hltFullIter9TobTecSeedsPair  14-Jun-2021 15:43:28 CEST Run: 1 Event: 405
PixelClusterShapeSeedComparitor helix is not valid, result is bad
%MSG
Begin processing the 10th record. Run 1, Event 412, LumiSection 9 at 14-Jun-2021 15:43:29.210 CEST
Begin processing the 11th record. Run 1, Event 414, LumiSection 9 at 14-Jun-2021 15:43:36.903 CEST
Begin processing the 12th record. Run 1, Event 411, LumiSection 9 at 14-Jun-2021 15:43:42.205 CEST
Begin processing the 13th record. Run 1, Event 410, LumiSection 9 at 14-Jun-2021 15:43:44.939 CEST
Begin processing the 14th record. Run 1, Event 413, LumiSection 9 at 14-Jun-2021 15:43:55.523 CEST
%MSG-w InvalidHelix:   SeedCreatorFromRegionConsecutiveHitsEDProducer:hltFullIter9TobTecSeedsPair  14-Jun-2021 15:44:04 CEST Run: 1 Event: 413
PixelClusterShapeSeedComparitor helix is not valid, result is bad
%MSG
Begin processing the 15th record. Run 1, Event 416, LumiSection 9 at 14-Jun-2021 15:44:05.670 CEST
Begin processing the 16th record. Run 1, Event 417, LumiSection 9 at 14-Jun-2021 15:44:08.848 CEST
Begin processing the 17th record. Run 1, Event 418, LumiSection 9 at 14-Jun-2021 15:44:12.488 CEST
Begin processing the 18th record. Run 1, Event 415, LumiSection 9 at 14-Jun-2021 15:44:18.835 CEST
%MSG-w InvalidHelix:   SeedCreatorFromRegionConsecutiveHitsEDProducer:hltFullIter9TobTecSeedsPair  14-Jun-2021 15:44:27 CEST Run: 1 Event: 415
PixelClusterShapeSeedComparitor helix is not valid, result is bad
%MSG
Begin processing the 19th record. Run 1, Event 422, LumiSection 9 at 14-Jun-2021 15:44:28.892 CEST
Begin processing the 20th record. Run 1, Event 421, LumiSection 9 at 14-Jun-2021 15:44:29.613 CEST
Begin processing the 21st record. Run 1, Event 419, LumiSection 9 at 14-Jun-2021 15:44:32.866 CEST
Begin processing the 22nd record. Run 1, Event 420, LumiSection 9 at 14-Jun-2021 15:44:39.385 CEST
Begin processing the 23rd record. Run 1, Event 423, LumiSection 9 at 14-Jun-2021 15:44:42.098 CEST
Begin processing the 24th record. Run 1, Event 425, LumiSection 9 at 14-Jun-2021 15:44:54.828 CEST
Begin processing the 25th record. Run 1, Event 424, LumiSection 9 at 14-Jun-2021 15:44:56.150 CEST
Begin processing the 26th record. Run 1, Event 426, LumiSection 9 at 14-Jun-2021 15:45:04.033 CEST
Begin processing the 27th record. Run 1, Event 427, LumiSection 9 at 14-Jun-2021 15:45:06.898 CEST
Begin processing the 28th record. Run 1, Event 428, LumiSection 9 at 14-Jun-2021 15:45:11.521 CEST
Begin processing the 29th record. Run 1, Event 429, LumiSection 9 at 14-Jun-2021 15:45:17.484 CEST
Begin processing the 30th record. Run 1, Event 430, LumiSection 9 at 14-Jun-2021 15:45:22.978 CEST
Begin processing the 31st record. Run 1, Event 431, LumiSection 9 at 14-Jun-2021 15:45:27.452 CEST
Begin processing the 32nd record. Run 1, Event 434, LumiSection 9 at 14-Jun-2021 15:45:29.410 CEST
Begin processing the 33rd record. Run 1, Event 433, LumiSection 9 at 14-Jun-2021 15:45:31.871 CEST
Begin processing the 34th record. Run 1, Event 432, LumiSection 9 at 14-Jun-2021 15:45:33.515 CEST
Begin processing the 35th record. Run 1, Event 435, LumiSection 9 at 14-Jun-2021 15:45:41.018 CEST
%MSG-w Muon:  L3MuonProducer:hltL3NoFiltersNoVtxMuonsOIState  14-Jun-2021 15:45:41 CEST Run: 1 Event: 435
     Failed to load tracker track trajectory
%MSG
%MSG-w RecoMuon:  L3MuonProducer:hltL3NoFiltersNoVtxMuonsOIState  14-Jun-2021 15:45:41 CEST Run: 1 Event: 435
     Failed to load tracker track trajectory
%MSG
%MSG-w GlobalMuon:  L3MuonProducer:hltL3NoFiltersNoVtxMuonsOIState  14-Jun-2021 15:45:41 CEST Run: 1 Event: 435
     Failed to load tracker track trajectory
%MSG
%MSG-w GlobalTrajectoryBuilderBase:   L3MuonProducer:hltL3NoFiltersNoVtxMuonsOIState 14-Jun-2021 15:45:41 CEST  Run: 1 Event: 435
     Failed to load tracker track trajectory
%MSG
Begin processing the 36th record. Run 1, Event 437, LumiSection 9 at 14-Jun-2021 15:45:46.547 CEST
Begin processing the 37th record. Run 1, Event 439, LumiSection 9 at 14-Jun-2021 15:45:48.130 CEST
%MSG-e TrajectoryNotPosDef:   TrackProducer:hltIter2ElectronsCtfWithMaterialTracks 14-Jun-2021 15:45:49 CEST  Run: 1 Event: 439
Trajectory covariance is not positive-definite
%MSG
Begin processing the 38th record. Run 1, Event 440, LumiSection 9 at 14-Jun-2021 15:45:57.131 CEST
Begin processing the 39th record. Run 1, Event 436, LumiSection 9 at 14-Jun-2021 15:46:03.270 CEST
Begin processing the 40th record. Run 1, Event 441, LumiSection 9 at 14-Jun-2021 15:46:05.375 CEST
Begin processing the 41st record. Run 1, Event 438, LumiSection 9 at 14-Jun-2021 15:46:13.288 CEST
Begin processing the 42nd record. Run 1, Event 443, LumiSection 9 at 14-Jun-2021 15:46:16.136 CEST
Begin processing the 43rd record. Run 1, Event 445, LumiSection 9 at 14-Jun-2021 15:46:27.505 CEST
Begin processing the 44th record. Run 1, Event 442, LumiSection 9 at 14-Jun-2021 15:46:31.674 CEST
Begin processing the 45th record. Run 1, Event 448, LumiSection 9 at 14-Jun-2021 15:46:34.935 CEST
Begin processing the 46th record. Run 1, Event 447, LumiSection 9 at 14-Jun-2021 15:46:36.512 CEST
Begin processing the 47th record. Run 1, Event 444, LumiSection 9 at 14-Jun-2021 15:46:39.684 CEST
Begin processing the 48th record. Run 1, Event 446, LumiSection 9 at 14-Jun-2021 15:46:43.811 CEST
Begin processing the 49th record. Run 1, Event 449, LumiSection 9 at 14-Jun-2021 15:46:44.617 CEST
Begin processing the 50th record. Run 1, Event 450, LumiSection 9 at 14-Jun-2021 15:46:45.468 CEST
%MSG-w BasicTrajectoryState:   TrackProducer:hltIter2ElectronsCtfWithMaterialTracks 14-Jun-2021 15:46:47 CEST  Run: 1 Event: 450
curv error not pos-def
[  6.65499e+06    -13.0165     -292069     18.1751  -0.0660924
      -13.0165  0.00706235    0.571258-5.14746e-05   0.0540533
       -292069    0.571258     12818.1   -0.804691  0.00289096
       18.1751-5.14746e-05   -0.804691  -0.0538031-0.000129746
    -0.0660924   0.0540533  0.00289096-0.000129746    0.415245 ]
pos/mom/mf  (-10.3916,-2.60637,-4.47303)   (-26.7307,-6.83592,2.34228)   (0.000145563,3.65094e-05,3.81123) 
%MSG
%MSG-w BasicTrajectoryState:   TrackProducer:hltIter2ElectronsCtfWithMaterialTracks 14-Jun-2021 15:46:47 CEST  Run: 1 Event: 450
local error not pos-def
[  6.65499e+06      292503    -972.574     18.1886  0.00666843
        292503     12856.2     -42.747    0.806484 0.000245166
      -972.574     -42.747    0.149283  -0.0026978  -0.0546793
       18.1886    0.806484  -0.0026978  -0.0538832 0.000310804
    0.00666843 0.000245166  -0.0546793 0.000310804    0.418232 ]
pos/mom/mf  (-10.3916,-2.60637,-4.47303)   (-26.7307,-6.83592,2.34228)   (0.000145563,3.65094e-05,3.81123) 
%MSG
14-Jun-2021 15:46:54 CEST  Closed file file:/eos/cms/store/user/tsarkar/DIGIPremix_Condor_output_Vector_MonoZLL_NLO_Mphi-500_Mchi-150_gSM-0p25_gDM-1p0_ctau10p0/step_DIGIPremix_2017UL_20.root

=============================================

MessageLogger Summary

 type     category        sev    module        subroutine        count    total
 ---- -------------------- -- ---------------- ----------------  -----    -----
    1 BasicTrajectoryState -w TrackProducer:hl                       2        2
    2 GlobalMuon           -w L3MuonProducer:h                       1        1
    3 GlobalTrajectoryBuil -w L3MuonProducer:h                       1        1
    4 InvalidHelix         -w SeedCreatorFromR                       4        4
    5 InvalidInputTag      -w CSCHaloDataProdu                       1        1
    6 Muon                 -w L3MuonProducer:h                       1        1
    7 RecoMuon             -w L3MuonProducer:h                       1        1
    8 TrajectoryNotPosDef  -e TrackProducer:hl                       1        1
    9 fileAction           -s file_close                             1        1
   10 fileAction           -s file_open                              2        2

 type    category    Examples: run/evt        run/evt          run/evt
 ---- -------------------- ---------------- ---------------- ----------------
    1 BasicTrajectoryState 1/450            1/450            
    2 GlobalMuon           1/435                             
    3 GlobalTrajectoryBuilderBase 1/435                             
    4 InvalidHelix         1/406            1/405            1/415
    5 InvalidInputTag      1/409                             
    6 Muon                 1/435                             
    7 RecoMuon             1/435                             
    8 TrajectoryNotPosDef  1/439                             
    9 fileAction           PostGlobalEndRun                  
   10 fileAction           pre-events       pre-events       

Severity    # Occurrences   Total Occurrences
--------    -------------   -----------------
Warning                11                  11
Error                   1                   1
System                  3                   3

dropped waiting message count 0
