000 (7312085.000.000) 06/14 14:45:56 Job submitted from host: <137.138.44.75:9618?addrs=137.138.44.75-9618+[2001-1458-d00-1a--b]-9618&alias=bigbird14.cern.ch&noUDP&sock=schedd_3149486_02ef>
...
040 (7312085.000.000) 06/14 15:39:59 Started transferring input files
	Transferring to host: <188.184.138.67:9618?addrs=188.184.138.67-9618+[2001-1458-301-45--100-56]-9618&alias=b7g42n0143.cern.ch&noUDP&sock=slot1_2_5970_27ac_42540>
...
040 (7312085.000.000) 06/14 15:39:59 Finished transferring input files
...
001 (7312085.000.000) 06/14 15:40:00 Job executing on host: <188.184.138.67:9618?addrs=188.184.138.67-9618+[2001-1458-301-45--100-56]-9618&alias=b7g42n0143.cern.ch&noUDP&sock=startd_4808_7770>
...
006 (7312085.000.000) 06/14 15:40:08 Image size of job updated: 85368
	72  -  MemoryUsage of job (MB)
	73284  -  ResidentSetSize of job (KB)
...
006 (7312085.000.000) 06/14 15:45:08 Image size of job updated: 2357944
	1247  -  MemoryUsage of job (MB)
	1275992  -  ResidentSetSize of job (KB)
...
006 (7312085.000.000) 06/14 15:46:33 Image size of job updated: 2415296
	1247  -  MemoryUsage of job (MB)
	1275992  -  ResidentSetSize of job (KB)
...
040 (7312085.000.000) 06/14 15:46:33 Started transferring output files
...
040 (7312085.000.000) 06/14 15:46:33 Finished transferring output files
...
005 (7312085.000.000) 06/14 15:46:33 Job terminated.
	(1) Normal termination (return value 0)
		Usr 0 00:05:52, Sys 0 00:00:08  -  Run Remote Usage
		Usr 0 00:00:00, Sys 0 00:00:00  -  Run Local Usage
		Usr 0 00:05:52, Sys 0 00:00:08  -  Total Remote Usage
		Usr 0 00:00:00, Sys 0 00:00:00  -  Total Local Usage
	16538  -  Run Bytes Sent By Job
	431  -  Run Bytes Received By Job
	16538  -  Total Bytes Sent By Job
	431  -  Total Bytes Received By Job
	Partitionable Resources :    Usage  Request Allocated 
	   Cpus                 :                 1         1 
	   Disk (KB)            :       30        1    285723 
	   Memory (MB)          :     1247     2000      2000 

	Job terminated of its own accord at 2021-06-14T13:46:33Z.
...
