14-Jun-2021 13:27:20 CEST  Initiating request to open file file:/eos/cms/store/user/tsarkar/SIM_Condor_output_Vector_MonoZLL_NLO_Mphi-500_Mchi-150_gSM-0p25_gDM-1p0_ctau1p0/step_SIM_2017UL_20.root
14-Jun-2021 13:27:22 CEST  Successfully opened file file:/eos/cms/store/user/tsarkar/SIM_Condor_output_Vector_MonoZLL_NLO_Mphi-500_Mchi-150_gSM-0p25_gDM-1p0_ctau1p0/step_SIM_2017UL_20.root
14-Jun-2021 13:27:27 CEST  Initiating request to open file root://eoscms.cern.ch//eos/cms/store/mc/RunIISummer20ULPrePremix/Neutrino_E-10_gun/PREMIX/UL17_106X_mc2017_realistic_v6-v3/210018/6876A184-786C-2A40-8223-B42734C691BA.root
%MSG-w XrdAdaptor:  PreMixingModule:mixData@ctor 14-Jun-2021 13:27:29 CEST  pre-events
Data is served from cern.ch instead of original site eoscms
%MSG
14-Jun-2021 13:27:29 CEST  Successfully opened file root://eoscms.cern.ch//eos/cms/store/mc/RunIISummer20ULPrePremix/Neutrino_E-10_gun/PREMIX/UL17_106X_mc2017_realistic_v6-v3/210018/6876A184-786C-2A40-8223-B42734C691BA.root
Begin processing the 1st record. Run 1, Event 951, LumiSection 20 on stream 0 at 14-Jun-2021 13:27:50.324 CEST
14-Jun-2021 13:29:56 CEST  Closed file root://eoscms.cern.ch//eos/cms/store/mc/RunIISummer20ULPrePremix/Neutrino_E-10_gun/PREMIX/UL17_106X_mc2017_realistic_v6-v3/210018/6876A184-786C-2A40-8223-B42734C691BA.root
14-Jun-2021 13:29:56 CEST  Initiating request to open file root://eoscms.cern.ch//eos/cms/store/mc/RunIISummer20ULPrePremix/Neutrino_E-10_gun/PREMIX/UL17_106X_mc2017_realistic_v6-v3/210004/AD805AF6-BA1A-704B-B19D-66E0790EACB8.root
%MSG-w XrdAdaptor:  PreMixingModule:mixData 14-Jun-2021 13:29:58 CEST  Run: 1 Event: 951
Data is served from cern.ch instead of original site eoscms
%MSG
14-Jun-2021 13:29:58 CEST  Successfully opened file root://eoscms.cern.ch//eos/cms/store/mc/RunIISummer20ULPrePremix/Neutrino_E-10_gun/PREMIX/UL17_106X_mc2017_realistic_v6-v3/210004/AD805AF6-BA1A-704B-B19D-66E0790EACB8.root
Begin processing the 2nd record. Run 1, Event 954, LumiSection 20 on stream 0 at 14-Jun-2021 13:30:09.622 CEST
Begin processing the 3rd record. Run 1, Event 952, LumiSection 20 on stream 0 at 14-Jun-2021 13:30:13.864 CEST
Begin processing the 4th record. Run 1, Event 953, LumiSection 20 on stream 0 at 14-Jun-2021 13:30:16.700 CEST
Begin processing the 5th record. Run 1, Event 955, LumiSection 20 on stream 0 at 14-Jun-2021 13:30:20.385 CEST
Begin processing the 6th record. Run 1, Event 957, LumiSection 20 on stream 0 at 14-Jun-2021 13:30:23.738 CEST
Begin processing the 7th record. Run 1, Event 956, LumiSection 20 on stream 0 at 14-Jun-2021 13:30:27.153 CEST
Begin processing the 8th record. Run 1, Event 961, LumiSection 20 on stream 0 at 14-Jun-2021 13:30:30.844 CEST
Begin processing the 9th record. Run 1, Event 960, LumiSection 20 on stream 0 at 14-Jun-2021 13:30:34.638 CEST
Begin processing the 10th record. Run 1, Event 963, LumiSection 20 on stream 0 at 14-Jun-2021 13:30:38.401 CEST
Begin processing the 11th record. Run 1, Event 959, LumiSection 20 on stream 0 at 14-Jun-2021 13:30:41.716 CEST
Begin processing the 12th record. Run 1, Event 958, LumiSection 20 on stream 0 at 14-Jun-2021 13:30:45.875 CEST
Begin processing the 13th record. Run 1, Event 962, LumiSection 20 on stream 0 at 14-Jun-2021 13:30:50.452 CEST
Begin processing the 14th record. Run 1, Event 964, LumiSection 20 on stream 0 at 14-Jun-2021 13:30:54.449 CEST
Begin processing the 15th record. Run 1, Event 966, LumiSection 20 on stream 0 at 14-Jun-2021 13:30:58.379 CEST
Begin processing the 16th record. Run 1, Event 965, LumiSection 20 on stream 0 at 14-Jun-2021 13:31:01.943 CEST
Begin processing the 17th record. Run 1, Event 967, LumiSection 20 on stream 0 at 14-Jun-2021 13:31:06.061 CEST
Begin processing the 18th record. Run 1, Event 968, LumiSection 20 on stream 0 at 14-Jun-2021 13:31:10.166 CEST
Begin processing the 19th record. Run 1, Event 971, LumiSection 20 on stream 0 at 14-Jun-2021 13:31:13.405 CEST
Begin processing the 20th record. Run 1, Event 972, LumiSection 20 on stream 0 at 14-Jun-2021 13:31:16.883 CEST
Begin processing the 21st record. Run 1, Event 969, LumiSection 20 on stream 0 at 14-Jun-2021 13:31:20.154 CEST
Begin processing the 22nd record. Run 1, Event 975, LumiSection 20 on stream 0 at 14-Jun-2021 13:31:23.643 CEST
Begin processing the 23rd record. Run 1, Event 973, LumiSection 20 on stream 0 at 14-Jun-2021 13:31:26.963 CEST
Begin processing the 24th record. Run 1, Event 974, LumiSection 20 on stream 0 at 14-Jun-2021 13:31:30.963 CEST
Begin processing the 25th record. Run 1, Event 970, LumiSection 20 on stream 0 at 14-Jun-2021 13:31:34.757 CEST
Begin processing the 26th record. Run 1, Event 977, LumiSection 20 on stream 0 at 14-Jun-2021 13:31:38.216 CEST
Begin processing the 27th record. Run 1, Event 980, LumiSection 20 on stream 0 at 14-Jun-2021 13:31:42.192 CEST
Begin processing the 28th record. Run 1, Event 979, LumiSection 20 on stream 0 at 14-Jun-2021 13:31:45.690 CEST
Begin processing the 29th record. Run 1, Event 978, LumiSection 20 on stream 0 at 14-Jun-2021 13:31:49.337 CEST
Begin processing the 30th record. Run 1, Event 976, LumiSection 20 on stream 0 at 14-Jun-2021 13:31:53.726 CEST
Begin processing the 31st record. Run 1, Event 982, LumiSection 20 on stream 0 at 14-Jun-2021 13:31:57.432 CEST
Begin processing the 32nd record. Run 1, Event 981, LumiSection 20 on stream 0 at 14-Jun-2021 13:32:00.733 CEST
Begin processing the 33rd record. Run 1, Event 983, LumiSection 20 on stream 0 at 14-Jun-2021 13:32:04.225 CEST
Begin processing the 34th record. Run 1, Event 985, LumiSection 20 on stream 0 at 14-Jun-2021 13:32:08.370 CEST
Begin processing the 35th record. Run 1, Event 988, LumiSection 20 on stream 0 at 14-Jun-2021 13:32:11.779 CEST
Begin processing the 36th record. Run 1, Event 986, LumiSection 20 on stream 0 at 14-Jun-2021 13:32:15.297 CEST
Begin processing the 37th record. Run 1, Event 987, LumiSection 20 on stream 0 at 14-Jun-2021 13:32:19.816 CEST
Begin processing the 38th record. Run 1, Event 984, LumiSection 20 on stream 0 at 14-Jun-2021 13:32:23.496 CEST
Begin processing the 39th record. Run 1, Event 989, LumiSection 20 on stream 0 at 14-Jun-2021 13:32:27.603 CEST
Begin processing the 40th record. Run 1, Event 991, LumiSection 20 on stream 0 at 14-Jun-2021 13:32:31.286 CEST
Begin processing the 41st record. Run 1, Event 990, LumiSection 20 on stream 0 at 14-Jun-2021 13:32:35.395 CEST
Begin processing the 42nd record. Run 1, Event 992, LumiSection 20 on stream 0 at 14-Jun-2021 13:32:40.219 CEST
Begin processing the 43rd record. Run 1, Event 993, LumiSection 20 on stream 0 at 14-Jun-2021 13:32:43.765 CEST
Begin processing the 44th record. Run 1, Event 995, LumiSection 20 on stream 0 at 14-Jun-2021 13:32:47.579 CEST
Begin processing the 45th record. Run 1, Event 994, LumiSection 20 on stream 0 at 14-Jun-2021 13:32:50.933 CEST
Begin processing the 46th record. Run 1, Event 998, LumiSection 20 on stream 0 at 14-Jun-2021 13:32:54.013 CEST
Begin processing the 47th record. Run 1, Event 996, LumiSection 20 on stream 0 at 14-Jun-2021 13:32:57.630 CEST
Begin processing the 48th record. Run 1, Event 1000, LumiSection 20 on stream 0 at 14-Jun-2021 13:33:01.362 CEST
Begin processing the 49th record. Run 1, Event 997, LumiSection 20 on stream 0 at 14-Jun-2021 13:33:05.249 CEST
Begin processing the 50th record. Run 1, Event 999, LumiSection 20 on stream 0 at 14-Jun-2021 13:33:08.983 CEST
14-Jun-2021 13:33:12 CEST  Closed file file:/eos/cms/store/user/tsarkar/SIM_Condor_output_Vector_MonoZLL_NLO_Mphi-500_Mchi-150_gSM-0p25_gDM-1p0_ctau1p0/step_SIM_2017UL_20.root
14-Jun-2021 13:33:12 CEST  Closed file root://eoscms.cern.ch//eos/cms/store/mc/RunIISummer20ULPrePremix/Neutrino_E-10_gun/PREMIX/UL17_106X_mc2017_realistic_v6-v3/210004/AD805AF6-BA1A-704B-B19D-66E0790EACB8.root

=============================================

MessageLogger Summary

 type     category        sev    module        subroutine        count    total
 ---- -------------------- -- ---------------- ----------------  -----    -----
    1 XrdAdaptor           -w PreMixingModule:                       1        1
    2 XrdAdaptor           -w PreMixingModule:                       1        1
    3 fileAction           -s PreMixingModule:                       3        3
    4 fileAction           -s PreMixingModule:                       2        2
    5 fileAction           -s PreMixingModule:                       1        1
    6 fileAction           -s file_close                             1        1
    7 fileAction           -s file_open                              2        2

 type    category    Examples: run/evt        run/evt          run/evt
 ---- -------------------- ---------------- ---------------- ----------------
    1 XrdAdaptor           1/951                             
    2 XrdAdaptor           pre-events                        
    3 fileAction           1/951            1/951            1/951
    4 fileAction           pre-events       pre-events       
    5 fileAction           PostGlobalEndRun                  
    6 fileAction           PostGlobalEndRun                  
    7 fileAction           pre-events       pre-events       

Severity    # Occurrences   Total Occurrences
--------    -------------   -----------------
Warning                 2                   2
System                  9                   9

dropped waiting message count 0
