14-Jun-2021 13:27:08 CEST  Initiating request to open file file:/eos/cms/store/user/tsarkar/SIM_Condor_output_Vector_MonoZLL_NLO_Mphi-500_Mchi-150_gSM-0p25_gDM-1p0_ctau1p0/step_SIM_2017UL_10.root
14-Jun-2021 13:27:10 CEST  Successfully opened file file:/eos/cms/store/user/tsarkar/SIM_Condor_output_Vector_MonoZLL_NLO_Mphi-500_Mchi-150_gSM-0p25_gDM-1p0_ctau1p0/step_SIM_2017UL_10.root
14-Jun-2021 13:27:13 CEST  Initiating request to open file root://eoscms.cern.ch//eos/cms/store/mc/RunIISummer20ULPrePremix/Neutrino_E-10_gun/PREMIX/UL17_106X_mc2017_realistic_v6-v3/210018/06F88C7C-D419-8A47-99C6-CB9BD2518C5F.root
%MSG-w XrdAdaptor:  PreMixingModule:mixData@ctor 14-Jun-2021 13:27:15 CEST  pre-events
Data is served from cern.ch instead of original site eoscms
%MSG
14-Jun-2021 13:27:15 CEST  Successfully opened file root://eoscms.cern.ch//eos/cms/store/mc/RunIISummer20ULPrePremix/Neutrino_E-10_gun/PREMIX/UL17_106X_mc2017_realistic_v6-v3/210018/06F88C7C-D419-8A47-99C6-CB9BD2518C5F.root
Begin processing the 1st record. Run 1, Event 453, LumiSection 10 on stream 0 at 14-Jun-2021 13:27:29.481 CEST
14-Jun-2021 13:29:07 CEST  Closed file root://eoscms.cern.ch//eos/cms/store/mc/RunIISummer20ULPrePremix/Neutrino_E-10_gun/PREMIX/UL17_106X_mc2017_realistic_v6-v3/210018/06F88C7C-D419-8A47-99C6-CB9BD2518C5F.root
14-Jun-2021 13:29:07 CEST  Initiating request to open file root://eoscms.cern.ch//eos/cms/store/mc/RunIISummer20ULPrePremix/Neutrino_E-10_gun/PREMIX/UL17_106X_mc2017_realistic_v6-v3/210007/5ACD7AE6-6438-3F46-AFB6-685F4F768F6B.root
%MSG-w XrdAdaptor:  PreMixingModule:mixData 14-Jun-2021 13:29:09 CEST  Run: 1 Event: 453
Data is served from cern.ch instead of original site eoscms
%MSG
14-Jun-2021 13:29:09 CEST  Successfully opened file root://eoscms.cern.ch//eos/cms/store/mc/RunIISummer20ULPrePremix/Neutrino_E-10_gun/PREMIX/UL17_106X_mc2017_realistic_v6-v3/210007/5ACD7AE6-6438-3F46-AFB6-685F4F768F6B.root
Begin processing the 2nd record. Run 1, Event 451, LumiSection 10 on stream 0 at 14-Jun-2021 13:29:26.978 CEST
Begin processing the 3rd record. Run 1, Event 454, LumiSection 10 on stream 0 at 14-Jun-2021 13:29:29.834 CEST
Begin processing the 4th record. Run 1, Event 457, LumiSection 10 on stream 0 at 14-Jun-2021 13:29:32.753 CEST
Begin processing the 5th record. Run 1, Event 452, LumiSection 10 on stream 0 at 14-Jun-2021 13:29:35.250 CEST
Begin processing the 6th record. Run 1, Event 458, LumiSection 10 on stream 0 at 14-Jun-2021 13:29:38.404 CEST
Begin processing the 7th record. Run 1, Event 455, LumiSection 10 on stream 0 at 14-Jun-2021 13:29:40.982 CEST
Begin processing the 8th record. Run 1, Event 459, LumiSection 10 on stream 0 at 14-Jun-2021 13:29:43.795 CEST
Begin processing the 9th record. Run 1, Event 456, LumiSection 10 on stream 0 at 14-Jun-2021 13:29:46.302 CEST
Begin processing the 10th record. Run 1, Event 461, LumiSection 10 on stream 0 at 14-Jun-2021 13:29:49.438 CEST
Begin processing the 11th record. Run 1, Event 462, LumiSection 10 on stream 0 at 14-Jun-2021 13:29:52.072 CEST
Begin processing the 12th record. Run 1, Event 463, LumiSection 10 on stream 0 at 14-Jun-2021 13:29:54.656 CEST
Begin processing the 13th record. Run 1, Event 464, LumiSection 10 on stream 0 at 14-Jun-2021 13:29:57.471 CEST
Begin processing the 14th record. Run 1, Event 460, LumiSection 10 on stream 0 at 14-Jun-2021 13:30:00.345 CEST
Begin processing the 15th record. Run 1, Event 468, LumiSection 10 on stream 0 at 14-Jun-2021 13:30:04.544 CEST
Begin processing the 16th record. Run 1, Event 467, LumiSection 10 on stream 0 at 14-Jun-2021 13:30:07.195 CEST
Begin processing the 17th record. Run 1, Event 465, LumiSection 10 on stream 0 at 14-Jun-2021 13:30:10.043 CEST
Begin processing the 18th record. Run 1, Event 466, LumiSection 10 on stream 0 at 14-Jun-2021 13:30:13.458 CEST
Begin processing the 19th record. Run 1, Event 470, LumiSection 10 on stream 0 at 14-Jun-2021 13:30:16.478 CEST
Begin processing the 20th record. Run 1, Event 471, LumiSection 10 on stream 0 at 14-Jun-2021 13:30:18.963 CEST
Begin processing the 21st record. Run 1, Event 469, LumiSection 10 on stream 0 at 14-Jun-2021 13:30:22.289 CEST
Begin processing the 22nd record. Run 1, Event 473, LumiSection 10 on stream 0 at 14-Jun-2021 13:30:25.628 CEST
Begin processing the 23rd record. Run 1, Event 472, LumiSection 10 on stream 0 at 14-Jun-2021 13:30:28.353 CEST
Begin processing the 24th record. Run 1, Event 474, LumiSection 10 on stream 0 at 14-Jun-2021 13:30:31.138 CEST
Begin processing the 25th record. Run 1, Event 476, LumiSection 10 on stream 0 at 14-Jun-2021 13:30:33.568 CEST
Begin processing the 26th record. Run 1, Event 475, LumiSection 10 on stream 0 at 14-Jun-2021 13:30:36.624 CEST
Begin processing the 27th record. Run 1, Event 478, LumiSection 10 on stream 0 at 14-Jun-2021 13:30:39.942 CEST
Begin processing the 28th record. Run 1, Event 477, LumiSection 10 on stream 0 at 14-Jun-2021 13:30:43.222 CEST
Begin processing the 29th record. Run 1, Event 479, LumiSection 10 on stream 0 at 14-Jun-2021 13:30:46.788 CEST
Begin processing the 30th record. Run 1, Event 483, LumiSection 10 on stream 0 at 14-Jun-2021 13:30:49.732 CEST
Begin processing the 31st record. Run 1, Event 480, LumiSection 10 on stream 0 at 14-Jun-2021 13:30:52.099 CEST
Begin processing the 32nd record. Run 1, Event 482, LumiSection 10 on stream 0 at 14-Jun-2021 13:30:55.386 CEST
Begin processing the 33rd record. Run 1, Event 481, LumiSection 10 on stream 0 at 14-Jun-2021 13:30:58.456 CEST
Begin processing the 34th record. Run 1, Event 484, LumiSection 10 on stream 0 at 14-Jun-2021 13:31:02.030 CEST
Begin processing the 35th record. Run 1, Event 485, LumiSection 10 on stream 0 at 14-Jun-2021 13:31:05.606 CEST
Begin processing the 36th record. Run 1, Event 486, LumiSection 10 on stream 0 at 14-Jun-2021 13:31:08.607 CEST
Begin processing the 37th record. Run 1, Event 487, LumiSection 10 on stream 0 at 14-Jun-2021 13:31:10.905 CEST
Begin processing the 38th record. Run 1, Event 489, LumiSection 10 on stream 0 at 14-Jun-2021 13:31:13.277 CEST
Begin processing the 39th record. Run 1, Event 492, LumiSection 10 on stream 0 at 14-Jun-2021 13:31:15.766 CEST
Begin processing the 40th record. Run 1, Event 491, LumiSection 10 on stream 0 at 14-Jun-2021 13:31:17.881 CEST
Begin processing the 41st record. Run 1, Event 488, LumiSection 10 on stream 0 at 14-Jun-2021 13:31:20.415 CEST
Begin processing the 42nd record. Run 1, Event 493, LumiSection 10 on stream 0 at 14-Jun-2021 13:31:23.114 CEST
Begin processing the 43rd record. Run 1, Event 490, LumiSection 10 on stream 0 at 14-Jun-2021 13:31:25.943 CEST
Begin processing the 44th record. Run 1, Event 496, LumiSection 10 on stream 0 at 14-Jun-2021 13:31:29.140 CEST
Begin processing the 45th record. Run 1, Event 494, LumiSection 10 on stream 0 at 14-Jun-2021 13:31:32.194 CEST
Begin processing the 46th record. Run 1, Event 497, LumiSection 10 on stream 0 at 14-Jun-2021 13:31:35.403 CEST
Begin processing the 47th record. Run 1, Event 495, LumiSection 10 on stream 0 at 14-Jun-2021 13:31:37.906 CEST
Begin processing the 48th record. Run 1, Event 500, LumiSection 10 on stream 0 at 14-Jun-2021 13:31:41.054 CEST
Begin processing the 49th record. Run 1, Event 498, LumiSection 10 on stream 0 at 14-Jun-2021 13:31:43.589 CEST
Begin processing the 50th record. Run 1, Event 499, LumiSection 10 on stream 0 at 14-Jun-2021 13:31:45.961 CEST
14-Jun-2021 13:31:48 CEST  Closed file file:/eos/cms/store/user/tsarkar/SIM_Condor_output_Vector_MonoZLL_NLO_Mphi-500_Mchi-150_gSM-0p25_gDM-1p0_ctau1p0/step_SIM_2017UL_10.root
14-Jun-2021 13:31:49 CEST  Closed file root://eoscms.cern.ch//eos/cms/store/mc/RunIISummer20ULPrePremix/Neutrino_E-10_gun/PREMIX/UL17_106X_mc2017_realistic_v6-v3/210007/5ACD7AE6-6438-3F46-AFB6-685F4F768F6B.root

=============================================

MessageLogger Summary

 type     category        sev    module        subroutine        count    total
 ---- -------------------- -- ---------------- ----------------  -----    -----
    1 XrdAdaptor           -w PreMixingModule:                       1        1
    2 XrdAdaptor           -w PreMixingModule:                       1        1
    3 fileAction           -s PreMixingModule:                       3        3
    4 fileAction           -s PreMixingModule:                       2        2
    5 fileAction           -s PreMixingModule:                       1        1
    6 fileAction           -s file_close                             1        1
    7 fileAction           -s file_open                              2        2

 type    category    Examples: run/evt        run/evt          run/evt
 ---- -------------------- ---------------- ---------------- ----------------
    1 XrdAdaptor           1/453                             
    2 XrdAdaptor           pre-events                        
    3 fileAction           1/453            1/453            1/453
    4 fileAction           pre-events       pre-events       
    5 fileAction           PostGlobalEndRun                  
    6 fileAction           PostGlobalEndRun                  
    7 fileAction           pre-events       pre-events       

Severity    # Occurrences   Total Occurrences
--------    -------------   -----------------
Warning                 2                   2
System                  9                   9

dropped waiting message count 0
