000 (7309400.000.000) 06/14 11:25:41 Job submitted from host: <137.138.44.75:9618?addrs=137.138.44.75-9618+[2001-1458-d00-1a--b]-9618&alias=bigbird14.cern.ch&noUDP&sock=schedd_3149486_02ef>
...
040 (7309400.000.000) 06/14 13:26:57 Started transferring input files
	Transferring to host: <128.142.79.28:9618?addrs=128.142.79.28-9618+[2001-1458-301-f4--100-700]-9618&alias=b7s12n7035.cern.ch&noUDP&sock=slot1_5_5992_a7ed_41265>
...
040 (7309400.000.000) 06/14 13:26:57 Finished transferring input files
...
001 (7309400.000.000) 06/14 13:26:58 Job executing on host: <128.142.79.28:9618?addrs=128.142.79.28-9618+[2001-1458-301-f4--100-700]-9618&alias=b7s12n7035.cern.ch&noUDP&sock=startd_4571_e77e>
...
006 (7309400.000.000) 06/14 13:27:07 Image size of job updated: 59120
	44  -  MemoryUsage of job (MB)
	44636  -  ResidentSetSize of job (KB)
...
006 (7309400.000.000) 06/14 13:31:46 Image size of job updated: 3000952
	44  -  MemoryUsage of job (MB)
	44636  -  ResidentSetSize of job (KB)
...
040 (7309400.000.000) 06/14 13:31:46 Started transferring output files
...
040 (7309400.000.000) 06/14 13:31:46 Finished transferring output files
...
005 (7309400.000.000) 06/14 13:31:46 Job terminated.
	(1) Normal termination (return value 0)
		Usr 0 00:03:40, Sys 0 00:00:06  -  Run Remote Usage
		Usr 0 00:00:00, Sys 0 00:00:00  -  Run Local Usage
		Usr 0 00:03:40, Sys 0 00:00:06  -  Total Remote Usage
		Usr 0 00:00:00, Sys 0 00:00:00  -  Total Local Usage
	15151  -  Run Bytes Sent By Job
	443  -  Run Bytes Received By Job
	15151  -  Total Bytes Sent By Job
	443  -  Total Bytes Received By Job
	Partitionable Resources :    Usage  Request Allocated 
	   Cpus                 :                 1         1 
	   Disk (KB)            :       28        1    284888 
	   Memory (MB)          :       44     2000      2000 

	Job terminated of its own accord at 2021-06-14T11:31:46Z.
...
