000 (7309394.000.000) 06/14 11:25:29 Job submitted from host: <137.138.44.75:9618?addrs=137.138.44.75-9618+[2001-1458-d00-1a--b]-9618&alias=bigbird14.cern.ch&noUDP&sock=schedd_3149486_02ef>
...
040 (7309394.000.000) 06/14 13:26:55 Started transferring input files
	Transferring to host: <128.142.74.233:9618?addrs=128.142.74.233-9618+[2001-1458-301-75--100-1aa]-9618&alias=b7s11n7334.cern.ch&noUDP&sock=slot1_2_4913_6721_47715>
...
040 (7309394.000.000) 06/14 13:26:55 Finished transferring input files
...
001 (7309394.000.000) 06/14 13:26:56 Job executing on host: <128.142.74.233:9618?addrs=128.142.74.233-9618+[2001-1458-301-75--100-1aa]-9618&alias=b7s11n7334.cern.ch&noUDP&sock=startd_3940_173c>
...
006 (7309394.000.000) 06/14 13:27:05 Image size of job updated: 55556
	41  -  MemoryUsage of job (MB)
	41072  -  ResidentSetSize of job (KB)
...
006 (7309394.000.000) 06/14 13:32:06 Image size of job updated: 3000908
	1782  -  MemoryUsage of job (MB)
	1824228  -  ResidentSetSize of job (KB)
...
006 (7309394.000.000) 06/14 13:33:14 Image size of job updated: 3000924
	1782  -  MemoryUsage of job (MB)
	1824228  -  ResidentSetSize of job (KB)
...
040 (7309394.000.000) 06/14 13:33:14 Started transferring output files
...
040 (7309394.000.000) 06/14 13:33:14 Finished transferring output files
...
005 (7309394.000.000) 06/14 13:33:14 Job terminated.
	(1) Normal termination (return value 0)
		Usr 0 00:05:17, Sys 0 00:00:08  -  Run Remote Usage
		Usr 0 00:00:00, Sys 0 00:00:00  -  Run Local Usage
		Usr 0 00:05:17, Sys 0 00:00:08  -  Total Remote Usage
		Usr 0 00:00:00, Sys 0 00:00:00  -  Total Local Usage
	15296  -  Run Bytes Sent By Job
	443  -  Run Bytes Received By Job
	15296  -  Total Bytes Sent By Job
	443  -  Total Bytes Received By Job
	Partitionable Resources :    Usage  Request Allocated 
	   Cpus                 :                 1         1 
	   Disk (KB)            :       29        1    287878 
	   Memory (MB)          :     1782     2000      2000 

	Job terminated of its own accord at 2021-06-14T11:33:14Z.
...
