000 (7309392.000.000) 06/14 11:25:25 Job submitted from host: <137.138.44.75:9618?addrs=137.138.44.75-9618+[2001-1458-d00-1a--b]-9618&alias=bigbird14.cern.ch&noUDP&sock=schedd_3149486_02ef>
...
040 (7309392.000.000) 06/14 13:26:54 Started transferring input files
	Transferring to host: <128.142.83.209:9618?addrs=128.142.83.209-9618+[2001-1458-301-f5--100-675]-9618&alias=b7s13n4581.cern.ch&noUDP&sock=slot1_4_4685_c198_41289>
...
040 (7309392.000.000) 06/14 13:26:54 Finished transferring input files
...
001 (7309392.000.000) 06/14 13:26:55 Job executing on host: <128.142.83.209:9618?addrs=128.142.83.209-9618+[2001-1458-301-f5--100-675]-9618&alias=b7s13n4581.cern.ch&noUDP&sock=startd_3819_1846>
...
006 (7309392.000.000) 06/14 13:27:04 Image size of job updated: 287236
	92  -  MemoryUsage of job (MB)
	93544  -  ResidentSetSize of job (KB)
...
006 (7309392.000.000) 06/14 13:31:25 Image size of job updated: 3000944
	92  -  MemoryUsage of job (MB)
	93544  -  ResidentSetSize of job (KB)
...
040 (7309392.000.000) 06/14 13:31:25 Started transferring output files
...
040 (7309392.000.000) 06/14 13:31:25 Finished transferring output files
...
005 (7309392.000.000) 06/14 13:31:26 Job terminated.
	(1) Normal termination (return value 0)
		Usr 0 00:03:32, Sys 0 00:00:06  -  Run Remote Usage
		Usr 0 00:00:00, Sys 0 00:00:00  -  Run Local Usage
		Usr 0 00:03:32, Sys 0 00:00:06  -  Total Remote Usage
		Usr 0 00:00:00, Sys 0 00:00:00  -  Total Local Usage
	15477  -  Run Bytes Sent By Job
	443  -  Run Bytes Received By Job
	15477  -  Total Bytes Sent By Job
	443  -  Total Bytes Received By Job
	Partitionable Resources :    Usage  Request Allocated 
	   Cpus                 :                 1         1 
	   Disk (KB)            :       29        1    275287 
	   Memory (MB)          :       92     2000      2000 

	Job terminated of its own accord at 2021-06-14T11:31:25Z.
...
