14-Jun-2021 13:27:28 CEST  Initiating request to open file file:/eos/cms/store/user/tsarkar/SIM_Condor_output_Vector_MonoZLL_NLO_Mphi-500_Mchi-150_gSM-0p25_gDM-1p0_ctau1p0/step_SIM_2017UL_14.root
14-Jun-2021 13:27:31 CEST  Successfully opened file file:/eos/cms/store/user/tsarkar/SIM_Condor_output_Vector_MonoZLL_NLO_Mphi-500_Mchi-150_gSM-0p25_gDM-1p0_ctau1p0/step_SIM_2017UL_14.root
14-Jun-2021 13:27:37 CEST  Initiating request to open file root://eoscms.cern.ch//eos/cms/store/mc/RunIISummer20ULPrePremix/Neutrino_E-10_gun/PREMIX/UL17_106X_mc2017_realistic_v6-v3/210009/77A48E8F-413D-DA4B-AE9E-E6C03D549DD0.root
%MSG-w XrdAdaptor:  PreMixingModule:mixData@ctor 14-Jun-2021 13:27:39 CEST  pre-events
Data is served from cern.ch instead of original site eoscms
%MSG
14-Jun-2021 13:27:39 CEST  Successfully opened file root://eoscms.cern.ch//eos/cms/store/mc/RunIISummer20ULPrePremix/Neutrino_E-10_gun/PREMIX/UL17_106X_mc2017_realistic_v6-v3/210009/77A48E8F-413D-DA4B-AE9E-E6C03D549DD0.root
Begin processing the 1st record. Run 1, Event 652, LumiSection 14 on stream 0 at 14-Jun-2021 13:27:58.501 CEST
14-Jun-2021 13:30:39 CEST  Closed file root://eoscms.cern.ch//eos/cms/store/mc/RunIISummer20ULPrePremix/Neutrino_E-10_gun/PREMIX/UL17_106X_mc2017_realistic_v6-v3/210009/77A48E8F-413D-DA4B-AE9E-E6C03D549DD0.root
14-Jun-2021 13:30:39 CEST  Initiating request to open file root://eoscms.cern.ch//eos/cms/store/mc/RunIISummer20ULPrePremix/Neutrino_E-10_gun/PREMIX/UL17_106X_mc2017_realistic_v6-v3/210021/7F7DD5E3-C1FE-0246-A3DE-E47EE40B069E.root
%MSG-w XrdAdaptor:  PreMixingModule:mixData 14-Jun-2021 13:30:41 CEST  Run: 1 Event: 652
Data is served from cern.ch instead of original site eoscms
%MSG
14-Jun-2021 13:30:41 CEST  Successfully opened file root://eoscms.cern.ch//eos/cms/store/mc/RunIISummer20ULPrePremix/Neutrino_E-10_gun/PREMIX/UL17_106X_mc2017_realistic_v6-v3/210021/7F7DD5E3-C1FE-0246-A3DE-E47EE40B069E.root
Begin processing the 2nd record. Run 1, Event 653, LumiSection 14 on stream 0 at 14-Jun-2021 13:30:55.096 CEST
Begin processing the 3rd record. Run 1, Event 651, LumiSection 14 on stream 0 at 14-Jun-2021 13:30:59.109 CEST
Begin processing the 4th record. Run 1, Event 654, LumiSection 14 on stream 0 at 14-Jun-2021 13:31:02.608 CEST
Begin processing the 5th record. Run 1, Event 655, LumiSection 14 on stream 0 at 14-Jun-2021 13:31:07.139 CEST
Begin processing the 6th record. Run 1, Event 656, LumiSection 14 on stream 0 at 14-Jun-2021 13:31:10.498 CEST
Begin processing the 7th record. Run 1, Event 657, LumiSection 14 on stream 0 at 14-Jun-2021 13:31:14.494 CEST
Begin processing the 8th record. Run 1, Event 658, LumiSection 14 on stream 0 at 14-Jun-2021 13:31:18.475 CEST
Begin processing the 9th record. Run 1, Event 659, LumiSection 14 on stream 0 at 14-Jun-2021 13:31:23.156 CEST
Begin processing the 10th record. Run 1, Event 662, LumiSection 14 on stream 0 at 14-Jun-2021 13:31:27.521 CEST
Begin processing the 11th record. Run 1, Event 660, LumiSection 14 on stream 0 at 14-Jun-2021 13:31:31.425 CEST
Begin processing the 12th record. Run 1, Event 661, LumiSection 14 on stream 0 at 14-Jun-2021 13:31:35.451 CEST
Begin processing the 13th record. Run 1, Event 664, LumiSection 14 on stream 0 at 14-Jun-2021 13:31:39.635 CEST
Begin processing the 14th record. Run 1, Event 666, LumiSection 14 on stream 0 at 14-Jun-2021 13:31:43.523 CEST
Begin processing the 15th record. Run 1, Event 667, LumiSection 14 on stream 0 at 14-Jun-2021 13:31:47.581 CEST
Begin processing the 16th record. Run 1, Event 663, LumiSection 14 on stream 0 at 14-Jun-2021 13:31:50.802 CEST
Begin processing the 17th record. Run 1, Event 665, LumiSection 14 on stream 0 at 14-Jun-2021 13:31:54.718 CEST
Begin processing the 18th record. Run 1, Event 669, LumiSection 14 on stream 0 at 14-Jun-2021 13:31:59.222 CEST
Begin processing the 19th record. Run 1, Event 668, LumiSection 14 on stream 0 at 14-Jun-2021 13:32:04.043 CEST
Begin processing the 20th record. Run 1, Event 670, LumiSection 14 on stream 0 at 14-Jun-2021 13:32:08.113 CEST
Begin processing the 21st record. Run 1, Event 673, LumiSection 14 on stream 0 at 14-Jun-2021 13:32:11.610 CEST
Begin processing the 22nd record. Run 1, Event 671, LumiSection 14 on stream 0 at 14-Jun-2021 13:32:16.180 CEST
Begin processing the 23rd record. Run 1, Event 672, LumiSection 14 on stream 0 at 14-Jun-2021 13:32:20.582 CEST
Begin processing the 24th record. Run 1, Event 676, LumiSection 14 on stream 0 at 14-Jun-2021 13:32:24.227 CEST
Begin processing the 25th record. Run 1, Event 675, LumiSection 14 on stream 0 at 14-Jun-2021 13:32:28.239 CEST
Begin processing the 26th record. Run 1, Event 674, LumiSection 14 on stream 0 at 14-Jun-2021 13:32:31.362 CEST
Begin processing the 27th record. Run 1, Event 678, LumiSection 14 on stream 0 at 14-Jun-2021 13:32:35.585 CEST
Begin processing the 28th record. Run 1, Event 680, LumiSection 14 on stream 0 at 14-Jun-2021 13:32:39.427 CEST
Begin processing the 29th record. Run 1, Event 679, LumiSection 14 on stream 0 at 14-Jun-2021 13:32:44.901 CEST
Begin processing the 30th record. Run 1, Event 681, LumiSection 14 on stream 0 at 14-Jun-2021 13:32:49.435 CEST
Begin processing the 31st record. Run 1, Event 677, LumiSection 14 on stream 0 at 14-Jun-2021 13:32:51.826 CEST
Begin processing the 32nd record. Run 1, Event 682, LumiSection 14 on stream 0 at 14-Jun-2021 13:32:55.791 CEST
Begin processing the 33rd record. Run 1, Event 683, LumiSection 14 on stream 0 at 14-Jun-2021 13:32:59.586 CEST
Begin processing the 34th record. Run 1, Event 684, LumiSection 14 on stream 0 at 14-Jun-2021 13:33:04.973 CEST
Begin processing the 35th record. Run 1, Event 687, LumiSection 14 on stream 0 at 14-Jun-2021 13:33:10.263 CEST
Begin processing the 36th record. Run 1, Event 688, LumiSection 14 on stream 0 at 14-Jun-2021 13:33:14.819 CEST
Begin processing the 37th record. Run 1, Event 685, LumiSection 14 on stream 0 at 14-Jun-2021 13:33:18.639 CEST
Begin processing the 38th record. Run 1, Event 686, LumiSection 14 on stream 0 at 14-Jun-2021 13:33:22.584 CEST
Begin processing the 39th record. Run 1, Event 690, LumiSection 14 on stream 0 at 14-Jun-2021 13:33:26.456 CEST
Begin processing the 40th record. Run 1, Event 692, LumiSection 14 on stream 0 at 14-Jun-2021 13:33:30.548 CEST
Begin processing the 41st record. Run 1, Event 693, LumiSection 14 on stream 0 at 14-Jun-2021 13:33:34.018 CEST
Begin processing the 42nd record. Run 1, Event 695, LumiSection 14 on stream 0 at 14-Jun-2021 13:33:36.985 CEST
Begin processing the 43rd record. Run 1, Event 691, LumiSection 14 on stream 0 at 14-Jun-2021 13:33:42.025 CEST
Begin processing the 44th record. Run 1, Event 694, LumiSection 14 on stream 0 at 14-Jun-2021 13:33:46.452 CEST
Begin processing the 45th record. Run 1, Event 689, LumiSection 14 on stream 0 at 14-Jun-2021 13:33:50.377 CEST
Begin processing the 46th record. Run 1, Event 696, LumiSection 14 on stream 0 at 14-Jun-2021 13:33:54.540 CEST
Begin processing the 47th record. Run 1, Event 698, LumiSection 14 on stream 0 at 14-Jun-2021 13:33:57.525 CEST
Begin processing the 48th record. Run 1, Event 699, LumiSection 14 on stream 0 at 14-Jun-2021 13:34:00.645 CEST
Begin processing the 49th record. Run 1, Event 700, LumiSection 14 on stream 0 at 14-Jun-2021 13:34:05.434 CEST
Begin processing the 50th record. Run 1, Event 697, LumiSection 14 on stream 0 at 14-Jun-2021 13:34:09.227 CEST
14-Jun-2021 13:34:14 CEST  Closed file file:/eos/cms/store/user/tsarkar/SIM_Condor_output_Vector_MonoZLL_NLO_Mphi-500_Mchi-150_gSM-0p25_gDM-1p0_ctau1p0/step_SIM_2017UL_14.root
14-Jun-2021 13:34:14 CEST  Closed file root://eoscms.cern.ch//eos/cms/store/mc/RunIISummer20ULPrePremix/Neutrino_E-10_gun/PREMIX/UL17_106X_mc2017_realistic_v6-v3/210021/7F7DD5E3-C1FE-0246-A3DE-E47EE40B069E.root

=============================================

MessageLogger Summary

 type     category        sev    module        subroutine        count    total
 ---- -------------------- -- ---------------- ----------------  -----    -----
    1 XrdAdaptor           -w PreMixingModule:                       1        1
    2 XrdAdaptor           -w PreMixingModule:                       1        1
    3 fileAction           -s PreMixingModule:                       3        3
    4 fileAction           -s PreMixingModule:                       2        2
    5 fileAction           -s PreMixingModule:                       1        1
    6 fileAction           -s file_close                             1        1
    7 fileAction           -s file_open                              2        2

 type    category    Examples: run/evt        run/evt          run/evt
 ---- -------------------- ---------------- ---------------- ----------------
    1 XrdAdaptor           1/652                             
    2 XrdAdaptor           pre-events                        
    3 fileAction           1/652            1/652            1/652
    4 fileAction           pre-events       pre-events       
    5 fileAction           PostGlobalEndRun                  
    6 fileAction           PostGlobalEndRun                  
    7 fileAction           pre-events       pre-events       

Severity    # Occurrences   Total Occurrences
--------    -------------   -----------------
Warning                 2                   2
System                  9                   9

dropped waiting message count 0
