14-Jun-2021 13:27:22 CEST  Initiating request to open file file:/eos/cms/store/user/tsarkar/SIM_Condor_output_Vector_MonoZLL_NLO_Mphi-500_Mchi-150_gSM-0p25_gDM-1p0_ctau1p0/step_SIM_2017UL_13.root
14-Jun-2021 13:27:24 CEST  Successfully opened file file:/eos/cms/store/user/tsarkar/SIM_Condor_output_Vector_MonoZLL_NLO_Mphi-500_Mchi-150_gSM-0p25_gDM-1p0_ctau1p0/step_SIM_2017UL_13.root
14-Jun-2021 13:27:29 CEST  Initiating request to open file root://eoscms.cern.ch//eos/cms/store/mc/RunIISummer20ULPrePremix/Neutrino_E-10_gun/PREMIX/UL17_106X_mc2017_realistic_v6-v3/210003/0BFB61E6-FB53-E145-9F11-0AB2A633EB62.root
%MSG-w XrdAdaptor:  PreMixingModule:mixData@ctor 14-Jun-2021 13:27:31 CEST  pre-events
Data is served from cern.ch instead of original site eoscms
%MSG
14-Jun-2021 13:27:31 CEST  Successfully opened file root://eoscms.cern.ch//eos/cms/store/mc/RunIISummer20ULPrePremix/Neutrino_E-10_gun/PREMIX/UL17_106X_mc2017_realistic_v6-v3/210003/0BFB61E6-FB53-E145-9F11-0AB2A633EB62.root
Begin processing the 1st record. Run 1, Event 603, LumiSection 13 on stream 0 at 14-Jun-2021 13:27:47.886 CEST
14-Jun-2021 13:29:57 CEST  Closed file root://eoscms.cern.ch//eos/cms/store/mc/RunIISummer20ULPrePremix/Neutrino_E-10_gun/PREMIX/UL17_106X_mc2017_realistic_v6-v3/210003/0BFB61E6-FB53-E145-9F11-0AB2A633EB62.root
14-Jun-2021 13:29:57 CEST  Initiating request to open file root://eoscms.cern.ch//eos/cms/store/mc/RunIISummer20ULPrePremix/Neutrino_E-10_gun/PREMIX/UL17_106X_mc2017_realistic_v6-v3/210001/C8D450F6-4FF1-DD4B-B946-90E83344AE9F.root
%MSG-w XrdAdaptor:  PreMixingModule:mixData 14-Jun-2021 13:29:59 CEST  Run: 1 Event: 603
Data is served from cern.ch instead of original site eoscms
%MSG
14-Jun-2021 13:29:59 CEST  Successfully opened file root://eoscms.cern.ch//eos/cms/store/mc/RunIISummer20ULPrePremix/Neutrino_E-10_gun/PREMIX/UL17_106X_mc2017_realistic_v6-v3/210001/C8D450F6-4FF1-DD4B-B946-90E83344AE9F.root
Begin processing the 2nd record. Run 1, Event 601, LumiSection 13 on stream 0 at 14-Jun-2021 13:30:10.762 CEST
Begin processing the 3rd record. Run 1, Event 602, LumiSection 13 on stream 0 at 14-Jun-2021 13:30:14.449 CEST
Begin processing the 4th record. Run 1, Event 605, LumiSection 13 on stream 0 at 14-Jun-2021 13:30:18.219 CEST
Begin processing the 5th record. Run 1, Event 607, LumiSection 13 on stream 0 at 14-Jun-2021 13:30:21.632 CEST
Begin processing the 6th record. Run 1, Event 606, LumiSection 13 on stream 0 at 14-Jun-2021 13:30:24.699 CEST
Begin processing the 7th record. Run 1, Event 604, LumiSection 13 on stream 0 at 14-Jun-2021 13:30:26.884 CEST
Begin processing the 8th record. Run 1, Event 608, LumiSection 13 on stream 0 at 14-Jun-2021 13:30:30.804 CEST
Begin processing the 9th record. Run 1, Event 609, LumiSection 13 on stream 0 at 14-Jun-2021 13:30:33.752 CEST
Begin processing the 10th record. Run 1, Event 610, LumiSection 13 on stream 0 at 14-Jun-2021 13:30:38.232 CEST
Begin processing the 11th record. Run 1, Event 613, LumiSection 13 on stream 0 at 14-Jun-2021 13:30:41.761 CEST
Begin processing the 12th record. Run 1, Event 611, LumiSection 13 on stream 0 at 14-Jun-2021 13:30:44.590 CEST
Begin processing the 13th record. Run 1, Event 612, LumiSection 13 on stream 0 at 14-Jun-2021 13:30:47.332 CEST
Begin processing the 14th record. Run 1, Event 616, LumiSection 13 on stream 0 at 14-Jun-2021 13:30:50.689 CEST
Begin processing the 15th record. Run 1, Event 615, LumiSection 13 on stream 0 at 14-Jun-2021 13:30:55.063 CEST
Begin processing the 16th record. Run 1, Event 617, LumiSection 13 on stream 0 at 14-Jun-2021 13:30:58.595 CEST
Begin processing the 17th record. Run 1, Event 614, LumiSection 13 on stream 0 at 14-Jun-2021 13:31:02.302 CEST
Begin processing the 18th record. Run 1, Event 618, LumiSection 13 on stream 0 at 14-Jun-2021 13:31:06.663 CEST
Begin processing the 19th record. Run 1, Event 620, LumiSection 13 on stream 0 at 14-Jun-2021 13:31:09.519 CEST
Begin processing the 20th record. Run 1, Event 619, LumiSection 13 on stream 0 at 14-Jun-2021 13:31:12.162 CEST
Begin processing the 21st record. Run 1, Event 622, LumiSection 13 on stream 0 at 14-Jun-2021 13:31:15.479 CEST
Begin processing the 22nd record. Run 1, Event 621, LumiSection 13 on stream 0 at 14-Jun-2021 13:31:18.175 CEST
Begin processing the 23rd record. Run 1, Event 623, LumiSection 13 on stream 0 at 14-Jun-2021 13:31:21.504 CEST
Begin processing the 24th record. Run 1, Event 624, LumiSection 13 on stream 0 at 14-Jun-2021 13:31:23.980 CEST
Begin processing the 25th record. Run 1, Event 625, LumiSection 13 on stream 0 at 14-Jun-2021 13:31:27.401 CEST
Begin processing the 26th record. Run 1, Event 627, LumiSection 13 on stream 0 at 14-Jun-2021 13:31:30.920 CEST
Begin processing the 27th record. Run 1, Event 626, LumiSection 13 on stream 0 at 14-Jun-2021 13:31:33.493 CEST
Begin processing the 28th record. Run 1, Event 630, LumiSection 13 on stream 0 at 14-Jun-2021 13:31:37.209 CEST
Begin processing the 29th record. Run 1, Event 628, LumiSection 13 on stream 0 at 14-Jun-2021 13:31:39.819 CEST
Begin processing the 30th record. Run 1, Event 631, LumiSection 13 on stream 0 at 14-Jun-2021 13:31:44.126 CEST
Begin processing the 31st record. Run 1, Event 629, LumiSection 13 on stream 0 at 14-Jun-2021 13:31:47.296 CEST
Begin processing the 32nd record. Run 1, Event 633, LumiSection 13 on stream 0 at 14-Jun-2021 13:31:50.839 CEST
Begin processing the 33rd record. Run 1, Event 632, LumiSection 13 on stream 0 at 14-Jun-2021 13:31:53.988 CEST
Begin processing the 34th record. Run 1, Event 635, LumiSection 13 on stream 0 at 14-Jun-2021 13:31:56.870 CEST
Begin processing the 35th record. Run 1, Event 636, LumiSection 13 on stream 0 at 14-Jun-2021 13:32:00.421 CEST
Begin processing the 36th record. Run 1, Event 634, LumiSection 13 on stream 0 at 14-Jun-2021 13:32:03.496 CEST
Begin processing the 37th record. Run 1, Event 637, LumiSection 13 on stream 0 at 14-Jun-2021 13:32:07.767 CEST
Begin processing the 38th record. Run 1, Event 639, LumiSection 13 on stream 0 at 14-Jun-2021 13:32:13.136 CEST
Begin processing the 39th record. Run 1, Event 638, LumiSection 13 on stream 0 at 14-Jun-2021 13:32:16.244 CEST
Begin processing the 40th record. Run 1, Event 640, LumiSection 13 on stream 0 at 14-Jun-2021 13:32:19.223 CEST
Begin processing the 41st record. Run 1, Event 641, LumiSection 13 on stream 0 at 14-Jun-2021 13:32:22.206 CEST
Begin processing the 42nd record. Run 1, Event 642, LumiSection 13 on stream 0 at 14-Jun-2021 13:32:24.771 CEST
Begin processing the 43rd record. Run 1, Event 646, LumiSection 13 on stream 0 at 14-Jun-2021 13:32:28.207 CEST
Begin processing the 44th record. Run 1, Event 643, LumiSection 13 on stream 0 at 14-Jun-2021 13:32:30.678 CEST
Begin processing the 45th record. Run 1, Event 644, LumiSection 13 on stream 0 at 14-Jun-2021 13:32:34.423 CEST
Begin processing the 46th record. Run 1, Event 645, LumiSection 13 on stream 0 at 14-Jun-2021 13:32:38.925 CEST
Begin processing the 47th record. Run 1, Event 647, LumiSection 13 on stream 0 at 14-Jun-2021 13:32:42.203 CEST
Begin processing the 48th record. Run 1, Event 648, LumiSection 13 on stream 0 at 14-Jun-2021 13:32:45.619 CEST
Begin processing the 49th record. Run 1, Event 649, LumiSection 13 on stream 0 at 14-Jun-2021 13:32:48.914 CEST
Begin processing the 50th record. Run 1, Event 650, LumiSection 13 on stream 0 at 14-Jun-2021 13:32:52.759 CEST
14-Jun-2021 13:32:57 CEST  Closed file file:/eos/cms/store/user/tsarkar/SIM_Condor_output_Vector_MonoZLL_NLO_Mphi-500_Mchi-150_gSM-0p25_gDM-1p0_ctau1p0/step_SIM_2017UL_13.root
14-Jun-2021 13:32:57 CEST  Closed file root://eoscms.cern.ch//eos/cms/store/mc/RunIISummer20ULPrePremix/Neutrino_E-10_gun/PREMIX/UL17_106X_mc2017_realistic_v6-v3/210001/C8D450F6-4FF1-DD4B-B946-90E83344AE9F.root

=============================================

MessageLogger Summary

 type     category        sev    module        subroutine        count    total
 ---- -------------------- -- ---------------- ----------------  -----    -----
    1 XrdAdaptor           -w PreMixingModule:                       1        1
    2 XrdAdaptor           -w PreMixingModule:                       1        1
    3 fileAction           -s PreMixingModule:                       3        3
    4 fileAction           -s PreMixingModule:                       2        2
    5 fileAction           -s PreMixingModule:                       1        1
    6 fileAction           -s file_close                             1        1
    7 fileAction           -s file_open                              2        2

 type    category    Examples: run/evt        run/evt          run/evt
 ---- -------------------- ---------------- ---------------- ----------------
    1 XrdAdaptor           1/603                             
    2 XrdAdaptor           pre-events                        
    3 fileAction           1/603            1/603            1/603
    4 fileAction           pre-events       pre-events       
    5 fileAction           PostGlobalEndRun                  
    6 fileAction           PostGlobalEndRun                  
    7 fileAction           pre-events       pre-events       

Severity    # Occurrences   Total Occurrences
--------    -------------   -----------------
Warning                 2                   2
System                  9                   9

dropped waiting message count 0
