14-Jun-2021 13:27:23 CEST  Initiating request to open file file:/eos/cms/store/user/tsarkar/SIM_Condor_output_Vector_MonoZLL_NLO_Mphi-500_Mchi-150_gSM-0p25_gDM-1p0_ctau1p0/step_SIM_2017UL_3.root
14-Jun-2021 13:27:25 CEST  Successfully opened file file:/eos/cms/store/user/tsarkar/SIM_Condor_output_Vector_MonoZLL_NLO_Mphi-500_Mchi-150_gSM-0p25_gDM-1p0_ctau1p0/step_SIM_2017UL_3.root
14-Jun-2021 13:27:30 CEST  Initiating request to open file root://eoscms.cern.ch//eos/cms/store/mc/RunIISummer20ULPrePremix/Neutrino_E-10_gun/PREMIX/UL17_106X_mc2017_realistic_v6-v3/210013/1CC6EE9D-AC66-234E-BCCF-9428822D2F04.root
%MSG-w XrdAdaptor:  PreMixingModule:mixData@ctor 14-Jun-2021 13:27:32 CEST  pre-events
Data is served from cern.ch instead of original site eoscms
%MSG
14-Jun-2021 13:27:32 CEST  Successfully opened file root://eoscms.cern.ch//eos/cms/store/mc/RunIISummer20ULPrePremix/Neutrino_E-10_gun/PREMIX/UL17_106X_mc2017_realistic_v6-v3/210013/1CC6EE9D-AC66-234E-BCCF-9428822D2F04.root
Begin processing the 1st record. Run 1, Event 101, LumiSection 3 on stream 0 at 14-Jun-2021 13:27:52.037 CEST
14-Jun-2021 13:30:14 CEST  Closed file root://eoscms.cern.ch//eos/cms/store/mc/RunIISummer20ULPrePremix/Neutrino_E-10_gun/PREMIX/UL17_106X_mc2017_realistic_v6-v3/210013/1CC6EE9D-AC66-234E-BCCF-9428822D2F04.root
14-Jun-2021 13:30:14 CEST  Initiating request to open file root://eoscms.cern.ch//eos/cms/store/mc/RunIISummer20ULPrePremix/Neutrino_E-10_gun/PREMIX/UL17_106X_mc2017_realistic_v6-v3/210001/16C73AD9-8776-0E4F-93DA-2849A614B158.root
%MSG-w XrdAdaptor:  PreMixingModule:mixData 14-Jun-2021 13:30:16 CEST  Run: 1 Event: 101
Data is served from cern.ch instead of original site eoscms
%MSG
14-Jun-2021 13:30:16 CEST  Successfully opened file root://eoscms.cern.ch//eos/cms/store/mc/RunIISummer20ULPrePremix/Neutrino_E-10_gun/PREMIX/UL17_106X_mc2017_realistic_v6-v3/210001/16C73AD9-8776-0E4F-93DA-2849A614B158.root
Begin processing the 2nd record. Run 1, Event 102, LumiSection 3 on stream 0 at 14-Jun-2021 13:30:33.317 CEST
Begin processing the 3rd record. Run 1, Event 103, LumiSection 3 on stream 0 at 14-Jun-2021 13:30:37.293 CEST
Begin processing the 4th record. Run 1, Event 105, LumiSection 3 on stream 0 at 14-Jun-2021 13:30:40.569 CEST
Begin processing the 5th record. Run 1, Event 104, LumiSection 3 on stream 0 at 14-Jun-2021 13:30:43.814 CEST
Begin processing the 6th record. Run 1, Event 108, LumiSection 3 on stream 0 at 14-Jun-2021 13:30:47.544 CEST
Begin processing the 7th record. Run 1, Event 106, LumiSection 3 on stream 0 at 14-Jun-2021 13:30:51.155 CEST
Begin processing the 8th record. Run 1, Event 107, LumiSection 3 on stream 0 at 14-Jun-2021 13:30:55.188 CEST
Begin processing the 9th record. Run 1, Event 111, LumiSection 3 on stream 0 at 14-Jun-2021 13:30:58.621 CEST
Begin processing the 10th record. Run 1, Event 110, LumiSection 3 on stream 0 at 14-Jun-2021 13:31:02.243 CEST
Begin processing the 11th record. Run 1, Event 112, LumiSection 3 on stream 0 at 14-Jun-2021 13:31:06.083 CEST
Begin processing the 12th record. Run 1, Event 113, LumiSection 3 on stream 0 at 14-Jun-2021 13:31:10.363 CEST
Begin processing the 13th record. Run 1, Event 109, LumiSection 3 on stream 0 at 14-Jun-2021 13:31:13.708 CEST
Begin processing the 14th record. Run 1, Event 115, LumiSection 3 on stream 0 at 14-Jun-2021 13:31:17.406 CEST
Begin processing the 15th record. Run 1, Event 116, LumiSection 3 on stream 0 at 14-Jun-2021 13:31:20.970 CEST
Begin processing the 16th record. Run 1, Event 118, LumiSection 3 on stream 0 at 14-Jun-2021 13:31:24.627 CEST
Begin processing the 17th record. Run 1, Event 119, LumiSection 3 on stream 0 at 14-Jun-2021 13:31:28.397 CEST
Begin processing the 18th record. Run 1, Event 114, LumiSection 3 on stream 0 at 14-Jun-2021 13:31:32.305 CEST
Begin processing the 19th record. Run 1, Event 120, LumiSection 3 on stream 0 at 14-Jun-2021 13:31:36.491 CEST
Begin processing the 20th record. Run 1, Event 117, LumiSection 3 on stream 0 at 14-Jun-2021 13:31:40.846 CEST
Begin processing the 21st record. Run 1, Event 121, LumiSection 3 on stream 0 at 14-Jun-2021 13:31:44.705 CEST
Begin processing the 22nd record. Run 1, Event 122, LumiSection 3 on stream 0 at 14-Jun-2021 13:31:47.597 CEST
Begin processing the 23rd record. Run 1, Event 123, LumiSection 3 on stream 0 at 14-Jun-2021 13:31:51.387 CEST
Begin processing the 24th record. Run 1, Event 125, LumiSection 3 on stream 0 at 14-Jun-2021 13:31:54.527 CEST
Begin processing the 25th record. Run 1, Event 124, LumiSection 3 on stream 0 at 14-Jun-2021 13:31:58.297 CEST
Begin processing the 26th record. Run 1, Event 126, LumiSection 3 on stream 0 at 14-Jun-2021 13:32:02.240 CEST
Begin processing the 27th record. Run 1, Event 127, LumiSection 3 on stream 0 at 14-Jun-2021 13:32:06.701 CEST
Begin processing the 28th record. Run 1, Event 129, LumiSection 3 on stream 0 at 14-Jun-2021 13:32:10.348 CEST
Begin processing the 29th record. Run 1, Event 131, LumiSection 3 on stream 0 at 14-Jun-2021 13:32:13.794 CEST
Begin processing the 30th record. Run 1, Event 130, LumiSection 3 on stream 0 at 14-Jun-2021 13:32:18.213 CEST
Begin processing the 31st record. Run 1, Event 128, LumiSection 3 on stream 0 at 14-Jun-2021 13:32:22.038 CEST
Begin processing the 32nd record. Run 1, Event 132, LumiSection 3 on stream 0 at 14-Jun-2021 13:32:26.690 CEST
Begin processing the 33rd record. Run 1, Event 133, LumiSection 3 on stream 0 at 14-Jun-2021 13:32:30.232 CEST
Begin processing the 34th record. Run 1, Event 134, LumiSection 3 on stream 0 at 14-Jun-2021 13:32:34.048 CEST
Begin processing the 35th record. Run 1, Event 136, LumiSection 3 on stream 0 at 14-Jun-2021 13:32:37.635 CEST
Begin processing the 36th record. Run 1, Event 135, LumiSection 3 on stream 0 at 14-Jun-2021 13:32:43.476 CEST
Begin processing the 37th record. Run 1, Event 137, LumiSection 3 on stream 0 at 14-Jun-2021 13:32:47.222 CEST
Begin processing the 38th record. Run 1, Event 140, LumiSection 3 on stream 0 at 14-Jun-2021 13:32:50.458 CEST
Begin processing the 39th record. Run 1, Event 142, LumiSection 3 on stream 0 at 14-Jun-2021 13:32:53.862 CEST
Begin processing the 40th record. Run 1, Event 138, LumiSection 3 on stream 0 at 14-Jun-2021 13:32:56.868 CEST
Begin processing the 41st record. Run 1, Event 141, LumiSection 3 on stream 0 at 14-Jun-2021 13:33:00.910 CEST
Begin processing the 42nd record. Run 1, Event 143, LumiSection 3 on stream 0 at 14-Jun-2021 13:33:04.677 CEST
Begin processing the 43rd record. Run 1, Event 139, LumiSection 3 on stream 0 at 14-Jun-2021 13:33:09.273 CEST
Begin processing the 44th record. Run 1, Event 144, LumiSection 3 on stream 0 at 14-Jun-2021 13:33:12.813 CEST
Begin processing the 45th record. Run 1, Event 145, LumiSection 3 on stream 0 at 14-Jun-2021 13:33:16.448 CEST
Begin processing the 46th record. Run 1, Event 148, LumiSection 3 on stream 0 at 14-Jun-2021 13:33:21.451 CEST
Begin processing the 47th record. Run 1, Event 146, LumiSection 3 on stream 0 at 14-Jun-2021 13:33:24.845 CEST
Begin processing the 48th record. Run 1, Event 149, LumiSection 3 on stream 0 at 14-Jun-2021 13:33:29.000 CEST
Begin processing the 49th record. Run 1, Event 147, LumiSection 3 on stream 0 at 14-Jun-2021 13:33:32.537 CEST
Begin processing the 50th record. Run 1, Event 150, LumiSection 3 on stream 0 at 14-Jun-2021 13:33:37.025 CEST
14-Jun-2021 13:33:40 CEST  Closed file file:/eos/cms/store/user/tsarkar/SIM_Condor_output_Vector_MonoZLL_NLO_Mphi-500_Mchi-150_gSM-0p25_gDM-1p0_ctau1p0/step_SIM_2017UL_3.root
14-Jun-2021 13:33:40 CEST  Closed file root://eoscms.cern.ch//eos/cms/store/mc/RunIISummer20ULPrePremix/Neutrino_E-10_gun/PREMIX/UL17_106X_mc2017_realistic_v6-v3/210001/16C73AD9-8776-0E4F-93DA-2849A614B158.root

=============================================

MessageLogger Summary

 type     category        sev    module        subroutine        count    total
 ---- -------------------- -- ---------------- ----------------  -----    -----
    1 XrdAdaptor           -w PreMixingModule:                       1        1
    2 XrdAdaptor           -w PreMixingModule:                       1        1
    3 fileAction           -s PreMixingModule:                       3        3
    4 fileAction           -s PreMixingModule:                       2        2
    5 fileAction           -s PreMixingModule:                       1        1
    6 fileAction           -s file_close                             1        1
    7 fileAction           -s file_open                              2        2

 type    category    Examples: run/evt        run/evt          run/evt
 ---- -------------------- ---------------- ---------------- ----------------
    1 XrdAdaptor           1/101                             
    2 XrdAdaptor           pre-events                        
    3 fileAction           1/101            1/101            1/101
    4 fileAction           pre-events       pre-events       
    5 fileAction           PostGlobalEndRun                  
    6 fileAction           PostGlobalEndRun                  
    7 fileAction           pre-events       pre-events       

Severity    # Occurrences   Total Occurrences
--------    -------------   -----------------
Warning                 2                   2
System                  9                   9

dropped waiting message count 0
