000 (7309395.000.000) 06/14 11:25:31 Job submitted from host: <137.138.44.75:9618?addrs=137.138.44.75-9618+[2001-1458-d00-1a--b]-9618&alias=bigbird14.cern.ch&noUDP&sock=schedd_3149486_02ef>
...
040 (7309395.000.000) 06/14 13:26:55 Started transferring input files
	Transferring to host: <128.142.79.193:9618?addrs=128.142.79.193-9618+[2001-1458-301-f4--100-337]-9618&alias=b7s12n5878.cern.ch&noUDP&sock=slot1_5_5516_4559_41489>
...
040 (7309395.000.000) 06/14 13:26:56 Finished transferring input files
...
001 (7309395.000.000) 06/14 13:26:57 Job executing on host: <128.142.79.193:9618?addrs=128.142.79.193-9618+[2001-1458-301-f4--100-337]-9618&alias=b7s12n5878.cern.ch&noUDP&sock=startd_4433_3f6c>
...
006 (7309395.000.000) 06/14 13:27:05 Image size of job updated: 51440
	37  -  MemoryUsage of job (MB)
	36956  -  ResidentSetSize of job (KB)
...
006 (7309395.000.000) 06/14 13:32:05 Image size of job updated: 3000904
	1774  -  MemoryUsage of job (MB)
	1815896  -  ResidentSetSize of job (KB)
...
006 (7309395.000.000) 06/14 13:33:42 Image size of job updated: 3000920
	1774  -  MemoryUsage of job (MB)
	1815896  -  ResidentSetSize of job (KB)
...
040 (7309395.000.000) 06/14 13:33:42 Started transferring output files
...
040 (7309395.000.000) 06/14 13:33:42 Finished transferring output files
...
005 (7309395.000.000) 06/14 13:33:42 Job terminated.
	(1) Normal termination (return value 0)
		Usr 0 00:05:22, Sys 0 00:00:07  -  Run Remote Usage
		Usr 0 00:00:00, Sys 0 00:00:00  -  Run Local Usage
		Usr 0 00:05:22, Sys 0 00:00:07  -  Total Remote Usage
		Usr 0 00:00:00, Sys 0 00:00:00  -  Total Local Usage
	15060  -  Run Bytes Sent By Job
	443  -  Run Bytes Received By Job
	15060  -  Total Bytes Sent By Job
	443  -  Total Bytes Received By Job
	Partitionable Resources :    Usage  Request Allocated 
	   Cpus                 :     0.28        1         1 
	   Disk (KB)            :    36           1    244015 
	   Memory (MB)          :  1774        2000      2000 

	Job terminated of its own accord at 2021-06-14T11:33:42Z.
...
