14-Jun-2021 13:27:11 CEST  Initiating request to open file file:/eos/cms/store/user/tsarkar/SIM_Condor_output_Vector_MonoZLL_NLO_Mphi-500_Mchi-150_gSM-0p25_gDM-1p0_ctau1p0/step_SIM_2017UL_19.root
14-Jun-2021 13:27:15 CEST  Successfully opened file file:/eos/cms/store/user/tsarkar/SIM_Condor_output_Vector_MonoZLL_NLO_Mphi-500_Mchi-150_gSM-0p25_gDM-1p0_ctau1p0/step_SIM_2017UL_19.root
14-Jun-2021 13:27:18 CEST  Initiating request to open file root://eoscms.cern.ch//eos/cms/store/mc/RunIISummer20ULPrePremix/Neutrino_E-10_gun/PREMIX/UL17_106X_mc2017_realistic_v6-v3/210004/DD87A1E2-866C-184B-8A71-442E2A6607BB.root
%MSG-w XrdAdaptor:  PreMixingModule:mixData@ctor 14-Jun-2021 13:27:20 CEST  pre-events
Data is served from cern.ch instead of original site eoscms
%MSG
14-Jun-2021 13:27:20 CEST  Successfully opened file root://eoscms.cern.ch//eos/cms/store/mc/RunIISummer20ULPrePremix/Neutrino_E-10_gun/PREMIX/UL17_106X_mc2017_realistic_v6-v3/210004/DD87A1E2-866C-184B-8A71-442E2A6607BB.root
Begin processing the 1st record. Run 1, Event 901, LumiSection 19 on stream 0 at 14-Jun-2021 13:27:34.757 CEST
14-Jun-2021 13:29:08 CEST  Closed file root://eoscms.cern.ch//eos/cms/store/mc/RunIISummer20ULPrePremix/Neutrino_E-10_gun/PREMIX/UL17_106X_mc2017_realistic_v6-v3/210004/DD87A1E2-866C-184B-8A71-442E2A6607BB.root
14-Jun-2021 13:29:08 CEST  Initiating request to open file root://eoscms.cern.ch//eos/cms/store/mc/RunIISummer20ULPrePremix/Neutrino_E-10_gun/PREMIX/UL17_106X_mc2017_realistic_v6-v3/210016/91953818-D771-FC44-AD86-1E5405B8B2D2.root
%MSG-w XrdAdaptor:  PreMixingModule:mixData 14-Jun-2021 13:29:10 CEST  Run: 1 Event: 901
Data is served from cern.ch instead of original site eoscms
%MSG
14-Jun-2021 13:29:10 CEST  Successfully opened file root://eoscms.cern.ch//eos/cms/store/mc/RunIISummer20ULPrePremix/Neutrino_E-10_gun/PREMIX/UL17_106X_mc2017_realistic_v6-v3/210016/91953818-D771-FC44-AD86-1E5405B8B2D2.root
Begin processing the 2nd record. Run 1, Event 902, LumiSection 19 on stream 0 at 14-Jun-2021 13:29:21.757 CEST
Begin processing the 3rd record. Run 1, Event 903, LumiSection 19 on stream 0 at 14-Jun-2021 13:29:24.423 CEST
Begin processing the 4th record. Run 1, Event 904, LumiSection 19 on stream 0 at 14-Jun-2021 13:29:26.796 CEST
Begin processing the 5th record. Run 1, Event 908, LumiSection 19 on stream 0 at 14-Jun-2021 13:29:29.003 CEST
Begin processing the 6th record. Run 1, Event 905, LumiSection 19 on stream 0 at 14-Jun-2021 13:29:31.005 CEST
Begin processing the 7th record. Run 1, Event 906, LumiSection 19 on stream 0 at 14-Jun-2021 13:29:32.938 CEST
Begin processing the 8th record. Run 1, Event 907, LumiSection 19 on stream 0 at 14-Jun-2021 13:29:35.478 CEST
Begin processing the 9th record. Run 1, Event 911, LumiSection 19 on stream 0 at 14-Jun-2021 13:29:38.106 CEST
Begin processing the 10th record. Run 1, Event 909, LumiSection 19 on stream 0 at 14-Jun-2021 13:29:40.359 CEST
Begin processing the 11th record. Run 1, Event 910, LumiSection 19 on stream 0 at 14-Jun-2021 13:29:42.567 CEST
Begin processing the 12th record. Run 1, Event 912, LumiSection 19 on stream 0 at 14-Jun-2021 13:29:45.420 CEST
Begin processing the 13th record. Run 1, Event 913, LumiSection 19 on stream 0 at 14-Jun-2021 13:29:47.501 CEST
Begin processing the 14th record. Run 1, Event 915, LumiSection 19 on stream 0 at 14-Jun-2021 13:29:49.939 CEST
Begin processing the 15th record. Run 1, Event 914, LumiSection 19 on stream 0 at 14-Jun-2021 13:29:52.380 CEST
Begin processing the 16th record. Run 1, Event 917, LumiSection 19 on stream 0 at 14-Jun-2021 13:29:54.672 CEST
Begin processing the 17th record. Run 1, Event 919, LumiSection 19 on stream 0 at 14-Jun-2021 13:29:57.285 CEST
Begin processing the 18th record. Run 1, Event 918, LumiSection 19 on stream 0 at 14-Jun-2021 13:29:59.377 CEST
Begin processing the 19th record. Run 1, Event 916, LumiSection 19 on stream 0 at 14-Jun-2021 13:30:02.091 CEST
Begin processing the 20th record. Run 1, Event 923, LumiSection 19 on stream 0 at 14-Jun-2021 13:30:05.005 CEST
Begin processing the 21st record. Run 1, Event 920, LumiSection 19 on stream 0 at 14-Jun-2021 13:30:07.101 CEST
Begin processing the 22nd record. Run 1, Event 921, LumiSection 19 on stream 0 at 14-Jun-2021 13:30:09.254 CEST
Begin processing the 23rd record. Run 1, Event 922, LumiSection 19 on stream 0 at 14-Jun-2021 13:30:11.843 CEST
Begin processing the 24th record. Run 1, Event 925, LumiSection 19 on stream 0 at 14-Jun-2021 13:30:14.613 CEST
Begin processing the 25th record. Run 1, Event 924, LumiSection 19 on stream 0 at 14-Jun-2021 13:30:17.075 CEST
Begin processing the 26th record. Run 1, Event 926, LumiSection 19 on stream 0 at 14-Jun-2021 13:30:20.033 CEST
Begin processing the 27th record. Run 1, Event 929, LumiSection 19 on stream 0 at 14-Jun-2021 13:30:22.299 CEST
Begin processing the 28th record. Run 1, Event 927, LumiSection 19 on stream 0 at 14-Jun-2021 13:30:24.818 CEST
Begin processing the 29th record. Run 1, Event 928, LumiSection 19 on stream 0 at 14-Jun-2021 13:30:27.182 CEST
Begin processing the 30th record. Run 1, Event 930, LumiSection 19 on stream 0 at 14-Jun-2021 13:30:29.569 CEST
Begin processing the 31st record. Run 1, Event 932, LumiSection 19 on stream 0 at 14-Jun-2021 13:30:32.017 CEST
Begin processing the 32nd record. Run 1, Event 931, LumiSection 19 on stream 0 at 14-Jun-2021 13:30:34.376 CEST
Begin processing the 33rd record. Run 1, Event 935, LumiSection 19 on stream 0 at 14-Jun-2021 13:30:37.308 CEST
Begin processing the 34th record. Run 1, Event 934, LumiSection 19 on stream 0 at 14-Jun-2021 13:30:39.854 CEST
Begin processing the 35th record. Run 1, Event 933, LumiSection 19 on stream 0 at 14-Jun-2021 13:30:42.265 CEST
Begin processing the 36th record. Run 1, Event 937, LumiSection 19 on stream 0 at 14-Jun-2021 13:30:44.508 CEST
Begin processing the 37th record. Run 1, Event 940, LumiSection 19 on stream 0 at 14-Jun-2021 13:30:46.977 CEST
Begin processing the 38th record. Run 1, Event 936, LumiSection 19 on stream 0 at 14-Jun-2021 13:30:49.386 CEST
Begin processing the 39th record. Run 1, Event 938, LumiSection 19 on stream 0 at 14-Jun-2021 13:30:52.157 CEST
Begin processing the 40th record. Run 1, Event 941, LumiSection 19 on stream 0 at 14-Jun-2021 13:30:56.383 CEST
Begin processing the 41st record. Run 1, Event 939, LumiSection 19 on stream 0 at 14-Jun-2021 13:30:59.418 CEST
Begin processing the 42nd record. Run 1, Event 944, LumiSection 19 on stream 0 at 14-Jun-2021 13:31:02.344 CEST
Begin processing the 43rd record. Run 1, Event 942, LumiSection 19 on stream 0 at 14-Jun-2021 13:31:04.455 CEST
Begin processing the 44th record. Run 1, Event 946, LumiSection 19 on stream 0 at 14-Jun-2021 13:31:07.171 CEST
Begin processing the 45th record. Run 1, Event 945, LumiSection 19 on stream 0 at 14-Jun-2021 13:31:09.057 CEST
Begin processing the 46th record. Run 1, Event 943, LumiSection 19 on stream 0 at 14-Jun-2021 13:31:11.680 CEST
Begin processing the 47th record. Run 1, Event 948, LumiSection 19 on stream 0 at 14-Jun-2021 13:31:14.487 CEST
Begin processing the 48th record. Run 1, Event 947, LumiSection 19 on stream 0 at 14-Jun-2021 13:31:16.423 CEST
Begin processing the 49th record. Run 1, Event 950, LumiSection 19 on stream 0 at 14-Jun-2021 13:31:19.104 CEST
Begin processing the 50th record. Run 1, Event 949, LumiSection 19 on stream 0 at 14-Jun-2021 13:31:21.745 CEST
14-Jun-2021 13:31:24 CEST  Closed file file:/eos/cms/store/user/tsarkar/SIM_Condor_output_Vector_MonoZLL_NLO_Mphi-500_Mchi-150_gSM-0p25_gDM-1p0_ctau1p0/step_SIM_2017UL_19.root
14-Jun-2021 13:31:24 CEST  Closed file root://eoscms.cern.ch//eos/cms/store/mc/RunIISummer20ULPrePremix/Neutrino_E-10_gun/PREMIX/UL17_106X_mc2017_realistic_v6-v3/210016/91953818-D771-FC44-AD86-1E5405B8B2D2.root

=============================================

MessageLogger Summary

 type     category        sev    module        subroutine        count    total
 ---- -------------------- -- ---------------- ----------------  -----    -----
    1 XrdAdaptor           -w PreMixingModule:                       1        1
    2 XrdAdaptor           -w PreMixingModule:                       1        1
    3 fileAction           -s PreMixingModule:                       3        3
    4 fileAction           -s PreMixingModule:                       2        2
    5 fileAction           -s PreMixingModule:                       1        1
    6 fileAction           -s file_close                             1        1
    7 fileAction           -s file_open                              2        2

 type    category    Examples: run/evt        run/evt          run/evt
 ---- -------------------- ---------------- ---------------- ----------------
    1 XrdAdaptor           1/901                             
    2 XrdAdaptor           pre-events                        
    3 fileAction           1/901            1/901            1/901
    4 fileAction           pre-events       pre-events       
    5 fileAction           PostGlobalEndRun                  
    6 fileAction           PostGlobalEndRun                  
    7 fileAction           pre-events       pre-events       

Severity    # Occurrences   Total Occurrences
--------    -------------   -----------------
Warning                 2                   2
System                  9                   9

dropped waiting message count 0
