000 (7309397.000.000) 06/14 11:25:35 Job submitted from host: <137.138.44.75:9618?addrs=137.138.44.75-9618+[2001-1458-d00-1a--b]-9618&alias=bigbird14.cern.ch&noUDP&sock=schedd_3149486_02ef>
...
040 (7309397.000.000) 06/14 13:26:55 Started transferring input files
	Transferring to host: <188.184.168.21:9618?addrs=188.184.168.21-9618+[2001-1458-301-c0--100-ce]-9618&alias=b7g52n2044.cern.ch&noUDP&sock=slot1_2_5946_3eab_39313>
...
040 (7309397.000.000) 06/14 13:26:56 Finished transferring input files
...
001 (7309397.000.000) 06/14 13:26:57 Job executing on host: <188.184.168.21:9618?addrs=188.184.168.21-9618+[2001-1458-301-c0--100-ce]-9618&alias=b7g52n2044.cern.ch&noUDP&sock=startd_4567_291d>
...
006 (7309397.000.000) 06/14 13:27:05 Image size of job updated: 285444
	44  -  MemoryUsage of job (MB)
	44404  -  ResidentSetSize of job (KB)
...
006 (7309397.000.000) 06/14 13:32:05 Image size of job updated: 3000904
	1751  -  MemoryUsage of job (MB)
	1792880  -  ResidentSetSize of job (KB)
...
006 (7309397.000.000) 06/14 13:33:24 Image size of job updated: 3000916
	1751  -  MemoryUsage of job (MB)
	1792880  -  ResidentSetSize of job (KB)
...
040 (7309397.000.000) 06/14 13:33:24 Started transferring output files
...
040 (7309397.000.000) 06/14 13:33:24 Finished transferring output files
...
005 (7309397.000.000) 06/14 13:33:24 Job terminated.
	(1) Normal termination (return value 0)
		Usr 0 00:05:16, Sys 0 00:00:07  -  Run Remote Usage
		Usr 0 00:00:00, Sys 0 00:00:00  -  Run Local Usage
		Usr 0 00:05:16, Sys 0 00:00:07  -  Total Remote Usage
		Usr 0 00:00:00, Sys 0 00:00:00  -  Total Local Usage
	15151  -  Run Bytes Sent By Job
	443  -  Run Bytes Received By Job
	15151  -  Total Bytes Sent By Job
	443  -  Total Bytes Received By Job
	Partitionable Resources :    Usage  Request Allocated 
	   Cpus                 :                 1         1 
	   Disk (KB)            :       28        1    282375 
	   Memory (MB)          :     1751     2000      2000 

	Job terminated of its own accord at 2021-06-14T11:33:24Z.
...
