000 (7309386.000.000) 06/14 11:25:05 Job submitted from host: <137.138.44.75:9618?addrs=137.138.44.75-9618+[2001-1458-d00-1a--b]-9618&alias=bigbird14.cern.ch&noUDP&sock=schedd_3149486_02ef>
...
040 (7309386.000.000) 06/14 13:26:52 Started transferring input files
	Transferring to host: <128.142.83.191:9618?addrs=128.142.83.191-9618+[2001-1458-301-f5--100-38]-9618&alias=b7s13n7445.cern.ch&noUDP&sock=slot1_12_6167_f594_41355>
...
040 (7309386.000.000) 06/14 13:26:52 Finished transferring input files
...
001 (7309386.000.000) 06/14 13:26:53 Job executing on host: <128.142.83.191:9618?addrs=128.142.83.191-9618+[2001-1458-301-f5--100-38]-9618&alias=b7s13n7445.cern.ch&noUDP&sock=startd_4986_8f4c>
...
006 (7309386.000.000) 06/14 13:27:02 Image size of job updated: 50932
	36  -  MemoryUsage of job (MB)
	36468  -  ResidentSetSize of job (KB)
...
006 (7309386.000.000) 06/14 13:32:03 Image size of job updated: 3000916
	1748  -  MemoryUsage of job (MB)
	1789884  -  ResidentSetSize of job (KB)
...
006 (7309386.000.000) 06/14 13:33:01 Image size of job updated: 3000940
	1748  -  MemoryUsage of job (MB)
	1789884  -  ResidentSetSize of job (KB)
...
040 (7309386.000.000) 06/14 13:33:01 Started transferring output files
...
040 (7309386.000.000) 06/14 13:33:01 Finished transferring output files
...
005 (7309386.000.000) 06/14 13:33:01 Job terminated.
	(1) Normal termination (return value 0)
		Usr 0 00:04:44, Sys 0 00:00:07  -  Run Remote Usage
		Usr 0 00:00:00, Sys 0 00:00:00  -  Run Local Usage
		Usr 0 00:04:44, Sys 0 00:00:07  -  Total Remote Usage
		Usr 0 00:00:00, Sys 0 00:00:00  -  Total Local Usage
	15477  -  Run Bytes Sent By Job
	442  -  Run Bytes Received By Job
	15477  -  Total Bytes Sent By Job
	442  -  Total Bytes Received By Job
	Partitionable Resources :    Usage  Request Allocated 
	   Cpus                 :                 1         1 
	   Disk (KB)            :       29        1    274057 
	   Memory (MB)          :     1748     2000      2000 

	Job terminated of its own accord at 2021-06-14T11:33:01Z.
...
