14-Jun-2021 13:27:35 CEST  Initiating request to open file file:/eos/cms/store/user/tsarkar/SIM_Condor_output_Vector_MonoZLL_NLO_Mphi-500_Mchi-150_gSM-0p25_gDM-1p0_ctau1p0/step_SIM_2017UL_2.root
14-Jun-2021 13:27:37 CEST  Successfully opened file file:/eos/cms/store/user/tsarkar/SIM_Condor_output_Vector_MonoZLL_NLO_Mphi-500_Mchi-150_gSM-0p25_gDM-1p0_ctau1p0/step_SIM_2017UL_2.root
14-Jun-2021 13:27:43 CEST  Initiating request to open file root://eoscms.cern.ch//eos/cms/store/mc/RunIISummer20ULPrePremix/Neutrino_E-10_gun/PREMIX/UL17_106X_mc2017_realistic_v6-v3/210002/AC4E047B-3990-C34A-837D-28DF56AA7AA5.root
%MSG-w XrdAdaptor:  PreMixingModule:mixData@ctor 14-Jun-2021 13:27:45 CEST  pre-events
Data is served from cern.ch instead of original site eoscms
%MSG
14-Jun-2021 13:27:45 CEST  Successfully opened file root://eoscms.cern.ch//eos/cms/store/mc/RunIISummer20ULPrePremix/Neutrino_E-10_gun/PREMIX/UL17_106X_mc2017_realistic_v6-v3/210002/AC4E047B-3990-C34A-837D-28DF56AA7AA5.root
Begin processing the 1st record. Run 1, Event 54, LumiSection 2 on stream 0 at 14-Jun-2021 13:28:04.369 CEST
14-Jun-2021 13:30:43 CEST  Closed file root://eoscms.cern.ch//eos/cms/store/mc/RunIISummer20ULPrePremix/Neutrino_E-10_gun/PREMIX/UL17_106X_mc2017_realistic_v6-v3/210002/AC4E047B-3990-C34A-837D-28DF56AA7AA5.root
14-Jun-2021 13:30:43 CEST  Initiating request to open file root://eoscms.cern.ch//eos/cms/store/mc/RunIISummer20ULPrePremix/Neutrino_E-10_gun/PREMIX/UL17_106X_mc2017_realistic_v6-v3/210011/C388DC78-8DCF-0647-A03A-F824EDCB94D6.root
%MSG-w XrdAdaptor:  PreMixingModule:mixData 14-Jun-2021 13:30:45 CEST  Run: 1 Event: 54
Data is served from cern.ch instead of original site eoscms
%MSG
14-Jun-2021 13:30:45 CEST  Successfully opened file root://eoscms.cern.ch//eos/cms/store/mc/RunIISummer20ULPrePremix/Neutrino_E-10_gun/PREMIX/UL17_106X_mc2017_realistic_v6-v3/210011/C388DC78-8DCF-0647-A03A-F824EDCB94D6.root
Begin processing the 2nd record. Run 1, Event 51, LumiSection 2 on stream 0 at 14-Jun-2021 13:31:00.256 CEST
Begin processing the 3rd record. Run 1, Event 52, LumiSection 2 on stream 0 at 14-Jun-2021 13:31:04.623 CEST
Begin processing the 4th record. Run 1, Event 53, LumiSection 2 on stream 0 at 14-Jun-2021 13:31:09.982 CEST
Begin processing the 5th record. Run 1, Event 55, LumiSection 2 on stream 0 at 14-Jun-2021 13:31:13.254 CEST
Begin processing the 6th record. Run 1, Event 56, LumiSection 2 on stream 0 at 14-Jun-2021 13:31:17.560 CEST
Begin processing the 7th record. Run 1, Event 57, LumiSection 2 on stream 0 at 14-Jun-2021 13:31:21.693 CEST
Begin processing the 8th record. Run 1, Event 59, LumiSection 2 on stream 0 at 14-Jun-2021 13:31:25.709 CEST
Begin processing the 9th record. Run 1, Event 61, LumiSection 2 on stream 0 at 14-Jun-2021 13:31:30.019 CEST
Begin processing the 10th record. Run 1, Event 60, LumiSection 2 on stream 0 at 14-Jun-2021 13:31:34.278 CEST
Begin processing the 11th record. Run 1, Event 63, LumiSection 2 on stream 0 at 14-Jun-2021 13:31:38.140 CEST
Begin processing the 12th record. Run 1, Event 62, LumiSection 2 on stream 0 at 14-Jun-2021 13:31:42.264 CEST
Begin processing the 13th record. Run 1, Event 58, LumiSection 2 on stream 0 at 14-Jun-2021 13:31:45.817 CEST
Begin processing the 14th record. Run 1, Event 65, LumiSection 2 on stream 0 at 14-Jun-2021 13:31:50.671 CEST
Begin processing the 15th record. Run 1, Event 66, LumiSection 2 on stream 0 at 14-Jun-2021 13:31:55.056 CEST
Begin processing the 16th record. Run 1, Event 64, LumiSection 2 on stream 0 at 14-Jun-2021 13:31:59.146 CEST
Begin processing the 17th record. Run 1, Event 67, LumiSection 2 on stream 0 at 14-Jun-2021 13:32:02.543 CEST
Begin processing the 18th record. Run 1, Event 70, LumiSection 2 on stream 0 at 14-Jun-2021 13:32:06.219 CEST
Begin processing the 19th record. Run 1, Event 69, LumiSection 2 on stream 0 at 14-Jun-2021 13:32:09.379 CEST
Begin processing the 20th record. Run 1, Event 73, LumiSection 2 on stream 0 at 14-Jun-2021 13:32:13.396 CEST
Begin processing the 21st record. Run 1, Event 71, LumiSection 2 on stream 0 at 14-Jun-2021 13:32:17.483 CEST
Begin processing the 22nd record. Run 1, Event 68, LumiSection 2 on stream 0 at 14-Jun-2021 13:32:21.398 CEST
Begin processing the 23rd record. Run 1, Event 72, LumiSection 2 on stream 0 at 14-Jun-2021 13:32:26.900 CEST
Begin processing the 24th record. Run 1, Event 74, LumiSection 2 on stream 0 at 14-Jun-2021 13:32:31.670 CEST
Begin processing the 25th record. Run 1, Event 78, LumiSection 2 on stream 0 at 14-Jun-2021 13:32:35.899 CEST
Begin processing the 26th record. Run 1, Event 76, LumiSection 2 on stream 0 at 14-Jun-2021 13:32:39.354 CEST
Begin processing the 27th record. Run 1, Event 75, LumiSection 2 on stream 0 at 14-Jun-2021 13:32:42.587 CEST
Begin processing the 28th record. Run 1, Event 77, LumiSection 2 on stream 0 at 14-Jun-2021 13:32:47.361 CEST
Begin processing the 29th record. Run 1, Event 82, LumiSection 2 on stream 0 at 14-Jun-2021 13:32:51.966 CEST
Begin processing the 30th record. Run 1, Event 80, LumiSection 2 on stream 0 at 14-Jun-2021 13:32:55.547 CEST
Begin processing the 31st record. Run 1, Event 79, LumiSection 2 on stream 0 at 14-Jun-2021 13:32:59.054 CEST
Begin processing the 32nd record. Run 1, Event 81, LumiSection 2 on stream 0 at 14-Jun-2021 13:33:02.323 CEST
Begin processing the 33rd record. Run 1, Event 83, LumiSection 2 on stream 0 at 14-Jun-2021 13:33:06.527 CEST
Begin processing the 34th record. Run 1, Event 85, LumiSection 2 on stream 0 at 14-Jun-2021 13:33:10.203 CEST
Begin processing the 35th record. Run 1, Event 86, LumiSection 2 on stream 0 at 14-Jun-2021 13:33:15.013 CEST
Begin processing the 36th record. Run 1, Event 84, LumiSection 2 on stream 0 at 14-Jun-2021 13:33:19.867 CEST
Begin processing the 37th record. Run 1, Event 87, LumiSection 2 on stream 0 at 14-Jun-2021 13:33:24.575 CEST
Begin processing the 38th record. Run 1, Event 89, LumiSection 2 on stream 0 at 14-Jun-2021 13:33:29.303 CEST
Begin processing the 39th record. Run 1, Event 90, LumiSection 2 on stream 0 at 14-Jun-2021 13:33:33.439 CEST
Begin processing the 40th record. Run 1, Event 88, LumiSection 2 on stream 0 at 14-Jun-2021 13:33:38.526 CEST
Begin processing the 41st record. Run 1, Event 91, LumiSection 2 on stream 0 at 14-Jun-2021 13:33:44.816 CEST
Begin processing the 42nd record. Run 1, Event 92, LumiSection 2 on stream 0 at 14-Jun-2021 13:33:49.738 CEST
Begin processing the 43rd record. Run 1, Event 95, LumiSection 2 on stream 0 at 14-Jun-2021 13:33:54.469 CEST
Begin processing the 44th record. Run 1, Event 94, LumiSection 2 on stream 0 at 14-Jun-2021 13:33:57.180 CEST
Begin processing the 45th record. Run 1, Event 93, LumiSection 2 on stream 0 at 14-Jun-2021 13:34:00.128 CEST
Begin processing the 46th record. Run 1, Event 96, LumiSection 2 on stream 0 at 14-Jun-2021 13:34:04.055 CEST
Begin processing the 47th record. Run 1, Event 97, LumiSection 2 on stream 0 at 14-Jun-2021 13:34:07.548 CEST
Begin processing the 48th record. Run 1, Event 99, LumiSection 2 on stream 0 at 14-Jun-2021 13:34:12.440 CEST
Begin processing the 49th record. Run 1, Event 98, LumiSection 2 on stream 0 at 14-Jun-2021 13:34:16.382 CEST
Begin processing the 50th record. Run 1, Event 100, LumiSection 2 on stream 0 at 14-Jun-2021 13:34:19.832 CEST
14-Jun-2021 13:34:24 CEST  Closed file file:/eos/cms/store/user/tsarkar/SIM_Condor_output_Vector_MonoZLL_NLO_Mphi-500_Mchi-150_gSM-0p25_gDM-1p0_ctau1p0/step_SIM_2017UL_2.root
14-Jun-2021 13:34:25 CEST  Closed file root://eoscms.cern.ch//eos/cms/store/mc/RunIISummer20ULPrePremix/Neutrino_E-10_gun/PREMIX/UL17_106X_mc2017_realistic_v6-v3/210011/C388DC78-8DCF-0647-A03A-F824EDCB94D6.root

=============================================

MessageLogger Summary

 type     category        sev    module        subroutine        count    total
 ---- -------------------- -- ---------------- ----------------  -----    -----
    1 XrdAdaptor           -w PreMixingModule:                       1        1
    2 XrdAdaptor           -w PreMixingModule:                       1        1
    3 fileAction           -s PreMixingModule:                       3        3
    4 fileAction           -s PreMixingModule:                       2        2
    5 fileAction           -s PreMixingModule:                       1        1
    6 fileAction           -s file_close                             1        1
    7 fileAction           -s file_open                              2        2

 type    category    Examples: run/evt        run/evt          run/evt
 ---- -------------------- ---------------- ---------------- ----------------
    1 XrdAdaptor           1/54                              
    2 XrdAdaptor           pre-events                        
    3 fileAction           1/54             1/54             1/54
    4 fileAction           pre-events       pre-events       
    5 fileAction           PostGlobalEndRun                  
    6 fileAction           PostGlobalEndRun                  
    7 fileAction           pre-events       pre-events       

Severity    # Occurrences   Total Occurrences
--------    -------------   -----------------
Warning                 2                   2
System                  9                   9

dropped waiting message count 0
