000 (7309387.000.000) 06/14 11:25:08 Job submitted from host: <137.138.44.75:9618?addrs=137.138.44.75-9618+[2001-1458-d00-1a--b]-9618&alias=bigbird14.cern.ch&noUDP&sock=schedd_3149486_02ef>
...
040 (7309387.000.000) 06/14 13:26:53 Started transferring input files
	Transferring to host: <128.142.73.152:9618?addrs=128.142.73.152-9618+[2001-1458-301-75--100-5d2]-9618&alias=b7s11n1015.cern.ch&noUDP&sock=slot1_10_4465_bf0f_47361>
...
040 (7309387.000.000) 06/14 13:26:53 Finished transferring input files
...
001 (7309387.000.000) 06/14 13:26:54 Job executing on host: <128.142.73.152:9618?addrs=128.142.73.152-9618+[2001-1458-301-75--100-5d2]-9618&alias=b7s11n1015.cern.ch&noUDP&sock=startd_3730_0c58>
...
006 (7309387.000.000) 06/14 13:27:02 Image size of job updated: 49576
	35  -  MemoryUsage of job (MB)
	35116  -  ResidentSetSize of job (KB)
...
006 (7309387.000.000) 06/14 13:32:03 Image size of job updated: 3000888
	1768  -  MemoryUsage of job (MB)
	1810424  -  ResidentSetSize of job (KB)
...
040 (7309387.000.000) 06/14 13:34:16 Started transferring output files
...
040 (7309387.000.000) 06/14 13:34:16 Finished transferring output files
...
005 (7309387.000.000) 06/14 13:34:16 Job terminated.
	(1) Normal termination (return value 0)
		Usr 0 00:05:41, Sys 0 00:00:08  -  Run Remote Usage
		Usr 0 00:00:00, Sys 0 00:00:00  -  Run Local Usage
		Usr 0 00:05:41, Sys 0 00:00:08  -  Total Remote Usage
		Usr 0 00:00:00, Sys 0 00:00:00  -  Total Local Usage
	15386  -  Run Bytes Sent By Job
	442  -  Run Bytes Received By Job
	15386  -  Total Bytes Sent By Job
	442  -  Total Bytes Received By Job
	Partitionable Resources :    Usage  Request Allocated 
	   Cpus                 :                 1         1 
	   Disk (KB)            :       29        1    278604 
	   Memory (MB)          :     1768     2000      2000 

	Job terminated of its own accord at 2021-06-14T11:34:16Z.
...
