14-Jun-2021 13:27:18 CEST  Initiating request to open file file:/eos/cms/store/user/tsarkar/SIM_Condor_output_Vector_MonoZLL_NLO_Mphi-500_Mchi-150_gSM-0p25_gDM-1p0_ctau1p0/step_SIM_2017UL_16.root
14-Jun-2021 13:27:22 CEST  Successfully opened file file:/eos/cms/store/user/tsarkar/SIM_Condor_output_Vector_MonoZLL_NLO_Mphi-500_Mchi-150_gSM-0p25_gDM-1p0_ctau1p0/step_SIM_2017UL_16.root
14-Jun-2021 13:27:26 CEST  Initiating request to open file root://eoscms.cern.ch//eos/cms/store/mc/RunIISummer20ULPrePremix/Neutrino_E-10_gun/PREMIX/UL17_106X_mc2017_realistic_v6-v3/210005/18DBCA2A-6198-C240-AC45-A5E65FCE2816.root
%MSG-w XrdAdaptor:  PreMixingModule:mixData@ctor 14-Jun-2021 13:27:28 CEST  pre-events
Data is served from cern.ch instead of original site eoscms
%MSG
14-Jun-2021 13:27:28 CEST  Successfully opened file root://eoscms.cern.ch//eos/cms/store/mc/RunIISummer20ULPrePremix/Neutrino_E-10_gun/PREMIX/UL17_106X_mc2017_realistic_v6-v3/210005/18DBCA2A-6198-C240-AC45-A5E65FCE2816.root
Begin processing the 1st record. Run 1, Event 753, LumiSection 16 on stream 0 at 14-Jun-2021 13:27:43.504 CEST
14-Jun-2021 13:29:35 CEST  Closed file root://eoscms.cern.ch//eos/cms/store/mc/RunIISummer20ULPrePremix/Neutrino_E-10_gun/PREMIX/UL17_106X_mc2017_realistic_v6-v3/210005/18DBCA2A-6198-C240-AC45-A5E65FCE2816.root
14-Jun-2021 13:29:35 CEST  Initiating request to open file root://eoscms.cern.ch//eos/cms/store/mc/RunIISummer20ULPrePremix/Neutrino_E-10_gun/PREMIX/UL17_106X_mc2017_realistic_v6-v3/210021/E73C0893-6DDC-6E44-BE56-434BCF5E7659.root
%MSG-w XrdAdaptor:  PreMixingModule:mixData 14-Jun-2021 13:29:37 CEST  Run: 1 Event: 753
Data is served from cern.ch instead of original site eoscms
%MSG
14-Jun-2021 13:29:37 CEST  Successfully opened file root://eoscms.cern.ch//eos/cms/store/mc/RunIISummer20ULPrePremix/Neutrino_E-10_gun/PREMIX/UL17_106X_mc2017_realistic_v6-v3/210021/E73C0893-6DDC-6E44-BE56-434BCF5E7659.root
Begin processing the 2nd record. Run 1, Event 752, LumiSection 16 on stream 0 at 14-Jun-2021 13:29:48.783 CEST
Begin processing the 3rd record. Run 1, Event 754, LumiSection 16 on stream 0 at 14-Jun-2021 13:29:51.518 CEST
Begin processing the 4th record. Run 1, Event 755, LumiSection 16 on stream 0 at 14-Jun-2021 13:29:54.574 CEST
Begin processing the 5th record. Run 1, Event 751, LumiSection 16 on stream 0 at 14-Jun-2021 13:29:57.079 CEST
Begin processing the 6th record. Run 1, Event 758, LumiSection 16 on stream 0 at 14-Jun-2021 13:30:00.332 CEST
Begin processing the 7th record. Run 1, Event 756, LumiSection 16 on stream 0 at 14-Jun-2021 13:30:03.498 CEST
Begin processing the 8th record. Run 1, Event 757, LumiSection 16 on stream 0 at 14-Jun-2021 13:30:07.040 CEST
Begin processing the 9th record. Run 1, Event 760, LumiSection 16 on stream 0 at 14-Jun-2021 13:30:10.105 CEST
Begin processing the 10th record. Run 1, Event 759, LumiSection 16 on stream 0 at 14-Jun-2021 13:30:13.530 CEST
Begin processing the 11th record. Run 1, Event 761, LumiSection 16 on stream 0 at 14-Jun-2021 13:30:17.205 CEST
Begin processing the 12th record. Run 1, Event 763, LumiSection 16 on stream 0 at 14-Jun-2021 13:30:20.229 CEST
Begin processing the 13th record. Run 1, Event 762, LumiSection 16 on stream 0 at 14-Jun-2021 13:30:22.940 CEST
Begin processing the 14th record. Run 1, Event 764, LumiSection 16 on stream 0 at 14-Jun-2021 13:30:26.244 CEST
Begin processing the 15th record. Run 1, Event 765, LumiSection 16 on stream 0 at 14-Jun-2021 13:30:29.328 CEST
Begin processing the 16th record. Run 1, Event 766, LumiSection 16 on stream 0 at 14-Jun-2021 13:30:32.430 CEST
Begin processing the 17th record. Run 1, Event 768, LumiSection 16 on stream 0 at 14-Jun-2021 13:30:36.955 CEST
Begin processing the 18th record. Run 1, Event 769, LumiSection 16 on stream 0 at 14-Jun-2021 13:30:40.042 CEST
Begin processing the 19th record. Run 1, Event 767, LumiSection 16 on stream 0 at 14-Jun-2021 13:30:43.443 CEST
Begin processing the 20th record. Run 1, Event 771, LumiSection 16 on stream 0 at 14-Jun-2021 13:30:46.580 CEST
Begin processing the 21st record. Run 1, Event 770, LumiSection 16 on stream 0 at 14-Jun-2021 13:30:49.480 CEST
Begin processing the 22nd record. Run 1, Event 775, LumiSection 16 on stream 0 at 14-Jun-2021 13:30:52.872 CEST
Begin processing the 23rd record. Run 1, Event 773, LumiSection 16 on stream 0 at 14-Jun-2021 13:30:56.618 CEST
Begin processing the 24th record. Run 1, Event 777, LumiSection 16 on stream 0 at 14-Jun-2021 13:31:00.289 CEST
Begin processing the 25th record. Run 1, Event 772, LumiSection 16 on stream 0 at 14-Jun-2021 13:31:03.186 CEST
Begin processing the 26th record. Run 1, Event 774, LumiSection 16 on stream 0 at 14-Jun-2021 13:31:06.491 CEST
Begin processing the 27th record. Run 1, Event 776, LumiSection 16 on stream 0 at 14-Jun-2021 13:31:09.876 CEST
Begin processing the 28th record. Run 1, Event 778, LumiSection 16 on stream 0 at 14-Jun-2021 13:31:12.942 CEST
Begin processing the 29th record. Run 1, Event 780, LumiSection 16 on stream 0 at 14-Jun-2021 13:31:16.646 CEST
Begin processing the 30th record. Run 1, Event 779, LumiSection 16 on stream 0 at 14-Jun-2021 13:31:19.015 CEST
Begin processing the 31st record. Run 1, Event 783, LumiSection 16 on stream 0 at 14-Jun-2021 13:31:22.157 CEST
Begin processing the 32nd record. Run 1, Event 781, LumiSection 16 on stream 0 at 14-Jun-2021 13:31:24.982 CEST
Begin processing the 33rd record. Run 1, Event 782, LumiSection 16 on stream 0 at 14-Jun-2021 13:31:28.285 CEST
Begin processing the 34th record. Run 1, Event 784, LumiSection 16 on stream 0 at 14-Jun-2021 13:31:31.590 CEST
Begin processing the 35th record. Run 1, Event 788, LumiSection 16 on stream 0 at 14-Jun-2021 13:31:35.052 CEST
Begin processing the 36th record. Run 1, Event 787, LumiSection 16 on stream 0 at 14-Jun-2021 13:31:37.887 CEST
Begin processing the 37th record. Run 1, Event 785, LumiSection 16 on stream 0 at 14-Jun-2021 13:31:41.002 CEST
Begin processing the 38th record. Run 1, Event 790, LumiSection 16 on stream 0 at 14-Jun-2021 13:31:45.404 CEST
Begin processing the 39th record. Run 1, Event 786, LumiSection 16 on stream 0 at 14-Jun-2021 13:31:48.264 CEST
Begin processing the 40th record. Run 1, Event 792, LumiSection 16 on stream 0 at 14-Jun-2021 13:31:51.051 CEST
Begin processing the 41st record. Run 1, Event 791, LumiSection 16 on stream 0 at 14-Jun-2021 13:31:54.434 CEST
Begin processing the 42nd record. Run 1, Event 789, LumiSection 16 on stream 0 at 14-Jun-2021 13:31:58.215 CEST
Begin processing the 43rd record. Run 1, Event 793, LumiSection 16 on stream 0 at 14-Jun-2021 13:32:01.863 CEST
Begin processing the 44th record. Run 1, Event 796, LumiSection 16 on stream 0 at 14-Jun-2021 13:32:04.946 CEST
Begin processing the 45th record. Run 1, Event 795, LumiSection 16 on stream 0 at 14-Jun-2021 13:32:09.074 CEST
Begin processing the 46th record. Run 1, Event 794, LumiSection 16 on stream 0 at 14-Jun-2021 13:32:12.386 CEST
Begin processing the 47th record. Run 1, Event 797, LumiSection 16 on stream 0 at 14-Jun-2021 13:32:15.674 CEST
Begin processing the 48th record. Run 1, Event 798, LumiSection 16 on stream 0 at 14-Jun-2021 13:32:19.459 CEST
Begin processing the 49th record. Run 1, Event 799, LumiSection 16 on stream 0 at 14-Jun-2021 13:32:23.023 CEST
Begin processing the 50th record. Run 1, Event 800, LumiSection 16 on stream 0 at 14-Jun-2021 13:32:27.055 CEST
14-Jun-2021 13:32:30 CEST  Closed file file:/eos/cms/store/user/tsarkar/SIM_Condor_output_Vector_MonoZLL_NLO_Mphi-500_Mchi-150_gSM-0p25_gDM-1p0_ctau1p0/step_SIM_2017UL_16.root
14-Jun-2021 13:32:30 CEST  Closed file root://eoscms.cern.ch//eos/cms/store/mc/RunIISummer20ULPrePremix/Neutrino_E-10_gun/PREMIX/UL17_106X_mc2017_realistic_v6-v3/210021/E73C0893-6DDC-6E44-BE56-434BCF5E7659.root

=============================================

MessageLogger Summary

 type     category        sev    module        subroutine        count    total
 ---- -------------------- -- ---------------- ----------------  -----    -----
    1 XrdAdaptor           -w PreMixingModule:                       1        1
    2 XrdAdaptor           -w PreMixingModule:                       1        1
    3 fileAction           -s PreMixingModule:                       3        3
    4 fileAction           -s PreMixingModule:                       2        2
    5 fileAction           -s PreMixingModule:                       1        1
    6 fileAction           -s file_close                             1        1
    7 fileAction           -s file_open                              2        2

 type    category    Examples: run/evt        run/evt          run/evt
 ---- -------------------- ---------------- ---------------- ----------------
    1 XrdAdaptor           1/753                             
    2 XrdAdaptor           pre-events                        
    3 fileAction           1/753            1/753            1/753
    4 fileAction           pre-events       pre-events       
    5 fileAction           PostGlobalEndRun                  
    6 fileAction           PostGlobalEndRun                  
    7 fileAction           pre-events       pre-events       

Severity    # Occurrences   Total Occurrences
--------    -------------   -----------------
Warning                 2                   2
System                  9                   9

dropped waiting message count 0
