14-Jun-2021 13:27:25 CEST  Initiating request to open file file:/eos/cms/store/user/tsarkar/SIM_Condor_output_Vector_MonoZLL_NLO_Mphi-500_Mchi-150_gSM-0p25_gDM-1p0_ctau1p0/step_SIM_2017UL_1.root
14-Jun-2021 13:27:28 CEST  Successfully opened file file:/eos/cms/store/user/tsarkar/SIM_Condor_output_Vector_MonoZLL_NLO_Mphi-500_Mchi-150_gSM-0p25_gDM-1p0_ctau1p0/step_SIM_2017UL_1.root
14-Jun-2021 13:27:36 CEST  Initiating request to open file root://eoscms.cern.ch//eos/cms/store/mc/RunIISummer20ULPrePremix/Neutrino_E-10_gun/PREMIX/UL17_106X_mc2017_realistic_v6-v3/210006/C9D3AC67-B3B2-B54A-8EEA-83CB8CB72255.root
%MSG-w XrdAdaptor:  PreMixingModule:mixData@ctor 14-Jun-2021 13:27:38 CEST  pre-events
Data is served from cern.ch instead of original site eoscms
%MSG
14-Jun-2021 13:27:38 CEST  Successfully opened file root://eoscms.cern.ch//eos/cms/store/mc/RunIISummer20ULPrePremix/Neutrino_E-10_gun/PREMIX/UL17_106X_mc2017_realistic_v6-v3/210006/C9D3AC67-B3B2-B54A-8EEA-83CB8CB72255.root
Begin processing the 1st record. Run 1, Event 4, LumiSection 1 on stream 0 at 14-Jun-2021 13:27:58.877 CEST
14-Jun-2021 13:30:57 CEST  Closed file root://eoscms.cern.ch//eos/cms/store/mc/RunIISummer20ULPrePremix/Neutrino_E-10_gun/PREMIX/UL17_106X_mc2017_realistic_v6-v3/210006/C9D3AC67-B3B2-B54A-8EEA-83CB8CB72255.root
14-Jun-2021 13:30:57 CEST  Initiating request to open file root://eoscms.cern.ch//eos/cms/store/mc/RunIISummer20ULPrePremix/Neutrino_E-10_gun/PREMIX/UL17_106X_mc2017_realistic_v6-v3/210020/F012A5C8-B074-314A-BEE6-48516633BA72.root
%MSG-w XrdAdaptor:  PreMixingModule:mixData 14-Jun-2021 13:30:59 CEST  Run: 1 Event: 4
Data is served from cern.ch instead of original site eoscms
%MSG
14-Jun-2021 13:30:59 CEST  Successfully opened file root://eoscms.cern.ch//eos/cms/store/mc/RunIISummer20ULPrePremix/Neutrino_E-10_gun/PREMIX/UL17_106X_mc2017_realistic_v6-v3/210020/F012A5C8-B074-314A-BEE6-48516633BA72.root
Begin processing the 2nd record. Run 1, Event 2, LumiSection 1 on stream 0 at 14-Jun-2021 13:31:23.018 CEST
Begin processing the 3rd record. Run 1, Event 1, LumiSection 1 on stream 0 at 14-Jun-2021 13:31:27.303 CEST
Begin processing the 4th record. Run 1, Event 3, LumiSection 1 on stream 0 at 14-Jun-2021 13:31:31.935 CEST
Begin processing the 5th record. Run 1, Event 5, LumiSection 1 on stream 0 at 14-Jun-2021 13:31:36.628 CEST
Begin processing the 6th record. Run 1, Event 6, LumiSection 1 on stream 0 at 14-Jun-2021 13:31:41.498 CEST
Begin processing the 7th record. Run 1, Event 7, LumiSection 1 on stream 0 at 14-Jun-2021 13:31:45.045 CEST
Begin processing the 8th record. Run 1, Event 8, LumiSection 1 on stream 0 at 14-Jun-2021 13:31:50.199 CEST
Begin processing the 9th record. Run 1, Event 9, LumiSection 1 on stream 0 at 14-Jun-2021 13:31:54.144 CEST
Begin processing the 10th record. Run 1, Event 10, LumiSection 1 on stream 0 at 14-Jun-2021 13:31:58.964 CEST
Begin processing the 11th record. Run 1, Event 11, LumiSection 1 on stream 0 at 14-Jun-2021 13:32:03.563 CEST
Begin processing the 12th record. Run 1, Event 12, LumiSection 1 on stream 0 at 14-Jun-2021 13:32:08.720 CEST
Begin processing the 13th record. Run 1, Event 14, LumiSection 1 on stream 0 at 14-Jun-2021 13:32:13.590 CEST
Begin processing the 14th record. Run 1, Event 13, LumiSection 1 on stream 0 at 14-Jun-2021 13:32:18.809 CEST
Begin processing the 15th record. Run 1, Event 15, LumiSection 1 on stream 0 at 14-Jun-2021 13:32:23.280 CEST
Begin processing the 16th record. Run 1, Event 17, LumiSection 1 on stream 0 at 14-Jun-2021 13:32:27.521 CEST
Begin processing the 17th record. Run 1, Event 16, LumiSection 1 on stream 0 at 14-Jun-2021 13:32:31.279 CEST
Begin processing the 18th record. Run 1, Event 21, LumiSection 1 on stream 0 at 14-Jun-2021 13:32:36.105 CEST
Begin processing the 19th record. Run 1, Event 22, LumiSection 1 on stream 0 at 14-Jun-2021 13:32:40.057 CEST
Begin processing the 20th record. Run 1, Event 19, LumiSection 1 on stream 0 at 14-Jun-2021 13:32:43.675 CEST
Begin processing the 21st record. Run 1, Event 18, LumiSection 1 on stream 0 at 14-Jun-2021 13:32:48.069 CEST
Begin processing the 22nd record. Run 1, Event 20, LumiSection 1 on stream 0 at 14-Jun-2021 13:32:54.297 CEST
Begin processing the 23rd record. Run 1, Event 23, LumiSection 1 on stream 0 at 14-Jun-2021 13:32:59.334 CEST
Begin processing the 24th record. Run 1, Event 24, LumiSection 1 on stream 0 at 14-Jun-2021 13:33:04.371 CEST
Begin processing the 25th record. Run 1, Event 25, LumiSection 1 on stream 0 at 14-Jun-2021 13:33:08.520 CEST
Begin processing the 26th record. Run 1, Event 28, LumiSection 1 on stream 0 at 14-Jun-2021 13:33:13.136 CEST
Begin processing the 27th record. Run 1, Event 27, LumiSection 1 on stream 0 at 14-Jun-2021 13:33:17.819 CEST
Begin processing the 28th record. Run 1, Event 26, LumiSection 1 on stream 0 at 14-Jun-2021 13:33:21.906 CEST
Begin processing the 29th record. Run 1, Event 29, LumiSection 1 on stream 0 at 14-Jun-2021 13:33:26.225 CEST
Begin processing the 30th record. Run 1, Event 33, LumiSection 1 on stream 0 at 14-Jun-2021 13:33:30.077 CEST
Begin processing the 31st record. Run 1, Event 32, LumiSection 1 on stream 0 at 14-Jun-2021 13:33:33.956 CEST
Begin processing the 32nd record. Run 1, Event 31, LumiSection 1 on stream 0 at 14-Jun-2021 13:33:38.687 CEST
Begin processing the 33rd record. Run 1, Event 30, LumiSection 1 on stream 0 at 14-Jun-2021 13:33:44.467 CEST
Begin processing the 34th record. Run 1, Event 36, LumiSection 1 on stream 0 at 14-Jun-2021 13:33:49.536 CEST
Begin processing the 35th record. Run 1, Event 35, LumiSection 1 on stream 0 at 14-Jun-2021 13:33:53.463 CEST
Begin processing the 36th record. Run 1, Event 34, LumiSection 1 on stream 0 at 14-Jun-2021 13:33:57.853 CEST
Begin processing the 37th record. Run 1, Event 39, LumiSection 1 on stream 0 at 14-Jun-2021 13:34:03.808 CEST
Begin processing the 38th record. Run 1, Event 40, LumiSection 1 on stream 0 at 14-Jun-2021 13:34:09.557 CEST
Begin processing the 39th record. Run 1, Event 41, LumiSection 1 on stream 0 at 14-Jun-2021 13:34:12.820 CEST
Begin processing the 40th record. Run 1, Event 38, LumiSection 1 on stream 0 at 14-Jun-2021 13:34:16.764 CEST
Begin processing the 41st record. Run 1, Event 37, LumiSection 1 on stream 0 at 14-Jun-2021 13:34:20.417 CEST
Begin processing the 42nd record. Run 1, Event 44, LumiSection 1 on stream 0 at 14-Jun-2021 13:34:27.732 CEST
Begin processing the 43rd record. Run 1, Event 42, LumiSection 1 on stream 0 at 14-Jun-2021 13:34:32.834 CEST
Begin processing the 44th record. Run 1, Event 45, LumiSection 1 on stream 0 at 14-Jun-2021 13:34:37.400 CEST
Begin processing the 45th record. Run 1, Event 43, LumiSection 1 on stream 0 at 14-Jun-2021 13:34:41.202 CEST
Begin processing the 46th record. Run 1, Event 47, LumiSection 1 on stream 0 at 14-Jun-2021 13:34:45.440 CEST
Begin processing the 47th record. Run 1, Event 46, LumiSection 1 on stream 0 at 14-Jun-2021 13:34:49.817 CEST
Begin processing the 48th record. Run 1, Event 49, LumiSection 1 on stream 0 at 14-Jun-2021 13:34:53.838 CEST
Begin processing the 49th record. Run 1, Event 50, LumiSection 1 on stream 0 at 14-Jun-2021 13:34:58.073 CEST
Begin processing the 50th record. Run 1, Event 48, LumiSection 1 on stream 0 at 14-Jun-2021 13:35:02.335 CEST
14-Jun-2021 13:35:07 CEST  Closed file file:/eos/cms/store/user/tsarkar/SIM_Condor_output_Vector_MonoZLL_NLO_Mphi-500_Mchi-150_gSM-0p25_gDM-1p0_ctau1p0/step_SIM_2017UL_1.root
14-Jun-2021 13:35:08 CEST  Closed file root://eoscms.cern.ch//eos/cms/store/mc/RunIISummer20ULPrePremix/Neutrino_E-10_gun/PREMIX/UL17_106X_mc2017_realistic_v6-v3/210020/F012A5C8-B074-314A-BEE6-48516633BA72.root

=============================================

MessageLogger Summary

 type     category        sev    module        subroutine        count    total
 ---- -------------------- -- ---------------- ----------------  -----    -----
    1 XrdAdaptor           -w PreMixingModule:                       1        1
    2 XrdAdaptor           -w PreMixingModule:                       1        1
    3 fileAction           -s PreMixingModule:                       3        3
    4 fileAction           -s PreMixingModule:                       2        2
    5 fileAction           -s PreMixingModule:                       1        1
    6 fileAction           -s file_close                             1        1
    7 fileAction           -s file_open                              2        2

 type    category    Examples: run/evt        run/evt          run/evt
 ---- -------------------- ---------------- ---------------- ----------------
    1 XrdAdaptor           1/4                               
    2 XrdAdaptor           pre-events                        
    3 fileAction           1/4              1/4              1/4
    4 fileAction           pre-events       pre-events       
    5 fileAction           PostGlobalEndRun                  
    6 fileAction           PostGlobalEndRun                  
    7 fileAction           pre-events       pre-events       

Severity    # Occurrences   Total Occurrences
--------    -------------   -----------------
Warning                 2                   2
System                  9                   9

dropped waiting message count 0
