000 (7309393.000.000) 06/14 11:25:27 Job submitted from host: <137.138.44.75:9618?addrs=137.138.44.75-9618+[2001-1458-d00-1a--b]-9618&alias=bigbird14.cern.ch&noUDP&sock=schedd_3149486_02ef>
...
040 (7309393.000.000) 06/14 13:26:54 Started transferring input files
	Transferring to host: <128.142.85.171:9618?addrs=128.142.85.171-9618+[2001-1458-301-f6--100-65b]-9618&alias=b7s14n6444.cern.ch&noUDP&sock=slot1_1_19402_36ce_88745>
...
040 (7309393.000.000) 06/14 13:26:54 Finished transferring input files
...
001 (7309393.000.000) 06/14 13:26:55 Job executing on host: <128.142.85.171:9618?addrs=128.142.85.171-9618+[2001-1458-301-f6--100-65b]-9618&alias=b7s14n6444.cern.ch&noUDP&sock=startd_16577_058b>
...
006 (7309393.000.000) 06/14 13:27:04 Image size of job updated: 252564
	11  -  MemoryUsage of job (MB)
	10880  -  ResidentSetSize of job (KB)
...
006 (7309393.000.000) 06/14 13:32:04 Image size of job updated: 3000892
	1685  -  MemoryUsage of job (MB)
	1724464  -  ResidentSetSize of job (KB)
...
006 (7309393.000.000) 06/14 13:34:30 Image size of job updated: 3000920
	1685  -  MemoryUsage of job (MB)
	1724464  -  ResidentSetSize of job (KB)
...
040 (7309393.000.000) 06/14 13:34:30 Started transferring output files
...
040 (7309393.000.000) 06/14 13:34:30 Finished transferring output files
...
005 (7309393.000.000) 06/14 13:34:30 Job terminated.
	(1) Normal termination (return value 0)
		Usr 0 00:05:40, Sys 0 00:00:06  -  Run Remote Usage
		Usr 0 00:00:00, Sys 0 00:00:00  -  Run Local Usage
		Usr 0 00:05:40, Sys 0 00:00:06  -  Total Remote Usage
		Usr 0 00:00:00, Sys 0 00:00:00  -  Total Local Usage
	15009  -  Run Bytes Sent By Job
	443  -  Run Bytes Received By Job
	15009  -  Total Bytes Sent By Job
	443  -  Total Bytes Received By Job
	Partitionable Resources :    Usage  Request Allocated 
	   Cpus                 :     0.97        1         1 
	   Disk (KB)            :    36           1    264948 
	   Memory (MB)          :  1685        2000      2000 

	Job terminated of its own accord at 2021-06-14T11:34:30Z.
...
