14-Jun-2021 13:27:33 CEST  Initiating request to open file file:/eos/cms/store/user/tsarkar/SIM_Condor_output_Vector_MonoZLL_NLO_Mphi-500_Mchi-150_gSM-0p25_gDM-1p0_ctau1p0/step_SIM_2017UL_9.root
14-Jun-2021 13:27:36 CEST  Successfully opened file file:/eos/cms/store/user/tsarkar/SIM_Condor_output_Vector_MonoZLL_NLO_Mphi-500_Mchi-150_gSM-0p25_gDM-1p0_ctau1p0/step_SIM_2017UL_9.root
14-Jun-2021 13:27:42 CEST  Initiating request to open file root://eoscms.cern.ch//eos/cms/store/mc/RunIISummer20ULPrePremix/Neutrino_E-10_gun/PREMIX/UL17_106X_mc2017_realistic_v6-v3/210018/3930180F-E41A-C545-93AA-655A3D13EDD0.root
%MSG-w XrdAdaptor:  PreMixingModule:mixData@ctor 14-Jun-2021 13:27:44 CEST  pre-events
Data is served from cern.ch instead of original site eoscms
%MSG
14-Jun-2021 13:27:44 CEST  Successfully opened file root://eoscms.cern.ch//eos/cms/store/mc/RunIISummer20ULPrePremix/Neutrino_E-10_gun/PREMIX/UL17_106X_mc2017_realistic_v6-v3/210018/3930180F-E41A-C545-93AA-655A3D13EDD0.root
Begin processing the 1st record. Run 1, Event 401, LumiSection 9 on stream 0 at 14-Jun-2021 13:28:03.262 CEST
14-Jun-2021 13:30:28 CEST  Closed file root://eoscms.cern.ch//eos/cms/store/mc/RunIISummer20ULPrePremix/Neutrino_E-10_gun/PREMIX/UL17_106X_mc2017_realistic_v6-v3/210018/3930180F-E41A-C545-93AA-655A3D13EDD0.root
14-Jun-2021 13:30:28 CEST  Initiating request to open file root://eoscms.cern.ch//eos/cms/store/mc/RunIISummer20ULPrePremix/Neutrino_E-10_gun/PREMIX/UL17_106X_mc2017_realistic_v6-v3/10000/2FB31C53-15CE-DF4E-8B4A-0E4A66D978BC.root
%MSG-w XrdAdaptor:  PreMixingModule:mixData 14-Jun-2021 13:30:30 CEST  Run: 1 Event: 401
Data is served from cern.ch instead of original site eoscms
%MSG
14-Jun-2021 13:30:30 CEST  Successfully opened file root://eoscms.cern.ch//eos/cms/store/mc/RunIISummer20ULPrePremix/Neutrino_E-10_gun/PREMIX/UL17_106X_mc2017_realistic_v6-v3/10000/2FB31C53-15CE-DF4E-8B4A-0E4A66D978BC.root
Begin processing the 2nd record. Run 1, Event 403, LumiSection 9 on stream 0 at 14-Jun-2021 13:30:42.753 CEST
Begin processing the 3rd record. Run 1, Event 402, LumiSection 9 on stream 0 at 14-Jun-2021 13:30:46.738 CEST
Begin processing the 4th record. Run 1, Event 405, LumiSection 9 on stream 0 at 14-Jun-2021 13:30:49.673 CEST
Begin processing the 5th record. Run 1, Event 404, LumiSection 9 on stream 0 at 14-Jun-2021 13:30:53.064 CEST
Begin processing the 6th record. Run 1, Event 407, LumiSection 9 on stream 0 at 14-Jun-2021 13:30:56.431 CEST
Begin processing the 7th record. Run 1, Event 406, LumiSection 9 on stream 0 at 14-Jun-2021 13:31:01.131 CEST
Begin processing the 8th record. Run 1, Event 408, LumiSection 9 on stream 0 at 14-Jun-2021 13:31:04.482 CEST
Begin processing the 9th record. Run 1, Event 410, LumiSection 9 on stream 0 at 14-Jun-2021 13:31:07.757 CEST
Begin processing the 10th record. Run 1, Event 409, LumiSection 9 on stream 0 at 14-Jun-2021 13:31:11.900 CEST
Begin processing the 11th record. Run 1, Event 411, LumiSection 9 on stream 0 at 14-Jun-2021 13:31:17.101 CEST
Begin processing the 12th record. Run 1, Event 412, LumiSection 9 on stream 0 at 14-Jun-2021 13:31:22.511 CEST
Begin processing the 13th record. Run 1, Event 413, LumiSection 9 on stream 0 at 14-Jun-2021 13:31:26.577 CEST
Begin processing the 14th record. Run 1, Event 416, LumiSection 9 on stream 0 at 14-Jun-2021 13:31:31.677 CEST
Begin processing the 15th record. Run 1, Event 414, LumiSection 9 on stream 0 at 14-Jun-2021 13:31:34.659 CEST
Begin processing the 16th record. Run 1, Event 415, LumiSection 9 on stream 0 at 14-Jun-2021 13:31:38.278 CEST
Begin processing the 17th record. Run 1, Event 417, LumiSection 9 on stream 0 at 14-Jun-2021 13:31:42.521 CEST
Begin processing the 18th record. Run 1, Event 419, LumiSection 9 on stream 0 at 14-Jun-2021 13:31:45.680 CEST
Begin processing the 19th record. Run 1, Event 418, LumiSection 9 on stream 0 at 14-Jun-2021 13:31:50.412 CEST
Begin processing the 20th record. Run 1, Event 420, LumiSection 9 on stream 0 at 14-Jun-2021 13:31:54.386 CEST
Begin processing the 21st record. Run 1, Event 423, LumiSection 9 on stream 0 at 14-Jun-2021 13:31:57.961 CEST
Begin processing the 22nd record. Run 1, Event 421, LumiSection 9 on stream 0 at 14-Jun-2021 13:32:02.206 CEST
Begin processing the 23rd record. Run 1, Event 422, LumiSection 9 on stream 0 at 14-Jun-2021 13:32:05.952 CEST
Begin processing the 24th record. Run 1, Event 424, LumiSection 9 on stream 0 at 14-Jun-2021 13:32:10.682 CEST
Begin processing the 25th record. Run 1, Event 426, LumiSection 9 on stream 0 at 14-Jun-2021 13:32:13.927 CEST
Begin processing the 26th record. Run 1, Event 429, LumiSection 9 on stream 0 at 14-Jun-2021 13:32:17.253 CEST
Begin processing the 27th record. Run 1, Event 428, LumiSection 9 on stream 0 at 14-Jun-2021 13:32:21.623 CEST
Begin processing the 28th record. Run 1, Event 425, LumiSection 9 on stream 0 at 14-Jun-2021 13:32:25.931 CEST
Begin processing the 29th record. Run 1, Event 427, LumiSection 9 on stream 0 at 14-Jun-2021 13:32:30.474 CEST
Begin processing the 30th record. Run 1, Event 430, LumiSection 9 on stream 0 at 14-Jun-2021 13:32:34.788 CEST
Begin processing the 31st record. Run 1, Event 432, LumiSection 9 on stream 0 at 14-Jun-2021 13:32:37.934 CEST
Begin processing the 32nd record. Run 1, Event 434, LumiSection 9 on stream 0 at 14-Jun-2021 13:32:41.155 CEST
Begin processing the 33rd record. Run 1, Event 431, LumiSection 9 on stream 0 at 14-Jun-2021 13:32:45.436 CEST
Begin processing the 34th record. Run 1, Event 433, LumiSection 9 on stream 0 at 14-Jun-2021 13:32:50.229 CEST
Begin processing the 35th record. Run 1, Event 435, LumiSection 9 on stream 0 at 14-Jun-2021 13:32:54.128 CEST
Begin processing the 36th record. Run 1, Event 437, LumiSection 9 on stream 0 at 14-Jun-2021 13:32:58.864 CEST
Begin processing the 37th record. Run 1, Event 436, LumiSection 9 on stream 0 at 14-Jun-2021 13:33:03.058 CEST
Begin processing the 38th record. Run 1, Event 438, LumiSection 9 on stream 0 at 14-Jun-2021 13:33:07.781 CEST
Begin processing the 39th record. Run 1, Event 439, LumiSection 9 on stream 0 at 14-Jun-2021 13:33:12.337 CEST
Begin processing the 40th record. Run 1, Event 441, LumiSection 9 on stream 0 at 14-Jun-2021 13:33:16.859 CEST
Begin processing the 41st record. Run 1, Event 440, LumiSection 9 on stream 0 at 14-Jun-2021 13:33:21.365 CEST
Begin processing the 42nd record. Run 1, Event 443, LumiSection 9 on stream 0 at 14-Jun-2021 13:33:25.640 CEST
Begin processing the 43rd record. Run 1, Event 442, LumiSection 9 on stream 0 at 14-Jun-2021 13:33:30.236 CEST
Begin processing the 44th record. Run 1, Event 444, LumiSection 9 on stream 0 at 14-Jun-2021 13:33:34.236 CEST
Begin processing the 45th record. Run 1, Event 446, LumiSection 9 on stream 0 at 14-Jun-2021 13:33:37.908 CEST
Begin processing the 46th record. Run 1, Event 445, LumiSection 9 on stream 0 at 14-Jun-2021 13:33:41.676 CEST
Begin processing the 47th record. Run 1, Event 447, LumiSection 9 on stream 0 at 14-Jun-2021 13:33:46.002 CEST
Begin processing the 48th record. Run 1, Event 449, LumiSection 9 on stream 0 at 14-Jun-2021 13:33:49.485 CEST
Begin processing the 49th record. Run 1, Event 448, LumiSection 9 on stream 0 at 14-Jun-2021 13:33:53.414 CEST
Begin processing the 50th record. Run 1, Event 450, LumiSection 9 on stream 0 at 14-Jun-2021 13:33:57.833 CEST
14-Jun-2021 13:34:02 CEST  Closed file file:/eos/cms/store/user/tsarkar/SIM_Condor_output_Vector_MonoZLL_NLO_Mphi-500_Mchi-150_gSM-0p25_gDM-1p0_ctau1p0/step_SIM_2017UL_9.root
14-Jun-2021 13:34:03 CEST  Closed file root://eoscms.cern.ch//eos/cms/store/mc/RunIISummer20ULPrePremix/Neutrino_E-10_gun/PREMIX/UL17_106X_mc2017_realistic_v6-v3/10000/2FB31C53-15CE-DF4E-8B4A-0E4A66D978BC.root

=============================================

MessageLogger Summary

 type     category        sev    module        subroutine        count    total
 ---- -------------------- -- ---------------- ----------------  -----    -----
    1 XrdAdaptor           -w PreMixingModule:                       1        1
    2 XrdAdaptor           -w PreMixingModule:                       1        1
    3 fileAction           -s PreMixingModule:                       3        3
    4 fileAction           -s PreMixingModule:                       2        2
    5 fileAction           -s PreMixingModule:                       1        1
    6 fileAction           -s file_close                             1        1
    7 fileAction           -s file_open                              2        2

 type    category    Examples: run/evt        run/evt          run/evt
 ---- -------------------- ---------------- ---------------- ----------------
    1 XrdAdaptor           1/401                             
    2 XrdAdaptor           pre-events                        
    3 fileAction           1/401            1/401            1/401
    4 fileAction           pre-events       pre-events       
    5 fileAction           PostGlobalEndRun                  
    6 fileAction           PostGlobalEndRun                  
    7 fileAction           pre-events       pre-events       

Severity    # Occurrences   Total Occurrences
--------    -------------   -----------------
Warning                 2                   2
System                  9                   9

dropped waiting message count 0
