000 (7309399.000.000) 06/14 11:25:39 Job submitted from host: <137.138.44.75:9618?addrs=137.138.44.75-9618+[2001-1458-d00-1a--b]-9618&alias=bigbird14.cern.ch&noUDP&sock=schedd_3149486_02ef>
...
040 (7309399.000.000) 06/14 13:26:57 Started transferring input files
	Transferring to host: <128.142.76.48:9618?addrs=128.142.76.48-9618+[2001-1458-301-f4--100-2a7]-9618&alias=b7s12n3783.cern.ch&noUDP&sock=slot1_3_5327_1a72_41673>
...
040 (7309399.000.000) 06/14 13:26:57 Finished transferring input files
...
001 (7309399.000.000) 06/14 13:26:58 Job executing on host: <128.142.76.48:9618?addrs=128.142.76.48-9618+[2001-1458-301-f4--100-2a7]-9618&alias=b7s12n3783.cern.ch&noUDP&sock=startd_4304_c3b5>
...
006 (7309399.000.000) 06/14 13:27:06 Image size of job updated: 149472
	32  -  MemoryUsage of job (MB)
	31864  -  ResidentSetSize of job (KB)
...
006 (7309399.000.000) 06/14 13:32:06 Image size of job updated: 3000912
	1544  -  MemoryUsage of job (MB)
	1580128  -  ResidentSetSize of job (KB)
...
006 (7309399.000.000) 06/14 13:34:28 Image size of job updated: 3000916
	1544  -  MemoryUsage of job (MB)
	1580128  -  ResidentSetSize of job (KB)
...
040 (7309399.000.000) 06/14 13:34:29 Started transferring output files
...
040 (7309399.000.000) 06/14 13:34:29 Finished transferring output files
...
005 (7309399.000.000) 06/14 13:34:30 Job terminated.
	(1) Normal termination (return value 0)
		Usr 0 00:05:39, Sys 0 00:00:07  -  Run Remote Usage
		Usr 0 00:00:00, Sys 0 00:00:00  -  Run Local Usage
		Usr 0 00:05:39, Sys 0 00:00:07  -  Total Remote Usage
		Usr 0 00:00:00, Sys 0 00:00:00  -  Total Local Usage
	15333  -  Run Bytes Sent By Job
	443  -  Run Bytes Received By Job
	15333  -  Total Bytes Sent By Job
	443  -  Total Bytes Received By Job
	Partitionable Resources :    Usage  Request Allocated 
	   Cpus                 :                 1         1 
	   Disk (KB)            :       29        1    262972 
	   Memory (MB)          :     1544     2000      2000 

	Job terminated of its own accord at 2021-06-14T11:34:28Z.
...
