000 (7309396.000.000) 06/14 11:25:33 Job submitted from host: <137.138.44.75:9618?addrs=137.138.44.75-9618+[2001-1458-d00-1a--b]-9618&alias=bigbird14.cern.ch&noUDP&sock=schedd_3149486_02ef>
...
040 (7309396.000.000) 06/14 13:27:11 Started transferring input files
	Transferring to host: <128.142.84.108:9618?addrs=128.142.84.108-9618+[2001-1458-301-f6--100-48f]-9618&alias=b7s14n0731.cern.ch&noUDP&sock=slot1_5_3514_ae48_110241>
...
040 (7309396.000.000) 06/14 13:27:11 Finished transferring input files
...
001 (7309396.000.000) 06/14 13:27:12 Job executing on host: <128.142.84.108:9618?addrs=128.142.84.108-9618+[2001-1458-301-f6--100-48f]-9618&alias=b7s14n0731.cern.ch&noUDP&sock=startd_15664_c793>
...
006 (7309396.000.000) 06/14 13:27:21 Image size of job updated: 415792
	37  -  MemoryUsage of job (MB)
	37832  -  ResidentSetSize of job (KB)
...
006 (7309396.000.000) 06/14 13:32:22 Image size of job updated: 3000916
	1805  -  MemoryUsage of job (MB)
	1848112  -  ResidentSetSize of job (KB)
...
040 (7309396.000.000) 06/14 13:34:42 Started transferring output files
...
040 (7309396.000.000) 06/14 13:34:42 Finished transferring output files
...
005 (7309396.000.000) 06/14 13:34:43 Job terminated.
	(1) Normal termination (return value 0)
		Usr 0 00:05:46, Sys 0 00:00:08  -  Run Remote Usage
		Usr 0 00:00:00, Sys 0 00:00:00  -  Run Local Usage
		Usr 0 00:05:46, Sys 0 00:00:08  -  Total Remote Usage
		Usr 0 00:00:00, Sys 0 00:00:00  -  Total Local Usage
	15333  -  Run Bytes Sent By Job
	443  -  Run Bytes Received By Job
	15333  -  Total Bytes Sent By Job
	443  -  Total Bytes Received By Job
	Partitionable Resources :    Usage  Request Allocated 
	   Cpus                 :     1.00        1         1 
	   Disk (KB)            :    36           1    249859 
	   Memory (MB)          :  1805        2000      2000 

	Job terminated of its own accord at 2021-06-14T11:34:42Z.
...
