14-Jun-2021 13:27:13 CEST  Initiating request to open file file:/eos/cms/store/user/tsarkar/SIM_Condor_output_Vector_MonoZLL_NLO_Mphi-500_Mchi-150_gSM-0p25_gDM-1p0_ctau1p0/step_SIM_2017UL_11.root
14-Jun-2021 13:27:15 CEST  Successfully opened file file:/eos/cms/store/user/tsarkar/SIM_Condor_output_Vector_MonoZLL_NLO_Mphi-500_Mchi-150_gSM-0p25_gDM-1p0_ctau1p0/step_SIM_2017UL_11.root
14-Jun-2021 13:27:19 CEST  Initiating request to open file root://eoscms.cern.ch//eos/cms/store/mc/RunIISummer20ULPrePremix/Neutrino_E-10_gun/PREMIX/UL17_106X_mc2017_realistic_v6-v3/00003/3929EF98-CE03-9942-B355-6C9C66D9B4BF.root
%MSG-w XrdAdaptor:  PreMixingModule:mixData@ctor 14-Jun-2021 13:27:21 CEST  pre-events
Data is served from cern.ch instead of original site eoscms
%MSG
14-Jun-2021 13:27:21 CEST  Successfully opened file root://eoscms.cern.ch//eos/cms/store/mc/RunIISummer20ULPrePremix/Neutrino_E-10_gun/PREMIX/UL17_106X_mc2017_realistic_v6-v3/00003/3929EF98-CE03-9942-B355-6C9C66D9B4BF.root
Begin processing the 1st record. Run 1, Event 502, LumiSection 11 on stream 0 at 14-Jun-2021 13:27:37.123 CEST
14-Jun-2021 13:29:12 CEST  Closed file root://eoscms.cern.ch//eos/cms/store/mc/RunIISummer20ULPrePremix/Neutrino_E-10_gun/PREMIX/UL17_106X_mc2017_realistic_v6-v3/00003/3929EF98-CE03-9942-B355-6C9C66D9B4BF.root
14-Jun-2021 13:29:12 CEST  Initiating request to open file root://eoscms.cern.ch//eos/cms/store/mc/RunIISummer20ULPrePremix/Neutrino_E-10_gun/PREMIX/UL17_106X_mc2017_realistic_v6-v3/20000/DFD9B93B-404D-2046-A3AE-ED21772977E6.root
%MSG-w XrdAdaptor:  PreMixingModule:mixData 14-Jun-2021 13:29:14 CEST  Run: 1 Event: 502
Data is served from cern.ch instead of original site eoscms
%MSG
14-Jun-2021 13:29:14 CEST  Successfully opened file root://eoscms.cern.ch//eos/cms/store/mc/RunIISummer20ULPrePremix/Neutrino_E-10_gun/PREMIX/UL17_106X_mc2017_realistic_v6-v3/20000/DFD9B93B-404D-2046-A3AE-ED21772977E6.root
Begin processing the 2nd record. Run 1, Event 501, LumiSection 11 on stream 0 at 14-Jun-2021 13:29:24.585 CEST
Begin processing the 3rd record. Run 1, Event 504, LumiSection 11 on stream 0 at 14-Jun-2021 13:29:26.612 CEST
Begin processing the 4th record. Run 1, Event 506, LumiSection 11 on stream 0 at 14-Jun-2021 13:29:29.369 CEST
Begin processing the 5th record. Run 1, Event 503, LumiSection 11 on stream 0 at 14-Jun-2021 13:29:31.914 CEST
Begin processing the 6th record. Run 1, Event 505, LumiSection 11 on stream 0 at 14-Jun-2021 13:29:34.500 CEST
Begin processing the 7th record. Run 1, Event 507, LumiSection 11 on stream 0 at 14-Jun-2021 13:29:36.747 CEST
Begin processing the 8th record. Run 1, Event 510, LumiSection 11 on stream 0 at 14-Jun-2021 13:29:39.477 CEST
Begin processing the 9th record. Run 1, Event 508, LumiSection 11 on stream 0 at 14-Jun-2021 13:29:41.607 CEST
Begin processing the 10th record. Run 1, Event 512, LumiSection 11 on stream 0 at 14-Jun-2021 13:29:44.263 CEST
Begin processing the 11th record. Run 1, Event 511, LumiSection 11 on stream 0 at 14-Jun-2021 13:29:46.566 CEST
Begin processing the 12th record. Run 1, Event 509, LumiSection 11 on stream 0 at 14-Jun-2021 13:29:48.517 CEST
Begin processing the 13th record. Run 1, Event 514, LumiSection 11 on stream 0 at 14-Jun-2021 13:29:51.547 CEST
Begin processing the 14th record. Run 1, Event 513, LumiSection 11 on stream 0 at 14-Jun-2021 13:29:53.940 CEST
Begin processing the 15th record. Run 1, Event 516, LumiSection 11 on stream 0 at 14-Jun-2021 13:29:56.894 CEST
Begin processing the 16th record. Run 1, Event 518, LumiSection 11 on stream 0 at 14-Jun-2021 13:29:59.656 CEST
Begin processing the 17th record. Run 1, Event 517, LumiSection 11 on stream 0 at 14-Jun-2021 13:30:02.926 CEST
Begin processing the 18th record. Run 1, Event 515, LumiSection 11 on stream 0 at 14-Jun-2021 13:30:05.481 CEST
Begin processing the 19th record. Run 1, Event 519, LumiSection 11 on stream 0 at 14-Jun-2021 13:30:08.047 CEST
Begin processing the 20th record. Run 1, Event 522, LumiSection 11 on stream 0 at 14-Jun-2021 13:30:10.532 CEST
Begin processing the 21st record. Run 1, Event 521, LumiSection 11 on stream 0 at 14-Jun-2021 13:30:13.245 CEST
Begin processing the 22nd record. Run 1, Event 520, LumiSection 11 on stream 0 at 14-Jun-2021 13:30:15.777 CEST
Begin processing the 23rd record. Run 1, Event 523, LumiSection 11 on stream 0 at 14-Jun-2021 13:30:18.686 CEST
Begin processing the 24th record. Run 1, Event 525, LumiSection 11 on stream 0 at 14-Jun-2021 13:30:21.379 CEST
Begin processing the 25th record. Run 1, Event 527, LumiSection 11 on stream 0 at 14-Jun-2021 13:30:24.134 CEST
Begin processing the 26th record. Run 1, Event 524, LumiSection 11 on stream 0 at 14-Jun-2021 13:30:26.633 CEST
Begin processing the 27th record. Run 1, Event 526, LumiSection 11 on stream 0 at 14-Jun-2021 13:30:29.357 CEST
Begin processing the 28th record. Run 1, Event 528, LumiSection 11 on stream 0 at 14-Jun-2021 13:30:31.579 CEST
Begin processing the 29th record. Run 1, Event 529, LumiSection 11 on stream 0 at 14-Jun-2021 13:30:34.036 CEST
Begin processing the 30th record. Run 1, Event 531, LumiSection 11 on stream 0 at 14-Jun-2021 13:30:36.256 CEST
Begin processing the 31st record. Run 1, Event 530, LumiSection 11 on stream 0 at 14-Jun-2021 13:30:38.564 CEST
Begin processing the 32nd record. Run 1, Event 535, LumiSection 11 on stream 0 at 14-Jun-2021 13:30:40.953 CEST
Begin processing the 33rd record. Run 1, Event 533, LumiSection 11 on stream 0 at 14-Jun-2021 13:30:43.253 CEST
Begin processing the 34th record. Run 1, Event 534, LumiSection 11 on stream 0 at 14-Jun-2021 13:30:46.250 CEST
Begin processing the 35th record. Run 1, Event 536, LumiSection 11 on stream 0 at 14-Jun-2021 13:30:48.789 CEST
Begin processing the 36th record. Run 1, Event 532, LumiSection 11 on stream 0 at 14-Jun-2021 13:30:51.281 CEST
Begin processing the 37th record. Run 1, Event 537, LumiSection 11 on stream 0 at 14-Jun-2021 13:30:53.814 CEST
Begin processing the 38th record. Run 1, Event 539, LumiSection 11 on stream 0 at 14-Jun-2021 13:30:56.871 CEST
Begin processing the 39th record. Run 1, Event 542, LumiSection 11 on stream 0 at 14-Jun-2021 13:30:59.989 CEST
Begin processing the 40th record. Run 1, Event 538, LumiSection 11 on stream 0 at 14-Jun-2021 13:31:02.464 CEST
Begin processing the 41st record. Run 1, Event 540, LumiSection 11 on stream 0 at 14-Jun-2021 13:31:05.157 CEST
Begin processing the 42nd record. Run 1, Event 541, LumiSection 11 on stream 0 at 14-Jun-2021 13:31:07.543 CEST
Begin processing the 43rd record. Run 1, Event 544, LumiSection 11 on stream 0 at 14-Jun-2021 13:31:09.757 CEST
Begin processing the 44th record. Run 1, Event 543, LumiSection 11 on stream 0 at 14-Jun-2021 13:31:12.390 CEST
Begin processing the 45th record. Run 1, Event 546, LumiSection 11 on stream 0 at 14-Jun-2021 13:31:15.267 CEST
Begin processing the 46th record. Run 1, Event 545, LumiSection 11 on stream 0 at 14-Jun-2021 13:31:17.471 CEST
Begin processing the 47th record. Run 1, Event 547, LumiSection 11 on stream 0 at 14-Jun-2021 13:31:19.954 CEST
Begin processing the 48th record. Run 1, Event 549, LumiSection 11 on stream 0 at 14-Jun-2021 13:31:22.110 CEST
Begin processing the 49th record. Run 1, Event 548, LumiSection 11 on stream 0 at 14-Jun-2021 13:31:24.794 CEST
Begin processing the 50th record. Run 1, Event 550, LumiSection 11 on stream 0 at 14-Jun-2021 13:31:27.422 CEST
14-Jun-2021 13:31:29 CEST  Closed file file:/eos/cms/store/user/tsarkar/SIM_Condor_output_Vector_MonoZLL_NLO_Mphi-500_Mchi-150_gSM-0p25_gDM-1p0_ctau1p0/step_SIM_2017UL_11.root
14-Jun-2021 13:31:30 CEST  Closed file root://eoscms.cern.ch//eos/cms/store/mc/RunIISummer20ULPrePremix/Neutrino_E-10_gun/PREMIX/UL17_106X_mc2017_realistic_v6-v3/20000/DFD9B93B-404D-2046-A3AE-ED21772977E6.root

=============================================

MessageLogger Summary

 type     category        sev    module        subroutine        count    total
 ---- -------------------- -- ---------------- ----------------  -----    -----
    1 XrdAdaptor           -w PreMixingModule:                       1        1
    2 XrdAdaptor           -w PreMixingModule:                       1        1
    3 fileAction           -s PreMixingModule:                       3        3
    4 fileAction           -s PreMixingModule:                       2        2
    5 fileAction           -s PreMixingModule:                       1        1
    6 fileAction           -s file_close                             1        1
    7 fileAction           -s file_open                              2        2

 type    category    Examples: run/evt        run/evt          run/evt
 ---- -------------------- ---------------- ---------------- ----------------
    1 XrdAdaptor           1/502                             
    2 XrdAdaptor           pre-events                        
    3 fileAction           1/502            1/502            1/502
    4 fileAction           pre-events       pre-events       
    5 fileAction           PostGlobalEndRun                  
    6 fileAction           PostGlobalEndRun                  
    7 fileAction           pre-events       pre-events       

Severity    # Occurrences   Total Occurrences
--------    -------------   -----------------
Warning                 2                   2
System                  9                   9

dropped waiting message count 0
