000 (7309390.000.000) 06/14 11:25:16 Job submitted from host: <137.138.44.75:9618?addrs=137.138.44.75-9618+[2001-1458-d00-1a--b]-9618&alias=bigbird14.cern.ch&noUDP&sock=schedd_3149486_02ef>
...
040 (7309390.000.000) 06/14 13:26:54 Started transferring input files
	Transferring to host: <128.142.71.105:9618?addrs=128.142.71.105-9618+[2001-1458-301-52--100-260]-9618&alias=b7s10n2496.cern.ch&noUDP&sock=slot1_4_21731_348d_89881>
...
040 (7309390.000.000) 06/14 13:26:54 Finished transferring input files
...
001 (7309390.000.000) 06/14 13:26:55 Job executing on host: <128.142.71.105:9618?addrs=128.142.71.105-9618+[2001-1458-301-52--100-260]-9618&alias=b7s10n2496.cern.ch&noUDP&sock=startd_1953_2c8d>
...
006 (7309390.000.000) 06/14 13:27:03 Image size of job updated: 252564
	30  -  MemoryUsage of job (MB)
	30664  -  ResidentSetSize of job (KB)
...
006 (7309390.000.000) 06/14 13:32:03 Image size of job updated: 3000860
	1563  -  MemoryUsage of job (MB)
	1600180  -  ResidentSetSize of job (KB)
...
006 (7309390.000.000) 06/14 13:35:04 Image size of job updated: 3000924
	1563  -  MemoryUsage of job (MB)
	1600180  -  ResidentSetSize of job (KB)
...
040 (7309390.000.000) 06/14 13:35:04 Started transferring output files
...
040 (7309390.000.000) 06/14 13:35:04 Finished transferring output files
...
005 (7309390.000.000) 06/14 13:35:04 Job terminated.
	(1) Normal termination (return value 0)
		Usr 0 00:05:26, Sys 0 00:00:15  -  Run Remote Usage
		Usr 0 00:00:00, Sys 0 00:00:00  -  Run Local Usage
		Usr 0 00:05:26, Sys 0 00:00:15  -  Total Remote Usage
		Usr 0 00:00:00, Sys 0 00:00:00  -  Total Local Usage
	15113  -  Run Bytes Sent By Job
	442  -  Run Bytes Received By Job
	15113  -  Total Bytes Sent By Job
	442  -  Total Bytes Received By Job
	Partitionable Resources :    Usage  Request Allocated 
	   Cpus                 :     0.99        1         1 
	   Disk (KB)            :    36           1    275475 
	   Memory (MB)          :  1563        2000      2000 

	Job terminated of its own accord at 2021-06-14T11:35:04Z.
...
