14-Jun-2021 13:27:35 CEST  Initiating request to open file file:/eos/cms/store/user/tsarkar/SIM_Condor_output_Vector_MonoZLL_NLO_Mphi-500_Mchi-150_gSM-0p25_gDM-1p0_ctau1p0/step_SIM_2017UL_7.root
14-Jun-2021 13:27:37 CEST  Successfully opened file file:/eos/cms/store/user/tsarkar/SIM_Condor_output_Vector_MonoZLL_NLO_Mphi-500_Mchi-150_gSM-0p25_gDM-1p0_ctau1p0/step_SIM_2017UL_7.root
14-Jun-2021 13:27:43 CEST  Initiating request to open file root://eoscms.cern.ch//eos/cms/store/mc/RunIISummer20ULPrePremix/Neutrino_E-10_gun/PREMIX/UL17_106X_mc2017_realistic_v6-v3/210020/29B202D9-BC92-3B43-8460-DE5483D67B69.root
%MSG-w XrdAdaptor:  PreMixingModule:mixData@ctor 14-Jun-2021 13:27:45 CEST  pre-events
Data is served from cern.ch instead of original site eoscms
%MSG
14-Jun-2021 13:27:45 CEST  Successfully opened file root://eoscms.cern.ch//eos/cms/store/mc/RunIISummer20ULPrePremix/Neutrino_E-10_gun/PREMIX/UL17_106X_mc2017_realistic_v6-v3/210020/29B202D9-BC92-3B43-8460-DE5483D67B69.root
Begin processing the 1st record. Run 1, Event 301, LumiSection 7 on stream 0 at 14-Jun-2021 13:28:03.264 CEST
14-Jun-2021 13:30:27 CEST  Closed file root://eoscms.cern.ch//eos/cms/store/mc/RunIISummer20ULPrePremix/Neutrino_E-10_gun/PREMIX/UL17_106X_mc2017_realistic_v6-v3/210020/29B202D9-BC92-3B43-8460-DE5483D67B69.root
14-Jun-2021 13:30:27 CEST  Initiating request to open file root://eoscms.cern.ch//eos/cms/store/mc/RunIISummer20ULPrePremix/Neutrino_E-10_gun/PREMIX/UL17_106X_mc2017_realistic_v6-v3/210018/EF394837-3AF6-414C-A452-E5682C0EEE72.root
%MSG-w XrdAdaptor:  PreMixingModule:mixData 14-Jun-2021 13:30:30 CEST  Run: 1 Event: 301
Data is served from cern.ch instead of original site eoscms
%MSG
14-Jun-2021 13:30:30 CEST  Successfully opened file root://eoscms.cern.ch//eos/cms/store/mc/RunIISummer20ULPrePremix/Neutrino_E-10_gun/PREMIX/UL17_106X_mc2017_realistic_v6-v3/210018/EF394837-3AF6-414C-A452-E5682C0EEE72.root
Begin processing the 2nd record. Run 1, Event 303, LumiSection 7 on stream 0 at 14-Jun-2021 13:30:47.607 CEST
Begin processing the 3rd record. Run 1, Event 302, LumiSection 7 on stream 0 at 14-Jun-2021 13:30:51.951 CEST
Begin processing the 4th record. Run 1, Event 305, LumiSection 7 on stream 0 at 14-Jun-2021 13:30:55.809 CEST
Begin processing the 5th record. Run 1, Event 304, LumiSection 7 on stream 0 at 14-Jun-2021 13:31:01.065 CEST
Begin processing the 6th record. Run 1, Event 309, LumiSection 7 on stream 0 at 14-Jun-2021 13:31:05.069 CEST
Begin processing the 7th record. Run 1, Event 310, LumiSection 7 on stream 0 at 14-Jun-2021 13:31:09.053 CEST
Begin processing the 8th record. Run 1, Event 306, LumiSection 7 on stream 0 at 14-Jun-2021 13:31:12.361 CEST
Begin processing the 9th record. Run 1, Event 307, LumiSection 7 on stream 0 at 14-Jun-2021 13:31:17.288 CEST
Begin processing the 10th record. Run 1, Event 308, LumiSection 7 on stream 0 at 14-Jun-2021 13:31:22.115 CEST
Begin processing the 11th record. Run 1, Event 312, LumiSection 7 on stream 0 at 14-Jun-2021 13:31:25.880 CEST
Begin processing the 12th record. Run 1, Event 311, LumiSection 7 on stream 0 at 14-Jun-2021 13:31:30.384 CEST
Begin processing the 13th record. Run 1, Event 315, LumiSection 7 on stream 0 at 14-Jun-2021 13:31:33.721 CEST
Begin processing the 14th record. Run 1, Event 313, LumiSection 7 on stream 0 at 14-Jun-2021 13:31:38.147 CEST
Begin processing the 15th record. Run 1, Event 316, LumiSection 7 on stream 0 at 14-Jun-2021 13:31:42.127 CEST
Begin processing the 16th record. Run 1, Event 314, LumiSection 7 on stream 0 at 14-Jun-2021 13:31:46.583 CEST
Begin processing the 17th record. Run 1, Event 318, LumiSection 7 on stream 0 at 14-Jun-2021 13:31:50.619 CEST
Begin processing the 18th record. Run 1, Event 317, LumiSection 7 on stream 0 at 14-Jun-2021 13:31:55.310 CEST
Begin processing the 19th record. Run 1, Event 319, LumiSection 7 on stream 0 at 14-Jun-2021 13:31:59.252 CEST
Begin processing the 20th record. Run 1, Event 321, LumiSection 7 on stream 0 at 14-Jun-2021 13:32:03.310 CEST
Begin processing the 21st record. Run 1, Event 320, LumiSection 7 on stream 0 at 14-Jun-2021 13:32:06.819 CEST
Begin processing the 22nd record. Run 1, Event 324, LumiSection 7 on stream 0 at 14-Jun-2021 13:32:11.093 CEST
Begin processing the 23rd record. Run 1, Event 322, LumiSection 7 on stream 0 at 14-Jun-2021 13:32:15.273 CEST
Begin processing the 24th record. Run 1, Event 323, LumiSection 7 on stream 0 at 14-Jun-2021 13:32:19.374 CEST
Begin processing the 25th record. Run 1, Event 325, LumiSection 7 on stream 0 at 14-Jun-2021 13:32:23.710 CEST
Begin processing the 26th record. Run 1, Event 327, LumiSection 7 on stream 0 at 14-Jun-2021 13:32:27.790 CEST
Begin processing the 27th record. Run 1, Event 326, LumiSection 7 on stream 0 at 14-Jun-2021 13:32:32.984 CEST
Begin processing the 28th record. Run 1, Event 331, LumiSection 7 on stream 0 at 14-Jun-2021 13:32:36.498 CEST
Begin processing the 29th record. Run 1, Event 328, LumiSection 7 on stream 0 at 14-Jun-2021 13:32:41.095 CEST
Begin processing the 30th record. Run 1, Event 329, LumiSection 7 on stream 0 at 14-Jun-2021 13:32:45.047 CEST
Begin processing the 31st record. Run 1, Event 332, LumiSection 7 on stream 0 at 14-Jun-2021 13:32:48.421 CEST
Begin processing the 32nd record. Run 1, Event 334, LumiSection 7 on stream 0 at 14-Jun-2021 13:32:52.638 CEST
Begin processing the 33rd record. Run 1, Event 330, LumiSection 7 on stream 0 at 14-Jun-2021 13:32:57.418 CEST
Begin processing the 34th record. Run 1, Event 336, LumiSection 7 on stream 0 at 14-Jun-2021 13:33:02.704 CEST
Begin processing the 35th record. Run 1, Event 333, LumiSection 7 on stream 0 at 14-Jun-2021 13:33:05.869 CEST
Begin processing the 36th record. Run 1, Event 338, LumiSection 7 on stream 0 at 14-Jun-2021 13:33:10.679 CEST
Begin processing the 37th record. Run 1, Event 335, LumiSection 7 on stream 0 at 14-Jun-2021 13:33:15.236 CEST
Begin processing the 38th record. Run 1, Event 337, LumiSection 7 on stream 0 at 14-Jun-2021 13:33:20.325 CEST
Begin processing the 39th record. Run 1, Event 340, LumiSection 7 on stream 0 at 14-Jun-2021 13:33:25.261 CEST
Begin processing the 40th record. Run 1, Event 341, LumiSection 7 on stream 0 at 14-Jun-2021 13:33:30.263 CEST
Begin processing the 41st record. Run 1, Event 342, LumiSection 7 on stream 0 at 14-Jun-2021 13:33:34.009 CEST
Begin processing the 42nd record. Run 1, Event 343, LumiSection 7 on stream 0 at 14-Jun-2021 13:33:38.359 CEST
Begin processing the 43rd record. Run 1, Event 339, LumiSection 7 on stream 0 at 14-Jun-2021 13:33:42.872 CEST
Begin processing the 44th record. Run 1, Event 344, LumiSection 7 on stream 0 at 14-Jun-2021 13:33:48.225 CEST
Begin processing the 45th record. Run 1, Event 345, LumiSection 7 on stream 0 at 14-Jun-2021 13:33:51.852 CEST
Begin processing the 46th record. Run 1, Event 347, LumiSection 7 on stream 0 at 14-Jun-2021 13:33:55.845 CEST
Begin processing the 47th record. Run 1, Event 346, LumiSection 7 on stream 0 at 14-Jun-2021 13:34:00.018 CEST
Begin processing the 48th record. Run 1, Event 349, LumiSection 7 on stream 0 at 14-Jun-2021 13:34:03.810 CEST
Begin processing the 49th record. Run 1, Event 348, LumiSection 7 on stream 0 at 14-Jun-2021 13:34:07.609 CEST
Begin processing the 50th record. Run 1, Event 350, LumiSection 7 on stream 0 at 14-Jun-2021 13:34:12.241 CEST
14-Jun-2021 13:34:16 CEST  Closed file file:/eos/cms/store/user/tsarkar/SIM_Condor_output_Vector_MonoZLL_NLO_Mphi-500_Mchi-150_gSM-0p25_gDM-1p0_ctau1p0/step_SIM_2017UL_7.root
14-Jun-2021 13:34:20 CEST  Closed file root://eoscms.cern.ch//eos/cms/store/mc/RunIISummer20ULPrePremix/Neutrino_E-10_gun/PREMIX/UL17_106X_mc2017_realistic_v6-v3/210018/EF394837-3AF6-414C-A452-E5682C0EEE72.root

=============================================

MessageLogger Summary

 type     category        sev    module        subroutine        count    total
 ---- -------------------- -- ---------------- ----------------  -----    -----
    1 XrdAdaptor           -w PreMixingModule:                       1        1
    2 XrdAdaptor           -w PreMixingModule:                       1        1
    3 fileAction           -s PreMixingModule:                       3        3
    4 fileAction           -s PreMixingModule:                       2        2
    5 fileAction           -s PreMixingModule:                       1        1
    6 fileAction           -s file_close                             1        1
    7 fileAction           -s file_open                              2        2

 type    category    Examples: run/evt        run/evt          run/evt
 ---- -------------------- ---------------- ---------------- ----------------
    1 XrdAdaptor           1/301                             
    2 XrdAdaptor           pre-events                        
    3 fileAction           1/301            1/301            1/301
    4 fileAction           pre-events       pre-events       
    5 fileAction           PostGlobalEndRun                  
    6 fileAction           PostGlobalEndRun                  
    7 fileAction           pre-events       pre-events       

Severity    # Occurrences   Total Occurrences
--------    -------------   -----------------
Warning                 2                   2
System                  9                   9

dropped waiting message count 0
