000 (7309383.000.000) 06/14 11:24:59 Job submitted from host: <137.138.44.75:9618?addrs=137.138.44.75-9618+[2001-1458-d00-1a--b]-9618&alias=bigbird14.cern.ch&noUDP&sock=schedd_3149486_02ef>
...
040 (7309383.000.000) 06/14 13:26:51 Started transferring input files
	Transferring to host: <188.184.169.159:9618?addrs=188.184.169.159-9618+[2001-1458-301-c0--100-228]-9618&alias=b7g52n0831.cern.ch&noUDP&sock=slot1_7_11502_f30d_111317>
...
040 (7309383.000.000) 06/14 13:26:51 Finished transferring input files
...
001 (7309383.000.000) 06/14 13:26:52 Job executing on host: <188.184.169.159:9618?addrs=188.184.169.159-9618+[2001-1458-301-c0--100-228]-9618&alias=b7g52n0831.cern.ch&noUDP&sock=startd_18560_31d9>
...
006 (7309383.000.000) 06/14 13:27:01 Image size of job updated: 362956
	91  -  MemoryUsage of job (MB)
	92880  -  ResidentSetSize of job (KB)
...
006 (7309383.000.000) 06/14 13:31:50 Image size of job updated: 3000952
	91  -  MemoryUsage of job (MB)
	92880  -  ResidentSetSize of job (KB)
...
040 (7309383.000.000) 06/14 13:31:50 Started transferring output files
...
040 (7309383.000.000) 06/14 13:31:50 Finished transferring output files
...
005 (7309383.000.000) 06/14 13:31:50 Job terminated.
	(1) Normal termination (return value 0)
		Usr 0 00:03:57, Sys 0 00:00:06  -  Run Remote Usage
		Usr 0 00:00:00, Sys 0 00:00:00  -  Run Local Usage
		Usr 0 00:03:57, Sys 0 00:00:06  -  Total Remote Usage
		Usr 0 00:00:00, Sys 0 00:00:00  -  Total Local Usage
	15295  -  Run Bytes Sent By Job
	442  -  Run Bytes Received By Job
	15295  -  Total Bytes Sent By Job
	442  -  Total Bytes Received By Job
	Partitionable Resources :    Usage  Request Allocated 
	   Cpus                 :                 1         1 
	   Disk (KB)            :       29        1    272706 
	   Memory (MB)          :       91     2000      2000 

	Job terminated of its own accord at 2021-06-14T11:31:50Z.
...
