000 (7309389.000.000) 06/14 11:25:15 Job submitted from host: <137.138.44.75:9618?addrs=137.138.44.75-9618+[2001-1458-d00-1a--b]-9618&alias=bigbird14.cern.ch&noUDP&sock=schedd_3149486_02ef>
...
040 (7309389.000.000) 06/14 13:26:53 Started transferring input files
	Transferring to host: <128.142.193.170:9618?addrs=128.142.193.170-9618+[2001-1458-301-cc--100-23d]-9618&alias=b7g52n5425.cern.ch&noUDP&sock=slot1_13_5405_0fb5_41934>
...
040 (7309389.000.000) 06/14 13:26:53 Finished transferring input files
...
001 (7309389.000.000) 06/14 13:26:54 Job executing on host: <128.142.193.170:9618?addrs=128.142.193.170-9618+[2001-1458-301-cc--100-23d]-9618&alias=b7g52n5425.cern.ch&noUDP&sock=startd_4126_abd9>
...
006 (7309389.000.000) 06/14 13:27:03 Image size of job updated: 54448
	40  -  MemoryUsage of job (MB)
	39964  -  ResidentSetSize of job (KB)
...
006 (7309389.000.000) 06/14 13:32:03 Image size of job updated: 3000924
	1760  -  MemoryUsage of job (MB)
	1801900  -  ResidentSetSize of job (KB)
...
040 (7309389.000.000) 06/14 13:32:32 Started transferring output files
...
040 (7309389.000.000) 06/14 13:32:32 Finished transferring output files
...
005 (7309389.000.000) 06/14 13:32:32 Job terminated.
	(1) Normal termination (return value 0)
		Usr 0 00:04:24, Sys 0 00:00:06  -  Run Remote Usage
		Usr 0 00:00:00, Sys 0 00:00:00  -  Run Local Usage
		Usr 0 00:04:24, Sys 0 00:00:06  -  Total Remote Usage
		Usr 0 00:00:00, Sys 0 00:00:00  -  Total Local Usage
	15204  -  Run Bytes Sent By Job
	442  -  Run Bytes Received By Job
	15204  -  Total Bytes Sent By Job
	442  -  Total Bytes Received By Job
	Partitionable Resources :    Usage  Request Allocated 
	   Cpus                 :                 1         1 
	   Disk (KB)            :       29        1    264832 
	   Memory (MB)          :     1760     2000      2000 

	Job terminated of its own accord at 2021-06-14T11:32:32Z.
...
