000 (7309382.000.000) 06/14 11:24:57 Job submitted from host: <137.138.44.75:9618?addrs=137.138.44.75-9618+[2001-1458-d00-1a--b]-9618&alias=bigbird14.cern.ch&noUDP&sock=schedd_3149486_02ef>
...
040 (7309382.000.000) 06/14 13:26:50 Started transferring input files
	Transferring to host: <128.142.72.235:9618?addrs=128.142.72.235-9618+[2001-1458-301-75--100-4b3]-9618&alias=b7s11n5051.cern.ch&noUDP&sock=slot1_10_6430_443f_41491>
...
040 (7309382.000.000) 06/14 13:26:50 Finished transferring input files
...
001 (7309382.000.000) 06/14 13:26:51 Job executing on host: <128.142.72.235:9618?addrs=128.142.72.235-9618+[2001-1458-301-75--100-4b3]-9618&alias=b7s11n5051.cern.ch&noUDP&sock=startd_5138_d1b1>
...
006 (7309382.000.000) 06/14 13:27:00 Image size of job updated: 276744
	31  -  MemoryUsage of job (MB)
	31592  -  ResidentSetSize of job (KB)
...
006 (7309382.000.000) 06/14 13:32:00 Image size of job updated: 3000872
	1776  -  MemoryUsage of job (MB)
	1818432  -  ResidentSetSize of job (KB)
...
006 (7309382.000.000) 06/14 13:35:10 Image size of job updated: 3000920
	1776  -  MemoryUsage of job (MB)
	1818432  -  ResidentSetSize of job (KB)
...
040 (7309382.000.000) 06/14 13:35:10 Started transferring output files
...
040 (7309382.000.000) 06/14 13:35:10 Finished transferring output files
...
005 (7309382.000.000) 06/14 13:35:10 Job terminated.
	(1) Normal termination (return value 0)
		Usr 0 00:06:19, Sys 0 00:00:07  -  Run Remote Usage
		Usr 0 00:00:00, Sys 0 00:00:00  -  Run Local Usage
		Usr 0 00:06:19, Sys 0 00:00:07  -  Total Remote Usage
		Usr 0 00:00:00, Sys 0 00:00:00  -  Total Local Usage
	15179  -  Run Bytes Sent By Job
	442  -  Run Bytes Received By Job
	15179  -  Total Bytes Sent By Job
	442  -  Total Bytes Received By Job
	Partitionable Resources :    Usage  Request Allocated 
	   Cpus                 :     0.98        1         1 
	   Disk (KB)            :    36           1    283781 
	   Memory (MB)          :  1776        2000      2000 

	Job terminated of its own accord at 2021-06-14T11:35:10Z.
...
