000 (7309398.000.000) 06/14 11:25:37 Job submitted from host: <137.138.44.75:9618?addrs=137.138.44.75-9618+[2001-1458-d00-1a--b]-9618&alias=bigbird14.cern.ch&noUDP&sock=schedd_3149486_02ef>
...
040 (7309398.000.000) 06/14 13:26:57 Started transferring input files
	Transferring to host: <128.142.83.147:9618?addrs=128.142.83.147-9618+[2001-1458-301-f5--100-545]-9618&alias=b7s13n2108.cern.ch&noUDP&sock=slot1_8_5719_4d82_36305>
...
040 (7309398.000.000) 06/14 13:26:57 Finished transferring input files
...
001 (7309398.000.000) 06/14 13:26:58 Job executing on host: <128.142.83.147:9618?addrs=128.142.83.147-9618+[2001-1458-301-f5--100-545]-9618&alias=b7s13n2108.cern.ch&noUDP&sock=startd_4581_c371>
...
006 (7309398.000.000) 06/14 13:27:06 Image size of job updated: 53220
	38  -  MemoryUsage of job (MB)
	38736  -  ResidentSetSize of job (KB)
...
006 (7309398.000.000) 06/14 13:32:02 Image size of job updated: 3000932
	38  -  MemoryUsage of job (MB)
	38748  -  ResidentSetSize of job (KB)
...
040 (7309398.000.000) 06/14 13:32:03 Started transferring output files
...
040 (7309398.000.000) 06/14 13:32:03 Finished transferring output files
...
005 (7309398.000.000) 06/14 13:32:03 Job terminated.
	(1) Normal termination (return value 0)
		Usr 0 00:04:03, Sys 0 00:00:07  -  Run Remote Usage
		Usr 0 00:00:00, Sys 0 00:00:00  -  Run Local Usage
		Usr 0 00:04:03, Sys 0 00:00:07  -  Total Remote Usage
		Usr 0 00:00:00, Sys 0 00:00:00  -  Total Local Usage
	15242  -  Run Bytes Sent By Job
	443  -  Run Bytes Received By Job
	15242  -  Total Bytes Sent By Job
	443  -  Total Bytes Received By Job
	Partitionable Resources :    Usage  Request Allocated 
	   Cpus                 :     0.98        1         1 
	   Disk (KB)            :    36           1    271197 
	   Memory (MB)          :    38        2000      2000 

	Job terminated of its own accord at 2021-06-14T11:32:02Z.
...
