14-Jun-2021 13:27:44 CEST  Initiating request to open file file:/eos/cms/store/user/tsarkar/SIM_Condor_output_Vector_MonoZLL_NLO_Mphi-500_Mchi-150_gSM-0p25_gDM-1p0_ctau1p0/step_SIM_2017UL_4.root
14-Jun-2021 13:27:46 CEST  Successfully opened file file:/eos/cms/store/user/tsarkar/SIM_Condor_output_Vector_MonoZLL_NLO_Mphi-500_Mchi-150_gSM-0p25_gDM-1p0_ctau1p0/step_SIM_2017UL_4.root
14-Jun-2021 13:27:52 CEST  Initiating request to open file root://eoscms.cern.ch//eos/cms/store/mc/RunIISummer20ULPrePremix/Neutrino_E-10_gun/PREMIX/UL17_106X_mc2017_realistic_v6-v3/210012/1DB560B2-C842-5C43-B282-45710E224F62.root
%MSG-w XrdAdaptor:  PreMixingModule:mixData@ctor 14-Jun-2021 13:27:55 CEST  pre-events
Data is served from cern.ch instead of original site eoscms
%MSG
14-Jun-2021 13:27:56 CEST  Successfully opened file root://eoscms.cern.ch//eos/cms/store/mc/RunIISummer20ULPrePremix/Neutrino_E-10_gun/PREMIX/UL17_106X_mc2017_realistic_v6-v3/210012/1DB560B2-C842-5C43-B282-45710E224F62.root
Begin processing the 1st record. Run 1, Event 152, LumiSection 4 on stream 0 at 14-Jun-2021 13:28:22.136 CEST
14-Jun-2021 13:30:56 CEST  Closed file root://eoscms.cern.ch//eos/cms/store/mc/RunIISummer20ULPrePremix/Neutrino_E-10_gun/PREMIX/UL17_106X_mc2017_realistic_v6-v3/210012/1DB560B2-C842-5C43-B282-45710E224F62.root
14-Jun-2021 13:30:56 CEST  Initiating request to open file root://eoscms.cern.ch//eos/cms/store/mc/RunIISummer20ULPrePremix/Neutrino_E-10_gun/PREMIX/UL17_106X_mc2017_realistic_v6-v3/210007/934F7D48-3A66-C340-9088-FC5B8641EE4E.root
%MSG-w XrdAdaptor:  PreMixingModule:mixData 14-Jun-2021 13:30:58 CEST  Run: 1 Event: 152
Data is served from cern.ch instead of original site eoscms
%MSG
14-Jun-2021 13:30:58 CEST  Successfully opened file root://eoscms.cern.ch//eos/cms/store/mc/RunIISummer20ULPrePremix/Neutrino_E-10_gun/PREMIX/UL17_106X_mc2017_realistic_v6-v3/210007/934F7D48-3A66-C340-9088-FC5B8641EE4E.root
Begin processing the 2nd record. Run 1, Event 151, LumiSection 4 on stream 0 at 14-Jun-2021 13:31:10.828 CEST
Begin processing the 3rd record. Run 1, Event 153, LumiSection 4 on stream 0 at 14-Jun-2021 13:31:14.850 CEST
Begin processing the 4th record. Run 1, Event 155, LumiSection 4 on stream 0 at 14-Jun-2021 13:31:18.699 CEST
Begin processing the 5th record. Run 1, Event 157, LumiSection 4 on stream 0 at 14-Jun-2021 13:31:22.921 CEST
Begin processing the 6th record. Run 1, Event 156, LumiSection 4 on stream 0 at 14-Jun-2021 13:31:26.488 CEST
Begin processing the 7th record. Run 1, Event 154, LumiSection 4 on stream 0 at 14-Jun-2021 13:31:30.911 CEST
Begin processing the 8th record. Run 1, Event 161, LumiSection 4 on stream 0 at 14-Jun-2021 13:31:35.535 CEST
Begin processing the 9th record. Run 1, Event 159, LumiSection 4 on stream 0 at 14-Jun-2021 13:31:39.660 CEST
Begin processing the 10th record. Run 1, Event 162, LumiSection 4 on stream 0 at 14-Jun-2021 13:31:43.025 CEST
Begin processing the 11th record. Run 1, Event 158, LumiSection 4 on stream 0 at 14-Jun-2021 13:31:47.072 CEST
Begin processing the 12th record. Run 1, Event 160, LumiSection 4 on stream 0 at 14-Jun-2021 13:31:51.371 CEST
Begin processing the 13th record. Run 1, Event 165, LumiSection 4 on stream 0 at 14-Jun-2021 13:31:55.280 CEST
Begin processing the 14th record. Run 1, Event 163, LumiSection 4 on stream 0 at 14-Jun-2021 13:31:59.343 CEST
Begin processing the 15th record. Run 1, Event 164, LumiSection 4 on stream 0 at 14-Jun-2021 13:32:03.184 CEST
Begin processing the 16th record. Run 1, Event 167, LumiSection 4 on stream 0 at 14-Jun-2021 13:32:07.378 CEST
Begin processing the 17th record. Run 1, Event 166, LumiSection 4 on stream 0 at 14-Jun-2021 13:32:11.166 CEST
Begin processing the 18th record. Run 1, Event 168, LumiSection 4 on stream 0 at 14-Jun-2021 13:32:16.048 CEST
Begin processing the 19th record. Run 1, Event 170, LumiSection 4 on stream 0 at 14-Jun-2021 13:32:20.687 CEST
Begin processing the 20th record. Run 1, Event 169, LumiSection 4 on stream 0 at 14-Jun-2021 13:32:23.735 CEST
Begin processing the 21st record. Run 1, Event 171, LumiSection 4 on stream 0 at 14-Jun-2021 13:32:28.699 CEST
Begin processing the 22nd record. Run 1, Event 173, LumiSection 4 on stream 0 at 14-Jun-2021 13:32:32.755 CEST
Begin processing the 23rd record. Run 1, Event 172, LumiSection 4 on stream 0 at 14-Jun-2021 13:32:35.949 CEST
Begin processing the 24th record. Run 1, Event 174, LumiSection 4 on stream 0 at 14-Jun-2021 13:32:40.956 CEST
Begin processing the 25th record. Run 1, Event 175, LumiSection 4 on stream 0 at 14-Jun-2021 13:32:45.674 CEST
Begin processing the 26th record. Run 1, Event 177, LumiSection 4 on stream 0 at 14-Jun-2021 13:32:49.392 CEST
Begin processing the 27th record. Run 1, Event 176, LumiSection 4 on stream 0 at 14-Jun-2021 13:32:53.832 CEST
Begin processing the 28th record. Run 1, Event 179, LumiSection 4 on stream 0 at 14-Jun-2021 13:32:58.729 CEST
Begin processing the 29th record. Run 1, Event 180, LumiSection 4 on stream 0 at 14-Jun-2021 13:33:02.640 CEST
Begin processing the 30th record. Run 1, Event 178, LumiSection 4 on stream 0 at 14-Jun-2021 13:33:06.666 CEST
Begin processing the 31st record. Run 1, Event 181, LumiSection 4 on stream 0 at 14-Jun-2021 13:33:10.958 CEST
Begin processing the 32nd record. Run 1, Event 182, LumiSection 4 on stream 0 at 14-Jun-2021 13:33:14.992 CEST
Begin processing the 33rd record. Run 1, Event 184, LumiSection 4 on stream 0 at 14-Jun-2021 13:33:19.522 CEST
Begin processing the 34th record. Run 1, Event 183, LumiSection 4 on stream 0 at 14-Jun-2021 13:33:24.024 CEST
Begin processing the 35th record. Run 1, Event 185, LumiSection 4 on stream 0 at 14-Jun-2021 13:33:28.347 CEST
Begin processing the 36th record. Run 1, Event 186, LumiSection 4 on stream 0 at 14-Jun-2021 13:33:32.560 CEST
Begin processing the 37th record. Run 1, Event 190, LumiSection 4 on stream 0 at 14-Jun-2021 13:33:36.619 CEST
Begin processing the 38th record. Run 1, Event 188, LumiSection 4 on stream 0 at 14-Jun-2021 13:33:41.490 CEST
Begin processing the 39th record. Run 1, Event 187, LumiSection 4 on stream 0 at 14-Jun-2021 13:33:45.131 CEST
Begin processing the 40th record. Run 1, Event 189, LumiSection 4 on stream 0 at 14-Jun-2021 13:33:49.464 CEST
Begin processing the 41st record. Run 1, Event 191, LumiSection 4 on stream 0 at 14-Jun-2021 13:33:53.879 CEST
Begin processing the 42nd record. Run 1, Event 193, LumiSection 4 on stream 0 at 14-Jun-2021 13:33:58.399 CEST
Begin processing the 43rd record. Run 1, Event 194, LumiSection 4 on stream 0 at 14-Jun-2021 13:34:02.082 CEST
Begin processing the 44th record. Run 1, Event 195, LumiSection 4 on stream 0 at 14-Jun-2021 13:34:07.095 CEST
Begin processing the 45th record. Run 1, Event 196, LumiSection 4 on stream 0 at 14-Jun-2021 13:34:10.262 CEST
Begin processing the 46th record. Run 1, Event 192, LumiSection 4 on stream 0 at 14-Jun-2021 13:34:13.449 CEST
Begin processing the 47th record. Run 1, Event 198, LumiSection 4 on stream 0 at 14-Jun-2021 13:34:17.963 CEST
Begin processing the 48th record. Run 1, Event 197, LumiSection 4 on stream 0 at 14-Jun-2021 13:34:22.739 CEST
Begin processing the 49th record. Run 1, Event 199, LumiSection 4 on stream 0 at 14-Jun-2021 13:34:26.681 CEST
Begin processing the 50th record. Run 1, Event 200, LumiSection 4 on stream 0 at 14-Jun-2021 13:34:32.668 CEST
14-Jun-2021 13:34:37 CEST  Closed file file:/eos/cms/store/user/tsarkar/SIM_Condor_output_Vector_MonoZLL_NLO_Mphi-500_Mchi-150_gSM-0p25_gDM-1p0_ctau1p0/step_SIM_2017UL_4.root
14-Jun-2021 13:34:39 CEST  Closed file root://eoscms.cern.ch//eos/cms/store/mc/RunIISummer20ULPrePremix/Neutrino_E-10_gun/PREMIX/UL17_106X_mc2017_realistic_v6-v3/210007/934F7D48-3A66-C340-9088-FC5B8641EE4E.root

=============================================

MessageLogger Summary

 type     category        sev    module        subroutine        count    total
 ---- -------------------- -- ---------------- ----------------  -----    -----
    1 XrdAdaptor           -w PreMixingModule:                       1        1
    2 XrdAdaptor           -w PreMixingModule:                       1        1
    3 fileAction           -s PreMixingModule:                       3        3
    4 fileAction           -s PreMixingModule:                       2        2
    5 fileAction           -s PreMixingModule:                       1        1
    6 fileAction           -s file_close                             1        1
    7 fileAction           -s file_open                              2        2

 type    category    Examples: run/evt        run/evt          run/evt
 ---- -------------------- ---------------- ---------------- ----------------
    1 XrdAdaptor           1/152                             
    2 XrdAdaptor           pre-events                        
    3 fileAction           1/152            1/152            1/152
    4 fileAction           pre-events       pre-events       
    5 fileAction           PostGlobalEndRun                  
    6 fileAction           PostGlobalEndRun                  
    7 fileAction           pre-events       pre-events       

Severity    # Occurrences   Total Occurrences
--------    -------------   -----------------
Warning                 2                   2
System                  9                   9

dropped waiting message count 0
