14-Jun-2021 13:27:18 CEST  Initiating request to open file file:/eos/cms/store/user/tsarkar/SIM_Condor_output_Vector_MonoZLL_NLO_Mphi-500_Mchi-150_gSM-0p25_gDM-1p0_ctau1p0/step_SIM_2017UL_5.root
14-Jun-2021 13:27:22 CEST  Successfully opened file file:/eos/cms/store/user/tsarkar/SIM_Condor_output_Vector_MonoZLL_NLO_Mphi-500_Mchi-150_gSM-0p25_gDM-1p0_ctau1p0/step_SIM_2017UL_5.root
14-Jun-2021 13:27:26 CEST  Initiating request to open file root://eoscms.cern.ch//eos/cms/store/mc/RunIISummer20ULPrePremix/Neutrino_E-10_gun/PREMIX/UL17_106X_mc2017_realistic_v6-v3/230002/7235D3CD-C9B7-B747-8921-980AE0F607C4.root
%MSG-w XrdAdaptor:  PreMixingModule:mixData@ctor 14-Jun-2021 13:27:29 CEST  pre-events
Data is served from cern.ch instead of original site eoscms
%MSG
14-Jun-2021 13:27:29 CEST  Successfully opened file root://eoscms.cern.ch//eos/cms/store/mc/RunIISummer20ULPrePremix/Neutrino_E-10_gun/PREMIX/UL17_106X_mc2017_realistic_v6-v3/230002/7235D3CD-C9B7-B747-8921-980AE0F607C4.root
Begin processing the 1st record. Run 1, Event 204, LumiSection 5 on stream 0 at 14-Jun-2021 13:27:50.916 CEST
14-Jun-2021 13:29:56 CEST  Closed file root://eoscms.cern.ch//eos/cms/store/mc/RunIISummer20ULPrePremix/Neutrino_E-10_gun/PREMIX/UL17_106X_mc2017_realistic_v6-v3/230002/7235D3CD-C9B7-B747-8921-980AE0F607C4.root
14-Jun-2021 13:29:56 CEST  Initiating request to open file root://eoscms.cern.ch//eos/cms/store/mc/RunIISummer20ULPrePremix/Neutrino_E-10_gun/PREMIX/UL17_106X_mc2017_realistic_v6-v3/210011/711B2806-0A83-7548-90E3-787BF1DCD36B.root
%MSG-w XrdAdaptor:  PreMixingModule:mixData 14-Jun-2021 13:29:58 CEST  Run: 1 Event: 204
Data is served from cern.ch instead of original site eoscms
%MSG
14-Jun-2021 13:29:59 CEST  Successfully opened file root://eoscms.cern.ch//eos/cms/store/mc/RunIISummer20ULPrePremix/Neutrino_E-10_gun/PREMIX/UL17_106X_mc2017_realistic_v6-v3/210011/711B2806-0A83-7548-90E3-787BF1DCD36B.root
Begin processing the 2nd record. Run 1, Event 202, LumiSection 5 on stream 0 at 14-Jun-2021 13:30:20.235 CEST
Begin processing the 3rd record. Run 1, Event 201, LumiSection 5 on stream 0 at 14-Jun-2021 13:30:24.210 CEST
Begin processing the 4th record. Run 1, Event 207, LumiSection 5 on stream 0 at 14-Jun-2021 13:30:27.540 CEST
Begin processing the 5th record. Run 1, Event 203, LumiSection 5 on stream 0 at 14-Jun-2021 13:30:30.827 CEST
Begin processing the 6th record. Run 1, Event 205, LumiSection 5 on stream 0 at 14-Jun-2021 13:30:34.627 CEST
Begin processing the 7th record. Run 1, Event 206, LumiSection 5 on stream 0 at 14-Jun-2021 13:30:38.558 CEST
Begin processing the 8th record. Run 1, Event 209, LumiSection 5 on stream 0 at 14-Jun-2021 13:30:41.761 CEST
Begin processing the 9th record. Run 1, Event 208, LumiSection 5 on stream 0 at 14-Jun-2021 13:30:45.044 CEST
Begin processing the 10th record. Run 1, Event 212, LumiSection 5 on stream 0 at 14-Jun-2021 13:30:48.171 CEST
Begin processing the 11th record. Run 1, Event 211, LumiSection 5 on stream 0 at 14-Jun-2021 13:30:51.878 CEST
Begin processing the 12th record. Run 1, Event 210, LumiSection 5 on stream 0 at 14-Jun-2021 13:30:55.698 CEST
Begin processing the 13th record. Run 1, Event 215, LumiSection 5 on stream 0 at 14-Jun-2021 13:30:59.162 CEST
Begin processing the 14th record. Run 1, Event 214, LumiSection 5 on stream 0 at 14-Jun-2021 13:31:02.415 CEST
Begin processing the 15th record. Run 1, Event 216, LumiSection 5 on stream 0 at 14-Jun-2021 13:31:06.195 CEST
Begin processing the 16th record. Run 1, Event 213, LumiSection 5 on stream 0 at 14-Jun-2021 13:31:09.916 CEST
Begin processing the 17th record. Run 1, Event 217, LumiSection 5 on stream 0 at 14-Jun-2021 13:31:13.659 CEST
Begin processing the 18th record. Run 1, Event 220, LumiSection 5 on stream 0 at 14-Jun-2021 13:31:17.451 CEST
Begin processing the 19th record. Run 1, Event 218, LumiSection 5 on stream 0 at 14-Jun-2021 13:31:20.728 CEST
Begin processing the 20th record. Run 1, Event 221, LumiSection 5 on stream 0 at 14-Jun-2021 13:31:24.355 CEST
Begin processing the 21st record. Run 1, Event 219, LumiSection 5 on stream 0 at 14-Jun-2021 13:31:28.831 CEST
Begin processing the 22nd record. Run 1, Event 224, LumiSection 5 on stream 0 at 14-Jun-2021 13:31:33.332 CEST
Begin processing the 23rd record. Run 1, Event 222, LumiSection 5 on stream 0 at 14-Jun-2021 13:31:36.306 CEST
Begin processing the 24th record. Run 1, Event 223, LumiSection 5 on stream 0 at 14-Jun-2021 13:31:40.309 CEST
Begin processing the 25th record. Run 1, Event 227, LumiSection 5 on stream 0 at 14-Jun-2021 13:31:43.611 CEST
Begin processing the 26th record. Run 1, Event 226, LumiSection 5 on stream 0 at 14-Jun-2021 13:31:46.815 CEST
Begin processing the 27th record. Run 1, Event 225, LumiSection 5 on stream 0 at 14-Jun-2021 13:31:49.835 CEST
Begin processing the 28th record. Run 1, Event 228, LumiSection 5 on stream 0 at 14-Jun-2021 13:31:53.809 CEST
Begin processing the 29th record. Run 1, Event 229, LumiSection 5 on stream 0 at 14-Jun-2021 13:31:57.342 CEST
Begin processing the 30th record. Run 1, Event 230, LumiSection 5 on stream 0 at 14-Jun-2021 13:32:01.081 CEST
Begin processing the 31st record. Run 1, Event 232, LumiSection 5 on stream 0 at 14-Jun-2021 13:32:05.027 CEST
Begin processing the 32nd record. Run 1, Event 231, LumiSection 5 on stream 0 at 14-Jun-2021 13:32:08.488 CEST
Begin processing the 33rd record. Run 1, Event 234, LumiSection 5 on stream 0 at 14-Jun-2021 13:32:11.652 CEST
Begin processing the 34th record. Run 1, Event 236, LumiSection 5 on stream 0 at 14-Jun-2021 13:32:15.254 CEST
Begin processing the 35th record. Run 1, Event 233, LumiSection 5 on stream 0 at 14-Jun-2021 13:32:18.995 CEST
Begin processing the 36th record. Run 1, Event 238, LumiSection 5 on stream 0 at 14-Jun-2021 13:32:22.734 CEST
Begin processing the 37th record. Run 1, Event 239, LumiSection 5 on stream 0 at 14-Jun-2021 13:32:27.445 CEST
Begin processing the 38th record. Run 1, Event 237, LumiSection 5 on stream 0 at 14-Jun-2021 13:32:31.753 CEST
Begin processing the 39th record. Run 1, Event 235, LumiSection 5 on stream 0 at 14-Jun-2021 13:32:35.495 CEST
Begin processing the 40th record. Run 1, Event 240, LumiSection 5 on stream 0 at 14-Jun-2021 13:32:39.929 CEST
Begin processing the 41st record. Run 1, Event 241, LumiSection 5 on stream 0 at 14-Jun-2021 13:32:42.968 CEST
Begin processing the 42nd record. Run 1, Event 242, LumiSection 5 on stream 0 at 14-Jun-2021 13:32:46.794 CEST
Begin processing the 43rd record. Run 1, Event 244, LumiSection 5 on stream 0 at 14-Jun-2021 13:32:51.220 CEST
Begin processing the 44th record. Run 1, Event 247, LumiSection 5 on stream 0 at 14-Jun-2021 13:32:55.572 CEST
Begin processing the 45th record. Run 1, Event 243, LumiSection 5 on stream 0 at 14-Jun-2021 13:32:59.313 CEST
Begin processing the 46th record. Run 1, Event 249, LumiSection 5 on stream 0 at 14-Jun-2021 13:33:02.866 CEST
Begin processing the 47th record. Run 1, Event 248, LumiSection 5 on stream 0 at 14-Jun-2021 13:33:06.743 CEST
Begin processing the 48th record. Run 1, Event 246, LumiSection 5 on stream 0 at 14-Jun-2021 13:33:10.417 CEST
Begin processing the 49th record. Run 1, Event 245, LumiSection 5 on stream 0 at 14-Jun-2021 13:33:14.129 CEST
Begin processing the 50th record. Run 1, Event 250, LumiSection 5 on stream 0 at 14-Jun-2021 13:33:18.166 CEST
14-Jun-2021 13:33:22 CEST  Closed file file:/eos/cms/store/user/tsarkar/SIM_Condor_output_Vector_MonoZLL_NLO_Mphi-500_Mchi-150_gSM-0p25_gDM-1p0_ctau1p0/step_SIM_2017UL_5.root
14-Jun-2021 13:33:22 CEST  Closed file root://eoscms.cern.ch//eos/cms/store/mc/RunIISummer20ULPrePremix/Neutrino_E-10_gun/PREMIX/UL17_106X_mc2017_realistic_v6-v3/210011/711B2806-0A83-7548-90E3-787BF1DCD36B.root

=============================================

MessageLogger Summary

 type     category        sev    module        subroutine        count    total
 ---- -------------------- -- ---------------- ----------------  -----    -----
    1 XrdAdaptor           -w PreMixingModule:                       1        1
    2 XrdAdaptor           -w PreMixingModule:                       1        1
    3 fileAction           -s PreMixingModule:                       3        3
    4 fileAction           -s PreMixingModule:                       2        2
    5 fileAction           -s PreMixingModule:                       1        1
    6 fileAction           -s file_close                             1        1
    7 fileAction           -s file_open                              2        2

 type    category    Examples: run/evt        run/evt          run/evt
 ---- -------------------- ---------------- ---------------- ----------------
    1 XrdAdaptor           1/204                             
    2 XrdAdaptor           pre-events                        
    3 fileAction           1/204            1/204            1/204
    4 fileAction           pre-events       pre-events       
    5 fileAction           PostGlobalEndRun                  
    6 fileAction           PostGlobalEndRun                  
    7 fileAction           pre-events       pre-events       

Severity    # Occurrences   Total Occurrences
--------    -------------   -----------------
Warning                 2                   2
System                  9                   9

dropped waiting message count 0
