14-Jun-2021 13:27:18 CEST  Initiating request to open file file:/eos/cms/store/user/tsarkar/SIM_Condor_output_Vector_MonoZLL_NLO_Mphi-500_Mchi-150_gSM-0p25_gDM-1p0_ctau1p0/step_SIM_2017UL_15.root
14-Jun-2021 13:27:22 CEST  Successfully opened file file:/eos/cms/store/user/tsarkar/SIM_Condor_output_Vector_MonoZLL_NLO_Mphi-500_Mchi-150_gSM-0p25_gDM-1p0_ctau1p0/step_SIM_2017UL_15.root
14-Jun-2021 13:27:26 CEST  Initiating request to open file root://eoscms.cern.ch//eos/cms/store/mc/RunIISummer20ULPrePremix/Neutrino_E-10_gun/PREMIX/UL17_106X_mc2017_realistic_v6-v3/210004/15CF4094-24D4-724A-B452-24D525E58C10.root
%MSG-w XrdAdaptor:  PreMixingModule:mixData@ctor 14-Jun-2021 13:27:28 CEST  pre-events
Data is served from cern.ch instead of original site eoscms
%MSG
14-Jun-2021 13:27:28 CEST  Successfully opened file root://eoscms.cern.ch//eos/cms/store/mc/RunIISummer20ULPrePremix/Neutrino_E-10_gun/PREMIX/UL17_106X_mc2017_realistic_v6-v3/210004/15CF4094-24D4-724A-B452-24D525E58C10.root
Begin processing the 1st record. Run 1, Event 703, LumiSection 15 on stream 0 at 14-Jun-2021 13:27:42.971 CEST
14-Jun-2021 13:29:44 CEST  Closed file root://eoscms.cern.ch//eos/cms/store/mc/RunIISummer20ULPrePremix/Neutrino_E-10_gun/PREMIX/UL17_106X_mc2017_realistic_v6-v3/210004/15CF4094-24D4-724A-B452-24D525E58C10.root
14-Jun-2021 13:29:44 CEST  Initiating request to open file root://eoscms.cern.ch//eos/cms/store/mc/RunIISummer20ULPrePremix/Neutrino_E-10_gun/PREMIX/UL17_106X_mc2017_realistic_v6-v3/210009/EF15B419-C9D5-814B-B121-DF2A978634FA.root
%MSG-w XrdAdaptor:  PreMixingModule:mixData 14-Jun-2021 13:29:46 CEST  Run: 1 Event: 703
Data is served from cern.ch instead of original site eoscms
%MSG
14-Jun-2021 13:29:46 CEST  Successfully opened file root://eoscms.cern.ch//eos/cms/store/mc/RunIISummer20ULPrePremix/Neutrino_E-10_gun/PREMIX/UL17_106X_mc2017_realistic_v6-v3/210009/EF15B419-C9D5-814B-B121-DF2A978634FA.root
Begin processing the 2nd record. Run 1, Event 705, LumiSection 15 on stream 0 at 14-Jun-2021 13:29:58.131 CEST
Begin processing the 3rd record. Run 1, Event 704, LumiSection 15 on stream 0 at 14-Jun-2021 13:30:00.587 CEST
Begin processing the 4th record. Run 1, Event 701, LumiSection 15 on stream 0 at 14-Jun-2021 13:30:03.556 CEST
Begin processing the 5th record. Run 1, Event 702, LumiSection 15 on stream 0 at 14-Jun-2021 13:30:06.393 CEST
Begin processing the 6th record. Run 1, Event 706, LumiSection 15 on stream 0 at 14-Jun-2021 13:30:09.480 CEST
Begin processing the 7th record. Run 1, Event 709, LumiSection 15 on stream 0 at 14-Jun-2021 13:30:12.582 CEST
Begin processing the 8th record. Run 1, Event 707, LumiSection 15 on stream 0 at 14-Jun-2021 13:30:15.569 CEST
Begin processing the 9th record. Run 1, Event 708, LumiSection 15 on stream 0 at 14-Jun-2021 13:30:19.338 CEST
Begin processing the 10th record. Run 1, Event 712, LumiSection 15 on stream 0 at 14-Jun-2021 13:30:23.218 CEST
Begin processing the 11th record. Run 1, Event 710, LumiSection 15 on stream 0 at 14-Jun-2021 13:30:26.282 CEST
Begin processing the 12th record. Run 1, Event 713, LumiSection 15 on stream 0 at 14-Jun-2021 13:30:30.040 CEST
Begin processing the 13th record. Run 1, Event 711, LumiSection 15 on stream 0 at 14-Jun-2021 13:30:33.321 CEST
Begin processing the 14th record. Run 1, Event 715, LumiSection 15 on stream 0 at 14-Jun-2021 13:30:36.820 CEST
Begin processing the 15th record. Run 1, Event 714, LumiSection 15 on stream 0 at 14-Jun-2021 13:30:39.532 CEST
Begin processing the 16th record. Run 1, Event 716, LumiSection 15 on stream 0 at 14-Jun-2021 13:30:42.517 CEST
Begin processing the 17th record. Run 1, Event 718, LumiSection 15 on stream 0 at 14-Jun-2021 13:30:46.492 CEST
Begin processing the 18th record. Run 1, Event 719, LumiSection 15 on stream 0 at 14-Jun-2021 13:30:49.465 CEST
Begin processing the 19th record. Run 1, Event 721, LumiSection 15 on stream 0 at 14-Jun-2021 13:30:52.148 CEST
Begin processing the 20th record. Run 1, Event 717, LumiSection 15 on stream 0 at 14-Jun-2021 13:30:55.051 CEST
Begin processing the 21st record. Run 1, Event 723, LumiSection 15 on stream 0 at 14-Jun-2021 13:30:58.358 CEST
Begin processing the 22nd record. Run 1, Event 722, LumiSection 15 on stream 0 at 14-Jun-2021 13:31:01.653 CEST
Begin processing the 23rd record. Run 1, Event 720, LumiSection 15 on stream 0 at 14-Jun-2021 13:31:04.559 CEST
Begin processing the 24th record. Run 1, Event 725, LumiSection 15 on stream 0 at 14-Jun-2021 13:31:07.310 CEST
Begin processing the 25th record. Run 1, Event 726, LumiSection 15 on stream 0 at 14-Jun-2021 13:31:10.677 CEST
Begin processing the 26th record. Run 1, Event 724, LumiSection 15 on stream 0 at 14-Jun-2021 13:31:13.911 CEST
Begin processing the 27th record. Run 1, Event 728, LumiSection 15 on stream 0 at 14-Jun-2021 13:31:16.823 CEST
Begin processing the 28th record. Run 1, Event 727, LumiSection 15 on stream 0 at 14-Jun-2021 13:31:19.773 CEST
Begin processing the 29th record. Run 1, Event 729, LumiSection 15 on stream 0 at 14-Jun-2021 13:31:22.787 CEST
Begin processing the 30th record. Run 1, Event 730, LumiSection 15 on stream 0 at 14-Jun-2021 13:31:27.053 CEST
Begin processing the 31st record. Run 1, Event 733, LumiSection 15 on stream 0 at 14-Jun-2021 13:31:29.841 CEST
Begin processing the 32nd record. Run 1, Event 732, LumiSection 15 on stream 0 at 14-Jun-2021 13:31:32.634 CEST
Begin processing the 33rd record. Run 1, Event 734, LumiSection 15 on stream 0 at 14-Jun-2021 13:31:35.135 CEST
Begin processing the 34th record. Run 1, Event 731, LumiSection 15 on stream 0 at 14-Jun-2021 13:31:39.021 CEST
Begin processing the 35th record. Run 1, Event 737, LumiSection 15 on stream 0 at 14-Jun-2021 13:31:41.949 CEST
Begin processing the 36th record. Run 1, Event 738, LumiSection 15 on stream 0 at 14-Jun-2021 13:31:45.266 CEST
Begin processing the 37th record. Run 1, Event 735, LumiSection 15 on stream 0 at 14-Jun-2021 13:31:48.385 CEST
Begin processing the 38th record. Run 1, Event 736, LumiSection 15 on stream 0 at 14-Jun-2021 13:31:51.846 CEST
Begin processing the 39th record. Run 1, Event 739, LumiSection 15 on stream 0 at 14-Jun-2021 13:31:55.550 CEST
Begin processing the 40th record. Run 1, Event 743, LumiSection 15 on stream 0 at 14-Jun-2021 13:31:59.372 CEST
Begin processing the 41st record. Run 1, Event 740, LumiSection 15 on stream 0 at 14-Jun-2021 13:32:02.637 CEST
Begin processing the 42nd record. Run 1, Event 741, LumiSection 15 on stream 0 at 14-Jun-2021 13:32:06.799 CEST
Begin processing the 43rd record. Run 1, Event 744, LumiSection 15 on stream 0 at 14-Jun-2021 13:32:10.573 CEST
Begin processing the 44th record. Run 1, Event 742, LumiSection 15 on stream 0 at 14-Jun-2021 13:32:14.483 CEST
Begin processing the 45th record. Run 1, Event 745, LumiSection 15 on stream 0 at 14-Jun-2021 13:32:18.431 CEST
Begin processing the 46th record. Run 1, Event 746, LumiSection 15 on stream 0 at 14-Jun-2021 13:32:20.858 CEST
Begin processing the 47th record. Run 1, Event 748, LumiSection 15 on stream 0 at 14-Jun-2021 13:32:23.863 CEST
Begin processing the 48th record. Run 1, Event 749, LumiSection 15 on stream 0 at 14-Jun-2021 13:32:27.081 CEST
Begin processing the 49th record. Run 1, Event 750, LumiSection 15 on stream 0 at 14-Jun-2021 13:32:29.357 CEST
Begin processing the 50th record. Run 1, Event 747, LumiSection 15 on stream 0 at 14-Jun-2021 13:32:32.824 CEST
14-Jun-2021 13:32:36 CEST  Closed file file:/eos/cms/store/user/tsarkar/SIM_Condor_output_Vector_MonoZLL_NLO_Mphi-500_Mchi-150_gSM-0p25_gDM-1p0_ctau1p0/step_SIM_2017UL_15.root
14-Jun-2021 13:32:37 CEST  Closed file root://eoscms.cern.ch//eos/cms/store/mc/RunIISummer20ULPrePremix/Neutrino_E-10_gun/PREMIX/UL17_106X_mc2017_realistic_v6-v3/210009/EF15B419-C9D5-814B-B121-DF2A978634FA.root

=============================================

MessageLogger Summary

 type     category        sev    module        subroutine        count    total
 ---- -------------------- -- ---------------- ----------------  -----    -----
    1 XrdAdaptor           -w PreMixingModule:                       1        1
    2 XrdAdaptor           -w PreMixingModule:                       1        1
    3 fileAction           -s PreMixingModule:                       3        3
    4 fileAction           -s PreMixingModule:                       2        2
    5 fileAction           -s PreMixingModule:                       1        1
    6 fileAction           -s file_close                             1        1
    7 fileAction           -s file_open                              2        2

 type    category    Examples: run/evt        run/evt          run/evt
 ---- -------------------- ---------------- ---------------- ----------------
    1 XrdAdaptor           1/703                             
    2 XrdAdaptor           pre-events                        
    3 fileAction           1/703            1/703            1/703
    4 fileAction           pre-events       pre-events       
    5 fileAction           PostGlobalEndRun                  
    6 fileAction           PostGlobalEndRun                  
    7 fileAction           pre-events       pre-events       

Severity    # Occurrences   Total Occurrences
--------    -------------   -----------------
Warning                 2                   2
System                  9                   9

dropped waiting message count 0
