000 (7309391.000.000) 06/14 11:25:19 Job submitted from host: <137.138.44.75:9618?addrs=137.138.44.75-9618+[2001-1458-d00-1a--b]-9618&alias=bigbird14.cern.ch&noUDP&sock=schedd_3149486_02ef>
...
040 (7309391.000.000) 06/14 13:26:54 Started transferring input files
	Transferring to host: <128.142.87.71:9618?addrs=128.142.87.71-9618+[2001-1458-301-f6--100-129]-9618&alias=b7s14n1141.cern.ch&noUDP&sock=slot1_13_16026_8445_85266>
...
040 (7309391.000.000) 06/14 13:26:54 Finished transferring input files
...
001 (7309391.000.000) 06/14 13:26:55 Job executing on host: <128.142.87.71:9618?addrs=128.142.87.71-9618+[2001-1458-301-f6--100-129]-9618&alias=b7s14n1141.cern.ch&noUDP&sock=startd_16627_5147>
...
006 (7309391.000.000) 06/14 13:27:03 Image size of job updated: 46064
	31  -  MemoryUsage of job (MB)
	31600  -  ResidentSetSize of job (KB)
...
006 (7309391.000.000) 06/14 13:32:03 Image size of job updated: 3000908
	1753  -  MemoryUsage of job (MB)
	1794416  -  ResidentSetSize of job (KB)
...
006 (7309391.000.000) 06/14 13:33:31 Image size of job updated: 3000940
	1753  -  MemoryUsage of job (MB)
	1794416  -  ResidentSetSize of job (KB)
...
040 (7309391.000.000) 06/14 13:33:31 Started transferring output files
...
040 (7309391.000.000) 06/14 13:33:31 Finished transferring output files
...
005 (7309391.000.000) 06/14 13:33:31 Job terminated.
	(1) Normal termination (return value 0)
		Usr 0 00:05:01, Sys 0 00:00:07  -  Run Remote Usage
		Usr 0 00:00:00, Sys 0 00:00:00  -  Run Local Usage
		Usr 0 00:05:01, Sys 0 00:00:07  -  Total Remote Usage
		Usr 0 00:00:00, Sys 0 00:00:00  -  Total Local Usage
	15747  -  Run Bytes Sent By Job
	443  -  Run Bytes Received By Job
	15747  -  Total Bytes Sent By Job
	443  -  Total Bytes Received By Job
	Partitionable Resources :    Usage  Request Allocated 
	   Cpus                 :                 1         1 
	   Disk (KB)            :       29        1    272075 
	   Memory (MB)          :     1753     2000      2000 

	Job terminated of its own accord at 2021-06-14T11:33:31Z.
...
