14-Jun-2021 13:27:40 CEST  Initiating request to open file file:/eos/cms/store/user/tsarkar/SIM_Condor_output_Vector_MonoZLL_NLO_Mphi-500_Mchi-150_gSM-0p25_gDM-1p0_ctau1p0/step_SIM_2017UL_12.root
14-Jun-2021 13:27:42 CEST  Successfully opened file file:/eos/cms/store/user/tsarkar/SIM_Condor_output_Vector_MonoZLL_NLO_Mphi-500_Mchi-150_gSM-0p25_gDM-1p0_ctau1p0/step_SIM_2017UL_12.root
14-Jun-2021 13:27:47 CEST  Initiating request to open file root://eoscms.cern.ch//eos/cms/store/mc/RunIISummer20ULPrePremix/Neutrino_E-10_gun/PREMIX/UL17_106X_mc2017_realistic_v6-v3/230003/BCC03758-0580-0740-AC4D-CE49436CD2CA.root
%MSG-w XrdAdaptor:  PreMixingModule:mixData@ctor 14-Jun-2021 13:27:49 CEST  pre-events
Data is served from cern.ch instead of original site eoscms
%MSG
14-Jun-2021 13:27:49 CEST  Successfully opened file root://eoscms.cern.ch//eos/cms/store/mc/RunIISummer20ULPrePremix/Neutrino_E-10_gun/PREMIX/UL17_106X_mc2017_realistic_v6-v3/230003/BCC03758-0580-0740-AC4D-CE49436CD2CA.root
Begin processing the 1st record. Run 1, Event 554, LumiSection 12 on stream 0 at 14-Jun-2021 13:28:05.632 CEST
14-Jun-2021 13:30:39 CEST  Closed file root://eoscms.cern.ch//eos/cms/store/mc/RunIISummer20ULPrePremix/Neutrino_E-10_gun/PREMIX/UL17_106X_mc2017_realistic_v6-v3/230003/BCC03758-0580-0740-AC4D-CE49436CD2CA.root
14-Jun-2021 13:30:39 CEST  Initiating request to open file root://eoscms.cern.ch//eos/cms/store/mc/RunIISummer20ULPrePremix/Neutrino_E-10_gun/PREMIX/UL17_106X_mc2017_realistic_v6-v3/210015/10A9D9CA-53A3-C643-9496-9411F6950FC4.root
%MSG-w XrdAdaptor:  PreMixingModule:mixData 14-Jun-2021 13:30:41 CEST  Run: 1 Event: 554
Data is served from cern.ch instead of original site eoscms
%MSG
14-Jun-2021 13:30:41 CEST  Successfully opened file root://eoscms.cern.ch//eos/cms/store/mc/RunIISummer20ULPrePremix/Neutrino_E-10_gun/PREMIX/UL17_106X_mc2017_realistic_v6-v3/210015/10A9D9CA-53A3-C643-9496-9411F6950FC4.root
Begin processing the 2nd record. Run 1, Event 553, LumiSection 12 on stream 0 at 14-Jun-2021 13:30:59.755 CEST
Begin processing the 3rd record. Run 1, Event 556, LumiSection 12 on stream 0 at 14-Jun-2021 13:31:03.113 CEST
Begin processing the 4th record. Run 1, Event 557, LumiSection 12 on stream 0 at 14-Jun-2021 13:31:06.488 CEST
Begin processing the 5th record. Run 1, Event 552, LumiSection 12 on stream 0 at 14-Jun-2021 13:31:09.620 CEST
Begin processing the 6th record. Run 1, Event 555, LumiSection 12 on stream 0 at 14-Jun-2021 13:31:13.186 CEST
Begin processing the 7th record. Run 1, Event 551, LumiSection 12 on stream 0 at 14-Jun-2021 13:31:16.222 CEST
Begin processing the 8th record. Run 1, Event 558, LumiSection 12 on stream 0 at 14-Jun-2021 13:31:20.299 CEST
Begin processing the 9th record. Run 1, Event 561, LumiSection 12 on stream 0 at 14-Jun-2021 13:31:23.396 CEST
Begin processing the 10th record. Run 1, Event 560, LumiSection 12 on stream 0 at 14-Jun-2021 13:31:26.807 CEST
Begin processing the 11th record. Run 1, Event 563, LumiSection 12 on stream 0 at 14-Jun-2021 13:31:30.916 CEST
Begin processing the 12th record. Run 1, Event 562, LumiSection 12 on stream 0 at 14-Jun-2021 13:31:34.295 CEST
Begin processing the 13th record. Run 1, Event 566, LumiSection 12 on stream 0 at 14-Jun-2021 13:31:37.589 CEST
Begin processing the 14th record. Run 1, Event 559, LumiSection 12 on stream 0 at 14-Jun-2021 13:31:40.676 CEST
Begin processing the 15th record. Run 1, Event 565, LumiSection 12 on stream 0 at 14-Jun-2021 13:31:44.300 CEST
Begin processing the 16th record. Run 1, Event 567, LumiSection 12 on stream 0 at 14-Jun-2021 13:31:47.220 CEST
Begin processing the 17th record. Run 1, Event 564, LumiSection 12 on stream 0 at 14-Jun-2021 13:31:50.123 CEST
Begin processing the 18th record. Run 1, Event 568, LumiSection 12 on stream 0 at 14-Jun-2021 13:31:55.026 CEST
Begin processing the 19th record. Run 1, Event 569, LumiSection 12 on stream 0 at 14-Jun-2021 13:31:59.464 CEST
Begin processing the 20th record. Run 1, Event 570, LumiSection 12 on stream 0 at 14-Jun-2021 13:32:04.718 CEST
Begin processing the 21st record. Run 1, Event 573, LumiSection 12 on stream 0 at 14-Jun-2021 13:32:08.214 CEST
Begin processing the 22nd record. Run 1, Event 571, LumiSection 12 on stream 0 at 14-Jun-2021 13:32:12.608 CEST
Begin processing the 23rd record. Run 1, Event 572, LumiSection 12 on stream 0 at 14-Jun-2021 13:32:16.228 CEST
Begin processing the 24th record. Run 1, Event 575, LumiSection 12 on stream 0 at 14-Jun-2021 13:32:20.242 CEST
Begin processing the 25th record. Run 1, Event 574, LumiSection 12 on stream 0 at 14-Jun-2021 13:32:23.359 CEST
Begin processing the 26th record. Run 1, Event 576, LumiSection 12 on stream 0 at 14-Jun-2021 13:32:27.128 CEST
Begin processing the 27th record. Run 1, Event 578, LumiSection 12 on stream 0 at 14-Jun-2021 13:32:31.076 CEST
Begin processing the 28th record. Run 1, Event 579, LumiSection 12 on stream 0 at 14-Jun-2021 13:32:34.189 CEST
Begin processing the 29th record. Run 1, Event 582, LumiSection 12 on stream 0 at 14-Jun-2021 13:32:37.371 CEST
Begin processing the 30th record. Run 1, Event 577, LumiSection 12 on stream 0 at 14-Jun-2021 13:32:41.366 CEST
Begin processing the 31st record. Run 1, Event 581, LumiSection 12 on stream 0 at 14-Jun-2021 13:32:45.613 CEST
Begin processing the 32nd record. Run 1, Event 580, LumiSection 12 on stream 0 at 14-Jun-2021 13:32:48.974 CEST
Begin processing the 33rd record. Run 1, Event 583, LumiSection 12 on stream 0 at 14-Jun-2021 13:32:53.708 CEST
Begin processing the 34th record. Run 1, Event 585, LumiSection 12 on stream 0 at 14-Jun-2021 13:32:56.578 CEST
Begin processing the 35th record. Run 1, Event 584, LumiSection 12 on stream 0 at 14-Jun-2021 13:33:00.470 CEST
Begin processing the 36th record. Run 1, Event 587, LumiSection 12 on stream 0 at 14-Jun-2021 13:33:04.299 CEST
Begin processing the 37th record. Run 1, Event 589, LumiSection 12 on stream 0 at 14-Jun-2021 13:33:07.330 CEST
Begin processing the 38th record. Run 1, Event 586, LumiSection 12 on stream 0 at 14-Jun-2021 13:33:10.292 CEST
Begin processing the 39th record. Run 1, Event 590, LumiSection 12 on stream 0 at 14-Jun-2021 13:33:14.462 CEST
Begin processing the 40th record. Run 1, Event 592, LumiSection 12 on stream 0 at 14-Jun-2021 13:33:18.182 CEST
Begin processing the 41st record. Run 1, Event 588, LumiSection 12 on stream 0 at 14-Jun-2021 13:33:22.855 CEST
Begin processing the 42nd record. Run 1, Event 593, LumiSection 12 on stream 0 at 14-Jun-2021 13:33:28.549 CEST
Begin processing the 43rd record. Run 1, Event 594, LumiSection 12 on stream 0 at 14-Jun-2021 13:33:32.347 CEST
Begin processing the 44th record. Run 1, Event 596, LumiSection 12 on stream 0 at 14-Jun-2021 13:33:36.854 CEST
Begin processing the 45th record. Run 1, Event 591, LumiSection 12 on stream 0 at 14-Jun-2021 13:33:40.511 CEST
Begin processing the 46th record. Run 1, Event 598, LumiSection 12 on stream 0 at 14-Jun-2021 13:33:44.475 CEST
Begin processing the 47th record. Run 1, Event 595, LumiSection 12 on stream 0 at 14-Jun-2021 13:33:47.280 CEST
Begin processing the 48th record. Run 1, Event 599, LumiSection 12 on stream 0 at 14-Jun-2021 13:33:51.317 CEST
Begin processing the 49th record. Run 1, Event 597, LumiSection 12 on stream 0 at 14-Jun-2021 13:33:55.275 CEST
Begin processing the 50th record. Run 1, Event 600, LumiSection 12 on stream 0 at 14-Jun-2021 13:33:58.347 CEST
14-Jun-2021 13:34:02 CEST  Closed file file:/eos/cms/store/user/tsarkar/SIM_Condor_output_Vector_MonoZLL_NLO_Mphi-500_Mchi-150_gSM-0p25_gDM-1p0_ctau1p0/step_SIM_2017UL_12.root
14-Jun-2021 13:34:03 CEST  Closed file root://eoscms.cern.ch//eos/cms/store/mc/RunIISummer20ULPrePremix/Neutrino_E-10_gun/PREMIX/UL17_106X_mc2017_realistic_v6-v3/210015/10A9D9CA-53A3-C643-9496-9411F6950FC4.root

=============================================

MessageLogger Summary

 type     category        sev    module        subroutine        count    total
 ---- -------------------- -- ---------------- ----------------  -----    -----
    1 XrdAdaptor           -w PreMixingModule:                       1        1
    2 XrdAdaptor           -w PreMixingModule:                       1        1
    3 fileAction           -s PreMixingModule:                       3        3
    4 fileAction           -s PreMixingModule:                       2        2
    5 fileAction           -s PreMixingModule:                       1        1
    6 fileAction           -s file_close                             1        1
    7 fileAction           -s file_open                              2        2

 type    category    Examples: run/evt        run/evt          run/evt
 ---- -------------------- ---------------- ---------------- ----------------
    1 XrdAdaptor           1/554                             
    2 XrdAdaptor           pre-events                        
    3 fileAction           1/554            1/554            1/554
    4 fileAction           pre-events       pre-events       
    5 fileAction           PostGlobalEndRun                  
    6 fileAction           PostGlobalEndRun                  
    7 fileAction           pre-events       pre-events       

Severity    # Occurrences   Total Occurrences
--------    -------------   -----------------
Warning                 2                   2
System                  9                   9

dropped waiting message count 0
