000 (7309388.000.000) 06/14 11:25:10 Job submitted from host: <137.138.44.75:9618?addrs=137.138.44.75-9618+[2001-1458-d00-1a--b]-9618&alias=bigbird14.cern.ch&noUDP&sock=schedd_3149486_02ef>
...
040 (7309388.000.000) 06/14 13:26:53 Started transferring input files
	Transferring to host: <188.184.169.148:9618?addrs=188.184.169.148-9618+[2001-1458-301-c0--100-a3]-9618&alias=b7g52n5318.cern.ch&noUDP&sock=slot1_2_16630_16dd_49268>
...
040 (7309388.000.000) 06/14 13:26:53 Finished transferring input files
...
001 (7309388.000.000) 06/14 13:26:54 Job executing on host: <188.184.169.148:9618?addrs=188.184.169.148-9618+[2001-1458-301-c0--100-a3]-9618&alias=b7g52n5318.cern.ch&noUDP&sock=startd_4901_41bf>
...
006 (7309388.000.000) 06/14 13:27:03 Image size of job updated: 252564
	40  -  MemoryUsage of job (MB)
	40584  -  ResidentSetSize of job (KB)
...
006 (7309388.000.000) 06/14 13:32:04 Image size of job updated: 3000936
	1738  -  MemoryUsage of job (MB)
	1778796  -  ResidentSetSize of job (KB)
...
040 (7309388.000.000) 06/14 13:32:38 Started transferring output files
...
040 (7309388.000.000) 06/14 13:32:38 Finished transferring output files
...
005 (7309388.000.000) 06/14 13:32:38 Job terminated.
	(1) Normal termination (return value 0)
		Usr 0 00:04:31, Sys 0 00:00:06  -  Run Remote Usage
		Usr 0 00:00:00, Sys 0 00:00:00  -  Run Local Usage
		Usr 0 00:04:31, Sys 0 00:00:06  -  Total Remote Usage
		Usr 0 00:00:00, Sys 0 00:00:00  -  Total Local Usage
	15477  -  Run Bytes Sent By Job
	442  -  Run Bytes Received By Job
	15477  -  Total Bytes Sent By Job
	442  -  Total Bytes Received By Job
	Partitionable Resources :    Usage  Request Allocated 
	   Cpus                 :                 1         1 
	   Disk (KB)            :       29        1    253047 
	   Memory (MB)          :     1738     2000      2000 

	Job terminated of its own accord at 2021-06-14T11:32:38Z.
...
