000 (7304687.000.000) 06/13 19:13:06 Job submitted from host: <137.138.44.75:9618?addrs=137.138.44.75-9618+[2001-1458-d00-1a--b]-9618&alias=bigbird14.cern.ch&noUDP&sock=schedd_3149486_02ef>
...
040 (7304687.000.000) 06/13 19:16:10 Started transferring input files
	Transferring to host: <137.138.43.164:9618?addrs=137.138.43.164-9618+[2001-1458-d00-23--192]-9618&alias=b7g38s6619.cern.ch&noUDP&sock=slot1_3_16733_a982_50646>
...
040 (7304687.000.000) 06/13 19:16:10 Finished transferring input files
...
001 (7304687.000.000) 06/13 19:16:11 Job executing on host: <137.138.43.164:9618?addrs=137.138.43.164-9618+[2001-1458-d00-23--192]-9618&alias=b7g38s6619.cern.ch&noUDP&sock=startd_16623_92e6>
...
006 (7304687.000.000) 06/13 19:16:19 Image size of job updated: 259588
	17  -  MemoryUsage of job (MB)
	17176  -  ResidentSetSize of job (KB)
...
006 (7304687.000.000) 06/13 19:21:19 Image size of job updated: 1574408
	669  -  MemoryUsage of job (MB)
	684588  -  ResidentSetSize of job (KB)
...
006 (7304687.000.000) 06/13 19:25:00 Image size of job updated: 1742344
	669  -  MemoryUsage of job (MB)
	684604  -  ResidentSetSize of job (KB)
...
040 (7304687.000.000) 06/13 19:25:00 Started transferring output files
...
040 (7304687.000.000) 06/13 19:25:00 Finished transferring output files
...
005 (7304687.000.000) 06/13 19:25:00 Job terminated.
	(1) Normal termination (return value 0)
		Usr 0 00:26:39, Sys 0 00:00:26  -  Run Remote Usage
		Usr 0 00:00:00, Sys 0 00:00:00  -  Run Local Usage
		Usr 0 00:26:39, Sys 0 00:00:26  -  Total Remote Usage
		Usr 0 00:00:00, Sys 0 00:00:00  -  Total Local Usage
	12910  -  Run Bytes Sent By Job
	423  -  Run Bytes Received By Job
	12910  -  Total Bytes Sent By Job
	423  -  Total Bytes Received By Job
	Partitionable Resources :    Usage  Request Allocated 
	   Cpus                 :     3.92        1         1 
	   Disk (KB)            :    33           1    241205 
	   Memory (MB)          :   669        2000      2000 

	Job terminated of its own accord at 2021-06-13T17:25:00Z.
...
