%MSG-i ThreadStreamSetup:  (NoModuleName) 13-Jun-2021 19:14:01 CEST pre-events
setting # threads 4
setting # streams 4
%MSG
13-Jun-2021 19:14:06 CEST  Initiating request to open file file:/eos/cms/store/user/tsarkar/wgen_Vector_MonoZLL_NLO_Mphi-500_Mchi-150_gSM-0p25_gDM-1p0_ctau10p0/RunIISummer20UL17_wmLHEGEN/210607_154228/0000/step_wgen_7.root
13-Jun-2021 19:14:09 CEST  Successfully opened file file:/eos/cms/store/user/tsarkar/wgen_Vector_MonoZLL_NLO_Mphi-500_Mchi-150_gSM-0p25_gDM-1p0_ctau10p0/RunIISummer20UL17_wmLHEGEN/210607_154228/0000/step_wgen_7.root
Begin processing the 1st record. Run 1, Event 301, LumiSection 7 on stream 0 at 13-Jun-2021 19:15:02.729 CEST
Begin processing the 2nd record. Run 1, Event 302, LumiSection 7 on stream 1 at 13-Jun-2021 19:15:02.729 CEST
Begin processing the 3rd record. Run 1, Event 303, LumiSection 7 on stream 3 at 13-Jun-2021 19:15:02.729 CEST
Begin processing the 4th record. Run 1, Event 304, LumiSection 7 on stream 2 at 13-Jun-2021 19:15:02.729 CEST
Begin processing the 5th record. Run 1, Event 305, LumiSection 7 on stream 3 at 13-Jun-2021 19:16:02.765 CEST
Begin processing the 6th record. Run 1, Event 306, LumiSection 7 on stream 0 at 13-Jun-2021 19:16:03.386 CEST
Begin processing the 7th record. Run 1, Event 307, LumiSection 7 on stream 1 at 13-Jun-2021 19:16:25.454 CEST
Begin processing the 8th record. Run 1, Event 308, LumiSection 7 on stream 2 at 13-Jun-2021 19:16:35.562 CEST
Begin processing the 9th record. Run 1, Event 309, LumiSection 7 on stream 1 at 13-Jun-2021 19:16:37.550 CEST
Begin processing the 10th record. Run 1, Event 310, LumiSection 7 on stream 0 at 13-Jun-2021 19:16:46.024 CEST
Begin processing the 11th record. Run 1, Event 311, LumiSection 7 on stream 3 at 13-Jun-2021 19:16:56.241 CEST
Begin processing the 12th record. Run 1, Event 312, LumiSection 7 on stream 1 at 13-Jun-2021 19:17:10.577 CEST
Begin processing the 13th record. Run 1, Event 313, LumiSection 7 on stream 2 at 13-Jun-2021 19:17:11.471 CEST
Begin processing the 14th record. Run 1, Event 314, LumiSection 7 on stream 0 at 13-Jun-2021 19:17:34.000 CEST
Begin processing the 15th record. Run 1, Event 315, LumiSection 7 on stream 2 at 13-Jun-2021 19:17:36.221 CEST
Begin processing the 16th record. Run 1, Event 316, LumiSection 7 on stream 3 at 13-Jun-2021 19:17:47.048 CEST
Begin processing the 17th record. Run 1, Event 317, LumiSection 7 on stream 2 at 13-Jun-2021 19:17:56.743 CEST
Begin processing the 18th record. Run 1, Event 318, LumiSection 7 on stream 0 at 13-Jun-2021 19:18:03.243 CEST
Begin processing the 19th record. Run 1, Event 319, LumiSection 7 on stream 1 at 13-Jun-2021 19:18:20.063 CEST
Begin processing the 20th record. Run 1, Event 320, LumiSection 7 on stream 0 at 13-Jun-2021 19:18:39.734 CEST
Begin processing the 21st record. Run 1, Event 321, LumiSection 7 on stream 2 at 13-Jun-2021 19:18:47.764 CEST
Begin processing the 22nd record. Run 1, Event 322, LumiSection 7 on stream 3 at 13-Jun-2021 19:19:07.017 CEST
Begin processing the 23rd record. Run 1, Event 323, LumiSection 7 on stream 1 at 13-Jun-2021 19:19:13.230 CEST
Begin processing the 24th record. Run 1, Event 324, LumiSection 7 on stream 0 at 13-Jun-2021 19:19:25.676 CEST
Begin processing the 25th record. Run 1, Event 325, LumiSection 7 on stream 2 at 13-Jun-2021 19:19:32.370 CEST
Begin processing the 26th record. Run 1, Event 326, LumiSection 7 on stream 2 at 13-Jun-2021 19:20:12.657 CEST
Begin processing the 27th record. Run 1, Event 327, LumiSection 7 on stream 3 at 13-Jun-2021 19:20:16.158 CEST
Begin processing the 28th record. Run 1, Event 328, LumiSection 7 on stream 1 at 13-Jun-2021 19:20:21.611 CEST
Begin processing the 29th record. Run 1, Event 329, LumiSection 7 on stream 0 at 13-Jun-2021 19:20:41.859 CEST
Begin processing the 30th record. Run 1, Event 330, LumiSection 7 on stream 1 at 13-Jun-2021 19:20:53.567 CEST
Begin processing the 31st record. Run 1, Event 331, LumiSection 7 on stream 3 at 13-Jun-2021 19:20:55.148 CEST
Begin processing the 32nd record. Run 1, Event 332, LumiSection 7 on stream 2 at 13-Jun-2021 19:21:20.392 CEST
Begin processing the 33rd record. Run 1, Event 333, LumiSection 7 on stream 3 at 13-Jun-2021 19:21:35.294 CEST
Begin processing the 34th record. Run 1, Event 334, LumiSection 7 on stream 0 at 13-Jun-2021 19:21:35.949 CEST
Begin processing the 35th record. Run 1, Event 335, LumiSection 7 on stream 1 at 13-Jun-2021 19:21:36.388 CEST
Begin processing the 36th record. Run 1, Event 336, LumiSection 7 on stream 2 at 13-Jun-2021 19:21:39.111 CEST
Begin processing the 37th record. Run 1, Event 337, LumiSection 7 on stream 3 at 13-Jun-2021 19:22:11.779 CEST
Begin processing the 38th record. Run 1, Event 338, LumiSection 7 on stream 2 at 13-Jun-2021 19:22:22.874 CEST
Begin processing the 39th record. Run 1, Event 339, LumiSection 7 on stream 3 at 13-Jun-2021 19:22:36.293 CEST
Begin processing the 40th record. Run 1, Event 340, LumiSection 7 on stream 0 at 13-Jun-2021 19:22:38.382 CEST
Begin processing the 41st record. Run 1, Event 341, LumiSection 7 on stream 1 at 13-Jun-2021 19:22:49.077 CEST
Begin processing the 42nd record. Run 1, Event 342, LumiSection 7 on stream 2 at 13-Jun-2021 19:23:08.791 CEST
Begin processing the 43rd record. Run 1, Event 343, LumiSection 7 on stream 1 at 13-Jun-2021 19:23:14.056 CEST
Begin processing the 44th record. Run 1, Event 344, LumiSection 7 on stream 0 at 13-Jun-2021 19:23:26.234 CEST
Begin processing the 45th record. Run 1, Event 345, LumiSection 7 on stream 3 at 13-Jun-2021 19:23:43.475 CEST
Begin processing the 46th record. Run 1, Event 346, LumiSection 7 on stream 0 at 13-Jun-2021 19:23:53.334 CEST
Begin processing the 47th record. Run 1, Event 347, LumiSection 7 on stream 1 at 13-Jun-2021 19:24:04.063 CEST
Begin processing the 48th record. Run 1, Event 348, LumiSection 7 on stream 1 at 13-Jun-2021 19:24:24.441 CEST
Begin processing the 49th record. Run 1, Event 349, LumiSection 7 on stream 3 at 13-Jun-2021 19:24:47.035 CEST
Begin processing the 50th record. Run 1, Event 350, LumiSection 7 on stream 0 at 13-Jun-2021 19:24:52.301 CEST
13-Jun-2021 19:25:27 CEST  Closed file file:/eos/cms/store/user/tsarkar/wgen_Vector_MonoZLL_NLO_Mphi-500_Mchi-150_gSM-0p25_gDM-1p0_ctau10p0/RunIISummer20UL17_wmLHEGEN/210607_154228/0000/step_wgen_7.root

=============================================

MessageLogger Summary

 type     category        sev    module        subroutine        count    total
 ---- -------------------- -- ---------------- ----------------  -----    -----
    1 fileAction           -s file_close                             1        1
    2 fileAction           -s file_open                              2        2

 type    category    Examples: run/evt        run/evt          run/evt
 ---- -------------------- ---------------- ---------------- ----------------
    1 fileAction           PostGlobalEndRun                  
    2 fileAction           pre-events       pre-events       

Severity    # Occurrences   Total Occurrences
--------    -------------   -----------------
System                  3                   3

dropped waiting message count 0
