%MSG-i ThreadStreamSetup:  (NoModuleName) 13-Jun-2021 19:14:21 CEST pre-events
setting # threads 4
setting # streams 4
%MSG
13-Jun-2021 19:14:30 CEST  Initiating request to open file file:/eos/cms/store/user/tsarkar/wgen_Vector_MonoZLL_NLO_Mphi-500_Mchi-150_gSM-0p25_gDM-1p0_ctau10p0/RunIISummer20UL17_wmLHEGEN/210607_154228/0000/step_wgen_9.root
13-Jun-2021 19:14:33 CEST  Successfully opened file file:/eos/cms/store/user/tsarkar/wgen_Vector_MonoZLL_NLO_Mphi-500_Mchi-150_gSM-0p25_gDM-1p0_ctau10p0/RunIISummer20UL17_wmLHEGEN/210607_154228/0000/step_wgen_9.root
Begin processing the 1st record. Run 1, Event 401, LumiSection 9 on stream 0 at 13-Jun-2021 19:15:54.653 CEST
Begin processing the 2nd record. Run 1, Event 402, LumiSection 9 on stream 2 at 13-Jun-2021 19:15:54.653 CEST
Begin processing the 3rd record. Run 1, Event 403, LumiSection 9 on stream 3 at 13-Jun-2021 19:15:54.653 CEST
Begin processing the 4th record. Run 1, Event 404, LumiSection 9 on stream 1 at 13-Jun-2021 19:15:54.653 CEST
Begin processing the 5th record. Run 1, Event 405, LumiSection 9 on stream 3 at 13-Jun-2021 19:16:28.903 CEST
Begin processing the 6th record. Run 1, Event 406, LumiSection 9 on stream 1 at 13-Jun-2021 19:16:37.863 CEST
Begin processing the 7th record. Run 1, Event 407, LumiSection 9 on stream 0 at 13-Jun-2021 19:16:55.401 CEST
Begin processing the 8th record. Run 1, Event 408, LumiSection 9 on stream 1 at 13-Jun-2021 19:17:04.088 CEST
Begin processing the 9th record. Run 1, Event 409, LumiSection 9 on stream 2 at 13-Jun-2021 19:17:05.031 CEST
Begin processing the 10th record. Run 1, Event 410, LumiSection 9 on stream 0 at 13-Jun-2021 19:17:13.729 CEST
Begin processing the 11th record. Run 1, Event 411, LumiSection 9 on stream 1 at 13-Jun-2021 19:17:21.088 CEST
Begin processing the 12th record. Run 1, Event 412, LumiSection 9 on stream 2 at 13-Jun-2021 19:17:32.027 CEST
Begin processing the 13th record. Run 1, Event 413, LumiSection 9 on stream 3 at 13-Jun-2021 19:17:55.338 CEST
Begin processing the 14th record. Run 1, Event 414, LumiSection 9 on stream 2 at 13-Jun-2021 19:18:00.246 CEST
Begin processing the 15th record. Run 1, Event 415, LumiSection 9 on stream 2 at 13-Jun-2021 19:18:10.947 CEST
Begin processing the 16th record. Run 1, Event 416, LumiSection 9 on stream 1 at 13-Jun-2021 19:18:14.431 CEST
Begin processing the 17th record. Run 1, Event 417, LumiSection 9 on stream 0 at 13-Jun-2021 19:18:29.985 CEST
Begin processing the 18th record. Run 1, Event 418, LumiSection 9 on stream 3 at 13-Jun-2021 19:18:37.319 CEST
Begin processing the 19th record. Run 1, Event 419, LumiSection 9 on stream 1 at 13-Jun-2021 19:18:43.479 CEST
Begin processing the 20th record. Run 1, Event 420, LumiSection 9 on stream 0 at 13-Jun-2021 19:18:50.933 CEST
Begin processing the 21st record. Run 1, Event 421, LumiSection 9 on stream 3 at 13-Jun-2021 19:18:51.824 CEST
Begin processing the 22nd record. Run 1, Event 422, LumiSection 9 on stream 2 at 13-Jun-2021 19:18:59.719 CEST
Begin processing the 23rd record. Run 1, Event 423, LumiSection 9 on stream 2 at 13-Jun-2021 19:19:09.463 CEST
Begin processing the 24th record. Run 1, Event 424, LumiSection 9 on stream 3 at 13-Jun-2021 19:19:14.205 CEST
Begin processing the 25th record. Run 1, Event 425, LumiSection 9 on stream 1 at 13-Jun-2021 19:19:29.261 CEST
Begin processing the 26th record. Run 1, Event 426, LumiSection 9 on stream 0 at 13-Jun-2021 19:20:13.075 CEST
Begin processing the 27th record. Run 1, Event 427, LumiSection 9 on stream 2 at 13-Jun-2021 19:20:26.809 CEST
Begin processing the 28th record. Run 1, Event 428, LumiSection 9 on stream 1 at 13-Jun-2021 19:20:28.454 CEST
Begin processing the 29th record. Run 1, Event 429, LumiSection 9 on stream 3 at 13-Jun-2021 19:20:49.332 CEST
Begin processing the 30th record. Run 1, Event 430, LumiSection 9 on stream 0 at 13-Jun-2021 19:21:03.611 CEST
Begin processing the 31st record. Run 1, Event 431, LumiSection 9 on stream 2 at 13-Jun-2021 19:21:12.953 CEST
Begin processing the 32nd record. Run 1, Event 432, LumiSection 9 on stream 1 at 13-Jun-2021 19:21:25.656 CEST
Begin processing the 33rd record. Run 1, Event 433, LumiSection 9 on stream 3 at 13-Jun-2021 19:21:44.895 CEST
Begin processing the 34th record. Run 1, Event 434, LumiSection 9 on stream 0 at 13-Jun-2021 19:21:54.990 CEST
Begin processing the 35th record. Run 1, Event 435, LumiSection 9 on stream 2 at 13-Jun-2021 19:22:08.361 CEST
Begin processing the 36th record. Run 1, Event 436, LumiSection 9 on stream 0 at 13-Jun-2021 19:22:41.392 CEST
Begin processing the 37th record. Run 1, Event 437, LumiSection 9 on stream 3 at 13-Jun-2021 19:22:42.220 CEST
Begin processing the 38th record. Run 1, Event 438, LumiSection 9 on stream 1 at 13-Jun-2021 19:22:50.416 CEST
Begin processing the 39th record. Run 1, Event 439, LumiSection 9 on stream 2 at 13-Jun-2021 19:22:51.053 CEST
Begin processing the 40th record. Run 1, Event 440, LumiSection 9 on stream 3 at 13-Jun-2021 19:23:03.660 CEST
Begin processing the 41st record. Run 1, Event 441, LumiSection 9 on stream 2 at 13-Jun-2021 19:23:42.112 CEST
Begin processing the 42nd record. Run 1, Event 442, LumiSection 9 on stream 3 at 13-Jun-2021 19:23:47.537 CEST
Begin processing the 43rd record. Run 1, Event 443, LumiSection 9 on stream 0 at 13-Jun-2021 19:23:48.963 CEST
Begin processing the 44th record. Run 1, Event 444, LumiSection 9 on stream 2 at 13-Jun-2021 19:24:03.306 CEST
Begin processing the 45th record. Run 1, Event 445, LumiSection 9 on stream 1 at 13-Jun-2021 19:24:14.564 CEST
Begin processing the 46th record. Run 1, Event 446, LumiSection 9 on stream 0 at 13-Jun-2021 19:24:26.070 CEST
Begin processing the 47th record. Run 1, Event 447, LumiSection 9 on stream 1 at 13-Jun-2021 19:24:36.691 CEST
Begin processing the 48th record. Run 1, Event 448, LumiSection 9 on stream 3 at 13-Jun-2021 19:24:38.123 CEST
Begin processing the 49th record. Run 1, Event 449, LumiSection 9 on stream 3 at 13-Jun-2021 19:25:09.147 CEST
Begin processing the 50th record. Run 1, Event 450, LumiSection 9 on stream 1 at 13-Jun-2021 19:25:11.051 CEST
13-Jun-2021 19:26:06 CEST  Closed file file:/eos/cms/store/user/tsarkar/wgen_Vector_MonoZLL_NLO_Mphi-500_Mchi-150_gSM-0p25_gDM-1p0_ctau10p0/RunIISummer20UL17_wmLHEGEN/210607_154228/0000/step_wgen_9.root

=============================================

MessageLogger Summary

 type     category        sev    module        subroutine        count    total
 ---- -------------------- -- ---------------- ----------------  -----    -----
    1 fileAction           -s file_close                             1        1
    2 fileAction           -s file_open                              2        2

 type    category    Examples: run/evt        run/evt          run/evt
 ---- -------------------- ---------------- ---------------- ----------------
    1 fileAction           PostGlobalEndRun                  
    2 fileAction           pre-events       pre-events       

Severity    # Occurrences   Total Occurrences
--------    -------------   -----------------
System                  3                   3

dropped waiting message count 3240
