%MSG-i ThreadStreamSetup:  (NoModuleName) 13-Jun-2021 19:16:41 CEST pre-events
setting # threads 4
setting # streams 4
%MSG
13-Jun-2021 19:16:54 CEST  Initiating request to open file file:/eos/cms/store/user/tsarkar/wgen_Vector_MonoZLL_NLO_Mphi-500_Mchi-150_gSM-0p25_gDM-1p0_ctau10p0/RunIISummer20UL17_wmLHEGEN/210607_154228/0000/step_wgen_13.root
13-Jun-2021 19:16:57 CEST  Successfully opened file file:/eos/cms/store/user/tsarkar/wgen_Vector_MonoZLL_NLO_Mphi-500_Mchi-150_gSM-0p25_gDM-1p0_ctau10p0/RunIISummer20UL17_wmLHEGEN/210607_154228/0000/step_wgen_13.root
Begin processing the 1st record. Run 1, Event 601, LumiSection 13 on stream 0 at 13-Jun-2021 19:18:14.922 CEST
Begin processing the 2nd record. Run 1, Event 602, LumiSection 13 on stream 3 at 13-Jun-2021 19:18:14.922 CEST
Begin processing the 3rd record. Run 1, Event 603, LumiSection 13 on stream 2 at 13-Jun-2021 19:18:14.922 CEST
Begin processing the 4th record. Run 1, Event 604, LumiSection 13 on stream 1 at 13-Jun-2021 19:18:14.922 CEST
Begin processing the 5th record. Run 1, Event 605, LumiSection 13 on stream 0 at 13-Jun-2021 19:18:35.842 CEST
Begin processing the 6th record. Run 1, Event 606, LumiSection 13 on stream 3 at 13-Jun-2021 19:18:43.192 CEST
Begin processing the 7th record. Run 1, Event 607, LumiSection 13 on stream 1 at 13-Jun-2021 19:18:43.405 CEST
Begin processing the 8th record. Run 1, Event 608, LumiSection 13 on stream 2 at 13-Jun-2021 19:18:58.011 CEST
Begin processing the 9th record. Run 1, Event 609, LumiSection 13 on stream 1 at 13-Jun-2021 19:19:03.758 CEST
Begin processing the 10th record. Run 1, Event 610, LumiSection 13 on stream 3 at 13-Jun-2021 19:19:05.001 CEST
Begin processing the 11th record. Run 1, Event 611, LumiSection 13 on stream 0 at 13-Jun-2021 19:19:12.258 CEST
Begin processing the 12th record. Run 1, Event 612, LumiSection 13 on stream 2 at 13-Jun-2021 19:19:37.830 CEST
Begin processing the 13th record. Run 1, Event 613, LumiSection 13 on stream 1 at 13-Jun-2021 19:19:42.903 CEST
Begin processing the 14th record. Run 1, Event 614, LumiSection 13 on stream 3 at 13-Jun-2021 19:19:46.158 CEST
Begin processing the 15th record. Run 1, Event 615, LumiSection 13 on stream 0 at 13-Jun-2021 19:19:55.015 CEST
Begin processing the 16th record. Run 1, Event 616, LumiSection 13 on stream 1 at 13-Jun-2021 19:20:09.185 CEST
Begin processing the 17th record. Run 1, Event 617, LumiSection 13 on stream 2 at 13-Jun-2021 19:20:09.986 CEST
Begin processing the 18th record. Run 1, Event 618, LumiSection 13 on stream 0 at 13-Jun-2021 19:20:23.260 CEST
Begin processing the 19th record. Run 1, Event 619, LumiSection 13 on stream 3 at 13-Jun-2021 19:20:27.605 CEST
Begin processing the 20th record. Run 1, Event 620, LumiSection 13 on stream 2 at 13-Jun-2021 19:20:37.074 CEST
Begin processing the 21st record. Run 1, Event 621, LumiSection 13 on stream 1 at 13-Jun-2021 19:20:37.786 CEST
Begin processing the 22nd record. Run 1, Event 622, LumiSection 13 on stream 0 at 13-Jun-2021 19:20:45.228 CEST
Begin processing the 23rd record. Run 1, Event 623, LumiSection 13 on stream 2 at 13-Jun-2021 19:21:06.084 CEST
Begin processing the 24th record. Run 1, Event 624, LumiSection 13 on stream 3 at 13-Jun-2021 19:21:06.568 CEST
Begin processing the 25th record. Run 1, Event 625, LumiSection 13 on stream 0 at 13-Jun-2021 19:21:29.486 CEST
Begin processing the 26th record. Run 1, Event 626, LumiSection 13 on stream 1 at 13-Jun-2021 19:21:36.236 CEST
Begin processing the 27th record. Run 1, Event 627, LumiSection 13 on stream 3 at 13-Jun-2021 19:21:48.389 CEST
Begin processing the 28th record. Run 1, Event 628, LumiSection 13 on stream 2 at 13-Jun-2021 19:21:55.036 CEST
Begin processing the 29th record. Run 1, Event 629, LumiSection 13 on stream 3 at 13-Jun-2021 19:22:14.631 CEST
Begin processing the 30th record. Run 1, Event 630, LumiSection 13 on stream 1 at 13-Jun-2021 19:22:15.409 CEST
Begin processing the 31st record. Run 1, Event 631, LumiSection 13 on stream 2 at 13-Jun-2021 19:22:24.458 CEST
Begin processing the 32nd record. Run 1, Event 632, LumiSection 13 on stream 0 at 13-Jun-2021 19:22:31.781 CEST
Begin processing the 33rd record. Run 1, Event 633, LumiSection 13 on stream 1 at 13-Jun-2021 19:22:37.948 CEST
Begin processing the 34th record. Run 1, Event 634, LumiSection 13 on stream 2 at 13-Jun-2021 19:23:01.091 CEST
Begin processing the 35th record. Run 1, Event 635, LumiSection 13 on stream 1 at 13-Jun-2021 19:23:03.629 CEST
Begin processing the 36th record. Run 1, Event 636, LumiSection 13 on stream 3 at 13-Jun-2021 19:23:17.347 CEST
Begin processing the 37th record. Run 1, Event 637, LumiSection 13 on stream 2 at 13-Jun-2021 19:23:20.864 CEST
Begin processing the 38th record. Run 1, Event 638, LumiSection 13 on stream 3 at 13-Jun-2021 19:23:24.042 CEST
Begin processing the 39th record. Run 1, Event 639, LumiSection 13 on stream 0 at 13-Jun-2021 19:23:30.002 CEST
Begin processing the 40th record. Run 1, Event 640, LumiSection 13 on stream 1 at 13-Jun-2021 19:23:41.811 CEST
Begin processing the 41st record. Run 1, Event 641, LumiSection 13 on stream 0 at 13-Jun-2021 19:23:56.574 CEST
Begin processing the 42nd record. Run 1, Event 642, LumiSection 13 on stream 3 at 13-Jun-2021 19:24:09.114 CEST
Begin processing the 43rd record. Run 1, Event 643, LumiSection 13 on stream 2 at 13-Jun-2021 19:24:22.278 CEST
Begin processing the 44th record. Run 1, Event 644, LumiSection 13 on stream 1 at 13-Jun-2021 19:24:28.475 CEST
Begin processing the 45th record. Run 1, Event 645, LumiSection 13 on stream 1 at 13-Jun-2021 19:24:33.435 CEST
Begin processing the 46th record. Run 1, Event 646, LumiSection 13 on stream 0 at 13-Jun-2021 19:24:38.307 CEST
Begin processing the 47th record. Run 1, Event 647, LumiSection 13 on stream 3 at 13-Jun-2021 19:24:49.265 CEST
Begin processing the 48th record. Run 1, Event 648, LumiSection 13 on stream 0 at 13-Jun-2021 19:24:58.792 CEST
Begin processing the 49th record. Run 1, Event 649, LumiSection 13 on stream 1 at 13-Jun-2021 19:25:00.345 CEST
Begin processing the 50th record. Run 1, Event 650, LumiSection 13 on stream 2 at 13-Jun-2021 19:25:05.115 CEST
13-Jun-2021 19:25:41 CEST  Closed file file:/eos/cms/store/user/tsarkar/wgen_Vector_MonoZLL_NLO_Mphi-500_Mchi-150_gSM-0p25_gDM-1p0_ctau10p0/RunIISummer20UL17_wmLHEGEN/210607_154228/0000/step_wgen_13.root

=============================================

MessageLogger Summary

 type     category        sev    module        subroutine        count    total
 ---- -------------------- -- ---------------- ----------------  -----    -----
    1 fileAction           -s file_close                             1        1
    2 fileAction           -s file_open                              2        2

 type    category    Examples: run/evt        run/evt          run/evt
 ---- -------------------- ---------------- ---------------- ----------------
    1 fileAction           PostGlobalEndRun                  
    2 fileAction           pre-events       pre-events       

Severity    # Occurrences   Total Occurrences
--------    -------------   -----------------
System                  3                   3

dropped waiting message count 0
