%MSG-i ThreadStreamSetup:  (NoModuleName) 13-Jun-2021 19:16:22 CEST pre-events
setting # threads 4
setting # streams 4
%MSG
13-Jun-2021 19:16:35 CEST  Initiating request to open file file:/eos/cms/store/user/tsarkar/wgen_Vector_MonoZLL_NLO_Mphi-500_Mchi-150_gSM-0p25_gDM-1p0_ctau10p0/RunIISummer20UL17_wmLHEGEN/210607_154228/0000/step_wgen_17.root
13-Jun-2021 19:16:37 CEST  Successfully opened file file:/eos/cms/store/user/tsarkar/wgen_Vector_MonoZLL_NLO_Mphi-500_Mchi-150_gSM-0p25_gDM-1p0_ctau10p0/RunIISummer20UL17_wmLHEGEN/210607_154228/0000/step_wgen_17.root
Begin processing the 1st record. Run 1, Event 801, LumiSection 17 on stream 0 at 13-Jun-2021 19:17:54.795 CEST
Begin processing the 2nd record. Run 1, Event 802, LumiSection 17 on stream 3 at 13-Jun-2021 19:17:54.796 CEST
Begin processing the 3rd record. Run 1, Event 803, LumiSection 17 on stream 2 at 13-Jun-2021 19:17:54.796 CEST
Begin processing the 4th record. Run 1, Event 804, LumiSection 17 on stream 1 at 13-Jun-2021 19:17:54.799 CEST
Begin processing the 5th record. Run 1, Event 805, LumiSection 17 on stream 2 at 13-Jun-2021 19:18:17.059 CEST
Begin processing the 6th record. Run 1, Event 806, LumiSection 17 on stream 1 at 13-Jun-2021 19:18:52.468 CEST
Begin processing the 7th record. Run 1, Event 807, LumiSection 17 on stream 2 at 13-Jun-2021 19:19:04.649 CEST
Begin processing the 8th record. Run 1, Event 808, LumiSection 17 on stream 0 at 13-Jun-2021 19:19:18.232 CEST
Begin processing the 9th record. Run 1, Event 809, LumiSection 17 on stream 2 at 13-Jun-2021 19:19:20.328 CEST
Begin processing the 10th record. Run 1, Event 810, LumiSection 17 on stream 3 at 13-Jun-2021 19:19:42.125 CEST
Begin processing the 11th record. Run 1, Event 811, LumiSection 17 on stream 1 at 13-Jun-2021 19:19:49.901 CEST
Begin processing the 12th record. Run 1, Event 812, LumiSection 17 on stream 0 at 13-Jun-2021 19:20:23.213 CEST
Begin processing the 13th record. Run 1, Event 813, LumiSection 17 on stream 1 at 13-Jun-2021 19:20:33.411 CEST
Begin processing the 14th record. Run 1, Event 814, LumiSection 17 on stream 3 at 13-Jun-2021 19:20:34.423 CEST
Begin processing the 15th record. Run 1, Event 815, LumiSection 17 on stream 2 at 13-Jun-2021 19:20:40.840 CEST
Begin processing the 16th record. Run 1, Event 816, LumiSection 17 on stream 3 at 13-Jun-2021 19:21:01.777 CEST
Begin processing the 17th record. Run 1, Event 817, LumiSection 17 on stream 2 at 13-Jun-2021 19:21:22.437 CEST
Begin processing the 18th record. Run 1, Event 818, LumiSection 17 on stream 0 at 13-Jun-2021 19:21:33.577 CEST
Begin processing the 19th record. Run 1, Event 819, LumiSection 17 on stream 2 at 13-Jun-2021 19:21:58.056 CEST
Begin processing the 20th record. Run 1, Event 820, LumiSection 17 on stream 1 at 13-Jun-2021 19:22:01.125 CEST
Begin processing the 21st record. Run 1, Event 821, LumiSection 17 on stream 3 at 13-Jun-2021 19:22:19.377 CEST
Begin processing the 22nd record. Run 1, Event 822, LumiSection 17 on stream 0 at 13-Jun-2021 19:22:30.124 CEST
Begin processing the 23rd record. Run 1, Event 823, LumiSection 17 on stream 1 at 13-Jun-2021 19:22:35.117 CEST
Begin processing the 24th record. Run 1, Event 824, LumiSection 17 on stream 1 at 13-Jun-2021 19:22:50.095 CEST
Begin processing the 25th record. Run 1, Event 825, LumiSection 17 on stream 2 at 13-Jun-2021 19:22:51.264 CEST
Begin processing the 26th record. Run 1, Event 826, LumiSection 17 on stream 0 at 13-Jun-2021 19:23:07.690 CEST
Begin processing the 27th record. Run 1, Event 827, LumiSection 17 on stream 3 at 13-Jun-2021 19:23:38.239 CEST
Begin processing the 28th record. Run 1, Event 828, LumiSection 17 on stream 1 at 13-Jun-2021 19:23:45.925 CEST
Begin processing the 29th record. Run 1, Event 829, LumiSection 17 on stream 2 at 13-Jun-2021 19:23:56.660 CEST
Begin processing the 30th record. Run 1, Event 830, LumiSection 17 on stream 0 at 13-Jun-2021 19:24:04.129 CEST
Begin processing the 31st record. Run 1, Event 831, LumiSection 17 on stream 2 at 13-Jun-2021 19:24:21.146 CEST
Begin processing the 32nd record. Run 1, Event 832, LumiSection 17 on stream 1 at 13-Jun-2021 19:24:21.975 CEST
Begin processing the 33rd record. Run 1, Event 833, LumiSection 17 on stream 3 at 13-Jun-2021 19:24:51.321 CEST
Begin processing the 34th record. Run 1, Event 834, LumiSection 17 on stream 0 at 13-Jun-2021 19:24:51.896 CEST
Begin processing the 35th record. Run 1, Event 835, LumiSection 17 on stream 1 at 13-Jun-2021 19:25:21.324 CEST
Begin processing the 36th record. Run 1, Event 836, LumiSection 17 on stream 3 at 13-Jun-2021 19:25:31.563 CEST
Begin processing the 37th record. Run 1, Event 837, LumiSection 17 on stream 2 at 13-Jun-2021 19:25:53.350 CEST
Begin processing the 38th record. Run 1, Event 838, LumiSection 17 on stream 3 at 13-Jun-2021 19:26:13.286 CEST
Begin processing the 39th record. Run 1, Event 839, LumiSection 17 on stream 0 at 13-Jun-2021 19:26:19.199 CEST
Begin processing the 40th record. Run 1, Event 840, LumiSection 17 on stream 1 at 13-Jun-2021 19:26:24.361 CEST
Begin processing the 41st record. Run 1, Event 841, LumiSection 17 on stream 2 at 13-Jun-2021 19:27:00.935 CEST
Begin processing the 42nd record. Run 1, Event 842, LumiSection 17 on stream 0 at 13-Jun-2021 19:27:03.992 CEST
Begin processing the 43rd record. Run 1, Event 843, LumiSection 17 on stream 3 at 13-Jun-2021 19:27:10.354 CEST
Begin processing the 44th record. Run 1, Event 844, LumiSection 17 on stream 1 at 13-Jun-2021 19:27:14.779 CEST
Begin processing the 45th record. Run 1, Event 845, LumiSection 17 on stream 0 at 13-Jun-2021 19:27:45.636 CEST
Begin processing the 46th record. Run 1, Event 846, LumiSection 17 on stream 0 at 13-Jun-2021 19:28:03.718 CEST
Begin processing the 47th record. Run 1, Event 847, LumiSection 17 on stream 1 at 13-Jun-2021 19:28:18.982 CEST
Begin processing the 48th record. Run 1, Event 848, LumiSection 17 on stream 3 at 13-Jun-2021 19:28:25.268 CEST
Begin processing the 49th record. Run 1, Event 849, LumiSection 17 on stream 2 at 13-Jun-2021 19:28:39.310 CEST
Begin processing the 50th record. Run 1, Event 850, LumiSection 17 on stream 0 at 13-Jun-2021 19:28:44.153 CEST
13-Jun-2021 19:29:38 CEST  Closed file file:/eos/cms/store/user/tsarkar/wgen_Vector_MonoZLL_NLO_Mphi-500_Mchi-150_gSM-0p25_gDM-1p0_ctau10p0/RunIISummer20UL17_wmLHEGEN/210607_154228/0000/step_wgen_17.root

=============================================

MessageLogger Summary

 type     category        sev    module        subroutine        count    total
 ---- -------------------- -- ---------------- ----------------  -----    -----
    1 fileAction           -s file_close                             1        1
    2 fileAction           -s file_open                              2        2

 type    category    Examples: run/evt        run/evt          run/evt
 ---- -------------------- ---------------- ---------------- ----------------
    1 fileAction           End Run: 1                        
    2 fileAction           pre-events       pre-events       

Severity    # Occurrences   Total Occurrences
--------    -------------   -----------------
System                  3                   3

dropped waiting message count 0
