000 (7304689.000.000) 06/13 19:13:08 Job submitted from host: <137.138.44.75:9618?addrs=137.138.44.75-9618+[2001-1458-d00-1a--b]-9618&alias=bigbird14.cern.ch&noUDP&sock=schedd_3149486_02ef>
...
040 (7304689.000.000) 06/13 19:16:27 Started transferring input files
	Transferring to host: <137.138.119.248:9618?addrs=137.138.119.248-9618+[2001-1458-d00-4--1d2]-9618&alias=b7g37s6861.cern.ch&noUDP&sock=slot1_20_7669_4111_51163>
...
040 (7304689.000.000) 06/13 19:16:27 Finished transferring input files
...
001 (7304689.000.000) 06/13 19:16:28 Job executing on host: <137.138.119.248:9618?addrs=137.138.119.248-9618+[2001-1458-d00-4--1d2]-9618&alias=b7g37s6861.cern.ch&noUDP&sock=startd_7558_bce2>
...
006 (7304689.000.000) 06/13 19:16:37 Image size of job updated: 409808
	23  -  MemoryUsage of job (MB)
	22680  -  ResidentSetSize of job (KB)
...
006 (7304689.000.000) 06/13 19:21:38 Image size of job updated: 1584084
	651  -  MemoryUsage of job (MB)
	666428  -  ResidentSetSize of job (KB)
...
006 (7304689.000.000) 06/13 19:25:51 Image size of job updated: 1817564
	651  -  MemoryUsage of job (MB)
	666432  -  ResidentSetSize of job (KB)
...
040 (7304689.000.000) 06/13 19:25:51 Started transferring output files
...
040 (7304689.000.000) 06/13 19:25:51 Finished transferring output files
...
005 (7304689.000.000) 06/13 19:25:51 Job terminated.
	(1) Normal termination (return value 0)
		Usr 0 00:30:32, Sys 0 00:00:39  -  Run Remote Usage
		Usr 0 00:00:00, Sys 0 00:00:00  -  Run Local Usage
		Usr 0 00:30:32, Sys 0 00:00:39  -  Total Remote Usage
		Usr 0 00:00:00, Sys 0 00:00:00  -  Total Local Usage
	12910  -  Run Bytes Sent By Job
	423  -  Run Bytes Received By Job
	12910  -  Total Bytes Sent By Job
	423  -  Total Bytes Received By Job
	Partitionable Resources :    Usage  Request Allocated 
	   Cpus                 :     1.71        1         1 
	   Disk (KB)            :    33           1    159858 
	   Memory (MB)          :   651        2000      2000 

	Job terminated of its own accord at 2021-06-13T17:25:51Z.
...
