000 (7304680.000.000) 06/13 19:12:54 Job submitted from host: <137.138.44.75:9618?addrs=137.138.44.75-9618+[2001-1458-d00-1a--b]-9618&alias=bigbird14.cern.ch&noUDP&sock=schedd_3149486_02ef>
...
040 (7304680.000.000) 06/13 19:13:37 Started transferring input files
	Transferring to host: <188.184.183.28:9618?addrs=188.184.183.28-9618+[2001-1458-301-2b--100-14e]-9618&alias=b7g41n4670.cern.ch&noUDP&sock=slot1_8_4906_7881_49949>
...
040 (7304680.000.000) 06/13 19:13:37 Finished transferring input files
...
001 (7304680.000.000) 06/13 19:13:38 Job executing on host: <188.184.183.28:9618?addrs=188.184.183.28-9618+[2001-1458-301-2b--100-14e]-9618&alias=b7g41n4670.cern.ch&noUDP&sock=startd_3830_a3d1>
...
006 (7304680.000.000) 06/13 19:13:47 Image size of job updated: 192116
	102  -  MemoryUsage of job (MB)
	103576  -  ResidentSetSize of job (KB)
...
006 (7304680.000.000) 06/13 19:18:48 Image size of job updated: 1622492
	653  -  MemoryUsage of job (MB)
	668156  -  ResidentSetSize of job (KB)
...
006 (7304680.000.000) 06/13 19:23:49 Image size of job updated: 1749468
	727  -  MemoryUsage of job (MB)
	743636  -  ResidentSetSize of job (KB)
...
006 (7304680.000.000) 06/13 19:24:40 Image size of job updated: 1823196
	727  -  MemoryUsage of job (MB)
	743640  -  ResidentSetSize of job (KB)
...
040 (7304680.000.000) 06/13 19:24:40 Started transferring output files
...
040 (7304680.000.000) 06/13 19:24:40 Finished transferring output files
...
005 (7304680.000.000) 06/13 19:24:40 Job terminated.
	(1) Normal termination (return value 0)
		Usr 0 00:31:10, Sys 0 00:00:32  -  Run Remote Usage
		Usr 0 00:00:00, Sys 0 00:00:00  -  Run Local Usage
		Usr 0 00:31:10, Sys 0 00:00:32  -  Total Remote Usage
		Usr 0 00:00:00, Sys 0 00:00:00  -  Total Local Usage
	12857  -  Run Bytes Sent By Job
	422  -  Run Bytes Received By Job
	12857  -  Total Bytes Sent By Job
	422  -  Total Bytes Received By Job
	Partitionable Resources :    Usage  Request Allocated 
	   Cpus                 :     1.94        1         1 
	   Disk (KB)            :    34           1    355614 
	   Memory (MB)          :   727        2000      2000 

	Job terminated of its own accord at 2021-06-13T17:24:40Z.
...
