000 (7304678.000.000) 06/13 19:12:46 Job submitted from host: <137.138.44.75:9618?addrs=137.138.44.75-9618+[2001-1458-d00-1a--b]-9618&alias=bigbird14.cern.ch&noUDP&sock=schedd_3149486_02ef>
...
040 (7304678.000.000) 06/13 19:13:09 Started transferring input files
	Transferring to host: <188.184.197.159:9618?addrs=188.184.197.159-9618+[2001-1458-301-103--100-1fd]-9618&alias=b7g23n9176.cern.ch&noUDP&sock=slot1_12_22865_35fb_90675>
...
040 (7304678.000.000) 06/13 19:13:09 Finished transferring input files
...
001 (7304678.000.000) 06/13 19:13:10 Job executing on host: <188.184.197.159:9618?addrs=188.184.197.159-9618+[2001-1458-301-103--100-1fd]-9618&alias=b7g23n9176.cern.ch&noUDP&sock=startd_17897_6e8e>
...
006 (7304678.000.000) 06/13 19:13:19 Image size of job updated: 261636
	20  -  MemoryUsage of job (MB)
	19464  -  ResidentSetSize of job (KB)
...
006 (7304678.000.000) 06/13 19:18:20 Image size of job updated: 1622236
	639  -  MemoryUsage of job (MB)
	653612  -  ResidentSetSize of job (KB)
...
006 (7304678.000.000) 06/13 19:22:45 Image size of job updated: 1724664
	639  -  MemoryUsage of job (MB)
	653628  -  ResidentSetSize of job (KB)
...
040 (7304678.000.000) 06/13 19:22:45 Started transferring output files
...
040 (7304678.000.000) 06/13 19:22:45 Finished transferring output files
...
005 (7304678.000.000) 06/13 19:22:45 Job terminated.
	(1) Normal termination (return value 0)
		Usr 0 00:30:24, Sys 0 00:00:35  -  Run Remote Usage
		Usr 0 00:00:00, Sys 0 00:00:00  -  Run Local Usage
		Usr 0 00:30:24, Sys 0 00:00:35  -  Total Remote Usage
		Usr 0 00:00:00, Sys 0 00:00:00  -  Total Local Usage
	12857  -  Run Bytes Sent By Job
	422  -  Run Bytes Received By Job
	12857  -  Total Bytes Sent By Job
	422  -  Total Bytes Received By Job
	Partitionable Resources :    Usage  Request Allocated 
	   Cpus                 :     1.62        1         1 
	   Disk (KB)            :    33           1    344933 
	   Memory (MB)          :   639        2000      2000 

	Job terminated of its own accord at 2021-06-13T17:22:45Z.
...
