000 (7304683.000.000) 06/13 19:13:01 Job submitted from host: <137.138.44.75:9618?addrs=137.138.44.75-9618+[2001-1458-d00-1a--b]-9618&alias=bigbird14.cern.ch&noUDP&sock=schedd_3149486_02ef>
...
040 (7304683.000.000) 06/13 19:13:58 Started transferring input files
	Transferring to host: <188.184.190.117:9618?addrs=188.184.190.117-9618+[2001-1458-301-4b--100-75]-9618&alias=b7g42n0284.cern.ch&noUDP&sock=slot1_6_17699_4be9_91733>
...
040 (7304683.000.000) 06/13 19:13:58 Finished transferring input files
...
001 (7304683.000.000) 06/13 19:13:59 Job executing on host: <188.184.190.117:9618?addrs=188.184.190.117-9618+[2001-1458-301-4b--100-75]-9618&alias=b7g42n0284.cern.ch&noUDP&sock=startd_5622_cd88>
...
006 (7304683.000.000) 06/13 19:14:07 Image size of job updated: 168144
	91  -  MemoryUsage of job (MB)
	93172  -  ResidentSetSize of job (KB)
...
006 (7304683.000.000) 06/13 19:19:07 Image size of job updated: 1547460
	636  -  MemoryUsage of job (MB)
	650944  -  ResidentSetSize of job (KB)
...
006 (7304683.000.000) 06/13 19:22:48 Image size of job updated: 1699040
	636  -  MemoryUsage of job (MB)
	650944  -  ResidentSetSize of job (KB)
...
040 (7304683.000.000) 06/13 19:22:48 Started transferring output files
...
040 (7304683.000.000) 06/13 19:22:48 Finished transferring output files
...
005 (7304683.000.000) 06/13 19:22:48 Job terminated.
	(1) Normal termination (return value 0)
		Usr 0 00:26:48, Sys 0 00:00:50  -  Run Remote Usage
		Usr 0 00:00:00, Sys 0 00:00:00  -  Run Local Usage
		Usr 0 00:26:48, Sys 0 00:00:50  -  Total Remote Usage
		Usr 0 00:00:00, Sys 0 00:00:00  -  Total Local Usage
	12857  -  Run Bytes Sent By Job
	422  -  Run Bytes Received By Job
	12857  -  Total Bytes Sent By Job
	422  -  Total Bytes Received By Job
	Partitionable Resources :    Usage  Request Allocated 
	   Cpus                 :     3.62        1         1 
	   Disk (KB)            :    34           1    200012 
	   Memory (MB)          :   636        2000      2000 

	Job terminated of its own accord at 2021-06-13T17:22:48Z.
...
