%MSG-i ThreadStreamSetup:  (NoModuleName) 13-Jun-2021 19:14:03 CEST pre-events
setting # threads 4
setting # streams 4
%MSG
13-Jun-2021 19:14:09 CEST  Initiating request to open file file:/eos/cms/store/user/tsarkar/wgen_Vector_MonoZLL_NLO_Mphi-500_Mchi-150_gSM-0p25_gDM-1p0_ctau10p0/RunIISummer20UL17_wmLHEGEN/210607_154228/0000/step_wgen_8.root
13-Jun-2021 19:14:11 CEST  Successfully opened file file:/eos/cms/store/user/tsarkar/wgen_Vector_MonoZLL_NLO_Mphi-500_Mchi-150_gSM-0p25_gDM-1p0_ctau10p0/RunIISummer20UL17_wmLHEGEN/210607_154228/0000/step_wgen_8.root
Begin processing the 1st record. Run 1, Event 351, LumiSection 8 on stream 0 at 13-Jun-2021 19:15:32.846 CEST
Begin processing the 2nd record. Run 1, Event 352, LumiSection 8 on stream 1 at 13-Jun-2021 19:15:32.846 CEST
Begin processing the 3rd record. Run 1, Event 353, LumiSection 8 on stream 3 at 13-Jun-2021 19:15:32.846 CEST
Begin processing the 4th record. Run 1, Event 354, LumiSection 8 on stream 2 at 13-Jun-2021 19:15:32.847 CEST
Begin processing the 5th record. Run 1, Event 355, LumiSection 8 on stream 2 at 13-Jun-2021 19:16:07.618 CEST
Begin processing the 6th record. Run 1, Event 356, LumiSection 8 on stream 0 at 13-Jun-2021 19:16:11.402 CEST
Begin processing the 7th record. Run 1, Event 357, LumiSection 8 on stream 3 at 13-Jun-2021 19:16:19.286 CEST
Begin processing the 8th record. Run 1, Event 358, LumiSection 8 on stream 1 at 13-Jun-2021 19:16:20.616 CEST
Begin processing the 9th record. Run 1, Event 359, LumiSection 8 on stream 2 at 13-Jun-2021 19:16:41.304 CEST
Begin processing the 10th record. Run 1, Event 360, LumiSection 8 on stream 1 at 13-Jun-2021 19:16:46.790 CEST
Begin processing the 11th record. Run 1, Event 361, LumiSection 8 on stream 0 at 13-Jun-2021 19:17:01.764 CEST
Begin processing the 12th record. Run 1, Event 362, LumiSection 8 on stream 3 at 13-Jun-2021 19:17:06.410 CEST
Begin processing the 13th record. Run 1, Event 363, LumiSection 8 on stream 1 at 13-Jun-2021 19:17:09.222 CEST
Begin processing the 14th record. Run 1, Event 364, LumiSection 8 on stream 2 at 13-Jun-2021 19:17:17.667 CEST
Begin processing the 15th record. Run 1, Event 365, LumiSection 8 on stream 1 at 13-Jun-2021 19:17:31.408 CEST
Begin processing the 16th record. Run 1, Event 366, LumiSection 8 on stream 2 at 13-Jun-2021 19:17:50.139 CEST
Begin processing the 17th record. Run 1, Event 367, LumiSection 8 on stream 0 at 13-Jun-2021 19:17:54.918 CEST
Begin processing the 18th record. Run 1, Event 368, LumiSection 8 on stream 3 at 13-Jun-2021 19:17:55.438 CEST
Begin processing the 19th record. Run 1, Event 369, LumiSection 8 on stream 0 at 13-Jun-2021 19:18:02.334 CEST
Begin processing the 20th record. Run 1, Event 370, LumiSection 8 on stream 2 at 13-Jun-2021 19:18:02.749 CEST
Begin processing the 21st record. Run 1, Event 371, LumiSection 8 on stream 1 at 13-Jun-2021 19:18:11.660 CEST
Begin processing the 22nd record. Run 1, Event 372, LumiSection 8 on stream 3 at 13-Jun-2021 19:18:14.619 CEST
Begin processing the 23rd record. Run 1, Event 373, LumiSection 8 on stream 0 at 13-Jun-2021 19:18:21.108 CEST
Begin processing the 24th record. Run 1, Event 374, LumiSection 8 on stream 2 at 13-Jun-2021 19:18:32.993 CEST
Begin processing the 25th record. Run 1, Event 375, LumiSection 8 on stream 0 at 13-Jun-2021 19:18:41.222 CEST
Begin processing the 26th record. Run 1, Event 376, LumiSection 8 on stream 3 at 13-Jun-2021 19:18:44.042 CEST
Begin processing the 27th record. Run 1, Event 377, LumiSection 8 on stream 1 at 13-Jun-2021 19:18:46.425 CEST
Begin processing the 28th record. Run 1, Event 378, LumiSection 8 on stream 0 at 13-Jun-2021 19:19:02.262 CEST
Begin processing the 29th record. Run 1, Event 379, LumiSection 8 on stream 2 at 13-Jun-2021 19:19:12.393 CEST
Begin processing the 30th record. Run 1, Event 380, LumiSection 8 on stream 1 at 13-Jun-2021 19:19:18.485 CEST
Begin processing the 31st record. Run 1, Event 381, LumiSection 8 on stream 3 at 13-Jun-2021 19:19:22.192 CEST
Begin processing the 32nd record. Run 1, Event 382, LumiSection 8 on stream 0 at 13-Jun-2021 19:19:29.768 CEST
Begin processing the 33rd record. Run 1, Event 383, LumiSection 8 on stream 0 at 13-Jun-2021 19:19:48.711 CEST
Begin processing the 34th record. Run 1, Event 384, LumiSection 8 on stream 3 at 13-Jun-2021 19:19:48.925 CEST
Begin processing the 35th record. Run 1, Event 385, LumiSection 8 on stream 2 at 13-Jun-2021 19:19:55.893 CEST
Begin processing the 36th record. Run 1, Event 386, LumiSection 8 on stream 1 at 13-Jun-2021 19:20:08.520 CEST
Begin processing the 37th record. Run 1, Event 387, LumiSection 8 on stream 3 at 13-Jun-2021 19:20:21.688 CEST
Begin processing the 38th record. Run 1, Event 388, LumiSection 8 on stream 0 at 13-Jun-2021 19:20:22.739 CEST
Begin processing the 39th record. Run 1, Event 389, LumiSection 8 on stream 3 at 13-Jun-2021 19:20:42.372 CEST
Begin processing the 40th record. Run 1, Event 390, LumiSection 8 on stream 1 at 13-Jun-2021 19:20:46.941 CEST
Begin processing the 41st record. Run 1, Event 391, LumiSection 8 on stream 1 at 13-Jun-2021 19:20:59.532 CEST
Begin processing the 42nd record. Run 1, Event 392, LumiSection 8 on stream 2 at 13-Jun-2021 19:21:00.133 CEST
Begin processing the 43rd record. Run 1, Event 393, LumiSection 8 on stream 3 at 13-Jun-2021 19:21:02.206 CEST
Begin processing the 44th record. Run 1, Event 394, LumiSection 8 on stream 0 at 13-Jun-2021 19:21:09.399 CEST
Begin processing the 45th record. Run 1, Event 395, LumiSection 8 on stream 2 at 13-Jun-2021 19:21:20.299 CEST
Begin processing the 46th record. Run 1, Event 396, LumiSection 8 on stream 1 at 13-Jun-2021 19:21:43.966 CEST
Begin processing the 47th record. Run 1, Event 397, LumiSection 8 on stream 0 at 13-Jun-2021 19:21:48.246 CEST
Begin processing the 48th record. Run 1, Event 398, LumiSection 8 on stream 1 at 13-Jun-2021 19:21:57.826 CEST
Begin processing the 49th record. Run 1, Event 399, LumiSection 8 on stream 3 at 13-Jun-2021 19:21:59.361 CEST
Begin processing the 50th record. Run 1, Event 400, LumiSection 8 on stream 2 at 13-Jun-2021 19:22:12.307 CEST
13-Jun-2021 19:22:46 CEST  Closed file file:/eos/cms/store/user/tsarkar/wgen_Vector_MonoZLL_NLO_Mphi-500_Mchi-150_gSM-0p25_gDM-1p0_ctau10p0/RunIISummer20UL17_wmLHEGEN/210607_154228/0000/step_wgen_8.root

=============================================

MessageLogger Summary

 type     category        sev    module        subroutine        count    total
 ---- -------------------- -- ---------------- ----------------  -----    -----
    1 fileAction           -s file_close                             1        1
    2 fileAction           -s file_open                              2        2

 type    category    Examples: run/evt        run/evt          run/evt
 ---- -------------------- ---------------- ---------------- ----------------
    1 fileAction           End Run: 1                        
    2 fileAction           pre-events       pre-events       

Severity    # Occurrences   Total Occurrences
--------    -------------   -----------------
System                  3                   3

dropped waiting message count 0
