%MSG-i ThreadStreamSetup:  (NoModuleName) 13-Jun-2021 19:13:53 CEST pre-events
setting # threads 4
setting # streams 4
%MSG
13-Jun-2021 19:14:03 CEST  Initiating request to open file file:/eos/cms/store/user/tsarkar/wgen_Vector_MonoZLL_NLO_Mphi-500_Mchi-150_gSM-0p25_gDM-1p0_ctau10p0/RunIISummer20UL17_wmLHEGEN/210607_154228/0000/step_wgen_6.root
13-Jun-2021 19:14:07 CEST  Successfully opened file file:/eos/cms/store/user/tsarkar/wgen_Vector_MonoZLL_NLO_Mphi-500_Mchi-150_gSM-0p25_gDM-1p0_ctau10p0/RunIISummer20UL17_wmLHEGEN/210607_154228/0000/step_wgen_6.root
Begin processing the 1st record. Run 1, Event 251, LumiSection 6 on stream 0 at 13-Jun-2021 19:15:51.600 CEST
Begin processing the 2nd record. Run 1, Event 252, LumiSection 6 on stream 1 at 13-Jun-2021 19:15:51.600 CEST
Begin processing the 3rd record. Run 1, Event 253, LumiSection 6 on stream 3 at 13-Jun-2021 19:15:51.600 CEST
Begin processing the 4th record. Run 1, Event 254, LumiSection 6 on stream 2 at 13-Jun-2021 19:15:51.600 CEST
Begin processing the 5th record. Run 1, Event 255, LumiSection 6 on stream 0 at 13-Jun-2021 19:16:38.906 CEST
Begin processing the 6th record. Run 1, Event 256, LumiSection 6 on stream 2 at 13-Jun-2021 19:16:54.804 CEST
Begin processing the 7th record. Run 1, Event 257, LumiSection 6 on stream 1 at 13-Jun-2021 19:17:04.045 CEST
Begin processing the 8th record. Run 1, Event 258, LumiSection 6 on stream 2 at 13-Jun-2021 19:17:17.594 CEST
Begin processing the 9th record. Run 1, Event 259, LumiSection 6 on stream 3 at 13-Jun-2021 19:17:31.879 CEST
Begin processing the 10th record. Run 1, Event 260, LumiSection 6 on stream 0 at 13-Jun-2021 19:17:58.370 CEST
Begin processing the 11th record. Run 1, Event 261, LumiSection 6 on stream 2 at 13-Jun-2021 19:18:16.926 CEST
Begin processing the 12th record. Run 1, Event 262, LumiSection 6 on stream 1 at 13-Jun-2021 19:18:30.635 CEST
Begin processing the 13th record. Run 1, Event 263, LumiSection 6 on stream 0 at 13-Jun-2021 19:18:40.796 CEST
Begin processing the 14th record. Run 1, Event 264, LumiSection 6 on stream 2 at 13-Jun-2021 19:19:25.936 CEST
Begin processing the 15th record. Run 1, Event 265, LumiSection 6 on stream 3 at 13-Jun-2021 19:19:32.314 CEST
Begin processing the 16th record. Run 1, Event 266, LumiSection 6 on stream 0 at 13-Jun-2021 19:20:01.873 CEST
Begin processing the 17th record. Run 1, Event 267, LumiSection 6 on stream 1 at 13-Jun-2021 19:20:15.649 CEST
Begin processing the 18th record. Run 1, Event 268, LumiSection 6 on stream 3 at 13-Jun-2021 19:20:19.086 CEST
Begin processing the 19th record. Run 1, Event 269, LumiSection 6 on stream 2 at 13-Jun-2021 19:20:23.992 CEST
Begin processing the 20th record. Run 1, Event 270, LumiSection 6 on stream 3 at 13-Jun-2021 19:20:36.944 CEST
Begin processing the 21st record. Run 1, Event 271, LumiSection 6 on stream 1 at 13-Jun-2021 19:20:48.500 CEST
Begin processing the 22nd record. Run 1, Event 272, LumiSection 6 on stream 0 at 13-Jun-2021 19:21:12.284 CEST
Begin processing the 23rd record. Run 1, Event 273, LumiSection 6 on stream 3 at 13-Jun-2021 19:21:29.912 CEST
Begin processing the 24th record. Run 1, Event 274, LumiSection 6 on stream 1 at 13-Jun-2021 19:21:34.594 CEST
Begin processing the 25th record. Run 1, Event 275, LumiSection 6 on stream 1 at 13-Jun-2021 19:22:22.343 CEST
Begin processing the 26th record. Run 1, Event 276, LumiSection 6 on stream 2 at 13-Jun-2021 19:22:23.266 CEST
Begin processing the 27th record. Run 1, Event 277, LumiSection 6 on stream 2 at 13-Jun-2021 19:22:39.872 CEST
Begin processing the 28th record. Run 1, Event 278, LumiSection 6 on stream 3 at 13-Jun-2021 19:22:44.571 CEST
Begin processing the 29th record. Run 1, Event 279, LumiSection 6 on stream 0 at 13-Jun-2021 19:22:50.517 CEST
Begin processing the 30th record. Run 1, Event 280, LumiSection 6 on stream 2 at 13-Jun-2021 19:23:23.897 CEST
Begin processing the 31st record. Run 1, Event 281, LumiSection 6 on stream 1 at 13-Jun-2021 19:23:34.817 CEST
Begin processing the 32nd record. Run 1, Event 282, LumiSection 6 on stream 0 at 13-Jun-2021 19:23:57.462 CEST
Begin processing the 33rd record. Run 1, Event 283, LumiSection 6 on stream 1 at 13-Jun-2021 19:24:13.610 CEST
Begin processing the 34th record. Run 1, Event 284, LumiSection 6 on stream 0 at 13-Jun-2021 19:24:15.832 CEST
Begin processing the 35th record. Run 1, Event 285, LumiSection 6 on stream 3 at 13-Jun-2021 19:24:24.018 CEST
Begin processing the 36th record. Run 1, Event 286, LumiSection 6 on stream 2 at 13-Jun-2021 19:24:31.983 CEST
Begin processing the 37th record. Run 1, Event 287, LumiSection 6 on stream 1 at 13-Jun-2021 19:24:32.861 CEST
Begin processing the 38th record. Run 1, Event 288, LumiSection 6 on stream 0 at 13-Jun-2021 19:25:05.480 CEST
Begin processing the 39th record. Run 1, Event 289, LumiSection 6 on stream 2 at 13-Jun-2021 19:25:26.353 CEST
Begin processing the 40th record. Run 1, Event 290, LumiSection 6 on stream 3 at 13-Jun-2021 19:25:49.626 CEST
Begin processing the 41st record. Run 1, Event 291, LumiSection 6 on stream 0 at 13-Jun-2021 19:25:55.779 CEST
Begin processing the 42nd record. Run 1, Event 292, LumiSection 6 on stream 3 at 13-Jun-2021 19:26:12.344 CEST
Begin processing the 43rd record. Run 1, Event 293, LumiSection 6 on stream 1 at 13-Jun-2021 19:26:31.798 CEST
Begin processing the 44th record. Run 1, Event 294, LumiSection 6 on stream 2 at 13-Jun-2021 19:26:33.200 CEST
Begin processing the 45th record. Run 1, Event 295, LumiSection 6 on stream 0 at 13-Jun-2021 19:26:51.104 CEST
Begin processing the 46th record. Run 1, Event 296, LumiSection 6 on stream 0 at 13-Jun-2021 19:27:19.887 CEST
Begin processing the 47th record. Run 1, Event 297, LumiSection 6 on stream 1 at 13-Jun-2021 19:27:38.171 CEST
Begin processing the 48th record. Run 1, Event 298, LumiSection 6 on stream 3 at 13-Jun-2021 19:27:41.847 CEST
Begin processing the 49th record. Run 1, Event 299, LumiSection 6 on stream 2 at 13-Jun-2021 19:28:04.304 CEST
Begin processing the 50th record. Run 1, Event 300, LumiSection 6 on stream 3 at 13-Jun-2021 19:28:19.309 CEST
13-Jun-2021 19:28:44 CEST  Closed file file:/eos/cms/store/user/tsarkar/wgen_Vector_MonoZLL_NLO_Mphi-500_Mchi-150_gSM-0p25_gDM-1p0_ctau10p0/RunIISummer20UL17_wmLHEGEN/210607_154228/0000/step_wgen_6.root

=============================================

MessageLogger Summary

 type     category        sev    module        subroutine        count    total
 ---- -------------------- -- ---------------- ----------------  -----    -----
    1 fileAction           -s file_close                             1        1
    2 fileAction           -s file_open                              2        2

 type    category    Examples: run/evt        run/evt          run/evt
 ---- -------------------- ---------------- ---------------- ----------------
    1 fileAction           PostGlobalEndRun                  
    2 fileAction           pre-events       pre-events       

Severity    # Occurrences   Total Occurrences
--------    -------------   -----------------
System                  3                   3

dropped waiting message count 0
