000 (7304695.000.000) 06/13 19:13:15 Job submitted from host: <137.138.44.75:9618?addrs=137.138.44.75-9618+[2001-1458-d00-1a--b]-9618&alias=bigbird14.cern.ch&noUDP&sock=schedd_3149486_02ef>
...
040 (7304695.000.000) 06/13 19:16:11 Started transferring input files
	Transferring to host: <137.138.51.217:9618?addrs=137.138.51.217-9618+[2001-1458-d00-25--1ec]-9618&alias=b7g40s8876.cern.ch&noUDP&sock=slot1_19_327_26a6_50896>
...
040 (7304695.000.000) 06/13 19:16:11 Finished transferring input files
...
001 (7304695.000.000) 06/13 19:16:12 Job executing on host: <137.138.51.217:9618?addrs=137.138.51.217-9618+[2001-1458-d00-25--1ec]-9618&alias=b7g40s8876.cern.ch&noUDP&sock=startd_4593_fe94>
...
006 (7304695.000.000) 06/13 19:16:20 Image size of job updated: 402740
	25  -  MemoryUsage of job (MB)
	24872  -  ResidentSetSize of job (KB)
...
006 (7304695.000.000) 06/13 19:21:21 Image size of job updated: 1552284
	626  -  MemoryUsage of job (MB)
	640620  -  ResidentSetSize of job (KB)
...
006 (7304695.000.000) 06/13 19:26:22 Image size of job updated: 1609700
	658  -  MemoryUsage of job (MB)
	673368  -  ResidentSetSize of job (KB)
...
006 (7304695.000.000) 06/13 19:30:07 Image size of job updated: 1757156
	658  -  MemoryUsage of job (MB)
	673372  -  ResidentSetSize of job (KB)
...
040 (7304695.000.000) 06/13 19:30:07 Started transferring output files
...
040 (7304695.000.000) 06/13 19:30:07 Finished transferring output files
...
005 (7304695.000.000) 06/13 19:30:08 Job terminated.
	(1) Normal termination (return value 0)
		Usr 0 00:29:15, Sys 0 00:00:10  -  Run Remote Usage
		Usr 0 00:00:00, Sys 0 00:00:00  -  Run Local Usage
		Usr 0 00:29:15, Sys 0 00:00:10  -  Total Remote Usage
		Usr 0 00:00:00, Sys 0 00:00:00  -  Total Local Usage
	12912  -  Run Bytes Sent By Job
	423  -  Run Bytes Received By Job
	12912  -  Total Bytes Sent By Job
	423  -  Total Bytes Received By Job
	Partitionable Resources :    Usage  Request Allocated 
	   Cpus                 :     2.12        1         1 
	   Disk (KB)            :    33           1    320150 
	   Memory (MB)          :   658        2000      2000 

	Job terminated of its own accord at 2021-06-13T17:30:07Z.
...
