000 (7304692.000.000) 06/13 19:13:12 Job submitted from host: <137.138.44.75:9618?addrs=137.138.44.75-9618+[2001-1458-d00-1a--b]-9618&alias=bigbird14.cern.ch&noUDP&sock=schedd_3149486_02ef>
...
040 (7304692.000.000) 06/13 19:16:11 Started transferring input files
	Transferring to host: <137.138.51.217:9618?addrs=137.138.51.217-9618+[2001-1458-d00-25--1ec]-9618&alias=b7g40s8876.cern.ch&noUDP&sock=slot1_3_327_26a6_50894>
...
040 (7304692.000.000) 06/13 19:16:11 Finished transferring input files
...
001 (7304692.000.000) 06/13 19:16:12 Job executing on host: <137.138.51.217:9618?addrs=137.138.51.217-9618+[2001-1458-d00-25--1ec]-9618&alias=b7g40s8876.cern.ch&noUDP&sock=startd_4593_fe94>
...
006 (7304692.000.000) 06/13 19:16:21 Image size of job updated: 126248
	26  -  MemoryUsage of job (MB)
	25812  -  ResidentSetSize of job (KB)
...
006 (7304692.000.000) 06/13 19:21:21 Image size of job updated: 1545696
	625  -  MemoryUsage of job (MB)
	639024  -  ResidentSetSize of job (KB)
...
006 (7304692.000.000) 06/13 19:26:21 Image size of job updated: 1668576
	675  -  MemoryUsage of job (MB)
	690888  -  ResidentSetSize of job (KB)
...
006 (7304692.000.000) 06/13 19:29:40 Image size of job updated: 1758688
	675  -  MemoryUsage of job (MB)
	690908  -  ResidentSetSize of job (KB)
...
040 (7304692.000.000) 06/13 19:29:40 Started transferring output files
...
040 (7304692.000.000) 06/13 19:29:40 Finished transferring output files
...
005 (7304692.000.000) 06/13 19:29:41 Job terminated.
	(1) Normal termination (return value 0)
		Usr 0 00:27:07, Sys 0 00:00:15  -  Run Remote Usage
		Usr 0 00:00:00, Sys 0 00:00:00  -  Run Local Usage
		Usr 0 00:27:07, Sys 0 00:00:15  -  Total Remote Usage
		Usr 0 00:00:00, Sys 0 00:00:00  -  Total Local Usage
	12910  -  Run Bytes Sent By Job
	423  -  Run Bytes Received By Job
	12910  -  Total Bytes Sent By Job
	423  -  Total Bytes Received By Job
	Partitionable Resources :    Usage  Request Allocated 
	   Cpus                 :     2.19        1         1 
	   Disk (KB)            :    33           1    320151 
	   Memory (MB)          :   675        2000      2000 

	Job terminated of its own accord at 2021-06-13T17:29:40Z.
...
