000 (7304693.000.000) 06/13 19:13:13 Job submitted from host: <137.138.44.75:9618?addrs=137.138.44.75-9618+[2001-1458-d00-1a--b]-9618&alias=bigbird14.cern.ch&noUDP&sock=schedd_3149486_02ef>
...
022 (7304693.000.000) 06/13 19:16:31 Job disconnected, attempting to reconnect
    Socket between submit and execute hosts closed unexpectedly
    Trying to reconnect to slot1_9@b7g38s7756.cern.ch <137.138.43.126:9618?addrs=137.138.43.126-9618+[2001-1458-d00-23--3c]-9618&alias=b7g38s7756.cern.ch&noUDP&sock=startd_7519_fcb0>
...
024 (7304693.000.000) 06/13 19:16:31 Job reconnection failed
    Job not found at execution machine
    Can not reconnect to slot1_9@b7g38s7756.cern.ch, rescheduling job
...
040 (7304693.000.000) 06/13 19:16:36 Started transferring input files
	Transferring to host: <137.138.51.217:9618?addrs=137.138.51.217-9618+[2001-1458-d00-25--1ec]-9618&alias=b7g40s8876.cern.ch&noUDP&sock=slot1_20_327_26a6_50898>
...
040 (7304693.000.000) 06/13 19:16:36 Finished transferring input files
...
001 (7304693.000.000) 06/13 19:16:37 Job executing on host: <137.138.51.217:9618?addrs=137.138.51.217-9618+[2001-1458-d00-25--1ec]-9618&alias=b7g40s8876.cern.ch&noUDP&sock=startd_4593_fe94>
...
006 (7304693.000.000) 06/13 19:16:46 Image size of job updated: 261384
	80  -  MemoryUsage of job (MB)
	81748  -  ResidentSetSize of job (KB)
...
006 (7304693.000.000) 06/13 19:21:46 Image size of job updated: 1593832
	634  -  MemoryUsage of job (MB)
	648372  -  ResidentSetSize of job (KB)
...
006 (7304693.000.000) 06/13 19:26:47 Image size of job updated: 1626600
	658  -  MemoryUsage of job (MB)
	672908  -  ResidentSetSize of job (KB)
...
006 (7304693.000.000) 06/13 19:29:22 Image size of job updated: 1774056
	658  -  MemoryUsage of job (MB)
	672908  -  ResidentSetSize of job (KB)
...
040 (7304693.000.000) 06/13 19:29:23 Started transferring output files
...
040 (7304693.000.000) 06/13 19:29:23 Finished transferring output files
...
005 (7304693.000.000) 06/13 19:29:23 Job terminated.
	(1) Normal termination (return value 0)
		Usr 0 00:27:24, Sys 0 00:00:33  -  Run Remote Usage
		Usr 0 00:00:00, Sys 0 00:00:00  -  Run Local Usage
		Usr 0 00:27:24, Sys 0 00:00:33  -  Total Remote Usage
		Usr 0 00:00:00, Sys 0 00:00:00  -  Total Local Usage
	12910  -  Run Bytes Sent By Job
	423  -  Run Bytes Received By Job
	12910  -  Total Bytes Sent By Job
	423  -  Total Bytes Received By Job
	Partitionable Resources :    Usage  Request Allocated 
	   Cpus                 :     2.07        1         1 
	   Disk (KB)            :    34           1    319953 
	   Memory (MB)          :   658        2000      2000 

	Job terminated of its own accord at 2021-06-13T17:29:22Z.
...
