%MSG-i ThreadStreamSetup:  (NoModuleName) 13-Jun-2021 19:16:22 CEST pre-events
setting # threads 4
setting # streams 4
%MSG
13-Jun-2021 19:16:35 CEST  Initiating request to open file file:/eos/cms/store/user/tsarkar/wgen_Vector_MonoZLL_NLO_Mphi-500_Mchi-150_gSM-0p25_gDM-1p0_ctau10p0/RunIISummer20UL17_wmLHEGEN/210607_154228/0000/step_wgen_20.root
13-Jun-2021 19:16:37 CEST  Successfully opened file file:/eos/cms/store/user/tsarkar/wgen_Vector_MonoZLL_NLO_Mphi-500_Mchi-150_gSM-0p25_gDM-1p0_ctau10p0/RunIISummer20UL17_wmLHEGEN/210607_154228/0000/step_wgen_20.root
Begin processing the 1st record. Run 1, Event 951, LumiSection 20 on stream 0 at 13-Jun-2021 19:17:54.659 CEST
Begin processing the 2nd record. Run 1, Event 952, LumiSection 20 on stream 3 at 13-Jun-2021 19:17:54.660 CEST
Begin processing the 3rd record. Run 1, Event 953, LumiSection 20 on stream 2 at 13-Jun-2021 19:17:54.660 CEST
Begin processing the 4th record. Run 1, Event 954, LumiSection 20 on stream 1 at 13-Jun-2021 19:17:54.660 CEST
Begin processing the 5th record. Run 1, Event 955, LumiSection 20 on stream 3 at 13-Jun-2021 19:18:38.138 CEST
Begin processing the 6th record. Run 1, Event 956, LumiSection 20 on stream 0 at 13-Jun-2021 19:19:16.692 CEST
Begin processing the 7th record. Run 1, Event 957, LumiSection 20 on stream 2 at 13-Jun-2021 19:19:26.379 CEST
Begin processing the 8th record. Run 1, Event 958, LumiSection 20 on stream 1 at 13-Jun-2021 19:19:27.312 CEST
Begin processing the 9th record. Run 1, Event 959, LumiSection 20 on stream 3 at 13-Jun-2021 19:19:28.396 CEST
Begin processing the 10th record. Run 1, Event 960, LumiSection 20 on stream 1 at 13-Jun-2021 19:19:47.176 CEST
Begin processing the 11th record. Run 1, Event 961, LumiSection 20 on stream 0 at 13-Jun-2021 19:20:23.102 CEST
Begin processing the 12th record. Run 1, Event 962, LumiSection 20 on stream 2 at 13-Jun-2021 19:20:36.696 CEST
Begin processing the 13th record. Run 1, Event 963, LumiSection 20 on stream 3 at 13-Jun-2021 19:20:46.404 CEST
Begin processing the 14th record. Run 1, Event 964, LumiSection 20 on stream 1 at 13-Jun-2021 19:20:50.899 CEST
Begin processing the 15th record. Run 1, Event 965, LumiSection 20 on stream 0 at 13-Jun-2021 19:21:48.562 CEST
Begin processing the 16th record. Run 1, Event 966, LumiSection 20 on stream 1 at 13-Jun-2021 19:22:10.256 CEST
Begin processing the 17th record. Run 1, Event 967, LumiSection 20 on stream 2 at 13-Jun-2021 19:22:15.280 CEST
Begin processing the 18th record. Run 1, Event 968, LumiSection 20 on stream 3 at 13-Jun-2021 19:22:19.835 CEST
Begin processing the 19th record. Run 1, Event 969, LumiSection 20 on stream 1 at 13-Jun-2021 19:22:42.617 CEST
Begin processing the 20th record. Run 1, Event 970, LumiSection 20 on stream 2 at 13-Jun-2021 19:22:43.956 CEST
Begin processing the 21st record. Run 1, Event 971, LumiSection 20 on stream 3 at 13-Jun-2021 19:22:52.069 CEST
Begin processing the 22nd record. Run 1, Event 972, LumiSection 20 on stream 0 at 13-Jun-2021 19:23:03.672 CEST
Begin processing the 23rd record. Run 1, Event 973, LumiSection 20 on stream 1 at 13-Jun-2021 19:23:27.162 CEST
Begin processing the 24th record. Run 1, Event 974, LumiSection 20 on stream 3 at 13-Jun-2021 19:23:45.897 CEST
Begin processing the 25th record. Run 1, Event 975, LumiSection 20 on stream 2 at 13-Jun-2021 19:23:56.256 CEST
Begin processing the 26th record. Run 1, Event 976, LumiSection 20 on stream 3 at 13-Jun-2021 19:24:32.005 CEST
Begin processing the 27th record. Run 1, Event 977, LumiSection 20 on stream 0 at 13-Jun-2021 19:24:40.751 CEST
Begin processing the 28th record. Run 1, Event 978, LumiSection 20 on stream 1 at 13-Jun-2021 19:24:48.014 CEST
Begin processing the 29th record. Run 1, Event 979, LumiSection 20 on stream 2 at 13-Jun-2021 19:25:00.136 CEST
Begin processing the 30th record. Run 1, Event 980, LumiSection 20 on stream 0 at 13-Jun-2021 19:25:33.301 CEST
Begin processing the 31st record. Run 1, Event 981, LumiSection 20 on stream 3 at 13-Jun-2021 19:25:46.370 CEST
Begin processing the 32nd record. Run 1, Event 982, LumiSection 20 on stream 0 at 13-Jun-2021 19:26:14.252 CEST
Begin processing the 33rd record. Run 1, Event 983, LumiSection 20 on stream 3 at 13-Jun-2021 19:26:21.573 CEST
Begin processing the 34th record. Run 1, Event 984, LumiSection 20 on stream 2 at 13-Jun-2021 19:26:39.319 CEST
Begin processing the 35th record. Run 1, Event 985, LumiSection 20 on stream 3 at 13-Jun-2021 19:26:54.125 CEST
Begin processing the 36th record. Run 1, Event 986, LumiSection 20 on stream 1 at 13-Jun-2021 19:27:10.870 CEST
Begin processing the 37th record. Run 1, Event 987, LumiSection 20 on stream 3 at 13-Jun-2021 19:27:16.498 CEST
Begin processing the 38th record. Run 1, Event 988, LumiSection 20 on stream 1 at 13-Jun-2021 19:27:20.650 CEST
Begin processing the 39th record. Run 1, Event 989, LumiSection 20 on stream 0 at 13-Jun-2021 19:27:31.130 CEST
Begin processing the 40th record. Run 1, Event 990, LumiSection 20 on stream 0 at 13-Jun-2021 19:27:59.093 CEST
Begin processing the 41st record. Run 1, Event 991, LumiSection 20 on stream 1 at 13-Jun-2021 19:28:13.672 CEST
Begin processing the 42nd record. Run 1, Event 992, LumiSection 20 on stream 2 at 13-Jun-2021 19:28:16.778 CEST
Begin processing the 43rd record. Run 1, Event 993, LumiSection 20 on stream 3 at 13-Jun-2021 19:28:36.723 CEST
Begin processing the 44th record. Run 1, Event 994, LumiSection 20 on stream 0 at 13-Jun-2021 19:28:45.277 CEST
Begin processing the 45th record. Run 1, Event 995, LumiSection 20 on stream 3 at 13-Jun-2021 19:28:50.105 CEST
Begin processing the 46th record. Run 1, Event 996, LumiSection 20 on stream 2 at 13-Jun-2021 19:29:05.874 CEST
Begin processing the 47th record. Run 1, Event 997, LumiSection 20 on stream 0 at 13-Jun-2021 19:29:17.547 CEST
Begin processing the 48th record. Run 1, Event 998, LumiSection 20 on stream 1 at 13-Jun-2021 19:29:18.141 CEST
Begin processing the 49th record. Run 1, Event 999, LumiSection 20 on stream 3 at 13-Jun-2021 19:29:26.811 CEST
Begin processing the 50th record. Run 1, Event 1000, LumiSection 20 on stream 2 at 13-Jun-2021 19:29:36.599 CEST
13-Jun-2021 19:30:06 CEST  Closed file file:/eos/cms/store/user/tsarkar/wgen_Vector_MonoZLL_NLO_Mphi-500_Mchi-150_gSM-0p25_gDM-1p0_ctau10p0/RunIISummer20UL17_wmLHEGEN/210607_154228/0000/step_wgen_20.root

=============================================

MessageLogger Summary

 type     category        sev    module        subroutine        count    total
 ---- -------------------- -- ---------------- ----------------  -----    -----
    1 fileAction           -s file_close                             1        1
    2 fileAction           -s file_open                              2        2

 type    category    Examples: run/evt        run/evt          run/evt
 ---- -------------------- ---------------- ---------------- ----------------
    1 fileAction           PostGlobalEndRun                  
    2 fileAction           pre-events       pre-events       

Severity    # Occurrences   Total Occurrences
--------    -------------   -----------------
System                  3                   3

dropped waiting message count 31
