000 (7304684.000.000) 06/13 19:13:02 Job submitted from host: <137.138.44.75:9618?addrs=137.138.44.75-9618+[2001-1458-d00-1a--b]-9618&alias=bigbird14.cern.ch&noUDP&sock=schedd_3149486_02ef>
...
040 (7304684.000.000) 06/13 19:14:12 Started transferring input files
	Transferring to host: <188.184.197.182:9618?addrs=188.184.197.182-9618+[2001-1458-301-103--100-1c7]-9618&alias=b7g23n8278.cern.ch&noUDP&sock=slot1_12_4243_53c6_36927>
...
040 (7304684.000.000) 06/13 19:14:12 Finished transferring input files
...
001 (7304684.000.000) 06/13 19:14:13 Job executing on host: <188.184.197.182:9618?addrs=188.184.197.182-9618+[2001-1458-301-103--100-1c7]-9618&alias=b7g23n8278.cern.ch&noUDP&sock=startd_3626_b67f>
...
006 (7304684.000.000) 06/13 19:14:22 Image size of job updated: 504280
	57  -  MemoryUsage of job (MB)
	57940  -  ResidentSetSize of job (KB)
...
006 (7304684.000.000) 06/13 19:19:23 Image size of job updated: 1598948
	663  -  MemoryUsage of job (MB)
	678656  -  ResidentSetSize of job (KB)
...
006 (7304684.000.000) 06/13 19:24:24 Image size of job updated: 1730028
	763  -  MemoryUsage of job (MB)
	781032  -  ResidentSetSize of job (KB)
...
040 (7304684.000.000) 06/13 19:26:10 Started transferring output files
...
040 (7304684.000.000) 06/13 19:26:10 Finished transferring output files
...
005 (7304684.000.000) 06/13 19:26:10 Job terminated.
	(1) Normal termination (return value 0)
		Usr 0 00:27:25, Sys 0 00:00:18  -  Run Remote Usage
		Usr 0 00:00:00, Sys 0 00:00:00  -  Run Local Usage
		Usr 0 00:27:25, Sys 0 00:00:18  -  Total Remote Usage
		Usr 0 00:00:00, Sys 0 00:00:00  -  Total Local Usage
	12860  -  Run Bytes Sent By Job
	422  -  Run Bytes Received By Job
	12860  -  Total Bytes Sent By Job
	422  -  Total Bytes Received By Job
	Partitionable Resources :    Usage  Request Allocated 
	   Cpus                 :     0.42        1         1 
	   Disk (KB)            :    35           1    336486 
	   Memory (MB)          :   763        2000      2000 

	Job terminated of its own accord at 2021-06-13T17:26:10Z.
...
