000 (7304696.000.000) 06/13 19:13:17 Job submitted from host: <137.138.44.75:9618?addrs=137.138.44.75-9618+[2001-1458-d00-1a--b]-9618&alias=bigbird14.cern.ch&noUDP&sock=schedd_3149486_02ef>
...
040 (7304696.000.000) 06/13 19:16:11 Started transferring input files
	Transferring to host: <137.138.51.217:9618?addrs=137.138.51.217-9618+[2001-1458-d00-25--1ec]-9618&alias=b7g40s8876.cern.ch&noUDP&sock=slot1_20_327_26a6_50897>
...
040 (7304696.000.000) 06/13 19:16:11 Finished transferring input files
...
001 (7304696.000.000) 06/13 19:16:12 Job executing on host: <137.138.51.217:9618?addrs=137.138.51.217-9618+[2001-1458-d00-25--1ec]-9618&alias=b7g40s8876.cern.ch&noUDP&sock=startd_4593_fe94>
...
006 (7304696.000.000) 06/13 19:16:21 Image size of job updated: 143284
	27  -  MemoryUsage of job (MB)
	27320  -  ResidentSetSize of job (KB)
...
006 (7304696.000.000) 06/13 19:16:35 Image size of job updated: 493972
	27  -  MemoryUsage of job (MB)
	27320  -  ResidentSetSize of job (KB)
...
040 (7304696.000.000) 06/13 19:16:35 Started transferring output files
...
040 (7304696.000.000) 06/13 19:16:35 Finished transferring output files
...
005 (7304696.000.000) 06/13 19:16:35 Job terminated.
	(1) Normal termination (return value 73)
		Usr 0 00:00:05, Sys 0 00:00:01  -  Run Remote Usage
		Usr 0 00:00:00, Sys 0 00:00:00  -  Run Local Usage
		Usr 0 00:00:05, Sys 0 00:00:01  -  Total Remote Usage
		Usr 0 00:00:00, Sys 0 00:00:00  -  Total Local Usage
	563  -  Run Bytes Sent By Job
	423  -  Run Bytes Received By Job
	563  -  Total Bytes Sent By Job
	423  -  Total Bytes Received By Job
	Partitionable Resources :    Usage  Request Allocated 
	   Cpus                 :                 1         1 
	   Disk (KB)            :       17        1    320150 
	   Memory (MB)          :       27     2000      2000 

	Job terminated of its own accord at 2021-06-13T17:16:35Z.
...
