000 (7304691.000.000) 06/13 19:13:10 Job submitted from host: <137.138.44.75:9618?addrs=137.138.44.75-9618+[2001-1458-d00-1a--b]-9618&alias=bigbird14.cern.ch&noUDP&sock=schedd_3149486_02ef>
...
040 (7304691.000.000) 06/13 19:16:11 Started transferring input files
	Transferring to host: <137.138.43.126:9618?addrs=137.138.43.126-9618+[2001-1458-d00-23--3c]-9618&alias=b7g38s7756.cern.ch&noUDP&sock=slot1_1_7663_06d1_20733>
...
040 (7304691.000.000) 06/13 19:16:11 Finished transferring input files
...
001 (7304691.000.000) 06/13 19:16:12 Job executing on host: <137.138.43.126:9618?addrs=137.138.43.126-9618+[2001-1458-d00-23--3c]-9618&alias=b7g38s7756.cern.ch&noUDP&sock=startd_7519_fcb0>
...
006 (7304691.000.000) 06/13 19:16:21 Image size of job updated: 262404
	26  -  MemoryUsage of job (MB)
	25608  -  ResidentSetSize of job (KB)
...
006 (7304691.000.000) 06/13 19:21:22 Image size of job updated: 1574368
	647  -  MemoryUsage of job (MB)
	661560  -  ResidentSetSize of job (KB)
...
006 (7304691.000.000) 06/13 19:25:05 Image size of job updated: 1676768
	647  -  MemoryUsage of job (MB)
	661564  -  ResidentSetSize of job (KB)
...
040 (7304691.000.000) 06/13 19:25:05 Started transferring output files
...
040 (7304691.000.000) 06/13 19:25:05 Finished transferring output files
...
005 (7304691.000.000) 06/13 19:25:05 Job terminated.
	(1) Normal termination (return value 0)
		Usr 0 00:28:22, Sys 0 00:00:17  -  Run Remote Usage
		Usr 0 00:00:00, Sys 0 00:00:00  -  Run Local Usage
		Usr 0 00:28:22, Sys 0 00:00:17  -  Total Remote Usage
		Usr 0 00:00:00, Sys 0 00:00:00  -  Total Local Usage
	12910  -  Run Bytes Sent By Job
	423  -  Run Bytes Received By Job
	12910  -  Total Bytes Sent By Job
	423  -  Total Bytes Received By Job
	Partitionable Resources :    Usage  Request Allocated 
	   Cpus                 :     3.94        1         1 
	   Disk (KB)            :    33           1    241295 
	   Memory (MB)          :   647        2000      2000 

	Job terminated of its own accord at 2021-06-13T17:25:05Z.
...
