%MSG-i ThreadStreamSetup:  (NoModuleName) 13-Jun-2021 19:16:26 CEST pre-events
setting # threads 4
setting # streams 4
%MSG
13-Jun-2021 19:16:42 CEST  Initiating request to open file file:/eos/cms/store/user/tsarkar/wgen_Vector_MonoZLL_NLO_Mphi-500_Mchi-150_gSM-0p25_gDM-1p0_ctau10p0/RunIISummer20UL17_wmLHEGEN/210607_154228/0000/step_wgen_12.root
13-Jun-2021 19:16:45 CEST  Successfully opened file file:/eos/cms/store/user/tsarkar/wgen_Vector_MonoZLL_NLO_Mphi-500_Mchi-150_gSM-0p25_gDM-1p0_ctau10p0/RunIISummer20UL17_wmLHEGEN/210607_154228/0000/step_wgen_12.root
Begin processing the 1st record. Run 1, Event 551, LumiSection 12 on stream 0 at 13-Jun-2021 19:18:03.048 CEST
Begin processing the 2nd record. Run 1, Event 552, LumiSection 12 on stream 3 at 13-Jun-2021 19:18:03.048 CEST
Begin processing the 3rd record. Run 1, Event 553, LumiSection 12 on stream 2 at 13-Jun-2021 19:18:03.049 CEST
Begin processing the 4th record. Run 1, Event 554, LumiSection 12 on stream 1 at 13-Jun-2021 19:18:03.049 CEST
Begin processing the 5th record. Run 1, Event 555, LumiSection 12 on stream 3 at 13-Jun-2021 19:18:28.057 CEST
Begin processing the 6th record. Run 1, Event 556, LumiSection 12 on stream 1 at 13-Jun-2021 19:18:28.559 CEST
Begin processing the 7th record. Run 1, Event 557, LumiSection 12 on stream 2 at 13-Jun-2021 19:18:31.360 CEST
Begin processing the 8th record. Run 1, Event 558, LumiSection 12 on stream 1 at 13-Jun-2021 19:18:36.903 CEST
Begin processing the 9th record. Run 1, Event 559, LumiSection 12 on stream 0 at 13-Jun-2021 19:18:40.980 CEST
Begin processing the 10th record. Run 1, Event 560, LumiSection 12 on stream 1 at 13-Jun-2021 19:18:52.686 CEST
Begin processing the 11th record. Run 1, Event 561, LumiSection 12 on stream 2 at 13-Jun-2021 19:18:55.704 CEST
Begin processing the 12th record. Run 1, Event 562, LumiSection 12 on stream 3 at 13-Jun-2021 19:19:01.887 CEST
Begin processing the 13th record. Run 1, Event 563, LumiSection 12 on stream 1 at 13-Jun-2021 19:19:15.209 CEST
Begin processing the 14th record. Run 1, Event 564, LumiSection 12 on stream 0 at 13-Jun-2021 19:19:19.872 CEST
Begin processing the 15th record. Run 1, Event 565, LumiSection 12 on stream 3 at 13-Jun-2021 19:19:37.194 CEST
Begin processing the 16th record. Run 1, Event 566, LumiSection 12 on stream 1 at 13-Jun-2021 19:19:38.948 CEST
Begin processing the 17th record. Run 1, Event 567, LumiSection 12 on stream 0 at 13-Jun-2021 19:19:49.773 CEST
Begin processing the 18th record. Run 1, Event 568, LumiSection 12 on stream 2 at 13-Jun-2021 19:19:50.452 CEST
Begin processing the 19th record. Run 1, Event 569, LumiSection 12 on stream 2 at 13-Jun-2021 19:20:06.682 CEST
Begin processing the 20th record. Run 1, Event 570, LumiSection 12 on stream 1 at 13-Jun-2021 19:20:06.960 CEST
Begin processing the 21st record. Run 1, Event 571, LumiSection 12 on stream 3 at 13-Jun-2021 19:20:09.459 CEST
Begin processing the 22nd record. Run 1, Event 572, LumiSection 12 on stream 3 at 13-Jun-2021 19:20:22.112 CEST
Begin processing the 23rd record. Run 1, Event 573, LumiSection 12 on stream 2 at 13-Jun-2021 19:20:22.947 CEST
Begin processing the 24th record. Run 1, Event 574, LumiSection 12 on stream 0 at 13-Jun-2021 19:20:26.212 CEST
Begin processing the 25th record. Run 1, Event 575, LumiSection 12 on stream 3 at 13-Jun-2021 19:20:39.525 CEST
Begin processing the 26th record. Run 1, Event 576, LumiSection 12 on stream 3 at 13-Jun-2021 19:20:47.808 CEST
Begin processing the 27th record. Run 1, Event 577, LumiSection 12 on stream 2 at 13-Jun-2021 19:20:59.758 CEST
Begin processing the 28th record. Run 1, Event 578, LumiSection 12 on stream 3 at 13-Jun-2021 19:21:16.800 CEST
Begin processing the 29th record. Run 1, Event 579, LumiSection 12 on stream 0 at 13-Jun-2021 19:21:19.173 CEST
Begin processing the 30th record. Run 1, Event 580, LumiSection 12 on stream 1 at 13-Jun-2021 19:21:20.177 CEST
Begin processing the 31st record. Run 1, Event 581, LumiSection 12 on stream 0 at 13-Jun-2021 19:21:27.326 CEST
Begin processing the 32nd record. Run 1, Event 582, LumiSection 12 on stream 3 at 13-Jun-2021 19:21:29.436 CEST
Begin processing the 33rd record. Run 1, Event 583, LumiSection 12 on stream 2 at 13-Jun-2021 19:21:46.366 CEST
Begin processing the 34th record. Run 1, Event 584, LumiSection 12 on stream 1 at 13-Jun-2021 19:21:58.596 CEST
Begin processing the 35th record. Run 1, Event 585, LumiSection 12 on stream 0 at 13-Jun-2021 19:21:59.471 CEST
Begin processing the 36th record. Run 1, Event 586, LumiSection 12 on stream 3 at 13-Jun-2021 19:22:22.925 CEST
Begin processing the 37th record. Run 1, Event 587, LumiSection 12 on stream 0 at 13-Jun-2021 19:22:24.970 CEST
Begin processing the 38th record. Run 1, Event 588, LumiSection 12 on stream 2 at 13-Jun-2021 19:22:27.723 CEST
Begin processing the 39th record. Run 1, Event 589, LumiSection 12 on stream 1 at 13-Jun-2021 19:22:40.797 CEST
Begin processing the 40th record. Run 1, Event 590, LumiSection 12 on stream 3 at 13-Jun-2021 19:22:49.114 CEST
Begin processing the 41st record. Run 1, Event 591, LumiSection 12 on stream 0 at 13-Jun-2021 19:22:58.781 CEST
Begin processing the 42nd record. Run 1, Event 592, LumiSection 12 on stream 1 at 13-Jun-2021 19:23:19.155 CEST
Begin processing the 43rd record. Run 1, Event 593, LumiSection 12 on stream 2 at 13-Jun-2021 19:23:21.117 CEST
Begin processing the 44th record. Run 1, Event 594, LumiSection 12 on stream 0 at 13-Jun-2021 19:23:29.518 CEST
Begin processing the 45th record. Run 1, Event 595, LumiSection 12 on stream 3 at 13-Jun-2021 19:23:30.593 CEST
Begin processing the 46th record. Run 1, Event 596, LumiSection 12 on stream 1 at 13-Jun-2021 19:23:48.497 CEST
Begin processing the 47th record. Run 1, Event 597, LumiSection 12 on stream 2 at 13-Jun-2021 19:23:57.755 CEST
Begin processing the 48th record. Run 1, Event 598, LumiSection 12 on stream 0 at 13-Jun-2021 19:23:59.569 CEST
Begin processing the 49th record. Run 1, Event 599, LumiSection 12 on stream 3 at 13-Jun-2021 19:24:13.652 CEST
Begin processing the 50th record. Run 1, Event 600, LumiSection 12 on stream 0 at 13-Jun-2021 19:24:15.733 CEST
13-Jun-2021 19:24:57 CEST  Closed file file:/eos/cms/store/user/tsarkar/wgen_Vector_MonoZLL_NLO_Mphi-500_Mchi-150_gSM-0p25_gDM-1p0_ctau10p0/RunIISummer20UL17_wmLHEGEN/210607_154228/0000/step_wgen_12.root

=============================================

MessageLogger Summary

 type     category        sev    module        subroutine        count    total
 ---- -------------------- -- ---------------- ----------------  -----    -----
    1 fileAction           -s file_close                             1        1
    2 fileAction           -s file_open                              2        2

 type    category    Examples: run/evt        run/evt          run/evt
 ---- -------------------- ---------------- ---------------- ----------------
    1 fileAction           End Run: 1                        
    2 fileAction           pre-events       pre-events       

Severity    # Occurrences   Total Occurrences
--------    -------------   -----------------
System                  3                   3

dropped waiting message count 0
