000 (7304690.000.000) 06/13 19:13:09 Job submitted from host: <137.138.44.75:9618?addrs=137.138.44.75-9618+[2001-1458-d00-1a--b]-9618&alias=bigbird14.cern.ch&noUDP&sock=schedd_3149486_02ef>
...
040 (7304690.000.000) 06/13 19:16:27 Started transferring input files
	Transferring to host: <137.138.119.115:9618?addrs=137.138.119.115-9618+[2001-1458-d00-4--2c1]-9618&alias=b7g37s1884.cern.ch&noUDP&sock=slot1_7_7533_6e0b_50988>
...
040 (7304690.000.000) 06/13 19:16:27 Finished transferring input files
...
001 (7304690.000.000) 06/13 19:16:28 Job executing on host: <137.138.119.115:9618?addrs=137.138.119.115-9618+[2001-1458-d00-4--2c1]-9618&alias=b7g37s1884.cern.ch&noUDP&sock=startd_7423_2399>
...
006 (7304690.000.000) 06/13 19:16:37 Image size of job updated: 143624
	36  -  MemoryUsage of job (MB)
	35952  -  ResidentSetSize of job (KB)
...
006 (7304690.000.000) 06/13 19:21:38 Image size of job updated: 1545712
	637  -  MemoryUsage of job (MB)
	652080  -  ResidentSetSize of job (KB)
...
006 (7304690.000.000) 06/13 19:26:39 Image size of job updated: 1684976
	717  -  MemoryUsage of job (MB)
	733824  -  ResidentSetSize of job (KB)
...
006 (7304690.000.000) 06/13 19:28:51 Image size of job updated: 1717744
	717  -  MemoryUsage of job (MB)
	733824  -  ResidentSetSize of job (KB)
...
040 (7304690.000.000) 06/13 19:28:51 Started transferring output files
...
040 (7304690.000.000) 06/13 19:28:51 Finished transferring output files
...
005 (7304690.000.000) 06/13 19:28:51 Job terminated.
	(1) Normal termination (return value 0)
		Usr 0 00:32:16, Sys 0 00:00:10  -  Run Remote Usage
		Usr 0 00:00:00, Sys 0 00:00:00  -  Run Local Usage
		Usr 0 00:32:16, Sys 0 00:00:10  -  Total Remote Usage
		Usr 0 00:00:00, Sys 0 00:00:00  -  Total Local Usage
	12913  -  Run Bytes Sent By Job
	423  -  Run Bytes Received By Job
	12913  -  Total Bytes Sent By Job
	423  -  Total Bytes Received By Job
	Partitionable Resources :    Usage  Request Allocated 
	   Cpus                 :     2.70        1         1 
	   Disk (KB)            :    33           1    366911 
	   Memory (MB)          :   717        2000      2000 

	Job terminated of its own accord at 2021-06-13T17:28:51Z.
...
