%MSG-i ThreadStreamSetup:  (NoModuleName) 13-Jun-2021 19:16:41 CEST pre-events
setting # threads 4
setting # streams 4
%MSG
13-Jun-2021 19:16:55 CEST  Initiating request to open file file:/eos/cms/store/user/tsarkar/wgen_Vector_MonoZLL_NLO_Mphi-500_Mchi-150_gSM-0p25_gDM-1p0_ctau10p0/RunIISummer20UL17_wmLHEGEN/210607_154228/0000/step_wgen_14.root
13-Jun-2021 19:16:58 CEST  Successfully opened file file:/eos/cms/store/user/tsarkar/wgen_Vector_MonoZLL_NLO_Mphi-500_Mchi-150_gSM-0p25_gDM-1p0_ctau10p0/RunIISummer20UL17_wmLHEGEN/210607_154228/0000/step_wgen_14.root
Begin processing the 1st record. Run 1, Event 651, LumiSection 14 on stream 3 at 13-Jun-2021 19:18:15.118 CEST
Begin processing the 2nd record. Run 1, Event 652, LumiSection 14 on stream 0 at 13-Jun-2021 19:18:15.118 CEST
Begin processing the 3rd record. Run 1, Event 653, LumiSection 14 on stream 2 at 13-Jun-2021 19:18:15.118 CEST
Begin processing the 4th record. Run 1, Event 654, LumiSection 14 on stream 1 at 13-Jun-2021 19:18:15.118 CEST
Begin processing the 5th record. Run 1, Event 655, LumiSection 14 on stream 3 at 13-Jun-2021 19:18:35.037 CEST
Begin processing the 6th record. Run 1, Event 656, LumiSection 14 on stream 0 at 13-Jun-2021 19:19:02.401 CEST
Begin processing the 7th record. Run 1, Event 657, LumiSection 14 on stream 2 at 13-Jun-2021 19:19:07.180 CEST
Begin processing the 8th record. Run 1, Event 658, LumiSection 14 on stream 1 at 13-Jun-2021 19:19:11.505 CEST
Begin processing the 9th record. Run 1, Event 659, LumiSection 14 on stream 3 at 13-Jun-2021 19:19:15.887 CEST
Begin processing the 10th record. Run 1, Event 660, LumiSection 14 on stream 2 at 13-Jun-2021 19:19:29.452 CEST
Begin processing the 11th record. Run 1, Event 661, LumiSection 14 on stream 0 at 13-Jun-2021 19:19:38.179 CEST
Begin processing the 12th record. Run 1, Event 662, LumiSection 14 on stream 1 at 13-Jun-2021 19:19:47.873 CEST
Begin processing the 13th record. Run 1, Event 663, LumiSection 14 on stream 2 at 13-Jun-2021 19:19:52.645 CEST
Begin processing the 14th record. Run 1, Event 664, LumiSection 14 on stream 3 at 13-Jun-2021 19:19:54.879 CEST
Begin processing the 15th record. Run 1, Event 665, LumiSection 14 on stream 0 at 13-Jun-2021 19:20:01.661 CEST
Begin processing the 16th record. Run 1, Event 666, LumiSection 14 on stream 2 at 13-Jun-2021 19:20:04.941 CEST
Begin processing the 17th record. Run 1, Event 667, LumiSection 14 on stream 0 at 13-Jun-2021 19:20:25.648 CEST
Begin processing the 18th record. Run 1, Event 668, LumiSection 14 on stream 2 at 13-Jun-2021 19:20:31.544 CEST
Begin processing the 19th record. Run 1, Event 669, LumiSection 14 on stream 3 at 13-Jun-2021 19:20:48.975 CEST
Begin processing the 20th record. Run 1, Event 670, LumiSection 14 on stream 1 at 13-Jun-2021 19:20:50.760 CEST
Begin processing the 21st record. Run 1, Event 671, LumiSection 14 on stream 1 at 13-Jun-2021 19:21:06.017 CEST
Begin processing the 22nd record. Run 1, Event 672, LumiSection 14 on stream 2 at 13-Jun-2021 19:21:13.785 CEST
Begin processing the 23rd record. Run 1, Event 673, LumiSection 14 on stream 0 at 13-Jun-2021 19:21:21.997 CEST
Begin processing the 24th record. Run 1, Event 674, LumiSection 14 on stream 1 at 13-Jun-2021 19:21:24.078 CEST
Begin processing the 25th record. Run 1, Event 675, LumiSection 14 on stream 2 at 13-Jun-2021 19:21:32.040 CEST
Begin processing the 26th record. Run 1, Event 676, LumiSection 14 on stream 3 at 13-Jun-2021 19:21:41.002 CEST
Begin processing the 27th record. Run 1, Event 677, LumiSection 14 on stream 3 at 13-Jun-2021 19:21:48.225 CEST
Begin processing the 28th record. Run 1, Event 678, LumiSection 14 on stream 1 at 13-Jun-2021 19:21:52.971 CEST
Begin processing the 29th record. Run 1, Event 679, LumiSection 14 on stream 0 at 13-Jun-2021 19:22:13.510 CEST
Begin processing the 30th record. Run 1, Event 680, LumiSection 14 on stream 3 at 13-Jun-2021 19:22:17.823 CEST
Begin processing the 31st record. Run 1, Event 681, LumiSection 14 on stream 2 at 13-Jun-2021 19:22:22.536 CEST
Begin processing the 32nd record. Run 1, Event 682, LumiSection 14 on stream 1 at 13-Jun-2021 19:22:23.383 CEST
Begin processing the 33rd record. Run 1, Event 683, LumiSection 14 on stream 2 at 13-Jun-2021 19:22:31.336 CEST
Begin processing the 34th record. Run 1, Event 684, LumiSection 14 on stream 3 at 13-Jun-2021 19:22:41.439 CEST
Begin processing the 35th record. Run 1, Event 685, LumiSection 14 on stream 0 at 13-Jun-2021 19:22:44.753 CEST
Begin processing the 36th record. Run 1, Event 686, LumiSection 14 on stream 1 at 13-Jun-2021 19:22:48.030 CEST
Begin processing the 37th record. Run 1, Event 687, LumiSection 14 on stream 2 at 13-Jun-2021 19:23:08.216 CEST
Begin processing the 38th record. Run 1, Event 688, LumiSection 14 on stream 1 at 13-Jun-2021 19:23:26.834 CEST
Begin processing the 39th record. Run 1, Event 689, LumiSection 14 on stream 3 at 13-Jun-2021 19:23:26.892 CEST
Begin processing the 40th record. Run 1, Event 690, LumiSection 14 on stream 2 at 13-Jun-2021 19:23:31.500 CEST
Begin processing the 41st record. Run 1, Event 691, LumiSection 14 on stream 0 at 13-Jun-2021 19:23:32.564 CEST
Begin processing the 42nd record. Run 1, Event 692, LumiSection 14 on stream 3 at 13-Jun-2021 19:23:44.979 CEST
Begin processing the 43rd record. Run 1, Event 693, LumiSection 14 on stream 1 at 13-Jun-2021 19:24:03.321 CEST
Begin processing the 44th record. Run 1, Event 694, LumiSection 14 on stream 2 at 13-Jun-2021 19:24:09.816 CEST
Begin processing the 45th record. Run 1, Event 695, LumiSection 14 on stream 3 at 13-Jun-2021 19:24:31.888 CEST
Begin processing the 46th record. Run 1, Event 696, LumiSection 14 on stream 2 at 13-Jun-2021 19:24:35.512 CEST
Begin processing the 47th record. Run 1, Event 697, LumiSection 14 on stream 0 at 13-Jun-2021 19:24:36.448 CEST
Begin processing the 48th record. Run 1, Event 698, LumiSection 14 on stream 1 at 13-Jun-2021 19:24:56.691 CEST
Begin processing the 49th record. Run 1, Event 699, LumiSection 14 on stream 3 at 13-Jun-2021 19:25:13.176 CEST
Begin processing the 50th record. Run 1, Event 700, LumiSection 14 on stream 2 at 13-Jun-2021 19:25:18.753 CEST
13-Jun-2021 19:25:46 CEST  Closed file file:/eos/cms/store/user/tsarkar/wgen_Vector_MonoZLL_NLO_Mphi-500_Mchi-150_gSM-0p25_gDM-1p0_ctau10p0/RunIISummer20UL17_wmLHEGEN/210607_154228/0000/step_wgen_14.root

=============================================

MessageLogger Summary

 type     category        sev    module        subroutine        count    total
 ---- -------------------- -- ---------------- ----------------  -----    -----
    1 fileAction           -s file_close                             1        1
    2 fileAction           -s file_open                              2        2

 type    category    Examples: run/evt        run/evt          run/evt
 ---- -------------------- ---------------- ---------------- ----------------
    1 fileAction           PostGlobalEndRun                  
    2 fileAction           pre-events       pre-events       

Severity    # Occurrences   Total Occurrences
--------    -------------   -----------------
System                  3                   3

dropped waiting message count 2
