%MSG-i ThreadStreamSetup:  (NoModuleName) 13-Jun-2021 19:13:17 CEST pre-events
setting # threads 4
setting # streams 4
%MSG
13-Jun-2021 19:13:31 CEST  Initiating request to open file file:/eos/cms/store/user/tsarkar/wgen_Vector_MonoZLL_NLO_Mphi-500_Mchi-150_gSM-0p25_gDM-1p0_ctau10p0/RunIISummer20UL17_wmLHEGEN/210607_154228/0000/step_wgen_4.root
13-Jun-2021 19:13:34 CEST  Successfully opened file file:/eos/cms/store/user/tsarkar/wgen_Vector_MonoZLL_NLO_Mphi-500_Mchi-150_gSM-0p25_gDM-1p0_ctau10p0/RunIISummer20UL17_wmLHEGEN/210607_154228/0000/step_wgen_4.root
Begin processing the 1st record. Run 1, Event 151, LumiSection 4 on stream 0 at 13-Jun-2021 19:14:44.124 CEST
Begin processing the 2nd record. Run 1, Event 152, LumiSection 4 on stream 3 at 13-Jun-2021 19:14:44.124 CEST
Begin processing the 3rd record. Run 1, Event 153, LumiSection 4 on stream 2 at 13-Jun-2021 19:14:44.124 CEST
Begin processing the 4th record. Run 1, Event 154, LumiSection 4 on stream 1 at 13-Jun-2021 19:14:44.124 CEST
Begin processing the 5th record. Run 1, Event 155, LumiSection 4 on stream 3 at 13-Jun-2021 19:15:21.454 CEST
Begin processing the 6th record. Run 1, Event 156, LumiSection 4 on stream 1 at 13-Jun-2021 19:15:32.189 CEST
Begin processing the 7th record. Run 1, Event 157, LumiSection 4 on stream 2 at 13-Jun-2021 19:15:39.045 CEST
Begin processing the 8th record. Run 1, Event 158, LumiSection 4 on stream 0 at 13-Jun-2021 19:15:42.516 CEST
Begin processing the 9th record. Run 1, Event 159, LumiSection 4 on stream 1 at 13-Jun-2021 19:16:03.404 CEST
Begin processing the 10th record. Run 1, Event 160, LumiSection 4 on stream 3 at 13-Jun-2021 19:16:15.869 CEST
Begin processing the 11th record. Run 1, Event 161, LumiSection 4 on stream 2 at 13-Jun-2021 19:16:27.629 CEST
Begin processing the 12th record. Run 1, Event 162, LumiSection 4 on stream 0 at 13-Jun-2021 19:16:39.755 CEST
Begin processing the 13th record. Run 1, Event 163, LumiSection 4 on stream 3 at 13-Jun-2021 19:16:49.167 CEST
Begin processing the 14th record. Run 1, Event 164, LumiSection 4 on stream 0 at 13-Jun-2021 19:16:59.781 CEST
Begin processing the 15th record. Run 1, Event 165, LumiSection 4 on stream 3 at 13-Jun-2021 19:17:03.934 CEST
Begin processing the 16th record. Run 1, Event 166, LumiSection 4 on stream 1 at 13-Jun-2021 19:17:06.816 CEST
Begin processing the 17th record. Run 1, Event 167, LumiSection 4 on stream 2 at 13-Jun-2021 19:17:25.792 CEST
Begin processing the 18th record. Run 1, Event 168, LumiSection 4 on stream 3 at 13-Jun-2021 19:17:28.369 CEST
Begin processing the 19th record. Run 1, Event 169, LumiSection 4 on stream 1 at 13-Jun-2021 19:17:41.384 CEST
Begin processing the 20th record. Run 1, Event 170, LumiSection 4 on stream 0 at 13-Jun-2021 19:17:45.865 CEST
Begin processing the 21st record. Run 1, Event 171, LumiSection 4 on stream 3 at 13-Jun-2021 19:17:53.215 CEST
Begin processing the 22nd record. Run 1, Event 172, LumiSection 4 on stream 2 at 13-Jun-2021 19:18:05.518 CEST
Begin processing the 23rd record. Run 1, Event 173, LumiSection 4 on stream 0 at 13-Jun-2021 19:18:08.083 CEST
Begin processing the 24th record. Run 1, Event 174, LumiSection 4 on stream 3 at 13-Jun-2021 19:18:19.677 CEST
Begin processing the 25th record. Run 1, Event 175, LumiSection 4 on stream 3 at 13-Jun-2021 19:18:34.085 CEST
Begin processing the 26th record. Run 1, Event 176, LumiSection 4 on stream 1 at 13-Jun-2021 19:19:02.063 CEST
Begin processing the 27th record. Run 1, Event 177, LumiSection 4 on stream 0 at 13-Jun-2021 19:19:06.366 CEST
Begin processing the 28th record. Run 1, Event 178, LumiSection 4 on stream 2 at 13-Jun-2021 19:19:07.159 CEST
Begin processing the 29th record. Run 1, Event 179, LumiSection 4 on stream 3 at 13-Jun-2021 19:19:15.802 CEST
Begin processing the 30th record. Run 1, Event 180, LumiSection 4 on stream 1 at 13-Jun-2021 19:19:46.144 CEST
Begin processing the 31st record. Run 1, Event 181, LumiSection 4 on stream 0 at 13-Jun-2021 19:19:50.577 CEST
Begin processing the 32nd record. Run 1, Event 182, LumiSection 4 on stream 2 at 13-Jun-2021 19:19:53.328 CEST
Begin processing the 33rd record. Run 1, Event 183, LumiSection 4 on stream 3 at 13-Jun-2021 19:20:00.571 CEST
Begin processing the 34th record. Run 1, Event 184, LumiSection 4 on stream 0 at 13-Jun-2021 19:20:09.336 CEST
Begin processing the 35th record. Run 1, Event 185, LumiSection 4 on stream 3 at 13-Jun-2021 19:20:12.921 CEST
Begin processing the 36th record. Run 1, Event 186, LumiSection 4 on stream 1 at 13-Jun-2021 19:20:25.984 CEST
Begin processing the 37th record. Run 1, Event 187, LumiSection 4 on stream 0 at 13-Jun-2021 19:20:57.186 CEST
Begin processing the 38th record. Run 1, Event 188, LumiSection 4 on stream 1 at 13-Jun-2021 19:20:58.235 CEST
Begin processing the 39th record. Run 1, Event 189, LumiSection 4 on stream 2 at 13-Jun-2021 19:20:59.036 CEST
Begin processing the 40th record. Run 1, Event 190, LumiSection 4 on stream 1 at 13-Jun-2021 19:21:10.386 CEST
Begin processing the 41st record. Run 1, Event 191, LumiSection 4 on stream 3 at 13-Jun-2021 19:21:25.036 CEST
Begin processing the 42nd record. Run 1, Event 192, LumiSection 4 on stream 3 at 13-Jun-2021 19:21:45.712 CEST
Begin processing the 43rd record. Run 1, Event 193, LumiSection 4 on stream 1 at 13-Jun-2021 19:21:52.599 CEST
Begin processing the 44th record. Run 1, Event 194, LumiSection 4 on stream 0 at 13-Jun-2021 19:21:54.380 CEST
Begin processing the 45th record. Run 1, Event 195, LumiSection 4 on stream 2 at 13-Jun-2021 19:22:06.377 CEST
Begin processing the 46th record. Run 1, Event 196, LumiSection 4 on stream 1 at 13-Jun-2021 19:22:12.369 CEST
Begin processing the 47th record. Run 1, Event 197, LumiSection 4 on stream 3 at 13-Jun-2021 19:22:40.598 CEST
Begin processing the 48th record. Run 1, Event 198, LumiSection 4 on stream 2 at 13-Jun-2021 19:22:44.005 CEST
Begin processing the 49th record. Run 1, Event 199, LumiSection 4 on stream 0 at 13-Jun-2021 19:22:44.270 CEST
Begin processing the 50th record. Run 1, Event 200, LumiSection 4 on stream 1 at 13-Jun-2021 19:22:58.029 CEST
13-Jun-2021 19:23:32 CEST  Closed file file:/eos/cms/store/user/tsarkar/wgen_Vector_MonoZLL_NLO_Mphi-500_Mchi-150_gSM-0p25_gDM-1p0_ctau10p0/RunIISummer20UL17_wmLHEGEN/210607_154228/0000/step_wgen_4.root

=============================================

MessageLogger Summary

 type     category        sev    module        subroutine        count    total
 ---- -------------------- -- ---------------- ----------------  -----    -----
    1 fileAction           -s file_close                             1        1
    2 fileAction           -s file_open                              2        2

 type    category    Examples: run/evt        run/evt          run/evt
 ---- -------------------- ---------------- ---------------- ----------------
    1 fileAction           PostGlobalEndRun                  
    2 fileAction           pre-events       pre-events       

Severity    # Occurrences   Total Occurrences
--------    -------------   -----------------
System                  3                   3

dropped waiting message count 393
