000 (7304685.000.000) 06/13 19:13:03 Job submitted from host: <137.138.44.75:9618?addrs=137.138.44.75-9618+[2001-1458-d00-1a--b]-9618&alias=bigbird14.cern.ch&noUDP&sock=schedd_3149486_02ef>
...
040 (7304685.000.000) 06/13 19:16:26 Started transferring input files
	Transferring to host: <137.138.43.140:9618?addrs=137.138.43.140-9618+[2001-1458-d00-23--25d]-9618&alias=b7g38s2879.cern.ch&noUDP&sock=slot1_5_6175_9894_51216>
...
040 (7304685.000.000) 06/13 19:16:26 Finished transferring input files
...
001 (7304685.000.000) 06/13 19:16:27 Job executing on host: <137.138.43.140:9618?addrs=137.138.43.140-9618+[2001-1458-d00-23--25d]-9618&alias=b7g38s2879.cern.ch&noUDP&sock=startd_6065_a9fc>
...
006 (7304685.000.000) 06/13 19:16:36 Image size of job updated: 252816
	25  -  MemoryUsage of job (MB)
	25484  -  ResidentSetSize of job (KB)
...
006 (7304685.000.000) 06/13 19:21:37 Image size of job updated: 1545484
	657  -  MemoryUsage of job (MB)
	672056  -  ResidentSetSize of job (KB)
...
006 (7304685.000.000) 06/13 19:25:58 Image size of job updated: 1688844
	657  -  MemoryUsage of job (MB)
	672056  -  ResidentSetSize of job (KB)
...
040 (7304685.000.000) 06/13 19:25:58 Started transferring output files
...
040 (7304685.000.000) 06/13 19:25:58 Finished transferring output files
...
005 (7304685.000.000) 06/13 19:25:58 Job terminated.
	(1) Normal termination (return value 0)
		Usr 0 00:28:59, Sys 0 00:00:10  -  Run Remote Usage
		Usr 0 00:00:00, Sys 0 00:00:00  -  Run Local Usage
		Usr 0 00:28:59, Sys 0 00:00:10  -  Total Remote Usage
		Usr 0 00:00:00, Sys 0 00:00:00  -  Total Local Usage
	12910  -  Run Bytes Sent By Job
	423  -  Run Bytes Received By Job
	12910  -  Total Bytes Sent By Job
	423  -  Total Bytes Received By Job
	Partitionable Resources :    Usage  Request Allocated 
	   Cpus                 :     3.67        1         1 
	   Disk (KB)            :    33           1    404176 
	   Memory (MB)          :   657        2000      2000 

	Job terminated of its own accord at 2021-06-13T17:25:58Z.
...
