%MSG-i ThreadStreamSetup:  (NoModuleName) 13-Jun-2021 19:16:22 CEST pre-events
setting # threads 4
setting # streams 4
%MSG
13-Jun-2021 19:16:35 CEST  Initiating request to open file file:/eos/cms/store/user/tsarkar/wgen_Vector_MonoZLL_NLO_Mphi-500_Mchi-150_gSM-0p25_gDM-1p0_ctau10p0/RunIISummer20UL17_wmLHEGEN/210607_154228/0000/step_wgen_19.root
13-Jun-2021 19:16:37 CEST  Successfully opened file file:/eos/cms/store/user/tsarkar/wgen_Vector_MonoZLL_NLO_Mphi-500_Mchi-150_gSM-0p25_gDM-1p0_ctau10p0/RunIISummer20UL17_wmLHEGEN/210607_154228/0000/step_wgen_19.root
Begin processing the 1st record. Run 1, Event 901, LumiSection 19 on stream 0 at 13-Jun-2021 19:17:54.721 CEST
Begin processing the 2nd record. Run 1, Event 902, LumiSection 19 on stream 3 at 13-Jun-2021 19:17:54.722 CEST
Begin processing the 3rd record. Run 1, Event 903, LumiSection 19 on stream 1 at 13-Jun-2021 19:17:54.722 CEST
Begin processing the 4th record. Run 1, Event 904, LumiSection 19 on stream 2 at 13-Jun-2021 19:17:54.722 CEST
Begin processing the 5th record. Run 1, Event 905, LumiSection 19 on stream 1 at 13-Jun-2021 19:18:31.115 CEST
Begin processing the 6th record. Run 1, Event 906, LumiSection 19 on stream 0 at 13-Jun-2021 19:19:15.374 CEST
Begin processing the 7th record. Run 1, Event 907, LumiSection 19 on stream 2 at 13-Jun-2021 19:19:29.956 CEST
Begin processing the 8th record. Run 1, Event 908, LumiSection 19 on stream 1 at 13-Jun-2021 19:19:35.120 CEST
Begin processing the 9th record. Run 1, Event 909, LumiSection 19 on stream 3 at 13-Jun-2021 19:19:46.686 CEST
Begin processing the 10th record. Run 1, Event 910, LumiSection 19 on stream 1 at 13-Jun-2021 19:20:17.165 CEST
Begin processing the 11th record. Run 1, Event 911, LumiSection 19 on stream 3 at 13-Jun-2021 19:20:20.317 CEST
Begin processing the 12th record. Run 1, Event 912, LumiSection 19 on stream 2 at 13-Jun-2021 19:20:47.351 CEST
Begin processing the 13th record. Run 1, Event 913, LumiSection 19 on stream 3 at 13-Jun-2021 19:21:10.178 CEST
Begin processing the 14th record. Run 1, Event 914, LumiSection 19 on stream 1 at 13-Jun-2021 19:21:22.001 CEST
Begin processing the 15th record. Run 1, Event 915, LumiSection 19 on stream 0 at 13-Jun-2021 19:21:28.788 CEST
Begin processing the 16th record. Run 1, Event 916, LumiSection 19 on stream 2 at 13-Jun-2021 19:21:48.778 CEST
Begin processing the 17th record. Run 1, Event 917, LumiSection 19 on stream 1 at 13-Jun-2021 19:21:50.105 CEST
Begin processing the 18th record. Run 1, Event 918, LumiSection 19 on stream 0 at 13-Jun-2021 19:21:52.315 CEST
Begin processing the 19th record. Run 1, Event 919, LumiSection 19 on stream 3 at 13-Jun-2021 19:22:24.673 CEST
Begin processing the 20th record. Run 1, Event 920, LumiSection 19 on stream 1 at 13-Jun-2021 19:22:35.878 CEST
Begin processing the 21st record. Run 1, Event 921, LumiSection 19 on stream 3 at 13-Jun-2021 19:22:50.834 CEST
Begin processing the 22nd record. Run 1, Event 922, LumiSection 19 on stream 2 at 13-Jun-2021 19:23:01.759 CEST
Begin processing the 23rd record. Run 1, Event 923, LumiSection 19 on stream 0 at 13-Jun-2021 19:23:35.708 CEST
Begin processing the 24th record. Run 1, Event 924, LumiSection 19 on stream 1 at 13-Jun-2021 19:23:36.274 CEST
Begin processing the 25th record. Run 1, Event 925, LumiSection 19 on stream 3 at 13-Jun-2021 19:23:46.823 CEST
Begin processing the 26th record. Run 1, Event 926, LumiSection 19 on stream 0 at 13-Jun-2021 19:24:02.927 CEST
Begin processing the 27th record. Run 1, Event 927, LumiSection 19 on stream 1 at 13-Jun-2021 19:24:31.941 CEST
Begin processing the 28th record. Run 1, Event 928, LumiSection 19 on stream 2 at 13-Jun-2021 19:24:41.450 CEST
Begin processing the 29th record. Run 1, Event 929, LumiSection 19 on stream 3 at 13-Jun-2021 19:25:00.916 CEST
Begin processing the 30th record. Run 1, Event 930, LumiSection 19 on stream 1 at 13-Jun-2021 19:25:02.108 CEST
Begin processing the 31st record. Run 1, Event 931, LumiSection 19 on stream 0 at 13-Jun-2021 19:25:38.584 CEST
Begin processing the 32nd record. Run 1, Event 932, LumiSection 19 on stream 2 at 13-Jun-2021 19:25:39.551 CEST
Begin processing the 33rd record. Run 1, Event 933, LumiSection 19 on stream 1 at 13-Jun-2021 19:25:49.019 CEST
Begin processing the 34th record. Run 1, Event 934, LumiSection 19 on stream 2 at 13-Jun-2021 19:25:51.657 CEST
Begin processing the 35th record. Run 1, Event 935, LumiSection 19 on stream 3 at 13-Jun-2021 19:26:02.886 CEST
Begin processing the 36th record. Run 1, Event 936, LumiSection 19 on stream 2 at 13-Jun-2021 19:26:07.249 CEST
Begin processing the 37th record. Run 1, Event 937, LumiSection 19 on stream 2 at 13-Jun-2021 19:26:40.081 CEST
Begin processing the 38th record. Run 1, Event 938, LumiSection 19 on stream 1 at 13-Jun-2021 19:26:52.296 CEST
Begin processing the 39th record. Run 1, Event 939, LumiSection 19 on stream 3 at 13-Jun-2021 19:27:13.106 CEST
Begin processing the 40th record. Run 1, Event 940, LumiSection 19 on stream 0 at 13-Jun-2021 19:27:43.477 CEST
Begin processing the 41st record. Run 1, Event 941, LumiSection 19 on stream 2 at 13-Jun-2021 19:28:02.613 CEST
Begin processing the 42nd record. Run 1, Event 942, LumiSection 19 on stream 0 at 13-Jun-2021 19:28:15.435 CEST
Begin processing the 43rd record. Run 1, Event 943, LumiSection 19 on stream 3 at 13-Jun-2021 19:28:21.462 CEST
Begin processing the 44th record. Run 1, Event 944, LumiSection 19 on stream 2 at 13-Jun-2021 19:28:21.603 CEST
Begin processing the 45th record. Run 1, Event 945, LumiSection 19 on stream 1 at 13-Jun-2021 19:28:31.314 CEST
Begin processing the 46th record. Run 1, Event 946, LumiSection 19 on stream 0 at 13-Jun-2021 19:28:45.966 CEST
Begin processing the 47th record. Run 1, Event 947, LumiSection 19 on stream 3 at 13-Jun-2021 19:28:56.967 CEST
Begin processing the 48th record. Run 1, Event 948, LumiSection 19 on stream 2 at 13-Jun-2021 19:29:02.594 CEST
Begin processing the 49th record. Run 1, Event 949, LumiSection 19 on stream 0 at 13-Jun-2021 19:29:17.143 CEST
Begin processing the 50th record. Run 1, Event 950, LumiSection 19 on stream 2 at 13-Jun-2021 19:29:32.077 CEST
13-Jun-2021 19:29:51 CEST  Closed file file:/eos/cms/store/user/tsarkar/wgen_Vector_MonoZLL_NLO_Mphi-500_Mchi-150_gSM-0p25_gDM-1p0_ctau10p0/RunIISummer20UL17_wmLHEGEN/210607_154228/0000/step_wgen_19.root

=============================================

MessageLogger Summary

 type     category        sev    module        subroutine        count    total
 ---- -------------------- -- ---------------- ----------------  -----    -----
    1 fileAction           -s file_close                             1        1
    2 fileAction           -s file_open                              2        2

 type    category    Examples: run/evt        run/evt          run/evt
 ---- -------------------- ---------------- ---------------- ----------------
    1 fileAction           PostGlobalEndRun                  
    2 fileAction           pre-events       pre-events       

Severity    # Occurrences   Total Occurrences
--------    -------------   -----------------
System                  3                   3

dropped waiting message count 935
