%MSG-i ThreadStreamSetup:  (NoModuleName) 13-Jun-2021 19:16:41 CEST pre-events
setting # threads 4
setting # streams 4
%MSG
13-Jun-2021 19:16:57 CEST  Initiating request to open file file:/eos/cms/store/user/tsarkar/wgen_Vector_MonoZLL_NLO_Mphi-500_Mchi-150_gSM-0p25_gDM-1p0_ctau10p0/RunIISummer20UL17_wmLHEGEN/210607_154228/0000/step_wgen_11.root
13-Jun-2021 19:17:00 CEST  Successfully opened file file:/eos/cms/store/user/tsarkar/wgen_Vector_MonoZLL_NLO_Mphi-500_Mchi-150_gSM-0p25_gDM-1p0_ctau10p0/RunIISummer20UL17_wmLHEGEN/210607_154228/0000/step_wgen_11.root
Begin processing the 1st record. Run 1, Event 501, LumiSection 11 on stream 0 at 13-Jun-2021 19:18:18.953 CEST
Begin processing the 2nd record. Run 1, Event 502, LumiSection 11 on stream 3 at 13-Jun-2021 19:18:18.953 CEST
Begin processing the 3rd record. Run 1, Event 503, LumiSection 11 on stream 1 at 13-Jun-2021 19:18:18.953 CEST
Begin processing the 4th record. Run 1, Event 504, LumiSection 11 on stream 2 at 13-Jun-2021 19:18:18.954 CEST
Begin processing the 5th record. Run 1, Event 505, LumiSection 11 on stream 3 at 13-Jun-2021 19:19:00.559 CEST
Begin processing the 6th record. Run 1, Event 506, LumiSection 11 on stream 0 at 13-Jun-2021 19:19:02.706 CEST
Begin processing the 7th record. Run 1, Event 507, LumiSection 11 on stream 2 at 13-Jun-2021 19:19:12.771 CEST
Begin processing the 8th record. Run 1, Event 508, LumiSection 11 on stream 1 at 13-Jun-2021 19:19:14.987 CEST
Begin processing the 9th record. Run 1, Event 509, LumiSection 11 on stream 0 at 13-Jun-2021 19:19:43.907 CEST
Begin processing the 10th record. Run 1, Event 510, LumiSection 11 on stream 1 at 13-Jun-2021 19:19:46.531 CEST
Begin processing the 11th record. Run 1, Event 511, LumiSection 11 on stream 2 at 13-Jun-2021 19:19:59.869 CEST
Begin processing the 12th record. Run 1, Event 512, LumiSection 11 on stream 3 at 13-Jun-2021 19:20:04.767 CEST
Begin processing the 13th record. Run 1, Event 513, LumiSection 11 on stream 1 at 13-Jun-2021 19:20:33.092 CEST
Begin processing the 14th record. Run 1, Event 514, LumiSection 11 on stream 0 at 13-Jun-2021 19:20:37.825 CEST
Begin processing the 15th record. Run 1, Event 515, LumiSection 11 on stream 3 at 13-Jun-2021 19:20:46.163 CEST
Begin processing the 16th record. Run 1, Event 516, LumiSection 11 on stream 2 at 13-Jun-2021 19:20:46.834 CEST
Begin processing the 17th record. Run 1, Event 517, LumiSection 11 on stream 2 at 13-Jun-2021 19:21:05.214 CEST
Begin processing the 18th record. Run 1, Event 518, LumiSection 11 on stream 0 at 13-Jun-2021 19:21:08.696 CEST
Begin processing the 19th record. Run 1, Event 519, LumiSection 11 on stream 1 at 13-Jun-2021 19:21:15.136 CEST
Begin processing the 20th record. Run 1, Event 520, LumiSection 11 on stream 0 at 13-Jun-2021 19:21:27.642 CEST
Begin processing the 21st record. Run 1, Event 521, LumiSection 11 on stream 3 at 13-Jun-2021 19:21:29.665 CEST
Begin processing the 22nd record. Run 1, Event 522, LumiSection 11 on stream 2 at 13-Jun-2021 19:21:48.136 CEST
Begin processing the 23rd record. Run 1, Event 523, LumiSection 11 on stream 0 at 13-Jun-2021 19:21:57.236 CEST
Begin processing the 24th record. Run 1, Event 524, LumiSection 11 on stream 1 at 13-Jun-2021 19:21:59.348 CEST
Begin processing the 25th record. Run 1, Event 525, LumiSection 11 on stream 3 at 13-Jun-2021 19:22:08.569 CEST
Begin processing the 26th record. Run 1, Event 526, LumiSection 11 on stream 1 at 13-Jun-2021 19:22:23.296 CEST
Begin processing the 27th record. Run 1, Event 527, LumiSection 11 on stream 3 at 13-Jun-2021 19:22:37.941 CEST
Begin processing the 28th record. Run 1, Event 528, LumiSection 11 on stream 2 at 13-Jun-2021 19:22:39.213 CEST
Begin processing the 29th record. Run 1, Event 529, LumiSection 11 on stream 1 at 13-Jun-2021 19:22:42.529 CEST
Begin processing the 30th record. Run 1, Event 530, LumiSection 11 on stream 0 at 13-Jun-2021 19:22:49.527 CEST
Begin processing the 31st record. Run 1, Event 531, LumiSection 11 on stream 2 at 13-Jun-2021 19:22:56.246 CEST
Begin processing the 32nd record. Run 1, Event 532, LumiSection 11 on stream 3 at 13-Jun-2021 19:23:27.137 CEST
Begin processing the 33rd record. Run 1, Event 533, LumiSection 11 on stream 1 at 13-Jun-2021 19:23:29.990 CEST
Begin processing the 34th record. Run 1, Event 534, LumiSection 11 on stream 0 at 13-Jun-2021 19:23:38.696 CEST
Begin processing the 35th record. Run 1, Event 535, LumiSection 11 on stream 2 at 13-Jun-2021 19:23:48.171 CEST
Begin processing the 36th record. Run 1, Event 536, LumiSection 11 on stream 1 at 13-Jun-2021 19:23:52.298 CEST
Begin processing the 37th record. Run 1, Event 537, LumiSection 11 on stream 2 at 13-Jun-2021 19:23:59.658 CEST
Begin processing the 38th record. Run 1, Event 538, LumiSection 11 on stream 3 at 13-Jun-2021 19:24:02.030 CEST
Begin processing the 39th record. Run 1, Event 539, LumiSection 11 on stream 3 at 13-Jun-2021 19:24:28.759 CEST
Begin processing the 40th record. Run 1, Event 540, LumiSection 11 on stream 0 at 13-Jun-2021 19:24:33.613 CEST
Begin processing the 41st record. Run 1, Event 541, LumiSection 11 on stream 1 at 13-Jun-2021 19:24:35.378 CEST
Begin processing the 42nd record. Run 1, Event 542, LumiSection 11 on stream 2 at 13-Jun-2021 19:24:37.186 CEST
Begin processing the 43rd record. Run 1, Event 543, LumiSection 11 on stream 0 at 13-Jun-2021 19:24:46.347 CEST
Begin processing the 44th record. Run 1, Event 544, LumiSection 11 on stream 0 at 13-Jun-2021 19:24:53.489 CEST
Begin processing the 45th record. Run 1, Event 545, LumiSection 11 on stream 2 at 13-Jun-2021 19:25:00.224 CEST
Begin processing the 46th record. Run 1, Event 546, LumiSection 11 on stream 1 at 13-Jun-2021 19:25:09.534 CEST
Begin processing the 47th record. Run 1, Event 547, LumiSection 11 on stream 0 at 13-Jun-2021 19:25:14.335 CEST
Begin processing the 48th record. Run 1, Event 548, LumiSection 11 on stream 0 at 13-Jun-2021 19:25:18.921 CEST
Begin processing the 49th record. Run 1, Event 549, LumiSection 11 on stream 3 at 13-Jun-2021 19:25:28.181 CEST
Begin processing the 50th record. Run 1, Event 550, LumiSection 11 on stream 0 at 13-Jun-2021 19:25:29.303 CEST
13-Jun-2021 19:26:04 CEST  Closed file file:/eos/cms/store/user/tsarkar/wgen_Vector_MonoZLL_NLO_Mphi-500_Mchi-150_gSM-0p25_gDM-1p0_ctau10p0/RunIISummer20UL17_wmLHEGEN/210607_154228/0000/step_wgen_11.root

=============================================

MessageLogger Summary

 type     category        sev    module        subroutine        count    total
 ---- -------------------- -- ---------------- ----------------  -----    -----
    1 fileAction           -s file_close                             1        1
    2 fileAction           -s file_open                              2        2

 type    category    Examples: run/evt        run/evt          run/evt
 ---- -------------------- ---------------- ---------------- ----------------
    1 fileAction           End Run: 1                        
    2 fileAction           pre-events       pre-events       

Severity    # Occurrences   Total Occurrences
--------    -------------   -----------------
System                  3                   3

dropped waiting message count 0
