000 (7304681.000.000) 06/13 19:12:55 Job submitted from host: <137.138.44.75:9618?addrs=137.138.44.75-9618+[2001-1458-d00-1a--b]-9618&alias=bigbird14.cern.ch&noUDP&sock=schedd_3149486_02ef>
...
040 (7304681.000.000) 06/13 19:13:47 Started transferring input files
	Transferring to host: <188.184.213.251:9618?addrs=188.184.213.251-9618+[2001-1458-301-10c--100-4bf]-9618&alias=b7g24n1539.cern.ch&noUDP&sock=slot1_6_16865_ab07_39173>
...
040 (7304681.000.000) 06/13 19:13:47 Finished transferring input files
...
001 (7304681.000.000) 06/13 19:13:48 Job executing on host: <188.184.213.251:9618?addrs=188.184.213.251-9618+[2001-1458-301-10c--100-4bf]-9618&alias=b7g24n1539.cern.ch&noUDP&sock=startd_16719_6bfe>
...
006 (7304681.000.000) 06/13 19:13:57 Image size of job updated: 419716
	73  -  MemoryUsage of job (MB)
	74116  -  ResidentSetSize of job (KB)
...
006 (7304681.000.000) 06/13 19:18:58 Image size of job updated: 1574376
	638  -  MemoryUsage of job (MB)
	653296  -  ResidentSetSize of job (KB)
...
006 (7304681.000.000) 06/13 19:23:58 Image size of job updated: 1603048
	653  -  MemoryUsage of job (MB)
	668484  -  ResidentSetSize of job (KB)
...
006 (7304681.000.000) 06/13 19:28:47 Image size of job updated: 1758712
	653  -  MemoryUsage of job (MB)
	668484  -  ResidentSetSize of job (KB)
...
040 (7304681.000.000) 06/13 19:28:47 Started transferring output files
...
040 (7304681.000.000) 06/13 19:28:48 Finished transferring output files
...
005 (7304681.000.000) 06/13 19:28:48 Job terminated.
	(1) Normal termination (return value 0)
		Usr 0 00:33:02, Sys 0 00:00:12  -  Run Remote Usage
		Usr 0 00:00:00, Sys 0 00:00:00  -  Run Local Usage
		Usr 0 00:33:02, Sys 0 00:00:12  -  Total Remote Usage
		Usr 0 00:00:00, Sys 0 00:00:00  -  Total Local Usage
	12857  -  Run Bytes Sent By Job
	422  -  Run Bytes Received By Job
	12857  -  Total Bytes Sent By Job
	422  -  Total Bytes Received By Job
	Partitionable Resources :    Usage  Request Allocated 
	   Cpus                 :     2.39        1         1 
	   Disk (KB)            :    34           1    329703 
	   Memory (MB)          :   653        2000      2000 

	Job terminated of its own accord at 2021-06-13T17:28:47Z.
...
