%MSG-i ThreadStreamSetup:  (NoModuleName) 13-Jun-2021 19:13:25 CEST pre-events
setting # threads 4
setting # streams 4
%MSG
13-Jun-2021 19:13:39 CEST  Initiating request to open file file:/eos/cms/store/user/tsarkar/wgen_Vector_MonoZLL_NLO_Mphi-500_Mchi-150_gSM-0p25_gDM-1p0_ctau10p0/RunIISummer20UL17_wmLHEGEN/210607_154228/0000/step_wgen_2.root
13-Jun-2021 19:13:41 CEST  Successfully opened file file:/eos/cms/store/user/tsarkar/wgen_Vector_MonoZLL_NLO_Mphi-500_Mchi-150_gSM-0p25_gDM-1p0_ctau10p0/RunIISummer20UL17_wmLHEGEN/210607_154228/0000/step_wgen_2.root
Begin processing the 1st record. Run 1, Event 51, LumiSection 2 on stream 0 at 13-Jun-2021 19:14:58.496 CEST
Begin processing the 2nd record. Run 1, Event 52, LumiSection 2 on stream 3 at 13-Jun-2021 19:14:58.497 CEST
Begin processing the 3rd record. Run 1, Event 53, LumiSection 2 on stream 1 at 13-Jun-2021 19:14:58.497 CEST
Begin processing the 4th record. Run 1, Event 54, LumiSection 2 on stream 2 at 13-Jun-2021 19:14:58.497 CEST
Begin processing the 5th record. Run 1, Event 55, LumiSection 2 on stream 0 at 13-Jun-2021 19:15:38.581 CEST
Begin processing the 6th record. Run 1, Event 56, LumiSection 2 on stream 1 at 13-Jun-2021 19:15:43.844 CEST
Begin processing the 7th record. Run 1, Event 57, LumiSection 2 on stream 2 at 13-Jun-2021 19:15:50.406 CEST
Begin processing the 8th record. Run 1, Event 58, LumiSection 2 on stream 3 at 13-Jun-2021 19:16:41.676 CEST
Begin processing the 9th record. Run 1, Event 59, LumiSection 2 on stream 2 at 13-Jun-2021 19:16:48.347 CEST
Begin processing the 10th record. Run 1, Event 60, LumiSection 2 on stream 1 at 13-Jun-2021 19:17:02.325 CEST
Begin processing the 11th record. Run 1, Event 61, LumiSection 2 on stream 0 at 13-Jun-2021 19:17:26.552 CEST
Begin processing the 12th record. Run 1, Event 62, LumiSection 2 on stream 3 at 13-Jun-2021 19:17:28.121 CEST
Begin processing the 13th record. Run 1, Event 63, LumiSection 2 on stream 3 at 13-Jun-2021 19:18:01.396 CEST
Begin processing the 14th record. Run 1, Event 64, LumiSection 2 on stream 2 at 13-Jun-2021 19:18:10.801 CEST
Begin processing the 15th record. Run 1, Event 65, LumiSection 2 on stream 1 at 13-Jun-2021 19:18:44.406 CEST
Begin processing the 16th record. Run 1, Event 66, LumiSection 2 on stream 2 at 13-Jun-2021 19:18:54.726 CEST
Begin processing the 17th record. Run 1, Event 67, LumiSection 2 on stream 2 at 13-Jun-2021 19:19:21.246 CEST
Begin processing the 18th record. Run 1, Event 68, LumiSection 2 on stream 0 at 13-Jun-2021 19:19:46.804 CEST
Begin processing the 19th record. Run 1, Event 69, LumiSection 2 on stream 1 at 13-Jun-2021 19:19:52.887 CEST
Begin processing the 20th record. Run 1, Event 70, LumiSection 2 on stream 3 at 13-Jun-2021 19:20:38.039 CEST
Begin processing the 21st record. Run 1, Event 71, LumiSection 2 on stream 2 at 13-Jun-2021 19:20:41.506 CEST
Begin processing the 22nd record. Run 1, Event 72, LumiSection 2 on stream 1 at 13-Jun-2021 19:20:55.075 CEST
Begin processing the 23rd record. Run 1, Event 73, LumiSection 2 on stream 3 at 13-Jun-2021 19:21:08.129 CEST
Begin processing the 24th record. Run 1, Event 74, LumiSection 2 on stream 1 at 13-Jun-2021 19:21:10.984 CEST
Begin processing the 25th record. Run 1, Event 75, LumiSection 2 on stream 0 at 13-Jun-2021 19:21:19.287 CEST
Begin processing the 26th record. Run 1, Event 76, LumiSection 2 on stream 2 at 13-Jun-2021 19:21:26.221 CEST
Begin processing the 27th record. Run 1, Event 77, LumiSection 2 on stream 1 at 13-Jun-2021 19:21:56.358 CEST
Begin processing the 28th record. Run 1, Event 78, LumiSection 2 on stream 2 at 13-Jun-2021 19:22:07.245 CEST
Begin processing the 29th record. Run 1, Event 79, LumiSection 2 on stream 0 at 13-Jun-2021 19:22:07.655 CEST
Begin processing the 30th record. Run 1, Event 80, LumiSection 2 on stream 3 at 13-Jun-2021 19:22:08.619 CEST
Begin processing the 31st record. Run 1, Event 81, LumiSection 2 on stream 1 at 13-Jun-2021 19:22:12.146 CEST
Begin processing the 32nd record. Run 1, Event 82, LumiSection 2 on stream 2 at 13-Jun-2021 19:22:40.693 CEST
Begin processing the 33rd record. Run 1, Event 83, LumiSection 2 on stream 0 at 13-Jun-2021 19:22:50.901 CEST
Begin processing the 34th record. Run 1, Event 84, LumiSection 2 on stream 3 at 13-Jun-2021 19:22:52.445 CEST
Begin processing the 35th record. Run 1, Event 85, LumiSection 2 on stream 2 at 13-Jun-2021 19:23:21.410 CEST
Begin processing the 36th record. Run 1, Event 86, LumiSection 2 on stream 1 at 13-Jun-2021 19:23:29.032 CEST
Begin processing the 37th record. Run 1, Event 87, LumiSection 2 on stream 0 at 13-Jun-2021 19:23:44.215 CEST
Begin processing the 38th record. Run 1, Event 88, LumiSection 2 on stream 3 at 13-Jun-2021 19:24:04.117 CEST
Begin processing the 39th record. Run 1, Event 89, LumiSection 2 on stream 1 at 13-Jun-2021 19:24:08.132 CEST
Begin processing the 40th record. Run 1, Event 90, LumiSection 2 on stream 0 at 13-Jun-2021 19:24:18.107 CEST
Begin processing the 41st record. Run 1, Event 91, LumiSection 2 on stream 2 at 13-Jun-2021 19:24:21.378 CEST
Begin processing the 42nd record. Run 1, Event 92, LumiSection 2 on stream 1 at 13-Jun-2021 19:24:22.998 CEST
Begin processing the 43rd record. Run 1, Event 93, LumiSection 2 on stream 3 at 13-Jun-2021 19:24:34.989 CEST
Begin processing the 44th record. Run 1, Event 94, LumiSection 2 on stream 0 at 13-Jun-2021 19:24:38.928 CEST
Begin processing the 45th record. Run 1, Event 95, LumiSection 2 on stream 2 at 13-Jun-2021 19:24:57.660 CEST
Begin processing the 46th record. Run 1, Event 96, LumiSection 2 on stream 0 at 13-Jun-2021 19:24:58.582 CEST
Begin processing the 47th record. Run 1, Event 97, LumiSection 2 on stream 3 at 13-Jun-2021 19:25:14.327 CEST
Begin processing the 48th record. Run 1, Event 98, LumiSection 2 on stream 1 at 13-Jun-2021 19:25:16.017 CEST
Begin processing the 49th record. Run 1, Event 99, LumiSection 2 on stream 0 at 13-Jun-2021 19:25:34.652 CEST
Begin processing the 50th record. Run 1, Event 100, LumiSection 2 on stream 3 at 13-Jun-2021 19:25:49.195 CEST
13-Jun-2021 19:26:28 CEST  Closed file file:/eos/cms/store/user/tsarkar/wgen_Vector_MonoZLL_NLO_Mphi-500_Mchi-150_gSM-0p25_gDM-1p0_ctau10p0/RunIISummer20UL17_wmLHEGEN/210607_154228/0000/step_wgen_2.root

=============================================

MessageLogger Summary

 type     category        sev    module        subroutine        count    total
 ---- -------------------- -- ---------------- ----------------  -----    -----
    1 fileAction           -s file_close                             1        1
    2 fileAction           -s file_open                              2        2

 type    category    Examples: run/evt        run/evt          run/evt
 ---- -------------------- ---------------- ---------------- ----------------
    1 fileAction           PostGlobalEndRun                  
    2 fileAction           pre-events       pre-events       

Severity    # Occurrences   Total Occurrences
--------    -------------   -----------------
System                  3                   3

dropped waiting message count 1752
