%MSG-i ThreadStreamSetup:  (NoModuleName) 13-Jun-2021 19:13:23 CEST pre-events
setting # threads 4
setting # streams 4
%MSG
13-Jun-2021 19:13:35 CEST  Initiating request to open file file:/eos/cms/store/user/tsarkar/wgen_Vector_MonoZLL_NLO_Mphi-500_Mchi-150_gSM-0p25_gDM-1p0_ctau10p0/RunIISummer20UL17_wmLHEGEN/210607_154228/0000/step_wgen_1.root
13-Jun-2021 19:13:38 CEST  Successfully opened file file:/eos/cms/store/user/tsarkar/wgen_Vector_MonoZLL_NLO_Mphi-500_Mchi-150_gSM-0p25_gDM-1p0_ctau10p0/RunIISummer20UL17_wmLHEGEN/210607_154228/0000/step_wgen_1.root
Begin processing the 1st record. Run 1, Event 1, LumiSection 1 on stream 2 at 13-Jun-2021 19:14:40.429 CEST
Begin processing the 2nd record. Run 1, Event 2, LumiSection 1 on stream 0 at 13-Jun-2021 19:14:40.430 CEST
Begin processing the 3rd record. Run 1, Event 3, LumiSection 1 on stream 1 at 13-Jun-2021 19:14:40.454 CEST
Begin processing the 4th record. Run 1, Event 4, LumiSection 1 on stream 3 at 13-Jun-2021 19:14:40.454 CEST
Begin processing the 5th record. Run 1, Event 5, LumiSection 1 on stream 0 at 13-Jun-2021 19:14:58.652 CEST
Begin processing the 6th record. Run 1, Event 6, LumiSection 1 on stream 3 at 13-Jun-2021 19:15:22.386 CEST
Begin processing the 7th record. Run 1, Event 7, LumiSection 1 on stream 2 at 13-Jun-2021 19:15:23.327 CEST
Begin processing the 8th record. Run 1, Event 8, LumiSection 1 on stream 0 at 13-Jun-2021 19:15:27.726 CEST
Begin processing the 9th record. Run 1, Event 9, LumiSection 1 on stream 1 at 13-Jun-2021 19:15:38.128 CEST
Begin processing the 10th record. Run 1, Event 10, LumiSection 1 on stream 0 at 13-Jun-2021 19:15:38.514 CEST
Begin processing the 11th record. Run 1, Event 11, LumiSection 1 on stream 1 at 13-Jun-2021 19:16:00.413 CEST
Begin processing the 12th record. Run 1, Event 12, LumiSection 1 on stream 0 at 13-Jun-2021 19:16:08.350 CEST
Begin processing the 13th record. Run 1, Event 13, LumiSection 1 on stream 3 at 13-Jun-2021 19:16:25.260 CEST
Begin processing the 14th record. Run 1, Event 14, LumiSection 1 on stream 2 at 13-Jun-2021 19:16:25.734 CEST
Begin processing the 15th record. Run 1, Event 15, LumiSection 1 on stream 1 at 13-Jun-2021 19:16:37.244 CEST
Begin processing the 16th record. Run 1, Event 16, LumiSection 1 on stream 2 at 13-Jun-2021 19:17:03.393 CEST
Begin processing the 17th record. Run 1, Event 17, LumiSection 1 on stream 0 at 13-Jun-2021 19:17:10.958 CEST
Begin processing the 18th record. Run 1, Event 18, LumiSection 1 on stream 2 at 13-Jun-2021 19:17:21.138 CEST
Begin processing the 19th record. Run 1, Event 19, LumiSection 1 on stream 1 at 13-Jun-2021 19:17:22.371 CEST
Begin processing the 20th record. Run 1, Event 20, LumiSection 1 on stream 3 at 13-Jun-2021 19:17:25.254 CEST
Begin processing the 21st record. Run 1, Event 21, LumiSection 1 on stream 2 at 13-Jun-2021 19:17:36.839 CEST
Begin processing the 22nd record. Run 1, Event 22, LumiSection 1 on stream 3 at 13-Jun-2021 19:18:03.219 CEST
Begin processing the 23rd record. Run 1, Event 23, LumiSection 1 on stream 0 at 13-Jun-2021 19:18:06.245 CEST
Begin processing the 24th record. Run 1, Event 24, LumiSection 1 on stream 1 at 13-Jun-2021 19:18:06.828 CEST
Begin processing the 25th record. Run 1, Event 25, LumiSection 1 on stream 3 at 13-Jun-2021 19:18:27.498 CEST
Begin processing the 26th record. Run 1, Event 26, LumiSection 1 on stream 1 at 13-Jun-2021 19:18:28.690 CEST
Begin processing the 27th record. Run 1, Event 27, LumiSection 1 on stream 0 at 13-Jun-2021 19:18:31.000 CEST
Begin processing the 28th record. Run 1, Event 28, LumiSection 1 on stream 2 at 13-Jun-2021 19:18:44.080 CEST
Begin processing the 29th record. Run 1, Event 29, LumiSection 1 on stream 3 at 13-Jun-2021 19:18:50.389 CEST
Begin processing the 30th record. Run 1, Event 30, LumiSection 1 on stream 0 at 13-Jun-2021 19:19:17.152 CEST
Begin processing the 31st record. Run 1, Event 31, LumiSection 1 on stream 1 at 13-Jun-2021 19:19:27.155 CEST
Begin processing the 32nd record. Run 1, Event 32, LumiSection 1 on stream 3 at 13-Jun-2021 19:19:34.737 CEST
Begin processing the 33rd record. Run 1, Event 33, LumiSection 1 on stream 0 at 13-Jun-2021 19:19:48.651 CEST
Begin processing the 34th record. Run 1, Event 34, LumiSection 1 on stream 2 at 13-Jun-2021 19:19:54.237 CEST
Begin processing the 35th record. Run 1, Event 35, LumiSection 1 on stream 0 at 13-Jun-2021 19:20:13.117 CEST
Begin processing the 36th record. Run 1, Event 36, LumiSection 1 on stream 3 at 13-Jun-2021 19:20:16.403 CEST
Begin processing the 37th record. Run 1, Event 37, LumiSection 1 on stream 2 at 13-Jun-2021 19:20:17.410 CEST
Begin processing the 38th record. Run 1, Event 38, LumiSection 1 on stream 1 at 13-Jun-2021 19:20:25.742 CEST
Begin processing the 39th record. Run 1, Event 39, LumiSection 1 on stream 2 at 13-Jun-2021 19:20:28.595 CEST
Begin processing the 40th record. Run 1, Event 40, LumiSection 1 on stream 0 at 13-Jun-2021 19:20:36.025 CEST
Begin processing the 41st record. Run 1, Event 41, LumiSection 1 on stream 1 at 13-Jun-2021 19:20:46.267 CEST
Begin processing the 42nd record. Run 1, Event 42, LumiSection 1 on stream 2 at 13-Jun-2021 19:20:47.115 CEST
Begin processing the 43rd record. Run 1, Event 43, LumiSection 1 on stream 0 at 13-Jun-2021 19:21:05.625 CEST
Begin processing the 44th record. Run 1, Event 44, LumiSection 1 on stream 3 at 13-Jun-2021 19:21:06.588 CEST
Begin processing the 45th record. Run 1, Event 45, LumiSection 1 on stream 2 at 13-Jun-2021 19:21:12.901 CEST
Begin processing the 46th record. Run 1, Event 46, LumiSection 1 on stream 0 at 13-Jun-2021 19:21:15.740 CEST
Begin processing the 47th record. Run 1, Event 47, LumiSection 1 on stream 1 at 13-Jun-2021 19:21:20.681 CEST
Begin processing the 48th record. Run 1, Event 48, LumiSection 1 on stream 2 at 13-Jun-2021 19:21:41.961 CEST
Begin processing the 49th record. Run 1, Event 49, LumiSection 1 on stream 1 at 13-Jun-2021 19:21:43.529 CEST
Begin processing the 50th record. Run 1, Event 50, LumiSection 1 on stream 0 at 13-Jun-2021 19:21:52.172 CEST
13-Jun-2021 19:22:48 CEST  Closed file file:/eos/cms/store/user/tsarkar/wgen_Vector_MonoZLL_NLO_Mphi-500_Mchi-150_gSM-0p25_gDM-1p0_ctau10p0/RunIISummer20UL17_wmLHEGEN/210607_154228/0000/step_wgen_1.root

=============================================

MessageLogger Summary

 type     category        sev    module        subroutine        count    total
 ---- -------------------- -- ---------------- ----------------  -----    -----
    1 fileAction           -s file_close                             1        1
    2 fileAction           -s file_open                              2        2

 type    category    Examples: run/evt        run/evt          run/evt
 ---- -------------------- ---------------- ---------------- ----------------
    1 fileAction           End Run: 1                        
    2 fileAction           pre-events       pre-events       

Severity    # Occurrences   Total Occurrences
--------    -------------   -----------------
System                  3                   3

dropped waiting message count 0
