000 (7304694.000.000) 06/13 19:13:14 Job submitted from host: <137.138.44.75:9618?addrs=137.138.44.75-9618+[2001-1458-d00-1a--b]-9618&alias=bigbird14.cern.ch&noUDP&sock=schedd_3149486_02ef>
...
040 (7304694.000.000) 06/13 19:16:12 Started transferring input files
	Transferring to host: <137.138.51.217:9618?addrs=137.138.51.217-9618+[2001-1458-d00-25--1ec]-9618&alias=b7g40s8876.cern.ch&noUDP&sock=slot1_15_327_26a6_50895>
...
040 (7304694.000.000) 06/13 19:16:12 Finished transferring input files
...
001 (7304694.000.000) 06/13 19:16:13 Job executing on host: <137.138.51.217:9618?addrs=137.138.51.217-9618+[2001-1458-d00-25--1ec]-9618&alias=b7g40s8876.cern.ch&noUDP&sock=startd_4593_fe94>
...
006 (7304694.000.000) 06/13 19:16:21 Image size of job updated: 31304
	26  -  MemoryUsage of job (MB)
	26288  -  ResidentSetSize of job (KB)
...
006 (7304694.000.000) 06/13 19:21:21 Image size of job updated: 1556460
	635  -  MemoryUsage of job (MB)
	649884  -  ResidentSetSize of job (KB)
...
006 (7304694.000.000) 06/13 19:26:22 Image size of job updated: 1585132
	640  -  MemoryUsage of job (MB)
	654564  -  ResidentSetSize of job (KB)
...
006 (7304694.000.000) 06/13 19:29:53 Image size of job updated: 1667052
	640  -  MemoryUsage of job (MB)
	654568  -  ResidentSetSize of job (KB)
...
040 (7304694.000.000) 06/13 19:29:53 Started transferring output files
...
040 (7304694.000.000) 06/13 19:29:53 Finished transferring output files
...
005 (7304694.000.000) 06/13 19:29:53 Job terminated.
	(1) Normal termination (return value 0)
		Usr 0 00:28:08, Sys 0 00:00:09  -  Run Remote Usage
		Usr 0 00:00:00, Sys 0 00:00:00  -  Run Local Usage
		Usr 0 00:28:08, Sys 0 00:00:09  -  Total Remote Usage
		Usr 0 00:00:00, Sys 0 00:00:00  -  Total Local Usage
	12912  -  Run Bytes Sent By Job
	423  -  Run Bytes Received By Job
	12912  -  Total Bytes Sent By Job
	423  -  Total Bytes Received By Job
	Partitionable Resources :    Usage  Request Allocated 
	   Cpus                 :     1.83        1         1 
	   Disk (KB)            :    33           1    320150 
	   Memory (MB)          :   640        2000      2000 

	Job terminated of its own accord at 2021-06-13T17:29:53Z.
...
