%MSG-i ThreadStreamSetup:  (NoModuleName) 13-Jun-2021 19:16:23 CEST pre-events
setting # threads 4
setting # streams 4
%MSG
13-Jun-2021 19:16:37 CEST  Initiating request to open file file:/eos/cms/store/user/tsarkar/wgen_Vector_MonoZLL_NLO_Mphi-500_Mchi-150_gSM-0p25_gDM-1p0_ctau10p0/RunIISummer20UL17_wmLHEGEN/210607_154228/0000/step_wgen_16.root
13-Jun-2021 19:16:40 CEST  Successfully opened file file:/eos/cms/store/user/tsarkar/wgen_Vector_MonoZLL_NLO_Mphi-500_Mchi-150_gSM-0p25_gDM-1p0_ctau10p0/RunIISummer20UL17_wmLHEGEN/210607_154228/0000/step_wgen_16.root
Begin processing the 1st record. Run 1, Event 751, LumiSection 16 on stream 0 at 13-Jun-2021 19:17:45.816 CEST
Begin processing the 2nd record. Run 1, Event 752, LumiSection 16 on stream 2 at 13-Jun-2021 19:17:45.816 CEST
Begin processing the 3rd record. Run 1, Event 753, LumiSection 16 on stream 3 at 13-Jun-2021 19:17:45.816 CEST
Begin processing the 4th record. Run 1, Event 754, LumiSection 16 on stream 1 at 13-Jun-2021 19:17:45.816 CEST
Begin processing the 5th record. Run 1, Event 755, LumiSection 16 on stream 0 at 13-Jun-2021 19:18:11.625 CEST
Begin processing the 6th record. Run 1, Event 756, LumiSection 16 on stream 1 at 13-Jun-2021 19:18:12.124 CEST
Begin processing the 7th record. Run 1, Event 757, LumiSection 16 on stream 3 at 13-Jun-2021 19:18:31.469 CEST
Begin processing the 8th record. Run 1, Event 758, LumiSection 16 on stream 2 at 13-Jun-2021 19:18:39.175 CEST
Begin processing the 9th record. Run 1, Event 759, LumiSection 16 on stream 0 at 13-Jun-2021 19:18:46.262 CEST
Begin processing the 10th record. Run 1, Event 760, LumiSection 16 on stream 1 at 13-Jun-2021 19:18:54.047 CEST
Begin processing the 11th record. Run 1, Event 761, LumiSection 16 on stream 0 at 13-Jun-2021 19:18:57.872 CEST
Begin processing the 12th record. Run 1, Event 762, LumiSection 16 on stream 1 at 13-Jun-2021 19:19:15.794 CEST
Begin processing the 13th record. Run 1, Event 763, LumiSection 16 on stream 0 at 13-Jun-2021 19:19:18.517 CEST
Begin processing the 14th record. Run 1, Event 764, LumiSection 16 on stream 2 at 13-Jun-2021 19:19:20.524 CEST
Begin processing the 15th record. Run 1, Event 765, LumiSection 16 on stream 3 at 13-Jun-2021 19:19:36.526 CEST
Begin processing the 16th record. Run 1, Event 766, LumiSection 16 on stream 1 at 13-Jun-2021 19:19:48.073 CEST
Begin processing the 17th record. Run 1, Event 767, LumiSection 16 on stream 0 at 13-Jun-2021 19:19:56.589 CEST
Begin processing the 18th record. Run 1, Event 768, LumiSection 16 on stream 2 at 13-Jun-2021 19:20:02.623 CEST
Begin processing the 19th record. Run 1, Event 769, LumiSection 16 on stream 3 at 13-Jun-2021 19:20:17.703 CEST
Begin processing the 20th record. Run 1, Event 770, LumiSection 16 on stream 1 at 13-Jun-2021 19:20:23.666 CEST
Begin processing the 21st record. Run 1, Event 771, LumiSection 16 on stream 0 at 13-Jun-2021 19:20:25.027 CEST
Begin processing the 22nd record. Run 1, Event 772, LumiSection 16 on stream 2 at 13-Jun-2021 19:20:32.768 CEST
Begin processing the 23rd record. Run 1, Event 773, LumiSection 16 on stream 3 at 13-Jun-2021 19:20:47.603 CEST
Begin processing the 24th record. Run 1, Event 774, LumiSection 16 on stream 0 at 13-Jun-2021 19:20:49.145 CEST
Begin processing the 25th record. Run 1, Event 775, LumiSection 16 on stream 1 at 13-Jun-2021 19:21:00.372 CEST
Begin processing the 26th record. Run 1, Event 776, LumiSection 16 on stream 2 at 13-Jun-2021 19:21:15.918 CEST
Begin processing the 27th record. Run 1, Event 777, LumiSection 16 on stream 0 at 13-Jun-2021 19:21:26.115 CEST
Begin processing the 28th record. Run 1, Event 778, LumiSection 16 on stream 1 at 13-Jun-2021 19:21:33.638 CEST
Begin processing the 29th record. Run 1, Event 779, LumiSection 16 on stream 3 at 13-Jun-2021 19:21:34.168 CEST
Begin processing the 30th record. Run 1, Event 780, LumiSection 16 on stream 2 at 13-Jun-2021 19:21:48.987 CEST
Begin processing the 31st record. Run 1, Event 781, LumiSection 16 on stream 0 at 13-Jun-2021 19:21:51.280 CEST
Begin processing the 32nd record. Run 1, Event 782, LumiSection 16 on stream 1 at 13-Jun-2021 19:22:09.624 CEST
Begin processing the 33rd record. Run 1, Event 783, LumiSection 16 on stream 3 at 13-Jun-2021 19:22:12.616 CEST
Begin processing the 34th record. Run 1, Event 784, LumiSection 16 on stream 2 at 13-Jun-2021 19:22:14.289 CEST
Begin processing the 35th record. Run 1, Event 785, LumiSection 16 on stream 0 at 13-Jun-2021 19:22:20.815 CEST
Begin processing the 36th record. Run 1, Event 786, LumiSection 16 on stream 3 at 13-Jun-2021 19:22:30.109 CEST
Begin processing the 37th record. Run 1, Event 787, LumiSection 16 on stream 1 at 13-Jun-2021 19:22:39.345 CEST
Begin processing the 38th record. Run 1, Event 788, LumiSection 16 on stream 2 at 13-Jun-2021 19:22:39.632 CEST
Begin processing the 39th record. Run 1, Event 789, LumiSection 16 on stream 3 at 13-Jun-2021 19:22:52.312 CEST
Begin processing the 40th record. Run 1, Event 790, LumiSection 16 on stream 3 at 13-Jun-2021 19:23:01.480 CEST
Begin processing the 41st record. Run 1, Event 791, LumiSection 16 on stream 1 at 13-Jun-2021 19:23:09.606 CEST
Begin processing the 42nd record. Run 1, Event 792, LumiSection 16 on stream 0 at 13-Jun-2021 19:23:14.875 CEST
Begin processing the 43rd record. Run 1, Event 793, LumiSection 16 on stream 2 at 13-Jun-2021 19:23:17.531 CEST
Begin processing the 44th record. Run 1, Event 794, LumiSection 16 on stream 1 at 13-Jun-2021 19:23:44.084 CEST
Begin processing the 45th record. Run 1, Event 795, LumiSection 16 on stream 2 at 13-Jun-2021 19:23:44.406 CEST
Begin processing the 46th record. Run 1, Event 796, LumiSection 16 on stream 0 at 13-Jun-2021 19:23:46.492 CEST
Begin processing the 47th record. Run 1, Event 797, LumiSection 16 on stream 3 at 13-Jun-2021 19:23:50.217 CEST
Begin processing the 48th record. Run 1, Event 798, LumiSection 16 on stream 1 at 13-Jun-2021 19:24:05.398 CEST
Begin processing the 49th record. Run 1, Event 799, LumiSection 16 on stream 2 at 13-Jun-2021 19:24:19.328 CEST
Begin processing the 50th record. Run 1, Event 800, LumiSection 16 on stream 0 at 13-Jun-2021 19:24:30.321 CEST
13-Jun-2021 19:25:03 CEST  Closed file file:/eos/cms/store/user/tsarkar/wgen_Vector_MonoZLL_NLO_Mphi-500_Mchi-150_gSM-0p25_gDM-1p0_ctau10p0/RunIISummer20UL17_wmLHEGEN/210607_154228/0000/step_wgen_16.root

=============================================

MessageLogger Summary

 type     category        sev    module        subroutine        count    total
 ---- -------------------- -- ---------------- ----------------  -----    -----
    1 fileAction           -s file_close                             1        1
    2 fileAction           -s file_open                              2        2

 type    category    Examples: run/evt        run/evt          run/evt
 ---- -------------------- ---------------- ---------------- ----------------
    1 fileAction           PostGlobalEndRun                  
    2 fileAction           pre-events       pre-events       

Severity    # Occurrences   Total Occurrences
--------    -------------   -----------------
System                  3                   3

dropped waiting message count 0
