%MSG-i ThreadStreamSetup:  (NoModuleName) 13-Jun-2021 19:16:43 CEST pre-events
setting # threads 4
setting # streams 4
%MSG
13-Jun-2021 19:16:49 CEST  Initiating request to open file file:/eos/cms/store/user/tsarkar/wgen_Vector_MonoZLL_NLO_Mphi-500_Mchi-150_gSM-0p25_gDM-1p0_ctau10p0/RunIISummer20UL17_wmLHEGEN/210607_154228/0000/step_wgen_18.root
13-Jun-2021 19:16:50 CEST  Successfully opened file file:/eos/cms/store/user/tsarkar/wgen_Vector_MonoZLL_NLO_Mphi-500_Mchi-150_gSM-0p25_gDM-1p0_ctau10p0/RunIISummer20UL17_wmLHEGEN/210607_154228/0000/step_wgen_18.root
Begin processing the 1st record. Run 1, Event 851, LumiSection 18 on stream 0 at 13-Jun-2021 19:17:54.560 CEST
Begin processing the 2nd record. Run 1, Event 852, LumiSection 18 on stream 2 at 13-Jun-2021 19:17:54.561 CEST
Begin processing the 3rd record. Run 1, Event 853, LumiSection 18 on stream 3 at 13-Jun-2021 19:17:54.561 CEST
Begin processing the 4th record. Run 1, Event 854, LumiSection 18 on stream 1 at 13-Jun-2021 19:17:54.561 CEST
Begin processing the 5th record. Run 1, Event 855, LumiSection 18 on stream 3 at 13-Jun-2021 19:18:39.044 CEST
Begin processing the 6th record. Run 1, Event 856, LumiSection 18 on stream 0 at 13-Jun-2021 19:18:52.583 CEST
Begin processing the 7th record. Run 1, Event 857, LumiSection 18 on stream 2 at 13-Jun-2021 19:19:06.657 CEST
Begin processing the 8th record. Run 1, Event 858, LumiSection 18 on stream 3 at 13-Jun-2021 19:19:23.300 CEST
Begin processing the 9th record. Run 1, Event 859, LumiSection 18 on stream 2 at 13-Jun-2021 19:19:42.184 CEST
Begin processing the 10th record. Run 1, Event 860, LumiSection 18 on stream 1 at 13-Jun-2021 19:19:44.638 CEST
Begin processing the 11th record. Run 1, Event 861, LumiSection 18 on stream 0 at 13-Jun-2021 19:20:04.841 CEST
Begin processing the 12th record. Run 1, Event 862, LumiSection 18 on stream 1 at 13-Jun-2021 19:20:20.909 CEST
Begin processing the 13th record. Run 1, Event 863, LumiSection 18 on stream 3 at 13-Jun-2021 19:20:56.403 CEST
Begin processing the 14th record. Run 1, Event 864, LumiSection 18 on stream 2 at 13-Jun-2021 19:20:59.568 CEST
Begin processing the 15th record. Run 1, Event 865, LumiSection 18 on stream 2 at 13-Jun-2021 19:21:12.673 CEST
Begin processing the 16th record. Run 1, Event 866, LumiSection 18 on stream 0 at 13-Jun-2021 19:21:33.564 CEST
Begin processing the 17th record. Run 1, Event 867, LumiSection 18 on stream 3 at 13-Jun-2021 19:21:35.042 CEST
Begin processing the 18th record. Run 1, Event 868, LumiSection 18 on stream 1 at 13-Jun-2021 19:21:37.367 CEST
Begin processing the 19th record. Run 1, Event 869, LumiSection 18 on stream 0 at 13-Jun-2021 19:22:04.205 CEST
Begin processing the 20th record. Run 1, Event 870, LumiSection 18 on stream 2 at 13-Jun-2021 19:22:14.833 CEST
Begin processing the 21st record. Run 1, Event 871, LumiSection 18 on stream 1 at 13-Jun-2021 19:22:29.315 CEST
Begin processing the 22nd record. Run 1, Event 872, LumiSection 18 on stream 3 at 13-Jun-2021 19:22:46.756 CEST
Begin processing the 23rd record. Run 1, Event 873, LumiSection 18 on stream 2 at 13-Jun-2021 19:23:00.661 CEST
Begin processing the 24th record. Run 1, Event 874, LumiSection 18 on stream 1 at 13-Jun-2021 19:23:24.178 CEST
Begin processing the 25th record. Run 1, Event 875, LumiSection 18 on stream 0 at 13-Jun-2021 19:23:36.579 CEST
Begin processing the 26th record. Run 1, Event 876, LumiSection 18 on stream 1 at 13-Jun-2021 19:24:21.936 CEST
Begin processing the 27th record. Run 1, Event 877, LumiSection 18 on stream 3 at 13-Jun-2021 19:24:25.240 CEST
Begin processing the 28th record. Run 1, Event 878, LumiSection 18 on stream 2 at 13-Jun-2021 19:24:35.872 CEST
Begin processing the 29th record. Run 1, Event 879, LumiSection 18 on stream 0 at 13-Jun-2021 19:24:54.724 CEST
Begin processing the 30th record. Run 1, Event 880, LumiSection 18 on stream 0 at 13-Jun-2021 19:25:06.270 CEST
Begin processing the 31st record. Run 1, Event 881, LumiSection 18 on stream 2 at 13-Jun-2021 19:25:16.192 CEST
Begin processing the 32nd record. Run 1, Event 882, LumiSection 18 on stream 3 at 13-Jun-2021 19:25:31.030 CEST
Begin processing the 33rd record. Run 1, Event 883, LumiSection 18 on stream 0 at 13-Jun-2021 19:25:41.628 CEST
Begin processing the 34th record. Run 1, Event 884, LumiSection 18 on stream 1 at 13-Jun-2021 19:25:58.292 CEST
Begin processing the 35th record. Run 1, Event 885, LumiSection 18 on stream 2 at 13-Jun-2021 19:26:26.738 CEST
Begin processing the 36th record. Run 1, Event 886, LumiSection 18 on stream 3 at 13-Jun-2021 19:26:41.113 CEST
Begin processing the 37th record. Run 1, Event 887, LumiSection 18 on stream 1 at 13-Jun-2021 19:26:47.577 CEST
Begin processing the 38th record. Run 1, Event 888, LumiSection 18 on stream 0 at 13-Jun-2021 19:27:00.498 CEST
Begin processing the 39th record. Run 1, Event 889, LumiSection 18 on stream 3 at 13-Jun-2021 19:27:05.048 CEST
Begin processing the 40th record. Run 1, Event 890, LumiSection 18 on stream 2 at 13-Jun-2021 19:27:25.486 CEST
Begin processing the 41st record. Run 1, Event 891, LumiSection 18 on stream 0 at 13-Jun-2021 19:27:37.252 CEST
Begin processing the 42nd record. Run 1, Event 892, LumiSection 18 on stream 3 at 13-Jun-2021 19:27:43.777 CEST
Begin processing the 43rd record. Run 1, Event 893, LumiSection 18 on stream 0 at 13-Jun-2021 19:28:03.310 CEST
Begin processing the 44th record. Run 1, Event 894, LumiSection 18 on stream 3 at 13-Jun-2021 19:28:03.316 CEST
Begin processing the 45th record. Run 1, Event 895, LumiSection 18 on stream 2 at 13-Jun-2021 19:28:19.072 CEST
Begin processing the 46th record. Run 1, Event 896, LumiSection 18 on stream 1 at 13-Jun-2021 19:28:30.981 CEST
Begin processing the 47th record. Run 1, Event 897, LumiSection 18 on stream 2 at 13-Jun-2021 19:28:47.488 CEST
Begin processing the 48th record. Run 1, Event 898, LumiSection 18 on stream 0 at 13-Jun-2021 19:28:48.147 CEST
Begin processing the 49th record. Run 1, Event 899, LumiSection 18 on stream 1 at 13-Jun-2021 19:28:52.292 CEST
Begin processing the 50th record. Run 1, Event 900, LumiSection 18 on stream 3 at 13-Jun-2021 19:28:55.485 CEST
13-Jun-2021 19:29:20 CEST  Closed file file:/eos/cms/store/user/tsarkar/wgen_Vector_MonoZLL_NLO_Mphi-500_Mchi-150_gSM-0p25_gDM-1p0_ctau10p0/RunIISummer20UL17_wmLHEGEN/210607_154228/0000/step_wgen_18.root

=============================================

MessageLogger Summary

 type     category        sev    module        subroutine        count    total
 ---- -------------------- -- ---------------- ----------------  -----    -----
    1 fileAction           -s file_close                             1        1
    2 fileAction           -s file_open                              2        2

 type    category    Examples: run/evt        run/evt          run/evt
 ---- -------------------- ---------------- ---------------- ----------------
    1 fileAction           PostGlobalEndRun                  
    2 fileAction           pre-events       pre-events       

Severity    # Occurrences   Total Occurrences
--------    -------------   -----------------
System                  3                   3

dropped waiting message count 0
