%MSG-i ThreadStreamSetup:  (NoModuleName) 13-Jun-2021 19:13:42 CEST pre-events
setting # threads 4
setting # streams 4
%MSG
13-Jun-2021 19:13:48 CEST  Initiating request to open file file:/eos/cms/store/user/tsarkar/wgen_Vector_MonoZLL_NLO_Mphi-500_Mchi-150_gSM-0p25_gDM-1p0_ctau10p0/RunIISummer20UL17_wmLHEGEN/210607_154228/0000/step_wgen_5.root
13-Jun-2021 19:13:51 CEST  Successfully opened file file:/eos/cms/store/user/tsarkar/wgen_Vector_MonoZLL_NLO_Mphi-500_Mchi-150_gSM-0p25_gDM-1p0_ctau10p0/RunIISummer20UL17_wmLHEGEN/210607_154228/0000/step_wgen_5.root
Begin processing the 1st record. Run 1, Event 201, LumiSection 5 on stream 3 at 13-Jun-2021 19:14:53.926 CEST
Begin processing the 2nd record. Run 1, Event 202, LumiSection 5 on stream 0 at 13-Jun-2021 19:14:53.926 CEST
Begin processing the 3rd record. Run 1, Event 203, LumiSection 5 on stream 2 at 13-Jun-2021 19:14:53.926 CEST
Begin processing the 4th record. Run 1, Event 204, LumiSection 5 on stream 1 at 13-Jun-2021 19:14:53.926 CEST
Begin processing the 5th record. Run 1, Event 205, LumiSection 5 on stream 1 at 13-Jun-2021 19:15:35.893 CEST
Begin processing the 6th record. Run 1, Event 206, LumiSection 5 on stream 3 at 13-Jun-2021 19:15:51.040 CEST
Begin processing the 7th record. Run 1, Event 207, LumiSection 5 on stream 2 at 13-Jun-2021 19:15:53.639 CEST
Begin processing the 8th record. Run 1, Event 208, LumiSection 5 on stream 1 at 13-Jun-2021 19:16:00.001 CEST
Begin processing the 9th record. Run 1, Event 209, LumiSection 5 on stream 0 at 13-Jun-2021 19:16:02.672 CEST
Begin processing the 10th record. Run 1, Event 210, LumiSection 5 on stream 3 at 13-Jun-2021 19:16:07.425 CEST
Begin processing the 11th record. Run 1, Event 211, LumiSection 5 on stream 0 at 13-Jun-2021 19:16:09.811 CEST
Begin processing the 12th record. Run 1, Event 212, LumiSection 5 on stream 2 at 13-Jun-2021 19:16:27.321 CEST
Begin processing the 13th record. Run 1, Event 213, LumiSection 5 on stream 0 at 13-Jun-2021 19:16:46.943 CEST
Begin processing the 14th record. Run 1, Event 214, LumiSection 5 on stream 3 at 13-Jun-2021 19:17:05.021 CEST
Begin processing the 15th record. Run 1, Event 215, LumiSection 5 on stream 0 at 13-Jun-2021 19:17:08.807 CEST
Begin processing the 16th record. Run 1, Event 216, LumiSection 5 on stream 2 at 13-Jun-2021 19:17:11.005 CEST
Begin processing the 17th record. Run 1, Event 217, LumiSection 5 on stream 1 at 13-Jun-2021 19:17:16.062 CEST
Begin processing the 18th record. Run 1, Event 218, LumiSection 5 on stream 3 at 13-Jun-2021 19:17:19.226 CEST
Begin processing the 19th record. Run 1, Event 219, LumiSection 5 on stream 3 at 13-Jun-2021 19:17:46.565 CEST
Begin processing the 20th record. Run 1, Event 220, LumiSection 5 on stream 0 at 13-Jun-2021 19:18:00.474 CEST
Begin processing the 21st record. Run 1, Event 221, LumiSection 5 on stream 2 at 13-Jun-2021 19:18:01.000 CEST
Begin processing the 22nd record. Run 1, Event 222, LumiSection 5 on stream 1 at 13-Jun-2021 19:18:01.458 CEST
Begin processing the 23rd record. Run 1, Event 223, LumiSection 5 on stream 0 at 13-Jun-2021 19:18:33.341 CEST
Begin processing the 24th record. Run 1, Event 224, LumiSection 5 on stream 3 at 13-Jun-2021 19:18:48.925 CEST
Begin processing the 25th record. Run 1, Event 225, LumiSection 5 on stream 2 at 13-Jun-2021 19:18:57.398 CEST
Begin processing the 26th record. Run 1, Event 226, LumiSection 5 on stream 3 at 13-Jun-2021 19:19:16.296 CEST
Begin processing the 27th record. Run 1, Event 227, LumiSection 5 on stream 1 at 13-Jun-2021 19:19:27.435 CEST
Begin processing the 28th record. Run 1, Event 228, LumiSection 5 on stream 2 at 13-Jun-2021 19:19:29.434 CEST
Begin processing the 29th record. Run 1, Event 229, LumiSection 5 on stream 0 at 13-Jun-2021 19:19:42.655 CEST
Begin processing the 30th record. Run 1, Event 230, LumiSection 5 on stream 3 at 13-Jun-2021 19:19:47.641 CEST
Begin processing the 31st record. Run 1, Event 231, LumiSection 5 on stream 1 at 13-Jun-2021 19:19:55.692 CEST
Begin processing the 32nd record. Run 1, Event 232, LumiSection 5 on stream 0 at 13-Jun-2021 19:20:03.627 CEST
Begin processing the 33rd record. Run 1, Event 233, LumiSection 5 on stream 3 at 13-Jun-2021 19:20:17.067 CEST
Begin processing the 34th record. Run 1, Event 234, LumiSection 5 on stream 1 at 13-Jun-2021 19:20:17.952 CEST
Begin processing the 35th record. Run 1, Event 235, LumiSection 5 on stream 2 at 13-Jun-2021 19:20:28.946 CEST
Begin processing the 36th record. Run 1, Event 236, LumiSection 5 on stream 3 at 13-Jun-2021 19:20:42.337 CEST
Begin processing the 37th record. Run 1, Event 237, LumiSection 5 on stream 1 at 13-Jun-2021 19:20:47.555 CEST
Begin processing the 38th record. Run 1, Event 238, LumiSection 5 on stream 0 at 13-Jun-2021 19:20:56.546 CEST
Begin processing the 39th record. Run 1, Event 239, LumiSection 5 on stream 1 at 13-Jun-2021 19:21:08.893 CEST
Begin processing the 40th record. Run 1, Event 240, LumiSection 5 on stream 2 at 13-Jun-2021 19:21:14.929 CEST
Begin processing the 41st record. Run 1, Event 241, LumiSection 5 on stream 3 at 13-Jun-2021 19:21:20.340 CEST
Begin processing the 42nd record. Run 1, Event 242, LumiSection 5 on stream 0 at 13-Jun-2021 19:21:47.807 CEST
Begin processing the 43rd record. Run 1, Event 243, LumiSection 5 on stream 0 at 13-Jun-2021 19:22:05.516 CEST
Begin processing the 44th record. Run 1, Event 244, LumiSection 5 on stream 3 at 13-Jun-2021 19:22:09.463 CEST
Begin processing the 45th record. Run 1, Event 245, LumiSection 5 on stream 1 at 13-Jun-2021 19:22:10.212 CEST
Begin processing the 46th record. Run 1, Event 246, LumiSection 5 on stream 2 at 13-Jun-2021 19:22:21.278 CEST
Begin processing the 47th record. Run 1, Event 247, LumiSection 5 on stream 0 at 13-Jun-2021 19:22:37.143 CEST
Begin processing the 48th record. Run 1, Event 248, LumiSection 5 on stream 3 at 13-Jun-2021 19:22:57.812 CEST
Begin processing the 49th record. Run 1, Event 249, LumiSection 5 on stream 0 at 13-Jun-2021 19:23:16.409 CEST
Begin processing the 50th record. Run 1, Event 250, LumiSection 5 on stream 2 at 13-Jun-2021 19:23:23.054 CEST
13-Jun-2021 19:24:36 CEST  Closed file file:/eos/cms/store/user/tsarkar/wgen_Vector_MonoZLL_NLO_Mphi-500_Mchi-150_gSM-0p25_gDM-1p0_ctau10p0/RunIISummer20UL17_wmLHEGEN/210607_154228/0000/step_wgen_5.root

=============================================

MessageLogger Summary

 type     category        sev    module        subroutine        count    total
 ---- -------------------- -- ---------------- ----------------  -----    -----
    1 fileAction           -s file_close                             1        1
    2 fileAction           -s file_open                              2        2

 type    category    Examples: run/evt        run/evt          run/evt
 ---- -------------------- ---------------- ---------------- ----------------
    1 fileAction           PostGlobalEndRun                  
    2 fileAction           pre-events       pre-events       

Severity    # Occurrences   Total Occurrences
--------    -------------   -----------------
System                  3                   3

dropped waiting message count 0
