%MSG-i ThreadStreamSetup:  (NoModuleName) 13-Jun-2021 19:13:22 CEST pre-events
setting # threads 4
setting # streams 4
%MSG
13-Jun-2021 19:13:36 CEST  Initiating request to open file file:/eos/cms/store/user/tsarkar/wgen_Vector_MonoZLL_NLO_Mphi-500_Mchi-150_gSM-0p25_gDM-1p0_ctau0p1/RunIISummer20UL17_wmLHEGEN/210607_153902/0000/step_wgen_2.root
13-Jun-2021 19:13:38 CEST  Successfully opened file file:/eos/cms/store/user/tsarkar/wgen_Vector_MonoZLL_NLO_Mphi-500_Mchi-150_gSM-0p25_gDM-1p0_ctau0p1/RunIISummer20UL17_wmLHEGEN/210607_153902/0000/step_wgen_2.root
Begin processing the 1st record. Run 1, Event 51, LumiSection 2 on stream 0 at 13-Jun-2021 19:14:31.739 CEST
Begin processing the 2nd record. Run 1, Event 52, LumiSection 2 on stream 3 at 13-Jun-2021 19:14:31.740 CEST
Begin processing the 3rd record. Run 1, Event 53, LumiSection 2 on stream 2 at 13-Jun-2021 19:14:31.740 CEST
Begin processing the 4th record. Run 1, Event 54, LumiSection 2 on stream 1 at 13-Jun-2021 19:14:31.740 CEST
Begin processing the 5th record. Run 1, Event 55, LumiSection 2 on stream 3 at 13-Jun-2021 19:14:57.167 CEST
Begin processing the 6th record. Run 1, Event 56, LumiSection 2 on stream 1 at 13-Jun-2021 19:15:17.734 CEST
Begin processing the 7th record. Run 1, Event 57, LumiSection 2 on stream 2 at 13-Jun-2021 19:15:39.028 CEST
Begin processing the 8th record. Run 1, Event 58, LumiSection 2 on stream 0 at 13-Jun-2021 19:15:41.016 CEST
Begin processing the 9th record. Run 1, Event 59, LumiSection 2 on stream 1 at 13-Jun-2021 19:15:42.200 CEST
Begin processing the 10th record. Run 1, Event 60, LumiSection 2 on stream 1 at 13-Jun-2021 19:15:50.595 CEST
Begin processing the 11th record. Run 1, Event 61, LumiSection 2 on stream 3 at 13-Jun-2021 19:15:57.627 CEST
Begin processing the 12th record. Run 1, Event 62, LumiSection 2 on stream 0 at 13-Jun-2021 19:16:04.667 CEST
Begin processing the 13th record. Run 1, Event 63, LumiSection 2 on stream 1 at 13-Jun-2021 19:16:16.148 CEST
Begin processing the 14th record. Run 1, Event 64, LumiSection 2 on stream 0 at 13-Jun-2021 19:16:29.580 CEST
Begin processing the 15th record. Run 1, Event 65, LumiSection 2 on stream 1 at 13-Jun-2021 19:16:31.994 CEST
Begin processing the 16th record. Run 1, Event 66, LumiSection 2 on stream 2 at 13-Jun-2021 19:16:59.344 CEST
Begin processing the 17th record. Run 1, Event 67, LumiSection 2 on stream 0 at 13-Jun-2021 19:16:59.771 CEST
Begin processing the 18th record. Run 1, Event 68, LumiSection 2 on stream 3 at 13-Jun-2021 19:17:02.020 CEST
Begin processing the 19th record. Run 1, Event 69, LumiSection 2 on stream 1 at 13-Jun-2021 19:17:06.219 CEST
Begin processing the 20th record. Run 1, Event 70, LumiSection 2 on stream 3 at 13-Jun-2021 19:17:27.151 CEST
Begin processing the 21st record. Run 1, Event 71, LumiSection 2 on stream 0 at 13-Jun-2021 19:17:29.379 CEST
Begin processing the 22nd record. Run 1, Event 72, LumiSection 2 on stream 2 at 13-Jun-2021 19:17:53.936 CEST
Begin processing the 23rd record. Run 1, Event 73, LumiSection 2 on stream 2 at 13-Jun-2021 19:18:17.109 CEST
Begin processing the 24th record. Run 1, Event 74, LumiSection 2 on stream 3 at 13-Jun-2021 19:18:17.579 CEST
Begin processing the 25th record. Run 1, Event 75, LumiSection 2 on stream 1 at 13-Jun-2021 19:18:34.723 CEST
Begin processing the 26th record. Run 1, Event 76, LumiSection 2 on stream 0 at 13-Jun-2021 19:18:45.863 CEST
Begin processing the 27th record. Run 1, Event 77, LumiSection 2 on stream 2 at 13-Jun-2021 19:18:47.769 CEST
Begin processing the 28th record. Run 1, Event 78, LumiSection 2 on stream 3 at 13-Jun-2021 19:18:50.720 CEST
Begin processing the 29th record. Run 1, Event 79, LumiSection 2 on stream 0 at 13-Jun-2021 19:19:17.413 CEST
Begin processing the 30th record. Run 1, Event 80, LumiSection 2 on stream 2 at 13-Jun-2021 19:19:24.194 CEST
Begin processing the 31st record. Run 1, Event 81, LumiSection 2 on stream 1 at 13-Jun-2021 19:19:24.598 CEST
Begin processing the 32nd record. Run 1, Event 82, LumiSection 2 on stream 3 at 13-Jun-2021 19:19:36.198 CEST
Begin processing the 33rd record. Run 1, Event 83, LumiSection 2 on stream 1 at 13-Jun-2021 19:19:37.186 CEST
Begin processing the 34th record. Run 1, Event 84, LumiSection 2 on stream 0 at 13-Jun-2021 19:19:38.896 CEST
Begin processing the 35th record. Run 1, Event 85, LumiSection 2 on stream 1 at 13-Jun-2021 19:20:00.168 CEST
Begin processing the 36th record. Run 1, Event 86, LumiSection 2 on stream 2 at 13-Jun-2021 19:20:03.342 CEST
Begin processing the 37th record. Run 1, Event 87, LumiSection 2 on stream 3 at 13-Jun-2021 19:20:11.028 CEST
Begin processing the 38th record. Run 1, Event 88, LumiSection 2 on stream 0 at 13-Jun-2021 19:20:20.174 CEST
Begin processing the 39th record. Run 1, Event 89, LumiSection 2 on stream 1 at 13-Jun-2021 19:20:21.731 CEST
Begin processing the 40th record. Run 1, Event 90, LumiSection 2 on stream 3 at 13-Jun-2021 19:20:48.769 CEST
Begin processing the 41st record. Run 1, Event 91, LumiSection 2 on stream 0 at 13-Jun-2021 19:20:54.244 CEST
Begin processing the 42nd record. Run 1, Event 92, LumiSection 2 on stream 2 at 13-Jun-2021 19:20:55.353 CEST
Begin processing the 43rd record. Run 1, Event 93, LumiSection 2 on stream 0 at 13-Jun-2021 19:21:04.550 CEST
Begin processing the 44th record. Run 1, Event 94, LumiSection 2 on stream 1 at 13-Jun-2021 19:21:31.321 CEST
Begin processing the 45th record. Run 1, Event 95, LumiSection 2 on stream 2 at 13-Jun-2021 19:21:39.587 CEST
Begin processing the 46th record. Run 1, Event 96, LumiSection 2 on stream 3 at 13-Jun-2021 19:21:49.542 CEST
Begin processing the 47th record. Run 1, Event 97, LumiSection 2 on stream 0 at 13-Jun-2021 19:22:20.800 CEST
Begin processing the 48th record. Run 1, Event 98, LumiSection 2 on stream 2 at 13-Jun-2021 19:22:24.240 CEST
Begin processing the 49th record. Run 1, Event 99, LumiSection 2 on stream 0 at 13-Jun-2021 19:22:33.429 CEST
Begin processing the 50th record. Run 1, Event 100, LumiSection 2 on stream 3 at 13-Jun-2021 19:22:43.335 CEST
13-Jun-2021 19:23:26 CEST  Closed file file:/eos/cms/store/user/tsarkar/wgen_Vector_MonoZLL_NLO_Mphi-500_Mchi-150_gSM-0p25_gDM-1p0_ctau0p1/RunIISummer20UL17_wmLHEGEN/210607_153902/0000/step_wgen_2.root

=============================================

MessageLogger Summary

 type     category        sev    module        subroutine        count    total
 ---- -------------------- -- ---------------- ----------------  -----    -----
    1 fileAction           -s file_close                             1        1
    2 fileAction           -s file_open                              2        2

 type    category    Examples: run/evt        run/evt          run/evt
 ---- -------------------- ---------------- ---------------- ----------------
    1 fileAction           PostGlobalEndRun                  
    2 fileAction           pre-events       pre-events       

Severity    # Occurrences   Total Occurrences
--------    -------------   -----------------
System                  3                   3

dropped waiting message count 0
