000 (7304649.000.000) 06/13 19:12:11 Job submitted from host: <137.138.44.75:9618?addrs=137.138.44.75-9618+[2001-1458-d00-1a--b]-9618&alias=bigbird14.cern.ch&noUDP&sock=schedd_3149486_02ef>
...
040 (7304649.000.000) 06/13 19:12:59 Started transferring input files
	Transferring to host: <188.184.139.121:9618?addrs=188.184.139.121-9618+[2001-1458-301-45--100-190]-9618&alias=b7g42n0660.cern.ch&noUDP&sock=slot1_3_13854_256c_90920>
...
040 (7304649.000.000) 06/13 19:12:59 Finished transferring input files
...
001 (7304649.000.000) 06/13 19:13:00 Job executing on host: <188.184.139.121:9618?addrs=188.184.139.121-9618+[2001-1458-301-45--100-190]-9618&alias=b7g42n0660.cern.ch&noUDP&sock=startd_5673_c8dc>
...
006 (7304649.000.000) 06/13 19:13:09 Image size of job updated: 40740
	26  -  MemoryUsage of job (MB)
	26256  -  ResidentSetSize of job (KB)
...
006 (7304649.000.000) 06/13 19:18:09 Image size of job updated: 1594072
	636  -  MemoryUsage of job (MB)
	650664  -  ResidentSetSize of job (KB)
...
006 (7304649.000.000) 06/13 19:22:08 Image size of job updated: 1688280
	636  -  MemoryUsage of job (MB)
	650668  -  ResidentSetSize of job (KB)
...
040 (7304649.000.000) 06/13 19:22:08 Started transferring output files
...
040 (7304649.000.000) 06/13 19:22:08 Finished transferring output files
...
005 (7304649.000.000) 06/13 19:22:08 Job terminated.
	(1) Normal termination (return value 0)
		Usr 0 00:25:15, Sys 0 00:00:53  -  Run Remote Usage
		Usr 0 00:00:00, Sys 0 00:00:00  -  Run Local Usage
		Usr 0 00:25:15, Sys 0 00:00:53  -  Total Remote Usage
		Usr 0 00:00:00, Sys 0 00:00:00  -  Total Local Usage
	12907  -  Run Bytes Sent By Job
	422  -  Run Bytes Received By Job
	12907  -  Total Bytes Sent By Job
	422  -  Total Bytes Received By Job
	Partitionable Resources :    Usage  Request Allocated 
	   Cpus                 :     2.97        1         1 
	   Disk (KB)            :    34           1    278492 
	   Memory (MB)          :   636        2000      2000 

	Job terminated of its own accord at 2021-06-13T17:22:08Z.
...
