%MSG-i ThreadStreamSetup:  (NoModuleName) 13-Jun-2021 19:13:14 CEST pre-events
setting # threads 4
setting # streams 4
%MSG
13-Jun-2021 19:13:36 CEST  Initiating request to open file file:/eos/cms/store/user/tsarkar/wgen_Vector_MonoZLL_NLO_Mphi-500_Mchi-150_gSM-0p25_gDM-1p0_ctau0p1/RunIISummer20UL17_wmLHEGEN/210607_153902/0000/step_wgen_3.root
13-Jun-2021 19:13:38 CEST  Successfully opened file file:/eos/cms/store/user/tsarkar/wgen_Vector_MonoZLL_NLO_Mphi-500_Mchi-150_gSM-0p25_gDM-1p0_ctau0p1/RunIISummer20UL17_wmLHEGEN/210607_153902/0000/step_wgen_3.root
Begin processing the 1st record. Run 1, Event 101, LumiSection 3 on stream 0 at 13-Jun-2021 19:14:42.625 CEST
Begin processing the 2nd record. Run 1, Event 102, LumiSection 3 on stream 3 at 13-Jun-2021 19:14:42.625 CEST
Begin processing the 3rd record. Run 1, Event 103, LumiSection 3 on stream 2 at 13-Jun-2021 19:14:42.625 CEST
Begin processing the 4th record. Run 1, Event 104, LumiSection 3 on stream 1 at 13-Jun-2021 19:14:42.626 CEST
Begin processing the 5th record. Run 1, Event 105, LumiSection 3 on stream 0 at 13-Jun-2021 19:15:26.337 CEST
Begin processing the 6th record. Run 1, Event 106, LumiSection 3 on stream 3 at 13-Jun-2021 19:15:35.543 CEST
Begin processing the 7th record. Run 1, Event 107, LumiSection 3 on stream 2 at 13-Jun-2021 19:16:00.943 CEST
Begin processing the 8th record. Run 1, Event 108, LumiSection 3 on stream 0 at 13-Jun-2021 19:16:04.101 CEST
Begin processing the 9th record. Run 1, Event 109, LumiSection 3 on stream 1 at 13-Jun-2021 19:16:22.652 CEST
Begin processing the 10th record. Run 1, Event 110, LumiSection 3 on stream 3 at 13-Jun-2021 19:16:36.558 CEST
Begin processing the 11th record. Run 1, Event 111, LumiSection 3 on stream 2 at 13-Jun-2021 19:17:29.106 CEST
Begin processing the 12th record. Run 1, Event 112, LumiSection 3 on stream 1 at 13-Jun-2021 19:17:36.449 CEST
Begin processing the 13th record. Run 1, Event 113, LumiSection 3 on stream 0 at 13-Jun-2021 19:17:50.714 CEST
Begin processing the 14th record. Run 1, Event 114, LumiSection 3 on stream 3 at 13-Jun-2021 19:18:11.160 CEST
Begin processing the 15th record. Run 1, Event 115, LumiSection 3 on stream 2 at 13-Jun-2021 19:18:15.801 CEST
Begin processing the 16th record. Run 1, Event 116, LumiSection 3 on stream 0 at 13-Jun-2021 19:18:40.018 CEST
Begin processing the 17th record. Run 1, Event 117, LumiSection 3 on stream 3 at 13-Jun-2021 19:18:46.169 CEST
Begin processing the 18th record. Run 1, Event 118, LumiSection 3 on stream 1 at 13-Jun-2021 19:18:54.254 CEST
Begin processing the 19th record. Run 1, Event 119, LumiSection 3 on stream 2 at 13-Jun-2021 19:19:20.784 CEST
Begin processing the 20th record. Run 1, Event 120, LumiSection 3 on stream 0 at 13-Jun-2021 19:19:35.178 CEST
Begin processing the 21st record. Run 1, Event 121, LumiSection 3 on stream 2 at 13-Jun-2021 19:19:41.629 CEST
Begin processing the 22nd record. Run 1, Event 122, LumiSection 3 on stream 1 at 13-Jun-2021 19:20:41.075 CEST
Begin processing the 23rd record. Run 1, Event 123, LumiSection 3 on stream 2 at 13-Jun-2021 19:21:13.514 CEST
Begin processing the 24th record. Run 1, Event 124, LumiSection 3 on stream 0 at 13-Jun-2021 19:21:21.454 CEST
Begin processing the 25th record. Run 1, Event 125, LumiSection 3 on stream 3 at 13-Jun-2021 19:21:27.826 CEST
Begin processing the 26th record. Run 1, Event 126, LumiSection 3 on stream 1 at 13-Jun-2021 19:21:52.128 CEST
Begin processing the 27th record. Run 1, Event 127, LumiSection 3 on stream 1 at 13-Jun-2021 19:22:20.993 CEST
Begin processing the 28th record. Run 1, Event 128, LumiSection 3 on stream 3 at 13-Jun-2021 19:22:50.657 CEST
Begin processing the 29th record. Run 1, Event 129, LumiSection 3 on stream 0 at 13-Jun-2021 19:22:55.957 CEST
Begin processing the 30th record. Run 1, Event 130, LumiSection 3 on stream 2 at 13-Jun-2021 19:23:08.607 CEST
Begin processing the 31st record. Run 1, Event 131, LumiSection 3 on stream 0 at 13-Jun-2021 19:23:59.640 CEST
Begin processing the 32nd record. Run 1, Event 132, LumiSection 3 on stream 3 at 13-Jun-2021 19:24:04.514 CEST
Begin processing the 33rd record. Run 1, Event 133, LumiSection 3 on stream 1 at 13-Jun-2021 19:24:28.173 CEST
Begin processing the 34th record. Run 1, Event 134, LumiSection 3 on stream 3 at 13-Jun-2021 19:24:43.706 CEST
Begin processing the 35th record. Run 1, Event 135, LumiSection 3 on stream 0 at 13-Jun-2021 19:24:52.429 CEST
Begin processing the 36th record. Run 1, Event 136, LumiSection 3 on stream 3 at 13-Jun-2021 19:24:52.581 CEST
Begin processing the 37th record. Run 1, Event 137, LumiSection 3 on stream 2 at 13-Jun-2021 19:25:01.854 CEST
Begin processing the 38th record. Run 1, Event 138, LumiSection 3 on stream 1 at 13-Jun-2021 19:25:38.465 CEST
Begin processing the 39th record. Run 1, Event 139, LumiSection 3 on stream 3 at 13-Jun-2021 19:25:44.163 CEST
Begin processing the 40th record. Run 1, Event 140, LumiSection 3 on stream 0 at 13-Jun-2021 19:25:51.961 CEST
Begin processing the 41st record. Run 1, Event 141, LumiSection 3 on stream 1 at 13-Jun-2021 19:25:58.265 CEST
Begin processing the 42nd record. Run 1, Event 142, LumiSection 3 on stream 3 at 13-Jun-2021 19:26:23.496 CEST
Begin processing the 43rd record. Run 1, Event 143, LumiSection 3 on stream 0 at 13-Jun-2021 19:26:32.909 CEST
Begin processing the 44th record. Run 1, Event 144, LumiSection 3 on stream 0 at 13-Jun-2021 19:27:05.729 CEST
Begin processing the 45th record. Run 1, Event 145, LumiSection 3 on stream 2 at 13-Jun-2021 19:27:06.267 CEST
Begin processing the 46th record. Run 1, Event 146, LumiSection 3 on stream 3 at 13-Jun-2021 19:27:15.936 CEST
Begin processing the 47th record. Run 1, Event 147, LumiSection 3 on stream 3 at 13-Jun-2021 19:27:24.009 CEST
Begin processing the 48th record. Run 1, Event 148, LumiSection 3 on stream 1 at 13-Jun-2021 19:27:28.813 CEST
Begin processing the 49th record. Run 1, Event 149, LumiSection 3 on stream 2 at 13-Jun-2021 19:27:42.572 CEST
Begin processing the 50th record. Run 1, Event 150, LumiSection 3 on stream 0 at 13-Jun-2021 19:28:06.828 CEST
13-Jun-2021 19:28:55 CEST  Closed file file:/eos/cms/store/user/tsarkar/wgen_Vector_MonoZLL_NLO_Mphi-500_Mchi-150_gSM-0p25_gDM-1p0_ctau0p1/RunIISummer20UL17_wmLHEGEN/210607_153902/0000/step_wgen_3.root

=============================================

MessageLogger Summary

 type     category        sev    module        subroutine        count    total
 ---- -------------------- -- ---------------- ----------------  -----    -----
    1 fileAction           -s file_close                             1        1
    2 fileAction           -s file_open                              2        2

 type    category    Examples: run/evt        run/evt          run/evt
 ---- -------------------- ---------------- ---------------- ----------------
    1 fileAction           PostGlobalEndRun                  
    2 fileAction           pre-events       pre-events       

Severity    # Occurrences   Total Occurrences
--------    -------------   -----------------
System                  3                   3

dropped waiting message count 0
