%MSG-i ThreadStreamSetup:  (NoModuleName) 13-Jun-2021 19:13:10 CEST pre-events
setting # threads 4
setting # streams 4
%MSG
13-Jun-2021 19:13:19 CEST  Initiating request to open file file:/eos/cms/store/user/tsarkar/wgen_Vector_MonoZLL_NLO_Mphi-500_Mchi-150_gSM-0p25_gDM-1p0_ctau0p1/RunIISummer20UL17_wmLHEGEN/210607_153902/0000/step_wgen_16.root
13-Jun-2021 19:13:21 CEST  Successfully opened file file:/eos/cms/store/user/tsarkar/wgen_Vector_MonoZLL_NLO_Mphi-500_Mchi-150_gSM-0p25_gDM-1p0_ctau0p1/RunIISummer20UL17_wmLHEGEN/210607_153902/0000/step_wgen_16.root
Begin processing the 1st record. Run 1, Event 751, LumiSection 16 on stream 0 at 13-Jun-2021 19:14:43.021 CEST
Begin processing the 2nd record. Run 1, Event 752, LumiSection 16 on stream 1 at 13-Jun-2021 19:14:43.022 CEST
Begin processing the 3rd record. Run 1, Event 753, LumiSection 16 on stream 2 at 13-Jun-2021 19:14:43.022 CEST
Begin processing the 4th record. Run 1, Event 754, LumiSection 16 on stream 3 at 13-Jun-2021 19:14:43.022 CEST
Begin processing the 5th record. Run 1, Event 755, LumiSection 16 on stream 0 at 13-Jun-2021 19:15:05.260 CEST
Begin processing the 6th record. Run 1, Event 756, LumiSection 16 on stream 1 at 13-Jun-2021 19:15:09.599 CEST
Begin processing the 7th record. Run 1, Event 757, LumiSection 16 on stream 1 at 13-Jun-2021 19:15:35.539 CEST
Begin processing the 8th record. Run 1, Event 758, LumiSection 16 on stream 3 at 13-Jun-2021 19:15:36.769 CEST
Begin processing the 9th record. Run 1, Event 759, LumiSection 16 on stream 2 at 13-Jun-2021 19:15:46.548 CEST
Begin processing the 10th record. Run 1, Event 760, LumiSection 16 on stream 0 at 13-Jun-2021 19:15:50.733 CEST
Begin processing the 11th record. Run 1, Event 761, LumiSection 16 on stream 1 at 13-Jun-2021 19:15:58.496 CEST
Begin processing the 12th record. Run 1, Event 762, LumiSection 16 on stream 3 at 13-Jun-2021 19:16:01.290 CEST
Begin processing the 13th record. Run 1, Event 763, LumiSection 16 on stream 0 at 13-Jun-2021 19:16:09.896 CEST
Begin processing the 14th record. Run 1, Event 764, LumiSection 16 on stream 3 at 13-Jun-2021 19:16:15.993 CEST
Begin processing the 15th record. Run 1, Event 765, LumiSection 16 on stream 2 at 13-Jun-2021 19:16:27.470 CEST
Begin processing the 16th record. Run 1, Event 766, LumiSection 16 on stream 0 at 13-Jun-2021 19:16:37.151 CEST
Begin processing the 17th record. Run 1, Event 767, LumiSection 16 on stream 1 at 13-Jun-2021 19:16:42.960 CEST
Begin processing the 18th record. Run 1, Event 768, LumiSection 16 on stream 3 at 13-Jun-2021 19:16:52.156 CEST
Begin processing the 19th record. Run 1, Event 769, LumiSection 16 on stream 1 at 13-Jun-2021 19:17:08.000 CEST
Begin processing the 20th record. Run 1, Event 770, LumiSection 16 on stream 1 at 13-Jun-2021 19:17:20.915 CEST
Begin processing the 21st record. Run 1, Event 771, LumiSection 16 on stream 2 at 13-Jun-2021 19:17:24.362 CEST
Begin processing the 22nd record. Run 1, Event 772, LumiSection 16 on stream 1 at 13-Jun-2021 19:17:28.706 CEST
Begin processing the 23rd record. Run 1, Event 773, LumiSection 16 on stream 0 at 13-Jun-2021 19:17:35.148 CEST
Begin processing the 24th record. Run 1, Event 774, LumiSection 16 on stream 3 at 13-Jun-2021 19:17:36.268 CEST
Begin processing the 25th record. Run 1, Event 775, LumiSection 16 on stream 2 at 13-Jun-2021 19:17:55.717 CEST
Begin processing the 26th record. Run 1, Event 776, LumiSection 16 on stream 0 at 13-Jun-2021 19:17:57.933 CEST
Begin processing the 27th record. Run 1, Event 777, LumiSection 16 on stream 1 at 13-Jun-2021 19:18:12.301 CEST
Begin processing the 28th record. Run 1, Event 778, LumiSection 16 on stream 3 at 13-Jun-2021 19:18:18.001 CEST
Begin processing the 29th record. Run 1, Event 779, LumiSection 16 on stream 0 at 13-Jun-2021 19:18:21.641 CEST
Begin processing the 30th record. Run 1, Event 780, LumiSection 16 on stream 2 at 13-Jun-2021 19:18:23.826 CEST
Begin processing the 31st record. Run 1, Event 781, LumiSection 16 on stream 2 at 13-Jun-2021 19:18:51.006 CEST
Begin processing the 32nd record. Run 1, Event 782, LumiSection 16 on stream 1 at 13-Jun-2021 19:18:57.786 CEST
Begin processing the 33rd record. Run 1, Event 783, LumiSection 16 on stream 0 at 13-Jun-2021 19:19:11.367 CEST
Begin processing the 34th record. Run 1, Event 784, LumiSection 16 on stream 2 at 13-Jun-2021 19:19:19.574 CEST
Begin processing the 35th record. Run 1, Event 785, LumiSection 16 on stream 1 at 13-Jun-2021 19:19:21.124 CEST
Begin processing the 36th record. Run 1, Event 786, LumiSection 16 on stream 3 at 13-Jun-2021 19:19:22.364 CEST
Begin processing the 37th record. Run 1, Event 787, LumiSection 16 on stream 1 at 13-Jun-2021 19:19:42.874 CEST
Begin processing the 38th record. Run 1, Event 788, LumiSection 16 on stream 0 at 13-Jun-2021 19:19:52.650 CEST
Begin processing the 39th record. Run 1, Event 789, LumiSection 16 on stream 2 at 13-Jun-2021 19:20:01.505 CEST
Begin processing the 40th record. Run 1, Event 790, LumiSection 16 on stream 3 at 13-Jun-2021 19:20:19.008 CEST
Begin processing the 41st record. Run 1, Event 791, LumiSection 16 on stream 0 at 13-Jun-2021 19:20:20.841 CEST
Begin processing the 42nd record. Run 1, Event 792, LumiSection 16 on stream 1 at 13-Jun-2021 19:20:26.040 CEST
Begin processing the 43rd record. Run 1, Event 793, LumiSection 16 on stream 2 at 13-Jun-2021 19:20:38.860 CEST
Begin processing the 44th record. Run 1, Event 794, LumiSection 16 on stream 3 at 13-Jun-2021 19:20:45.695 CEST
Begin processing the 45th record. Run 1, Event 795, LumiSection 16 on stream 0 at 13-Jun-2021 19:20:48.797 CEST
Begin processing the 46th record. Run 1, Event 796, LumiSection 16 on stream 1 at 13-Jun-2021 19:21:05.326 CEST
Begin processing the 47th record. Run 1, Event 797, LumiSection 16 on stream 0 at 13-Jun-2021 19:21:07.492 CEST
Begin processing the 48th record. Run 1, Event 798, LumiSection 16 on stream 2 at 13-Jun-2021 19:21:20.662 CEST
Begin processing the 49th record. Run 1, Event 799, LumiSection 16 on stream 3 at 13-Jun-2021 19:21:34.384 CEST
Begin processing the 50th record. Run 1, Event 800, LumiSection 16 on stream 1 at 13-Jun-2021 19:21:43.828 CEST
13-Jun-2021 19:22:06 CEST  Closed file file:/eos/cms/store/user/tsarkar/wgen_Vector_MonoZLL_NLO_Mphi-500_Mchi-150_gSM-0p25_gDM-1p0_ctau0p1/RunIISummer20UL17_wmLHEGEN/210607_153902/0000/step_wgen_16.root

=============================================

MessageLogger Summary

 type     category        sev    module        subroutine        count    total
 ---- -------------------- -- ---------------- ----------------  -----    -----
    1 fileAction           -s file_close                             1        1
    2 fileAction           -s file_open                              2        2

 type    category    Examples: run/evt        run/evt          run/evt
 ---- -------------------- ---------------- ---------------- ----------------
    1 fileAction           PostGlobalEndRun                  
    2 fileAction           pre-events       pre-events       

Severity    # Occurrences   Total Occurrences
--------    -------------   -----------------
System                  3                   3

dropped waiting message count 8
