%MSG-i ThreadStreamSetup:  (NoModuleName) 13-Jun-2021 19:13:18 CEST pre-events
setting # threads 4
setting # streams 4
%MSG
13-Jun-2021 19:13:36 CEST  Initiating request to open file file:/eos/cms/store/user/tsarkar/wgen_Vector_MonoZLL_NLO_Mphi-500_Mchi-150_gSM-0p25_gDM-1p0_ctau0p1/RunIISummer20UL17_wmLHEGEN/210607_153902/0000/step_wgen_19.root
13-Jun-2021 19:13:42 CEST  Successfully opened file file:/eos/cms/store/user/tsarkar/wgen_Vector_MonoZLL_NLO_Mphi-500_Mchi-150_gSM-0p25_gDM-1p0_ctau0p1/RunIISummer20UL17_wmLHEGEN/210607_153902/0000/step_wgen_19.root
Begin processing the 1st record. Run 1, Event 901, LumiSection 19 on stream 0 at 13-Jun-2021 19:14:58.249 CEST
Begin processing the 2nd record. Run 1, Event 902, LumiSection 19 on stream 3 at 13-Jun-2021 19:14:58.249 CEST
Begin processing the 3rd record. Run 1, Event 903, LumiSection 19 on stream 2 at 13-Jun-2021 19:14:58.250 CEST
Begin processing the 4th record. Run 1, Event 904, LumiSection 19 on stream 1 at 13-Jun-2021 19:14:58.250 CEST
Begin processing the 5th record. Run 1, Event 905, LumiSection 19 on stream 0 at 13-Jun-2021 19:15:37.004 CEST
Begin processing the 6th record. Run 1, Event 906, LumiSection 19 on stream 2 at 13-Jun-2021 19:15:46.790 CEST
Begin processing the 7th record. Run 1, Event 907, LumiSection 19 on stream 3 at 13-Jun-2021 19:16:10.842 CEST
Begin processing the 8th record. Run 1, Event 908, LumiSection 19 on stream 1 at 13-Jun-2021 19:16:11.490 CEST
Begin processing the 9th record. Run 1, Event 909, LumiSection 19 on stream 0 at 13-Jun-2021 19:16:16.673 CEST
Begin processing the 10th record. Run 1, Event 910, LumiSection 19 on stream 2 at 13-Jun-2021 19:16:17.245 CEST
Begin processing the 11th record. Run 1, Event 911, LumiSection 19 on stream 1 at 13-Jun-2021 19:16:31.665 CEST
Begin processing the 12th record. Run 1, Event 912, LumiSection 19 on stream 2 at 13-Jun-2021 19:16:44.847 CEST
Begin processing the 13th record. Run 1, Event 913, LumiSection 19 on stream 2 at 13-Jun-2021 19:17:06.480 CEST
Begin processing the 14th record. Run 1, Event 914, LumiSection 19 on stream 3 at 13-Jun-2021 19:17:12.427 CEST
Begin processing the 15th record. Run 1, Event 915, LumiSection 19 on stream 0 at 13-Jun-2021 19:17:18.085 CEST
Begin processing the 16th record. Run 1, Event 916, LumiSection 19 on stream 1 at 13-Jun-2021 19:17:24.456 CEST
Begin processing the 17th record. Run 1, Event 917, LumiSection 19 on stream 2 at 13-Jun-2021 19:17:26.985 CEST
Begin processing the 18th record. Run 1, Event 918, LumiSection 19 on stream 1 at 13-Jun-2021 19:17:34.604 CEST
Begin processing the 19th record. Run 1, Event 919, LumiSection 19 on stream 0 at 13-Jun-2021 19:17:38.459 CEST
Begin processing the 20th record. Run 1, Event 920, LumiSection 19 on stream 2 at 13-Jun-2021 19:17:39.697 CEST
Begin processing the 21st record. Run 1, Event 921, LumiSection 19 on stream 1 at 13-Jun-2021 19:17:59.689 CEST
Begin processing the 22nd record. Run 1, Event 922, LumiSection 19 on stream 3 at 13-Jun-2021 19:18:00.529 CEST
Begin processing the 23rd record. Run 1, Event 923, LumiSection 19 on stream 0 at 13-Jun-2021 19:18:20.946 CEST
Begin processing the 24th record. Run 1, Event 924, LumiSection 19 on stream 2 at 13-Jun-2021 19:18:21.299 CEST
Begin processing the 25th record. Run 1, Event 925, LumiSection 19 on stream 3 at 13-Jun-2021 19:18:40.188 CEST
Begin processing the 26th record. Run 1, Event 926, LumiSection 19 on stream 2 at 13-Jun-2021 19:18:44.176 CEST
Begin processing the 27th record. Run 1, Event 927, LumiSection 19 on stream 1 at 13-Jun-2021 19:19:01.457 CEST
Begin processing the 28th record. Run 1, Event 928, LumiSection 19 on stream 1 at 13-Jun-2021 19:19:09.628 CEST
Begin processing the 29th record. Run 1, Event 929, LumiSection 19 on stream 2 at 13-Jun-2021 19:19:14.652 CEST
Begin processing the 30th record. Run 1, Event 930, LumiSection 19 on stream 0 at 13-Jun-2021 19:19:20.412 CEST
Begin processing the 31st record. Run 1, Event 931, LumiSection 19 on stream 2 at 13-Jun-2021 19:19:22.432 CEST
Begin processing the 32nd record. Run 1, Event 932, LumiSection 19 on stream 3 at 13-Jun-2021 19:19:31.151 CEST
Begin processing the 33rd record. Run 1, Event 933, LumiSection 19 on stream 1 at 13-Jun-2021 19:20:07.797 CEST
Begin processing the 34th record. Run 1, Event 934, LumiSection 19 on stream 3 at 13-Jun-2021 19:20:08.289 CEST
Begin processing the 35th record. Run 1, Event 935, LumiSection 19 on stream 0 at 13-Jun-2021 19:20:10.233 CEST
Begin processing the 36th record. Run 1, Event 936, LumiSection 19 on stream 2 at 13-Jun-2021 19:20:26.882 CEST
Begin processing the 37th record. Run 1, Event 937, LumiSection 19 on stream 0 at 13-Jun-2021 19:20:40.095 CEST
Begin processing the 38th record. Run 1, Event 938, LumiSection 19 on stream 1 at 13-Jun-2021 19:20:43.944 CEST
Begin processing the 39th record. Run 1, Event 939, LumiSection 19 on stream 3 at 13-Jun-2021 19:20:50.233 CEST
Begin processing the 40th record. Run 1, Event 940, LumiSection 19 on stream 1 at 13-Jun-2021 19:21:06.092 CEST
Begin processing the 41st record. Run 1, Event 941, LumiSection 19 on stream 3 at 13-Jun-2021 19:21:17.908 CEST
Begin processing the 42nd record. Run 1, Event 942, LumiSection 19 on stream 0 at 13-Jun-2021 19:21:23.351 CEST
Begin processing the 43rd record. Run 1, Event 943, LumiSection 19 on stream 2 at 13-Jun-2021 19:21:29.789 CEST
Begin processing the 44th record. Run 1, Event 944, LumiSection 19 on stream 1 at 13-Jun-2021 19:21:29.900 CEST
Begin processing the 45th record. Run 1, Event 945, LumiSection 19 on stream 0 at 13-Jun-2021 19:21:57.872 CEST
Begin processing the 46th record. Run 1, Event 946, LumiSection 19 on stream 2 at 13-Jun-2021 19:22:00.237 CEST
Begin processing the 47th record. Run 1, Event 947, LumiSection 19 on stream 3 at 13-Jun-2021 19:22:14.413 CEST
Begin processing the 48th record. Run 1, Event 948, LumiSection 19 on stream 1 at 13-Jun-2021 19:22:24.147 CEST
Begin processing the 49th record. Run 1, Event 949, LumiSection 19 on stream 3 at 13-Jun-2021 19:22:36.646 CEST
Begin processing the 50th record. Run 1, Event 950, LumiSection 19 on stream 2 at 13-Jun-2021 19:22:51.840 CEST
13-Jun-2021 19:23:20 CEST  Closed file file:/eos/cms/store/user/tsarkar/wgen_Vector_MonoZLL_NLO_Mphi-500_Mchi-150_gSM-0p25_gDM-1p0_ctau0p1/RunIISummer20UL17_wmLHEGEN/210607_153902/0000/step_wgen_19.root

=============================================

MessageLogger Summary

 type     category        sev    module        subroutine        count    total
 ---- -------------------- -- ---------------- ----------------  -----    -----
    1 fileAction           -s file_close                             1        1
    2 fileAction           -s file_open                              2        2

 type    category    Examples: run/evt        run/evt          run/evt
 ---- -------------------- ---------------- ---------------- ----------------
    1 fileAction           PostGlobalEndRun                  
    2 fileAction           pre-events       pre-events       

Severity    # Occurrences   Total Occurrences
--------    -------------   -----------------
System                  3                   3

dropped waiting message count 0
