000 (7304637.000.000) 06/13 19:11:59 Job submitted from host: <137.138.44.75:9618?addrs=137.138.44.75-9618+[2001-1458-d00-1a--b]-9618&alias=bigbird14.cern.ch&noUDP&sock=schedd_3149486_02ef>
...
040 (7304637.000.000) 06/13 19:12:55 Started transferring input files
	Transferring to host: <188.184.197.139:9618?addrs=188.184.197.139-9618+[2001-1458-301-103--100-353]-9618&alias=b7g23n8724.cern.ch&noUDP&sock=slot1_8_10732_6a2d_96720>
...
040 (7304637.000.000) 06/13 19:12:55 Finished transferring input files
...
001 (7304637.000.000) 06/13 19:12:56 Job executing on host: <188.184.197.139:9618?addrs=188.184.197.139-9618+[2001-1458-301-103--100-353]-9618&alias=b7g23n8724.cern.ch&noUDP&sock=startd_3735_7a51>
...
006 (7304637.000.000) 06/13 19:13:05 Image size of job updated: 258708
	18  -  MemoryUsage of job (MB)
	17488  -  ResidentSetSize of job (KB)
...
006 (7304637.000.000) 06/13 19:18:05 Image size of job updated: 1635780
	646  -  MemoryUsage of job (MB)
	661108  -  ResidentSetSize of job (KB)
...
006 (7304637.000.000) 06/13 19:23:05 Image size of job updated: 1668548
	655  -  MemoryUsage of job (MB)
	670108  -  ResidentSetSize of job (KB)
...
006 (7304637.000.000) 06/13 19:27:27 Image size of job updated: 1791428
	655  -  MemoryUsage of job (MB)
	670116  -  ResidentSetSize of job (KB)
...
040 (7304637.000.000) 06/13 19:27:27 Started transferring output files
...
040 (7304637.000.000) 06/13 19:27:27 Finished transferring output files
...
005 (7304637.000.000) 06/13 19:27:27 Job terminated.
	(1) Normal termination (return value 0)
		Usr 0 00:29:37, Sys 0 00:00:18  -  Run Remote Usage
		Usr 0 00:00:00, Sys 0 00:00:00  -  Run Local Usage
		Usr 0 00:29:37, Sys 0 00:00:18  -  Total Remote Usage
		Usr 0 00:00:00, Sys 0 00:00:00  -  Total Local Usage
	12854  -  Run Bytes Sent By Job
	421  -  Run Bytes Received By Job
	12854  -  Total Bytes Sent By Job
	421  -  Total Bytes Received By Job
	Partitionable Resources :    Usage  Request Allocated 
	   Cpus                 :     2.18        1         1 
	   Disk (KB)            :    34           1    349150 
	   Memory (MB)          :   655        2000      2000 

	Job terminated of its own accord at 2021-06-13T17:27:27Z.
...
