000 (7304652.000.000) 06/13 19:12:16 Job submitted from host: <137.138.44.75:9618?addrs=137.138.44.75-9618+[2001-1458-d00-1a--b]-9618&alias=bigbird14.cern.ch&noUDP&sock=schedd_3149486_02ef>
...
040 (7304652.000.000) 06/13 19:13:00 Started transferring input files
	Transferring to host: <188.184.210.126:9618?addrs=188.184.210.126-9618+[2001-1458-301-10b--100-49e]-9618&alias=b7g23n9660.cern.ch&noUDP&sock=slot1_12_5052_5747_42370>
...
040 (7304652.000.000) 06/13 19:13:00 Finished transferring input files
...
001 (7304652.000.000) 06/13 19:13:01 Job executing on host: <188.184.210.126:9618?addrs=188.184.210.126-9618+[2001-1458-301-10b--100-49e]-9618&alias=b7g23n9660.cern.ch&noUDP&sock=startd_3994_2159>
...
006 (7304652.000.000) 06/13 19:13:10 Image size of job updated: 31632
	17  -  MemoryUsage of job (MB)
	17172  -  ResidentSetSize of job (KB)
...
006 (7304652.000.000) 06/13 19:18:10 Image size of job updated: 1574100
	641  -  MemoryUsage of job (MB)
	655880  -  ResidentSetSize of job (KB)
...
006 (7304652.000.000) 06/13 19:23:10 Image size of job updated: 1725652
	717  -  MemoryUsage of job (MB)
	733396  -  ResidentSetSize of job (KB)
...
040 (7304652.000.000) 06/13 19:23:23 Started transferring output files
...
040 (7304652.000.000) 06/13 19:23:23 Finished transferring output files
...
005 (7304652.000.000) 06/13 19:23:24 Job terminated.
	(1) Normal termination (return value 0)
		Usr 0 00:26:55, Sys 0 00:00:13  -  Run Remote Usage
		Usr 0 00:00:00, Sys 0 00:00:00  -  Run Local Usage
		Usr 0 00:26:55, Sys 0 00:00:13  -  Total Remote Usage
		Usr 0 00:00:00, Sys 0 00:00:00  -  Total Local Usage
	12907  -  Run Bytes Sent By Job
	422  -  Run Bytes Received By Job
	12907  -  Total Bytes Sent By Job
	422  -  Total Bytes Received By Job
	Partitionable Resources :    Usage  Request Allocated 
	   Cpus                 :     3.21        1         1 
	   Disk (KB)            :    33           1    350163 
	   Memory (MB)          :   717        2000      2000 

	Job terminated of its own accord at 2021-06-13T17:23:23Z.
...
