%MSG-i ThreadStreamSetup:  (NoModuleName) 13-Jun-2021 19:13:12 CEST pre-events
setting # threads 4
setting # streams 4
%MSG
13-Jun-2021 19:13:23 CEST  Initiating request to open file file:/eos/cms/store/user/tsarkar/wgen_Vector_MonoZLL_NLO_Mphi-500_Mchi-150_gSM-0p25_gDM-1p0_ctau0p1/RunIISummer20UL17_wmLHEGEN/210607_153902/0000/step_wgen_12.root
13-Jun-2021 19:13:25 CEST  Successfully opened file file:/eos/cms/store/user/tsarkar/wgen_Vector_MonoZLL_NLO_Mphi-500_Mchi-150_gSM-0p25_gDM-1p0_ctau0p1/RunIISummer20UL17_wmLHEGEN/210607_153902/0000/step_wgen_12.root
Begin processing the 1st record. Run 1, Event 551, LumiSection 12 on stream 1 at 13-Jun-2021 19:14:30.613 CEST
Begin processing the 2nd record. Run 1, Event 552, LumiSection 12 on stream 0 at 13-Jun-2021 19:14:30.614 CEST
Begin processing the 3rd record. Run 1, Event 553, LumiSection 12 on stream 2 at 13-Jun-2021 19:14:30.614 CEST
Begin processing the 4th record. Run 1, Event 554, LumiSection 12 on stream 3 at 13-Jun-2021 19:14:30.614 CEST
Begin processing the 5th record. Run 1, Event 555, LumiSection 12 on stream 1 at 13-Jun-2021 19:15:21.811 CEST
Begin processing the 6th record. Run 1, Event 556, LumiSection 12 on stream 3 at 13-Jun-2021 19:15:24.515 CEST
Begin processing the 7th record. Run 1, Event 557, LumiSection 12 on stream 1 at 13-Jun-2021 19:15:25.769 CEST
Begin processing the 8th record. Run 1, Event 558, LumiSection 12 on stream 0 at 13-Jun-2021 19:15:36.373 CEST
Begin processing the 9th record. Run 1, Event 559, LumiSection 12 on stream 3 at 13-Jun-2021 19:15:50.474 CEST
Begin processing the 10th record. Run 1, Event 560, LumiSection 12 on stream 2 at 13-Jun-2021 19:15:51.365 CEST
Begin processing the 11th record. Run 1, Event 561, LumiSection 12 on stream 3 at 13-Jun-2021 19:16:03.910 CEST
Begin processing the 12th record. Run 1, Event 562, LumiSection 12 on stream 0 at 13-Jun-2021 19:16:24.364 CEST
Begin processing the 13th record. Run 1, Event 563, LumiSection 12 on stream 3 at 13-Jun-2021 19:16:24.621 CEST
Begin processing the 14th record. Run 1, Event 564, LumiSection 12 on stream 2 at 13-Jun-2021 19:16:52.523 CEST
Begin processing the 15th record. Run 1, Event 565, LumiSection 12 on stream 0 at 13-Jun-2021 19:17:01.013 CEST
Begin processing the 16th record. Run 1, Event 566, LumiSection 12 on stream 3 at 13-Jun-2021 19:17:04.776 CEST
Begin processing the 17th record. Run 1, Event 567, LumiSection 12 on stream 2 at 13-Jun-2021 19:17:13.519 CEST
Begin processing the 18th record. Run 1, Event 568, LumiSection 12 on stream 1 at 13-Jun-2021 19:17:24.792 CEST
Begin processing the 19th record. Run 1, Event 569, LumiSection 12 on stream 3 at 13-Jun-2021 19:17:26.088 CEST
Begin processing the 20th record. Run 1, Event 570, LumiSection 12 on stream 2 at 13-Jun-2021 19:17:30.786 CEST
Begin processing the 21st record. Run 1, Event 571, LumiSection 12 on stream 3 at 13-Jun-2021 19:17:41.603 CEST
Begin processing the 22nd record. Run 1, Event 572, LumiSection 12 on stream 2 at 13-Jun-2021 19:17:43.501 CEST
Begin processing the 23rd record. Run 1, Event 573, LumiSection 12 on stream 1 at 13-Jun-2021 19:17:46.431 CEST
Begin processing the 24th record. Run 1, Event 574, LumiSection 12 on stream 1 at 13-Jun-2021 19:17:55.613 CEST
Begin processing the 25th record. Run 1, Event 575, LumiSection 12 on stream 0 at 13-Jun-2021 19:17:56.611 CEST
Begin processing the 26th record. Run 1, Event 576, LumiSection 12 on stream 0 at 13-Jun-2021 19:18:14.548 CEST
Begin processing the 27th record. Run 1, Event 577, LumiSection 12 on stream 1 at 13-Jun-2021 19:18:26.398 CEST
Begin processing the 28th record. Run 1, Event 578, LumiSection 12 on stream 2 at 13-Jun-2021 19:18:27.004 CEST
Begin processing the 29th record. Run 1, Event 579, LumiSection 12 on stream 3 at 13-Jun-2021 19:18:35.418 CEST
Begin processing the 30th record. Run 1, Event 580, LumiSection 12 on stream 2 at 13-Jun-2021 19:18:55.487 CEST
Begin processing the 31st record. Run 1, Event 581, LumiSection 12 on stream 3 at 13-Jun-2021 19:18:58.384 CEST
Begin processing the 32nd record. Run 1, Event 582, LumiSection 12 on stream 1 at 13-Jun-2021 19:19:14.072 CEST
Begin processing the 33rd record. Run 1, Event 583, LumiSection 12 on stream 2 at 13-Jun-2021 19:19:25.958 CEST
Begin processing the 34th record. Run 1, Event 584, LumiSection 12 on stream 0 at 13-Jun-2021 19:19:30.023 CEST
Begin processing the 35th record. Run 1, Event 585, LumiSection 12 on stream 3 at 13-Jun-2021 19:19:52.464 CEST
Begin processing the 36th record. Run 1, Event 586, LumiSection 12 on stream 1 at 13-Jun-2021 19:19:55.971 CEST
Begin processing the 37th record. Run 1, Event 587, LumiSection 12 on stream 0 at 13-Jun-2021 19:20:05.015 CEST
Begin processing the 38th record. Run 1, Event 588, LumiSection 12 on stream 2 at 13-Jun-2021 19:20:14.317 CEST
Begin processing the 39th record. Run 1, Event 589, LumiSection 12 on stream 3 at 13-Jun-2021 19:20:26.276 CEST
Begin processing the 40th record. Run 1, Event 590, LumiSection 12 on stream 0 at 13-Jun-2021 19:20:28.817 CEST
Begin processing the 41st record. Run 1, Event 591, LumiSection 12 on stream 1 at 13-Jun-2021 19:20:30.128 CEST
Begin processing the 42nd record. Run 1, Event 592, LumiSection 12 on stream 0 at 13-Jun-2021 19:20:48.480 CEST
Begin processing the 43rd record. Run 1, Event 593, LumiSection 12 on stream 1 at 13-Jun-2021 19:20:58.790 CEST
Begin processing the 44th record. Run 1, Event 594, LumiSection 12 on stream 2 at 13-Jun-2021 19:21:02.085 CEST
Begin processing the 45th record. Run 1, Event 595, LumiSection 12 on stream 3 at 13-Jun-2021 19:21:18.842 CEST
Begin processing the 46th record. Run 1, Event 596, LumiSection 12 on stream 0 at 13-Jun-2021 19:21:19.308 CEST
Begin processing the 47th record. Run 1, Event 597, LumiSection 12 on stream 1 at 13-Jun-2021 19:21:21.407 CEST
Begin processing the 48th record. Run 1, Event 598, LumiSection 12 on stream 2 at 13-Jun-2021 19:21:36.878 CEST
Begin processing the 49th record. Run 1, Event 599, LumiSection 12 on stream 1 at 13-Jun-2021 19:21:50.776 CEST
Begin processing the 50th record. Run 1, Event 600, LumiSection 12 on stream 3 at 13-Jun-2021 19:21:54.145 CEST
13-Jun-2021 19:22:33 CEST  Closed file file:/eos/cms/store/user/tsarkar/wgen_Vector_MonoZLL_NLO_Mphi-500_Mchi-150_gSM-0p25_gDM-1p0_ctau0p1/RunIISummer20UL17_wmLHEGEN/210607_153902/0000/step_wgen_12.root

=============================================

MessageLogger Summary

 type     category        sev    module        subroutine        count    total
 ---- -------------------- -- ---------------- ----------------  -----    -----
    1 fileAction           -s file_close                             1        1
    2 fileAction           -s file_open                              2        2

 type    category    Examples: run/evt        run/evt          run/evt
 ---- -------------------- ---------------- ---------------- ----------------
    1 fileAction           PostGlobalEndRun                  
    2 fileAction           pre-events       pre-events       

Severity    # Occurrences   Total Occurrences
--------    -------------   -----------------
System                  3                   3

dropped waiting message count 0
