000 (7304646.000.000) 06/13 19:12:08 Job submitted from host: <137.138.44.75:9618?addrs=137.138.44.75-9618+[2001-1458-d00-1a--b]-9618&alias=bigbird14.cern.ch&noUDP&sock=schedd_3149486_02ef>
...
040 (7304646.000.000) 06/13 19:12:59 Started transferring input files
	Transferring to host: <188.184.213.36:9618?addrs=188.184.213.36-9618+[2001-1458-301-10c--100-118]-9618&alias=b7g24n0520.cern.ch&noUDP&sock=slot1_1_4620_f535_47005>
...
040 (7304646.000.000) 06/13 19:12:59 Finished transferring input files
...
001 (7304646.000.000) 06/13 19:13:00 Job executing on host: <188.184.213.36:9618?addrs=188.184.213.36-9618+[2001-1458-301-10c--100-118]-9618&alias=b7g24n0520.cern.ch&noUDP&sock=startd_3778_f8e4>
...
006 (7304646.000.000) 06/13 19:13:09 Image size of job updated: 40232
	26  -  MemoryUsage of job (MB)
	25748  -  ResidentSetSize of job (KB)
...
006 (7304646.000.000) 06/13 19:18:10 Image size of job updated: 1545688
	640  -  MemoryUsage of job (MB)
	655144  -  ResidentSetSize of job (KB)
...
006 (7304646.000.000) 06/13 19:23:11 Image size of job updated: 1717732
	731  -  MemoryUsage of job (MB)
	747556  -  ResidentSetSize of job (KB)
...
040 (7304646.000.000) 06/13 19:23:56 Started transferring output files
...
040 (7304646.000.000) 06/13 19:23:56 Finished transferring output files
...
005 (7304646.000.000) 06/13 19:23:56 Job terminated.
	(1) Normal termination (return value 0)
		Usr 0 00:30:01, Sys 0 00:00:07  -  Run Remote Usage
		Usr 0 00:00:00, Sys 0 00:00:00  -  Run Local Usage
		Usr 0 00:30:01, Sys 0 00:00:07  -  Total Remote Usage
		Usr 0 00:00:00, Sys 0 00:00:00  -  Total Local Usage
	12907  -  Run Bytes Sent By Job
	422  -  Run Bytes Received By Job
	12907  -  Total Bytes Sent By Job
	422  -  Total Bytes Received By Job
	Partitionable Resources :    Usage  Request Allocated 
	   Cpus                 :     3.20        1         1 
	   Disk (KB)            :    33           1    306896 
	   Memory (MB)          :   731        2000      2000 

	Job terminated of its own accord at 2021-06-13T17:23:55Z.
...
