%MSG-i ThreadStreamSetup:  (NoModuleName) 13-Jun-2021 19:13:16 CEST pre-events
setting # threads 4
setting # streams 4
%MSG
13-Jun-2021 19:13:31 CEST  Initiating request to open file file:/eos/cms/store/user/tsarkar/wgen_Vector_MonoZLL_NLO_Mphi-500_Mchi-150_gSM-0p25_gDM-1p0_ctau0p1/RunIISummer20UL17_wmLHEGEN/210607_153902/0000/step_wgen_20.root
13-Jun-2021 19:13:35 CEST  Successfully opened file file:/eos/cms/store/user/tsarkar/wgen_Vector_MonoZLL_NLO_Mphi-500_Mchi-150_gSM-0p25_gDM-1p0_ctau0p1/RunIISummer20UL17_wmLHEGEN/210607_153902/0000/step_wgen_20.root
Begin processing the 1st record. Run 1, Event 951, LumiSection 20 on stream 2 at 13-Jun-2021 19:15:51.951 CEST
Begin processing the 2nd record. Run 1, Event 952, LumiSection 20 on stream 1 at 13-Jun-2021 19:15:51.951 CEST
Begin processing the 3rd record. Run 1, Event 953, LumiSection 20 on stream 3 at 13-Jun-2021 19:15:51.952 CEST
Begin processing the 4th record. Run 1, Event 954, LumiSection 20 on stream 0 at 13-Jun-2021 19:15:51.952 CEST
Begin processing the 5th record. Run 1, Event 955, LumiSection 20 on stream 1 at 13-Jun-2021 19:16:33.260 CEST
Begin processing the 6th record. Run 1, Event 956, LumiSection 20 on stream 1 at 13-Jun-2021 19:16:49.214 CEST
Begin processing the 7th record. Run 1, Event 957, LumiSection 20 on stream 2 at 13-Jun-2021 19:16:55.282 CEST
Begin processing the 8th record. Run 1, Event 958, LumiSection 20 on stream 0 at 13-Jun-2021 19:17:05.214 CEST
Begin processing the 9th record. Run 1, Event 959, LumiSection 20 on stream 3 at 13-Jun-2021 19:17:41.246 CEST
Begin processing the 10th record. Run 1, Event 960, LumiSection 20 on stream 1 at 13-Jun-2021 19:17:42.327 CEST
Begin processing the 11th record. Run 1, Event 961, LumiSection 20 on stream 2 at 13-Jun-2021 19:17:42.915 CEST
Begin processing the 12th record. Run 1, Event 962, LumiSection 20 on stream 0 at 13-Jun-2021 19:18:09.521 CEST
Begin processing the 13th record. Run 1, Event 963, LumiSection 20 on stream 3 at 13-Jun-2021 19:18:33.531 CEST
Begin processing the 14th record. Run 1, Event 964, LumiSection 20 on stream 2 at 13-Jun-2021 19:18:35.113 CEST
Begin processing the 15th record. Run 1, Event 965, LumiSection 20 on stream 1 at 13-Jun-2021 19:18:48.076 CEST
Begin processing the 16th record. Run 1, Event 966, LumiSection 20 on stream 0 at 13-Jun-2021 19:19:22.243 CEST
Begin processing the 17th record. Run 1, Event 967, LumiSection 20 on stream 3 at 13-Jun-2021 19:19:29.703 CEST
Begin processing the 18th record. Run 1, Event 968, LumiSection 20 on stream 1 at 13-Jun-2021 19:19:37.488 CEST
Begin processing the 19th record. Run 1, Event 969, LumiSection 20 on stream 2 at 13-Jun-2021 19:19:50.431 CEST
Begin processing the 20th record. Run 1, Event 970, LumiSection 20 on stream 3 at 13-Jun-2021 19:20:12.249 CEST
Begin processing the 21st record. Run 1, Event 971, LumiSection 20 on stream 0 at 13-Jun-2021 19:20:34.435 CEST
Begin processing the 22nd record. Run 1, Event 972, LumiSection 20 on stream 1 at 13-Jun-2021 19:21:00.631 CEST
Begin processing the 23rd record. Run 1, Event 973, LumiSection 20 on stream 0 at 13-Jun-2021 19:21:09.073 CEST
Begin processing the 24th record. Run 1, Event 974, LumiSection 20 on stream 2 at 13-Jun-2021 19:21:12.030 CEST
Begin processing the 25th record. Run 1, Event 975, LumiSection 20 on stream 3 at 13-Jun-2021 19:21:17.012 CEST
Begin processing the 26th record. Run 1, Event 976, LumiSection 20 on stream 0 at 13-Jun-2021 19:22:03.134 CEST
Begin processing the 27th record. Run 1, Event 977, LumiSection 20 on stream 3 at 13-Jun-2021 19:22:08.074 CEST
Begin processing the 28th record. Run 1, Event 978, LumiSection 20 on stream 2 at 13-Jun-2021 19:22:39.250 CEST
Begin processing the 29th record. Run 1, Event 979, LumiSection 20 on stream 1 at 13-Jun-2021 19:22:53.706 CEST
Begin processing the 30th record. Run 1, Event 980, LumiSection 20 on stream 3 at 13-Jun-2021 19:23:02.247 CEST
Begin processing the 31st record. Run 1, Event 981, LumiSection 20 on stream 2 at 13-Jun-2021 19:23:29.862 CEST
Begin processing the 32nd record. Run 1, Event 982, LumiSection 20 on stream 0 at 13-Jun-2021 19:23:43.865 CEST
Begin processing the 33rd record. Run 1, Event 983, LumiSection 20 on stream 1 at 13-Jun-2021 19:24:14.916 CEST
Begin processing the 34th record. Run 1, Event 984, LumiSection 20 on stream 2 at 13-Jun-2021 19:24:27.739 CEST
Begin processing the 35th record. Run 1, Event 985, LumiSection 20 on stream 3 at 13-Jun-2021 19:24:38.661 CEST
Begin processing the 36th record. Run 1, Event 986, LumiSection 20 on stream 0 at 13-Jun-2021 19:24:41.067 CEST
Begin processing the 37th record. Run 1, Event 987, LumiSection 20 on stream 1 at 13-Jun-2021 19:24:59.397 CEST
Begin processing the 38th record. Run 1, Event 988, LumiSection 20 on stream 1 at 13-Jun-2021 19:25:08.769 CEST
Begin processing the 39th record. Run 1, Event 989, LumiSection 20 on stream 0 at 13-Jun-2021 19:25:09.263 CEST
Begin processing the 40th record. Run 1, Event 990, LumiSection 20 on stream 3 at 13-Jun-2021 19:25:23.214 CEST
Begin processing the 41st record. Run 1, Event 991, LumiSection 20 on stream 2 at 13-Jun-2021 19:25:25.873 CEST
Begin processing the 42nd record. Run 1, Event 992, LumiSection 20 on stream 1 at 13-Jun-2021 19:25:42.431 CEST
Begin processing the 43rd record. Run 1, Event 993, LumiSection 20 on stream 2 at 13-Jun-2021 19:25:54.197 CEST
Begin processing the 44th record. Run 1, Event 994, LumiSection 20 on stream 0 at 13-Jun-2021 19:26:06.113 CEST
Begin processing the 45th record. Run 1, Event 995, LumiSection 20 on stream 1 at 13-Jun-2021 19:26:27.955 CEST
Begin processing the 46th record. Run 1, Event 996, LumiSection 20 on stream 3 at 13-Jun-2021 19:26:32.797 CEST
Begin processing the 47th record. Run 1, Event 997, LumiSection 20 on stream 2 at 13-Jun-2021 19:26:33.949 CEST
Begin processing the 48th record. Run 1, Event 998, LumiSection 20 on stream 0 at 13-Jun-2021 19:26:58.560 CEST
Begin processing the 49th record. Run 1, Event 999, LumiSection 20 on stream 3 at 13-Jun-2021 19:27:10.065 CEST
Begin processing the 50th record. Run 1, Event 1000, LumiSection 20 on stream 2 at 13-Jun-2021 19:27:14.227 CEST
13-Jun-2021 19:27:57 CEST  Closed file file:/eos/cms/store/user/tsarkar/wgen_Vector_MonoZLL_NLO_Mphi-500_Mchi-150_gSM-0p25_gDM-1p0_ctau0p1/RunIISummer20UL17_wmLHEGEN/210607_153902/0000/step_wgen_20.root

=============================================

MessageLogger Summary

 type     category        sev    module        subroutine        count    total
 ---- -------------------- -- ---------------- ----------------  -----    -----
    1 fileAction           -s file_close                             1        1
    2 fileAction           -s file_open                              2        2

 type    category    Examples: run/evt        run/evt          run/evt
 ---- -------------------- ---------------- ---------------- ----------------
    1 fileAction           PostGlobalEndRun                  
    2 fileAction           pre-events       pre-events       

Severity    # Occurrences   Total Occurrences
--------    -------------   -----------------
System                  3                   3

dropped waiting message count 7
