000 (7304642.000.000) 06/13 19:12:04 Job submitted from host: <137.138.44.75:9618?addrs=137.138.44.75-9618+[2001-1458-d00-1a--b]-9618&alias=bigbird14.cern.ch&noUDP&sock=schedd_3149486_02ef>
...
040 (7304642.000.000) 06/13 19:12:59 Started transferring input files
	Transferring to host: <188.184.190.23:9618?addrs=188.184.190.23-9618+[2001-1458-301-4b--100-8]-9618&alias=b7g42n0084.cern.ch&noUDP&sock=slot1_3_4400_f2ac_48358>
...
040 (7304642.000.000) 06/13 19:12:59 Finished transferring input files
...
001 (7304642.000.000) 06/13 19:13:00 Job executing on host: <188.184.190.23:9618?addrs=188.184.190.23-9618+[2001-1458-301-4b--100-8]-9618&alias=b7g42n0084.cern.ch&noUDP&sock=startd_4028_7391>
...
006 (7304642.000.000) 06/13 19:13:09 Image size of job updated: 252572
	20  -  MemoryUsage of job (MB)
	20064  -  ResidentSetSize of job (KB)
...
006 (7304642.000.000) 06/13 19:18:10 Image size of job updated: 1581284
	636  -  MemoryUsage of job (MB)
	650424  -  ResidentSetSize of job (KB)
...
006 (7304642.000.000) 06/13 19:23:10 Image size of job updated: 1581312
	643  -  MemoryUsage of job (MB)
	657660  -  ResidentSetSize of job (KB)
...
006 (7304642.000.000) 06/13 19:27:28 Image size of job updated: 1663232
	643  -  MemoryUsage of job (MB)
	657664  -  ResidentSetSize of job (KB)
...
040 (7304642.000.000) 06/13 19:27:29 Started transferring output files
...
040 (7304642.000.000) 06/13 19:27:29 Finished transferring output files
...
005 (7304642.000.000) 06/13 19:27:29 Job terminated.
	(1) Normal termination (return value 0)
		Usr 0 00:31:45, Sys 0 00:00:19  -  Run Remote Usage
		Usr 0 00:00:00, Sys 0 00:00:00  -  Run Local Usage
		Usr 0 00:31:45, Sys 0 00:00:19  -  Total Remote Usage
		Usr 0 00:00:00, Sys 0 00:00:00  -  Total Local Usage
	12854  -  Run Bytes Sent By Job
	421  -  Run Bytes Received By Job
	12854  -  Total Bytes Sent By Job
	421  -  Total Bytes Received By Job
	Partitionable Resources :    Usage  Request Allocated 
	   Cpus                 :     2.39        1         1 
	   Disk (KB)            :    33           1    296755 
	   Memory (MB)          :   643        2000      2000 

	Job terminated of its own accord at 2021-06-13T17:27:28Z.
...
