%MSG-i ThreadStreamSetup:  (NoModuleName) 13-Jun-2021 19:13:16 CEST pre-events
setting # threads 4
setting # streams 4
%MSG
13-Jun-2021 19:13:32 CEST  Initiating request to open file file:/eos/cms/store/user/tsarkar/wgen_Vector_MonoZLL_NLO_Mphi-500_Mchi-150_gSM-0p25_gDM-1p0_ctau0p1/RunIISummer20UL17_wmLHEGEN/210607_153902/0000/step_wgen_18.root
13-Jun-2021 19:13:35 CEST  Successfully opened file file:/eos/cms/store/user/tsarkar/wgen_Vector_MonoZLL_NLO_Mphi-500_Mchi-150_gSM-0p25_gDM-1p0_ctau0p1/RunIISummer20UL17_wmLHEGEN/210607_153902/0000/step_wgen_18.root
Begin processing the 1st record. Run 1, Event 851, LumiSection 18 on stream 0 at 13-Jun-2021 19:14:37.430 CEST
Begin processing the 2nd record. Run 1, Event 852, LumiSection 18 on stream 1 at 13-Jun-2021 19:14:37.430 CEST
Begin processing the 3rd record. Run 1, Event 853, LumiSection 18 on stream 2 at 13-Jun-2021 19:14:37.430 CEST
Begin processing the 4th record. Run 1, Event 854, LumiSection 18 on stream 3 at 13-Jun-2021 19:14:37.430 CEST
Begin processing the 5th record. Run 1, Event 855, LumiSection 18 on stream 1 at 13-Jun-2021 19:15:33.759 CEST
Begin processing the 6th record. Run 1, Event 856, LumiSection 18 on stream 3 at 13-Jun-2021 19:15:34.896 CEST
Begin processing the 7th record. Run 1, Event 857, LumiSection 18 on stream 0 at 13-Jun-2021 19:16:02.937 CEST
Begin processing the 8th record. Run 1, Event 858, LumiSection 18 on stream 3 at 13-Jun-2021 19:16:05.687 CEST
Begin processing the 9th record. Run 1, Event 859, LumiSection 18 on stream 1 at 13-Jun-2021 19:16:11.775 CEST
Begin processing the 10th record. Run 1, Event 860, LumiSection 18 on stream 2 at 13-Jun-2021 19:16:24.286 CEST
Begin processing the 11th record. Run 1, Event 861, LumiSection 18 on stream 1 at 13-Jun-2021 19:16:29.601 CEST
Begin processing the 12th record. Run 1, Event 862, LumiSection 18 on stream 0 at 13-Jun-2021 19:16:29.975 CEST
Begin processing the 13th record. Run 1, Event 863, LumiSection 18 on stream 3 at 13-Jun-2021 19:16:43.125 CEST
Begin processing the 14th record. Run 1, Event 864, LumiSection 18 on stream 2 at 13-Jun-2021 19:17:05.483 CEST
Begin processing the 15th record. Run 1, Event 865, LumiSection 18 on stream 2 at 13-Jun-2021 19:17:27.164 CEST
Begin processing the 16th record. Run 1, Event 866, LumiSection 18 on stream 0 at 13-Jun-2021 19:17:46.152 CEST
Begin processing the 17th record. Run 1, Event 867, LumiSection 18 on stream 3 at 13-Jun-2021 19:17:57.031 CEST
Begin processing the 18th record. Run 1, Event 868, LumiSection 18 on stream 1 at 13-Jun-2021 19:18:04.602 CEST
Begin processing the 19th record. Run 1, Event 869, LumiSection 18 on stream 0 at 13-Jun-2021 19:18:15.665 CEST
Begin processing the 20th record. Run 1, Event 870, LumiSection 18 on stream 1 at 13-Jun-2021 19:18:23.286 CEST
Begin processing the 21st record. Run 1, Event 871, LumiSection 18 on stream 3 at 13-Jun-2021 19:18:32.388 CEST
Begin processing the 22nd record. Run 1, Event 872, LumiSection 18 on stream 2 at 13-Jun-2021 19:18:35.724 CEST
Begin processing the 23rd record. Run 1, Event 873, LumiSection 18 on stream 1 at 13-Jun-2021 19:18:58.432 CEST
Begin processing the 24th record. Run 1, Event 874, LumiSection 18 on stream 3 at 13-Jun-2021 19:19:06.173 CEST
Begin processing the 25th record. Run 1, Event 875, LumiSection 18 on stream 0 at 13-Jun-2021 19:19:14.055 CEST
Begin processing the 26th record. Run 1, Event 876, LumiSection 18 on stream 2 at 13-Jun-2021 19:19:17.557 CEST
Begin processing the 27th record. Run 1, Event 877, LumiSection 18 on stream 0 at 13-Jun-2021 19:19:30.708 CEST
Begin processing the 28th record. Run 1, Event 878, LumiSection 18 on stream 2 at 13-Jun-2021 19:19:48.694 CEST
Begin processing the 29th record. Run 1, Event 879, LumiSection 18 on stream 0 at 13-Jun-2021 19:20:00.426 CEST
Begin processing the 30th record. Run 1, Event 880, LumiSection 18 on stream 1 at 13-Jun-2021 19:20:07.078 CEST
Begin processing the 31st record. Run 1, Event 881, LumiSection 18 on stream 2 at 13-Jun-2021 19:20:08.667 CEST
Begin processing the 32nd record. Run 1, Event 882, LumiSection 18 on stream 0 at 13-Jun-2021 19:20:34.969 CEST
Begin processing the 33rd record. Run 1, Event 883, LumiSection 18 on stream 1 at 13-Jun-2021 19:20:36.639 CEST
Begin processing the 34th record. Run 1, Event 884, LumiSection 18 on stream 0 at 13-Jun-2021 19:20:55.135 CEST
Begin processing the 35th record. Run 1, Event 885, LumiSection 18 on stream 2 at 13-Jun-2021 19:21:25.628 CEST
Begin processing the 36th record. Run 1, Event 886, LumiSection 18 on stream 3 at 13-Jun-2021 19:21:42.788 CEST
Begin processing the 37th record. Run 1, Event 887, LumiSection 18 on stream 0 at 13-Jun-2021 19:21:57.120 CEST
Begin processing the 38th record. Run 1, Event 888, LumiSection 18 on stream 1 at 13-Jun-2021 19:22:04.417 CEST
Begin processing the 39th record. Run 1, Event 889, LumiSection 18 on stream 0 at 13-Jun-2021 19:22:36.283 CEST
Begin processing the 40th record. Run 1, Event 890, LumiSection 18 on stream 2 at 13-Jun-2021 19:22:45.861 CEST
Begin processing the 41st record. Run 1, Event 891, LumiSection 18 on stream 1 at 13-Jun-2021 19:23:05.984 CEST
Begin processing the 42nd record. Run 1, Event 892, LumiSection 18 on stream 0 at 13-Jun-2021 19:23:30.541 CEST
Begin processing the 43rd record. Run 1, Event 893, LumiSection 18 on stream 3 at 13-Jun-2021 19:23:32.991 CEST
Begin processing the 44th record. Run 1, Event 894, LumiSection 18 on stream 2 at 13-Jun-2021 19:23:33.797 CEST
Begin processing the 45th record. Run 1, Event 895, LumiSection 18 on stream 2 at 13-Jun-2021 19:23:40.952 CEST
Begin processing the 46th record. Run 1, Event 896, LumiSection 18 on stream 1 at 13-Jun-2021 19:23:52.554 CEST
Begin processing the 47th record. Run 1, Event 897, LumiSection 18 on stream 3 at 13-Jun-2021 19:23:54.299 CEST
Begin processing the 48th record. Run 1, Event 898, LumiSection 18 on stream 2 at 13-Jun-2021 19:23:56.516 CEST
Begin processing the 49th record. Run 1, Event 899, LumiSection 18 on stream 0 at 13-Jun-2021 19:24:00.832 CEST
Begin processing the 50th record. Run 1, Event 900, LumiSection 18 on stream 2 at 13-Jun-2021 19:24:04.391 CEST
13-Jun-2021 19:24:56 CEST  Closed file file:/eos/cms/store/user/tsarkar/wgen_Vector_MonoZLL_NLO_Mphi-500_Mchi-150_gSM-0p25_gDM-1p0_ctau0p1/RunIISummer20UL17_wmLHEGEN/210607_153902/0000/step_wgen_18.root

=============================================

MessageLogger Summary

 type     category        sev    module        subroutine        count    total
 ---- -------------------- -- ---------------- ----------------  -----    -----
    1 fileAction           -s file_close                             1        1
    2 fileAction           -s file_open                              2        2

 type    category    Examples: run/evt        run/evt          run/evt
 ---- -------------------- ---------------- ---------------- ----------------
    1 fileAction           PostGlobalEndRun                  
    2 fileAction           pre-events       pre-events       

Severity    # Occurrences   Total Occurrences
--------    -------------   -----------------
System                  3                   3

dropped waiting message count 103
