000 (7304638.000.000) 06/13 19:12:00 Job submitted from host: <137.138.44.75:9618?addrs=137.138.44.75-9618+[2001-1458-d00-1a--b]-9618&alias=bigbird14.cern.ch&noUDP&sock=schedd_3149486_02ef>
...
040 (7304638.000.000) 06/13 19:12:57 Started transferring input files
	Transferring to host: <128.142.240.228:9618?addrs=128.142.240.228-9618+[2001-1458-301-9--100-2d7]-9618&alias=b7g41n4515.cern.ch&noUDP&sock=slot1_7_27351_00f1_90864>
...
040 (7304638.000.000) 06/13 19:12:57 Finished transferring input files
...
001 (7304638.000.000) 06/13 19:12:58 Job executing on host: <128.142.240.228:9618?addrs=128.142.240.228-9618+[2001-1458-301-9--100-2d7]-9618&alias=b7g41n4515.cern.ch&noUDP&sock=startd_6599_f18f>
...
006 (7304638.000.000) 06/13 19:13:07 Image size of job updated: 261124
	19  -  MemoryUsage of job (MB)
	18868  -  ResidentSetSize of job (KB)
...
006 (7304638.000.000) 06/13 19:18:08 Image size of job updated: 1545400
	623  -  MemoryUsage of job (MB)
	637384  -  ResidentSetSize of job (KB)
...
006 (7304638.000.000) 06/13 19:23:09 Image size of job updated: 1574092
	659  -  MemoryUsage of job (MB)
	673952  -  ResidentSetSize of job (KB)
...
006 (7304638.000.000) 06/13 19:28:09 Image size of job updated: 1709260
	715  -  MemoryUsage of job (MB)
	731584  -  ResidentSetSize of job (KB)
...
006 (7304638.000.000) 06/13 19:29:00 Image size of job updated: 1742028
	715  -  MemoryUsage of job (MB)
	731584  -  ResidentSetSize of job (KB)
...
040 (7304638.000.000) 06/13 19:29:00 Started transferring output files
...
040 (7304638.000.000) 06/13 19:29:00 Finished transferring output files
...
005 (7304638.000.000) 06/13 19:29:00 Job terminated.
	(1) Normal termination (return value 0)
		Usr 0 00:32:21, Sys 0 00:00:11  -  Run Remote Usage
		Usr 0 00:00:00, Sys 0 00:00:00  -  Run Local Usage
		Usr 0 00:32:21, Sys 0 00:00:11  -  Total Remote Usage
		Usr 0 00:00:00, Sys 0 00:00:00  -  Total Local Usage
	12854  -  Run Bytes Sent By Job
	421  -  Run Bytes Received By Job
	12854  -  Total Bytes Sent By Job
	421  -  Total Bytes Received By Job
	Partitionable Resources :    Usage  Request Allocated 
	   Cpus                 :     1.72        1         1 
	   Disk (KB)            :    33           1    348520 
	   Memory (MB)          :   715        2000      2000 

	Job terminated of its own accord at 2021-06-13T17:29:00Z.
...
