%MSG-i ThreadStreamSetup:  (NoModuleName) 13-Jun-2021 19:13:11 CEST pre-events
setting # threads 4
setting # streams 4
%MSG
13-Jun-2021 19:13:23 CEST  Initiating request to open file file:/eos/cms/store/user/tsarkar/wgen_Vector_MonoZLL_NLO_Mphi-500_Mchi-150_gSM-0p25_gDM-1p0_ctau0p1/RunIISummer20UL17_wmLHEGEN/210607_153902/0000/step_wgen_13.root
13-Jun-2021 19:13:25 CEST  Successfully opened file file:/eos/cms/store/user/tsarkar/wgen_Vector_MonoZLL_NLO_Mphi-500_Mchi-150_gSM-0p25_gDM-1p0_ctau0p1/RunIISummer20UL17_wmLHEGEN/210607_153902/0000/step_wgen_13.root
Begin processing the 1st record. Run 1, Event 601, LumiSection 13 on stream 0 at 13-Jun-2021 19:14:22.513 CEST
Begin processing the 2nd record. Run 1, Event 602, LumiSection 13 on stream 2 at 13-Jun-2021 19:14:22.513 CEST
Begin processing the 3rd record. Run 1, Event 603, LumiSection 13 on stream 3 at 13-Jun-2021 19:14:22.513 CEST
Begin processing the 4th record. Run 1, Event 604, LumiSection 13 on stream 1 at 13-Jun-2021 19:14:22.513 CEST
Begin processing the 5th record. Run 1, Event 605, LumiSection 13 on stream 3 at 13-Jun-2021 19:14:57.711 CEST
Begin processing the 6th record. Run 1, Event 606, LumiSection 13 on stream 1 at 13-Jun-2021 19:15:25.073 CEST
Begin processing the 7th record. Run 1, Event 607, LumiSection 13 on stream 2 at 13-Jun-2021 19:15:28.592 CEST
Begin processing the 8th record. Run 1, Event 608, LumiSection 13 on stream 1 at 13-Jun-2021 19:15:46.003 CEST
Begin processing the 9th record. Run 1, Event 609, LumiSection 13 on stream 0 at 13-Jun-2021 19:15:51.330 CEST
Begin processing the 10th record. Run 1, Event 610, LumiSection 13 on stream 1 at 13-Jun-2021 19:16:03.541 CEST
Begin processing the 11th record. Run 1, Event 611, LumiSection 13 on stream 3 at 13-Jun-2021 19:16:10.823 CEST
Begin processing the 12th record. Run 1, Event 612, LumiSection 13 on stream 0 at 13-Jun-2021 19:16:16.482 CEST
Begin processing the 13th record. Run 1, Event 613, LumiSection 13 on stream 2 at 13-Jun-2021 19:16:18.782 CEST
Begin processing the 14th record. Run 1, Event 614, LumiSection 13 on stream 0 at 13-Jun-2021 19:16:43.562 CEST
Begin processing the 15th record. Run 1, Event 615, LumiSection 13 on stream 1 at 13-Jun-2021 19:16:55.970 CEST
Begin processing the 16th record. Run 1, Event 616, LumiSection 13 on stream 2 at 13-Jun-2021 19:17:06.490 CEST
Begin processing the 17th record. Run 1, Event 617, LumiSection 13 on stream 1 at 13-Jun-2021 19:17:17.344 CEST
Begin processing the 18th record. Run 1, Event 618, LumiSection 13 on stream 0 at 13-Jun-2021 19:17:24.573 CEST
Begin processing the 19th record. Run 1, Event 619, LumiSection 13 on stream 2 at 13-Jun-2021 19:17:24.967 CEST
Begin processing the 20th record. Run 1, Event 620, LumiSection 13 on stream 3 at 13-Jun-2021 19:17:38.476 CEST
Begin processing the 21st record. Run 1, Event 621, LumiSection 13 on stream 1 at 13-Jun-2021 19:17:52.803 CEST
Begin processing the 22nd record. Run 1, Event 622, LumiSection 13 on stream 2 at 13-Jun-2021 19:17:54.010 CEST
Begin processing the 23rd record. Run 1, Event 623, LumiSection 13 on stream 0 at 13-Jun-2021 19:18:01.340 CEST
Begin processing the 24th record. Run 1, Event 624, LumiSection 13 on stream 1 at 13-Jun-2021 19:18:25.322 CEST
Begin processing the 25th record. Run 1, Event 625, LumiSection 13 on stream 0 at 13-Jun-2021 19:18:28.925 CEST
Begin processing the 26th record. Run 1, Event 626, LumiSection 13 on stream 3 at 13-Jun-2021 19:18:33.066 CEST
Begin processing the 27th record. Run 1, Event 627, LumiSection 13 on stream 2 at 13-Jun-2021 19:18:46.155 CEST
Begin processing the 28th record. Run 1, Event 628, LumiSection 13 on stream 3 at 13-Jun-2021 19:18:46.265 CEST
Begin processing the 29th record. Run 1, Event 629, LumiSection 13 on stream 0 at 13-Jun-2021 19:18:58.839 CEST
Begin processing the 30th record. Run 1, Event 630, LumiSection 13 on stream 1 at 13-Jun-2021 19:19:09.426 CEST
Begin processing the 31st record. Run 1, Event 631, LumiSection 13 on stream 3 at 13-Jun-2021 19:19:26.668 CEST
Begin processing the 32nd record. Run 1, Event 632, LumiSection 13 on stream 2 at 13-Jun-2021 19:19:27.758 CEST
Begin processing the 33rd record. Run 1, Event 633, LumiSection 13 on stream 1 at 13-Jun-2021 19:19:40.481 CEST
Begin processing the 34th record. Run 1, Event 634, LumiSection 13 on stream 0 at 13-Jun-2021 19:19:57.097 CEST
Begin processing the 35th record. Run 1, Event 635, LumiSection 13 on stream 1 at 13-Jun-2021 19:20:14.187 CEST
Begin processing the 36th record. Run 1, Event 636, LumiSection 13 on stream 3 at 13-Jun-2021 19:20:26.140 CEST
Begin processing the 37th record. Run 1, Event 637, LumiSection 13 on stream 0 at 13-Jun-2021 19:20:40.704 CEST
Begin processing the 38th record. Run 1, Event 638, LumiSection 13 on stream 2 at 13-Jun-2021 19:20:53.396 CEST
Begin processing the 39th record. Run 1, Event 639, LumiSection 13 on stream 3 at 13-Jun-2021 19:21:02.406 CEST
Begin processing the 40th record. Run 1, Event 640, LumiSection 13 on stream 2 at 13-Jun-2021 19:21:22.556 CEST
Begin processing the 41st record. Run 1, Event 641, LumiSection 13 on stream 1 at 13-Jun-2021 19:21:25.461 CEST
Begin processing the 42nd record. Run 1, Event 642, LumiSection 13 on stream 0 at 13-Jun-2021 19:21:40.178 CEST
Begin processing the 43rd record. Run 1, Event 643, LumiSection 13 on stream 3 at 13-Jun-2021 19:21:46.225 CEST
Begin processing the 44th record. Run 1, Event 644, LumiSection 13 on stream 2 at 13-Jun-2021 19:22:06.138 CEST
Begin processing the 45th record. Run 1, Event 645, LumiSection 13 on stream 1 at 13-Jun-2021 19:22:12.297 CEST
Begin processing the 46th record. Run 1, Event 646, LumiSection 13 on stream 0 at 13-Jun-2021 19:22:18.153 CEST
Begin processing the 47th record. Run 1, Event 647, LumiSection 13 on stream 2 at 13-Jun-2021 19:22:25.112 CEST
Begin processing the 48th record. Run 1, Event 648, LumiSection 13 on stream 1 at 13-Jun-2021 19:22:35.447 CEST
Begin processing the 49th record. Run 1, Event 649, LumiSection 13 on stream 3 at 13-Jun-2021 19:23:02.622 CEST
Begin processing the 50th record. Run 1, Event 650, LumiSection 13 on stream 2 at 13-Jun-2021 19:23:13.880 CEST
13-Jun-2021 19:23:53 CEST  Closed file file:/eos/cms/store/user/tsarkar/wgen_Vector_MonoZLL_NLO_Mphi-500_Mchi-150_gSM-0p25_gDM-1p0_ctau0p1/RunIISummer20UL17_wmLHEGEN/210607_153902/0000/step_wgen_13.root

=============================================

MessageLogger Summary

 type     category        sev    module        subroutine        count    total
 ---- -------------------- -- ---------------- ----------------  -----    -----
    1 fileAction           -s file_close                             1        1
    2 fileAction           -s file_open                              2        2

 type    category    Examples: run/evt        run/evt          run/evt
 ---- -------------------- ---------------- ---------------- ----------------
    1 fileAction           PostGlobalEndRun                  
    2 fileAction           pre-events       pre-events       

Severity    # Occurrences   Total Occurrences
--------    -------------   -----------------
System                  3                   3

dropped waiting message count 0
