000 (7304648.000.000) 06/13 19:12:11 Job submitted from host: <137.138.44.75:9618?addrs=137.138.44.75-9618+[2001-1458-d00-1a--b]-9618&alias=bigbird14.cern.ch&noUDP&sock=schedd_3149486_02ef>
...
040 (7304648.000.000) 06/13 19:12:59 Started transferring input files
	Transferring to host: <188.184.213.27:9618?addrs=188.184.213.27-9618+[2001-1458-301-10c--100-fc]-9618&alias=b7g24n0522.cern.ch&noUDP&sock=slot1_4_16418_b755_96568>
...
040 (7304648.000.000) 06/13 19:12:59 Finished transferring input files
...
001 (7304648.000.000) 06/13 19:13:00 Job executing on host: <188.184.213.27:9618?addrs=188.184.213.27-9618+[2001-1458-301-10c--100-fc]-9618&alias=b7g24n0522.cern.ch&noUDP&sock=startd_5684_5467>
...
006 (7304648.000.000) 06/13 19:13:09 Image size of job updated: 269408
	27  -  MemoryUsage of job (MB)
	27332  -  ResidentSetSize of job (KB)
...
006 (7304648.000.000) 06/13 19:18:09 Image size of job updated: 1581312
	643  -  MemoryUsage of job (MB)
	657864  -  ResidentSetSize of job (KB)
...
006 (7304648.000.000) 06/13 19:23:10 Image size of job updated: 1683712
	720  -  MemoryUsage of job (MB)
	736488  -  ResidentSetSize of job (KB)
...
040 (7304648.000.000) 06/13 19:23:25 Started transferring output files
...
040 (7304648.000.000) 06/13 19:23:25 Finished transferring output files
...
005 (7304648.000.000) 06/13 19:23:25 Job terminated.
	(1) Normal termination (return value 0)
		Usr 0 00:29:31, Sys 0 00:00:13  -  Run Remote Usage
		Usr 0 00:00:00, Sys 0 00:00:00  -  Run Local Usage
		Usr 0 00:29:31, Sys 0 00:00:13  -  Total Remote Usage
		Usr 0 00:00:00, Sys 0 00:00:00  -  Total Local Usage
	13616  -  Run Bytes Sent By Job
	422  -  Run Bytes Received By Job
	13616  -  Total Bytes Sent By Job
	422  -  Total Bytes Received By Job
	Partitionable Resources :    Usage  Request Allocated 
	   Cpus                 :     3.25        1         1 
	   Disk (KB)            :    34           1    295302 
	   Memory (MB)          :   720        2000      2000 

	Job terminated of its own accord at 2021-06-13T17:23:25Z.
...
