%MSG-i ThreadStreamSetup:  (NoModuleName) 13-Jun-2021 19:13:13 CEST pre-events
setting # threads 4
setting # streams 4
%MSG
13-Jun-2021 19:13:27 CEST  Initiating request to open file file:/eos/cms/store/user/tsarkar/wgen_Vector_MonoZLL_NLO_Mphi-500_Mchi-150_gSM-0p25_gDM-1p0_ctau0p1/RunIISummer20UL17_wmLHEGEN/210607_153902/0000/step_wgen_9.root
13-Jun-2021 19:13:30 CEST  Successfully opened file file:/eos/cms/store/user/tsarkar/wgen_Vector_MonoZLL_NLO_Mphi-500_Mchi-150_gSM-0p25_gDM-1p0_ctau0p1/RunIISummer20UL17_wmLHEGEN/210607_153902/0000/step_wgen_9.root
Begin processing the 1st record. Run 1, Event 401, LumiSection 9 on stream 0 at 13-Jun-2021 19:14:32.600 CEST
Begin processing the 2nd record. Run 1, Event 402, LumiSection 9 on stream 1 at 13-Jun-2021 19:14:32.600 CEST
Begin processing the 3rd record. Run 1, Event 403, LumiSection 9 on stream 2 at 13-Jun-2021 19:14:32.600 CEST
Begin processing the 4th record. Run 1, Event 404, LumiSection 9 on stream 3 at 13-Jun-2021 19:14:32.600 CEST
Begin processing the 5th record. Run 1, Event 405, LumiSection 9 on stream 1 at 13-Jun-2021 19:15:04.821 CEST
Begin processing the 6th record. Run 1, Event 406, LumiSection 9 on stream 0 at 13-Jun-2021 19:16:12.690 CEST
Begin processing the 7th record. Run 1, Event 407, LumiSection 9 on stream 1 at 13-Jun-2021 19:16:39.834 CEST
Begin processing the 8th record. Run 1, Event 408, LumiSection 9 on stream 3 at 13-Jun-2021 19:16:40.860 CEST
Begin processing the 9th record. Run 1, Event 409, LumiSection 9 on stream 2 at 13-Jun-2021 19:16:54.284 CEST
Begin processing the 10th record. Run 1, Event 410, LumiSection 9 on stream 1 at 13-Jun-2021 19:17:10.240 CEST
Begin processing the 11th record. Run 1, Event 411, LumiSection 9 on stream 0 at 13-Jun-2021 19:17:44.202 CEST
Begin processing the 12th record. Run 1, Event 412, LumiSection 9 on stream 3 at 13-Jun-2021 19:17:48.151 CEST
Begin processing the 13th record. Run 1, Event 413, LumiSection 9 on stream 1 at 13-Jun-2021 19:18:02.401 CEST
Begin processing the 14th record. Run 1, Event 414, LumiSection 9 on stream 1 at 13-Jun-2021 19:18:38.655 CEST
Begin processing the 15th record. Run 1, Event 415, LumiSection 9 on stream 0 at 13-Jun-2021 19:18:59.307 CEST
Begin processing the 16th record. Run 1, Event 416, LumiSection 9 on stream 2 at 13-Jun-2021 19:19:07.956 CEST
Begin processing the 17th record. Run 1, Event 417, LumiSection 9 on stream 3 at 13-Jun-2021 19:19:08.931 CEST
Begin processing the 18th record. Run 1, Event 418, LumiSection 9 on stream 1 at 13-Jun-2021 19:19:22.564 CEST
Begin processing the 19th record. Run 1, Event 419, LumiSection 9 on stream 3 at 13-Jun-2021 19:19:24.865 CEST
Begin processing the 20th record. Run 1, Event 420, LumiSection 9 on stream 0 at 13-Jun-2021 19:19:49.955 CEST
Begin processing the 21st record. Run 1, Event 421, LumiSection 9 on stream 2 at 13-Jun-2021 19:19:52.833 CEST
Begin processing the 22nd record. Run 1, Event 422, LumiSection 9 on stream 2 at 13-Jun-2021 19:20:03.562 CEST
Begin processing the 23rd record. Run 1, Event 423, LumiSection 9 on stream 3 at 13-Jun-2021 19:20:14.225 CEST
Begin processing the 24th record. Run 1, Event 424, LumiSection 9 on stream 1 at 13-Jun-2021 19:20:26.080 CEST
Begin processing the 25th record. Run 1, Event 425, LumiSection 9 on stream 0 at 13-Jun-2021 19:20:31.529 CEST
Begin processing the 26th record. Run 1, Event 426, LumiSection 9 on stream 2 at 13-Jun-2021 19:21:10.739 CEST
Begin processing the 27th record. Run 1, Event 427, LumiSection 9 on stream 0 at 13-Jun-2021 19:21:35.158 CEST
Begin processing the 28th record. Run 1, Event 428, LumiSection 9 on stream 1 at 13-Jun-2021 19:21:38.708 CEST
Begin processing the 29th record. Run 1, Event 429, LumiSection 9 on stream 3 at 13-Jun-2021 19:21:39.793 CEST
Begin processing the 30th record. Run 1, Event 430, LumiSection 9 on stream 2 at 13-Jun-2021 19:22:15.371 CEST
Begin processing the 31st record. Run 1, Event 431, LumiSection 9 on stream 3 at 13-Jun-2021 19:22:28.213 CEST
Begin processing the 32nd record. Run 1, Event 432, LumiSection 9 on stream 1 at 13-Jun-2021 19:22:43.391 CEST
Begin processing the 33rd record. Run 1, Event 433, LumiSection 9 on stream 0 at 13-Jun-2021 19:22:51.814 CEST
Begin processing the 34th record. Run 1, Event 434, LumiSection 9 on stream 3 at 13-Jun-2021 19:23:14.031 CEST
Begin processing the 35th record. Run 1, Event 435, LumiSection 9 on stream 2 at 13-Jun-2021 19:23:19.095 CEST
Begin processing the 36th record. Run 1, Event 436, LumiSection 9 on stream 0 at 13-Jun-2021 19:23:36.049 CEST
Begin processing the 37th record. Run 1, Event 437, LumiSection 9 on stream 1 at 13-Jun-2021 19:23:44.450 CEST
Begin processing the 38th record. Run 1, Event 438, LumiSection 9 on stream 3 at 13-Jun-2021 19:23:49.663 CEST
Begin processing the 39th record. Run 1, Event 439, LumiSection 9 on stream 0 at 13-Jun-2021 19:24:01.156 CEST
Begin processing the 40th record. Run 1, Event 440, LumiSection 9 on stream 2 at 13-Jun-2021 19:24:24.436 CEST
Begin processing the 41st record. Run 1, Event 441, LumiSection 9 on stream 0 at 13-Jun-2021 19:24:48.822 CEST
Begin processing the 42nd record. Run 1, Event 442, LumiSection 9 on stream 1 at 13-Jun-2021 19:24:49.470 CEST
Begin processing the 43rd record. Run 1, Event 443, LumiSection 9 on stream 3 at 13-Jun-2021 19:24:51.390 CEST
Begin processing the 44th record. Run 1, Event 444, LumiSection 9 on stream 2 at 13-Jun-2021 19:25:08.378 CEST
Begin processing the 45th record. Run 1, Event 445, LumiSection 9 on stream 3 at 13-Jun-2021 19:25:21.032 CEST
Begin processing the 46th record. Run 1, Event 446, LumiSection 9 on stream 1 at 13-Jun-2021 19:25:42.735 CEST
Begin processing the 47th record. Run 1, Event 447, LumiSection 9 on stream 0 at 13-Jun-2021 19:25:57.998 CEST
Begin processing the 48th record. Run 1, Event 448, LumiSection 9 on stream 1 at 13-Jun-2021 19:26:06.722 CEST
Begin processing the 49th record. Run 1, Event 449, LumiSection 9 on stream 2 at 13-Jun-2021 19:26:08.174 CEST
Begin processing the 50th record. Run 1, Event 450, LumiSection 9 on stream 0 at 13-Jun-2021 19:26:14.194 CEST
13-Jun-2021 19:27:25 CEST  Closed file file:/eos/cms/store/user/tsarkar/wgen_Vector_MonoZLL_NLO_Mphi-500_Mchi-150_gSM-0p25_gDM-1p0_ctau0p1/RunIISummer20UL17_wmLHEGEN/210607_153902/0000/step_wgen_9.root

=============================================

MessageLogger Summary

 type     category        sev    module        subroutine        count    total
 ---- -------------------- -- ---------------- ----------------  -----    -----
    1 fileAction           -s file_close                             1        1
    2 fileAction           -s file_open                              2        2

 type    category    Examples: run/evt        run/evt          run/evt
 ---- -------------------- ---------------- ---------------- ----------------
    1 fileAction           PostGlobalEndRun                  
    2 fileAction           pre-events       pre-events       

Severity    # Occurrences   Total Occurrences
--------    -------------   -----------------
System                  3                   3

dropped waiting message count 0
