%MSG-i ThreadStreamSetup:  (NoModuleName) 13-Jun-2021 19:13:13 CEST pre-events
setting # threads 4
setting # streams 4
%MSG
13-Jun-2021 19:13:28 CEST  Initiating request to open file file:/eos/cms/store/user/tsarkar/wgen_Vector_MonoZLL_NLO_Mphi-500_Mchi-150_gSM-0p25_gDM-1p0_ctau0p1/RunIISummer20UL17_wmLHEGEN/210607_153902/0000/step_wgen_5.root
13-Jun-2021 19:13:31 CEST  Successfully opened file file:/eos/cms/store/user/tsarkar/wgen_Vector_MonoZLL_NLO_Mphi-500_Mchi-150_gSM-0p25_gDM-1p0_ctau0p1/RunIISummer20UL17_wmLHEGEN/210607_153902/0000/step_wgen_5.root
Begin processing the 1st record. Run 1, Event 201, LumiSection 5 on stream 0 at 13-Jun-2021 19:14:42.878 CEST
Begin processing the 2nd record. Run 1, Event 202, LumiSection 5 on stream 3 at 13-Jun-2021 19:14:42.878 CEST
Begin processing the 3rd record. Run 1, Event 203, LumiSection 5 on stream 2 at 13-Jun-2021 19:14:42.879 CEST
Begin processing the 4th record. Run 1, Event 204, LumiSection 5 on stream 1 at 13-Jun-2021 19:14:42.879 CEST
Begin processing the 5th record. Run 1, Event 205, LumiSection 5 on stream 3 at 13-Jun-2021 19:16:00.014 CEST
Begin processing the 6th record. Run 1, Event 206, LumiSection 5 on stream 1 at 13-Jun-2021 19:16:05.828 CEST
Begin processing the 7th record. Run 1, Event 207, LumiSection 5 on stream 2 at 13-Jun-2021 19:16:31.974 CEST
Begin processing the 8th record. Run 1, Event 208, LumiSection 5 on stream 1 at 13-Jun-2021 19:16:44.696 CEST
Begin processing the 9th record. Run 1, Event 209, LumiSection 5 on stream 0 at 13-Jun-2021 19:17:00.511 CEST
Begin processing the 10th record. Run 1, Event 210, LumiSection 5 on stream 3 at 13-Jun-2021 19:17:17.697 CEST
Begin processing the 11th record. Run 1, Event 211, LumiSection 5 on stream 2 at 13-Jun-2021 19:17:21.617 CEST
Begin processing the 12th record. Run 1, Event 212, LumiSection 5 on stream 1 at 13-Jun-2021 19:17:31.228 CEST
Begin processing the 13th record. Run 1, Event 213, LumiSection 5 on stream 0 at 13-Jun-2021 19:18:15.916 CEST
Begin processing the 14th record. Run 1, Event 214, LumiSection 5 on stream 2 at 13-Jun-2021 19:18:19.250 CEST
Begin processing the 15th record. Run 1, Event 215, LumiSection 5 on stream 1 at 13-Jun-2021 19:18:26.946 CEST
Begin processing the 16th record. Run 1, Event 216, LumiSection 5 on stream 3 at 13-Jun-2021 19:19:17.130 CEST
Begin processing the 17th record. Run 1, Event 217, LumiSection 5 on stream 0 at 13-Jun-2021 19:19:27.304 CEST
Begin processing the 18th record. Run 1, Event 218, LumiSection 5 on stream 1 at 13-Jun-2021 19:19:39.837 CEST
Begin processing the 19th record. Run 1, Event 219, LumiSection 5 on stream 2 at 13-Jun-2021 19:19:42.195 CEST
Begin processing the 20th record. Run 1, Event 220, LumiSection 5 on stream 1 at 13-Jun-2021 19:20:06.431 CEST
Begin processing the 21st record. Run 1, Event 221, LumiSection 5 on stream 2 at 13-Jun-2021 19:20:24.944 CEST
Begin processing the 22nd record. Run 1, Event 222, LumiSection 5 on stream 3 at 13-Jun-2021 19:20:35.637 CEST
Begin processing the 23rd record. Run 1, Event 223, LumiSection 5 on stream 0 at 13-Jun-2021 19:20:37.058 CEST
Begin processing the 24th record. Run 1, Event 224, LumiSection 5 on stream 1 at 13-Jun-2021 19:20:50.050 CEST
Begin processing the 25th record. Run 1, Event 225, LumiSection 5 on stream 2 at 13-Jun-2021 19:21:19.558 CEST
Begin processing the 26th record. Run 1, Event 226, LumiSection 5 on stream 1 at 13-Jun-2021 19:21:35.843 CEST
Begin processing the 27th record. Run 1, Event 227, LumiSection 5 on stream 0 at 13-Jun-2021 19:21:44.048 CEST
Begin processing the 28th record. Run 1, Event 228, LumiSection 5 on stream 1 at 13-Jun-2021 19:22:11.035 CEST
Begin processing the 29th record. Run 1, Event 229, LumiSection 5 on stream 3 at 13-Jun-2021 19:22:34.288 CEST
Begin processing the 30th record. Run 1, Event 230, LumiSection 5 on stream 0 at 13-Jun-2021 19:22:45.495 CEST
Begin processing the 31st record. Run 1, Event 231, LumiSection 5 on stream 2 at 13-Jun-2021 19:22:51.404 CEST
Begin processing the 32nd record. Run 1, Event 232, LumiSection 5 on stream 0 at 13-Jun-2021 19:23:18.110 CEST
Begin processing the 33rd record. Run 1, Event 233, LumiSection 5 on stream 1 at 13-Jun-2021 19:23:55.121 CEST
Begin processing the 34th record. Run 1, Event 234, LumiSection 5 on stream 2 at 13-Jun-2021 19:24:16.033 CEST
Begin processing the 35th record. Run 1, Event 235, LumiSection 5 on stream 0 at 13-Jun-2021 19:24:20.867 CEST
Begin processing the 36th record. Run 1, Event 236, LumiSection 5 on stream 3 at 13-Jun-2021 19:24:21.905 CEST
Begin processing the 37th record. Run 1, Event 237, LumiSection 5 on stream 1 at 13-Jun-2021 19:24:56.989 CEST
Begin processing the 38th record. Run 1, Event 238, LumiSection 5 on stream 2 at 13-Jun-2021 19:25:01.680 CEST
Begin processing the 39th record. Run 1, Event 239, LumiSection 5 on stream 1 at 13-Jun-2021 19:25:25.752 CEST
Begin processing the 40th record. Run 1, Event 240, LumiSection 5 on stream 0 at 13-Jun-2021 19:25:38.691 CEST
Begin processing the 41st record. Run 1, Event 241, LumiSection 5 on stream 3 at 13-Jun-2021 19:25:41.199 CEST
Begin processing the 42nd record. Run 1, Event 242, LumiSection 5 on stream 1 at 13-Jun-2021 19:25:42.173 CEST
Begin processing the 43rd record. Run 1, Event 243, LumiSection 5 on stream 2 at 13-Jun-2021 19:26:23.784 CEST
Begin processing the 44th record. Run 1, Event 244, LumiSection 5 on stream 0 at 13-Jun-2021 19:26:28.330 CEST
Begin processing the 45th record. Run 1, Event 245, LumiSection 5 on stream 1 at 13-Jun-2021 19:26:31.079 CEST
Begin processing the 46th record. Run 1, Event 246, LumiSection 5 on stream 3 at 13-Jun-2021 19:26:39.422 CEST
Begin processing the 47th record. Run 1, Event 247, LumiSection 5 on stream 3 at 13-Jun-2021 19:27:38.771 CEST
Begin processing the 48th record. Run 1, Event 248, LumiSection 5 on stream 0 at 13-Jun-2021 19:27:44.822 CEST
Begin processing the 49th record. Run 1, Event 249, LumiSection 5 on stream 1 at 13-Jun-2021 19:27:52.525 CEST
Begin processing the 50th record. Run 1, Event 250, LumiSection 5 on stream 2 at 13-Jun-2021 19:28:06.202 CEST
13-Jun-2021 19:28:56 CEST  Closed file file:/eos/cms/store/user/tsarkar/wgen_Vector_MonoZLL_NLO_Mphi-500_Mchi-150_gSM-0p25_gDM-1p0_ctau0p1/RunIISummer20UL17_wmLHEGEN/210607_153902/0000/step_wgen_5.root

=============================================

MessageLogger Summary

 type     category        sev    module        subroutine        count    total
 ---- -------------------- -- ---------------- ----------------  -----    -----
    1 fileAction           -s file_close                             1        1
    2 fileAction           -s file_open                              2        2

 type    category    Examples: run/evt        run/evt          run/evt
 ---- -------------------- ---------------- ---------------- ----------------
    1 fileAction           End Run: 1                        
    2 fileAction           pre-events       pre-events       

Severity    # Occurrences   Total Occurrences
--------    -------------   -----------------
System                  3                   3

dropped waiting message count 0
