%MSG-i ThreadStreamSetup:  (NoModuleName) 13-Jun-2021 19:13:05 CEST pre-events
setting # threads 4
setting # streams 4
%MSG
13-Jun-2021 19:13:13 CEST  Initiating request to open file file:/eos/cms/store/user/tsarkar/wgen_Vector_MonoZLL_NLO_Mphi-500_Mchi-150_gSM-0p25_gDM-1p0_ctau0p1/RunIISummer20UL17_wmLHEGEN/210607_153902/0000/step_wgen_11.root
13-Jun-2021 19:13:15 CEST  Successfully opened file file:/eos/cms/store/user/tsarkar/wgen_Vector_MonoZLL_NLO_Mphi-500_Mchi-150_gSM-0p25_gDM-1p0_ctau0p1/RunIISummer20UL17_wmLHEGEN/210607_153902/0000/step_wgen_11.root
Begin processing the 1st record. Run 1, Event 501, LumiSection 11 on stream 0 at 13-Jun-2021 19:14:04.699 CEST
Begin processing the 2nd record. Run 1, Event 502, LumiSection 11 on stream 2 at 13-Jun-2021 19:14:04.699 CEST
Begin processing the 3rd record. Run 1, Event 503, LumiSection 11 on stream 3 at 13-Jun-2021 19:14:04.700 CEST
Begin processing the 4th record. Run 1, Event 504, LumiSection 11 on stream 1 at 13-Jun-2021 19:14:04.700 CEST
Begin processing the 5th record. Run 1, Event 505, LumiSection 11 on stream 0 at 13-Jun-2021 19:14:22.601 CEST
Begin processing the 6th record. Run 1, Event 506, LumiSection 11 on stream 1 at 13-Jun-2021 19:14:26.397 CEST
Begin processing the 7th record. Run 1, Event 507, LumiSection 11 on stream 0 at 13-Jun-2021 19:14:49.667 CEST
Begin processing the 8th record. Run 1, Event 508, LumiSection 11 on stream 2 at 13-Jun-2021 19:14:53.903 CEST
Begin processing the 9th record. Run 1, Event 509, LumiSection 11 on stream 3 at 13-Jun-2021 19:14:56.864 CEST
Begin processing the 10th record. Run 1, Event 510, LumiSection 11 on stream 0 at 13-Jun-2021 19:14:58.140 CEST
Begin processing the 11th record. Run 1, Event 511, LumiSection 11 on stream 1 at 13-Jun-2021 19:15:00.283 CEST
Begin processing the 12th record. Run 1, Event 512, LumiSection 11 on stream 2 at 13-Jun-2021 19:15:09.610 CEST
Begin processing the 13th record. Run 1, Event 513, LumiSection 11 on stream 3 at 13-Jun-2021 19:15:20.221 CEST
Begin processing the 14th record. Run 1, Event 514, LumiSection 11 on stream 1 at 13-Jun-2021 19:15:22.182 CEST
Begin processing the 15th record. Run 1, Event 515, LumiSection 11 on stream 1 at 13-Jun-2021 19:15:31.152 CEST
Begin processing the 16th record. Run 1, Event 516, LumiSection 11 on stream 3 at 13-Jun-2021 19:15:42.282 CEST
Begin processing the 17th record. Run 1, Event 517, LumiSection 11 on stream 2 at 13-Jun-2021 19:15:43.635 CEST
Begin processing the 18th record. Run 1, Event 518, LumiSection 11 on stream 2 at 13-Jun-2021 19:15:47.270 CEST
Begin processing the 19th record. Run 1, Event 519, LumiSection 11 on stream 0 at 13-Jun-2021 19:15:49.754 CEST
Begin processing the 20th record. Run 1, Event 520, LumiSection 11 on stream 0 at 13-Jun-2021 19:15:54.498 CEST
Begin processing the 21st record. Run 1, Event 521, LumiSection 11 on stream 1 at 13-Jun-2021 19:16:07.409 CEST
Begin processing the 22nd record. Run 1, Event 522, LumiSection 11 on stream 3 at 13-Jun-2021 19:16:11.056 CEST
Begin processing the 23rd record. Run 1, Event 523, LumiSection 11 on stream 2 at 13-Jun-2021 19:16:13.430 CEST
Begin processing the 24th record. Run 1, Event 524, LumiSection 11 on stream 1 at 13-Jun-2021 19:16:31.038 CEST
Begin processing the 25th record. Run 1, Event 525, LumiSection 11 on stream 0 at 13-Jun-2021 19:16:36.006 CEST
Begin processing the 26th record. Run 1, Event 526, LumiSection 11 on stream 3 at 13-Jun-2021 19:16:36.093 CEST
Begin processing the 27th record. Run 1, Event 527, LumiSection 11 on stream 2 at 13-Jun-2021 19:16:53.010 CEST
Begin processing the 28th record. Run 1, Event 528, LumiSection 11 on stream 1 at 13-Jun-2021 19:16:58.802 CEST
Begin processing the 29th record. Run 1, Event 529, LumiSection 11 on stream 3 at 13-Jun-2021 19:17:03.487 CEST
Begin processing the 30th record. Run 1, Event 530, LumiSection 11 on stream 0 at 13-Jun-2021 19:17:08.386 CEST
Begin processing the 31st record. Run 1, Event 531, LumiSection 11 on stream 3 at 13-Jun-2021 19:17:18.223 CEST
Begin processing the 32nd record. Run 1, Event 532, LumiSection 11 on stream 2 at 13-Jun-2021 19:17:27.371 CEST
Begin processing the 33rd record. Run 1, Event 533, LumiSection 11 on stream 0 at 13-Jun-2021 19:17:30.082 CEST
Begin processing the 34th record. Run 1, Event 534, LumiSection 11 on stream 3 at 13-Jun-2021 19:17:32.349 CEST
Begin processing the 35th record. Run 1, Event 535, LumiSection 11 on stream 2 at 13-Jun-2021 19:17:33.528 CEST
Begin processing the 36th record. Run 1, Event 536, LumiSection 11 on stream 3 at 13-Jun-2021 19:17:50.874 CEST
Begin processing the 37th record. Run 1, Event 537, LumiSection 11 on stream 0 at 13-Jun-2021 19:18:05.348 CEST
Begin processing the 38th record. Run 1, Event 538, LumiSection 11 on stream 1 at 13-Jun-2021 19:18:16.748 CEST
Begin processing the 39th record. Run 1, Event 539, LumiSection 11 on stream 2 at 13-Jun-2021 19:18:21.210 CEST
Begin processing the 40th record. Run 1, Event 540, LumiSection 11 on stream 3 at 13-Jun-2021 19:18:30.606 CEST
Begin processing the 41st record. Run 1, Event 541, LumiSection 11 on stream 0 at 13-Jun-2021 19:18:41.012 CEST
Begin processing the 42nd record. Run 1, Event 542, LumiSection 11 on stream 0 at 13-Jun-2021 19:19:05.979 CEST
Begin processing the 43rd record. Run 1, Event 543, LumiSection 11 on stream 3 at 13-Jun-2021 19:19:06.986 CEST
Begin processing the 44th record. Run 1, Event 544, LumiSection 11 on stream 2 at 13-Jun-2021 19:19:12.417 CEST
Begin processing the 45th record. Run 1, Event 545, LumiSection 11 on stream 1 at 13-Jun-2021 19:19:15.406 CEST
Begin processing the 46th record. Run 1, Event 546, LumiSection 11 on stream 3 at 13-Jun-2021 19:19:16.001 CEST
Begin processing the 47th record. Run 1, Event 547, LumiSection 11 on stream 2 at 13-Jun-2021 19:19:22.133 CEST
Begin processing the 48th record. Run 1, Event 548, LumiSection 11 on stream 3 at 13-Jun-2021 19:19:33.751 CEST
Begin processing the 49th record. Run 1, Event 549, LumiSection 11 on stream 1 at 13-Jun-2021 19:19:36.118 CEST
Begin processing the 50th record. Run 1, Event 550, LumiSection 11 on stream 2 at 13-Jun-2021 19:19:39.802 CEST
13-Jun-2021 19:20:17 CEST  Closed file file:/eos/cms/store/user/tsarkar/wgen_Vector_MonoZLL_NLO_Mphi-500_Mchi-150_gSM-0p25_gDM-1p0_ctau0p1/RunIISummer20UL17_wmLHEGEN/210607_153902/0000/step_wgen_11.root

=============================================

MessageLogger Summary

 type     category        sev    module        subroutine        count    total
 ---- -------------------- -- ---------------- ----------------  -----    -----
    1 fileAction           -s file_close                             1        1
    2 fileAction           -s file_open                              2        2

 type    category    Examples: run/evt        run/evt          run/evt
 ---- -------------------- ---------------- ---------------- ----------------
    1 fileAction           PostGlobalEndRun                  
    2 fileAction           pre-events       pre-events       

Severity    # Occurrences   Total Occurrences
--------    -------------   -----------------
System                  3                   3

dropped waiting message count 0
