000 (7304645.000.000) 06/13 19:12:07 Job submitted from host: <137.138.44.75:9618?addrs=137.138.44.75-9618+[2001-1458-d00-1a--b]-9618&alias=bigbird14.cern.ch&noUDP&sock=schedd_3149486_02ef>
...
040 (7304645.000.000) 06/13 19:12:58 Started transferring input files
	Transferring to host: <188.184.190.241:9618?addrs=188.184.190.241-9618+[2001-1458-301-4b--100-ec]-9618&alias=b7g42n0497.cern.ch&noUDP&sock=slot1_5_32661_6109_90971>
...
040 (7304645.000.000) 06/13 19:12:58 Finished transferring input files
...
001 (7304645.000.000) 06/13 19:12:59 Job executing on host: <188.184.190.241:9618?addrs=188.184.190.241-9618+[2001-1458-301-4b--100-ec]-9618&alias=b7g42n0497.cern.ch&noUDP&sock=startd_5592_39b0>
...
006 (7304645.000.000) 06/13 19:13:10 Image size of job updated: 261136
	26  -  MemoryUsage of job (MB)
	25652  -  ResidentSetSize of job (KB)
...
006 (7304645.000.000) 06/13 19:18:10 Image size of job updated: 1607360
	633  -  MemoryUsage of job (MB)
	647640  -  ResidentSetSize of job (KB)
...
006 (7304645.000.000) 06/13 19:22:35 Image size of job updated: 1709788
	633  -  MemoryUsage of job (MB)
	647640  -  ResidentSetSize of job (KB)
...
040 (7304645.000.000) 06/13 19:22:35 Started transferring output files
...
040 (7304645.000.000) 06/13 19:22:35 Finished transferring output files
...
005 (7304645.000.000) 06/13 19:22:35 Job terminated.
	(1) Normal termination (return value 0)
		Usr 0 00:26:55, Sys 0 00:00:20  -  Run Remote Usage
		Usr 0 00:00:00, Sys 0 00:00:00  -  Run Local Usage
		Usr 0 00:26:55, Sys 0 00:00:20  -  Total Remote Usage
		Usr 0 00:00:00, Sys 0 00:00:00  -  Total Local Usage
	12907  -  Run Bytes Sent By Job
	422  -  Run Bytes Received By Job
	12907  -  Total Bytes Sent By Job
	422  -  Total Bytes Received By Job
	Partitionable Resources :    Usage  Request Allocated 
	   Cpus                 :     0.13        1         1 
	   Disk (KB)            :    33           1    283517 
	   Memory (MB)          :   633        2000      2000 

	Job terminated of its own accord at 2021-06-13T17:22:35Z.
...
