%MSG-i ThreadStreamSetup:  (NoModuleName) 13-Jun-2021 19:13:10 CEST pre-events
setting # threads 4
setting # streams 4
%MSG
13-Jun-2021 19:13:20 CEST  Initiating request to open file file:/eos/cms/store/user/tsarkar/wgen_Vector_MonoZLL_NLO_Mphi-500_Mchi-150_gSM-0p25_gDM-1p0_ctau0p1/RunIISummer20UL17_wmLHEGEN/210607_153902/0000/step_wgen_15.root
13-Jun-2021 19:13:23 CEST  Successfully opened file file:/eos/cms/store/user/tsarkar/wgen_Vector_MonoZLL_NLO_Mphi-500_Mchi-150_gSM-0p25_gDM-1p0_ctau0p1/RunIISummer20UL17_wmLHEGEN/210607_153902/0000/step_wgen_15.root
Begin processing the 1st record. Run 1, Event 701, LumiSection 15 on stream 0 at 13-Jun-2021 19:14:17.305 CEST
Begin processing the 2nd record. Run 1, Event 702, LumiSection 15 on stream 3 at 13-Jun-2021 19:14:17.305 CEST
Begin processing the 3rd record. Run 1, Event 703, LumiSection 15 on stream 2 at 13-Jun-2021 19:14:17.305 CEST
Begin processing the 4th record. Run 1, Event 704, LumiSection 15 on stream 1 at 13-Jun-2021 19:14:17.305 CEST
%MSG-w SimG4CoreApplication:  OscarMTProducer:g4SimHits  13-Jun-2021 19:14:31 CEST Run: 1 Event: 701

-------- WWWW ------- G4Exception-START -------- WWWW -------
*** G4Exception : GeomNav1002
      issued by : G4PropagatorInField::ComputeStep()
Particle is stuck; it will be killed.
  Zero progress for 51 attempted steps.
  Proposed Step is 1.13972e-05 but Step Taken is 1.13972e-05
 in volume SFAbs2PbLOutAl*** This is just a warning message. ***
-------- WWWW -------- G4Exception-END --------- WWWW -------

%MSG
Begin processing the 5th record. Run 1, Event 705, LumiSection 15 on stream 0 at 13-Jun-2021 19:14:56.587 CEST
Begin processing the 6th record. Run 1, Event 706, LumiSection 15 on stream 2 at 13-Jun-2021 19:15:03.333 CEST
Begin processing the 7th record. Run 1, Event 707, LumiSection 15 on stream 1 at 13-Jun-2021 19:15:15.700 CEST
Begin processing the 8th record. Run 1, Event 708, LumiSection 15 on stream 3 at 13-Jun-2021 19:15:22.010 CEST
Begin processing the 9th record. Run 1, Event 709, LumiSection 15 on stream 0 at 13-Jun-2021 19:15:57.893 CEST
Begin processing the 10th record. Run 1, Event 710, LumiSection 15 on stream 2 at 13-Jun-2021 19:16:01.272 CEST
Begin processing the 11th record. Run 1, Event 711, LumiSection 15 on stream 1 at 13-Jun-2021 19:16:14.641 CEST
Begin processing the 12th record. Run 1, Event 712, LumiSection 15 on stream 3 at 13-Jun-2021 19:16:38.572 CEST
Begin processing the 13th record. Run 1, Event 713, LumiSection 15 on stream 0 at 13-Jun-2021 19:16:43.370 CEST
Begin processing the 14th record. Run 1, Event 714, LumiSection 15 on stream 1 at 13-Jun-2021 19:16:45.262 CEST
Begin processing the 15th record. Run 1, Event 715, LumiSection 15 on stream 2 at 13-Jun-2021 19:16:59.575 CEST
Begin processing the 16th record. Run 1, Event 716, LumiSection 15 on stream 3 at 13-Jun-2021 19:17:22.823 CEST
Begin processing the 17th record. Run 1, Event 717, LumiSection 15 on stream 1 at 13-Jun-2021 19:17:38.586 CEST
Begin processing the 18th record. Run 1, Event 718, LumiSection 15 on stream 0 at 13-Jun-2021 19:17:40.661 CEST
Begin processing the 19th record. Run 1, Event 719, LumiSection 15 on stream 2 at 13-Jun-2021 19:17:42.411 CEST
Begin processing the 20th record. Run 1, Event 720, LumiSection 15 on stream 3 at 13-Jun-2021 19:18:04.420 CEST
Begin processing the 21st record. Run 1, Event 721, LumiSection 15 on stream 0 at 13-Jun-2021 19:18:09.444 CEST
Begin processing the 22nd record. Run 1, Event 722, LumiSection 15 on stream 2 at 13-Jun-2021 19:18:14.941 CEST
Begin processing the 23rd record. Run 1, Event 723, LumiSection 15 on stream 1 at 13-Jun-2021 19:18:20.934 CEST
Begin processing the 24th record. Run 1, Event 724, LumiSection 15 on stream 3 at 13-Jun-2021 19:18:41.751 CEST
Begin processing the 25th record. Run 1, Event 725, LumiSection 15 on stream 3 at 13-Jun-2021 19:19:10.110 CEST
Begin processing the 26th record. Run 1, Event 726, LumiSection 15 on stream 0 at 13-Jun-2021 19:19:13.500 CEST
Begin processing the 27th record. Run 1, Event 727, LumiSection 15 on stream 1 at 13-Jun-2021 19:19:16.113 CEST
Begin processing the 28th record. Run 1, Event 728, LumiSection 15 on stream 2 at 13-Jun-2021 19:19:16.572 CEST
Begin processing the 29th record. Run 1, Event 729, LumiSection 15 on stream 3 at 13-Jun-2021 19:19:25.840 CEST
Begin processing the 30th record. Run 1, Event 730, LumiSection 15 on stream 0 at 13-Jun-2021 19:19:33.832 CEST
Begin processing the 31st record. Run 1, Event 731, LumiSection 15 on stream 2 at 13-Jun-2021 19:19:51.285 CEST
Begin processing the 32nd record. Run 1, Event 732, LumiSection 15 on stream 0 at 13-Jun-2021 19:20:00.893 CEST
Begin processing the 33rd record. Run 1, Event 733, LumiSection 15 on stream 1 at 13-Jun-2021 19:20:01.715 CEST
Begin processing the 34th record. Run 1, Event 734, LumiSection 15 on stream 1 at 13-Jun-2021 19:20:09.202 CEST
Begin processing the 35th record. Run 1, Event 735, LumiSection 15 on stream 0 at 13-Jun-2021 19:20:29.374 CEST
Begin processing the 36th record. Run 1, Event 736, LumiSection 15 on stream 2 at 13-Jun-2021 19:20:30.119 CEST
Begin processing the 37th record. Run 1, Event 737, LumiSection 15 on stream 1 at 13-Jun-2021 19:20:31.520 CEST
Begin processing the 38th record. Run 1, Event 738, LumiSection 15 on stream 3 at 13-Jun-2021 19:20:34.984 CEST
Begin processing the 39th record. Run 1, Event 739, LumiSection 15 on stream 1 at 13-Jun-2021 19:20:44.403 CEST
Begin processing the 40th record. Run 1, Event 740, LumiSection 15 on stream 2 at 13-Jun-2021 19:20:50.821 CEST
Begin processing the 41st record. Run 1, Event 741, LumiSection 15 on stream 0 at 13-Jun-2021 19:20:59.297 CEST
Begin processing the 42nd record. Run 1, Event 742, LumiSection 15 on stream 2 at 13-Jun-2021 19:21:12.930 CEST
Begin processing the 43rd record. Run 1, Event 743, LumiSection 15 on stream 3 at 13-Jun-2021 19:21:20.503 CEST
Begin processing the 44th record. Run 1, Event 744, LumiSection 15 on stream 0 at 13-Jun-2021 19:21:45.115 CEST
Begin processing the 45th record. Run 1, Event 745, LumiSection 15 on stream 1 at 13-Jun-2021 19:22:05.948 CEST
Begin processing the 46th record. Run 1, Event 746, LumiSection 15 on stream 2 at 13-Jun-2021 19:22:24.221 CEST
Begin processing the 47th record. Run 1, Event 747, LumiSection 15 on stream 3 at 13-Jun-2021 19:22:24.685 CEST
Begin processing the 48th record. Run 1, Event 748, LumiSection 15 on stream 0 at 13-Jun-2021 19:22:27.231 CEST
Begin processing the 49th record. Run 1, Event 749, LumiSection 15 on stream 3 at 13-Jun-2021 19:22:33.414 CEST
Begin processing the 50th record. Run 1, Event 750, LumiSection 15 on stream 1 at 13-Jun-2021 19:22:37.338 CEST
13-Jun-2021 19:23:22 CEST  Closed file file:/eos/cms/store/user/tsarkar/wgen_Vector_MonoZLL_NLO_Mphi-500_Mchi-150_gSM-0p25_gDM-1p0_ctau0p1/RunIISummer20UL17_wmLHEGEN/210607_153902/0000/step_wgen_15.root

=============================================

MessageLogger Summary

 type     category        sev    module        subroutine        count    total
 ---- -------------------- -- ---------------- ----------------  -----    -----
    1 SimG4CoreApplication -w OscarMTProducer:                       1        1
    2 fileAction           -s file_close                             1        1
    3 fileAction           -s file_open                              2        2

 type    category    Examples: run/evt        run/evt          run/evt
 ---- -------------------- ---------------- ---------------- ----------------
    1 SimG4CoreApplication 1/701                             
    2 fileAction           End Run: 1                        
    3 fileAction           pre-events       pre-events       

Severity    # Occurrences   Total Occurrences
--------    -------------   -----------------
Warning                 1                   1
System                  3                   3

dropped waiting message count 487
