%MSG-i ThreadStreamSetup:  (NoModuleName) 13-Jun-2021 19:13:17 CEST pre-events
setting # threads 4
setting # streams 4
%MSG
13-Jun-2021 19:13:30 CEST  Initiating request to open file file:/eos/cms/store/user/tsarkar/wgen_Vector_MonoZLL_NLO_Mphi-500_Mchi-150_gSM-0p25_gDM-1p0_ctau0p1/RunIISummer20UL17_wmLHEGEN/210607_153902/0000/step_wgen_14.root
13-Jun-2021 19:13:33 CEST  Successfully opened file file:/eos/cms/store/user/tsarkar/wgen_Vector_MonoZLL_NLO_Mphi-500_Mchi-150_gSM-0p25_gDM-1p0_ctau0p1/RunIISummer20UL17_wmLHEGEN/210607_153902/0000/step_wgen_14.root
Begin processing the 1st record. Run 1, Event 651, LumiSection 14 on stream 0 at 13-Jun-2021 19:14:49.005 CEST
Begin processing the 2nd record. Run 1, Event 652, LumiSection 14 on stream 2 at 13-Jun-2021 19:14:49.006 CEST
Begin processing the 3rd record. Run 1, Event 653, LumiSection 14 on stream 3 at 13-Jun-2021 19:14:49.006 CEST
Begin processing the 4th record. Run 1, Event 654, LumiSection 14 on stream 1 at 13-Jun-2021 19:14:49.006 CEST
Begin processing the 5th record. Run 1, Event 655, LumiSection 14 on stream 0 at 13-Jun-2021 19:15:56.697 CEST
Begin processing the 6th record. Run 1, Event 656, LumiSection 14 on stream 2 at 13-Jun-2021 19:16:05.644 CEST
Begin processing the 7th record. Run 1, Event 657, LumiSection 14 on stream 0 at 13-Jun-2021 19:16:48.136 CEST
Begin processing the 8th record. Run 1, Event 658, LumiSection 14 on stream 3 at 13-Jun-2021 19:17:12.345 CEST
Begin processing the 9th record. Run 1, Event 659, LumiSection 14 on stream 1 at 13-Jun-2021 19:17:19.951 CEST
Begin processing the 10th record. Run 1, Event 660, LumiSection 14 on stream 1 at 13-Jun-2021 19:17:50.067 CEST
Begin processing the 11th record. Run 1, Event 661, LumiSection 14 on stream 0 at 13-Jun-2021 19:17:54.501 CEST
Begin processing the 12th record. Run 1, Event 662, LumiSection 14 on stream 2 at 13-Jun-2021 19:17:55.648 CEST
Begin processing the 13th record. Run 1, Event 663, LumiSection 14 on stream 3 at 13-Jun-2021 19:18:23.829 CEST
Begin processing the 14th record. Run 1, Event 664, LumiSection 14 on stream 0 at 13-Jun-2021 19:18:57.392 CEST
Begin processing the 15th record. Run 1, Event 665, LumiSection 14 on stream 1 at 13-Jun-2021 19:19:09.368 CEST
Begin processing the 16th record. Run 1, Event 666, LumiSection 14 on stream 2 at 13-Jun-2021 19:19:21.264 CEST
Begin processing the 17th record. Run 1, Event 667, LumiSection 14 on stream 1 at 13-Jun-2021 19:19:21.708 CEST
Begin processing the 18th record. Run 1, Event 668, LumiSection 14 on stream 3 at 13-Jun-2021 19:20:10.082 CEST
Begin processing the 19th record. Run 1, Event 669, LumiSection 14 on stream 2 at 13-Jun-2021 19:20:17.561 CEST
Begin processing the 20th record. Run 1, Event 670, LumiSection 14 on stream 0 at 13-Jun-2021 19:21:12.114 CEST
Begin processing the 21st record. Run 1, Event 671, LumiSection 14 on stream 1 at 13-Jun-2021 19:21:17.037 CEST
Begin processing the 22nd record. Run 1, Event 672, LumiSection 14 on stream 2 at 13-Jun-2021 19:21:18.358 CEST
Begin processing the 23rd record. Run 1, Event 673, LumiSection 14 on stream 0 at 13-Jun-2021 19:21:35.272 CEST
Begin processing the 24th record. Run 1, Event 674, LumiSection 14 on stream 3 at 13-Jun-2021 19:21:36.873 CEST
Begin processing the 25th record. Run 1, Event 675, LumiSection 14 on stream 0 at 13-Jun-2021 19:22:00.089 CEST
Begin processing the 26th record. Run 1, Event 676, LumiSection 14 on stream 3 at 13-Jun-2021 19:22:13.210 CEST
Begin processing the 27th record. Run 1, Event 677, LumiSection 14 on stream 2 at 13-Jun-2021 19:22:33.749 CEST
Begin processing the 28th record. Run 1, Event 678, LumiSection 14 on stream 1 at 13-Jun-2021 19:22:43.299 CEST
Begin processing the 29th record. Run 1, Event 679, LumiSection 14 on stream 0 at 13-Jun-2021 19:22:49.457 CEST
Begin processing the 30th record. Run 1, Event 680, LumiSection 14 on stream 3 at 13-Jun-2021 19:23:07.340 CEST
Begin processing the 31st record. Run 1, Event 681, LumiSection 14 on stream 2 at 13-Jun-2021 19:23:18.001 CEST
Begin processing the 32nd record. Run 1, Event 682, LumiSection 14 on stream 0 at 13-Jun-2021 19:24:09.390 CEST
Begin processing the 33rd record. Run 1, Event 683, LumiSection 14 on stream 3 at 13-Jun-2021 19:24:09.647 CEST
Begin processing the 34th record. Run 1, Event 684, LumiSection 14 on stream 2 at 13-Jun-2021 19:24:39.473 CEST
Begin processing the 35th record. Run 1, Event 685, LumiSection 14 on stream 1 at 13-Jun-2021 19:24:41.163 CEST
Begin processing the 36th record. Run 1, Event 686, LumiSection 14 on stream 0 at 13-Jun-2021 19:25:16.339 CEST
Begin processing the 37th record. Run 1, Event 687, LumiSection 14 on stream 3 at 13-Jun-2021 19:25:21.440 CEST
Begin processing the 38th record. Run 1, Event 688, LumiSection 14 on stream 1 at 13-Jun-2021 19:25:24.063 CEST
Begin processing the 39th record. Run 1, Event 689, LumiSection 14 on stream 1 at 13-Jun-2021 19:25:46.967 CEST
Begin processing the 40th record. Run 1, Event 690, LumiSection 14 on stream 2 at 13-Jun-2021 19:26:16.946 CEST
Begin processing the 41st record. Run 1, Event 691, LumiSection 14 on stream 0 at 13-Jun-2021 19:26:19.509 CEST
Begin processing the 42nd record. Run 1, Event 692, LumiSection 14 on stream 3 at 13-Jun-2021 19:26:55.223 CEST
Begin processing the 43rd record. Run 1, Event 693, LumiSection 14 on stream 2 at 13-Jun-2021 19:26:55.316 CEST
Begin processing the 44th record. Run 1, Event 694, LumiSection 14 on stream 0 at 13-Jun-2021 19:27:05.208 CEST
Begin processing the 45th record. Run 1, Event 695, LumiSection 14 on stream 1 at 13-Jun-2021 19:27:19.719 CEST
Begin processing the 46th record. Run 1, Event 696, LumiSection 14 on stream 2 at 13-Jun-2021 19:28:11.227 CEST
Begin processing the 47th record. Run 1, Event 697, LumiSection 14 on stream 0 at 13-Jun-2021 19:28:15.619 CEST
Begin processing the 48th record. Run 1, Event 698, LumiSection 14 on stream 3 at 13-Jun-2021 19:28:17.938 CEST
Begin processing the 49th record. Run 1, Event 699, LumiSection 14 on stream 2 at 13-Jun-2021 19:28:18.646 CEST
Begin processing the 50th record. Run 1, Event 700, LumiSection 14 on stream 1 at 13-Jun-2021 19:28:45.225 CEST
13-Jun-2021 19:29:25 CEST  Closed file file:/eos/cms/store/user/tsarkar/wgen_Vector_MonoZLL_NLO_Mphi-500_Mchi-150_gSM-0p25_gDM-1p0_ctau0p1/RunIISummer20UL17_wmLHEGEN/210607_153902/0000/step_wgen_14.root

=============================================

MessageLogger Summary

 type     category        sev    module        subroutine        count    total
 ---- -------------------- -- ---------------- ----------------  -----    -----
    1 fileAction           -s file_close                             1        1
    2 fileAction           -s file_open                              2        2

 type    category    Examples: run/evt        run/evt          run/evt
 ---- -------------------- ---------------- ---------------- ----------------
    1 fileAction           PostGlobalEndRun                  
    2 fileAction           pre-events       pre-events       

Severity    # Occurrences   Total Occurrences
--------    -------------   -----------------
System                  3                   3

dropped waiting message count 0
