000 (7304639.000.000) 06/13 19:12:01 Job submitted from host: <137.138.44.75:9618?addrs=137.138.44.75-9618+[2001-1458-d00-1a--b]-9618&alias=bigbird14.cern.ch&noUDP&sock=schedd_3149486_02ef>
...
040 (7304639.000.000) 06/13 19:12:57 Started transferring input files
	Transferring to host: <188.184.138.136:9618?addrs=188.184.138.136-9618+[2001-1458-301-45--100-74]-9618&alias=b7g42n0281.cern.ch&noUDP&sock=slot1_5_3316_2c00_42729>
...
040 (7304639.000.000) 06/13 19:12:57 Finished transferring input files
...
001 (7304639.000.000) 06/13 19:12:58 Job executing on host: <188.184.138.136:9618?addrs=188.184.138.136-9618+[2001-1458-301-45--100-74]-9618&alias=b7g42n0281.cern.ch&noUDP&sock=startd_2864_0b54>
...
006 (7304639.000.000) 06/13 19:13:06 Image size of job updated: 253516
	18  -  MemoryUsage of job (MB)
	18252  -  ResidentSetSize of job (KB)
...
006 (7304639.000.000) 06/13 19:18:06 Image size of job updated: 1574632
	654  -  MemoryUsage of job (MB)
	669620  -  ResidentSetSize of job (KB)
...
006 (7304639.000.000) 06/13 19:23:07 Image size of job updated: 1677032
	716  -  MemoryUsage of job (MB)
	733100  -  ResidentSetSize of job (KB)
...
040 (7304639.000.000) 06/13 19:23:55 Started transferring output files
...
040 (7304639.000.000) 06/13 19:23:55 Finished transferring output files
...
005 (7304639.000.000) 06/13 19:23:56 Job terminated.
	(1) Normal termination (return value 0)
		Usr 0 00:28:50, Sys 0 00:00:15  -  Run Remote Usage
		Usr 0 00:00:00, Sys 0 00:00:00  -  Run Local Usage
		Usr 0 00:28:50, Sys 0 00:00:15  -  Total Remote Usage
		Usr 0 00:00:00, Sys 0 00:00:00  -  Total Local Usage
	12854  -  Run Bytes Sent By Job
	421  -  Run Bytes Received By Job
	12854  -  Total Bytes Sent By Job
	421  -  Total Bytes Received By Job
	Partitionable Resources :    Usage  Request Allocated 
	   Cpus                 :     3.00        1         1 
	   Disk (KB)            :    33           1    300111 
	   Memory (MB)          :   716        2000      2000 

	Job terminated of its own accord at 2021-06-13T17:23:55Z.
...
