000 (7304640.000.000) 06/13 19:12:02 Job submitted from host: <137.138.44.75:9618?addrs=137.138.44.75-9618+[2001-1458-d00-1a--b]-9618&alias=bigbird14.cern.ch&noUDP&sock=schedd_3149486_02ef>
...
040 (7304640.000.000) 06/13 19:13:13 Started transferring input files
	Transferring to host: <188.184.197.52:9618?addrs=188.184.197.52-9618+[2001-1458-301-103--100-1c]-9618&alias=b7g23n3794.cern.ch&noUDP&sock=slot1_3_12807_70a2_90189>
...
040 (7304640.000.000) 06/13 19:13:13 Finished transferring input files
...
001 (7304640.000.000) 06/13 19:13:14 Job executing on host: <188.184.197.52:9618?addrs=188.184.197.52-9618+[2001-1458-301-103--100-1c]-9618&alias=b7g23n3794.cern.ch&noUDP&sock=startd_13994_4c6a>
...
006 (7304640.000.000) 06/13 19:13:22 Image size of job updated: 24296
	11  -  MemoryUsage of job (MB)
	10876  -  ResidentSetSize of job (KB)
...
006 (7304640.000.000) 06/13 19:18:22 Image size of job updated: 1536432
	619  -  MemoryUsage of job (MB)
	633500  -  ResidentSetSize of job (KB)
...
006 (7304640.000.000) 06/13 19:23:23 Image size of job updated: 1565104
	647  -  MemoryUsage of job (MB)
	662236  -  ResidentSetSize of job (KB)
...
006 (7304640.000.000) 06/13 19:28:09 Image size of job updated: 1724904
	647  -  MemoryUsage of job (MB)
	662240  -  ResidentSetSize of job (KB)
...
040 (7304640.000.000) 06/13 19:28:09 Started transferring output files
...
040 (7304640.000.000) 06/13 19:28:09 Finished transferring output files
...
005 (7304640.000.000) 06/13 19:28:09 Job terminated.
	(1) Normal termination (return value 0)
		Usr 0 00:32:24, Sys 0 00:01:11  -  Run Remote Usage
		Usr 0 00:00:00, Sys 0 00:00:00  -  Run Local Usage
		Usr 0 00:32:24, Sys 0 00:01:11  -  Total Remote Usage
		Usr 0 00:00:00, Sys 0 00:00:00  -  Total Local Usage
	12856  -  Run Bytes Sent By Job
	421  -  Run Bytes Received By Job
	12856  -  Total Bytes Sent By Job
	421  -  Total Bytes Received By Job
	Partitionable Resources :    Usage  Request Allocated 
	   Cpus                 :     2.49        1         1 
	   Disk (KB)            :    33           1    348665 
	   Memory (MB)          :   647        2000      2000 

	Job terminated of its own accord at 2021-06-13T17:28:09Z.
...
