000 (7304635.000.000) 06/13 19:11:58 Job submitted from host: <137.138.44.75:9618?addrs=137.138.44.75-9618+[2001-1458-d00-1a--b]-9618&alias=bigbird14.cern.ch&noUDP&sock=schedd_3149486_02ef>
...
040 (7304635.000.000) 06/13 19:13:11 Started transferring input files
	Transferring to host: <188.184.190.22:9618?addrs=188.184.190.22-9618+[2001-1458-301-4b--100-16]-9618&alias=b7g42n0008.cern.ch&noUDP&sock=slot1_1_10755_9ece_90395>
...
040 (7304635.000.000) 06/13 19:13:11 Finished transferring input files
...
001 (7304635.000.000) 06/13 19:13:12 Job executing on host: <188.184.190.22:9618?addrs=188.184.190.22-9618+[2001-1458-301-4b--100-16]-9618&alias=b7g42n0008.cern.ch&noUDP&sock=startd_10716_dcf7>
...
006 (7304635.000.000) 06/13 19:13:22 Image size of job updated: 44724
	29  -  MemoryUsage of job (MB)
	29104  -  ResidentSetSize of job (KB)
...
006 (7304635.000.000) 06/13 19:18:22 Image size of job updated: 1574632
	645  -  MemoryUsage of job (MB)
	659696  -  ResidentSetSize of job (KB)
...
006 (7304635.000.000) 06/13 19:23:22 Image size of job updated: 1689336
	726  -  MemoryUsage of job (MB)
	743400  -  ResidentSetSize of job (KB)
...
040 (7304635.000.000) 06/13 19:23:29 Started transferring output files
...
040 (7304635.000.000) 06/13 19:23:29 Finished transferring output files
...
005 (7304635.000.000) 06/13 19:23:29 Job terminated.
	(1) Normal termination (return value 0)
		Usr 0 00:24:27, Sys 0 00:00:21  -  Run Remote Usage
		Usr 0 00:00:00, Sys 0 00:00:00  -  Run Local Usage
		Usr 0 00:24:27, Sys 0 00:00:21  -  Total Remote Usage
		Usr 0 00:00:00, Sys 0 00:00:00  -  Total Local Usage
	12805  -  Run Bytes Sent By Job
	421  -  Run Bytes Received By Job
	12805  -  Total Bytes Sent By Job
	421  -  Total Bytes Received By Job
	Partitionable Resources :    Usage  Request Allocated 
	   Cpus                 :     2.99        1         1 
	   Disk (KB)            :    33           1    275468 
	   Memory (MB)          :   726        2000      2000 

	Job terminated of its own accord at 2021-06-13T17:23:28Z.
...
