000 (7304634.000.000) 06/13 19:11:57 Job submitted from host: <137.138.44.75:9618?addrs=137.138.44.75-9618+[2001-1458-d00-1a--b]-9618&alias=bigbird14.cern.ch&noUDP&sock=schedd_3149486_02ef>
...
040 (7304634.000.000) 06/13 19:13:11 Started transferring input files
	Transferring to host: <188.184.197.105:9618?addrs=188.184.197.105-9618+[2001-1458-301-103--100-341]-9618&alias=b7g23n6540.cern.ch&noUDP&sock=slot1_4_26832_523c_90964>
...
040 (7304634.000.000) 06/13 19:13:11 Finished transferring input files
...
001 (7304634.000.000) 06/13 19:13:12 Job executing on host: <188.184.197.105:9618?addrs=188.184.197.105-9618+[2001-1458-301-103--100-341]-9618&alias=b7g23n6540.cern.ch&noUDP&sock=startd_12517_3309>
...
006 (7304634.000.000) 06/13 19:13:21 Image size of job updated: 38328
	24  -  MemoryUsage of job (MB)
	23844  -  ResidentSetSize of job (KB)
...
006 (7304634.000.000) 06/13 19:18:21 Image size of job updated: 1565148
	638  -  MemoryUsage of job (MB)
	652300  -  ResidentSetSize of job (KB)
...
006 (7304634.000.000) 06/13 19:23:21 Image size of job updated: 1651164
	715  -  MemoryUsage of job (MB)
	731620  -  ResidentSetSize of job (KB)
...
040 (7304634.000.000) 06/13 19:24:11 Started transferring output files
...
040 (7304634.000.000) 06/13 19:24:11 Finished transferring output files
...
005 (7304634.000.000) 06/13 19:24:12 Job terminated.
	(1) Normal termination (return value 0)
		Usr 0 00:30:12, Sys 0 00:00:42  -  Run Remote Usage
		Usr 0 00:00:00, Sys 0 00:00:00  -  Run Local Usage
		Usr 0 00:30:12, Sys 0 00:00:42  -  Total Remote Usage
		Usr 0 00:00:00, Sys 0 00:00:00  -  Total Local Usage
	12795  -  Run Bytes Sent By Job
	421  -  Run Bytes Received By Job
	12795  -  Total Bytes Sent By Job
	421  -  Total Bytes Received By Job
	Partitionable Resources :    Usage  Request Allocated 
	   Cpus                 :     3.85        1         1 
	   Disk (KB)            :    33           1    362805 
	   Memory (MB)          :   715        2000      2000 

	Job terminated of its own accord at 2021-06-13T17:24:11Z.
...
