000 (7304650.000.000) 06/13 19:12:13 Job submitted from host: <137.138.44.75:9618?addrs=137.138.44.75-9618+[2001-1458-d00-1a--b]-9618&alias=bigbird14.cern.ch&noUDP&sock=schedd_3149486_02ef>
...
040 (7304650.000.000) 06/13 19:13:00 Started transferring input files
	Transferring to host: <188.184.138.117:9618?addrs=188.184.138.117-9618+[2001-1458-301-45--100-63]-9618&alias=b7g42n0224.cern.ch&noUDP&sock=slot1_4_3249_f6dd_48882>
...
040 (7304650.000.000) 06/13 19:13:00 Finished transferring input files
...
001 (7304650.000.000) 06/13 19:13:01 Job executing on host: <188.184.138.117:9618?addrs=188.184.138.117-9618+[2001-1458-301-45--100-63]-9618&alias=b7g42n0224.cern.ch&noUDP&sock=startd_2860_4cf3>
...
006 (7304650.000.000) 06/13 19:13:10 Image size of job updated: 34164
	20  -  MemoryUsage of job (MB)
	19680  -  ResidentSetSize of job (KB)
...
006 (7304650.000.000) 06/13 19:18:11 Image size of job updated: 1581264
	648  -  MemoryUsage of job (MB)
	663148  -  ResidentSetSize of job (KB)
...
006 (7304650.000.000) 06/13 19:23:12 Image size of job updated: 1609936
	662  -  MemoryUsage of job (MB)
	677232  -  ResidentSetSize of job (KB)
...
006 (7304650.000.000) 06/13 19:26:58 Image size of job updated: 1691868
	662  -  MemoryUsage of job (MB)
	677232  -  ResidentSetSize of job (KB)
...
040 (7304650.000.000) 06/13 19:26:58 Started transferring output files
...
040 (7304650.000.000) 06/13 19:26:58 Finished transferring output files
...
005 (7304650.000.000) 06/13 19:26:58 Job terminated.
	(1) Normal termination (return value 0)
		Usr 0 00:29:57, Sys 0 00:00:14  -  Run Remote Usage
		Usr 0 00:00:00, Sys 0 00:00:00  -  Run Local Usage
		Usr 0 00:29:57, Sys 0 00:00:14  -  Total Remote Usage
		Usr 0 00:00:00, Sys 0 00:00:00  -  Total Local Usage
	12907  -  Run Bytes Sent By Job
	422  -  Run Bytes Received By Job
	12907  -  Total Bytes Sent By Job
	422  -  Total Bytes Received By Job
	Partitionable Resources :    Usage  Request Allocated 
	   Cpus                 :     2.53        1         1 
	   Disk (KB)            :    33           1    275180 
	   Memory (MB)          :   662        2000      2000 

	Job terminated of its own accord at 2021-06-13T17:26:58Z.
...
