%MSG-i ThreadStreamSetup:  (NoModuleName) 13-Jun-2021 19:13:23 CEST pre-events
setting # threads 4
setting # streams 4
%MSG
13-Jun-2021 19:13:36 CEST  Initiating request to open file file:/eos/cms/store/user/tsarkar/wgen_Vector_MonoZLL_NLO_Mphi-500_Mchi-150_gSM-0p25_gDM-1p0_ctau0p1/RunIISummer20UL17_wmLHEGEN/210607_153902/0000/step_wgen_1.root
13-Jun-2021 19:13:39 CEST  Successfully opened file file:/eos/cms/store/user/tsarkar/wgen_Vector_MonoZLL_NLO_Mphi-500_Mchi-150_gSM-0p25_gDM-1p0_ctau0p1/RunIISummer20UL17_wmLHEGEN/210607_153902/0000/step_wgen_1.root
Begin processing the 1st record. Run 1, Event 1, LumiSection 1 on stream 0 at 13-Jun-2021 19:14:43.176 CEST
Begin processing the 2nd record. Run 1, Event 2, LumiSection 1 on stream 1 at 13-Jun-2021 19:14:43.177 CEST
Begin processing the 3rd record. Run 1, Event 3, LumiSection 1 on stream 3 at 13-Jun-2021 19:14:43.178 CEST
Begin processing the 4th record. Run 1, Event 4, LumiSection 1 on stream 2 at 13-Jun-2021 19:14:43.178 CEST
Begin processing the 5th record. Run 1, Event 5, LumiSection 1 on stream 3 at 13-Jun-2021 19:15:37.477 CEST
Begin processing the 6th record. Run 1, Event 6, LumiSection 1 on stream 2 at 13-Jun-2021 19:15:39.395 CEST
Begin processing the 7th record. Run 1, Event 7, LumiSection 1 on stream 2 at 13-Jun-2021 19:15:59.915 CEST
Begin processing the 8th record. Run 1, Event 8, LumiSection 1 on stream 1 at 13-Jun-2021 19:16:04.609 CEST
Begin processing the 9th record. Run 1, Event 9, LumiSection 1 on stream 0 at 13-Jun-2021 19:16:30.494 CEST
Begin processing the 10th record. Run 1, Event 10, LumiSection 1 on stream 2 at 13-Jun-2021 19:16:52.768 CEST
Begin processing the 11th record. Run 1, Event 11, LumiSection 1 on stream 3 at 13-Jun-2021 19:17:10.786 CEST
Begin processing the 12th record. Run 1, Event 12, LumiSection 1 on stream 1 at 13-Jun-2021 19:17:17.187 CEST
Begin processing the 13th record. Run 1, Event 13, LumiSection 1 on stream 0 at 13-Jun-2021 19:17:22.968 CEST
Begin processing the 14th record. Run 1, Event 14, LumiSection 1 on stream 1 at 13-Jun-2021 19:17:53.122 CEST
Begin processing the 15th record. Run 1, Event 15, LumiSection 1 on stream 2 at 13-Jun-2021 19:17:59.779 CEST
Begin processing the 16th record. Run 1, Event 16, LumiSection 1 on stream 3 at 13-Jun-2021 19:18:02.650 CEST
Begin processing the 17th record. Run 1, Event 17, LumiSection 1 on stream 0 at 13-Jun-2021 19:18:35.551 CEST
Begin processing the 18th record. Run 1, Event 18, LumiSection 1 on stream 3 at 13-Jun-2021 19:18:50.551 CEST
Begin processing the 19th record. Run 1, Event 19, LumiSection 1 on stream 2 at 13-Jun-2021 19:19:12.051 CEST
Begin processing the 20th record. Run 1, Event 20, LumiSection 1 on stream 3 at 13-Jun-2021 19:19:15.521 CEST
Begin processing the 21st record. Run 1, Event 21, LumiSection 1 on stream 3 at 13-Jun-2021 19:19:28.931 CEST
Begin processing the 22nd record. Run 1, Event 22, LumiSection 1 on stream 0 at 13-Jun-2021 19:19:31.796 CEST
Begin processing the 23rd record. Run 1, Event 23, LumiSection 1 on stream 1 at 13-Jun-2021 19:19:39.327 CEST
Begin processing the 24th record. Run 1, Event 24, LumiSection 1 on stream 2 at 13-Jun-2021 19:19:48.811 CEST
Begin processing the 25th record. Run 1, Event 25, LumiSection 1 on stream 0 at 13-Jun-2021 19:19:50.947 CEST
Begin processing the 26th record. Run 1, Event 26, LumiSection 1 on stream 1 at 13-Jun-2021 19:19:54.424 CEST
Begin processing the 27th record. Run 1, Event 27, LumiSection 1 on stream 3 at 13-Jun-2021 19:20:11.507 CEST
Begin processing the 28th record. Run 1, Event 28, LumiSection 1 on stream 2 at 13-Jun-2021 19:20:19.896 CEST
Begin processing the 29th record. Run 1, Event 29, LumiSection 1 on stream 1 at 13-Jun-2021 19:20:23.853 CEST
Begin processing the 30th record. Run 1, Event 30, LumiSection 1 on stream 0 at 13-Jun-2021 19:20:41.166 CEST
Begin processing the 31st record. Run 1, Event 31, LumiSection 1 on stream 2 at 13-Jun-2021 19:20:50.074 CEST
Begin processing the 32nd record. Run 1, Event 32, LumiSection 1 on stream 1 at 13-Jun-2021 19:20:53.031 CEST
Begin processing the 33rd record. Run 1, Event 33, LumiSection 1 on stream 3 at 13-Jun-2021 19:21:05.265 CEST
Begin processing the 34th record. Run 1, Event 34, LumiSection 1 on stream 0 at 13-Jun-2021 19:21:09.032 CEST
Begin processing the 35th record. Run 1, Event 35, LumiSection 1 on stream 2 at 13-Jun-2021 19:21:20.346 CEST
Begin processing the 36th record. Run 1, Event 36, LumiSection 1 on stream 0 at 13-Jun-2021 19:21:21.248 CEST
Begin processing the 37th record. Run 1, Event 37, LumiSection 1 on stream 1 at 13-Jun-2021 19:21:23.934 CEST
Begin processing the 38th record. Run 1, Event 38, LumiSection 1 on stream 2 at 13-Jun-2021 19:21:33.829 CEST
Begin processing the 39th record. Run 1, Event 39, LumiSection 1 on stream 3 at 13-Jun-2021 19:21:54.456 CEST
Begin processing the 40th record. Run 1, Event 40, LumiSection 1 on stream 0 at 13-Jun-2021 19:22:04.046 CEST
Begin processing the 41st record. Run 1, Event 41, LumiSection 1 on stream 2 at 13-Jun-2021 19:22:04.084 CEST
Begin processing the 42nd record. Run 1, Event 42, LumiSection 1 on stream 1 at 13-Jun-2021 19:22:31.076 CEST
Begin processing the 43rd record. Run 1, Event 43, LumiSection 1 on stream 3 at 13-Jun-2021 19:22:36.226 CEST
Begin processing the 44th record. Run 1, Event 44, LumiSection 1 on stream 0 at 13-Jun-2021 19:22:48.852 CEST
Begin processing the 45th record. Run 1, Event 45, LumiSection 1 on stream 2 at 13-Jun-2021 19:22:52.175 CEST
Begin processing the 46th record. Run 1, Event 46, LumiSection 1 on stream 3 at 13-Jun-2021 19:23:06.349 CEST
Begin processing the 47th record. Run 1, Event 47, LumiSection 1 on stream 1 at 13-Jun-2021 19:23:06.436 CEST
Begin processing the 48th record. Run 1, Event 48, LumiSection 1 on stream 2 at 13-Jun-2021 19:23:14.500 CEST
Begin processing the 49th record. Run 1, Event 49, LumiSection 1 on stream 0 at 13-Jun-2021 19:23:19.813 CEST
Begin processing the 50th record. Run 1, Event 50, LumiSection 1 on stream 1 at 13-Jun-2021 19:23:39.568 CEST
13-Jun-2021 19:24:08 CEST  Closed file file:/eos/cms/store/user/tsarkar/wgen_Vector_MonoZLL_NLO_Mphi-500_Mchi-150_gSM-0p25_gDM-1p0_ctau0p1/RunIISummer20UL17_wmLHEGEN/210607_153902/0000/step_wgen_1.root

=============================================

MessageLogger Summary

 type     category        sev    module        subroutine        count    total
 ---- -------------------- -- ---------------- ----------------  -----    -----
    1 fileAction           -s file_close                             1        1
    2 fileAction           -s file_open                              2        2

 type    category    Examples: run/evt        run/evt          run/evt
 ---- -------------------- ---------------- ---------------- ----------------
    1 fileAction           End Run: 1                        
    2 fileAction           pre-events       pre-events       

Severity    # Occurrences   Total Occurrences
--------    -------------   -----------------
System                  3                   3

dropped waiting message count 0
