000 (7304654.000.000) 06/13 19:12:20 Job submitted from host: <137.138.44.75:9618?addrs=137.138.44.75-9618+[2001-1458-d00-1a--b]-9618&alias=bigbird14.cern.ch&noUDP&sock=schedd_3149486_02ef>
...
040 (7304654.000.000) 06/13 19:13:02 Started transferring input files
	Transferring to host: <188.184.213.251:9618?addrs=188.184.213.251-9618+[2001-1458-301-10c--100-4bf]-9618&alias=b7g24n1539.cern.ch&noUDP&sock=slot1_6_16865_ab07_39171>
...
040 (7304654.000.000) 06/13 19:13:02 Finished transferring input files
...
001 (7304654.000.000) 06/13 19:13:03 Job executing on host: <188.184.213.251:9618?addrs=188.184.213.251-9618+[2001-1458-301-10c--100-4bf]-9618&alias=b7g24n1539.cern.ch&noUDP&sock=startd_16719_6bfe>
...
006 (7304654.000.000) 06/13 19:13:12 Image size of job updated: 126248
	12  -  MemoryUsage of job (MB)
	11484  -  ResidentSetSize of job (KB)
...
006 (7304654.000.000) 06/13 19:13:47 Image size of job updated: 504280
	12  -  MemoryUsage of job (MB)
	11484  -  ResidentSetSize of job (KB)
...
040 (7304654.000.000) 06/13 19:13:47 Started transferring output files
...
040 (7304654.000.000) 06/13 19:13:47 Finished transferring output files
...
005 (7304654.000.000) 06/13 19:13:47 Job terminated.
	(1) Normal termination (return value 73)
		Usr 0 00:00:05, Sys 0 00:00:02  -  Run Remote Usage
		Usr 0 00:00:00, Sys 0 00:00:00  -  Run Local Usage
		Usr 0 00:00:05, Sys 0 00:00:02  -  Total Remote Usage
		Usr 0 00:00:00, Sys 0 00:00:00  -  Total Local Usage
	563  -  Run Bytes Sent By Job
	422  -  Run Bytes Received By Job
	563  -  Total Bytes Sent By Job
	422  -  Total Bytes Received By Job
	Partitionable Resources :    Usage  Request Allocated 
	   Cpus                 :     0.00        1         1 
	   Disk (KB)            :    24           1    328853 
	   Memory (MB)          :    12        2000      2000 

	Job terminated of its own accord at 2021-06-13T17:13:47Z.
...
