%MSG-i ThreadStreamSetup:  (NoModuleName) 13-Jun-2021 19:13:33 CEST pre-events
setting # threads 4
setting # streams 4
%MSG
13-Jun-2021 19:13:54 CEST  Initiating request to open file file:/eos/cms/store/user/tsarkar/wgen_Vector_MonoZLL_NLO_Mphi-500_Mchi-150_gSM-0p25_gDM-1p0_ctau0p1/RunIISummer20UL17_wmLHEGEN/210607_153902/0000/step_wgen_7.root
13-Jun-2021 19:13:59 CEST  Successfully opened file file:/eos/cms/store/user/tsarkar/wgen_Vector_MonoZLL_NLO_Mphi-500_Mchi-150_gSM-0p25_gDM-1p0_ctau0p1/RunIISummer20UL17_wmLHEGEN/210607_153902/0000/step_wgen_7.root
Begin processing the 1st record. Run 1, Event 301, LumiSection 7 on stream 3 at 13-Jun-2021 19:16:58.458 CEST
Begin processing the 2nd record. Run 1, Event 302, LumiSection 7 on stream 0 at 13-Jun-2021 19:16:58.458 CEST
Begin processing the 3rd record. Run 1, Event 303, LumiSection 7 on stream 2 at 13-Jun-2021 19:16:58.458 CEST
Begin processing the 4th record. Run 1, Event 304, LumiSection 7 on stream 1 at 13-Jun-2021 19:16:58.458 CEST
Begin processing the 5th record. Run 1, Event 305, LumiSection 7 on stream 3 at 13-Jun-2021 19:17:23.856 CEST
Begin processing the 6th record. Run 1, Event 306, LumiSection 7 on stream 3 at 13-Jun-2021 19:17:54.272 CEST
Begin processing the 7th record. Run 1, Event 307, LumiSection 7 on stream 1 at 13-Jun-2021 19:18:07.260 CEST
Begin processing the 8th record. Run 1, Event 308, LumiSection 7 on stream 0 at 13-Jun-2021 19:18:15.441 CEST
Begin processing the 9th record. Run 1, Event 309, LumiSection 7 on stream 1 at 13-Jun-2021 19:18:23.286 CEST
Begin processing the 10th record. Run 1, Event 310, LumiSection 7 on stream 2 at 13-Jun-2021 19:18:29.007 CEST
Begin processing the 11th record. Run 1, Event 311, LumiSection 7 on stream 3 at 13-Jun-2021 19:18:30.403 CEST
Begin processing the 12th record. Run 1, Event 312, LumiSection 7 on stream 0 at 13-Jun-2021 19:18:39.510 CEST
Begin processing the 13th record. Run 1, Event 313, LumiSection 7 on stream 2 at 13-Jun-2021 19:19:38.917 CEST
Begin processing the 14th record. Run 1, Event 314, LumiSection 7 on stream 3 at 13-Jun-2021 19:19:40.426 CEST
Begin processing the 15th record. Run 1, Event 315, LumiSection 7 on stream 0 at 13-Jun-2021 19:19:42.566 CEST
Begin processing the 16th record. Run 1, Event 316, LumiSection 7 on stream 3 at 13-Jun-2021 19:19:52.123 CEST
Begin processing the 17th record. Run 1, Event 317, LumiSection 7 on stream 1 at 13-Jun-2021 19:20:02.708 CEST
Begin processing the 18th record. Run 1, Event 318, LumiSection 7 on stream 0 at 13-Jun-2021 19:20:04.887 CEST
Begin processing the 19th record. Run 1, Event 319, LumiSection 7 on stream 0 at 13-Jun-2021 19:20:14.696 CEST
Begin processing the 20th record. Run 1, Event 320, LumiSection 7 on stream 3 at 13-Jun-2021 19:20:33.736 CEST
Begin processing the 21st record. Run 1, Event 321, LumiSection 7 on stream 2 at 13-Jun-2021 19:20:34.801 CEST
Begin processing the 22nd record. Run 1, Event 322, LumiSection 7 on stream 1 at 13-Jun-2021 19:20:38.527 CEST
Begin processing the 23rd record. Run 1, Event 323, LumiSection 7 on stream 3 at 13-Jun-2021 19:20:56.571 CEST
Begin processing the 24th record. Run 1, Event 324, LumiSection 7 on stream 0 at 13-Jun-2021 19:20:57.573 CEST
Begin processing the 25th record. Run 1, Event 325, LumiSection 7 on stream 3 at 13-Jun-2021 19:21:38.411 CEST
Begin processing the 26th record. Run 1, Event 326, LumiSection 7 on stream 2 at 13-Jun-2021 19:21:58.574 CEST
Begin processing the 27th record. Run 1, Event 327, LumiSection 7 on stream 0 at 13-Jun-2021 19:22:08.701 CEST
Begin processing the 28th record. Run 1, Event 328, LumiSection 7 on stream 1 at 13-Jun-2021 19:22:11.080 CEST
Begin processing the 29th record. Run 1, Event 329, LumiSection 7 on stream 3 at 13-Jun-2021 19:22:50.191 CEST
Begin processing the 30th record. Run 1, Event 330, LumiSection 7 on stream 2 at 13-Jun-2021 19:22:54.603 CEST
Begin processing the 31st record. Run 1, Event 331, LumiSection 7 on stream 0 at 13-Jun-2021 19:23:21.338 CEST
Begin processing the 32nd record. Run 1, Event 332, LumiSection 7 on stream 1 at 13-Jun-2021 19:23:29.558 CEST
Begin processing the 33rd record. Run 1, Event 333, LumiSection 7 on stream 3 at 13-Jun-2021 19:23:45.147 CEST
Begin processing the 34th record. Run 1, Event 334, LumiSection 7 on stream 0 at 13-Jun-2021 19:23:56.261 CEST
Begin processing the 35th record. Run 1, Event 335, LumiSection 7 on stream 2 at 13-Jun-2021 19:23:59.648 CEST
Begin processing the 36th record. Run 1, Event 336, LumiSection 7 on stream 0 at 13-Jun-2021 19:24:03.604 CEST
Begin processing the 37th record. Run 1, Event 337, LumiSection 7 on stream 1 at 13-Jun-2021 19:24:13.236 CEST
Begin processing the 38th record. Run 1, Event 338, LumiSection 7 on stream 1 at 13-Jun-2021 19:24:32.778 CEST
Begin processing the 39th record. Run 1, Event 339, LumiSection 7 on stream 0 at 13-Jun-2021 19:24:45.261 CEST
Begin processing the 40th record. Run 1, Event 340, LumiSection 7 on stream 3 at 13-Jun-2021 19:24:53.050 CEST
Begin processing the 41st record. Run 1, Event 341, LumiSection 7 on stream 2 at 13-Jun-2021 19:25:01.266 CEST
Begin processing the 42nd record. Run 1, Event 342, LumiSection 7 on stream 3 at 13-Jun-2021 19:25:28.649 CEST
Begin processing the 43rd record. Run 1, Event 343, LumiSection 7 on stream 0 at 13-Jun-2021 19:25:36.317 CEST
Begin processing the 44th record. Run 1, Event 344, LumiSection 7 on stream 1 at 13-Jun-2021 19:25:57.081 CEST
Begin processing the 45th record. Run 1, Event 345, LumiSection 7 on stream 3 at 13-Jun-2021 19:25:59.910 CEST
Begin processing the 46th record. Run 1, Event 346, LumiSection 7 on stream 2 at 13-Jun-2021 19:26:27.370 CEST
Begin processing the 47th record. Run 1, Event 347, LumiSection 7 on stream 0 at 13-Jun-2021 19:26:29.887 CEST
Begin processing the 48th record. Run 1, Event 348, LumiSection 7 on stream 3 at 13-Jun-2021 19:26:34.072 CEST
Begin processing the 49th record. Run 1, Event 349, LumiSection 7 on stream 1 at 13-Jun-2021 19:26:50.482 CEST
Begin processing the 50th record. Run 1, Event 350, LumiSection 7 on stream 2 at 13-Jun-2021 19:27:09.508 CEST
13-Jun-2021 19:28:06 CEST  Closed file file:/eos/cms/store/user/tsarkar/wgen_Vector_MonoZLL_NLO_Mphi-500_Mchi-150_gSM-0p25_gDM-1p0_ctau0p1/RunIISummer20UL17_wmLHEGEN/210607_153902/0000/step_wgen_7.root

=============================================

MessageLogger Summary

 type     category        sev    module        subroutine        count    total
 ---- -------------------- -- ---------------- ----------------  -----    -----
    1 fileAction           -s file_close                             1        1
    2 fileAction           -s file_open                              2        2

 type    category    Examples: run/evt        run/evt          run/evt
 ---- -------------------- ---------------- ---------------- ----------------
    1 fileAction           PostGlobalEndRun                  
    2 fileAction           pre-events       pre-events       

Severity    # Occurrences   Total Occurrences
--------    -------------   -----------------
System                  3                   3

dropped waiting message count 970
