000 (7304651.000.000) 06/13 19:12:14 Job submitted from host: <137.138.44.75:9618?addrs=137.138.44.75-9618+[2001-1458-d00-1a--b]-9618&alias=bigbird14.cern.ch&noUDP&sock=schedd_3149486_02ef>
...
040 (7304651.000.000) 06/13 19:13:00 Started transferring input files
	Transferring to host: <188.184.196.66:9618?addrs=188.184.196.66-9618+[2001-1458-301-102--100-51]-9618&alias=b7g24n0171.cern.ch&noUDP&sock=slot1_9_3320_fd80_49814>
...
040 (7304651.000.000) 06/13 19:13:00 Finished transferring input files
...
001 (7304651.000.000) 06/13 19:13:01 Job executing on host: <188.184.196.66:9618?addrs=188.184.196.66-9618+[2001-1458-301-102--100-51]-9618&alias=b7g24n0171.cern.ch&noUDP&sock=startd_2856_8e92>
...
006 (7304651.000.000) 06/13 19:13:10 Image size of job updated: 252572
	12  -  MemoryUsage of job (MB)
	11504  -  ResidentSetSize of job (KB)
...
006 (7304651.000.000) 06/13 19:18:10 Image size of job updated: 1545700
	643  -  MemoryUsage of job (MB)
	657624  -  ResidentSetSize of job (KB)
...
006 (7304651.000.000) 06/13 19:23:10 Image size of job updated: 1635868
	683  -  MemoryUsage of job (MB)
	698444  -  ResidentSetSize of job (KB)
...
006 (7304651.000.000) 06/13 19:24:58 Image size of job updated: 1725980
	683  -  MemoryUsage of job (MB)
	698444  -  ResidentSetSize of job (KB)
...
040 (7304651.000.000) 06/13 19:24:58 Started transferring output files
...
040 (7304651.000.000) 06/13 19:24:58 Finished transferring output files
...
005 (7304651.000.000) 06/13 19:24:59 Job terminated.
	(1) Normal termination (return value 0)
		Usr 0 00:24:48, Sys 0 00:00:19  -  Run Remote Usage
		Usr 0 00:00:00, Sys 0 00:00:00  -  Run Local Usage
		Usr 0 00:24:48, Sys 0 00:00:19  -  Total Remote Usage
		Usr 0 00:00:00, Sys 0 00:00:00  -  Total Local Usage
	12909  -  Run Bytes Sent By Job
	422  -  Run Bytes Received By Job
	12909  -  Total Bytes Sent By Job
	422  -  Total Bytes Received By Job
	Partitionable Resources :    Usage  Request Allocated 
	   Cpus                 :     2.19        1         1 
	   Disk (KB)            :    33           1    280837 
	   Memory (MB)          :   683        2000      2000 

	Job terminated of its own accord at 2021-06-13T17:24:58Z.
...
