%MSG-i ThreadStreamSetup:  (NoModuleName) 13-Jun-2021 19:13:13 CEST pre-events
setting # threads 4
setting # streams 4
%MSG
13-Jun-2021 19:13:28 CEST  Initiating request to open file file:/eos/cms/store/user/tsarkar/wgen_Vector_MonoZLL_NLO_Mphi-500_Mchi-150_gSM-0p25_gDM-1p0_ctau0p1/RunIISummer20UL17_wmLHEGEN/210607_153902/0000/step_wgen_8.root
13-Jun-2021 19:13:31 CEST  Successfully opened file file:/eos/cms/store/user/tsarkar/wgen_Vector_MonoZLL_NLO_Mphi-500_Mchi-150_gSM-0p25_gDM-1p0_ctau0p1/RunIISummer20UL17_wmLHEGEN/210607_153902/0000/step_wgen_8.root
Begin processing the 1st record. Run 1, Event 351, LumiSection 8 on stream 0 at 13-Jun-2021 19:14:42.620 CEST
Begin processing the 2nd record. Run 1, Event 352, LumiSection 8 on stream 3 at 13-Jun-2021 19:14:42.621 CEST
Begin processing the 3rd record. Run 1, Event 353, LumiSection 8 on stream 1 at 13-Jun-2021 19:14:42.621 CEST
Begin processing the 4th record. Run 1, Event 354, LumiSection 8 on stream 2 at 13-Jun-2021 19:14:42.621 CEST
Begin processing the 5th record. Run 1, Event 355, LumiSection 8 on stream 0 at 13-Jun-2021 19:15:43.456 CEST
Begin processing the 6th record. Run 1, Event 356, LumiSection 8 on stream 1 at 13-Jun-2021 19:15:49.034 CEST
Begin processing the 7th record. Run 1, Event 357, LumiSection 8 on stream 3 at 13-Jun-2021 19:16:02.537 CEST
Begin processing the 8th record. Run 1, Event 358, LumiSection 8 on stream 2 at 13-Jun-2021 19:16:26.580 CEST
Begin processing the 9th record. Run 1, Event 359, LumiSection 8 on stream 2 at 13-Jun-2021 19:16:37.945 CEST
Begin processing the 10th record. Run 1, Event 360, LumiSection 8 on stream 0 at 13-Jun-2021 19:16:42.174 CEST
Begin processing the 11th record. Run 1, Event 361, LumiSection 8 on stream 3 at 13-Jun-2021 19:16:42.518 CEST
Begin processing the 12th record. Run 1, Event 362, LumiSection 8 on stream 1 at 13-Jun-2021 19:16:56.143 CEST
Begin processing the 13th record. Run 1, Event 363, LumiSection 8 on stream 2 at 13-Jun-2021 19:17:47.941 CEST
Begin processing the 14th record. Run 1, Event 364, LumiSection 8 on stream 0 at 13-Jun-2021 19:17:48.691 CEST
Begin processing the 15th record. Run 1, Event 365, LumiSection 8 on stream 3 at 13-Jun-2021 19:18:25.595 CEST
Begin processing the 16th record. Run 1, Event 366, LumiSection 8 on stream 2 at 13-Jun-2021 19:18:26.836 CEST
Begin processing the 17th record. Run 1, Event 367, LumiSection 8 on stream 1 at 13-Jun-2021 19:18:51.073 CEST
Begin processing the 18th record. Run 1, Event 368, LumiSection 8 on stream 0 at 13-Jun-2021 19:19:06.204 CEST
Begin processing the 19th record. Run 1, Event 369, LumiSection 8 on stream 1 at 13-Jun-2021 19:19:28.730 CEST
Begin processing the 20th record. Run 1, Event 370, LumiSection 8 on stream 3 at 13-Jun-2021 19:19:29.620 CEST
Begin processing the 21st record. Run 1, Event 371, LumiSection 8 on stream 2 at 13-Jun-2021 19:19:39.680 CEST
Begin processing the 22nd record. Run 1, Event 372, LumiSection 8 on stream 0 at 13-Jun-2021 19:19:49.058 CEST
Begin processing the 23rd record. Run 1, Event 373, LumiSection 8 on stream 0 at 13-Jun-2021 19:20:22.350 CEST
Begin processing the 24th record. Run 1, Event 374, LumiSection 8 on stream 1 at 13-Jun-2021 19:20:23.920 CEST
Begin processing the 25th record. Run 1, Event 375, LumiSection 8 on stream 3 at 13-Jun-2021 19:20:26.103 CEST
Begin processing the 26th record. Run 1, Event 376, LumiSection 8 on stream 0 at 13-Jun-2021 19:20:36.437 CEST
Begin processing the 27th record. Run 1, Event 377, LumiSection 8 on stream 2 at 13-Jun-2021 19:20:59.184 CEST
Begin processing the 28th record. Run 1, Event 378, LumiSection 8 on stream 3 at 13-Jun-2021 19:21:27.576 CEST
Begin processing the 29th record. Run 1, Event 379, LumiSection 8 on stream 0 at 13-Jun-2021 19:21:37.321 CEST
Begin processing the 30th record. Run 1, Event 380, LumiSection 8 on stream 2 at 13-Jun-2021 19:21:42.848 CEST
Begin processing the 31st record. Run 1, Event 381, LumiSection 8 on stream 1 at 13-Jun-2021 19:21:47.359 CEST
Begin processing the 32nd record. Run 1, Event 382, LumiSection 8 on stream 3 at 13-Jun-2021 19:22:11.892 CEST
Begin processing the 33rd record. Run 1, Event 383, LumiSection 8 on stream 1 at 13-Jun-2021 19:22:20.657 CEST
Begin processing the 34th record. Run 1, Event 384, LumiSection 8 on stream 0 at 13-Jun-2021 19:22:40.860 CEST
Begin processing the 35th record. Run 1, Event 385, LumiSection 8 on stream 3 at 13-Jun-2021 19:22:50.724 CEST
Begin processing the 36th record. Run 1, Event 386, LumiSection 8 on stream 1 at 13-Jun-2021 19:22:54.756 CEST
Begin processing the 37th record. Run 1, Event 387, LumiSection 8 on stream 2 at 13-Jun-2021 19:23:14.288 CEST
Begin processing the 38th record. Run 1, Event 388, LumiSection 8 on stream 0 at 13-Jun-2021 19:23:29.449 CEST
Begin processing the 39th record. Run 1, Event 389, LumiSection 8 on stream 1 at 13-Jun-2021 19:23:32.392 CEST
Begin processing the 40th record. Run 1, Event 390, LumiSection 8 on stream 2 at 13-Jun-2021 19:24:07.746 CEST
Begin processing the 41st record. Run 1, Event 391, LumiSection 8 on stream 3 at 13-Jun-2021 19:24:31.572 CEST
Begin processing the 42nd record. Run 1, Event 392, LumiSection 8 on stream 0 at 13-Jun-2021 19:24:41.252 CEST
Begin processing the 43rd record. Run 1, Event 393, LumiSection 8 on stream 1 at 13-Jun-2021 19:24:52.659 CEST
Begin processing the 44th record. Run 1, Event 394, LumiSection 8 on stream 2 at 13-Jun-2021 19:25:13.198 CEST
Begin processing the 45th record. Run 1, Event 395, LumiSection 8 on stream 3 at 13-Jun-2021 19:25:21.941 CEST
Begin processing the 46th record. Run 1, Event 396, LumiSection 8 on stream 1 at 13-Jun-2021 19:25:28.575 CEST
Begin processing the 47th record. Run 1, Event 397, LumiSection 8 on stream 3 at 13-Jun-2021 19:25:58.483 CEST
Begin processing the 48th record. Run 1, Event 398, LumiSection 8 on stream 1 at 13-Jun-2021 19:26:13.340 CEST
Begin processing the 49th record. Run 1, Event 399, LumiSection 8 on stream 0 at 13-Jun-2021 19:26:31.238 CEST
Begin processing the 50th record. Run 1, Event 400, LumiSection 8 on stream 2 at 13-Jun-2021 19:26:37.538 CEST
13-Jun-2021 19:27:48 CEST  Closed file file:/eos/cms/store/user/tsarkar/wgen_Vector_MonoZLL_NLO_Mphi-500_Mchi-150_gSM-0p25_gDM-1p0_ctau0p1/RunIISummer20UL17_wmLHEGEN/210607_153902/0000/step_wgen_8.root

=============================================

MessageLogger Summary

 type     category        sev    module        subroutine        count    total
 ---- -------------------- -- ---------------- ----------------  -----    -----
    1 fileAction           -s file_close                             1        1
    2 fileAction           -s file_open                              2        2

 type    category    Examples: run/evt        run/evt          run/evt
 ---- -------------------- ---------------- ---------------- ----------------
    1 fileAction           PostGlobalEndRun                  
    2 fileAction           pre-events       pre-events       

Severity    # Occurrences   Total Occurrences
--------    -------------   -----------------
System                  3                   3

dropped waiting message count 1924
