%MSG-i ThreadStreamSetup:  (NoModuleName) 13-Jun-2021 19:13:13 CEST pre-events
setting # threads 4
setting # streams 4
%MSG
13-Jun-2021 19:13:27 CEST  Initiating request to open file file:/eos/cms/store/user/tsarkar/wgen_Vector_MonoZLL_NLO_Mphi-500_Mchi-150_gSM-0p25_gDM-1p0_ctau0p1/RunIISummer20UL17_wmLHEGEN/210607_153902/0000/step_wgen_17.root
13-Jun-2021 19:13:30 CEST  Successfully opened file file:/eos/cms/store/user/tsarkar/wgen_Vector_MonoZLL_NLO_Mphi-500_Mchi-150_gSM-0p25_gDM-1p0_ctau0p1/RunIISummer20UL17_wmLHEGEN/210607_153902/0000/step_wgen_17.root
Begin processing the 1st record. Run 1, Event 801, LumiSection 17 on stream 0 at 13-Jun-2021 19:14:38.475 CEST
Begin processing the 2nd record. Run 1, Event 802, LumiSection 17 on stream 2 at 13-Jun-2021 19:14:38.475 CEST
Begin processing the 3rd record. Run 1, Event 803, LumiSection 17 on stream 3 at 13-Jun-2021 19:14:38.476 CEST
Begin processing the 4th record. Run 1, Event 804, LumiSection 17 on stream 1 at 13-Jun-2021 19:14:38.476 CEST
Begin processing the 5th record. Run 1, Event 805, LumiSection 17 on stream 3 at 13-Jun-2021 19:15:17.406 CEST
Begin processing the 6th record. Run 1, Event 806, LumiSection 17 on stream 2 at 13-Jun-2021 19:15:35.188 CEST
Begin processing the 7th record. Run 1, Event 807, LumiSection 17 on stream 0 at 13-Jun-2021 19:16:05.469 CEST
Begin processing the 8th record. Run 1, Event 808, LumiSection 17 on stream 1 at 13-Jun-2021 19:16:13.510 CEST
Begin processing the 9th record. Run 1, Event 809, LumiSection 17 on stream 2 at 13-Jun-2021 19:16:14.382 CEST
Begin processing the 10th record. Run 1, Event 810, LumiSection 17 on stream 3 at 13-Jun-2021 19:16:23.278 CEST
Begin processing the 11th record. Run 1, Event 811, LumiSection 17 on stream 0 at 13-Jun-2021 19:16:35.043 CEST
Begin processing the 12th record. Run 1, Event 812, LumiSection 17 on stream 3 at 13-Jun-2021 19:16:37.609 CEST
Begin processing the 13th record. Run 1, Event 813, LumiSection 17 on stream 1 at 13-Jun-2021 19:16:52.881 CEST
Begin processing the 14th record. Run 1, Event 814, LumiSection 17 on stream 3 at 13-Jun-2021 19:17:06.421 CEST
Begin processing the 15th record. Run 1, Event 815, LumiSection 17 on stream 0 at 13-Jun-2021 19:17:37.149 CEST
Begin processing the 16th record. Run 1, Event 816, LumiSection 17 on stream 2 at 13-Jun-2021 19:17:50.552 CEST
Begin processing the 17th record. Run 1, Event 817, LumiSection 17 on stream 3 at 13-Jun-2021 19:18:08.225 CEST
Begin processing the 18th record. Run 1, Event 818, LumiSection 17 on stream 1 at 13-Jun-2021 19:18:32.678 CEST
Begin processing the 19th record. Run 1, Event 819, LumiSection 17 on stream 2 at 13-Jun-2021 19:18:50.922 CEST
Begin processing the 20th record. Run 1, Event 820, LumiSection 17 on stream 0 at 13-Jun-2021 19:19:01.340 CEST
Begin processing the 21st record. Run 1, Event 821, LumiSection 17 on stream 3 at 13-Jun-2021 19:19:22.127 CEST
Begin processing the 22nd record. Run 1, Event 822, LumiSection 17 on stream 1 at 13-Jun-2021 19:19:37.030 CEST
Begin processing the 23rd record. Run 1, Event 823, LumiSection 17 on stream 0 at 13-Jun-2021 19:19:44.268 CEST
Begin processing the 24th record. Run 1, Event 824, LumiSection 17 on stream 3 at 13-Jun-2021 19:20:15.460 CEST
Begin processing the 25th record. Run 1, Event 825, LumiSection 17 on stream 2 at 13-Jun-2021 19:20:16.378 CEST
Begin processing the 26th record. Run 1, Event 826, LumiSection 17 on stream 3 at 13-Jun-2021 19:20:46.960 CEST
Begin processing the 27th record. Run 1, Event 827, LumiSection 17 on stream 1 at 13-Jun-2021 19:20:48.720 CEST
Begin processing the 28th record. Run 1, Event 828, LumiSection 17 on stream 0 at 13-Jun-2021 19:21:18.021 CEST
Begin processing the 29th record. Run 1, Event 829, LumiSection 17 on stream 2 at 13-Jun-2021 19:21:30.191 CEST
Begin processing the 30th record. Run 1, Event 830, LumiSection 17 on stream 1 at 13-Jun-2021 19:21:32.868 CEST
Begin processing the 31st record. Run 1, Event 831, LumiSection 17 on stream 2 at 13-Jun-2021 19:21:52.620 CEST
Begin processing the 32nd record. Run 1, Event 832, LumiSection 17 on stream 3 at 13-Jun-2021 19:21:57.029 CEST
Begin processing the 33rd record. Run 1, Event 833, LumiSection 17 on stream 2 at 13-Jun-2021 19:22:23.200 CEST
Begin processing the 34th record. Run 1, Event 834, LumiSection 17 on stream 0 at 13-Jun-2021 19:22:29.050 CEST
Begin processing the 35th record. Run 1, Event 835, LumiSection 17 on stream 3 at 13-Jun-2021 19:22:48.106 CEST
Begin processing the 36th record. Run 1, Event 836, LumiSection 17 on stream 2 at 13-Jun-2021 19:23:24.330 CEST
Begin processing the 37th record. Run 1, Event 837, LumiSection 17 on stream 1 at 13-Jun-2021 19:23:38.221 CEST
Begin processing the 38th record. Run 1, Event 838, LumiSection 17 on stream 0 at 13-Jun-2021 19:23:51.219 CEST
Begin processing the 39th record. Run 1, Event 839, LumiSection 17 on stream 3 at 13-Jun-2021 19:23:59.785 CEST
Begin processing the 40th record. Run 1, Event 840, LumiSection 17 on stream 1 at 13-Jun-2021 19:24:06.846 CEST
Begin processing the 41st record. Run 1, Event 841, LumiSection 17 on stream 2 at 13-Jun-2021 19:24:08.382 CEST
Begin processing the 42nd record. Run 1, Event 842, LumiSection 17 on stream 1 at 13-Jun-2021 19:24:27.533 CEST
Begin processing the 43rd record. Run 1, Event 843, LumiSection 17 on stream 3 at 13-Jun-2021 19:24:37.146 CEST
Begin processing the 44th record. Run 1, Event 844, LumiSection 17 on stream 0 at 13-Jun-2021 19:25:00.607 CEST
Begin processing the 45th record. Run 1, Event 845, LumiSection 17 on stream 2 at 13-Jun-2021 19:25:05.840 CEST
Begin processing the 46th record. Run 1, Event 846, LumiSection 17 on stream 3 at 13-Jun-2021 19:25:29.901 CEST
Begin processing the 47th record. Run 1, Event 847, LumiSection 17 on stream 0 at 13-Jun-2021 19:25:34.963 CEST
Begin processing the 48th record. Run 1, Event 848, LumiSection 17 on stream 0 at 13-Jun-2021 19:25:42.098 CEST
Begin processing the 49th record. Run 1, Event 849, LumiSection 17 on stream 1 at 13-Jun-2021 19:25:43.535 CEST
Begin processing the 50th record. Run 1, Event 850, LumiSection 17 on stream 3 at 13-Jun-2021 19:26:12.893 CEST
13-Jun-2021 19:26:55 CEST  Closed file file:/eos/cms/store/user/tsarkar/wgen_Vector_MonoZLL_NLO_Mphi-500_Mchi-150_gSM-0p25_gDM-1p0_ctau0p1/RunIISummer20UL17_wmLHEGEN/210607_153902/0000/step_wgen_17.root

=============================================

MessageLogger Summary

 type     category        sev    module        subroutine        count    total
 ---- -------------------- -- ---------------- ----------------  -----    -----
    1 fileAction           -s file_close                             1        1
    2 fileAction           -s file_open                              2        2

 type    category    Examples: run/evt        run/evt          run/evt
 ---- -------------------- ---------------- ---------------- ----------------
    1 fileAction           PostGlobalEndRun                  
    2 fileAction           pre-events       pre-events       

Severity    # Occurrences   Total Occurrences
--------    -------------   -----------------
System                  3                   3

dropped waiting message count 0
