000 (7304643.000.000) 06/13 19:12:05 Job submitted from host: <137.138.44.75:9618?addrs=137.138.44.75-9618+[2001-1458-d00-1a--b]-9618&alias=bigbird14.cern.ch&noUDP&sock=schedd_3149486_02ef>
...
040 (7304643.000.000) 06/13 19:13:03 Started transferring input files
	Transferring to host: <188.184.182.23:9618?addrs=188.184.182.23-9618+[2001-1458-301-2b--100-197]-9618&alias=b7g41n1984.cern.ch&noUDP&sock=slot1_5_32632_f228_110428>
...
040 (7304643.000.000) 06/13 19:13:03 Finished transferring input files
...
001 (7304643.000.000) 06/13 19:13:04 Job executing on host: <188.184.182.23:9618?addrs=188.184.182.23-9618+[2001-1458-301-2b--100-197]-9618&alias=b7g41n1984.cern.ch&noUDP&sock=startd_6567_fe87>
...
006 (7304643.000.000) 06/13 19:13:13 Image size of job updated: 37952
	23  -  MemoryUsage of job (MB)
	23468  -  ResidentSetSize of job (KB)
...
006 (7304643.000.000) 06/13 19:18:14 Image size of job updated: 1665020
	649  -  MemoryUsage of job (MB)
	664180  -  ResidentSetSize of job (KB)
...
006 (7304643.000.000) 06/13 19:21:29 Image size of job updated: 1705980
	649  -  MemoryUsage of job (MB)
	664180  -  ResidentSetSize of job (KB)
...
040 (7304643.000.000) 06/13 19:21:29 Started transferring output files
...
040 (7304643.000.000) 06/13 19:21:29 Finished transferring output files
...
005 (7304643.000.000) 06/13 19:21:29 Job terminated.
	(1) Normal termination (return value 0)
		Usr 0 00:25:20, Sys 0 00:00:17  -  Run Remote Usage
		Usr 0 00:00:00, Sys 0 00:00:00  -  Run Local Usage
		Usr 0 00:25:20, Sys 0 00:00:17  -  Total Remote Usage
		Usr 0 00:00:00, Sys 0 00:00:00  -  Total Local Usage
	12908  -  Run Bytes Sent By Job
	422  -  Run Bytes Received By Job
	12908  -  Total Bytes Sent By Job
	422  -  Total Bytes Received By Job
	Partitionable Resources :    Usage  Request Allocated 
	   Cpus                 :                 1         1 
	   Disk (KB)            :       26        1    335213 
	   Memory (MB)          :      649     2000      2000 

	Job terminated of its own accord at 2021-06-13T17:21:29Z.
...
