000 (7304644.000.000) 06/13 19:12:06 Job submitted from host: <137.138.44.75:9618?addrs=137.138.44.75-9618+[2001-1458-d00-1a--b]-9618&alias=bigbird14.cern.ch&noUDP&sock=schedd_3149486_02ef>
...
040 (7304644.000.000) 06/13 19:12:58 Started transferring input files
	Transferring to host: <188.184.254.8:9618?addrs=188.184.254.8-9618+[2001-1458-301-8--100-9]-9618&alias=b7g42n0026.cern.ch&noUDP&sock=slot1_1_22435_3ca9_91629>
...
040 (7304644.000.000) 06/13 19:12:58 Finished transferring input files
...
001 (7304644.000.000) 06/13 19:12:59 Job executing on host: <188.184.254.8:9618?addrs=188.184.254.8-9618+[2001-1458-301-8--100-9]-9618&alias=b7g42n0026.cern.ch&noUDP&sock=startd_5613_a12d>
...
006 (7304644.000.000) 06/13 19:13:08 Image size of job updated: 261132
	84  -  MemoryUsage of job (MB)
	85424  -  ResidentSetSize of job (KB)
...
006 (7304644.000.000) 06/13 19:18:09 Image size of job updated: 1607452
	664  -  MemoryUsage of job (MB)
	679836  -  ResidentSetSize of job (KB)
...
006 (7304644.000.000) 06/13 19:20:19 Image size of job updated: 1726236
	664  -  MemoryUsage of job (MB)
	679844  -  ResidentSetSize of job (KB)
...
040 (7304644.000.000) 06/13 19:20:20 Started transferring output files
...
040 (7304644.000.000) 06/13 19:20:20 Finished transferring output files
...
005 (7304644.000.000) 06/13 19:20:20 Job terminated.
	(1) Normal termination (return value 0)
		Usr 0 00:17:32, Sys 0 00:00:13  -  Run Remote Usage
		Usr 0 00:00:00, Sys 0 00:00:00  -  Run Local Usage
		Usr 0 00:17:32, Sys 0 00:00:13  -  Total Remote Usage
		Usr 0 00:00:00, Sys 0 00:00:00  -  Total Local Usage
	12907  -  Run Bytes Sent By Job
	422  -  Run Bytes Received By Job
	12907  -  Total Bytes Sent By Job
	422  -  Total Bytes Received By Job
	Partitionable Resources :    Usage  Request Allocated 
	   Cpus                 :     2.61        1         1 
	   Disk (KB)            :    33           1    285087 
	   Memory (MB)          :   664        2000      2000 

	Job terminated of its own accord at 2021-06-13T17:20:19Z.
...
