000 (7304636.000.000) 06/13 19:11:58 Job submitted from host: <137.138.44.75:9618?addrs=137.138.44.75-9618+[2001-1458-d00-1a--b]-9618&alias=bigbird14.cern.ch&noUDP&sock=schedd_3149486_02ef>
...
040 (7304636.000.000) 06/13 19:12:55 Started transferring input files
	Transferring to host: <188.184.210.64:9618?addrs=188.184.210.64-9618+[2001-1458-301-10b--100-446]-9618&alias=b7g23n4598.cern.ch&noUDP&sock=slot1_12_14896_5457_62732>
...
040 (7304636.000.000) 06/13 19:12:55 Finished transferring input files
...
001 (7304636.000.000) 06/13 19:12:56 Job executing on host: <188.184.210.64:9618?addrs=188.184.210.64-9618+[2001-1458-301-10b--100-446]-9618&alias=b7g23n4598.cern.ch&noUDP&sock=startd_2961_9404>
...
006 (7304636.000.000) 06/13 19:13:05 Image size of job updated: 24708
	11  -  MemoryUsage of job (MB)
	11136  -  ResidentSetSize of job (KB)
...
006 (7304636.000.000) 06/13 19:18:06 Image size of job updated: 1585064
	642  -  MemoryUsage of job (MB)
	656416  -  ResidentSetSize of job (KB)
...
006 (7304636.000.000) 06/13 19:23:06 Image size of job updated: 1642424
	667  -  MemoryUsage of job (MB)
	682400  -  ResidentSetSize of job (KB)
...
006 (7304636.000.000) 06/13 19:28:07 Image size of job updated: 1757152
	751  -  MemoryUsage of job (MB)
	768980  -  ResidentSetSize of job (KB)
...
040 (7304636.000.000) 06/13 19:28:59 Started transferring output files
...
040 (7304636.000.000) 06/13 19:28:59 Finished transferring output files
...
005 (7304636.000.000) 06/13 19:29:00 Job terminated.
	(1) Normal termination (return value 0)
		Usr 0 00:31:24, Sys 0 00:00:15  -  Run Remote Usage
		Usr 0 00:00:00, Sys 0 00:00:00  -  Run Local Usage
		Usr 0 00:31:24, Sys 0 00:00:15  -  Total Remote Usage
		Usr 0 00:00:00, Sys 0 00:00:00  -  Total Local Usage
	12854  -  Run Bytes Sent By Job
	421  -  Run Bytes Received By Job
	12854  -  Total Bytes Sent By Job
	421  -  Total Bytes Received By Job
	Partitionable Resources :    Usage  Request Allocated 
	   Cpus                 :     2.18        1         1 
	   Disk (KB)            :    33           1    358731 
	   Memory (MB)          :   751        2000      2000 

	Job terminated of its own accord at 2021-06-13T17:28:59Z.
...
