%MSG-i ThreadStreamSetup:  (NoModuleName) 13-Jun-2021 19:13:15 CEST pre-events
setting # threads 4
setting # streams 4
%MSG
13-Jun-2021 19:13:28 CEST  Initiating request to open file file:/eos/cms/store/user/tsarkar/wgen_Vector_MonoZLL_NLO_Mphi-500_Mchi-150_gSM-0p25_gDM-1p0_ctau1p0/RunIISummer20UL17_wmLHEGEN/210607_154001/0000/step_wgen_11.root
13-Jun-2021 19:13:30 CEST  Successfully opened file file:/eos/cms/store/user/tsarkar/wgen_Vector_MonoZLL_NLO_Mphi-500_Mchi-150_gSM-0p25_gDM-1p0_ctau1p0/RunIISummer20UL17_wmLHEGEN/210607_154001/0000/step_wgen_11.root
Begin processing the 1st record. Run 1, Event 501, LumiSection 11 on stream 0 at 13-Jun-2021 19:14:28.414 CEST
Begin processing the 2nd record. Run 1, Event 502, LumiSection 11 on stream 2 at 13-Jun-2021 19:14:28.414 CEST
Begin processing the 3rd record. Run 1, Event 503, LumiSection 11 on stream 3 at 13-Jun-2021 19:14:28.414 CEST
Begin processing the 4th record. Run 1, Event 504, LumiSection 11 on stream 1 at 13-Jun-2021 19:14:28.414 CEST
Begin processing the 5th record. Run 1, Event 505, LumiSection 11 on stream 2 at 13-Jun-2021 19:15:02.888 CEST
Begin processing the 6th record. Run 1, Event 506, LumiSection 11 on stream 0 at 13-Jun-2021 19:15:18.433 CEST
Begin processing the 7th record. Run 1, Event 507, LumiSection 11 on stream 1 at 13-Jun-2021 19:15:30.485 CEST
Begin processing the 8th record. Run 1, Event 508, LumiSection 11 on stream 0 at 13-Jun-2021 19:16:09.763 CEST
Begin processing the 9th record. Run 1, Event 509, LumiSection 11 on stream 3 at 13-Jun-2021 19:16:17.435 CEST
Begin processing the 10th record. Run 1, Event 510, LumiSection 11 on stream 2 at 13-Jun-2021 19:16:22.308 CEST
Begin processing the 11th record. Run 1, Event 511, LumiSection 11 on stream 1 at 13-Jun-2021 19:16:55.703 CEST
Begin processing the 12th record. Run 1, Event 512, LumiSection 11 on stream 2 at 13-Jun-2021 19:16:56.568 CEST
Begin processing the 13th record. Run 1, Event 513, LumiSection 11 on stream 0 at 13-Jun-2021 19:17:04.666 CEST
Begin processing the 14th record. Run 1, Event 514, LumiSection 11 on stream 2 at 13-Jun-2021 19:17:10.902 CEST
Begin processing the 15th record. Run 1, Event 515, LumiSection 11 on stream 1 at 13-Jun-2021 19:17:14.827 CEST
Begin processing the 16th record. Run 1, Event 516, LumiSection 11 on stream 3 at 13-Jun-2021 19:17:34.919 CEST
Begin processing the 17th record. Run 1, Event 517, LumiSection 11 on stream 2 at 13-Jun-2021 19:18:40.312 CEST
Begin processing the 18th record. Run 1, Event 518, LumiSection 11 on stream 0 at 13-Jun-2021 19:18:47.811 CEST
Begin processing the 19th record. Run 1, Event 519, LumiSection 11 on stream 3 at 13-Jun-2021 19:19:09.235 CEST
Begin processing the 20th record. Run 1, Event 520, LumiSection 11 on stream 0 at 13-Jun-2021 19:19:10.676 CEST
Begin processing the 21st record. Run 1, Event 521, LumiSection 11 on stream 2 at 13-Jun-2021 19:19:10.960 CEST
Begin processing the 22nd record. Run 1, Event 522, LumiSection 11 on stream 1 at 13-Jun-2021 19:19:16.677 CEST
Begin processing the 23rd record. Run 1, Event 523, LumiSection 11 on stream 3 at 13-Jun-2021 19:19:35.483 CEST
Begin processing the 24th record. Run 1, Event 524, LumiSection 11 on stream 1 at 13-Jun-2021 19:20:34.157 CEST
Begin processing the 25th record. Run 1, Event 525, LumiSection 11 on stream 2 at 13-Jun-2021 19:20:50.395 CEST
Begin processing the 26th record. Run 1, Event 526, LumiSection 11 on stream 0 at 13-Jun-2021 19:21:02.816 CEST
Begin processing the 27th record. Run 1, Event 527, LumiSection 11 on stream 3 at 13-Jun-2021 19:21:03.400 CEST
Begin processing the 28th record. Run 1, Event 528, LumiSection 11 on stream 2 at 13-Jun-2021 19:21:38.213 CEST
Begin processing the 29th record. Run 1, Event 529, LumiSection 11 on stream 3 at 13-Jun-2021 19:21:39.835 CEST
Begin processing the 30th record. Run 1, Event 530, LumiSection 11 on stream 1 at 13-Jun-2021 19:21:46.818 CEST
Begin processing the 31st record. Run 1, Event 531, LumiSection 11 on stream 0 at 13-Jun-2021 19:22:32.788 CEST
Begin processing the 32nd record. Run 1, Event 532, LumiSection 11 on stream 2 at 13-Jun-2021 19:22:35.496 CEST
Begin processing the 33rd record. Run 1, Event 533, LumiSection 11 on stream 3 at 13-Jun-2021 19:22:54.999 CEST
Begin processing the 34th record. Run 1, Event 534, LumiSection 11 on stream 0 at 13-Jun-2021 19:22:58.532 CEST
Begin processing the 35th record. Run 1, Event 535, LumiSection 11 on stream 1 at 13-Jun-2021 19:23:03.700 CEST
Begin processing the 36th record. Run 1, Event 536, LumiSection 11 on stream 1 at 13-Jun-2021 19:23:25.357 CEST
Begin processing the 37th record. Run 1, Event 537, LumiSection 11 on stream 3 at 13-Jun-2021 19:23:51.023 CEST
Begin processing the 38th record. Run 1, Event 538, LumiSection 11 on stream 0 at 13-Jun-2021 19:24:01.508 CEST
Begin processing the 39th record. Run 1, Event 539, LumiSection 11 on stream 1 at 13-Jun-2021 19:24:01.958 CEST
Begin processing the 40th record. Run 1, Event 540, LumiSection 11 on stream 2 at 13-Jun-2021 19:24:18.129 CEST
Begin processing the 41st record. Run 1, Event 541, LumiSection 11 on stream 3 at 13-Jun-2021 19:24:47.259 CEST
Begin processing the 42nd record. Run 1, Event 542, LumiSection 11 on stream 1 at 13-Jun-2021 19:24:48.353 CEST
Begin processing the 43rd record. Run 1, Event 543, LumiSection 11 on stream 1 at 13-Jun-2021 19:25:02.061 CEST
Begin processing the 44th record. Run 1, Event 544, LumiSection 11 on stream 0 at 13-Jun-2021 19:25:02.908 CEST
Begin processing the 45th record. Run 1, Event 545, LumiSection 11 on stream 2 at 13-Jun-2021 19:25:07.547 CEST
Begin processing the 46th record. Run 1, Event 546, LumiSection 11 on stream 3 at 13-Jun-2021 19:25:18.508 CEST
Begin processing the 47th record. Run 1, Event 547, LumiSection 11 on stream 0 at 13-Jun-2021 19:25:48.222 CEST
Begin processing the 48th record. Run 1, Event 548, LumiSection 11 on stream 1 at 13-Jun-2021 19:25:48.620 CEST
Begin processing the 49th record. Run 1, Event 549, LumiSection 11 on stream 3 at 13-Jun-2021 19:25:58.298 CEST
Begin processing the 50th record. Run 1, Event 550, LumiSection 11 on stream 2 at 13-Jun-2021 19:25:59.069 CEST
13-Jun-2021 19:26:40 CEST  Closed file file:/eos/cms/store/user/tsarkar/wgen_Vector_MonoZLL_NLO_Mphi-500_Mchi-150_gSM-0p25_gDM-1p0_ctau1p0/RunIISummer20UL17_wmLHEGEN/210607_154001/0000/step_wgen_11.root

=============================================

MessageLogger Summary

 type     category        sev    module        subroutine        count    total
 ---- -------------------- -- ---------------- ----------------  -----    -----
    1 fileAction           -s file_close                             1        1
    2 fileAction           -s file_open                              2        2

 type    category    Examples: run/evt        run/evt          run/evt
 ---- -------------------- ---------------- ---------------- ----------------
    1 fileAction           PostGlobalEndRun                  
    2 fileAction           pre-events       pre-events       

Severity    # Occurrences   Total Occurrences
--------    -------------   -----------------
System                  3                   3

dropped waiting message count 435
