000 (7304666.000.000) 06/13 19:12:32 Job submitted from host: <137.138.44.75:9618?addrs=137.138.44.75-9618+[2001-1458-d00-1a--b]-9618&alias=bigbird14.cern.ch&noUDP&sock=schedd_3149486_02ef>
...
040 (7304666.000.000) 06/13 19:13:07 Started transferring input files
	Transferring to host: <188.184.190.58:9618?addrs=188.184.190.58-9618+[2001-1458-301-4b--100-1f]-9618&alias=b7g42n0094.cern.ch&noUDP&sock=slot1_5_23348_872f_91571>
...
040 (7304666.000.000) 06/13 19:13:07 Finished transferring input files
...
001 (7304666.000.000) 06/13 19:13:08 Job executing on host: <188.184.190.58:9618?addrs=188.184.190.58-9618+[2001-1458-301-4b--100-1f]-9618&alias=b7g42n0094.cern.ch&noUDP&sock=startd_5704_0c4c>
...
006 (7304666.000.000) 06/13 19:13:17 Image size of job updated: 28888
	15  -  MemoryUsage of job (MB)
	14504  -  ResidentSetSize of job (KB)
...
006 (7304666.000.000) 06/13 19:18:17 Image size of job updated: 1656592
	663  -  MemoryUsage of job (MB)
	678324  -  ResidentSetSize of job (KB)
...
006 (7304666.000.000) 06/13 19:23:17 Image size of job updated: 1808144
	734  -  MemoryUsage of job (MB)
	751388  -  ResidentSetSize of job (KB)
...
040 (7304666.000.000) 06/13 19:23:46 Started transferring output files
...
040 (7304666.000.000) 06/13 19:23:46 Finished transferring output files
...
005 (7304666.000.000) 06/13 19:23:46 Job terminated.
	(1) Normal termination (return value 0)
		Usr 0 00:25:02, Sys 0 00:00:20  -  Run Remote Usage
		Usr 0 00:00:00, Sys 0 00:00:00  -  Run Local Usage
		Usr 0 00:25:02, Sys 0 00:00:20  -  Total Remote Usage
		Usr 0 00:00:00, Sys 0 00:00:00  -  Total Local Usage
	12910  -  Run Bytes Sent By Job
	422  -  Run Bytes Received By Job
	12910  -  Total Bytes Sent By Job
	422  -  Total Bytes Received By Job
	Partitionable Resources :    Usage  Request Allocated 
	   Cpus                 :     2.85        1         1 
	   Disk (KB)            :    33           1    307341 
	   Memory (MB)          :   734        2000      2000 

	Job terminated of its own accord at 2021-06-13T17:23:46Z.
...
