%MSG-i ThreadStreamSetup:  (NoModuleName) 13-Jun-2021 19:13:18 CEST pre-events
setting # threads 4
setting # streams 4
%MSG
13-Jun-2021 19:13:34 CEST  Initiating request to open file file:/eos/cms/store/user/tsarkar/wgen_Vector_MonoZLL_NLO_Mphi-500_Mchi-150_gSM-0p25_gDM-1p0_ctau1p0/RunIISummer20UL17_wmLHEGEN/210607_154001/0000/step_wgen_2.root
13-Jun-2021 19:13:37 CEST  Successfully opened file file:/eos/cms/store/user/tsarkar/wgen_Vector_MonoZLL_NLO_Mphi-500_Mchi-150_gSM-0p25_gDM-1p0_ctau1p0/RunIISummer20UL17_wmLHEGEN/210607_154001/0000/step_wgen_2.root
Begin processing the 1st record. Run 1, Event 51, LumiSection 2 on stream 0 at 13-Jun-2021 19:15:09.001 CEST
Begin processing the 2nd record. Run 1, Event 52, LumiSection 2 on stream 3 at 13-Jun-2021 19:15:09.001 CEST
Begin processing the 3rd record. Run 1, Event 53, LumiSection 2 on stream 2 at 13-Jun-2021 19:15:09.002 CEST
Begin processing the 4th record. Run 1, Event 54, LumiSection 2 on stream 1 at 13-Jun-2021 19:15:09.002 CEST
Begin processing the 5th record. Run 1, Event 55, LumiSection 2 on stream 1 at 13-Jun-2021 19:15:27.082 CEST
Begin processing the 6th record. Run 1, Event 56, LumiSection 2 on stream 0 at 13-Jun-2021 19:15:33.310 CEST
Begin processing the 7th record. Run 1, Event 57, LumiSection 2 on stream 3 at 13-Jun-2021 19:15:43.716 CEST
Begin processing the 8th record. Run 1, Event 58, LumiSection 2 on stream 2 at 13-Jun-2021 19:15:44.146 CEST
Begin processing the 9th record. Run 1, Event 59, LumiSection 2 on stream 1 at 13-Jun-2021 19:16:08.970 CEST
Begin processing the 10th record. Run 1, Event 60, LumiSection 2 on stream 0 at 13-Jun-2021 19:16:17.006 CEST
Begin processing the 11th record. Run 1, Event 61, LumiSection 2 on stream 3 at 13-Jun-2021 19:16:26.451 CEST
Begin processing the 12th record. Run 1, Event 62, LumiSection 2 on stream 1 at 13-Jun-2021 19:16:44.280 CEST
Begin processing the 13th record. Run 1, Event 63, LumiSection 2 on stream 3 at 13-Jun-2021 19:16:46.982 CEST
Begin processing the 14th record. Run 1, Event 64, LumiSection 2 on stream 0 at 13-Jun-2021 19:17:01.178 CEST
Begin processing the 15th record. Run 1, Event 65, LumiSection 2 on stream 3 at 13-Jun-2021 19:17:11.020 CEST
Begin processing the 16th record. Run 1, Event 66, LumiSection 2 on stream 1 at 13-Jun-2021 19:17:16.413 CEST
Begin processing the 17th record. Run 1, Event 67, LumiSection 2 on stream 2 at 13-Jun-2021 19:17:22.911 CEST
Begin processing the 18th record. Run 1, Event 68, LumiSection 2 on stream 3 at 13-Jun-2021 19:17:40.241 CEST
Begin processing the 19th record. Run 1, Event 69, LumiSection 2 on stream 1 at 13-Jun-2021 19:17:44.518 CEST
Begin processing the 20th record. Run 1, Event 70, LumiSection 2 on stream 0 at 13-Jun-2021 19:17:45.121 CEST
Begin processing the 21st record. Run 1, Event 71, LumiSection 2 on stream 2 at 13-Jun-2021 19:17:48.194 CEST
Begin processing the 22nd record. Run 1, Event 72, LumiSection 2 on stream 0 at 13-Jun-2021 19:18:07.258 CEST
Begin processing the 23rd record. Run 1, Event 73, LumiSection 2 on stream 1 at 13-Jun-2021 19:18:10.057 CEST
Begin processing the 24th record. Run 1, Event 74, LumiSection 2 on stream 1 at 13-Jun-2021 19:18:31.522 CEST
Begin processing the 25th record. Run 1, Event 75, LumiSection 2 on stream 2 at 13-Jun-2021 19:18:32.179 CEST
Begin processing the 26th record. Run 1, Event 76, LumiSection 2 on stream 3 at 13-Jun-2021 19:18:37.731 CEST
Begin processing the 27th record. Run 1, Event 77, LumiSection 2 on stream 0 at 13-Jun-2021 19:18:53.548 CEST
Begin processing the 28th record. Run 1, Event 78, LumiSection 2 on stream 1 at 13-Jun-2021 19:19:12.964 CEST
Begin processing the 29th record. Run 1, Event 79, LumiSection 2 on stream 1 at 13-Jun-2021 19:19:18.019 CEST
Begin processing the 30th record. Run 1, Event 80, LumiSection 2 on stream 3 at 13-Jun-2021 19:19:19.255 CEST
Begin processing the 31st record. Run 1, Event 81, LumiSection 2 on stream 2 at 13-Jun-2021 19:19:21.752 CEST
Begin processing the 32nd record. Run 1, Event 82, LumiSection 2 on stream 0 at 13-Jun-2021 19:19:31.955 CEST
Begin processing the 33rd record. Run 1, Event 83, LumiSection 2 on stream 0 at 13-Jun-2021 19:19:43.329 CEST
Begin processing the 34th record. Run 1, Event 84, LumiSection 2 on stream 3 at 13-Jun-2021 19:19:51.659 CEST
Begin processing the 35th record. Run 1, Event 85, LumiSection 2 on stream 1 at 13-Jun-2021 19:19:56.752 CEST
Begin processing the 36th record. Run 1, Event 86, LumiSection 2 on stream 2 at 13-Jun-2021 19:20:08.919 CEST
Begin processing the 37th record. Run 1, Event 87, LumiSection 2 on stream 0 at 13-Jun-2021 19:20:12.180 CEST
Begin processing the 38th record. Run 1, Event 88, LumiSection 2 on stream 1 at 13-Jun-2021 19:20:36.543 CEST
Begin processing the 39th record. Run 1, Event 89, LumiSection 2 on stream 2 at 13-Jun-2021 19:20:41.278 CEST
Begin processing the 40th record. Run 1, Event 90, LumiSection 2 on stream 3 at 13-Jun-2021 19:20:42.511 CEST
Begin processing the 41st record. Run 1, Event 91, LumiSection 2 on stream 0 at 13-Jun-2021 19:20:58.851 CEST
Begin processing the 42nd record. Run 1, Event 92, LumiSection 2 on stream 2 at 13-Jun-2021 19:21:02.043 CEST
Begin processing the 43rd record. Run 1, Event 93, LumiSection 2 on stream 3 at 13-Jun-2021 19:21:17.990 CEST
Begin processing the 44th record. Run 1, Event 94, LumiSection 2 on stream 1 at 13-Jun-2021 19:21:22.435 CEST
Begin processing the 45th record. Run 1, Event 95, LumiSection 2 on stream 0 at 13-Jun-2021 19:21:22.813 CEST
Begin processing the 46th record. Run 1, Event 96, LumiSection 2 on stream 2 at 13-Jun-2021 19:21:29.175 CEST
Begin processing the 47th record. Run 1, Event 97, LumiSection 2 on stream 0 at 13-Jun-2021 19:21:34.145 CEST
Begin processing the 48th record. Run 1, Event 98, LumiSection 2 on stream 1 at 13-Jun-2021 19:21:47.634 CEST
Begin processing the 49th record. Run 1, Event 99, LumiSection 2 on stream 3 at 13-Jun-2021 19:21:55.400 CEST
Begin processing the 50th record. Run 1, Event 100, LumiSection 2 on stream 2 at 13-Jun-2021 19:22:01.567 CEST
13-Jun-2021 19:22:26 CEST  Closed file file:/eos/cms/store/user/tsarkar/wgen_Vector_MonoZLL_NLO_Mphi-500_Mchi-150_gSM-0p25_gDM-1p0_ctau1p0/RunIISummer20UL17_wmLHEGEN/210607_154001/0000/step_wgen_2.root

=============================================

MessageLogger Summary

 type     category        sev    module        subroutine        count    total
 ---- -------------------- -- ---------------- ----------------  -----    -----
    1 fileAction           -s file_close                             1        1
    2 fileAction           -s file_open                              2        2

 type    category    Examples: run/evt        run/evt          run/evt
 ---- -------------------- ---------------- ---------------- ----------------
    1 fileAction           PostGlobalEndRun                  
    2 fileAction           pre-events       pre-events       

Severity    # Occurrences   Total Occurrences
--------    -------------   -----------------
System                  3                   3

dropped waiting message count 0
