000 (7304671.000.000) 06/13 19:12:38 Job submitted from host: <137.138.44.75:9618?addrs=137.138.44.75-9618+[2001-1458-d00-1a--b]-9618&alias=bigbird14.cern.ch&noUDP&sock=schedd_3149486_02ef>
...
040 (7304671.000.000) 06/13 19:13:08 Started transferring input files
	Transferring to host: <188.184.210.220:9618?addrs=188.184.210.220-9618+[2001-1458-301-10b--100-cf]-9618&alias=b7g23n3970.cern.ch&noUDP&sock=slot1_1_3867_66b6_41947>
...
040 (7304671.000.000) 06/13 19:13:08 Finished transferring input files
...
001 (7304671.000.000) 06/13 19:13:09 Job executing on host: <188.184.210.220:9618?addrs=188.184.210.220-9618+[2001-1458-301-10b--100-cf]-9618&alias=b7g23n3970.cern.ch&noUDP&sock=startd_3245_60e9>
...
006 (7304671.000.000) 06/13 19:13:17 Image size of job updated: 32288
	18  -  MemoryUsage of job (MB)
	17824  -  ResidentSetSize of job (KB)
...
006 (7304671.000.000) 06/13 19:18:17 Image size of job updated: 1516996
	622  -  MemoryUsage of job (MB)
	636316  -  ResidentSetSize of job (KB)
...
006 (7304671.000.000) 06/13 19:23:18 Image size of job updated: 1574360
	655  -  MemoryUsage of job (MB)
	670296  -  ResidentSetSize of job (KB)
...
006 (7304671.000.000) 06/13 19:28:18 Image size of job updated: 1676760
	720  -  MemoryUsage of job (MB)
	736364  -  ResidentSetSize of job (KB)
...
006 (7304671.000.000) 06/13 19:29:49 Image size of job updated: 1709528
	720  -  MemoryUsage of job (MB)
	736372  -  ResidentSetSize of job (KB)
...
040 (7304671.000.000) 06/13 19:29:50 Started transferring output files
...
040 (7304671.000.000) 06/13 19:29:50 Finished transferring output files
...
005 (7304671.000.000) 06/13 19:29:51 Job terminated.
	(1) Normal termination (return value 0)
		Usr 0 00:28:20, Sys 0 00:00:14  -  Run Remote Usage
		Usr 0 00:00:00, Sys 0 00:00:00  -  Run Local Usage
		Usr 0 00:28:20, Sys 0 00:00:14  -  Total Remote Usage
		Usr 0 00:00:00, Sys 0 00:00:00  -  Total Local Usage
	12907  -  Run Bytes Sent By Job
	422  -  Run Bytes Received By Job
	12907  -  Total Bytes Sent By Job
	422  -  Total Bytes Received By Job
	Partitionable Resources :    Usage  Request Allocated 
	   Cpus                 :     1.84        1         1 
	   Disk (KB)            :    33           1    356668 
	   Memory (MB)          :   720        2000      2000 

	Job terminated of its own accord at 2021-06-13T17:29:49Z.
...
