000 (7304670.000.000) 06/13 19:12:37 Job submitted from host: <137.138.44.75:9618?addrs=137.138.44.75-9618+[2001-1458-d00-1a--b]-9618&alias=bigbird14.cern.ch&noUDP&sock=schedd_3149486_02ef>
...
040 (7304670.000.000) 06/13 19:13:08 Started transferring input files
	Transferring to host: <188.184.183.102:9618?addrs=188.184.183.102-9618+[2001-1458-301-2b--100-1e5]-9618&alias=b7g41n2278.cern.ch&noUDP&sock=slot1_7_5661_6fbf_48698>
...
040 (7304670.000.000) 06/13 19:13:08 Finished transferring input files
...
001 (7304670.000.000) 06/13 19:13:09 Job executing on host: <188.184.183.102:9618?addrs=188.184.183.102-9618+[2001-1458-301-2b--100-1e5]-9618&alias=b7g41n2278.cern.ch&noUDP&sock=startd_4374_c756>
...
006 (7304670.000.000) 06/13 19:13:18 Image size of job updated: 252556
	15  -  MemoryUsage of job (MB)
	14484  -  ResidentSetSize of job (KB)
...
006 (7304670.000.000) 06/13 19:18:19 Image size of job updated: 1526612
	596  -  MemoryUsage of job (MB)
	610000  -  ResidentSetSize of job (KB)
...
006 (7304670.000.000) 06/13 19:23:20 Image size of job updated: 1575908
	642  -  MemoryUsage of job (MB)
	656856  -  ResidentSetSize of job (KB)
...
006 (7304670.000.000) 06/13 19:28:20 Image size of job updated: 1698788
	714  -  MemoryUsage of job (MB)
	730400  -  ResidentSetSize of job (KB)
...
040 (7304670.000.000) 06/13 19:31:16 Started transferring output files
...
040 (7304670.000.000) 06/13 19:31:16 Finished transferring output files
...
005 (7304670.000.000) 06/13 19:31:16 Job terminated.
	(1) Normal termination (return value 0)
		Usr 0 00:32:27, Sys 0 00:01:19  -  Run Remote Usage
		Usr 0 00:00:00, Sys 0 00:00:00  -  Run Local Usage
		Usr 0 00:32:27, Sys 0 00:01:19  -  Total Remote Usage
		Usr 0 00:00:00, Sys 0 00:00:00  -  Total Local Usage
	12907  -  Run Bytes Sent By Job
	422  -  Run Bytes Received By Job
	12907  -  Total Bytes Sent By Job
	422  -  Total Bytes Received By Job
	Partitionable Resources :    Usage  Request Allocated 
	   Cpus                 :     2.37        1         1 
	   Disk (KB)            :    34           1    349341 
	   Memory (MB)          :   714        2000      2000 

	Job terminated of its own accord at 2021-06-13T17:31:16Z.
...
