000 (7304675.000.000) 06/13 19:12:42 Job submitted from host: <137.138.44.75:9618?addrs=137.138.44.75-9618+[2001-1458-d00-1a--b]-9618&alias=bigbird14.cern.ch&noUDP&sock=schedd_3149486_02ef>
...
040 (7304675.000.000) 06/13 19:13:09 Started transferring input files
	Transferring to host: <188.184.183.28:9618?addrs=188.184.183.28-9618+[2001-1458-301-2b--100-14e]-9618&alias=b7g41n4670.cern.ch&noUDP&sock=slot1_8_4906_7881_49948>
...
040 (7304675.000.000) 06/13 19:13:09 Finished transferring input files
...
001 (7304675.000.000) 06/13 19:13:10 Job executing on host: <188.184.183.28:9618?addrs=188.184.183.28-9618+[2001-1458-301-2b--100-14e]-9618&alias=b7g41n4670.cern.ch&noUDP&sock=startd_3830_a3d1>
...
006 (7304675.000.000) 06/13 19:13:18 Image size of job updated: 34304
	20  -  MemoryUsage of job (MB)
	19820  -  ResidentSetSize of job (KB)
...
006 (7304675.000.000) 06/13 19:13:35 Image size of job updated: 271876
	20  -  MemoryUsage of job (MB)
	19820  -  ResidentSetSize of job (KB)
...
040 (7304675.000.000) 06/13 19:13:35 Started transferring output files
...
040 (7304675.000.000) 06/13 19:13:35 Finished transferring output files
...
005 (7304675.000.000) 06/13 19:13:35 Job terminated.
	(1) Normal termination (return value 73)
		Usr 0 00:00:04, Sys 0 00:00:01  -  Run Remote Usage
		Usr 0 00:00:00, Sys 0 00:00:00  -  Run Local Usage
		Usr 0 00:00:04, Sys 0 00:00:01  -  Total Remote Usage
		Usr 0 00:00:00, Sys 0 00:00:00  -  Total Local Usage
	563  -  Run Bytes Sent By Job
	422  -  Run Bytes Received By Job
	563  -  Total Bytes Sent By Job
	422  -  Total Bytes Received By Job
	Partitionable Resources :    Usage  Request Allocated 
	   Cpus                 :                 1         1 
	   Disk (KB)            :       17        1    356105 
	   Memory (MB)          :       20     2000      2000 

	Job terminated of its own accord at 2021-06-13T17:13:35Z.
...
