000 (7304667.000.000) 06/13 19:12:33 Job submitted from host: <137.138.44.75:9618?addrs=137.138.44.75-9618+[2001-1458-d00-1a--b]-9618&alias=bigbird14.cern.ch&noUDP&sock=schedd_3149486_02ef>
...
040 (7304667.000.000) 06/13 19:13:07 Started transferring input files
	Transferring to host: <188.184.196.240:9618?addrs=188.184.196.240-9618+[2001-1458-301-102--100-d2]-9618&alias=b7g24n0455.cern.ch&noUDP&sock=slot1_1_14389_1a22_89649>
...
040 (7304667.000.000) 06/13 19:13:07 Finished transferring input files
...
001 (7304667.000.000) 06/13 19:13:08 Job executing on host: <188.184.196.240:9618?addrs=188.184.196.240-9618+[2001-1458-301-102--100-d2]-9618&alias=b7g24n0455.cern.ch&noUDP&sock=startd_20332_a3ab>
...
006 (7304667.000.000) 06/13 19:13:17 Image size of job updated: 143160
	25  -  MemoryUsage of job (MB)
	25224  -  ResidentSetSize of job (KB)
...
006 (7304667.000.000) 06/13 19:18:18 Image size of job updated: 1594092
	635  -  MemoryUsage of job (MB)
	649304  -  ResidentSetSize of job (KB)
...
006 (7304667.000.000) 06/13 19:22:24 Image size of job updated: 1774316
	635  -  MemoryUsage of job (MB)
	649304  -  ResidentSetSize of job (KB)
...
040 (7304667.000.000) 06/13 19:22:24 Started transferring output files
...
040 (7304667.000.000) 06/13 19:22:24 Finished transferring output files
...
005 (7304667.000.000) 06/13 19:22:25 Job terminated.
	(1) Normal termination (return value 0)
		Usr 0 00:29:03, Sys 0 00:00:37  -  Run Remote Usage
		Usr 0 00:00:00, Sys 0 00:00:00  -  Run Local Usage
		Usr 0 00:29:03, Sys 0 00:00:37  -  Total Remote Usage
		Usr 0 00:00:00, Sys 0 00:00:00  -  Total Local Usage
	12907  -  Run Bytes Sent By Job
	422  -  Run Bytes Received By Job
	12907  -  Total Bytes Sent By Job
	422  -  Total Bytes Received By Job
	Partitionable Resources :    Usage  Request Allocated 
	   Cpus                 :     3.84        1         1 
	   Disk (KB)            :    34           1    193645 
	   Memory (MB)          :   635        2000      2000 

	Job terminated of its own accord at 2021-06-13T17:22:24Z.
...
