%MSG-i ThreadStreamSetup:  (NoModuleName) 13-Jun-2021 19:13:24 CEST pre-events
setting # threads 4
setting # streams 4
%MSG
13-Jun-2021 19:13:42 CEST  Initiating request to open file file:/eos/cms/store/user/tsarkar/wgen_Vector_MonoZLL_NLO_Mphi-500_Mchi-150_gSM-0p25_gDM-1p0_ctau1p0/RunIISummer20UL17_wmLHEGEN/210607_154001/0000/step_wgen_3.root
13-Jun-2021 19:13:45 CEST  Successfully opened file file:/eos/cms/store/user/tsarkar/wgen_Vector_MonoZLL_NLO_Mphi-500_Mchi-150_gSM-0p25_gDM-1p0_ctau1p0/RunIISummer20UL17_wmLHEGEN/210607_154001/0000/step_wgen_3.root
Begin processing the 1st record. Run 1, Event 101, LumiSection 3 on stream 0 at 13-Jun-2021 19:14:40.853 CEST
Begin processing the 2nd record. Run 1, Event 102, LumiSection 3 on stream 2 at 13-Jun-2021 19:14:40.854 CEST
Begin processing the 3rd record. Run 1, Event 103, LumiSection 3 on stream 1 at 13-Jun-2021 19:14:40.854 CEST
Begin processing the 4th record. Run 1, Event 104, LumiSection 3 on stream 3 at 13-Jun-2021 19:14:40.854 CEST
Begin processing the 5th record. Run 1, Event 105, LumiSection 3 on stream 0 at 13-Jun-2021 19:15:07.408 CEST
Begin processing the 6th record. Run 1, Event 106, LumiSection 3 on stream 2 at 13-Jun-2021 19:15:38.378 CEST
Begin processing the 7th record. Run 1, Event 107, LumiSection 3 on stream 1 at 13-Jun-2021 19:15:49.432 CEST
Begin processing the 8th record. Run 1, Event 108, LumiSection 3 on stream 0 at 13-Jun-2021 19:15:49.751 CEST
Begin processing the 9th record. Run 1, Event 109, LumiSection 3 on stream 3 at 13-Jun-2021 19:16:08.282 CEST
Begin processing the 10th record. Run 1, Event 110, LumiSection 3 on stream 0 at 13-Jun-2021 19:16:20.629 CEST
Begin processing the 11th record. Run 1, Event 111, LumiSection 3 on stream 2 at 13-Jun-2021 19:16:27.780 CEST
Begin processing the 12th record. Run 1, Event 112, LumiSection 3 on stream 1 at 13-Jun-2021 19:16:48.075 CEST
Begin processing the 13th record. Run 1, Event 113, LumiSection 3 on stream 2 at 13-Jun-2021 19:16:54.188 CEST
Begin processing the 14th record. Run 1, Event 114, LumiSection 3 on stream 0 at 13-Jun-2021 19:17:20.306 CEST
Begin processing the 15th record. Run 1, Event 115, LumiSection 3 on stream 1 at 13-Jun-2021 19:17:22.550 CEST
Begin processing the 16th record. Run 1, Event 116, LumiSection 3 on stream 2 at 13-Jun-2021 19:17:32.925 CEST
Begin processing the 17th record. Run 1, Event 117, LumiSection 3 on stream 3 at 13-Jun-2021 19:17:37.715 CEST
Begin processing the 18th record. Run 1, Event 118, LumiSection 3 on stream 1 at 13-Jun-2021 19:17:38.262 CEST
Begin processing the 19th record. Run 1, Event 119, LumiSection 3 on stream 2 at 13-Jun-2021 19:17:58.583 CEST
Begin processing the 20th record. Run 1, Event 120, LumiSection 3 on stream 1 at 13-Jun-2021 19:18:17.758 CEST
Begin processing the 21st record. Run 1, Event 121, LumiSection 3 on stream 2 at 13-Jun-2021 19:18:24.819 CEST
Begin processing the 22nd record. Run 1, Event 122, LumiSection 3 on stream 0 at 13-Jun-2021 19:18:25.392 CEST
Begin processing the 23rd record. Run 1, Event 123, LumiSection 3 on stream 1 at 13-Jun-2021 19:18:54.843 CEST
Begin processing the 24th record. Run 1, Event 124, LumiSection 3 on stream 3 at 13-Jun-2021 19:19:04.407 CEST
Begin processing the 25th record. Run 1, Event 125, LumiSection 3 on stream 2 at 13-Jun-2021 19:19:09.423 CEST
Begin processing the 26th record. Run 1, Event 126, LumiSection 3 on stream 0 at 13-Jun-2021 19:19:14.662 CEST
Begin processing the 27th record. Run 1, Event 127, LumiSection 3 on stream 1 at 13-Jun-2021 19:19:35.298 CEST
Begin processing the 28th record. Run 1, Event 128, LumiSection 3 on stream 2 at 13-Jun-2021 19:19:47.738 CEST
Begin processing the 29th record. Run 1, Event 129, LumiSection 3 on stream 3 at 13-Jun-2021 19:19:55.406 CEST
Begin processing the 30th record. Run 1, Event 130, LumiSection 3 on stream 0 at 13-Jun-2021 19:20:11.211 CEST
Begin processing the 31st record. Run 1, Event 131, LumiSection 3 on stream 1 at 13-Jun-2021 19:20:14.468 CEST
Begin processing the 32nd record. Run 1, Event 132, LumiSection 3 on stream 3 at 13-Jun-2021 19:21:02.000 CEST
Begin processing the 33rd record. Run 1, Event 133, LumiSection 3 on stream 1 at 13-Jun-2021 19:21:07.736 CEST
Begin processing the 34th record. Run 1, Event 134, LumiSection 3 on stream 0 at 13-Jun-2021 19:21:24.837 CEST
Begin processing the 35th record. Run 1, Event 135, LumiSection 3 on stream 2 at 13-Jun-2021 19:21:31.223 CEST
Begin processing the 36th record. Run 1, Event 136, LumiSection 3 on stream 3 at 13-Jun-2021 19:21:31.621 CEST
Begin processing the 37th record. Run 1, Event 137, LumiSection 3 on stream 1 at 13-Jun-2021 19:21:46.179 CEST
Begin processing the 38th record. Run 1, Event 138, LumiSection 3 on stream 0 at 13-Jun-2021 19:21:56.753 CEST
Begin processing the 39th record. Run 1, Event 139, LumiSection 3 on stream 3 at 13-Jun-2021 19:22:11.004 CEST
Begin processing the 40th record. Run 1, Event 140, LumiSection 3 on stream 2 at 13-Jun-2021 19:22:21.210 CEST
Begin processing the 41st record. Run 1, Event 141, LumiSection 3 on stream 1 at 13-Jun-2021 19:22:33.182 CEST
Begin processing the 42nd record. Run 1, Event 142, LumiSection 3 on stream 2 at 13-Jun-2021 19:22:46.253 CEST
Begin processing the 43rd record. Run 1, Event 143, LumiSection 3 on stream 2 at 13-Jun-2021 19:22:56.103 CEST
Begin processing the 44th record. Run 1, Event 144, LumiSection 3 on stream 0 at 13-Jun-2021 19:22:59.525 CEST
Begin processing the 45th record. Run 1, Event 145, LumiSection 3 on stream 1 at 13-Jun-2021 19:23:12.441 CEST
Begin processing the 46th record. Run 1, Event 146, LumiSection 3 on stream 2 at 13-Jun-2021 19:23:14.188 CEST
Begin processing the 47th record. Run 1, Event 147, LumiSection 3 on stream 3 at 13-Jun-2021 19:23:25.828 CEST
Begin processing the 48th record. Run 1, Event 148, LumiSection 3 on stream 0 at 13-Jun-2021 19:23:53.038 CEST
Begin processing the 49th record. Run 1, Event 149, LumiSection 3 on stream 1 at 13-Jun-2021 19:24:11.838 CEST
Begin processing the 50th record. Run 1, Event 150, LumiSection 3 on stream 0 at 13-Jun-2021 19:24:17.862 CEST
13-Jun-2021 19:24:49 CEST  Closed file file:/eos/cms/store/user/tsarkar/wgen_Vector_MonoZLL_NLO_Mphi-500_Mchi-150_gSM-0p25_gDM-1p0_ctau1p0/RunIISummer20UL17_wmLHEGEN/210607_154001/0000/step_wgen_3.root

=============================================

MessageLogger Summary

 type     category        sev    module        subroutine        count    total
 ---- -------------------- -- ---------------- ----------------  -----    -----
    1 fileAction           -s file_close                             1        1
    2 fileAction           -s file_open                              2        2

 type    category    Examples: run/evt        run/evt          run/evt
 ---- -------------------- ---------------- ---------------- ----------------
    1 fileAction           PostGlobalEndRun                  
    2 fileAction           pre-events       pre-events       

Severity    # Occurrences   Total Occurrences
--------    -------------   -----------------
System                  3                   3

dropped waiting message count 0
