000 (7304672.000.000) 06/13 19:12:39 Job submitted from host: <137.138.44.75:9618?addrs=137.138.44.75-9618+[2001-1458-d00-1a--b]-9618&alias=bigbird14.cern.ch&noUDP&sock=schedd_3149486_02ef>
...
040 (7304672.000.000) 06/13 19:13:07 Started transferring input files
	Transferring to host: <188.184.197.212:9618?addrs=188.184.197.212-9618+[2001-1458-301-103--100-24]-9618&alias=b7g23n8349.cern.ch&noUDP&sock=slot1_11_5799_ab85_38746>
...
040 (7304672.000.000) 06/13 19:13:07 Finished transferring input files
...
001 (7304672.000.000) 06/13 19:13:08 Job executing on host: <188.184.197.212:9618?addrs=188.184.197.212-9618+[2001-1458-301-103--100-24]-9618&alias=b7g23n8349.cern.ch&noUDP&sock=startd_4588_909a>
...
006 (7304672.000.000) 06/13 19:13:17 Image size of job updated: 260872
	22  -  MemoryUsage of job (MB)
	21604  -  ResidentSetSize of job (KB)
...
006 (7304672.000.000) 06/13 19:18:17 Image size of job updated: 1575888
	643  -  MemoryUsage of job (MB)
	657752  -  ResidentSetSize of job (KB)
...
006 (7304672.000.000) 06/13 19:21:45 Image size of job updated: 1711056
	643  -  MemoryUsage of job (MB)
	657772  -  ResidentSetSize of job (KB)
...
040 (7304672.000.000) 06/13 19:21:45 Started transferring output files
...
040 (7304672.000.000) 06/13 19:21:45 Finished transferring output files
...
005 (7304672.000.000) 06/13 19:21:46 Job terminated.
	(1) Normal termination (return value 0)
		Usr 0 00:27:54, Sys 0 00:00:35  -  Run Remote Usage
		Usr 0 00:00:00, Sys 0 00:00:00  -  Run Local Usage
		Usr 0 00:27:54, Sys 0 00:00:35  -  Total Remote Usage
		Usr 0 00:00:00, Sys 0 00:00:00  -  Total Local Usage
	12907  -  Run Bytes Sent By Job
	422  -  Run Bytes Received By Job
	12907  -  Total Bytes Sent By Job
	422  -  Total Bytes Received By Job
	Partitionable Resources :    Usage  Request Allocated 
	   Cpus                 :     3.92        1         1 
	   Disk (KB)            :    34           1    274433 
	   Memory (MB)          :   643        2000      2000 

	Job terminated of its own accord at 2021-06-13T17:21:45Z.
...
