%MSG-i ThreadStreamSetup:  (NoModuleName) 13-Jun-2021 19:13:27 CEST pre-events
setting # threads 4
setting # streams 4
%MSG
13-Jun-2021 19:13:43 CEST  Initiating request to open file file:/eos/cms/store/user/tsarkar/wgen_Vector_MonoZLL_NLO_Mphi-500_Mchi-150_gSM-0p25_gDM-1p0_ctau1p0/RunIISummer20UL17_wmLHEGEN/210607_154001/0000/step_wgen_16.root
13-Jun-2021 19:13:46 CEST  Successfully opened file file:/eos/cms/store/user/tsarkar/wgen_Vector_MonoZLL_NLO_Mphi-500_Mchi-150_gSM-0p25_gDM-1p0_ctau1p0/RunIISummer20UL17_wmLHEGEN/210607_154001/0000/step_wgen_16.root
Begin processing the 1st record. Run 1, Event 751, LumiSection 16 on stream 0 at 13-Jun-2021 19:17:17.248 CEST
Begin processing the 2nd record. Run 1, Event 752, LumiSection 16 on stream 3 at 13-Jun-2021 19:17:17.248 CEST
Begin processing the 3rd record. Run 1, Event 753, LumiSection 16 on stream 2 at 13-Jun-2021 19:17:17.248 CEST
Begin processing the 4th record. Run 1, Event 754, LumiSection 16 on stream 1 at 13-Jun-2021 19:17:17.248 CEST
Begin processing the 5th record. Run 1, Event 755, LumiSection 16 on stream 2 at 13-Jun-2021 19:18:35.849 CEST
Begin processing the 6th record. Run 1, Event 756, LumiSection 16 on stream 3 at 13-Jun-2021 19:18:41.757 CEST
Begin processing the 7th record. Run 1, Event 757, LumiSection 16 on stream 1 at 13-Jun-2021 19:18:45.936 CEST
Begin processing the 8th record. Run 1, Event 758, LumiSection 16 on stream 2 at 13-Jun-2021 19:19:38.098 CEST
Begin processing the 9th record. Run 1, Event 759, LumiSection 16 on stream 0 at 13-Jun-2021 19:19:39.005 CEST
Begin processing the 10th record. Run 1, Event 760, LumiSection 16 on stream 2 at 13-Jun-2021 19:19:59.695 CEST
Begin processing the 11th record. Run 1, Event 761, LumiSection 16 on stream 3 at 13-Jun-2021 19:20:08.837 CEST
Begin processing the 12th record. Run 1, Event 762, LumiSection 16 on stream 1 at 13-Jun-2021 19:20:23.185 CEST
Begin processing the 13th record. Run 1, Event 763, LumiSection 16 on stream 2 at 13-Jun-2021 19:20:45.161 CEST
Begin processing the 14th record. Run 1, Event 764, LumiSection 16 on stream 0 at 13-Jun-2021 19:20:46.603 CEST
Begin processing the 15th record. Run 1, Event 765, LumiSection 16 on stream 3 at 13-Jun-2021 19:20:53.725 CEST
Begin processing the 16th record. Run 1, Event 766, LumiSection 16 on stream 2 at 13-Jun-2021 19:21:06.556 CEST
Begin processing the 17th record. Run 1, Event 767, LumiSection 16 on stream 1 at 13-Jun-2021 19:21:23.775 CEST
Begin processing the 18th record. Run 1, Event 768, LumiSection 16 on stream 0 at 13-Jun-2021 19:21:26.855 CEST
Begin processing the 19th record. Run 1, Event 769, LumiSection 16 on stream 3 at 13-Jun-2021 19:21:46.811 CEST
Begin processing the 20th record. Run 1, Event 770, LumiSection 16 on stream 2 at 13-Jun-2021 19:22:15.604 CEST
Begin processing the 21st record. Run 1, Event 771, LumiSection 16 on stream 0 at 13-Jun-2021 19:22:31.576 CEST
Begin processing the 22nd record. Run 1, Event 772, LumiSection 16 on stream 3 at 13-Jun-2021 19:22:42.790 CEST
Begin processing the 23rd record. Run 1, Event 773, LumiSection 16 on stream 1 at 13-Jun-2021 19:22:46.226 CEST
Begin processing the 24th record. Run 1, Event 774, LumiSection 16 on stream 0 at 13-Jun-2021 19:23:22.836 CEST
Begin processing the 25th record. Run 1, Event 775, LumiSection 16 on stream 2 at 13-Jun-2021 19:23:25.805 CEST
Begin processing the 26th record. Run 1, Event 776, LumiSection 16 on stream 2 at 13-Jun-2021 19:24:00.963 CEST
Begin processing the 27th record. Run 1, Event 777, LumiSection 16 on stream 1 at 13-Jun-2021 19:24:03.246 CEST
Begin processing the 28th record. Run 1, Event 778, LumiSection 16 on stream 1 at 13-Jun-2021 19:24:12.400 CEST
Begin processing the 29th record. Run 1, Event 779, LumiSection 16 on stream 3 at 13-Jun-2021 19:24:44.067 CEST
Begin processing the 30th record. Run 1, Event 780, LumiSection 16 on stream 0 at 13-Jun-2021 19:24:45.043 CEST
Begin processing the 31st record. Run 1, Event 781, LumiSection 16 on stream 2 at 13-Jun-2021 19:24:52.440 CEST
Begin processing the 32nd record. Run 1, Event 782, LumiSection 16 on stream 1 at 13-Jun-2021 19:25:29.226 CEST
Begin processing the 33rd record. Run 1, Event 783, LumiSection 16 on stream 0 at 13-Jun-2021 19:25:36.691 CEST
Begin processing the 34th record. Run 1, Event 784, LumiSection 16 on stream 3 at 13-Jun-2021 19:25:53.220 CEST
Begin processing the 35th record. Run 1, Event 785, LumiSection 16 on stream 0 at 13-Jun-2021 19:26:34.026 CEST
Begin processing the 36th record. Run 1, Event 786, LumiSection 16 on stream 2 at 13-Jun-2021 19:26:40.063 CEST
Begin processing the 37th record. Run 1, Event 787, LumiSection 16 on stream 1 at 13-Jun-2021 19:26:51.057 CEST
Begin processing the 38th record. Run 1, Event 788, LumiSection 16 on stream 3 at 13-Jun-2021 19:27:04.021 CEST
Begin processing the 39th record. Run 1, Event 789, LumiSection 16 on stream 3 at 13-Jun-2021 19:27:17.272 CEST
Begin processing the 40th record. Run 1, Event 790, LumiSection 16 on stream 1 at 13-Jun-2021 19:27:37.783 CEST
Begin processing the 41st record. Run 1, Event 791, LumiSection 16 on stream 0 at 13-Jun-2021 19:27:41.583 CEST
Begin processing the 42nd record. Run 1, Event 792, LumiSection 16 on stream 1 at 13-Jun-2021 19:27:47.175 CEST
Begin processing the 43rd record. Run 1, Event 793, LumiSection 16 on stream 2 at 13-Jun-2021 19:28:22.443 CEST
Begin processing the 44th record. Run 1, Event 794, LumiSection 16 on stream 1 at 13-Jun-2021 19:28:28.797 CEST
Begin processing the 45th record. Run 1, Event 795, LumiSection 16 on stream 0 at 13-Jun-2021 19:28:48.715 CEST
Begin processing the 46th record. Run 1, Event 796, LumiSection 16 on stream 3 at 13-Jun-2021 19:29:21.514 CEST
Begin processing the 47th record. Run 1, Event 797, LumiSection 16 on stream 2 at 13-Jun-2021 19:29:32.442 CEST
Begin processing the 48th record. Run 1, Event 798, LumiSection 16 on stream 3 at 13-Jun-2021 19:29:51.012 CEST
Begin processing the 49th record. Run 1, Event 799, LumiSection 16 on stream 0 at 13-Jun-2021 19:30:02.552 CEST
Begin processing the 50th record. Run 1, Event 800, LumiSection 16 on stream 1 at 13-Jun-2021 19:30:12.264 CEST
13-Jun-2021 19:31:10 CEST  Closed file file:/eos/cms/store/user/tsarkar/wgen_Vector_MonoZLL_NLO_Mphi-500_Mchi-150_gSM-0p25_gDM-1p0_ctau1p0/RunIISummer20UL17_wmLHEGEN/210607_154001/0000/step_wgen_16.root

=============================================

MessageLogger Summary

 type     category        sev    module        subroutine        count    total
 ---- -------------------- -- ---------------- ----------------  -----    -----
    1 fileAction           -s file_close                             1        1
    2 fileAction           -s file_open                              2        2

 type    category    Examples: run/evt        run/evt          run/evt
 ---- -------------------- ---------------- ---------------- ----------------
    1 fileAction           End Run: 1                        
    2 fileAction           pre-events       pre-events       

Severity    # Occurrences   Total Occurrences
--------    -------------   -----------------
System                  3                   3

dropped waiting message count 0
