000 (7304669.000.000) 06/13 19:12:36 Job submitted from host: <137.138.44.75:9618?addrs=137.138.44.75-9618+[2001-1458-d00-1a--b]-9618&alias=bigbird14.cern.ch&noUDP&sock=schedd_3149486_02ef>
...
040 (7304669.000.000) 06/13 19:13:07 Started transferring input files
	Transferring to host: <188.184.210.158:9618?addrs=188.184.210.158-9618+[2001-1458-301-10b--100-126]-9618&alias=b7g23n8165.cern.ch&noUDP&sock=slot1_10_8104_c043_90884>
...
040 (7304669.000.000) 06/13 19:13:07 Finished transferring input files
...
001 (7304669.000.000) 06/13 19:13:08 Job executing on host: <188.184.210.158:9618?addrs=188.184.210.158-9618+[2001-1458-301-10b--100-126]-9618&alias=b7g23n8165.cern.ch&noUDP&sock=startd_17543_9e08>
...
006 (7304669.000.000) 06/13 19:13:18 Image size of job updated: 24296
	11  -  MemoryUsage of job (MB)
	10876  -  ResidentSetSize of job (KB)
...
006 (7304669.000.000) 06/13 19:18:18 Image size of job updated: 1545424
	641  -  MemoryUsage of job (MB)
	655812  -  ResidentSetSize of job (KB)
...
006 (7304669.000.000) 06/13 19:23:18 Image size of job updated: 1602768
	644  -  MemoryUsage of job (MB)
	659024  -  ResidentSetSize of job (KB)
...
006 (7304669.000.000) 06/13 19:28:08 Image size of job updated: 1684700
	644  -  MemoryUsage of job (MB)
	659024  -  ResidentSetSize of job (KB)
...
040 (7304669.000.000) 06/13 19:28:08 Started transferring output files
...
040 (7304669.000.000) 06/13 19:28:08 Finished transferring output files
...
005 (7304669.000.000) 06/13 19:28:08 Job terminated.
	(1) Normal termination (return value 0)
		Usr 0 00:27:58, Sys 0 00:00:16  -  Run Remote Usage
		Usr 0 00:00:00, Sys 0 00:00:00  -  Run Local Usage
		Usr 0 00:27:58, Sys 0 00:00:16  -  Total Remote Usage
		Usr 0 00:00:00, Sys 0 00:00:00  -  Total Local Usage
	12909  -  Run Bytes Sent By Job
	422  -  Run Bytes Received By Job
	12909  -  Total Bytes Sent By Job
	422  -  Total Bytes Received By Job
	Partitionable Resources :    Usage  Request Allocated 
	   Cpus                 :     2.09        1         1 
	   Disk (KB)            :    34           1    340743 
	   Memory (MB)          :   644        2000      2000 

	Job terminated of its own accord at 2021-06-13T17:28:08Z.
...
