%MSG-i ThreadStreamSetup:  (NoModuleName) 13-Jun-2021 19:13:31 CEST pre-events
setting # threads 4
setting # streams 4
%MSG
13-Jun-2021 19:13:57 CEST  Initiating request to open file file:/eos/cms/store/user/tsarkar/wgen_Vector_MonoZLL_NLO_Mphi-500_Mchi-150_gSM-0p25_gDM-1p0_ctau1p0/RunIISummer20UL17_wmLHEGEN/210607_154001/0000/step_wgen_15.root
13-Jun-2021 19:14:01 CEST  Successfully opened file file:/eos/cms/store/user/tsarkar/wgen_Vector_MonoZLL_NLO_Mphi-500_Mchi-150_gSM-0p25_gDM-1p0_ctau1p0/RunIISummer20UL17_wmLHEGEN/210607_154001/0000/step_wgen_15.root
Begin processing the 1st record. Run 1, Event 701, LumiSection 15 on stream 0 at 13-Jun-2021 19:15:17.253 CEST
Begin processing the 2nd record. Run 1, Event 702, LumiSection 15 on stream 2 at 13-Jun-2021 19:15:17.255 CEST
Begin processing the 3rd record. Run 1, Event 703, LumiSection 15 on stream 3 at 13-Jun-2021 19:15:17.255 CEST
Begin processing the 4th record. Run 1, Event 704, LumiSection 15 on stream 1 at 13-Jun-2021 19:15:17.255 CEST
Begin processing the 5th record. Run 1, Event 705, LumiSection 15 on stream 3 at 13-Jun-2021 19:16:04.028 CEST
Begin processing the 6th record. Run 1, Event 706, LumiSection 15 on stream 3 at 13-Jun-2021 19:16:32.781 CEST
Begin processing the 7th record. Run 1, Event 707, LumiSection 15 on stream 1 at 13-Jun-2021 19:16:41.597 CEST
Begin processing the 8th record. Run 1, Event 708, LumiSection 15 on stream 0 at 13-Jun-2021 19:16:53.576 CEST
Begin processing the 9th record. Run 1, Event 709, LumiSection 15 on stream 2 at 13-Jun-2021 19:17:04.945 CEST
Begin processing the 10th record. Run 1, Event 710, LumiSection 15 on stream 3 at 13-Jun-2021 19:17:43.832 CEST
Begin processing the 11th record. Run 1, Event 711, LumiSection 15 on stream 2 at 13-Jun-2021 19:18:04.301 CEST
Begin processing the 12th record. Run 1, Event 712, LumiSection 15 on stream 1 at 13-Jun-2021 19:18:09.281 CEST
Begin processing the 13th record. Run 1, Event 713, LumiSection 15 on stream 0 at 13-Jun-2021 19:18:22.469 CEST
Begin processing the 14th record. Run 1, Event 714, LumiSection 15 on stream 1 at 13-Jun-2021 19:18:35.769 CEST
Begin processing the 15th record. Run 1, Event 715, LumiSection 15 on stream 3 at 13-Jun-2021 19:18:46.602 CEST
Begin processing the 16th record. Run 1, Event 716, LumiSection 15 on stream 0 at 13-Jun-2021 19:18:54.221 CEST
Begin processing the 17th record. Run 1, Event 717, LumiSection 15 on stream 2 at 13-Jun-2021 19:19:19.189 CEST
Begin processing the 18th record. Run 1, Event 718, LumiSection 15 on stream 3 at 13-Jun-2021 19:19:29.440 CEST
Begin processing the 19th record. Run 1, Event 719, LumiSection 15 on stream 1 at 13-Jun-2021 19:19:57.662 CEST
Begin processing the 20th record. Run 1, Event 720, LumiSection 15 on stream 0 at 13-Jun-2021 19:20:10.822 CEST
Begin processing the 21st record. Run 1, Event 721, LumiSection 15 on stream 3 at 13-Jun-2021 19:20:18.432 CEST
Begin processing the 22nd record. Run 1, Event 722, LumiSection 15 on stream 1 at 13-Jun-2021 19:20:38.086 CEST
Begin processing the 23rd record. Run 1, Event 723, LumiSection 15 on stream 3 at 13-Jun-2021 19:20:43.277 CEST
Begin processing the 24th record. Run 1, Event 724, LumiSection 15 on stream 2 at 13-Jun-2021 19:21:11.564 CEST
Begin processing the 25th record. Run 1, Event 725, LumiSection 15 on stream 3 at 13-Jun-2021 19:21:15.460 CEST
Begin processing the 26th record. Run 1, Event 726, LumiSection 15 on stream 1 at 13-Jun-2021 19:21:32.828 CEST
Begin processing the 27th record. Run 1, Event 727, LumiSection 15 on stream 0 at 13-Jun-2021 19:21:44.047 CEST
Begin processing the 28th record. Run 1, Event 728, LumiSection 15 on stream 3 at 13-Jun-2021 19:21:53.221 CEST
Begin processing the 29th record. Run 1, Event 729, LumiSection 15 on stream 1 at 13-Jun-2021 19:22:21.606 CEST
Begin processing the 30th record. Run 1, Event 730, LumiSection 15 on stream 2 at 13-Jun-2021 19:22:42.759 CEST
Begin processing the 31st record. Run 1, Event 731, LumiSection 15 on stream 3 at 13-Jun-2021 19:23:07.512 CEST
Begin processing the 32nd record. Run 1, Event 732, LumiSection 15 on stream 0 at 13-Jun-2021 19:23:27.143 CEST
Begin processing the 33rd record. Run 1, Event 733, LumiSection 15 on stream 1 at 13-Jun-2021 19:23:30.624 CEST
Begin processing the 34th record. Run 1, Event 734, LumiSection 15 on stream 2 at 13-Jun-2021 19:23:33.446 CEST
Begin processing the 35th record. Run 1, Event 735, LumiSection 15 on stream 1 at 13-Jun-2021 19:24:01.752 CEST
Begin processing the 36th record. Run 1, Event 736, LumiSection 15 on stream 0 at 13-Jun-2021 19:24:03.281 CEST
Begin processing the 37th record. Run 1, Event 737, LumiSection 15 on stream 2 at 13-Jun-2021 19:24:17.168 CEST
Begin processing the 38th record. Run 1, Event 738, LumiSection 15 on stream 3 at 13-Jun-2021 19:24:29.447 CEST
Begin processing the 39th record. Run 1, Event 739, LumiSection 15 on stream 2 at 13-Jun-2021 19:24:41.472 CEST
Begin processing the 40th record. Run 1, Event 740, LumiSection 15 on stream 3 at 13-Jun-2021 19:24:52.687 CEST
Begin processing the 41st record. Run 1, Event 741, LumiSection 15 on stream 1 at 13-Jun-2021 19:25:09.289 CEST
Begin processing the 42nd record. Run 1, Event 742, LumiSection 15 on stream 0 at 13-Jun-2021 19:25:10.910 CEST
Begin processing the 43rd record. Run 1, Event 743, LumiSection 15 on stream 2 at 13-Jun-2021 19:25:16.954 CEST
Begin processing the 44th record. Run 1, Event 744, LumiSection 15 on stream 2 at 13-Jun-2021 19:26:01.139 CEST
Begin processing the 45th record. Run 1, Event 745, LumiSection 15 on stream 3 at 13-Jun-2021 19:26:10.187 CEST
Begin processing the 46th record. Run 1, Event 746, LumiSection 15 on stream 1 at 13-Jun-2021 19:26:17.245 CEST
Begin processing the 47th record. Run 1, Event 747, LumiSection 15 on stream 2 at 13-Jun-2021 19:26:34.167 CEST
Begin processing the 48th record. Run 1, Event 748, LumiSection 15 on stream 0 at 13-Jun-2021 19:26:39.620 CEST
Begin processing the 49th record. Run 1, Event 749, LumiSection 15 on stream 3 at 13-Jun-2021 19:27:07.299 CEST
Begin processing the 50th record. Run 1, Event 750, LumiSection 15 on stream 1 at 13-Jun-2021 19:27:08.875 CEST
13-Jun-2021 19:28:05 CEST  Closed file file:/eos/cms/store/user/tsarkar/wgen_Vector_MonoZLL_NLO_Mphi-500_Mchi-150_gSM-0p25_gDM-1p0_ctau1p0/RunIISummer20UL17_wmLHEGEN/210607_154001/0000/step_wgen_15.root

=============================================

MessageLogger Summary

 type     category        sev    module        subroutine        count    total
 ---- -------------------- -- ---------------- ----------------  -----    -----
    1 fileAction           -s file_close                             1        1
    2 fileAction           -s file_open                              2        2

 type    category    Examples: run/evt        run/evt          run/evt
 ---- -------------------- ---------------- ---------------- ----------------
    1 fileAction           PostGlobalEndRun                  
    2 fileAction           pre-events       pre-events       

Severity    # Occurrences   Total Occurrences
--------    -------------   -----------------
System                  3                   3

dropped waiting message count 156
