000 (7304665.000.000) 06/13 19:12:31 Job submitted from host: <137.138.44.75:9618?addrs=137.138.44.75-9618+[2001-1458-d00-1a--b]-9618&alias=bigbird14.cern.ch&noUDP&sock=schedd_3149486_02ef>
...
040 (7304665.000.000) 06/13 19:13:04 Started transferring input files
	Transferring to host: <188.184.138.196:9618?addrs=188.184.138.196-9618+[2001-1458-301-45--100-d4]-9618&alias=b7g42n0436.cern.ch&noUDP&sock=slot1_8_5382_db14_50198>
...
040 (7304665.000.000) 06/13 19:13:04 Finished transferring input files
...
001 (7304665.000.000) 06/13 19:13:05 Job executing on host: <188.184.138.196:9618?addrs=188.184.138.196-9618+[2001-1458-301-45--100-d4]-9618&alias=b7g42n0436.cern.ch&noUDP&sock=startd_4198_0eab>
...
006 (7304665.000.000) 06/13 19:13:14 Image size of job updated: 252572
	28  -  MemoryUsage of job (MB)
	27688  -  ResidentSetSize of job (KB)
...
006 (7304665.000.000) 06/13 19:18:15 Image size of job updated: 1634276
	657  -  MemoryUsage of job (MB)
	672716  -  ResidentSetSize of job (KB)
...
006 (7304665.000.000) 06/13 19:23:15 Image size of job updated: 1662968
	683  -  MemoryUsage of job (MB)
	698636  -  ResidentSetSize of job (KB)
...
006 (7304665.000.000) 06/13 19:26:44 Image size of job updated: 1765368
	683  -  MemoryUsage of job (MB)
	698636  -  ResidentSetSize of job (KB)
...
040 (7304665.000.000) 06/13 19:26:44 Started transferring output files
...
040 (7304665.000.000) 06/13 19:26:44 Finished transferring output files
...
005 (7304665.000.000) 06/13 19:26:44 Job terminated.
	(1) Normal termination (return value 0)
		Usr 0 00:29:22, Sys 0 00:00:09  -  Run Remote Usage
		Usr 0 00:00:00, Sys 0 00:00:00  -  Run Local Usage
		Usr 0 00:29:22, Sys 0 00:00:09  -  Total Remote Usage
		Usr 0 00:00:00, Sys 0 00:00:00  -  Total Local Usage
	12909  -  Run Bytes Sent By Job
	422  -  Run Bytes Received By Job
	12909  -  Total Bytes Sent By Job
	422  -  Total Bytes Received By Job
	Partitionable Resources :    Usage  Request Allocated 
	   Cpus                 :     2.22        1         1 
	   Disk (KB)            :    33           1    293084 
	   Memory (MB)          :   683        2000      2000 

	Job terminated of its own accord at 2021-06-13T17:26:44Z.
...
