000 (7304664.000.000) 06/13 19:12:30 Job submitted from host: <137.138.44.75:9618?addrs=137.138.44.75-9618+[2001-1458-d00-1a--b]-9618&alias=bigbird14.cern.ch&noUDP&sock=schedd_3149486_02ef>
...
040 (7304664.000.000) 06/13 19:13:06 Started transferring input files
	Transferring to host: <188.184.197.58:9618?addrs=188.184.197.58-9618+[2001-1458-301-103--100-1f0]-9618&alias=b7g23n3087.cern.ch&noUDP&sock=slot1_12_12639_119b_88345>
...
040 (7304664.000.000) 06/13 19:13:06 Finished transferring input files
...
001 (7304664.000.000) 06/13 19:13:07 Job executing on host: <188.184.197.58:9618?addrs=188.184.197.58-9618+[2001-1458-301-103--100-1f0]-9618&alias=b7g23n3087.cern.ch&noUDP&sock=startd_18406_9043>
...
006 (7304664.000.000) 06/13 19:13:15 Image size of job updated: 32300
	18  -  MemoryUsage of job (MB)
	17836  -  ResidentSetSize of job (KB)
...
006 (7304664.000.000) 06/13 19:18:15 Image size of job updated: 1574344
	634  -  MemoryUsage of job (MB)
	648676  -  ResidentSetSize of job (KB)
...
006 (7304664.000.000) 06/13 19:22:33 Image size of job updated: 1684936
	634  -  MemoryUsage of job (MB)
	648680  -  ResidentSetSize of job (KB)
...
040 (7304664.000.000) 06/13 19:22:33 Started transferring output files
...
040 (7304664.000.000) 06/13 19:22:33 Finished transferring output files
...
005 (7304664.000.000) 06/13 19:22:33 Job terminated.
	(1) Normal termination (return value 0)
		Usr 0 00:27:33, Sys 0 00:00:18  -  Run Remote Usage
		Usr 0 00:00:00, Sys 0 00:00:00  -  Run Local Usage
		Usr 0 00:27:33, Sys 0 00:00:18  -  Total Remote Usage
		Usr 0 00:00:00, Sys 0 00:00:00  -  Total Local Usage
	12907  -  Run Bytes Sent By Job
	422  -  Run Bytes Received By Job
	12907  -  Total Bytes Sent By Job
	422  -  Total Bytes Received By Job
	Partitionable Resources :    Usage  Request Allocated 
	   Cpus                 :     3.77        1         1 
	   Disk (KB)            :    34           1    348161 
	   Memory (MB)          :   634        2000      2000 

	Job terminated of its own accord at 2021-06-13T17:22:33Z.
...
