%MSG-i ThreadStreamSetup:  (NoModuleName) 13-Jun-2021 19:13:21 CEST pre-events
setting # threads 4
setting # streams 4
%MSG
13-Jun-2021 19:13:33 CEST  Initiating request to open file file:/eos/cms/store/user/tsarkar/wgen_Vector_MonoZLL_NLO_Mphi-500_Mchi-150_gSM-0p25_gDM-1p0_ctau1p0/RunIISummer20UL17_wmLHEGEN/210607_154001/0000/step_wgen_18.root
13-Jun-2021 19:13:36 CEST  Successfully opened file file:/eos/cms/store/user/tsarkar/wgen_Vector_MonoZLL_NLO_Mphi-500_Mchi-150_gSM-0p25_gDM-1p0_ctau1p0/RunIISummer20UL17_wmLHEGEN/210607_154001/0000/step_wgen_18.root
Begin processing the 1st record. Run 1, Event 851, LumiSection 18 on stream 3 at 13-Jun-2021 19:14:42.861 CEST
Begin processing the 2nd record. Run 1, Event 852, LumiSection 18 on stream 0 at 13-Jun-2021 19:14:42.861 CEST
Begin processing the 3rd record. Run 1, Event 853, LumiSection 18 on stream 2 at 13-Jun-2021 19:14:42.861 CEST
Begin processing the 4th record. Run 1, Event 854, LumiSection 18 on stream 1 at 13-Jun-2021 19:14:42.861 CEST
Begin processing the 5th record. Run 1, Event 855, LumiSection 18 on stream 1 at 13-Jun-2021 19:15:11.964 CEST
Begin processing the 6th record. Run 1, Event 856, LumiSection 18 on stream 2 at 13-Jun-2021 19:15:23.462 CEST
Begin processing the 7th record. Run 1, Event 857, LumiSection 18 on stream 3 at 13-Jun-2021 19:15:29.319 CEST
Begin processing the 8th record. Run 1, Event 858, LumiSection 18 on stream 0 at 13-Jun-2021 19:15:42.619 CEST
Begin processing the 9th record. Run 1, Event 859, LumiSection 18 on stream 3 at 13-Jun-2021 19:15:50.709 CEST
Begin processing the 10th record. Run 1, Event 860, LumiSection 18 on stream 3 at 13-Jun-2021 19:16:01.845 CEST
Begin processing the 11th record. Run 1, Event 861, LumiSection 18 on stream 1 at 13-Jun-2021 19:16:03.158 CEST
Begin processing the 12th record. Run 1, Event 862, LumiSection 18 on stream 2 at 13-Jun-2021 19:16:16.299 CEST
Begin processing the 13th record. Run 1, Event 863, LumiSection 18 on stream 0 at 13-Jun-2021 19:16:25.051 CEST
Begin processing the 14th record. Run 1, Event 864, LumiSection 18 on stream 3 at 13-Jun-2021 19:16:25.623 CEST
Begin processing the 15th record. Run 1, Event 865, LumiSection 18 on stream 0 at 13-Jun-2021 19:16:36.132 CEST
Begin processing the 16th record. Run 1, Event 866, LumiSection 18 on stream 1 at 13-Jun-2021 19:16:48.941 CEST
Begin processing the 17th record. Run 1, Event 867, LumiSection 18 on stream 1 at 13-Jun-2021 19:16:54.663 CEST
Begin processing the 18th record. Run 1, Event 868, LumiSection 18 on stream 2 at 13-Jun-2021 19:16:56.447 CEST
Begin processing the 19th record. Run 1, Event 869, LumiSection 18 on stream 1 at 13-Jun-2021 19:16:57.927 CEST
Begin processing the 20th record. Run 1, Event 870, LumiSection 18 on stream 3 at 13-Jun-2021 19:17:08.258 CEST
Begin processing the 21st record. Run 1, Event 871, LumiSection 18 on stream 0 at 13-Jun-2021 19:17:11.165 CEST
Begin processing the 22nd record. Run 1, Event 872, LumiSection 18 on stream 1 at 13-Jun-2021 19:17:14.650 CEST
Begin processing the 23rd record. Run 1, Event 873, LumiSection 18 on stream 0 at 13-Jun-2021 19:17:33.990 CEST
Begin processing the 24th record. Run 1, Event 874, LumiSection 18 on stream 3 at 13-Jun-2021 19:17:41.304 CEST
Begin processing the 25th record. Run 1, Event 875, LumiSection 18 on stream 1 at 13-Jun-2021 19:17:45.326 CEST
Begin processing the 26th record. Run 1, Event 876, LumiSection 18 on stream 1 at 13-Jun-2021 19:17:51.138 CEST
Begin processing the 27th record. Run 1, Event 877, LumiSection 18 on stream 2 at 13-Jun-2021 19:17:55.865 CEST
Begin processing the 28th record. Run 1, Event 878, LumiSection 18 on stream 0 at 13-Jun-2021 19:18:11.954 CEST
Begin processing the 29th record. Run 1, Event 879, LumiSection 18 on stream 1 at 13-Jun-2021 19:18:19.720 CEST
Begin processing the 30th record. Run 1, Event 880, LumiSection 18 on stream 2 at 13-Jun-2021 19:18:22.663 CEST
Begin processing the 31st record. Run 1, Event 881, LumiSection 18 on stream 3 at 13-Jun-2021 19:18:36.831 CEST
Begin processing the 32nd record. Run 1, Event 882, LumiSection 18 on stream 0 at 13-Jun-2021 19:18:38.652 CEST
Begin processing the 33rd record. Run 1, Event 883, LumiSection 18 on stream 2 at 13-Jun-2021 19:18:44.136 CEST
Begin processing the 34th record. Run 1, Event 884, LumiSection 18 on stream 0 at 13-Jun-2021 19:18:51.237 CEST
Begin processing the 35th record. Run 1, Event 885, LumiSection 18 on stream 1 at 13-Jun-2021 19:18:58.995 CEST
Begin processing the 36th record. Run 1, Event 886, LumiSection 18 on stream 3 at 13-Jun-2021 19:19:23.695 CEST
Begin processing the 37th record. Run 1, Event 887, LumiSection 18 on stream 0 at 13-Jun-2021 19:19:27.233 CEST
Begin processing the 38th record. Run 1, Event 888, LumiSection 18 on stream 1 at 13-Jun-2021 19:19:37.986 CEST
Begin processing the 39th record. Run 1, Event 889, LumiSection 18 on stream 2 at 13-Jun-2021 19:19:41.938 CEST
Begin processing the 40th record. Run 1, Event 890, LumiSection 18 on stream 1 at 13-Jun-2021 19:19:53.317 CEST
Begin processing the 41st record. Run 1, Event 891, LumiSection 18 on stream 3 at 13-Jun-2021 19:19:56.672 CEST
Begin processing the 42nd record. Run 1, Event 892, LumiSection 18 on stream 0 at 13-Jun-2021 19:20:19.724 CEST
Begin processing the 43rd record. Run 1, Event 893, LumiSection 18 on stream 1 at 13-Jun-2021 19:20:20.025 CEST
Begin processing the 44th record. Run 1, Event 894, LumiSection 18 on stream 3 at 13-Jun-2021 19:20:21.650 CEST
Begin processing the 45th record. Run 1, Event 895, LumiSection 18 on stream 2 at 13-Jun-2021 19:20:37.793 CEST
Begin processing the 46th record. Run 1, Event 896, LumiSection 18 on stream 0 at 13-Jun-2021 19:20:50.158 CEST
Begin processing the 47th record. Run 1, Event 897, LumiSection 18 on stream 1 at 13-Jun-2021 19:20:52.229 CEST
Begin processing the 48th record. Run 1, Event 898, LumiSection 18 on stream 3 at 13-Jun-2021 19:21:10.694 CEST
Begin processing the 49th record. Run 1, Event 899, LumiSection 18 on stream 2 at 13-Jun-2021 19:21:12.381 CEST
Begin processing the 50th record. Run 1, Event 900, LumiSection 18 on stream 0 at 13-Jun-2021 19:21:21.625 CEST
13-Jun-2021 19:21:43 CEST  Closed file file:/eos/cms/store/user/tsarkar/wgen_Vector_MonoZLL_NLO_Mphi-500_Mchi-150_gSM-0p25_gDM-1p0_ctau1p0/RunIISummer20UL17_wmLHEGEN/210607_154001/0000/step_wgen_18.root

=============================================

MessageLogger Summary

 type     category        sev    module        subroutine        count    total
 ---- -------------------- -- ---------------- ----------------  -----    -----
    1 fileAction           -s file_close                             1        1
    2 fileAction           -s file_open                              2        2

 type    category    Examples: run/evt        run/evt          run/evt
 ---- -------------------- ---------------- ---------------- ----------------
    1 fileAction           PostGlobalEndRun                  
    2 fileAction           pre-events       pre-events       

Severity    # Occurrences   Total Occurrences
--------    -------------   -----------------
System                  3                   3

dropped waiting message count 3
