%MSG-i ThreadStreamSetup:  (NoModuleName) 13-Jun-2021 19:13:35 CEST pre-events
setting # threads 4
setting # streams 4
%MSG
13-Jun-2021 19:13:47 CEST  Initiating request to open file file:/eos/cms/store/user/tsarkar/wgen_Vector_MonoZLL_NLO_Mphi-500_Mchi-150_gSM-0p25_gDM-1p0_ctau1p0/RunIISummer20UL17_wmLHEGEN/210607_154001/0000/step_wgen_20.root
13-Jun-2021 19:13:49 CEST  Successfully opened file file:/eos/cms/store/user/tsarkar/wgen_Vector_MonoZLL_NLO_Mphi-500_Mchi-150_gSM-0p25_gDM-1p0_ctau1p0/RunIISummer20UL17_wmLHEGEN/210607_154001/0000/step_wgen_20.root
Begin processing the 1st record. Run 1, Event 951, LumiSection 20 on stream 2 at 13-Jun-2021 19:14:57.797 CEST
Begin processing the 2nd record. Run 1, Event 952, LumiSection 20 on stream 0 at 13-Jun-2021 19:14:57.797 CEST
Begin processing the 3rd record. Run 1, Event 953, LumiSection 20 on stream 3 at 13-Jun-2021 19:14:57.797 CEST
Begin processing the 4th record. Run 1, Event 954, LumiSection 20 on stream 1 at 13-Jun-2021 19:14:57.797 CEST
Begin processing the 5th record. Run 1, Event 955, LumiSection 20 on stream 2 at 13-Jun-2021 19:15:29.469 CEST
Begin processing the 6th record. Run 1, Event 956, LumiSection 20 on stream 1 at 13-Jun-2021 19:15:30.470 CEST
Begin processing the 7th record. Run 1, Event 957, LumiSection 20 on stream 0 at 13-Jun-2021 19:15:38.329 CEST
Begin processing the 8th record. Run 1, Event 958, LumiSection 20 on stream 3 at 13-Jun-2021 19:15:43.009 CEST
Begin processing the 9th record. Run 1, Event 959, LumiSection 20 on stream 2 at 13-Jun-2021 19:16:01.891 CEST
Begin processing the 10th record. Run 1, Event 960, LumiSection 20 on stream 0 at 13-Jun-2021 19:16:12.965 CEST
Begin processing the 11th record. Run 1, Event 961, LumiSection 20 on stream 1 at 13-Jun-2021 19:16:16.523 CEST
Begin processing the 12th record. Run 1, Event 962, LumiSection 20 on stream 1 at 13-Jun-2021 19:16:26.245 CEST
Begin processing the 13th record. Run 1, Event 963, LumiSection 20 on stream 0 at 13-Jun-2021 19:16:29.798 CEST
Begin processing the 14th record. Run 1, Event 964, LumiSection 20 on stream 0 at 13-Jun-2021 19:16:43.374 CEST
Begin processing the 15th record. Run 1, Event 965, LumiSection 20 on stream 2 at 13-Jun-2021 19:16:49.444 CEST
Begin processing the 16th record. Run 1, Event 966, LumiSection 20 on stream 3 at 13-Jun-2021 19:16:51.332 CEST
Begin processing the 17th record. Run 1, Event 967, LumiSection 20 on stream 1 at 13-Jun-2021 19:17:05.954 CEST
Begin processing the 18th record. Run 1, Event 968, LumiSection 20 on stream 0 at 13-Jun-2021 19:17:08.076 CEST
Begin processing the 19th record. Run 1, Event 969, LumiSection 20 on stream 3 at 13-Jun-2021 19:17:12.186 CEST
Begin processing the 20th record. Run 1, Event 970, LumiSection 20 on stream 2 at 13-Jun-2021 19:17:31.525 CEST
Begin processing the 21st record. Run 1, Event 971, LumiSection 20 on stream 1 at 13-Jun-2021 19:17:33.952 CEST
Begin processing the 22nd record. Run 1, Event 972, LumiSection 20 on stream 0 at 13-Jun-2021 19:17:34.987 CEST
Begin processing the 23rd record. Run 1, Event 973, LumiSection 20 on stream 1 at 13-Jun-2021 19:17:42.368 CEST
Begin processing the 24th record. Run 1, Event 974, LumiSection 20 on stream 0 at 13-Jun-2021 19:17:51.100 CEST
Begin processing the 25th record. Run 1, Event 975, LumiSection 20 on stream 3 at 13-Jun-2021 19:17:51.581 CEST
Begin processing the 26th record. Run 1, Event 976, LumiSection 20 on stream 3 at 13-Jun-2021 19:18:03.622 CEST
Begin processing the 27th record. Run 1, Event 977, LumiSection 20 on stream 1 at 13-Jun-2021 19:18:08.369 CEST
Begin processing the 28th record. Run 1, Event 978, LumiSection 20 on stream 0 at 13-Jun-2021 19:18:12.894 CEST
Begin processing the 29th record. Run 1, Event 979, LumiSection 20 on stream 2 at 13-Jun-2021 19:18:13.548 CEST
Begin processing the 30th record. Run 1, Event 980, LumiSection 20 on stream 1 at 13-Jun-2021 19:18:30.059 CEST
Begin processing the 31st record. Run 1, Event 981, LumiSection 20 on stream 1 at 13-Jun-2021 19:18:34.557 CEST
Begin processing the 32nd record. Run 1, Event 982, LumiSection 20 on stream 2 at 13-Jun-2021 19:18:34.768 CEST
Begin processing the 33rd record. Run 1, Event 983, LumiSection 20 on stream 0 at 13-Jun-2021 19:18:45.612 CEST
Begin processing the 34th record. Run 1, Event 984, LumiSection 20 on stream 3 at 13-Jun-2021 19:18:55.548 CEST
Begin processing the 35th record. Run 1, Event 985, LumiSection 20 on stream 2 at 13-Jun-2021 19:18:56.546 CEST
Begin processing the 36th record. Run 1, Event 986, LumiSection 20 on stream 1 at 13-Jun-2021 19:19:02.871 CEST
Begin processing the 37th record. Run 1, Event 987, LumiSection 20 on stream 0 at 13-Jun-2021 19:19:11.127 CEST
Begin processing the 38th record. Run 1, Event 988, LumiSection 20 on stream 2 at 13-Jun-2021 19:19:17.912 CEST
Begin processing the 39th record. Run 1, Event 989, LumiSection 20 on stream 2 at 13-Jun-2021 19:19:22.136 CEST
Begin processing the 40th record. Run 1, Event 990, LumiSection 20 on stream 1 at 13-Jun-2021 19:19:32.062 CEST
Begin processing the 41st record. Run 1, Event 991, LumiSection 20 on stream 0 at 13-Jun-2021 19:19:37.810 CEST
Begin processing the 42nd record. Run 1, Event 992, LumiSection 20 on stream 3 at 13-Jun-2021 19:19:47.912 CEST
Begin processing the 43rd record. Run 1, Event 993, LumiSection 20 on stream 2 at 13-Jun-2021 19:19:48.753 CEST
Begin processing the 44th record. Run 1, Event 994, LumiSection 20 on stream 0 at 13-Jun-2021 19:19:54.202 CEST
Begin processing the 45th record. Run 1, Event 995, LumiSection 20 on stream 1 at 13-Jun-2021 19:20:00.207 CEST
Begin processing the 46th record. Run 1, Event 996, LumiSection 20 on stream 3 at 13-Jun-2021 19:20:08.533 CEST
Begin processing the 47th record. Run 1, Event 997, LumiSection 20 on stream 2 at 13-Jun-2021 19:20:15.381 CEST
Begin processing the 48th record. Run 1, Event 998, LumiSection 20 on stream 1 at 13-Jun-2021 19:20:17.566 CEST
Begin processing the 49th record. Run 1, Event 999, LumiSection 20 on stream 0 at 13-Jun-2021 19:20:20.391 CEST
Begin processing the 50th record. Run 1, Event 1000, LumiSection 20 on stream 1 at 13-Jun-2021 19:20:32.408 CEST
13-Jun-2021 19:21:03 CEST  Closed file file:/eos/cms/store/user/tsarkar/wgen_Vector_MonoZLL_NLO_Mphi-500_Mchi-150_gSM-0p25_gDM-1p0_ctau1p0/RunIISummer20UL17_wmLHEGEN/210607_154001/0000/step_wgen_20.root

=============================================

MessageLogger Summary

 type     category        sev    module        subroutine        count    total
 ---- -------------------- -- ---------------- ----------------  -----    -----
    1 fileAction           -s file_close                             1        1
    2 fileAction           -s file_open                              2        2

 type    category    Examples: run/evt        run/evt          run/evt
 ---- -------------------- ---------------- ---------------- ----------------
    1 fileAction           PostGlobalEndRun                  
    2 fileAction           pre-events       pre-events       

Severity    # Occurrences   Total Occurrences
--------    -------------   -----------------
System                  3                   3

dropped waiting message count 0
