000 (7304668.000.000) 06/13 19:12:34 Job submitted from host: <137.138.44.75:9618?addrs=137.138.44.75-9618+[2001-1458-d00-1a--b]-9618&alias=bigbird14.cern.ch&noUDP&sock=schedd_3149486_02ef>
...
040 (7304668.000.000) 06/13 19:13:06 Started transferring input files
	Transferring to host: <188.184.138.176:9618?addrs=188.184.138.176-9618+[2001-1458-301-45--100-a9]-9618&alias=b7g42n0332.cern.ch&noUDP&sock=slot1_1_4884_f840_48477>
...
040 (7304668.000.000) 06/13 19:13:06 Finished transferring input files
...
001 (7304668.000.000) 06/13 19:13:07 Job executing on host: <188.184.138.176:9618?addrs=188.184.138.176-9618+[2001-1458-301-45--100-a9]-9618&alias=b7g42n0332.cern.ch&noUDP&sock=startd_3902_06a2>
...
006 (7304668.000.000) 06/13 19:13:16 Image size of job updated: 36960
	22  -  MemoryUsage of job (MB)
	22476  -  ResidentSetSize of job (KB)
...
006 (7304668.000.000) 06/13 19:18:17 Image size of job updated: 1565144
	635  -  MemoryUsage of job (MB)
	650092  -  ResidentSetSize of job (KB)
...
006 (7304668.000.000) 06/13 19:23:17 Image size of job updated: 1593816
	721  -  MemoryUsage of job (MB)
	738048  -  ResidentSetSize of job (KB)
...
006 (7304668.000.000) 06/13 19:25:53 Image size of job updated: 1716696
	721  -  MemoryUsage of job (MB)
	738048  -  ResidentSetSize of job (KB)
...
040 (7304668.000.000) 06/13 19:25:53 Started transferring output files
...
040 (7304668.000.000) 06/13 19:25:53 Finished transferring output files
...
005 (7304668.000.000) 06/13 19:25:53 Job terminated.
	(1) Normal termination (return value 0)
		Usr 0 00:30:13, Sys 0 00:00:52  -  Run Remote Usage
		Usr 0 00:00:00, Sys 0 00:00:00  -  Run Local Usage
		Usr 0 00:30:13, Sys 0 00:00:52  -  Total Remote Usage
		Usr 0 00:00:00, Sys 0 00:00:00  -  Total Local Usage
	12907  -  Run Bytes Sent By Job
	422  -  Run Bytes Received By Job
	12907  -  Total Bytes Sent By Job
	422  -  Total Bytes Received By Job
	Partitionable Resources :    Usage  Request Allocated 
	   Cpus                 :     2.83        1         1 
	   Disk (KB)            :    33           1    288891 
	   Memory (MB)          :   721        2000      2000 

	Job terminated of its own accord at 2021-06-13T17:25:53Z.
...
