000 (7304656.000.000) 06/13 19:12:22 Job submitted from host: <137.138.44.75:9618?addrs=137.138.44.75-9618+[2001-1458-d00-1a--b]-9618&alias=bigbird14.cern.ch&noUDP&sock=schedd_3149486_02ef>
...
040 (7304656.000.000) 06/13 19:13:02 Started transferring input files
	Transferring to host: <188.184.197.146:9618?addrs=188.184.197.146-9618+[2001-1458-301-103--100-348]-9618&alias=b7g23n3791.cern.ch&noUDP&sock=slot1_4_2338_1518_41526>
...
040 (7304656.000.000) 06/13 19:13:02 Finished transferring input files
...
001 (7304656.000.000) 06/13 19:13:03 Job executing on host: <188.184.197.146:9618?addrs=188.184.197.146-9618+[2001-1458-301-103--100-348]-9618&alias=b7g23n3791.cern.ch&noUDP&sock=startd_2135_02c9>
...
006 (7304656.000.000) 06/13 19:13:12 Image size of job updated: 32708
	18  -  MemoryUsage of job (MB)
	18244  -  ResidentSetSize of job (KB)
...
006 (7304656.000.000) 06/13 19:18:14 Image size of job updated: 1641184
	632  -  MemoryUsage of job (MB)
	646920  -  ResidentSetSize of job (KB)
...
006 (7304656.000.000) 06/13 19:22:29 Image size of job updated: 1755872
	632  -  MemoryUsage of job (MB)
	646920  -  ResidentSetSize of job (KB)
...
040 (7304656.000.000) 06/13 19:22:29 Started transferring output files
...
040 (7304656.000.000) 06/13 19:22:29 Finished transferring output files
...
005 (7304656.000.000) 06/13 19:22:29 Job terminated.
	(1) Normal termination (return value 0)
		Usr 0 00:25:18, Sys 0 00:00:43  -  Run Remote Usage
		Usr 0 00:00:00, Sys 0 00:00:00  -  Run Local Usage
		Usr 0 00:25:18, Sys 0 00:00:43  -  Total Remote Usage
		Usr 0 00:00:00, Sys 0 00:00:00  -  Total Local Usage
	12805  -  Run Bytes Sent By Job
	421  -  Run Bytes Received By Job
	12805  -  Total Bytes Sent By Job
	421  -  Total Bytes Received By Job
	Partitionable Resources :    Usage  Request Allocated 
	   Cpus                 :     3.31        1         1 
	   Disk (KB)            :    33           1    349798 
	   Memory (MB)          :   632        2000      2000 

	Job terminated of its own accord at 2021-06-13T17:22:29Z.
...
