%MSG-i ThreadStreamSetup:  (NoModuleName) 13-Jun-2021 19:13:25 CEST pre-events
setting # threads 4
setting # streams 4
%MSG
13-Jun-2021 19:13:40 CEST  Initiating request to open file file:/eos/cms/store/user/tsarkar/wgen_Vector_MonoZLL_NLO_Mphi-500_Mchi-150_gSM-0p25_gDM-1p0_ctau1p0/RunIISummer20UL17_wmLHEGEN/210607_154001/0000/step_wgen_12.root
13-Jun-2021 19:13:43 CEST  Successfully opened file file:/eos/cms/store/user/tsarkar/wgen_Vector_MonoZLL_NLO_Mphi-500_Mchi-150_gSM-0p25_gDM-1p0_ctau1p0/RunIISummer20UL17_wmLHEGEN/210607_154001/0000/step_wgen_12.root
Begin processing the 1st record. Run 1, Event 551, LumiSection 12 on stream 0 at 13-Jun-2021 19:14:55.796 CEST
Begin processing the 2nd record. Run 1, Event 552, LumiSection 12 on stream 2 at 13-Jun-2021 19:14:55.797 CEST
Begin processing the 3rd record. Run 1, Event 553, LumiSection 12 on stream 3 at 13-Jun-2021 19:14:55.797 CEST
Begin processing the 4th record. Run 1, Event 554, LumiSection 12 on stream 1 at 13-Jun-2021 19:14:55.797 CEST
Begin processing the 5th record. Run 1, Event 555, LumiSection 12 on stream 1 at 13-Jun-2021 19:15:40.445 CEST
Begin processing the 6th record. Run 1, Event 556, LumiSection 12 on stream 3 at 13-Jun-2021 19:15:46.530 CEST
Begin processing the 7th record. Run 1, Event 557, LumiSection 12 on stream 3 at 13-Jun-2021 19:16:08.014 CEST
Begin processing the 8th record. Run 1, Event 558, LumiSection 12 on stream 3 at 13-Jun-2021 19:16:17.232 CEST
Begin processing the 9th record. Run 1, Event 559, LumiSection 12 on stream 2 at 13-Jun-2021 19:16:31.350 CEST
Begin processing the 10th record. Run 1, Event 560, LumiSection 12 on stream 1 at 13-Jun-2021 19:16:33.299 CEST
Begin processing the 11th record. Run 1, Event 561, LumiSection 12 on stream 0 at 13-Jun-2021 19:16:35.725 CEST
Begin processing the 12th record. Run 1, Event 562, LumiSection 12 on stream 3 at 13-Jun-2021 19:16:51.609 CEST
Begin processing the 13th record. Run 1, Event 563, LumiSection 12 on stream 0 at 13-Jun-2021 19:16:54.507 CEST
Begin processing the 14th record. Run 1, Event 564, LumiSection 12 on stream 1 at 13-Jun-2021 19:16:57.861 CEST
Begin processing the 15th record. Run 1, Event 565, LumiSection 12 on stream 0 at 13-Jun-2021 19:17:12.787 CEST
Begin processing the 16th record. Run 1, Event 566, LumiSection 12 on stream 3 at 13-Jun-2021 19:17:18.671 CEST
Begin processing the 17th record. Run 1, Event 567, LumiSection 12 on stream 3 at 13-Jun-2021 19:17:32.058 CEST
Begin processing the 18th record. Run 1, Event 568, LumiSection 12 on stream 2 at 13-Jun-2021 19:17:34.529 CEST
Begin processing the 19th record. Run 1, Event 569, LumiSection 12 on stream 0 at 13-Jun-2021 19:17:45.807 CEST
Begin processing the 20th record. Run 1, Event 570, LumiSection 12 on stream 3 at 13-Jun-2021 19:17:52.901 CEST
Begin processing the 21st record. Run 1, Event 571, LumiSection 12 on stream 1 at 13-Jun-2021 19:17:58.223 CEST
Begin processing the 22nd record. Run 1, Event 572, LumiSection 12 on stream 2 at 13-Jun-2021 19:18:14.068 CEST
Begin processing the 23rd record. Run 1, Event 573, LumiSection 12 on stream 0 at 13-Jun-2021 19:18:20.088 CEST
Begin processing the 24th record. Run 1, Event 574, LumiSection 12 on stream 3 at 13-Jun-2021 19:18:31.525 CEST
Begin processing the 25th record. Run 1, Event 575, LumiSection 12 on stream 0 at 13-Jun-2021 19:18:37.013 CEST
Begin processing the 26th record. Run 1, Event 576, LumiSection 12 on stream 1 at 13-Jun-2021 19:18:42.864 CEST
Begin processing the 27th record. Run 1, Event 577, LumiSection 12 on stream 2 at 13-Jun-2021 19:19:20.488 CEST
Begin processing the 28th record. Run 1, Event 578, LumiSection 12 on stream 0 at 13-Jun-2021 19:19:24.111 CEST
Begin processing the 29th record. Run 1, Event 579, LumiSection 12 on stream 3 at 13-Jun-2021 19:19:26.616 CEST
Begin processing the 30th record. Run 1, Event 580, LumiSection 12 on stream 1 at 13-Jun-2021 19:19:32.390 CEST
Begin processing the 31st record. Run 1, Event 581, LumiSection 12 on stream 0 at 13-Jun-2021 19:19:44.129 CEST
Begin processing the 32nd record. Run 1, Event 582, LumiSection 12 on stream 3 at 13-Jun-2021 19:19:48.941 CEST
Begin processing the 33rd record. Run 1, Event 583, LumiSection 12 on stream 3 at 13-Jun-2021 19:20:17.704 CEST
Begin processing the 34th record. Run 1, Event 584, LumiSection 12 on stream 2 at 13-Jun-2021 19:20:32.920 CEST
Begin processing the 35th record. Run 1, Event 585, LumiSection 12 on stream 0 at 13-Jun-2021 19:20:42.947 CEST
Begin processing the 36th record. Run 1, Event 586, LumiSection 12 on stream 1 at 13-Jun-2021 19:20:44.063 CEST
Begin processing the 37th record. Run 1, Event 587, LumiSection 12 on stream 3 at 13-Jun-2021 19:20:58.968 CEST
Begin processing the 38th record. Run 1, Event 588, LumiSection 12 on stream 0 at 13-Jun-2021 19:21:24.039 CEST
Begin processing the 39th record. Run 1, Event 589, LumiSection 12 on stream 2 at 13-Jun-2021 19:21:24.676 CEST
Begin processing the 40th record. Run 1, Event 590, LumiSection 12 on stream 3 at 13-Jun-2021 19:21:30.745 CEST
Begin processing the 41st record. Run 1, Event 591, LumiSection 12 on stream 2 at 13-Jun-2021 19:21:52.446 CEST
Begin processing the 42nd record. Run 1, Event 592, LumiSection 12 on stream 1 at 13-Jun-2021 19:21:54.838 CEST
Begin processing the 43rd record. Run 1, Event 593, LumiSection 12 on stream 3 at 13-Jun-2021 19:22:13.906 CEST
Begin processing the 44th record. Run 1, Event 594, LumiSection 12 on stream 1 at 13-Jun-2021 19:22:15.272 CEST
Begin processing the 45th record. Run 1, Event 595, LumiSection 12 on stream 0 at 13-Jun-2021 19:22:24.371 CEST
Begin processing the 46th record. Run 1, Event 596, LumiSection 12 on stream 3 at 13-Jun-2021 19:22:27.550 CEST
Begin processing the 47th record. Run 1, Event 597, LumiSection 12 on stream 1 at 13-Jun-2021 19:22:29.385 CEST
Begin processing the 48th record. Run 1, Event 598, LumiSection 12 on stream 3 at 13-Jun-2021 19:22:39.329 CEST
Begin processing the 49th record. Run 1, Event 599, LumiSection 12 on stream 2 at 13-Jun-2021 19:22:41.464 CEST
Begin processing the 50th record. Run 1, Event 600, LumiSection 12 on stream 3 at 13-Jun-2021 19:23:07.235 CEST
13-Jun-2021 19:23:44 CEST  Closed file file:/eos/cms/store/user/tsarkar/wgen_Vector_MonoZLL_NLO_Mphi-500_Mchi-150_gSM-0p25_gDM-1p0_ctau1p0/RunIISummer20UL17_wmLHEGEN/210607_154001/0000/step_wgen_12.root

=============================================

MessageLogger Summary

 type     category        sev    module        subroutine        count    total
 ---- -------------------- -- ---------------- ----------------  -----    -----
    1 fileAction           -s file_close                             1        1
    2 fileAction           -s file_open                              2        2

 type    category    Examples: run/evt        run/evt          run/evt
 ---- -------------------- ---------------- ---------------- ----------------
    1 fileAction           End Run: 1                        
    2 fileAction           pre-events       pre-events       

Severity    # Occurrences   Total Occurrences
--------    -------------   -----------------
System                  3                   3

dropped waiting message count 1237
