%MSG-i ThreadStreamSetup:  (NoModuleName) 13-Jun-2021 19:13:13 CEST pre-events
setting # threads 4
setting # streams 4
%MSG
13-Jun-2021 19:13:26 CEST  Initiating request to open file file:/eos/cms/store/user/tsarkar/wgen_Vector_MonoZLL_NLO_Mphi-500_Mchi-150_gSM-0p25_gDM-1p0_ctau1p0/RunIISummer20UL17_wmLHEGEN/210607_154001/0000/step_wgen_4.root
13-Jun-2021 19:13:30 CEST  Successfully opened file file:/eos/cms/store/user/tsarkar/wgen_Vector_MonoZLL_NLO_Mphi-500_Mchi-150_gSM-0p25_gDM-1p0_ctau1p0/RunIISummer20UL17_wmLHEGEN/210607_154001/0000/step_wgen_4.root
Begin processing the 1st record. Run 1, Event 151, LumiSection 4 on stream 0 at 13-Jun-2021 19:14:29.372 CEST
Begin processing the 2nd record. Run 1, Event 152, LumiSection 4 on stream 3 at 13-Jun-2021 19:14:29.372 CEST
Begin processing the 3rd record. Run 1, Event 153, LumiSection 4 on stream 1 at 13-Jun-2021 19:14:29.372 CEST
Begin processing the 4th record. Run 1, Event 154, LumiSection 4 on stream 2 at 13-Jun-2021 19:14:29.372 CEST
Begin processing the 5th record. Run 1, Event 155, LumiSection 4 on stream 3 at 13-Jun-2021 19:15:23.175 CEST
Begin processing the 6th record. Run 1, Event 156, LumiSection 4 on stream 0 at 13-Jun-2021 19:15:58.943 CEST
Begin processing the 7th record. Run 1, Event 157, LumiSection 4 on stream 1 at 13-Jun-2021 19:16:21.385 CEST
Begin processing the 8th record. Run 1, Event 158, LumiSection 4 on stream 3 at 13-Jun-2021 19:16:21.721 CEST
Begin processing the 9th record. Run 1, Event 159, LumiSection 4 on stream 1 at 13-Jun-2021 19:16:43.449 CEST
Begin processing the 10th record. Run 1, Event 160, LumiSection 4 on stream 0 at 13-Jun-2021 19:17:07.368 CEST
Begin processing the 11th record. Run 1, Event 161, LumiSection 4 on stream 2 at 13-Jun-2021 19:17:27.329 CEST
Begin processing the 12th record. Run 1, Event 162, LumiSection 4 on stream 2 at 13-Jun-2021 19:17:33.975 CEST
Begin processing the 13th record. Run 1, Event 163, LumiSection 4 on stream 1 at 13-Jun-2021 19:17:46.980 CEST
Begin processing the 14th record. Run 1, Event 164, LumiSection 4 on stream 2 at 13-Jun-2021 19:18:06.415 CEST
Begin processing the 15th record. Run 1, Event 165, LumiSection 4 on stream 3 at 13-Jun-2021 19:18:23.195 CEST
Begin processing the 16th record. Run 1, Event 166, LumiSection 4 on stream 0 at 13-Jun-2021 19:18:45.556 CEST
Begin processing the 17th record. Run 1, Event 167, LumiSection 4 on stream 3 at 13-Jun-2021 19:18:57.026 CEST
Begin processing the 18th record. Run 1, Event 168, LumiSection 4 on stream 1 at 13-Jun-2021 19:19:09.596 CEST
Begin processing the 19th record. Run 1, Event 169, LumiSection 4 on stream 2 at 13-Jun-2021 19:19:16.326 CEST
Begin processing the 20th record. Run 1, Event 170, LumiSection 4 on stream 3 at 13-Jun-2021 19:19:57.791 CEST
Begin processing the 21st record. Run 1, Event 171, LumiSection 4 on stream 0 at 13-Jun-2021 19:20:15.895 CEST
Begin processing the 22nd record. Run 1, Event 172, LumiSection 4 on stream 1 at 13-Jun-2021 19:20:37.427 CEST
Begin processing the 23rd record. Run 1, Event 173, LumiSection 4 on stream 3 at 13-Jun-2021 19:20:42.474 CEST
Begin processing the 24th record. Run 1, Event 174, LumiSection 4 on stream 2 at 13-Jun-2021 19:20:45.687 CEST
Begin processing the 25th record. Run 1, Event 175, LumiSection 4 on stream 0 at 13-Jun-2021 19:21:07.322 CEST
Begin processing the 26th record. Run 1, Event 176, LumiSection 4 on stream 3 at 13-Jun-2021 19:21:38.123 CEST
Begin processing the 27th record. Run 1, Event 177, LumiSection 4 on stream 1 at 13-Jun-2021 19:22:26.517 CEST
Begin processing the 28th record. Run 1, Event 178, LumiSection 4 on stream 2 at 13-Jun-2021 19:22:28.064 CEST
Begin processing the 29th record. Run 1, Event 179, LumiSection 4 on stream 0 at 13-Jun-2021 19:22:37.398 CEST
Begin processing the 30th record. Run 1, Event 180, LumiSection 4 on stream 1 at 13-Jun-2021 19:22:52.291 CEST
Begin processing the 31st record. Run 1, Event 181, LumiSection 4 on stream 3 at 13-Jun-2021 19:23:08.915 CEST
Begin processing the 32nd record. Run 1, Event 182, LumiSection 4 on stream 0 at 13-Jun-2021 19:23:23.816 CEST
Begin processing the 33rd record. Run 1, Event 183, LumiSection 4 on stream 1 at 13-Jun-2021 19:23:24.497 CEST
Begin processing the 34th record. Run 1, Event 184, LumiSection 4 on stream 2 at 13-Jun-2021 19:23:37.794 CEST
Begin processing the 35th record. Run 1, Event 185, LumiSection 4 on stream 3 at 13-Jun-2021 19:23:39.144 CEST
Begin processing the 36th record. Run 1, Event 186, LumiSection 4 on stream 0 at 13-Jun-2021 19:24:14.133 CEST
Begin processing the 37th record. Run 1, Event 187, LumiSection 4 on stream 2 at 13-Jun-2021 19:24:18.174 CEST
Begin processing the 38th record. Run 1, Event 188, LumiSection 4 on stream 1 at 13-Jun-2021 19:24:20.811 CEST
Begin processing the 39th record. Run 1, Event 189, LumiSection 4 on stream 3 at 13-Jun-2021 19:24:28.209 CEST
Begin processing the 40th record. Run 1, Event 190, LumiSection 4 on stream 0 at 13-Jun-2021 19:24:51.213 CEST
Begin processing the 41st record. Run 1, Event 191, LumiSection 4 on stream 0 at 13-Jun-2021 19:25:02.317 CEST
Begin processing the 42nd record. Run 1, Event 192, LumiSection 4 on stream 1 at 13-Jun-2021 19:25:42.632 CEST
Begin processing the 43rd record. Run 1, Event 193, LumiSection 4 on stream 2 at 13-Jun-2021 19:25:58.452 CEST
Begin processing the 44th record. Run 1, Event 194, LumiSection 4 on stream 3 at 13-Jun-2021 19:26:05.392 CEST
Begin processing the 45th record. Run 1, Event 195, LumiSection 4 on stream 0 at 13-Jun-2021 19:26:29.964 CEST
Begin processing the 46th record. Run 1, Event 196, LumiSection 4 on stream 2 at 13-Jun-2021 19:26:50.412 CEST
Begin processing the 47th record. Run 1, Event 197, LumiSection 4 on stream 3 at 13-Jun-2021 19:27:18.471 CEST
Begin processing the 48th record. Run 1, Event 198, LumiSection 4 on stream 0 at 13-Jun-2021 19:27:29.285 CEST
Begin processing the 49th record. Run 1, Event 199, LumiSection 4 on stream 2 at 13-Jun-2021 19:27:39.270 CEST
Begin processing the 50th record. Run 1, Event 200, LumiSection 4 on stream 1 at 13-Jun-2021 19:27:54.043 CEST
13-Jun-2021 19:28:35 CEST  Closed file file:/eos/cms/store/user/tsarkar/wgen_Vector_MonoZLL_NLO_Mphi-500_Mchi-150_gSM-0p25_gDM-1p0_ctau1p0/RunIISummer20UL17_wmLHEGEN/210607_154001/0000/step_wgen_4.root

=============================================

MessageLogger Summary

 type     category        sev    module        subroutine        count    total
 ---- -------------------- -- ---------------- ----------------  -----    -----
    1 fileAction           -s file_close                             1        1
    2 fileAction           -s file_open                              2        2

 type    category    Examples: run/evt        run/evt          run/evt
 ---- -------------------- ---------------- ---------------- ----------------
    1 fileAction           PostGlobalEndRun                  
    2 fileAction           pre-events       pre-events       

Severity    # Occurrences   Total Occurrences
--------    -------------   -----------------
System                  3                   3

dropped waiting message count 0
