000 (7304662.000.000) 06/13 19:12:28 Job submitted from host: <137.138.44.75:9618?addrs=137.138.44.75-9618+[2001-1458-d00-1a--b]-9618&alias=bigbird14.cern.ch&noUDP&sock=schedd_3149486_02ef>
...
040 (7304662.000.000) 06/13 19:13:21 Started transferring input files
	Transferring to host: <188.184.197.59:9618?addrs=188.184.197.59-9618+[2001-1458-301-103--100-406]-9618&alias=b7g23n3474.cern.ch&noUDP&sock=slot1_11_24159_f36f_91275>
...
040 (7304662.000.000) 06/13 19:13:21 Finished transferring input files
...
001 (7304662.000.000) 06/13 19:13:22 Job executing on host: <188.184.197.59:9618?addrs=188.184.197.59-9618+[2001-1458-301-103--100-406]-9618&alias=b7g23n3474.cern.ch&noUDP&sock=startd_18733_dbbb>
...
006 (7304662.000.000) 06/13 19:13:30 Image size of job updated: 24872
	11  -  MemoryUsage of job (MB)
	11260  -  ResidentSetSize of job (KB)
...
006 (7304662.000.000) 06/13 19:18:30 Image size of job updated: 1574112
	630  -  MemoryUsage of job (MB)
	645072  -  ResidentSetSize of job (KB)
...
006 (7304662.000.000) 06/13 19:23:31 Image size of job updated: 1717472
	672  -  MemoryUsage of job (MB)
	687416  -  ResidentSetSize of job (KB)
...
006 (7304662.000.000) 06/13 19:27:21 Image size of job updated: 1815804
	672  -  MemoryUsage of job (MB)
	687416  -  ResidentSetSize of job (KB)
...
040 (7304662.000.000) 06/13 19:27:21 Started transferring output files
...
040 (7304662.000.000) 06/13 19:27:21 Finished transferring output files
...
005 (7304662.000.000) 06/13 19:27:22 Job terminated.
	(1) Normal termination (return value 0)
		Usr 0 00:28:39, Sys 0 00:00:11  -  Run Remote Usage
		Usr 0 00:00:00, Sys 0 00:00:00  -  Run Local Usage
		Usr 0 00:28:39, Sys 0 00:00:11  -  Total Remote Usage
		Usr 0 00:00:00, Sys 0 00:00:00  -  Total Local Usage
	12854  -  Run Bytes Sent By Job
	421  -  Run Bytes Received By Job
	12854  -  Total Bytes Sent By Job
	421  -  Total Bytes Received By Job
	Partitionable Resources :    Usage  Request Allocated 
	   Cpus                 :     2.89        1         1 
	   Disk (KB)            :    33           1    339507 
	   Memory (MB)          :   672        2000      2000 

	Job terminated of its own accord at 2021-06-13T17:27:21Z.
...
