%MSG-i ThreadStreamSetup:  (NoModuleName) 13-Jun-2021 19:13:30 CEST pre-events
setting # threads 4
setting # streams 4
%MSG
13-Jun-2021 19:13:51 CEST  Initiating request to open file file:/eos/cms/store/user/tsarkar/wgen_Vector_MonoZLL_NLO_Mphi-500_Mchi-150_gSM-0p25_gDM-1p0_ctau1p0/RunIISummer20UL17_wmLHEGEN/210607_154001/0000/step_wgen_9.root
13-Jun-2021 19:13:55 CEST  Successfully opened file file:/eos/cms/store/user/tsarkar/wgen_Vector_MonoZLL_NLO_Mphi-500_Mchi-150_gSM-0p25_gDM-1p0_ctau1p0/RunIISummer20UL17_wmLHEGEN/210607_154001/0000/step_wgen_9.root
Begin processing the 1st record. Run 1, Event 401, LumiSection 9 on stream 0 at 13-Jun-2021 19:15:06.038 CEST
Begin processing the 2nd record. Run 1, Event 402, LumiSection 9 on stream 2 at 13-Jun-2021 19:15:06.038 CEST
Begin processing the 3rd record. Run 1, Event 403, LumiSection 9 on stream 3 at 13-Jun-2021 19:15:06.038 CEST
Begin processing the 4th record. Run 1, Event 404, LumiSection 9 on stream 1 at 13-Jun-2021 19:15:06.038 CEST
Begin processing the 5th record. Run 1, Event 405, LumiSection 9 on stream 0 at 13-Jun-2021 19:15:50.592 CEST
Begin processing the 6th record. Run 1, Event 406, LumiSection 9 on stream 3 at 13-Jun-2021 19:16:05.812 CEST
Begin processing the 7th record. Run 1, Event 407, LumiSection 9 on stream 2 at 13-Jun-2021 19:16:16.574 CEST
Begin processing the 8th record. Run 1, Event 408, LumiSection 9 on stream 0 at 13-Jun-2021 19:16:39.643 CEST
Begin processing the 9th record. Run 1, Event 409, LumiSection 9 on stream 1 at 13-Jun-2021 19:16:46.343 CEST
Begin processing the 10th record. Run 1, Event 410, LumiSection 9 on stream 2 at 13-Jun-2021 19:17:05.195 CEST
Begin processing the 11th record. Run 1, Event 411, LumiSection 9 on stream 3 at 13-Jun-2021 19:17:11.688 CEST
Begin processing the 12th record. Run 1, Event 412, LumiSection 9 on stream 0 at 13-Jun-2021 19:17:49.823 CEST
Begin processing the 13th record. Run 1, Event 413, LumiSection 9 on stream 2 at 13-Jun-2021 19:17:51.988 CEST
Begin processing the 14th record. Run 1, Event 414, LumiSection 9 on stream 1 at 13-Jun-2021 19:17:59.077 CEST
Begin processing the 15th record. Run 1, Event 415, LumiSection 9 on stream 3 at 13-Jun-2021 19:18:38.149 CEST
Begin processing the 16th record. Run 1, Event 416, LumiSection 9 on stream 0 at 13-Jun-2021 19:18:51.154 CEST
Begin processing the 17th record. Run 1, Event 417, LumiSection 9 on stream 2 at 13-Jun-2021 19:18:59.538 CEST
Begin processing the 18th record. Run 1, Event 418, LumiSection 9 on stream 0 at 13-Jun-2021 19:19:00.656 CEST
Begin processing the 19th record. Run 1, Event 419, LumiSection 9 on stream 1 at 13-Jun-2021 19:19:02.395 CEST
Begin processing the 20th record. Run 1, Event 420, LumiSection 9 on stream 3 at 13-Jun-2021 19:19:36.496 CEST
Begin processing the 21st record. Run 1, Event 421, LumiSection 9 on stream 2 at 13-Jun-2021 19:19:38.453 CEST
Begin processing the 22nd record. Run 1, Event 422, LumiSection 9 on stream 1 at 13-Jun-2021 19:19:52.511 CEST
Begin processing the 23rd record. Run 1, Event 423, LumiSection 9 on stream 0 at 13-Jun-2021 19:20:03.187 CEST
Begin processing the 24th record. Run 1, Event 424, LumiSection 9 on stream 3 at 13-Jun-2021 19:20:18.667 CEST
Begin processing the 25th record. Run 1, Event 425, LumiSection 9 on stream 0 at 13-Jun-2021 19:20:37.248 CEST
Begin processing the 26th record. Run 1, Event 426, LumiSection 9 on stream 2 at 13-Jun-2021 19:20:38.452 CEST
Begin processing the 27th record. Run 1, Event 427, LumiSection 9 on stream 1 at 13-Jun-2021 19:20:59.666 CEST
Begin processing the 28th record. Run 1, Event 428, LumiSection 9 on stream 3 at 13-Jun-2021 19:21:04.091 CEST
Begin processing the 29th record. Run 1, Event 429, LumiSection 9 on stream 2 at 13-Jun-2021 19:21:14.257 CEST
Begin processing the 30th record. Run 1, Event 430, LumiSection 9 on stream 2 at 13-Jun-2021 19:21:45.854 CEST
Begin processing the 31st record. Run 1, Event 431, LumiSection 9 on stream 3 at 13-Jun-2021 19:21:46.972 CEST
Begin processing the 32nd record. Run 1, Event 432, LumiSection 9 on stream 0 at 13-Jun-2021 19:21:52.144 CEST
Begin processing the 33rd record. Run 1, Event 433, LumiSection 9 on stream 1 at 13-Jun-2021 19:22:09.982 CEST
Begin processing the 34th record. Run 1, Event 434, LumiSection 9 on stream 2 at 13-Jun-2021 19:22:34.805 CEST
Begin processing the 35th record. Run 1, Event 435, LumiSection 9 on stream 0 at 13-Jun-2021 19:22:35.865 CEST
Begin processing the 36th record. Run 1, Event 436, LumiSection 9 on stream 2 at 13-Jun-2021 19:23:00.418 CEST
Begin processing the 37th record. Run 1, Event 437, LumiSection 9 on stream 3 at 13-Jun-2021 19:23:34.349 CEST
Begin processing the 38th record. Run 1, Event 438, LumiSection 9 on stream 1 at 13-Jun-2021 19:23:35.559 CEST
Begin processing the 39th record. Run 1, Event 439, LumiSection 9 on stream 0 at 13-Jun-2021 19:23:37.281 CEST
Begin processing the 40th record. Run 1, Event 440, LumiSection 9 on stream 3 at 13-Jun-2021 19:24:23.043 CEST
Begin processing the 41st record. Run 1, Event 441, LumiSection 9 on stream 2 at 13-Jun-2021 19:24:32.929 CEST
Begin processing the 42nd record. Run 1, Event 442, LumiSection 9 on stream 1 at 13-Jun-2021 19:24:35.630 CEST
Begin processing the 43rd record. Run 1, Event 443, LumiSection 9 on stream 0 at 13-Jun-2021 19:25:13.104 CEST
Begin processing the 44th record. Run 1, Event 444, LumiSection 9 on stream 2 at 13-Jun-2021 19:25:29.739 CEST
Begin processing the 45th record. Run 1, Event 445, LumiSection 9 on stream 3 at 13-Jun-2021 19:25:31.833 CEST
Begin processing the 46th record. Run 1, Event 446, LumiSection 9 on stream 0 at 13-Jun-2021 19:25:59.253 CEST
Begin processing the 47th record. Run 1, Event 447, LumiSection 9 on stream 1 at 13-Jun-2021 19:26:44.332 CEST
Begin processing the 48th record. Run 1, Event 448, LumiSection 9 on stream 2 at 13-Jun-2021 19:26:45.199 CEST
Begin processing the 49th record. Run 1, Event 449, LumiSection 9 on stream 0 at 13-Jun-2021 19:26:51.327 CEST
Begin processing the 50th record. Run 1, Event 450, LumiSection 9 on stream 3 at 13-Jun-2021 19:26:54.292 CEST
13-Jun-2021 19:28:06 CEST  Closed file file:/eos/cms/store/user/tsarkar/wgen_Vector_MonoZLL_NLO_Mphi-500_Mchi-150_gSM-0p25_gDM-1p0_ctau1p0/RunIISummer20UL17_wmLHEGEN/210607_154001/0000/step_wgen_9.root

=============================================

MessageLogger Summary

 type     category        sev    module        subroutine        count    total
 ---- -------------------- -- ---------------- ----------------  -----    -----
    1 fileAction           -s file_close                             1        1
    2 fileAction           -s file_open                              2        2

 type    category    Examples: run/evt        run/evt          run/evt
 ---- -------------------- ---------------- ---------------- ----------------
    1 fileAction           PostGlobalEndRun                  
    2 fileAction           pre-events       pre-events       

Severity    # Occurrences   Total Occurrences
--------    -------------   -----------------
System                  3                   3

dropped waiting message count 0
