%MSG-i ThreadStreamSetup:  (NoModuleName) 13-Jun-2021 19:13:20 CEST pre-events
setting # threads 4
setting # streams 4
%MSG
13-Jun-2021 19:13:33 CEST  Initiating request to open file file:/eos/cms/store/user/tsarkar/wgen_Vector_MonoZLL_NLO_Mphi-500_Mchi-150_gSM-0p25_gDM-1p0_ctau1p0/RunIISummer20UL17_wmLHEGEN/210607_154001/0000/step_wgen_14.root
13-Jun-2021 19:13:36 CEST  Successfully opened file file:/eos/cms/store/user/tsarkar/wgen_Vector_MonoZLL_NLO_Mphi-500_Mchi-150_gSM-0p25_gDM-1p0_ctau1p0/RunIISummer20UL17_wmLHEGEN/210607_154001/0000/step_wgen_14.root
Begin processing the 1st record. Run 1, Event 651, LumiSection 14 on stream 0 at 13-Jun-2021 19:15:26.799 CEST
Begin processing the 2nd record. Run 1, Event 652, LumiSection 14 on stream 3 at 13-Jun-2021 19:15:26.799 CEST
Begin processing the 3rd record. Run 1, Event 653, LumiSection 14 on stream 2 at 13-Jun-2021 19:15:26.799 CEST
Begin processing the 4th record. Run 1, Event 654, LumiSection 14 on stream 1 at 13-Jun-2021 19:15:26.799 CEST
Begin processing the 5th record. Run 1, Event 655, LumiSection 14 on stream 3 at 13-Jun-2021 19:16:23.550 CEST
Begin processing the 6th record. Run 1, Event 656, LumiSection 14 on stream 2 at 13-Jun-2021 19:16:27.114 CEST
Begin processing the 7th record. Run 1, Event 657, LumiSection 14 on stream 0 at 13-Jun-2021 19:16:35.312 CEST
Begin processing the 8th record. Run 1, Event 658, LumiSection 14 on stream 1 at 13-Jun-2021 19:16:36.226 CEST
Begin processing the 9th record. Run 1, Event 659, LumiSection 14 on stream 3 at 13-Jun-2021 19:16:44.836 CEST
Begin processing the 10th record. Run 1, Event 660, LumiSection 14 on stream 2 at 13-Jun-2021 19:17:03.501 CEST
Begin processing the 11th record. Run 1, Event 661, LumiSection 14 on stream 0 at 13-Jun-2021 19:17:14.100 CEST
Begin processing the 12th record. Run 1, Event 662, LumiSection 14 on stream 1 at 13-Jun-2021 19:17:18.916 CEST
Begin processing the 13th record. Run 1, Event 663, LumiSection 14 on stream 3 at 13-Jun-2021 19:17:58.501 CEST
Begin processing the 14th record. Run 1, Event 664, LumiSection 14 on stream 1 at 13-Jun-2021 19:17:58.745 CEST
Begin processing the 15th record. Run 1, Event 665, LumiSection 14 on stream 2 at 13-Jun-2021 19:18:20.535 CEST
Begin processing the 16th record. Run 1, Event 666, LumiSection 14 on stream 0 at 13-Jun-2021 19:18:29.436 CEST
Begin processing the 17th record. Run 1, Event 667, LumiSection 14 on stream 1 at 13-Jun-2021 19:18:39.568 CEST
Begin processing the 18th record. Run 1, Event 668, LumiSection 14 on stream 0 at 13-Jun-2021 19:18:54.650 CEST
Begin processing the 19th record. Run 1, Event 669, LumiSection 14 on stream 1 at 13-Jun-2021 19:19:00.644 CEST
Begin processing the 20th record. Run 1, Event 670, LumiSection 14 on stream 3 at 13-Jun-2021 19:19:04.837 CEST
Begin processing the 21st record. Run 1, Event 671, LumiSection 14 on stream 2 at 13-Jun-2021 19:19:27.444 CEST
Begin processing the 22nd record. Run 1, Event 672, LumiSection 14 on stream 1 at 13-Jun-2021 19:19:45.669 CEST
Begin processing the 23rd record. Run 1, Event 673, LumiSection 14 on stream 0 at 13-Jun-2021 19:19:52.456 CEST
Begin processing the 24th record. Run 1, Event 674, LumiSection 14 on stream 3 at 13-Jun-2021 19:20:10.995 CEST
Begin processing the 25th record. Run 1, Event 675, LumiSection 14 on stream 0 at 13-Jun-2021 19:20:17.616 CEST
Begin processing the 26th record. Run 1, Event 676, LumiSection 14 on stream 2 at 13-Jun-2021 19:20:30.373 CEST
Begin processing the 27th record. Run 1, Event 677, LumiSection 14 on stream 1 at 13-Jun-2021 19:20:52.439 CEST
Begin processing the 28th record. Run 1, Event 678, LumiSection 14 on stream 2 at 13-Jun-2021 19:20:53.216 CEST
Begin processing the 29th record. Run 1, Event 679, LumiSection 14 on stream 0 at 13-Jun-2021 19:21:01.773 CEST
Begin processing the 30th record. Run 1, Event 680, LumiSection 14 on stream 3 at 13-Jun-2021 19:21:22.718 CEST
Begin processing the 31st record. Run 1, Event 681, LumiSection 14 on stream 2 at 13-Jun-2021 19:21:38.211 CEST
Begin processing the 32nd record. Run 1, Event 682, LumiSection 14 on stream 3 at 13-Jun-2021 19:21:54.002 CEST
Begin processing the 33rd record. Run 1, Event 683, LumiSection 14 on stream 0 at 13-Jun-2021 19:21:55.773 CEST
Begin processing the 34th record. Run 1, Event 684, LumiSection 14 on stream 2 at 13-Jun-2021 19:21:56.930 CEST
Begin processing the 35th record. Run 1, Event 685, LumiSection 14 on stream 1 at 13-Jun-2021 19:22:25.297 CEST
Begin processing the 36th record. Run 1, Event 686, LumiSection 14 on stream 3 at 13-Jun-2021 19:22:43.601 CEST
Begin processing the 37th record. Run 1, Event 687, LumiSection 14 on stream 0 at 13-Jun-2021 19:22:44.268 CEST
Begin processing the 38th record. Run 1, Event 688, LumiSection 14 on stream 2 at 13-Jun-2021 19:23:16.816 CEST
Begin processing the 39th record. Run 1, Event 689, LumiSection 14 on stream 0 at 13-Jun-2021 19:23:28.216 CEST
Begin processing the 40th record. Run 1, Event 690, LumiSection 14 on stream 2 at 13-Jun-2021 19:23:32.984 CEST
Begin processing the 41st record. Run 1, Event 691, LumiSection 14 on stream 1 at 13-Jun-2021 19:23:33.831 CEST
Begin processing the 42nd record. Run 1, Event 692, LumiSection 14 on stream 3 at 13-Jun-2021 19:23:37.974 CEST
Begin processing the 43rd record. Run 1, Event 693, LumiSection 14 on stream 2 at 13-Jun-2021 19:23:50.457 CEST
Begin processing the 44th record. Run 1, Event 694, LumiSection 14 on stream 3 at 13-Jun-2021 19:23:57.341 CEST
Begin processing the 45th record. Run 1, Event 695, LumiSection 14 on stream 2 at 13-Jun-2021 19:24:04.101 CEST
Begin processing the 46th record. Run 1, Event 696, LumiSection 14 on stream 2 at 13-Jun-2021 19:24:40.425 CEST
Begin processing the 47th record. Run 1, Event 697, LumiSection 14 on stream 1 at 13-Jun-2021 19:24:43.100 CEST
Begin processing the 48th record. Run 1, Event 698, LumiSection 14 on stream 3 at 13-Jun-2021 19:24:45.354 CEST
Begin processing the 49th record. Run 1, Event 699, LumiSection 14 on stream 0 at 13-Jun-2021 19:24:46.691 CEST
Begin processing the 50th record. Run 1, Event 700, LumiSection 14 on stream 2 at 13-Jun-2021 19:24:56.417 CEST
13-Jun-2021 19:25:51 CEST  Closed file file:/eos/cms/store/user/tsarkar/wgen_Vector_MonoZLL_NLO_Mphi-500_Mchi-150_gSM-0p25_gDM-1p0_ctau1p0/RunIISummer20UL17_wmLHEGEN/210607_154001/0000/step_wgen_14.root

=============================================

MessageLogger Summary

 type     category        sev    module        subroutine        count    total
 ---- -------------------- -- ---------------- ----------------  -----    -----
    1 fileAction           -s file_close                             1        1
    2 fileAction           -s file_open                              2        2

 type    category    Examples: run/evt        run/evt          run/evt
 ---- -------------------- ---------------- ---------------- ----------------
    1 fileAction           PostGlobalEndRun                  
    2 fileAction           pre-events       pre-events       

Severity    # Occurrences   Total Occurrences
--------    -------------   -----------------
System                  3                   3

dropped waiting message count 0
